
   OpenMP run-time library returned nthreads = 16

 ridft (s02r2b68) : TURBOMOLE rev. V7-8-1 compiled 26 Feb 2024 at 17:12:58
 Copyright (C) 2024 TURBOMOLE GmbH, Karlsruhe


    2026-04-16 05:35:30.722 



                                  r i d f t

                        DFT program with RI approximation 
                                for coulomb part 





                                 References:     
                                                 
          TURBOMOLE:                             
              R. Ahlrichs, M. Baer, M. Haeser, H. Horn, and
              C. Koelmel
              Electronic structure calculations on workstation
              computers: the program system TURBOMOLE
              Chem. Phys. Lett. 162: 165 (1989)
          Density Functional:                              
              O. Treutler and R. Ahlrichs                      
              Efficient Molecular Numerical Integration Schemes
              J. Chem. Phys. 102: 346 (1995)                   
          Parallel Version:                                
              Performance of parallel TURBOMOLE for Density    
              Functional Calculations                          
              M. v. Arnim and R. Ahlrichs                      
              J. Comp. Chem. 19: 1746 (1998)                   
          RI-J Method:                                     
              Auxiliary Basis Sets to approximate Coulomb      
              Potentials                                       
              Chem. Phys. Lett. 240: 283 (1995)                
              K. Eichkorn, O. Treutler, H. Oehm, M. Haeser     
              and R. Ahlrichs                                  
              Chem. Phys. Lett. 242: 652 (1995)                
                                                           
              Auxiliary Basis Sets for Main Row Atoms and their
              Use to approximate Coulomb Potentials            
              K. Eichkorn, F. Weigend, O. Treutler and         
              R. Ahlrichs                                      
              Theo. Chem. Acc. 97: 119 (1997)                  
                                                           
              Accurate Coulomb-fitting basis sets for H to Rn 
              F. Weigend                                       
              Phys. Chem. Chem. Phys. 8: 1057 (2006)           
                                                           
          Multipole accelerated RI-J (MARI-J):             
              Fast evaluation of the Coulomb potential for     
              electron densities using multipole accelerated   
              resolution of identity approximation             
              M. Sierka, A. Hogekamp and R. Ahlrichs           
              J. Chem. Phys. 118: 9136 (2003)                  
          RI-JK Method:                                     
              A fully direct RI-HF algorithm: Implementation,
              optimised auxiliary basis sets, demonstration of
              accuracy and efficiency                         
              F. Weigend                                      
              Phys. Chem. Chem. Phys. 4: 4285 (2002)           
          Two-component HF and DFT with spin-orbit coupling:  
              Self-consistent treatment of spin-orbit         
              interactions with efficient Hartree-Fock and    
              density functional methods                      
              M. K. Armbruster, F. Weigend, C. van Wüllen and 
              W. Klopper                                      
              Phys. Chem. Chem. Phys. 10: 1748 (2008)         
          Two-component difference density and DIIS algorithm 
              Efficient two-component self-consistent field   
              procedures and gradients: implementation in     
              TURBOMOLE and application to Au20-              
              A. Baldes, F. Weigend                           
              Mol. Phys. 111: 2617 (2013)                     
          Relativistic current density functional theory      
              Current density functional framework for        
              spin-orbit coupling                             
              C. Holzer, Y. J. Franzke, A. Pausch             
              J. Chem. Phys. 157: 204102 (2022)               
          Relativistic all-electron 2c calculations           
              An efficient implementation of two-component    
              relativistic exact-decoupling methods for large 
              molecules                                       
              D. Peng, N. Middendorf, F. Weigend, M. Reiher   
              J. Chem. Phys. 138: 184105 (2013)               
          Finite nucleus model and SNSO approximation         
              Efficient implementation of one- and two-       
              component analytical energy gradients in exact  
              two-component theory                            
              Y. J. Franzke, N. Middendorf, F. Weigend        
              J. Chem. Phys. 148: 104110 (2018)               
          Grids for all-electron relativistic methods         
              Error-consistent segmented contracted all-      
              electron relativistic basis sets of double-     
              and triple-zeta quality for NMR shielding       
              constants                                       
              Y. J. Franzke, R. Tress, T. M. Pazdera,         
              F. Weigend                                      
              Phys. Chem. Chem. Phys. 21: 166658 (2019)       
          Seminumerical exchange algorithms                   
              Seminumerical calculation of the Hartree-Fock   
              exchange matirx: Application to two-component   
              procedures and efficient evaluation of local    
              hybrid functionsl                               
              P. Plessow, F. Weigend,                         
              J. Comput. Chem. 33: 810 (2012)                 
          Improved seminumerical algorithms                   
              C. Holzer,                                      
              J. Chem. Phys. 153 (2020), 184115               






          OpenMP Shared-Memory Parallelization: 16 CPUs.

            By: Christof Holzer and Yannick J. Franzke


              +--------------------------------------------------+
              |      general information about current run       |
              +--------------------------------------------------+

 
 Becke-3-Parameter hybrid functional: B3-LYP
 exchange:    0.8*LDA + 0.72*B88 + 0.2*HF
 correlation: 0.19*LDA(VWN) + 0.81*LYP
 A Hybrid-DFT calculation using the RI-J approximation will be carried out.
 Allocatable memory for RI due to $ricore (MB):                  8000


              +--------------------------------------------------+
              | Atomic coordinate, charge and isotop information |
              +--------------------------------------------------+

                    atomic coordinates            atom    charge  isotop
         -1.99661087    2.46260020   -2.48745642    c      6.000     0
          0.35109731    3.49806806   -2.96163778    c      6.000     0
          1.89058704    4.36547433   -0.97732887    c      6.000     0
          0.97771581    4.11179083    1.50083932    c      6.000     0
         -1.37179622    3.05437554    1.95230583    c      6.000     0
         -2.91777304    2.22732886   -0.01774875    c      6.000     0
         -5.40975278    1.09562607    0.64793811    c      6.000     0
         -5.90284811    0.38434765    2.79061635    o      8.000     0
         -7.12761518    0.86529867   -1.28950924    n      7.000     0
         -9.67508309   -0.02604361   -0.84162298    c      6.000     0
        -10.27773342   -2.50427824   -2.26611496    c      6.000     0
         -8.53918698   -4.70440536   -1.57878650    c      6.000     0
         -8.80522274   -5.86326774    1.02457595    c      6.000     0
         -7.36832844   -7.40160855    1.88175523    o      8.000     0
        -10.87152836   -5.05479955    2.29370937    o      8.000     0
        -11.69919404    1.91808146   -1.48763219    c      6.000     0
        -13.89716209    1.68454490   -0.96674042    o      8.000     0
        -10.80072905    3.93189477   -2.78890924    o      8.000     0
          4.18375984    5.48671389   -1.54729545    n      7.000     0
          6.18196249    5.81404622    0.29543862    c      6.000     0
          7.52338470    3.38659847    1.03190220    c      6.000     0
          8.13976758    2.79364574    3.54796803    c      6.000     0
          9.32261528    0.70341838    4.20960843    n      7.000     0
          9.94279587   -0.91554008    2.34873679    c      6.000     0
          9.33357517   -0.30970316   -0.18538918    c      6.000     0
          8.14562628    1.81903624   -0.81111965    n      7.000     0
         10.04049808   -2.08388279   -2.21664285    c      6.000     0
          9.69887554   -1.83777449   -4.46264508    o      8.000     0
         11.24840364   -4.24518996   -1.26646286    n      7.000     0
         11.73391113   -4.66831609    1.24758608    c      6.000     0
         11.12767582   -3.10692078    3.03410148    n      7.000     0
         13.00090495   -6.83890012    1.82254834    n      7.000     0
         -3.07823313    1.76706175   -4.08028667    h      1.000     0
          1.03335246    3.63312812   -4.88838013    h      1.000     0
          2.10286545    4.72825465    3.09048131    h      1.000     0
         -2.05074128    2.84002082    3.86869667    h      1.000     0
         -6.81474796    1.85300610   -2.88294209    h      1.000     0
         -9.83324460   -0.36979140    1.18449654    h      1.000     0
        -10.10488538   -2.15740245   -4.29823734    h      1.000     0
        -12.24342150   -2.99307671   -1.89627363    h      1.000     0
         -6.55425835   -4.18197581   -1.78075386    h      1.000     0
         -8.84460054   -6.25867079   -2.90766981    h      1.000     0
        -10.85225745   -5.88616093    3.92828111    h      1.000     0
        -12.23206778    5.02804514   -3.12585347    h      1.000     0
          4.83792301    5.05240012   -3.28411105    h      1.000     0
          5.44387014    6.75606870    1.97328168    h      1.000     0
          7.56608430    7.10709081   -0.53008633    h      1.000     0
          7.63364852    4.08281213    5.06531514    h      1.000     0
         11.84141041   -5.47891335   -2.59912646    h      1.000     0
         12.87090515   -8.34015356    0.66305418    h      1.000     0
         13.09580450   -7.22400689    3.68486580    h      1.000     0
 
       center of nuclear mass  :    0.27533275   -0.09791556    0.02750556
       center of nuclear charge:    0.22839517   -0.09431321    0.00735531

              +--------------------------------------------------+
              |               basis set information              |
              +--------------------------------------------------+

              we will work with the 1s 3p 5d 7f 9g ... basis set
              ...i.e. with spherical basis functions...

   type   atoms  prim   cont   basis
   ---------------------------------------------------------------------------
    c       19     46     31   def2-TZVP   [5s3p2d1f|11s6p2d1f]
    o        6     46     31   def2-TZVP   [5s3p2d1f|11s6p2d1f]
    n        7     46     31   def2-TZVP   [5s3p2d1f|11s6p2d1f]
    h       19      8      6   def2-TZVP   [3s1p|5s1p]
   ---------------------------------------------------------------------------
   total:   51   1624   1106
   ---------------------------------------------------------------------------

   total number of primitive shells          :   66
   total number of contracted shells         :  428
   total number of cartesian basis functions : 1266
   total number of SCF-basis functions       : 1106


 integral neglect threshold       :  0.26E-11
 integral storage threshold THIZE :  0.10E-04
 integral storage threshold THIME :         5

 RI-J AUXILIARY BASIS SET information:

              we will work with the 1s 3p 5d 7f 9g ... basis set
              ...i.e. with spherical basis functions...

   type   atoms  prim   cont   basis
   ---------------------------------------------------------------------------
    c       19     70     49   def2-TZVP   [6s4p3d1f1g|12s5p4d2f1g]
    o        6     70     49   def2-TZVP   [6s4p3d1f1g|12s5p4d2f1g]
    n        7     70     49   def2-TZVP   [6s4p3d1f1g|12s5p4d2f1g]
    h       19     16     11   def2-TZVP   [3s1p1d|5s2p1d]
   ---------------------------------------------------------------------------
   total:   51   2544   1777
   ---------------------------------------------------------------------------

   total number of primitive shells          :   80
   total number of contracted shells         :  575
   total number of cartesian basis functions : 2180
   total number of SCF-basis functions       : 1777


 symmetry group of the molecule :   c1 

 the group has the following generators :
   c1(z)

    1 symmetry operations found

 there are 1 real representations :   a   

 maximum number of shells which are related by symmetry :  1

 ==============================================================================
                      COSMO switched on
 ==============================================================================
 COSMO stati: segments per atom: H   32 other atoms   92
 COSMO statistics: nps   1783 npspher:    753
 COSMO surface:
   number of segments: 1783
   area (bohr**2):     1511.409306
   volume (bohr**3):   3274.753210
 COSMO: check number of disjunct cavities:

       ... OK contiguous cavity found
  
           ------------------
           density functional
           ------------------
 Becke-3-Parameter hybrid functional: B3-LYP
 exchange:    0.8*LDA + 0.72*B88 + 0.2*HF
 correlation: 0.19*LDA(VWN) + 0.81*LYP
 iterations will be done with small grid
  
 spherical integration : Lebedev's spherical grid
 spherical gridsize    :                     4
    i.e. gridpoints    :                   434
  maximum batchsize    :                   100
 value for diffuse not defined
 radial integration    : Chebyshev 2nd kind (scaling 3)
 radial gridsize       :                     6
 integration cells     :                    51
 partition function    : becke
 partition sharpness   :                     3
  

 biggest AO integral is expected to be     7.998976882

          ------------------------
          nuclear repulsion energy  :   2993.40568580    
          ------------------------


         -----------------
         -S,T+V- integrals
         -----------------

 1e-integrals will be neglected if expon. factor < 0.263978E-12
 
 Difference densities algorithm switched on.
 The maximal number of linear combinations of
 difference densities is  20.

 DIIS switched on: error vector is FDS-SDF
 Max. Iterations for DIIS is     :   4
 DIIS matrix (see manual) 
    Scaling factor of diagonals  :  1.200
    threshold for scaling factor :  0.000

 scf convergence criterion : increment of total energy < .1000000D-06
                  and increment of one-electron energy < .1000000D-03

 MOs are in ASCII format !


    mo occupation :
   irrep   mo's   occupied
    a     1106      115
 
 number of basis functions   :  1106
 number of occupied orbitals :   115
 

 reading orbital data $scfmo  from file mos
 orbital characterization : scfconv=7
 mo-orthogonalization by Cholesky decomposition

 automatic virtual orbital shift switched on 
      shift if e(lumo)-e(homo) < 0.10000000    

  
           ------------------------
               RI-J - INFORMATION
           ------------------------
 Contributions to RI integral batches: 
  neglected integral batches:                 48723
  direct contribution:                            0
  memory contribution:                 43083
 Memory core needed for (P|Q) and Cholesky     25 MByte
 Memory core minimum needed except of (P|Q)     4 MByte
 Total minimum memory core needed (sum)        29 MByte
  
 ****************************************
 Memory allocated for RI-J  6006 MByte
 ****************************************
                                            

 dump of DSCF restart information has been disabled !


 Starting SCF iterations

          Overall gridpoints after grid construction =        145705

 ITERATION  ENERGY          1e-ENERGY        2e-ENERGY     NORM[dD(SAO)]  TOL
   1  -1569.9770152418    -8093.5244432     3530.1417421    0.000D+00 0.263D-11
                            Exc = -169.511791150     Coul =  3739.88165085    
                            exK = -40.2281175732    
                              N = 229.99947082    
                          Ediel =-0.552741906007E-01
                            current damping = 0.300
 
          max. resid. norm for Fia-block=  1.308D-02 for orbital    105a         
          max. resid. fock norm         =  2.642D-02 for orbital    467a         

 ITERATION  ENERGY          1e-ENERGY        2e-ENERGY     NORM[dD(SAO)]  TOL
   2  -1569.9855277453    -8094.5117427     3531.1205292    0.691D+00 0.169D-11
                            Exc = -169.565780829      Eck =  3700.68630999    
                              N = 229.99947637    
                          Ediel =-0.781493417703E-01
                            current damping = 0.250
 
          Norm of current diis error: 0.20082    
          max. resid. norm for Fia-block=  7.548D-03 for orbital    108a         
          max. resid. fock norm         =  1.394D-02 for orbital   1095a         

 ITERATION  ENERGY          1e-ENERGY        2e-ENERGY     NORM[dD(SAO)]  TOL
   3  -1569.9874720767    -8094.3980522     3531.0048944    0.233D+00 0.139D-11
                            Exc = -169.510364364      Eck =  3700.51525872    
                              N = 229.99948119    
                          Ediel =-0.772306502061E-01
                            current damping = 0.200
 
          Norm of current diis error: 0.10641    
          max. resid. norm for Fia-block=  2.987D-03 for orbital    108a         
          max. resid. fock norm         =  6.285D-03 for orbital   1095a         

 ITERATION  ENERGY          1e-ENERGY        2e-ENERGY     NORM[dD(SAO)]  TOL
   4  -1569.9881044321    -8094.2344631     3530.8406729    0.455D-01 0.125D-11
                            Exc = -169.519090388      Eck =  3700.35976326    
                              N = 229.99948015    
                          Ediel =-0.799944198103E-01
                            current damping = 0.100
 
          Norm of current diis error: 0.25890E-01
          max. resid. norm for Fia-block=  7.352D-04 for orbital    114a         
          max. resid. fock norm         =  1.239D-03 for orbital   1045a         

 ITERATION  ENERGY          1e-ENERGY        2e-ENERGY     NORM[dD(SAO)]  TOL
   5  -1569.9881284273    -8094.4113670     3531.0175527    0.164D-01 0.117D-11
                            Exc = -169.524542011      Eck =  3700.54209475    
                              N = 229.99948136    
                          Ediel =-0.805752972779E-01
                            current damping = 0.150
 
          Norm of current diis error: 0.18903E-01
          max. resid. norm for Fia-block=  4.065D-04 for orbital    114a         
          max. resid. fock norm         =  7.638D-04 for orbital   1095a         
          mo-orthogonalization: Cholesky decomposition

 ITERATION  ENERGY          1e-ENERGY        2e-ENERGY     NORM[dD(SAO)]  TOL
   6  -1569.9881449341    -8094.3712891     3530.9774584    0.658D-02 0.114D-11
                            Exc = -169.523480820      Eck =  3700.50093921    
                              N = 229.99948083    
                          Ediel =-0.806881932018E-01
                            current damping = 0.200
 
          Norm of current diis error: 0.55745E-02
          max. resid. norm for Fia-block=  1.748D-04 for orbital    110a         
          max. resid. fock norm         =  3.105D-04 for orbital   1086a         

 ITERATION  ENERGY          1e-ENERGY        2e-ENERGY     NORM[dD(SAO)]  TOL
   7  -1569.9881463007    -8094.3493376     3530.9555055    0.213D-02 0.111D-11
                            Exc = -169.521808419      Eck =  3700.47731387    
                              N = 229.99948102    
                          Ediel =-0.806860425261E-01
                            current damping = 0.100
 
          Norm of current diis error: 0.23014E-02
          max. resid. norm for Fia-block=  6.181D-05 for orbital    110a         
          max. resid. fock norm         =  1.372D-04 for orbital   1086a         

 ITERATION  ENERGY          1e-ENERGY        2e-ENERGY     NORM[dD(SAO)]  TOL
   8  -1569.9881465427    -8094.3573019     3530.9634695    0.621D-03 0.109D-11
                            Exc = -169.522460487      Eck =  3700.48593002    
                              N = 229.99948098    
                          Ediel =-0.807284057833E-01
                            current damping = 0.150
 
          Norm of current diis error: 0.98807E-03
          max. resid. norm for Fia-block=  2.690D-05 for orbital    110a         
          max. resid. fock norm         =  4.817D-05 for orbital   1099a         

 ITERATION  ENERGY          1e-ENERGY        2e-ENERGY     NORM[dD(SAO)]  TOL
   9  -1569.9881465820    -8094.3587769     3530.9649445    0.231D-03 0.108D-11
                            Exc = -169.522392060      Eck =  3700.48733656    
                              N = 229.99948100    
                          Ediel =-0.807258431844E-01
                            current damping = 0.100
 
          Norm of current diis error: 0.39799E-03
          max. resid. norm for Fia-block=  1.077D-05 for orbital    110a         
          max. resid. fock norm         =  2.061D-05 for orbital   1099a         

 ITERATION  ENERGY          1e-ENERGY        2e-ENERGY     NORM[dD(SAO)]  TOL
  10  -1569.9881465869    -8094.3577492     3530.9639168    0.920D-04 0.106D-11
                            Exc = -169.522391277      Eck =  3700.48630805    
                              N = 229.99948099    
                          Ediel =-0.807336649767E-01
                            current damping = 0.150
 
          Norm of current diis error: 0.18410E-03
          max. resid. norm for Fia-block=  6.520D-06 for orbital    110a         
          max. resid. fock norm         =  8.891D-06 for orbital   1003a         
          mo-orthogonalization: Cholesky decomposition

 ENERGY CONVERGED !

          Overall gridpoints after grid construction =        510357

 ITERATION  ENERGY          1e-ENERGY        2e-ENERGY     NORM[dD(SAO)]  TOL
  11  -1569.9882015684    -8094.3578099     3530.9639225    0.381D-04 0.105D-11
                            Exc = -169.522426299      Eck =  3700.48634881    
                              N = 229.99994831    
                          Ediel =-0.807320507903E-01
                            current damping = 0.200
 
          Norm of current diis error: 0.74741E-04
          max. resid. norm for Fia-block=  2.544D-06 for orbital    110a         
          max. resid. fock norm         =  3.245D-06 for orbital   1060a         

 End of SCF iterations

   convergence criteria satisfied after    11 iterations


                  ------------------------------------------ 
                 |  total energy      =  -1569.98820156842  |
                  ------------------------------------------ 
                 :  kinetic energy    =   1563.37330632367  :
                 :  potential energy  =  -3133.36150789209  :
                 :  virial theorem    =      1.99578665926  :
                 :  wavefunction norm =      1.00000000000  :
                  .......................................... 


 <geterg> : there is no data group $energy 


 <skperg> : $end is missing 


 orbitals $scfmo  will be written to file mos

    irrep                111a        112a        113a        114a        115a   
 eigenvalues H         -0.26881    -0.26300    -0.26153    -0.23990    -0.21440
            eV          -7.3148     -7.1566     -7.1167     -6.5280     -5.8343
 occupation              2.0000      2.0000      2.0000      2.0000      2.0000

    irrep                116a        117a        118a        119a        120a   
 eigenvalues H         -0.08343    -0.04534    -0.03777    -0.01793    -0.01210
            eV          -2.2702     -1.2339     -1.0277     -0.4878     -0.3292
 
 ==============================================================================
                                  COSMO RESULTS
 ==============================================================================
  PARAMETER:
    nppa:      1082
    nspa:        92
    nsph:        32
    nps:       1783
    npspher:    753
    disex:   10.0000    
    disex2:  4250.56    
    rsolv [A]: 1.3000
    routf:     0.8500
    phsran:    0.0    
    ampran:   0.10E-04
    cavity:  closed
    solvent: not set
    source:  Custom values, not taken from cosmosolvent list!                                                                        
    epsilon: infinity
    refind:      1.300 ( 25.0 C)
    fepsi:       1.0000000
  CAVITY VOLUME/AREA [a.u.]:
    surface: V1.0, A matrix: V1.0
    area:  1511.41
    volume:  3274.75
  SCREENING CHARGE:
    cosmo      :  -0.041560
    correction :   0.040254
    total      :  -0.001306
  ENERGIES [a.u.]:
    Total energy            =     -1569.9882015684213
    Total energy + OC corr. =     -1569.9898350916
    Dielectric energy       =        -0.0807320508
    Diel. energy + OC corr. =        -0.0823655740
  ELEMENT RADIUS [A]: ATOM LIST
    c  2.00: 1-7,10-13,16,20-22,24,25,27,30
    o  1.72: 8,14,15,17,18,28
    n  1.83: 9,19,23,26,29,31,32
    h  1.30: 33-51
 ==============================================================================
 
 
 
 ==============================================================================
                           electrostatic moments
 ==============================================================================

 reference point for electrostatic moments:    0.00000   0.00000   0.00000

 
              nuc           elec       ->  total
 ------------------------------------------------------------------------------
                          charge      
 ------------------------------------------------------------------------------
         230.000000    -230.000000      -0.000000
 
 ------------------------------------------------------------------------------
                       dipole moment  
 ------------------------------------------------------------------------------
   x      52.530888     -50.308663       2.222225
   y     -21.692039      21.400763      -0.291276
   z       1.691721      -3.749537      -2.057816
 
   | dipole moment | =     3.0427 a.u. =     7.7337 debye 
 
 ------------------------------------------------------------------------------
                     quadrupole moment
 ------------------------------------------------------------------------------
  xx   17547.324851  -17667.165728    -119.840877
  yy    3349.776365   -3458.602616    -108.826251
  zz    1171.324734   -1311.829661    -140.504927
  xy    -224.288004     198.619943     -25.668061
  xz     898.332623    -882.655656      15.676968
  yz    -361.980804     363.646068       1.665264
 
     1/3  trace=    -123.057352
     anisotropy=      59.144746
 
 ==============================================================================
 
HOMO-LUMO Separation
 HOMO         :   -0.21440310 H =     -5.83421 eV
 LUMO         :   -0.08342738 H =     -2.27018 eV
 HOMO-LUMO gap:    0.13097572 H =     +3.56403 eV
 
 ==============================================================================


    ------------------------------------------------------------------------
         total  cpu-time : 54 minutes and 28 seconds
         total wall-time :  3 minutes and 28 seconds
    ------------------------------------------------------------------------

   ****  ridft : all done  ****


    2026-04-16 05:38:58.796 

 ridft ended normally
