
   OpenMP run-time library returned nthreads = 16

 ridft (s02r2b18) : TURBOMOLE rev. V7-8-1 compiled 26 Feb 2024 at 17:12:58
 Copyright (C) 2024 TURBOMOLE GmbH, Karlsruhe


    2026-04-15 19:56:03.568 



                                  r i d f t

                        DFT program with RI approximation 
                                for coulomb part 





                                 References:     
                                                 
          TURBOMOLE:                             
              R. Ahlrichs, M. Baer, M. Haeser, H. Horn, and
              C. Koelmel
              Electronic structure calculations on workstation
              computers: the program system TURBOMOLE
              Chem. Phys. Lett. 162: 165 (1989)
          Density Functional:                              
              O. Treutler and R. Ahlrichs                      
              Efficient Molecular Numerical Integration Schemes
              J. Chem. Phys. 102: 346 (1995)                   
          Parallel Version:                                
              Performance of parallel TURBOMOLE for Density    
              Functional Calculations                          
              M. v. Arnim and R. Ahlrichs                      
              J. Comp. Chem. 19: 1746 (1998)                   
          RI-J Method:                                     
              Auxiliary Basis Sets to approximate Coulomb      
              Potentials                                       
              Chem. Phys. Lett. 240: 283 (1995)                
              K. Eichkorn, O. Treutler, H. Oehm, M. Haeser     
              and R. Ahlrichs                                  
              Chem. Phys. Lett. 242: 652 (1995)                
                                                           
              Auxiliary Basis Sets for Main Row Atoms and their
              Use to approximate Coulomb Potentials            
              K. Eichkorn, F. Weigend, O. Treutler and         
              R. Ahlrichs                                      
              Theo. Chem. Acc. 97: 119 (1997)                  
                                                           
              Accurate Coulomb-fitting basis sets for H to Rn 
              F. Weigend                                       
              Phys. Chem. Chem. Phys. 8: 1057 (2006)           
                                                           
          Multipole accelerated RI-J (MARI-J):             
              Fast evaluation of the Coulomb potential for     
              electron densities using multipole accelerated   
              resolution of identity approximation             
              M. Sierka, A. Hogekamp and R. Ahlrichs           
              J. Chem. Phys. 118: 9136 (2003)                  
          RI-JK Method:                                     
              A fully direct RI-HF algorithm: Implementation,
              optimised auxiliary basis sets, demonstration of
              accuracy and efficiency                         
              F. Weigend                                      
              Phys. Chem. Chem. Phys. 4: 4285 (2002)           
          Two-component HF and DFT with spin-orbit coupling:  
              Self-consistent treatment of spin-orbit         
              interactions with efficient Hartree-Fock and    
              density functional methods                      
              M. K. Armbruster, F. Weigend, C. van Wüllen and 
              W. Klopper                                      
              Phys. Chem. Chem. Phys. 10: 1748 (2008)         
          Two-component difference density and DIIS algorithm 
              Efficient two-component self-consistent field   
              procedures and gradients: implementation in     
              TURBOMOLE and application to Au20-              
              A. Baldes, F. Weigend                           
              Mol. Phys. 111: 2617 (2013)                     
          Relativistic current density functional theory      
              Current density functional framework for        
              spin-orbit coupling                             
              C. Holzer, Y. J. Franzke, A. Pausch             
              J. Chem. Phys. 157: 204102 (2022)               
          Relativistic all-electron 2c calculations           
              An efficient implementation of two-component    
              relativistic exact-decoupling methods for large 
              molecules                                       
              D. Peng, N. Middendorf, F. Weigend, M. Reiher   
              J. Chem. Phys. 138: 184105 (2013)               
          Finite nucleus model and SNSO approximation         
              Efficient implementation of one- and two-       
              component analytical energy gradients in exact  
              two-component theory                            
              Y. J. Franzke, N. Middendorf, F. Weigend        
              J. Chem. Phys. 148: 104110 (2018)               
          Grids for all-electron relativistic methods         
              Error-consistent segmented contracted all-      
              electron relativistic basis sets of double-     
              and triple-zeta quality for NMR shielding       
              constants                                       
              Y. J. Franzke, R. Tress, T. M. Pazdera,         
              F. Weigend                                      
              Phys. Chem. Chem. Phys. 21: 166658 (2019)       
          Seminumerical exchange algorithms                   
              Seminumerical calculation of the Hartree-Fock   
              exchange matirx: Application to two-component   
              procedures and efficient evaluation of local    
              hybrid functionsl                               
              P. Plessow, F. Weigend,                         
              J. Comput. Chem. 33: 810 (2012)                 
          Improved seminumerical algorithms                   
              C. Holzer,                                      
              J. Chem. Phys. 153 (2020), 184115               






          OpenMP Shared-Memory Parallelization: 16 CPUs.

            By: Christof Holzer and Yannick J. Franzke


              +--------------------------------------------------+
              |      general information about current run       |
              +--------------------------------------------------+

 
 Becke-3-Parameter hybrid functional: B3-LYP
 exchange:    0.8*LDA + 0.72*B88 + 0.2*HF
 correlation: 0.19*LDA(VWN) + 0.81*LYP
 A Hybrid-DFT calculation using the RI-J approximation will be carried out.
 Allocatable memory for RI due to $ricore (MB):                  5000


              +--------------------------------------------------+
              | Atomic coordinate, charge and isotop information |
              +--------------------------------------------------+

                    atomic coordinates            atom    charge  isotop
         -4.30686527   -1.87275185    0.44996467    c      6.000     0
         -1.81751194   -0.90281290   -0.56962912    c      6.000     0
         -1.01910050    1.60002459    0.64325845    c      6.000     0
          1.56392096    2.36027943   -0.37132816    c      6.000     0
          3.52716113    0.27161546    0.01698526    c      6.000     0
          2.50299754   -2.25819115   -0.94582762    c      6.000     0
          0.05904390   -2.78597856   -0.05988973    o      8.000     0
          2.61477544   -2.15578386   -3.61377431    o      8.000     0
          4.12551370   -0.02803798    2.60958049    o      8.000     0
          2.30162485    4.61701669    0.95793068    o      8.000     0
         -2.85685679    3.46841212    0.05235103    o      8.000     0
         -5.16983387   -3.84598264   -1.16701619    o      8.000     0
         -5.65190896   -0.30343307    0.49367893    h      1.000     0
         -4.01022358   -2.56305099    2.38132754    h      1.000     0
         -2.01490244   -0.62541037   -2.61161988    h      1.000     0
         -0.88282167    1.33721515    2.69484891    h      1.000     0
          1.37261171    2.75745134   -2.39058278    h      1.000     0
          5.23498733    0.72001276   -1.07381316    h      1.000     0
          3.66684680   -3.79386241   -0.19950106    h      1.000     0
          1.92928961   -3.71759861   -4.25938488    h      1.000     0
          4.24968776    1.64872083    3.32212836    h      1.000     0
          3.45322276    5.57106739   -0.08067247    h      1.000     0
         -2.19443983    5.06719751    0.62833873    h      1.000     0
         -6.67721487   -4.56611698   -0.44927680    h      1.000     0
 
       center of nuclear mass  :    0.11691266   -0.10974644   -0.16883299
       center of nuclear charge:    0.10180088   -0.09501729   -0.16635971

              +--------------------------------------------------+
              |               basis set information              |
              +--------------------------------------------------+

              we will work with the 1s 3p 5d 7f 9g ... basis set
              ...i.e. with spherical basis functions...

   type   atoms  prim   cont   basis
   ---------------------------------------------------------------------------
    c        6     46     31   def2-TZVP   [5s3p2d1f|11s6p2d1f]
    o        6     46     31   def2-TZVP   [5s3p2d1f|11s6p2d1f]
    h       12      8      6   def2-TZVP   [3s1p|5s1p]
   ---------------------------------------------------------------------------
   total:   24    648    444
   ---------------------------------------------------------------------------

   total number of primitive shells          :   46
   total number of contracted shells         :  180
   total number of cartesian basis functions :  504
   total number of SCF-basis functions       :  444


 integral neglect threshold       :  0.66E-11
 integral storage threshold THIZE :  0.10E-04
 integral storage threshold THIME :         5

 RI-J AUXILIARY BASIS SET information:

              we will work with the 1s 3p 5d 7f 9g ... basis set
              ...i.e. with spherical basis functions...

   type   atoms  prim   cont   basis
   ---------------------------------------------------------------------------
    c        6     70     49   def2-TZVP   [6s4p3d1f1g|12s5p4d2f1g]
    o        6     70     49   def2-TZVP   [6s4p3d1f1g|12s5p4d2f1g]
    h       12     16     11   def2-TZVP   [3s1p1d|5s2p1d]
   ---------------------------------------------------------------------------
   total:   24   1032    720
   ---------------------------------------------------------------------------

   total number of primitive shells          :   56
   total number of contracted shells         :  240
   total number of cartesian basis functions :  876
   total number of SCF-basis functions       :  720


 symmetry group of the molecule :   c1 

 the group has the following generators :
   c1(z)

    1 symmetry operations found

 there are 1 real representations :   a   

 maximum number of shells which are related by symmetry :  1

  
           ------------------
           density functional
           ------------------
 Becke-3-Parameter hybrid functional: B3-LYP
 exchange:    0.8*LDA + 0.72*B88 + 0.2*HF
 correlation: 0.19*LDA(VWN) + 0.81*LYP
 iterations will be done with small grid
  
 spherical integration : Lebedev's spherical grid
 spherical gridsize    :                     3
    i.e. gridpoints    :                   302
  maximum batchsize    :                   100
 value for diffuse not defined
 radial integration    : Chebyshev 2nd kind (scaling 3)
 radial gridsize       :                     3
 integration cells     :                    24
 partition function    : becke
 partition sharpness   :                     3
  

 biggest AO integral is expected to be     7.998976882

          ------------------------
          nuclear repulsion energy  :   835.311366346    
          ------------------------


         -----------------
         -S,T+V- integrals
         -----------------

 1e-integrals will be neglected if expon. factor < 0.663088E-12
 
 Difference densities algorithm switched on.
 The maximal number of linear combinations of
 difference densities is  20.

 DIIS switched on: error vector is FDS-SDF
 Max. Iterations for DIIS is     :   4
 DIIS matrix (see manual) 
    Scaling factor of diagonals  :  1.200
    threshold for scaling factor :  0.000

 scf convergence criterion : increment of total energy < .1000000D-06
                  and increment of one-electron energy < .1000000D-03

 MOs are in ASCII format !


    mo occupation :
   irrep   mo's   occupied
    a      444       48
 
 number of basis functions   :   444
 number of occupied orbitals :    48
 

 reading orbital data $scfmo  from file mos
 orbital characterization : scfconv=7
 mo-orthogonalization by Cholesky decomposition

 automatic virtual orbital shift switched on 
      shift if e(lumo)-e(homo) < 0.10000000    

  
           ------------------------
               RI-J - INFORMATION
           ------------------------
 Contributions to RI integral batches: 
  neglected integral batches:                  2778
  direct contribution:                            0
  memory contribution:                 13512
 Memory core needed for (P|Q) and Cholesky      4 MByte
 Memory core minimum needed except of (P|Q)     2 MByte
 Total minimum memory core needed (sum)         5 MByte
  
 ****************************************
 Memory allocated for RI-J   717 MByte
 ****************************************
                                            

 DSCF restart information will be dumped onto file mos


 Starting SCF iterations

          Overall gridpoints after grid construction =         30816

 ITERATION  ENERGY          1e-ENERGY        2e-ENERGY     NORM[dD(SAO)]  TOL
   1  -687.10869011366    -2601.3551441     1078.9350877    0.000D+00 0.661D-11
                            Exc = -71.4830506663     Coul =  1167.39357501    
                            exK = -16.9754366827    
                              N = 96.003360346    
                            current damping = 0.300
 
          max. resid. norm for Fia-block=  4.466D-06 for orbital     48a         
          max. resid. fock norm         =  1.967D-05 for orbital    436a         

 ITERATION  ENERGY          1e-ENERGY        2e-ENERGY     NORM[dD(SAO)]  TOL
   2  -687.10869011480    -2601.3550257     1078.9349692    0.549D-04 0.419D-11
                            Exc = -71.4830540842      Eck =  1150.41802333    
                              N = 96.003360346    
                            current damping = 0.300
 
          Norm of current diis error: 0.51947E-04
          max. resid. norm for Fia-block=  1.912D-06 for orbital     39a         
          max. resid. fock norm         =  5.250D-06 for orbital    443a         

 ENERGY CONVERGED !

          Overall gridpoints after grid construction =        114272

 ITERATION  ENERGY          1e-ENERGY        2e-ENERGY     NORM[dD(SAO)]  TOL
   3  -687.10816511774    -2601.3550603     1078.9355289    0.252D-04 0.379D-11
                            Exc = -71.4825257360      Eck =  1150.41805462    
                              N = 96.000061418    
                            current damping = 0.350
 
          Norm of current diis error: 0.85726E-05
          max. resid. norm for Fia-block=  4.550D-07 for orbital     47a         
          max. resid. fock norm         =  1.742D-06 for orbital    360a         

 End of SCF iterations

   convergence criteria satisfied after     3 iterations


                  ------------------------------------------ 
                 |  total energy      =   -687.10816511774  |
                  ------------------------------------------ 
                 :  kinetic energy    =    684.36304109780  :
                 :  potential energy  =  -1371.47120621554  :
                 :  virial theorem    =      1.99600481531  :
                 :  wavefunction norm =      1.00000000000  :
                  .......................................... 


 <geterg> : there is no data group $energy 


 <skperg> : $end is missing 


 orbitals $scfmo  will be written to file mos

    irrep                 44a         45a         46a         47a         48a   
 eigenvalues H         -0.29885    -0.29760    -0.28072    -0.27068    -0.26719
            eV          -8.1323     -8.0981     -7.6387     -7.3657     -7.2707
 occupation              2.0000      2.0000      2.0000      2.0000      2.0000

    irrep                 49a         50a         51a         52a         53a   
 eigenvalues H          0.00544     0.03197     0.03511     0.05206     0.06063
            eV           0.1480      0.8700      0.9554      1.4165      1.6499
 
 
 
 
 ==============================================================================
                           electrostatic moments
 ==============================================================================

 reference point for electrostatic moments:    0.00000   0.00000   0.00000

 
              nuc           elec       ->  total
 ------------------------------------------------------------------------------
                          charge      
 ------------------------------------------------------------------------------
          96.000000     -96.000000       0.000000
 
 ------------------------------------------------------------------------------
                       dipole moment  
 ------------------------------------------------------------------------------
   x       9.772884      -9.595896       0.176988
   y      -9.121660       9.807813       0.686153
   z     -15.970532      15.944924      -0.025608
 
   | dipole moment | =     0.7091 a.u. =     1.8023 debye 
 
 ------------------------------------------------------------------------------
                     quadrupole moment
 ------------------------------------------------------------------------------
  xx     955.337421   -1004.622830     -49.285409
  yy     715.601682    -762.985497     -47.383815
  zz     245.769257    -300.375442     -54.606185
  xy     204.066962    -198.064592       6.002369
  xz      36.686515     -40.987276      -4.300761
  yz     166.077564    -165.409934       0.667630
 
     1/3  trace=     -50.425136
     anisotropy=      14.385993
 
 ==============================================================================
 
HOMO-LUMO Separation
 HOMO         :   -0.26719260 H =     -7.27068 eV
 LUMO         :    0.00543916 H =     +0.14801 eV
 HOMO-LUMO gap:    0.27263176 H =     +7.41869 eV
 
 ==============================================================================


    ------------------------------------------------------------------------
         total  cpu-time :  2 minutes and 14 seconds
         total wall-time :   8.61 seconds
    ------------------------------------------------------------------------

   ****  ridft : all done  ****


    2026-04-15 19:56:12.155 

 ridft ended normally
