
   OpenMP run-time library returned nthreads = 16

 ridft (s02r2b57) : TURBOMOLE rev. V7-8-1 compiled 26 Feb 2024 at 17:12:58
 Copyright (C) 2024 TURBOMOLE GmbH, Karlsruhe


    2026-04-15 19:55:30.640 



                                  r i d f t

                        DFT program with RI approximation 
                                for coulomb part 





                                 References:     
                                                 
          TURBOMOLE:                             
              R. Ahlrichs, M. Baer, M. Haeser, H. Horn, and
              C. Koelmel
              Electronic structure calculations on workstation
              computers: the program system TURBOMOLE
              Chem. Phys. Lett. 162: 165 (1989)
          Density Functional:                              
              O. Treutler and R. Ahlrichs                      
              Efficient Molecular Numerical Integration Schemes
              J. Chem. Phys. 102: 346 (1995)                   
          Parallel Version:                                
              Performance of parallel TURBOMOLE for Density    
              Functional Calculations                          
              M. v. Arnim and R. Ahlrichs                      
              J. Comp. Chem. 19: 1746 (1998)                   
          RI-J Method:                                     
              Auxiliary Basis Sets to approximate Coulomb      
              Potentials                                       
              Chem. Phys. Lett. 240: 283 (1995)                
              K. Eichkorn, O. Treutler, H. Oehm, M. Haeser     
              and R. Ahlrichs                                  
              Chem. Phys. Lett. 242: 652 (1995)                
                                                           
              Auxiliary Basis Sets for Main Row Atoms and their
              Use to approximate Coulomb Potentials            
              K. Eichkorn, F. Weigend, O. Treutler and         
              R. Ahlrichs                                      
              Theo. Chem. Acc. 97: 119 (1997)                  
                                                           
              Accurate Coulomb-fitting basis sets for H to Rn 
              F. Weigend                                       
              Phys. Chem. Chem. Phys. 8: 1057 (2006)           
                                                           
          Multipole accelerated RI-J (MARI-J):             
              Fast evaluation of the Coulomb potential for     
              electron densities using multipole accelerated   
              resolution of identity approximation             
              M. Sierka, A. Hogekamp and R. Ahlrichs           
              J. Chem. Phys. 118: 9136 (2003)                  
          RI-JK Method:                                     
              A fully direct RI-HF algorithm: Implementation,
              optimised auxiliary basis sets, demonstration of
              accuracy and efficiency                         
              F. Weigend                                      
              Phys. Chem. Chem. Phys. 4: 4285 (2002)           
          Two-component HF and DFT with spin-orbit coupling:  
              Self-consistent treatment of spin-orbit         
              interactions with efficient Hartree-Fock and    
              density functional methods                      
              M. K. Armbruster, F. Weigend, C. van Wüllen and 
              W. Klopper                                      
              Phys. Chem. Chem. Phys. 10: 1748 (2008)         
          Two-component difference density and DIIS algorithm 
              Efficient two-component self-consistent field   
              procedures and gradients: implementation in     
              TURBOMOLE and application to Au20-              
              A. Baldes, F. Weigend                           
              Mol. Phys. 111: 2617 (2013)                     
          Relativistic current density functional theory      
              Current density functional framework for        
              spin-orbit coupling                             
              C. Holzer, Y. J. Franzke, A. Pausch             
              J. Chem. Phys. 157: 204102 (2022)               
          Relativistic all-electron 2c calculations           
              An efficient implementation of two-component    
              relativistic exact-decoupling methods for large 
              molecules                                       
              D. Peng, N. Middendorf, F. Weigend, M. Reiher   
              J. Chem. Phys. 138: 184105 (2013)               
          Finite nucleus model and SNSO approximation         
              Efficient implementation of one- and two-       
              component analytical energy gradients in exact  
              two-component theory                            
              Y. J. Franzke, N. Middendorf, F. Weigend        
              J. Chem. Phys. 148: 104110 (2018)               
          Grids for all-electron relativistic methods         
              Error-consistent segmented contracted all-      
              electron relativistic basis sets of double-     
              and triple-zeta quality for NMR shielding       
              constants                                       
              Y. J. Franzke, R. Tress, T. M. Pazdera,         
              F. Weigend                                      
              Phys. Chem. Chem. Phys. 21: 166658 (2019)       
          Seminumerical exchange algorithms                   
              Seminumerical calculation of the Hartree-Fock   
              exchange matirx: Application to two-component   
              procedures and efficient evaluation of local    
              hybrid functionsl                               
              P. Plessow, F. Weigend,                         
              J. Comput. Chem. 33: 810 (2012)                 
          Improved seminumerical algorithms                   
              C. Holzer,                                      
              J. Chem. Phys. 153 (2020), 184115               






          OpenMP Shared-Memory Parallelization: 16 CPUs.

            By: Christof Holzer and Yannick J. Franzke


              +--------------------------------------------------+
              |      general information about current run       |
              +--------------------------------------------------+

 
 Becke-3-Parameter hybrid functional: B3-LYP
 exchange:    0.8*LDA + 0.72*B88 + 0.2*HF
 correlation: 0.19*LDA(VWN) + 0.81*LYP
 A Hybrid-DFT calculation using the RI-J approximation will be carried out.
 Allocatable memory for RI due to $ricore (MB):                  5000


              +--------------------------------------------------+
              | Atomic coordinate, charge and isotop information |
              +--------------------------------------------------+

                    atomic coordinates            atom    charge  isotop
         -0.89912084   -0.37613464   -0.24245733    c      6.000     0
          1.59156360   -1.64395884    0.50268547    c      6.000     0
          3.57952548   -1.66318154   -1.58932214    c      6.000     0
          4.70835336    0.89582752   -2.15739296    c      6.000     0
          4.39779038    2.80420320   -0.95891284    o      8.000     0
          6.21352853    0.81346878   -4.22870203    o      8.000     0
         -2.88187347   -0.47481242    1.85892213    c      6.000     0
         -5.38154082    0.79045897    1.17892546    c      6.000     0
         -5.19915926    3.46234065    0.89545865    o      8.000     0
         -0.50743038    1.59002554   -0.74714536    h      1.000     0
         -1.65631941   -1.29942612   -1.93790019    h      1.000     0
          1.21934174   -3.60219621    1.05354684    h      1.000     0
          2.37093331   -0.69793811    2.16459847    h      1.000     0
          2.82464263   -2.43544473   -3.35173853    h      1.000     0
          5.16314806   -2.89487438   -1.08226233    h      1.000     0
          6.90935290    2.49546084   -4.45226246    h      1.000     0
         -3.27393014   -2.45215050    2.33967733    h      1.000     0
         -2.13677044    0.42239147    3.56688958    h      1.000     0
         -6.17204964   -0.07067701   -0.53742529    h      1.000     0
         -6.74721421    0.50119279    2.69652737    h      1.000     0
         -4.12276951    3.83542475   -0.52336425    h      1.000     0
 
       center of nuclear mass  :    0.67360605    0.59731690   -0.56656705
       center of nuclear charge:    0.57596744    0.51668172   -0.52555479

              +--------------------------------------------------+
              |               basis set information              |
              +--------------------------------------------------+

              we will work with the 1s 3p 5d 7f 9g ... basis set
              ...i.e. with spherical basis functions...

   type   atoms  prim   cont   basis
   ---------------------------------------------------------------------------
    c        6     46     31   def2-TZVP   [5s3p2d1f|11s6p2d1f]
    o        3     46     31   def2-TZVP   [5s3p2d1f|11s6p2d1f]
    h       12      8      6   def2-TZVP   [3s1p|5s1p]
   ---------------------------------------------------------------------------
   total:   21    510    351
   ---------------------------------------------------------------------------

   total number of primitive shells          :   46
   total number of contracted shells         :  147
   total number of cartesian basis functions :  396
   total number of SCF-basis functions       :  351


 integral neglect threshold       :  0.84E-11
 integral storage threshold THIZE :  0.10E-04
 integral storage threshold THIME :         5

 RI-J AUXILIARY BASIS SET information:

              we will work with the 1s 3p 5d 7f 9g ... basis set
              ...i.e. with spherical basis functions...

   type   atoms  prim   cont   basis
   ---------------------------------------------------------------------------
    c        6     70     49   def2-TZVP   [6s4p3d1f1g|12s5p4d2f1g]
    o        3     70     49   def2-TZVP   [6s4p3d1f1g|12s5p4d2f1g]
    h       12     16     11   def2-TZVP   [3s1p1d|5s2p1d]
   ---------------------------------------------------------------------------
   total:   21    822    573
   ---------------------------------------------------------------------------

   total number of primitive shells          :   56
   total number of contracted shells         :  195
   total number of cartesian basis functions :  693
   total number of SCF-basis functions       :  573


 symmetry group of the molecule :   c1 

 the group has the following generators :
   c1(z)

    1 symmetry operations found

 there are 1 real representations :   a   

 maximum number of shells which are related by symmetry :  1

 ==============================================================================
                      COSMO switched on
 ==============================================================================
 COSMO stati: segments per atom: H   32 other atoms   92
 COSMO statistics: nps    784 npspher:    319
 COSMO surface:
   number of segments:  784
   area (bohr**2):      626.021480
   volume (bohr**3):   1145.966721
 COSMO: check number of disjunct cavities:

       ... OK contiguous cavity found
  
           ------------------
           density functional
           ------------------
 Becke-3-Parameter hybrid functional: B3-LYP
 exchange:    0.8*LDA + 0.72*B88 + 0.2*HF
 correlation: 0.19*LDA(VWN) + 0.81*LYP
 iterations will be done with small grid
  
 spherical integration : Lebedev's spherical grid
 spherical gridsize    :                     3
    i.e. gridpoints    :                   302
  maximum batchsize    :                   100
 value for diffuse not defined
 radial integration    : Chebyshev 2nd kind (scaling 3)
 radial gridsize       :                     3
 integration cells     :                    21
 partition function    : becke
 partition sharpness   :                     3
  

 biggest AO integral is expected to be     7.998976882

          ------------------------
          nuclear repulsion energy  :   457.020845055    
          ------------------------


         -----------------
         -S,T+V- integrals
         -----------------

 1e-integrals will be neglected if expon. factor < 0.843930E-12
 
 Difference densities algorithm switched on.
 The maximal number of linear combinations of
 difference densities is  20.

 DIIS switched on: error vector is FDS-SDF
 Max. Iterations for DIIS is     :   4
 DIIS matrix (see manual) 
    Scaling factor of diagonals  :  1.200
    threshold for scaling factor :  0.000

 scf convergence criterion : increment of total energy < .1000000D-06
                  and increment of one-electron energy < .1000000D-03

 MOs are in ASCII format !


    mo occupation :
   irrep   mo's   occupied
    a      351       36
 
 number of basis functions   :   351
 number of occupied orbitals :    36
 

 reading orbital data $scfmo  from file mos
 orbital characterization : scfconv=7
 mo-orthogonalization by Cholesky decomposition

 automatic virtual orbital shift switched on 
      shift if e(lumo)-e(homo) < 0.10000000    

  
           ------------------------
               RI-J - INFORMATION
           ------------------------
 Contributions to RI integral batches: 
  neglected integral batches:                  2016
  direct contribution:                            0
  memory contribution:                  8862
 Memory core needed for (P|Q) and Cholesky      3 MByte
 Memory core minimum needed except of (P|Q)     1 MByte
 Total minimum memory core needed (sum)         4 MByte
  
 ****************************************
 Memory allocated for RI-J   336 MByte
 ****************************************
                                            

 DSCF restart information will be dumped onto file mos


 Starting SCF iterations

          Overall gridpoints after grid construction =         25794

 ITERATION  ENERGY          1e-ENERGY        2e-ENERGY     NORM[dD(SAO)]  TOL
   1  -461.49694526418    -1534.5454625     616.02767223    0.000D+00 0.842D-11
                            Exc = -50.6527291416     Coul =  678.702332413    
                            exK = -12.0219310467    
                              N = 71.997954227    
                          Ediel =-0.164719487102E-01
                            current damping = 0.300
 
          max. resid. norm for Fia-block=  9.193D-03 for orbital     35a         
          max. resid. fock norm         =  1.947D-02 for orbital     88a         

 ITERATION  ENERGY          1e-ENERGY        2e-ENERGY     NORM[dD(SAO)]  TOL
   2  -461.49893960901    -1534.7865766     616.26679190    0.271D+00 0.538D-11
                            Exc = -50.6726633926      Eck =  666.939455294    
                              N = 71.997972431    
                          Ediel =-0.210527611778E-01
                            current damping = 0.250
 
          Norm of current diis error: 0.71852E-01
          max. resid. norm for Fia-block=  5.650D-03 for orbital     35a         
          max. resid. fock norm         =  6.943D-03 for orbital    351a         

 ITERATION  ENERGY          1e-ENERGY        2e-ENERGY     NORM[dD(SAO)]  TOL
   3  -461.49920711808    -1534.6187866     616.09873447    0.486D-01 0.440D-11
                            Exc = -50.6504304804      Eck =  666.749164948    
                              N = 71.997958001    
                          Ediel =-0.211461425195E-01
                            current damping = 0.200
 
          Norm of current diis error: 0.51451E-01
          max. resid. norm for Fia-block=  2.580D-03 for orbital     35a         
          max. resid. fock norm         =  3.666D-03 for orbital    351a         

 ITERATION  ENERGY          1e-ENERGY        2e-ENERGY     NORM[dD(SAO)]  TOL
   4  -461.49935633293    -1534.6480396     616.12783819    0.136D-01 0.405D-11
                            Exc = -50.6558955813      Eck =  666.783733774    
                              N = 71.997962304    
                          Ediel =-0.216923414930E-01
                            current damping = 0.250
 
          Norm of current diis error: 0.11292E-01
          max. resid. norm for Fia-block=  6.502D-04 for orbital     36a         
          max. resid. fock norm         =  1.244D-03 for orbital    326a         

 ITERATION  ENERGY          1e-ENERGY        2e-ENERGY     NORM[dD(SAO)]  TOL
   5  -461.49936157874    -1534.6838850     616.16367838    0.556D-02 0.386D-11
                            Exc = -50.6590552686      Eck =  666.822733645    
                              N = 71.997960234    
                          Ediel =-0.218152553127E-01
                            current damping = 0.100
 
          Norm of current diis error: 0.70688E-02
          max. resid. norm for Fia-block=  3.307D-04 for orbital     36a         
          max. resid. fock norm         =  5.449D-04 for orbital    326a         
          mo-orthogonalization: Cholesky decomposition

 ITERATION  ENERGY          1e-ENERGY        2e-ENERGY     NORM[dD(SAO)]  TOL
   6  -461.49936431511    -1534.6731089     616.15289951    0.173D-02 0.372D-11
                            Exc = -50.6577262466      Eck =  666.810625759    
                              N = 71.997961389    
                          Ediel =-0.218593409584E-01
                            current damping = 0.150
 
          Norm of current diis error: 0.21865E-02
          max. resid. norm for Fia-block=  8.278D-05 for orbital     35a         
          max. resid. fock norm         =  1.531D-04 for orbital    326a         

 ITERATION  ENERGY          1e-ENERGY        2e-ENERGY     NORM[dD(SAO)]  TOL
   7  -461.49936456131    -1534.6699502     616.14974056    0.439D-03 0.361D-11
                            Exc = -50.6576530598      Eck =  666.807393616    
                              N = 71.997961019    
                          Ediel =-0.218597422806E-01
                            current damping = 0.100
 
          Norm of current diis error: 0.55586E-03
          max. resid. norm for Fia-block=  2.589D-05 for orbital     35a         
          max. resid. fock norm         =  4.520D-05 for orbital    344a         

 ITERATION  ENERGY          1e-ENERGY        2e-ENERGY     NORM[dD(SAO)]  TOL
   8  -461.49936457451    -1534.6731126     616.15290302    0.114D-03 0.354D-11
                            Exc = -50.6578633189      Eck =  666.810766335    
                              N = 71.997961027    
                          Ediel =-0.218664377679E-01
                            current damping = 0.150
 
          Norm of current diis error: 0.26444E-03
          max. resid. norm for Fia-block=  1.461D-05 for orbital     35a         
          max. resid. fock norm         =  2.201D-05 for orbital    326a         

 ITERATION  ENERGY          1e-ENERGY        2e-ENERGY     NORM[dD(SAO)]  TOL
   9  -461.49936457840    -1534.6722752     616.15206554    0.203D-04 0.346D-11
                            Exc = -50.6577887112      Eck =  666.809854248    
                              N = 71.997961004    
                          Ediel =-0.218656340970E-01
                            current damping = 0.200
 
          Norm of current diis error: 0.12576E-03
          max. resid. norm for Fia-block=  5.905D-06 for orbital     35a         
          max. resid. fock norm         =  9.040D-06 for orbital    326a         

 ENERGY CONVERGED !

          Overall gridpoints after grid construction =         97246

 ITERATION  ENERGY          1e-ENERGY        2e-ENERGY     NORM[dD(SAO)]  TOL
  10  -461.49997588547    -1534.6722380     616.15141708    0.539D-05 0.340D-11
                            Exc = -50.6584100251      Eck =  666.809827108    
                              N = 71.999762935    
                          Ediel =-0.218668098227E-01
                            current damping = 0.100
 
          Norm of current diis error: 0.39016E-04
          max. resid. norm for Fia-block=  1.809D-06 for orbital     35a         
          max. resid. fock norm         =  2.670D-06 for orbital    326a         

 End of SCF iterations

   convergence criteria satisfied after    10 iterations


                  ------------------------------------------ 
                 |  total energy      =   -461.49997588547  |
                  ------------------------------------------ 
                 :  kinetic energy    =    459.50154515118  :
                 :  potential energy  =   -921.00152103665  :
                 :  virial theorem    =      1.99566970566  :
                 :  wavefunction norm =      1.00000000000  :
                  .......................................... 


 <geterg> : there is no data group $energy 


 <skperg> : $end is missing 


 orbitals $scfmo  will be written to file mos

    irrep                 32a         33a         34a         35a         36a   
 eigenvalues H         -0.33328    -0.32452    -0.31524    -0.28998    -0.27743
            eV          -9.0690     -8.8308     -8.5782     -7.8909     -7.5492
 occupation              2.0000      2.0000      2.0000      2.0000      2.0000

    irrep                 37a         38a         39a         40a         41a   
 eigenvalues H         -0.00076     0.03864     0.04820     0.05924     0.07072
            eV          -0.0207      1.0514      1.3116      1.6120      1.9243
 
 ==============================================================================
                                  COSMO RESULTS
 ==============================================================================
  PARAMETER:
    nppa:      1082
    nspa:        92
    nsph:        32
    nps:        784
    npspher:    319
    disex:   10.0000    
    disex2:  3754.57    
    rsolv [A]: 1.3000
    routf:     0.8500
    phsran:    0.0    
    ampran:   0.10E-04
    cavity:  closed
    solvent: not set
    source:  Custom values, not taken from cosmosolvent list!                                                                        
    epsilon: infinity
    refind:      1.300 ( 25.0 C)
    fepsi:       1.0000000
  CAVITY VOLUME/AREA [a.u.]:
    surface: V1.0, A matrix: V1.0
    area:   626.02
    volume:  1145.97
  SCREENING CHARGE:
    cosmo      :  -0.030313
    correction :   0.029559
    total      :  -0.000754
  ENERGIES [a.u.]:
    Total energy            =      -461.4999758854682
    Total energy + OC corr. =      -461.5002046219
    Dielectric energy       =        -0.0218668098
    Diel. energy + OC corr. =        -0.0220955463
  ELEMENT RADIUS [A]: ATOM LIST
    c  2.00: 1-4,7,8
    o  1.72: 5,6,9
    h  1.30: 10-21
 ==============================================================================
 
 
 
 ==============================================================================
                           electrostatic moments
 ==============================================================================

 reference point for electrostatic moments:    0.00000   0.00000   0.00000

 
              nuc           elec       ->  total
 ------------------------------------------------------------------------------
                          charge      
 ------------------------------------------------------------------------------
          72.000000     -72.000000       0.000000
 
 ------------------------------------------------------------------------------
                       dipole moment  
 ------------------------------------------------------------------------------
   x      41.469656     -40.889089       0.580567
   y      37.201084     -38.530415      -1.329331
   z     -37.839945      36.950551      -0.889394
 
   | dipole moment | =     1.7015 a.u. =     4.3249 debye 
 
 ------------------------------------------------------------------------------
                     quadrupole moment
 ------------------------------------------------------------------------------
  xx    1341.759203   -1384.364621     -42.605418
  yy     267.059665    -311.438423     -44.378758
  zz     299.217595    -339.220350     -40.002756
  xy     -67.229584      71.356104       4.126520
  xz    -504.178031     503.530534      -0.647497
  yz     -32.718356      27.814598      -4.903758
 
     1/3  trace=     -42.328977
     anisotropy=      11.790538
 
 ==============================================================================
 
HOMO-LUMO Separation
 HOMO         :   -0.27742664 H =     -7.54917 eV
 LUMO         :   -0.00076125 H =     -0.02071 eV
 HOMO-LUMO gap:    0.27666539 H =     +7.52845 eV
 
 ==============================================================================


    ------------------------------------------------------------------------
         total  cpu-time :  3 minutes and 45 seconds
         total wall-time :  14.63 seconds
    ------------------------------------------------------------------------

   ****  ridft : all done  ****


    2026-04-15 19:55:45.218 

 ridft ended normally
