AutoDock Vina v1.2.5
#################################################################
# If you used AutoDock Vina in your work, please cite:          #
#                                                               #
# J. Eberhardt, D. Santos-Martins, A. F. Tillack, and S. Forli  #
# AutoDock Vina 1.2.0: New Docking Methods, Expanded Force      #
# Field, and Python Bindings, J. Chem. Inf. Model. (2021)       #
# DOI 10.1021/acs.jcim.1c00203                                  #
#                                                               #
# O. Trott, A. J. Olson,                                        #
# AutoDock Vina: improving the speed and accuracy of docking    #
# with a new scoring function, efficient optimization and       #
# multithreading, J. Comp. Chem. (2010)                         #
# DOI 10.1002/jcc.21334                                         #
#                                                               #
# Please see https://github.com/ccsb-scripps/AutoDock-Vina for  #
# more information.                                             #
#################################################################

Scoring function : vina
Rigid receptor: /lusitania_homes/ubu-iccram/ubu-iccram01/MASTER_SALUD_2026/DIEGO/Archivos_Trabajo/docking/receptores/1LYZ.pdbqt
Ligand: /lusitania_homes/ubu-iccram/ubu-iccram01/MASTER_SALUD_2026/DIEGO/Archivos_Trabajo/docking/ligandos/L-Lactic_acid.pdbqt
Grid center: X 17 Y 10 Z 25
Grid size  : X 20 Y 20 Z 20
Grid space : 0.375
Exhaustiveness: 32
CPU: 8
Verbosity: 1

Computing Vina grid ... done.
Performing docking (random seed: 633924189) ... 
0%   10   20   30   40   50   60   70   80   90   100%
|----|----|----|----|----|----|----|----|----|----|
***************************************************

mode |   affinity | dist from best mode
     | (kcal/mol) | rmsd l.b.| rmsd u.b.
-----+------------+----------+----------
   1       -2.895          0          0
   2       -2.706      13.87      14.86
   3       -2.703      14.39      15.55
   4       -2.673      13.17      14.09
   5       -2.637      12.98      13.63
   6       -2.549      9.156      9.803
   7       -2.541      13.74      14.69
   8       -2.535      9.082      9.569
   9       -2.453      8.864      9.093
DONE: 1LYZ x L-Lactic_acid
