
   OpenMP run-time library returned nthreads = 16

 ridft (s02r1b82) : TURBOMOLE rev. V7-8-1 compiled 26 Feb 2024 at 17:12:58
 Copyright (C) 2024 TURBOMOLE GmbH, Karlsruhe


    2026-04-15 19:55:42.237 



                                  r i d f t

                        DFT program with RI approximation 
                                for coulomb part 





                                 References:     
                                                 
          TURBOMOLE:                             
              R. Ahlrichs, M. Baer, M. Haeser, H. Horn, and
              C. Koelmel
              Electronic structure calculations on workstation
              computers: the program system TURBOMOLE
              Chem. Phys. Lett. 162: 165 (1989)
          Density Functional:                              
              O. Treutler and R. Ahlrichs                      
              Efficient Molecular Numerical Integration Schemes
              J. Chem. Phys. 102: 346 (1995)                   
          Parallel Version:                                
              Performance of parallel TURBOMOLE for Density    
              Functional Calculations                          
              M. v. Arnim and R. Ahlrichs                      
              J. Comp. Chem. 19: 1746 (1998)                   
          RI-J Method:                                     
              Auxiliary Basis Sets to approximate Coulomb      
              Potentials                                       
              Chem. Phys. Lett. 240: 283 (1995)                
              K. Eichkorn, O. Treutler, H. Oehm, M. Haeser     
              and R. Ahlrichs                                  
              Chem. Phys. Lett. 242: 652 (1995)                
                                                           
              Auxiliary Basis Sets for Main Row Atoms and their
              Use to approximate Coulomb Potentials            
              K. Eichkorn, F. Weigend, O. Treutler and         
              R. Ahlrichs                                      
              Theo. Chem. Acc. 97: 119 (1997)                  
                                                           
              Accurate Coulomb-fitting basis sets for H to Rn 
              F. Weigend                                       
              Phys. Chem. Chem. Phys. 8: 1057 (2006)           
                                                           
          Multipole accelerated RI-J (MARI-J):             
              Fast evaluation of the Coulomb potential for     
              electron densities using multipole accelerated   
              resolution of identity approximation             
              M. Sierka, A. Hogekamp and R. Ahlrichs           
              J. Chem. Phys. 118: 9136 (2003)                  
          RI-JK Method:                                     
              A fully direct RI-HF algorithm: Implementation,
              optimised auxiliary basis sets, demonstration of
              accuracy and efficiency                         
              F. Weigend                                      
              Phys. Chem. Chem. Phys. 4: 4285 (2002)           
          Two-component HF and DFT with spin-orbit coupling:  
              Self-consistent treatment of spin-orbit         
              interactions with efficient Hartree-Fock and    
              density functional methods                      
              M. K. Armbruster, F. Weigend, C. van Wüllen and 
              W. Klopper                                      
              Phys. Chem. Chem. Phys. 10: 1748 (2008)         
          Two-component difference density and DIIS algorithm 
              Efficient two-component self-consistent field   
              procedures and gradients: implementation in     
              TURBOMOLE and application to Au20-              
              A. Baldes, F. Weigend                           
              Mol. Phys. 111: 2617 (2013)                     
          Relativistic current density functional theory      
              Current density functional framework for        
              spin-orbit coupling                             
              C. Holzer, Y. J. Franzke, A. Pausch             
              J. Chem. Phys. 157: 204102 (2022)               
          Relativistic all-electron 2c calculations           
              An efficient implementation of two-component    
              relativistic exact-decoupling methods for large 
              molecules                                       
              D. Peng, N. Middendorf, F. Weigend, M. Reiher   
              J. Chem. Phys. 138: 184105 (2013)               
          Finite nucleus model and SNSO approximation         
              Efficient implementation of one- and two-       
              component analytical energy gradients in exact  
              two-component theory                            
              Y. J. Franzke, N. Middendorf, F. Weigend        
              J. Chem. Phys. 148: 104110 (2018)               
          Grids for all-electron relativistic methods         
              Error-consistent segmented contracted all-      
              electron relativistic basis sets of double-     
              and triple-zeta quality for NMR shielding       
              constants                                       
              Y. J. Franzke, R. Tress, T. M. Pazdera,         
              F. Weigend                                      
              Phys. Chem. Chem. Phys. 21: 166658 (2019)       
          Seminumerical exchange algorithms                   
              Seminumerical calculation of the Hartree-Fock   
              exchange matirx: Application to two-component   
              procedures and efficient evaluation of local    
              hybrid functionsl                               
              P. Plessow, F. Weigend,                         
              J. Comput. Chem. 33: 810 (2012)                 
          Improved seminumerical algorithms                   
              C. Holzer,                                      
              J. Chem. Phys. 153 (2020), 184115               






          OpenMP Shared-Memory Parallelization: 16 CPUs.

            By: Christof Holzer and Yannick J. Franzke


              +--------------------------------------------------+
              |      general information about current run       |
              +--------------------------------------------------+

 
 Becke-3-Parameter hybrid functional: B3-LYP
 exchange:    0.8*LDA + 0.72*B88 + 0.2*HF
 correlation: 0.19*LDA(VWN) + 0.81*LYP
 A Hybrid-DFT calculation using the RI-J approximation will be carried out.
 Allocatable memory for RI due to $ricore (MB):                  5000


              +--------------------------------------------------+
              | Atomic coordinate, charge and isotop information |
              +--------------------------------------------------+

                    atomic coordinates            atom    charge  isotop
          0.99961349   -1.26237149   -1.05128524    c      6.000     0
         -1.31051123   -1.79452909    0.58289836    c      6.000     0
         -3.11678599    0.38574896    0.97876747    c      6.000     0
         -4.62955196    0.51225147    2.66660821    o      8.000     0
         -2.93250392    2.17595387   -0.84358124    o      8.000     0
          2.77418021    0.64704963    0.10768362    c      6.000     0
          2.57511727    1.55580275    2.18214910    o      8.000     0
          4.69276439    1.22657575   -1.47770767    o      8.000     0
          2.07509532   -3.00360844   -1.34299765    h      1.000     0
          0.46964178   -0.59484499   -2.92804465    h      1.000     0
         -0.77117911   -2.45221792    2.45745829    h      1.000     0
         -2.42091458   -3.30976360   -0.28122669    h      1.000     0
         -4.16415994    3.47285290   -0.43968414    h      1.000     0
          5.75919427    2.44110019   -0.61103775    h      1.000     0
 
       center of nuclear mass  :   -0.09823615    0.50588793    0.37844889
       center of nuclear charge:   -0.08591511    0.45441253    0.33520322

              +--------------------------------------------------+
              |               basis set information              |
              +--------------------------------------------------+

              we will work with the 1s 3p 5d 7f 9g ... basis set
              ...i.e. with spherical basis functions...

   type   atoms  prim   cont   basis
   ---------------------------------------------------------------------------
    c        4     46     31   def2-TZVP   [5s3p2d1f|11s6p2d1f]
    o        4     46     31   def2-TZVP   [5s3p2d1f|11s6p2d1f]
    h        6      8      6   def2-TZVP   [3s1p|5s1p]
   ---------------------------------------------------------------------------
   total:   14    416    284
   ---------------------------------------------------------------------------

   total number of primitive shells          :   46
   total number of contracted shells         :  112
   total number of cartesian basis functions :  324
   total number of SCF-basis functions       :  284


 integral neglect threshold       :  0.10E-10
 integral storage threshold THIZE :  0.10E-04
 integral storage threshold THIME :         5

 RI-J AUXILIARY BASIS SET information:

              we will work with the 1s 3p 5d 7f 9g ... basis set
              ...i.e. with spherical basis functions...

   type   atoms  prim   cont   basis
   ---------------------------------------------------------------------------
    c        4     70     49   def2-TZVP   [6s4p3d1f1g|12s5p4d2f1g]
    o        4     70     49   def2-TZVP   [6s4p3d1f1g|12s5p4d2f1g]
    h        6     16     11   def2-TZVP   [3s1p1d|5s2p1d]
   ---------------------------------------------------------------------------
   total:   14    656    458
   ---------------------------------------------------------------------------

   total number of primitive shells          :   56
   total number of contracted shells         :  150
   total number of cartesian basis functions :  560
   total number of SCF-basis functions       :  458


 symmetry group of the molecule :   c1 

 the group has the following generators :
   c1(z)

    1 symmetry operations found

 there are 1 real representations :   a   

 maximum number of shells which are related by symmetry :  1

  
           ------------------
           density functional
           ------------------
 Becke-3-Parameter hybrid functional: B3-LYP
 exchange:    0.8*LDA + 0.72*B88 + 0.2*HF
 correlation: 0.19*LDA(VWN) + 0.81*LYP
 iterations will be done with small grid
  
 spherical integration : Lebedev's spherical grid
 spherical gridsize    :                     3
    i.e. gridpoints    :                   302
  maximum batchsize    :                   100
 value for diffuse not defined
 radial integration    : Chebyshev 2nd kind (scaling 3)
 radial gridsize       :                     3
 integration cells     :                    14
 partition function    : becke
 partition sharpness   :                     3
  

 biggest AO integral is expected to be     7.998976882

          ------------------------
          nuclear repulsion energy  :   380.190305303    
          ------------------------


         -----------------
         -S,T+V- integrals
         -----------------

 1e-integrals will be neglected if expon. factor < 0.103147E-11
 
 Difference densities algorithm switched on.
 The maximal number of linear combinations of
 difference densities is  20.

 DIIS switched on: error vector is FDS-SDF
 Max. Iterations for DIIS is     :   4
 DIIS matrix (see manual) 
    Scaling factor of diagonals  :  1.200
    threshold for scaling factor :  0.000

 scf convergence criterion : increment of total energy < .1000000D-06
                  and increment of one-electron energy < .1000000D-03

 MOs are in ASCII format !


    mo occupation :
   irrep   mo's   occupied
    a      284       31
 
 number of basis functions   :   284
 number of occupied orbitals :    31
 

 reading orbital data $scfmo  from file mos
 orbital characterization : scfconv=7
 mo-orthogonalization by Cholesky decomposition

 automatic virtual orbital shift switched on 
      shift if e(lumo)-e(homo) < 0.10000000    

  
           ------------------------
               RI-J - INFORMATION
           ------------------------
 Contributions to RI integral batches: 
  neglected integral batches:                   748
  direct contribution:                            0
  memory contribution:                  5580
 Memory core needed for (P|Q) and Cholesky      2 MByte
 Memory core minimum needed except of (P|Q)     1 MByte
 Total minimum memory core needed (sum)         3 MByte
  
 ****************************************
 Memory allocated for RI-J   204 MByte
 ****************************************
                                            

 DSCF restart information will be dumped onto file mos


 Starting SCF iterations

          Overall gridpoints after grid construction =         19275

 ITERATION  ENERGY          1e-ENERGY        2e-ENERGY     NORM[dD(SAO)]  TOL
   1  -456.93790769788    -1378.7578552     541.62964218    0.000D+00 0.103D-10
                            Exc = -46.9951259059     Coul =  599.785431429    
                            exK = -11.1606633385    
                              N = 61.998309524    
                            current damping = 0.300
 
          max. resid. norm for Fia-block=  2.450D-05 for orbital     28a         
          max. resid. fock norm         =  6.295D-05 for orbital    277a         

 ITERATION  ENERGY          1e-ENERGY        2e-ENERGY     NORM[dD(SAO)]  TOL
   2  -456.93790769714    -1378.7577530     541.62953999    0.152D-03 0.652D-11
                            Exc = -46.9951108609      Eck =  588.624650852    
                              N = 61.998309516    
                            current damping = 0.300
 
          Norm of current diis error: 0.32665E-03
          max. resid. norm for Fia-block=  1.149D-05 for orbital     28a         
          max. resid. fock norm         =  2.073D-05 for orbital    284a         

 ENERGY CONVERGED !

          Overall gridpoints after grid construction =         70764

 ITERATION  ENERGY          1e-ENERGY        2e-ENERGY     NORM[dD(SAO)]  TOL
   3  -456.93813107788    -1378.7577886     541.62935219    0.451D-04 0.619D-11
                            Exc = -46.9953348432      Eck =  588.624687038    
                              N = 61.999979176    
                            current damping = 0.350
 
          Norm of current diis error: 0.79888E-04
          max. resid. norm for Fia-block=  2.985D-06 for orbital     15a         
          max. resid. fock norm         =  4.762D-06 for orbital    284a         

 End of SCF iterations

   convergence criteria satisfied after     3 iterations


                  ------------------------------------------ 
                 |  total energy      =   -456.93813107788  |
                  ------------------------------------------ 
                 :  kinetic energy    =    455.14615664158  :
                 :  potential energy  =   -912.08428771946  :
                 :  virial theorem    =      1.99607829963  :
                 :  wavefunction norm =      1.00000000000  :
                  .......................................... 


 <geterg> : there is no data group $energy 


 <skperg> : $end is missing 


 orbitals $scfmo  will be written to file mos

    irrep                 27a         28a         29a         30a         31a   
 eigenvalues H         -0.38137    -0.33828    -0.32997    -0.29445    -0.28524
            eV         -10.3778     -9.2052     -8.9789     -8.0124     -7.7617
 occupation              2.0000      2.0000      2.0000      2.0000      2.0000

    irrep                 32a         33a         34a         35a         36a   
 eigenvalues H         -0.00739    -0.00011     0.01899     0.03279     0.05189
            eV          -0.2011     -0.0029      0.5168      0.8923      1.4119
 
 
 
 
 ==============================================================================
                           electrostatic moments
 ==============================================================================

 reference point for electrostatic moments:    0.00000   0.00000   0.00000

 
              nuc           elec       ->  total
 ------------------------------------------------------------------------------
                          charge      
 ------------------------------------------------------------------------------
          62.000000     -62.000000       0.000000
 
 ------------------------------------------------------------------------------
                       dipole moment  
 ------------------------------------------------------------------------------
   x      -5.326737       5.867099       0.540362
   y      28.173577     -28.384386      -0.210809
   z      20.782600     -21.863841      -1.081242
 
   | dipole moment | =     1.2270 a.u. =     3.1187 debye 
 
 ------------------------------------------------------------------------------
                     quadrupole moment
 ------------------------------------------------------------------------------
  xx     651.738038    -685.629917     -33.891879
  yy     148.028938    -177.761935     -29.732998
  zz     149.691869    -189.708473     -40.016604
  xy      21.163825     -21.417154      -0.253328
  xz    -123.957478     127.546270       3.588792
  yz      10.934324     -12.264236      -1.329913
 
     1/3  trace=     -34.547160
     anisotropy=      11.154253
 
 ==============================================================================
 
HOMO-LUMO Separation
 HOMO         :   -0.28523680 H =     -7.76169 eV
 LUMO         :   -0.00738983 H =     -0.20109 eV
 HOMO-LUMO gap:    0.27784697 H =     +7.56061 eV
 
 ==============================================================================


    ------------------------------------------------------------------------
         total  cpu-time :  48.48 seconds
         total wall-time :   3.28 seconds
    ------------------------------------------------------------------------

   ****  ridft : all done  ****


    2026-04-15 19:55:45.485 

 ridft ended normally
