
   OpenMP run-time library returned nthreads = 16

 force (s02r2b47) : TURBOMOLE rev. V7-8-1 compiled 26 Feb 2024 at 17:12:58
 Copyright (C) 2024 TURBOMOLE GmbH, Karlsruhe


    2026-04-15 19:55:44.498 



                             T U R B O M O L E   

                          a o f o r c e - program

                        using direct algorithms for

                       SCF level calculations of
                         * harmonic force constants
                         * hyperpolarizabilities
                         * IR and RAMAN intensities
                         * VCD intensities

                       DFT level calculations of
                         * harmonic force constants
                         * IR intensities
                                                   
       Stephan Boecker, Peter Deglmann, Filipp Furche and Marco Haeser
                          Quantum Chemistry Group
                          Universitaet  Karlsruhe
                                   Germany

 
 

          OpenMP Shared-Memory Parallelization: 16 CPUs.

            By: Erik P. Almaraz and Filipp Furche
            Copyright 2009-2011 by UCI and TURBOMOLE GmbH.

            Revised By: Christof Holzer and Yannick J. Franzke.

 
 
     References :
 
       RI-J implementation:
         Peter Deglmann, Klaus May, Filipp Furche, Reinhart Ahlrichs
                 Chem. Phys. Lett. 384:103 (2004)
 
       Efficiency, technical details:
         Peter Deglmann, Filipp Furche, Reinhart Ahlrichs
                 Chem. Phys. Lett. 362:511 (2002)
 
       Search of lowest eigenvalues by iterative diagonalization:
         Peter Deglmann, Filipp Furche
                 J. Chem. Phys. 117:9535 (2002)
 
       Vibrational circular dichroism implementation:
        Kevin Reiter, Michael Kuehn, Florian Weigend
                 J. Chem. Phys. 146:054102 (2017)  
 
 


              +--------------------------------------------------+
              | Atomic coordinate, charge and isotop information |
              +--------------------------------------------------+

                    atomic coordinates            atom    charge  isotop
          5.85700637    0.30630823    0.26916375    c      6.000     0
          3.32155475    1.06755873    0.87203223    o      8.000     0
          1.45940268   -0.35694643   -0.13216610    c      6.000     0
          1.84754822   -2.14042998   -1.49436339    o      8.000     0
         -1.10463315    0.56685501    0.71262498    c      6.000     0
         -3.28619708   -0.71971602   -0.65611055    c      6.000     0
         -5.69273065    0.09471356    0.44450893    n      7.000     0
          6.16117114    0.34683619   -1.76689540    h      1.000     0
          7.07909218    1.66298444    1.20925882    h      1.000     0
          6.22299999   -1.59786742    0.96388234    h      1.000     0
         -1.17022726    2.61923445    0.47000384    h      1.000     0
         -1.26671397    0.23657740    2.74739987    h      1.000     0
         -3.12551248   -0.35825165   -2.69376720    h      1.000     0
         -3.12356483   -2.76010851   -0.41099099    h      1.000     0
         -7.14492866   -0.90779019   -0.29735985    h      1.000     0
         -6.03426534    1.94004409    0.05433700    h      1.000     0
 
       center of nuclear mass  :    0.34604360   -0.16574429   -0.01094290
       center of nuclear charge:    0.29741487   -0.14213056   -0.00768117

              +--------------------------------------------------+
              |               basis set information              |
              +--------------------------------------------------+

              we will work with the 1s 3p 5d 7f 9g ... basis set
              ...i.e. with spherical basis functions...

   type   atoms  prim   cont   basis
   ---------------------------------------------------------------------------
    c        4     46     31   def2-TZVP   [5s3p2d1f|11s6p2d1f]
    o        2     46     31   def2-TZVP   [5s3p2d1f|11s6p2d1f]
    n        1     46     31   def2-TZVP   [5s3p2d1f|11s6p2d1f]
    h        9      8      6   def2-TZVP   [3s1p|5s1p]
   ---------------------------------------------------------------------------
   total:   16    394    271
   ---------------------------------------------------------------------------

   total number of primitive shells          :   66
   total number of contracted shells         :  113
   total number of cartesian basis functions :  306
   total number of SCF-basis functions       :  271

 
             FOUND RI-J FLAG !
 

 NOTE: THIS IS A PRELIMINARY IMPLEMENTATION. THE RI APPROXIMATION IS
       PRESENTLY USED FOR CPKS CONTRIBUTIONS TO THE HESSIAN ONLY! SEE
       MANUAL FOR FURTHER DETAILS.

  
 AUXILIARY BASIS SET information:

              we will work with the 1s 3p 5d 7f 9g ... basis set
              ...i.e. with spherical basis functions...

   type   atoms  prim   cont   basis
   ---------------------------------------------------------------------------
    c        4     70     49   def2-TZVP   [6s4p3d1f1g|12s5p4d2f1g]
    o        2     70     49   def2-TZVP   [6s4p3d1f1g|12s5p4d2f1g]
    n        1     70     49   def2-TZVP   [6s4p3d1f1g|12s5p4d2f1g]
    h        9     16     11   def2-TZVP   [3s1p1d|5s2p1d]
   ---------------------------------------------------------------------------
   total:   16    634    442
   ---------------------------------------------------------------------------

   total number of primitive shells          :   80
   total number of contracted shells         :  150
   total number of cartesian basis functions :  535
   total number of SCF-basis functions       :  442


 symmetry group of the molecule :   c1 

 the group has the following generators :
   c1(z)

    1 symmetry operations found

 there are 1 real representations :   a   

 maximum number of shells which are related by symmetry :  1


 determining totally symmetric integral contributions 
    - equivalent to irreducible tensor elements - 
 which can be formed within each triple of representations :

             representation triple      contributions

              a     a     a               1
  MOs are in ASCII format !

  MOs are in ASCII format !


    mo occupation :
   irrep   mo's   occupied
    a      271       28
 
 number of basis functions   :   271
 number of occupied orbitals :    28
 

 reading orbital data $scfmo  from file mos
 orbital characterization : scfconv=7
 time elapsed for calculating density matrices :   0.124 sec
 all orbitals will be included in the transformation

 number of non-frozen orbitals          :   271
 number of non-frozen occupied orbitals :    28


 Blocking parameters 
 shells:
    index      start shell   last shell  start bf    last bf    #bf 
       1             1         113             1        306    306
          size of I/O Block in Byte:               35956224
  
           ----------------------
               RI - INFORMATION
           ----------------------

 biggest AO integral is expected to be     7.998976882

 Threshold for integral neglect (rithr2):   0.82E-11
 Threshold for integral neglect (rithr1):   0.82E-11

 Contributions to RI integral batches: 
  neglected integral batches:                   805
  direct contribution:                            0
  memory contribution:                  5636
 Core memory available (ricore)            5000 MiB
 Core memory needed for (P|Q) and Cholesky 2 MiB
 Core memory used for integrals            171 MiB
  
 ****************************************
 Memory allocated for RIDFT 172 MiB
 ****************************************
                                            
  
           ------------------
           density functional
           ------------------
 Becke-3-Parameter hybrid functional: B3-LYP
 exchange:    0.8*LDA + 0.72*B88 + 0.2*HF
 correlation: 0.19*LDA(VWN) + 0.81*LYP
 iterations will be done with small grid
  
 spherical integration : Lebedev's spherical grid
 spherical gridsize    :                     3
    i.e. gridpoints    :                   302
  maximum batchsize    :                   100
 value for diffuse not defined
 radial integration    : Chebyshev 2nd kind (scaling 3)
 radial gridsize       :                     3
 integration cells     :                    16
 partition function    : becke
 partition sharpness   :                     3
  
 
 Derivatives of quadrature weights will be included
 
 preparing DFT   numerical integration ....
          Overall gridpoints after grid construction =         75180
 Ordering of quadrature gridpoints disabled.
 
 
 
 
 OCCUPIED-OCCUPIED TENSOR SPACES :

          IRREP   tensor space dimension   number of roots

           a                 784                     42
 
 OCCUPIED-VIRTUAL TENSOR SPACES :

          IRREP   tensor space dimension   number of roots

           a                6804                     42
 
 
 
 
 CONSTRUCTING integral bounds

 setting up bound for integral derivative estimation

 increment for numerical differentiation : 0.00050000
 
 machine precision:   2.220446049250313E-016

 integral neglect threshold       :  0.10E-09
 integral storage threshold THIZE :  0.10E-04
 integral storage threshold THIME :         5

 
 
 
 PREPARING NUMERICAL INTEGRATION
 
 Remaining core memory for DFT =                  7897 MB
 
 Memory needed per atom    =                  1100 KiB
 
     i. e.                    16 atoms per loop

 Calculating ground state density on molecular grid

 Integral of ground state density: N =   56.00002306933399    


 
 
 CONSTRUCTING first deriv. of <mu|x,y,z|nu> -> Dip. deriv.
  dipole integral derivatives will be neglected if
  expon. factor <0.163399E-11
      ...terminated. cpu:       0.29       wall:       0.02
 
 
 
 
 CONSTRUCTING first deriv. of  <mu|nu>
                               <mu|h|nu>    -> RHS
              second deriv. of <mu|nu>      -> Hessian
                               <mu|h|nu>    -> Hessian
                               nucl. rep.   -> Hessian
     integrals are neglected if expon. factor <  1.633986928104575E-013
      ...terminated. cpu:       1.44       wall:       0.09



 CONSTRUCTING second deriv. of 2e energy    -> Hessian
  treating Coulomb (and exchange) contribution
  integrals will be neglected if total contribution <  0.16339869E-08
      ...terminated. cpu:     224.96       wall:      19.73
  treating exchange-correlation contribution
      ...terminated. cpu:      61.82       wall:       4.01
 
 
 
 
 CONSTRUCTING S(i,j)xi
      ...terminated. cpu:       0.14       wall:       0.01
 
 
 
 
 CONSTRUCTING <i|x,y,z|j>*S(i,j)xi          -> Dip. deriv.
      ...terminated. cpu:       0.03       wall:       0.00
 
 
 
 
 CONSTRUCTING epsilon(i)*S(i,j)xi*S(i,j)chi -> Hessian
      ...terminated. cpu:       0.02       wall:       0.00
 
 
 
 
 CONSTRUCTING G(a,i)[S(k,l)xi]              -> RHS
              G(i,j)[S(k,l)xi]*S(i,j)chi    -> Hessian
 
         Maximum core memory set to                   8000 MB
         This corresponds to                 11161 vectors in CAO basis
      ...terminated. cpu:     192.22       wall:      15.70
 
 
 
 
 CONSTRUCTING G(mu,nu)[D(kap,lam)]xi
 
          Maximum core memory set to                   8000 MB
          Atoms treated simultaneously :                    16
 max of dfo   66.8991418854390     
      ...terminated. cpu:     211.55       wall:      13.23




 CONSTRUCTING F(a,i)xi                      -> RHS
              F(i,j)xi*S(i,j)chi            -> Hessian
 
        Maximum core memory set to                  8000 MB
        This corresponds to                 19499 vectors in CAO basis
      ...terminated. cpu:       0.89       wall:       0.06
 
 
 
 
 CONSTRUCTING epsilon(i)*S(a,i)xi           -> RHS
      ...terminated. cpu:       0.77       wall:       0.05





 SOLVING CPHF equations
 
 Residuum convergence criterium   :  1.000000000000000E-005
 
 Maximum number of Davidson iterations set to                    25

 logfile cphf_a    will be constructed


  Switching to small grid for DFT
        preparing DFT   numerical integration ....
          Overall gridpoints after grid construction =         19946

 Calculating ground state density on molecular grid

 Integral of ground state density: N =   56.00174502940357    




                       Nonorthonormal Krylov Space Iteration


 total number of roots to be determined: 42


 maximum core memory set to         8000 MB,
 corresponding to    11098 vectors in CAO basis


 maximum number of simultaneously treated vectors (including degeneracy):       42


 Iteration IRREP Converged      Max. Euclidean
                 roots          residual norm

    1       a        0        6.372076264474510D-02
 
    2       a        0        7.010024900012774D-03
 
    3       a        0        5.266151086607721D-04
 
    4       a       11        4.644707238959243D-05
 
    5       a       42        9.980776294223049D-06
 

 converged!

  Switching to fine grid
        preparing numerical DFT   integration ....
          Overall gridpoints after grid construction =         75180

 Calculating ground state density on molecular grid

 Integral of ground state density: N =   56.00002306933402    



 Iteration IRREP Converged      Max. Euclidean
                 roots          residual norm

    6       a        0        7.763826273868097D-05
 

 NOTE: Residual norms are larger than 1.00D-05 due to mgrid option!

      ...terminated. cpu:     803.76       wall:      71.05
 
 
 
 
 CONSTRUCTING <a|x,y,z|i>*U(a,i)xi          -> Dip. deriv.
      ...terminated. cpu:       0.11       wall:       0.01
 
 
 
 
 CONSTRUCTING RHS(a,i)xi*U(a,i)chi          -> Hessian
      ...terminated. cpu:       0.15       wall:       0.01
 
 
 
 

            -----------------------
            permanent dipole moment
            -----------------------

                                   x                y                z
    electronic part       :  -16.6482742709     8.5589588745     0.3639848052
     nuclear   part       :   16.6552328456    -7.9593115332    -0.4301457674
     total                :    0.0069585747     0.5996473413    -0.0661609622

 with reference to the point :   0.0000000        0.0000000        0.0000000
 (given in atomic units)
    | dipole |       :    1.5335140924  debye

   ***  dipole moment & cartesian dipole gradients written onto
        $dipole, $dipgrad,  file=<dipgrad>  ***

             -----------------------------------
             rotational and vibrational analysis
             -----------------------------------


            ==============================================================
            ATOMIC WEIGHTS (average over the natural occurance of isotops)
            ==============================================================
            ('*' denotes special isotop !)
              1     c                12.01115
              2     o                15.99940
              3     c                12.01115
              4     o                15.99940
              5     c                12.01115
              6     c                12.01115
              7     n                14.00670
              8     h                 1.00797
              9     h                 1.00797
             10     h                 1.00797
             11     h                 1.00797
             12     h                 1.00797
             13     h                 1.00797
             14     h                 1.00797
             15     h                 1.00797
             16     h                 1.00797

          -------------------------------------------------
          CARTESIAN FORCE CONSTANT MATRIX (hartree/bohr**2)
         (translational & rotational space projected out)
          -------------------------------------------------

   ATOM              1 c                           2 o 
                  dx        dy        dz        dx        dy        dz
   1 c     dx  0.4551696
           dy  0.0549602 0.5879736
           dz  0.0420589 0.0033129 0.5842021
   2 o     dx -0.1631422 0.0441395 0.0336776 0.4823184
           dy  0.0232114-0.0928938-0.0208314 0.0376099 0.2556127
           dz  0.0185196-0.0208417-0.0816650 0.0190647 0.1321387 0.1739822
   3 c     dx -0.0632848-0.0188276-0.0118531-0.1972409-0.0388622-0.0262808
           dy -0.0132837 0.0133134 0.0099195-0.0505772-0.1273815-0.0441320
           dz -0.0084111 0.0097939 0.0088187-0.0339268-0.0440637-0.0986352
   4 o     dx  0.0036353-0.0020957-0.0014722 0.0154881-0.0380512-0.0283067
           dy  0.0143977-0.0054485 0.0002545-0.0406396-0.0524016-0.0604473
           dz  0.0106106 0.0006195-0.0060596-0.0296946-0.0603354-0.0145388
   5 c     dx  0.0021077-0.0028335-0.0017763-0.0458024 0.0020827 0.0050514
           dy -0.0028688-0.0006917-0.0033855-0.0211709 0.0096182 0.0005801
           dz -0.0028373-0.0041937 0.0024385-0.0145114 0.0007223 0.0111067
   6 c     dx -0.0004080-0.0004817-0.0002701-0.0012186 0.0015354 0.0008708
           dy  0.0004259 0.0011707-0.0000985 0.0052814-0.0002448-0.0016686
           dz  0.0005642 0.0003450 0.0009687 0.0060837-0.0016729-0.0003396
   7 n     dx  0.0005080-0.0004763-0.0003209-0.0043002-0.0001001 0.0000666
           dy -0.0001241-0.0002561-0.0001578-0.0018737 0.0007964 0.0005837
           dz -0.0002024-0.0001251-0.0001611-0.0005388 0.0007507 0.0005414
   8 h     dx -0.0509710-0.0013359 0.0219008-0.0223334 0.0007813 0.0362128
           dy -0.0015614-0.0508844 0.0100239 0.0059718 0.0000504-0.0117947
           dz  0.0303895 0.0098096-0.3118032 0.0111282-0.0025205-0.0010161
   9 h     dx -0.1310228-0.1007825-0.0701275-0.0367092-0.0211577-0.0144250
           dy -0.1110734-0.1765639-0.0857599 0.0113745 0.0092640 0.0061099
           dz -0.0774361-0.0859686-0.1123668 0.0090580 0.0068387 0.0050439
  10 h     dx -0.0529533 0.0274773-0.0113394-0.0238006 0.0336758-0.0103395
           dy  0.0352422-0.2759967 0.0868933 0.0120398-0.0041375-0.0012307
           dz -0.0142811 0.0873685-0.0842261 0.0031456-0.0108425 0.0046360
  11 h     dx  0.0003047-0.0002277 0.0003156-0.0011760-0.0021505 0.0009923
           dy  0.0005882 0.0004848-0.0004667-0.0013541 0.0016205 0.0001003
           dz  0.0001247 0.0001573-0.0003716-0.0015073-0.0000883-0.0000883
  12 h     dx  0.0000525 0.0005689-0.0007212-0.0012652 0.0006405-0.0022334
           dy  0.0000855-0.0002110 0.0001807-0.0011403 0.0000059 0.0001612
           dz  0.0007296-0.0002847 0.0003243-0.0010704-0.0002895 0.0009929
  13 h     dx  0.0001230-0.0000441 0.0000111-0.0003578 0.0000391 0.0003168
           dy  0.0000424-0.0000274 0.0000592-0.0000888-0.0003344 0.0000384
           dz -0.0000094-0.0000520-0.0000492-0.0004800 0.0005365 0.0003947
  14 h     dx -0.0000709 0.0000688-0.0000011 0.0003720 0.0006313 0.0004329
           dy -0.0000205-0.0000190-0.0000078-0.0001687 0.0005192 0.0004197
           dz  0.0000621 0.0000644-0.0000139-0.0000264-0.0002061-0.0002645
  15 h     dx  0.0000572-0.0001584-0.0000938-0.0010558 0.0002487 0.0002226
           dy -0.0000046 0.0000505 0.0000502 0.0006140-0.0000756-0.0000231
           dz  0.0001203-0.0000103-0.0000498-0.0003615-0.0000512-0.0000862
  16 h     dx -0.0001050 0.0000487 0.0000116 0.0002237-0.0001345-0.0001649
           dy -0.0000170-0.0000005 0.0000133-0.0000179-0.0000182 0.0000061
           dz -0.0000021 0.0000050 0.0000140-0.0000406-0.0000855-0.0000642

   ATOM              3 c                           4 o 
                  dx        dy        dz        dx        dy        dz
   3 c     dx  0.5902587
           dy -0.0800268 0.6773711
           dz -0.0734999 0.3374773 0.4921519
   4 o     dx -0.1432884 0.0939814 0.0738827 0.1286776
           dy  0.1061114-0.4616868-0.2923113-0.0878392 0.5276870
           dz  0.0818956-0.2914773-0.3031560-0.0704168 0.3781319 0.3202779
   5 c     dx -0.1657197 0.0236662 0.0196075 0.0006737 0.0115257 0.0102566
           dy  0.0293598-0.0901889-0.0001124 0.0284676-0.0101497-0.0292664
           dz  0.0233413-0.0006954-0.0915874 0.0216467-0.0273668 0.0015954
   6 c     dx -0.0301457-0.0090843-0.0106603 0.0020614-0.0034732-0.0020958
           dy  0.0022742 0.0091985 0.0120920 0.0006492-0.0030974-0.0013106
           dz  0.0033935 0.0114591 0.0083657 0.0016444-0.0014076-0.0029533
   7 n     dx  0.0010663-0.0035786-0.0023782-0.0011220 0.0007181 0.0000296
           dy -0.0010310-0.0044151-0.0042391 0.0006877 0.0020274 0.0012465
           dz -0.0017430-0.0034142-0.0029832 0.0004009 0.0009543 0.0017023
   8 h     dx  0.0036688 0.0055495 0.0057807 0.0003830-0.0027992-0.0020427
           dy -0.0014559 0.0011356 0.0008030 0.0010294-0.0001416-0.0001932
           dz -0.0026912-0.0034461-0.0013025-0.0011534 0.0013451 0.0013125
   9 h     dx -0.0026049 0.0057836 0.0044310 0.0017269-0.0009581-0.0007094
           dy  0.0024999-0.0021181-0.0018448-0.0017554 0.0012313 0.0004789
           dz  0.0017740-0.0019400-0.0012952-0.0013993 0.0004590 0.0010185
  10 h     dx  0.0037682 0.0075508 0.0034741 0.0005536-0.0027589-0.0020166
           dy -0.0030023-0.0015793-0.0024036-0.0005007 0.0014363 0.0008954
           dz -0.0006367 0.0015093 0.0015599 0.0013978-0.0006569-0.0002174
  11 h     dx  0.0023585 0.0325090-0.0075030-0.0049975 0.0002668 0.0049316
           dy -0.0006962-0.0140588 0.0000074 0.0024658 0.0010102-0.0002456
           dz  0.0022824-0.0125750 0.0000207 0.0025953-0.0003269-0.0015369
  12 h     dx -0.0003981-0.0078289 0.0324971-0.0031622 0.0037887-0.0019371
           dy  0.0015870 0.0012143-0.0137135 0.0022350-0.0024380 0.0009642
           dz  0.0020031-0.0005911-0.0116068 0.0013470 0.0004044 0.0013561
  13 h     dx  0.0015584-0.0008915-0.0018339-0.0002628 0.0006418 0.0008065
           dy  0.0003529 0.0005615 0.0002276-0.0001673 0.0001024-0.0003866
           dz  0.0012485-0.0023207-0.0022681 0.0001466 0.0009866 0.0019125
  14 h     dx  0.0008259-0.0023586-0.0009088-0.0004270 0.0013415 0.0005121
           dy  0.0012609-0.0022188-0.0017665 0.0009547 0.0019213 0.0008162
           dz  0.0002817 0.0005396 0.0009162-0.0002225-0.0001411-0.0002779
  15 h     dx -0.0000444-0.0018547-0.0016552 0.0000580 0.0004440 0.0003997
           dy  0.0002755 0.0008859 0.0002016 0.0000347-0.0001559 0.0000437
           dz  0.0006550-0.0004208 0.0006656-0.0002930 0.0003567-0.0000201
  16 h     dx -0.0007779 0.0004438 0.0011041 0.0000022-0.0007676-0.0005292
           dy  0.0001804-0.0000328-0.0001479-0.0000963 0.0001036 0.0000188
           dz -0.0001704 0.0001078 0.0003355 0.0002024-0.0002346-0.0004153

   ATOM              5 c                           6 c 
                  dx        dy        dz        dx        dy        dz
   5 c     dx  0.4767216
           dy  0.0087374 0.5513894
           dz  0.0019155-0.0088455 0.5331612
   6 c     dx -0.1270970-0.0400528-0.0440073 0.4593464
           dy -0.0322103-0.1093194-0.0292676-0.0042484 0.5948087
           dz -0.0386955-0.0287078-0.1107363-0.0004321-0.0288897 0.5417025
   7 n     dx -0.0389430 0.0100923 0.0122045-0.1756020 0.0226363 0.0696749
           dy -0.0173370 0.0066569 0.0073221 0.0282584-0.1097078-0.0294524
           dz -0.0111316 0.0042490 0.0085571 0.0269364-0.0123597-0.0876841
   8 h     dx -0.0005010 0.0003164-0.0008923 0.0000315 0.0002263 0.0000340
           dy  0.0000941-0.0000586-0.0000173-0.0000721-0.0000320-0.0000014
           dz  0.0002297 0.0004635-0.0002633-0.0000236-0.0000455-0.0000514
   9 h     dx -0.0009458-0.0011218-0.0009093-0.0001004 0.0003832 0.0004153
           dy  0.0003080 0.0004491 0.0002317 0.0000909-0.0000927-0.0000913
           dz  0.0002554 0.0001956 0.0003867 0.0000880-0.0000919-0.0000722
  10 h     dx -0.0004122-0.0006015 0.0007901 0.0000665-0.0000509 0.0002214
           dy  0.0002856-0.0002507 0.0004479-0.0000475-0.0000153-0.0000531
           dz -0.0000172-0.0000133-0.0002484-0.0000619 0.0000537-0.0000554
  11 h     dx -0.0494347 0.0096914-0.0031998 0.0003260-0.0267232 0.0037951
           dy  0.0108814-0.2963993 0.0337677 0.0003718-0.0146698 0.0014445
           dz -0.0036072 0.0335241-0.0468106 0.0006497-0.0176455 0.0019711
  12 h     dx -0.0480113-0.0046783 0.0247447 0.0008500 0.0040717-0.0267331
           dy -0.0040263-0.0495629 0.0434717 0.0005023 0.0022709-0.0166954
           dz  0.0203748 0.0446151-0.2922844 0.0000842 0.0017589-0.0181366
  13 h     dx  0.0000159 0.0050293-0.0257554-0.0490893-0.0030493 0.0086124
           dy -0.0017516 0.0028058-0.0164219-0.0020632-0.0645720 0.0481718
           dz -0.0020917 0.0039734-0.0164373 0.0054688 0.0476003-0.2747238
  14 h     dx  0.0008276-0.0267088 0.0035676-0.0481904 0.0122767-0.0031197
           dy -0.0020105-0.0151669 0.0016803 0.0165846-0.3023743 0.0351766
           dz  0.0000273-0.0177206 0.0015587-0.0025459 0.0400790-0.0564889
  15 h     dx -0.0051925 0.0039630 0.0041161-0.0247910-0.0179292-0.0166848
           dy  0.0025145-0.0005389-0.0010082 0.0108939 0.0076608 0.0052264
           dz -0.0000382-0.0004211-0.0007018 0.0185390 0.0087710 0.0000943
  16 h     dx  0.0017129 0.0015456-0.0002137-0.0060394 0.0359864-0.0087737
           dy  0.0000735 0.0014076 0.0001727 0.0012859-0.0109841 0.0051482
           dz -0.0003605 0.0008718 0.0002652 0.0074601-0.0189774-0.0018608

   ATOM              7 n                           8 h 
                  dx        dy        dz        dx        dy        dz
   7 n     dx  0.5672681
           dy  0.0446286 0.6544611
           dz  0.0604591 0.0391965 0.1966700
   8 h     dx -0.0001075-0.0000648-0.0000388 0.0625115
           dy  0.0000677-0.0000051-0.0000163-0.0034142 0.0478104
           dz  0.0000658 0.0000274 0.0000238-0.0383274-0.0073168 0.3343715
   9 h     dx -0.0002706-0.0001367-0.0000464 0.0045967 0.0029866 0.0006509
           dy  0.0000080 0.0000422 0.0000409 0.0021687 0.0020922 0.0016783
           dz  0.0000108 0.0000412 0.0000207-0.0180235-0.0214627-0.0113478
  10 h     dx -0.0001169-0.0000364-0.0000308 0.0026849-0.0036617-0.0002043
           dy  0.0000874 0.0000133-0.0000125-0.0013281 0.0001324-0.0000416
           dz  0.0000413-0.0000185-0.0000084-0.0043849 0.0299471-0.0100342
  11 h     dx  0.0022760 0.0000792 0.0000963-0.0000512 0.0000258-0.0001051
           dy  0.0003716 0.0015982 0.0001838 0.0000282-0.0000514 0.0000817
           dz  0.0011215 0.0004541-0.0000771 0.0000579-0.0000381 0.0000241
  12 h     dx  0.0021781 0.0005278 0.0005850 0.0001826-0.0000093 0.0000066
           dy  0.0011079 0.0000814 0.0008336-0.0000837-0.0000480-0.0000264
           dz  0.0011312 0.0008569 0.0021250-0.0002103 0.0000339 0.0000532
  13 h     dx -0.0134947-0.0010752 0.0358072-0.0000686 0.0000120 0.0000249
           dy  0.0041845 0.0045896-0.0126355-0.0000254 0.0000184 0.0000026
           dz  0.0117854-0.0023992-0.0098108-0.0000634 0.0000045 0.0000366
  14 h     dx -0.0076319 0.0351851-0.0003262-0.0000166-0.0000208 0.0000012
           dy  0.0040717-0.0089177-0.0011393-0.0000314-0.0000158 0.0000004
           dz  0.0021850-0.0160278 0.0014789-0.0000066 0.0000157-0.0000030
  15 h     dx -0.2599373-0.1439808-0.0994870-0.0000333 0.0000081 0.0000163
           dy -0.1367397-0.1583602-0.0758405 0.0000119-0.0000045-0.0000084
           dz -0.1375634-0.1067777-0.0775243-0.0000080 0.0000110 0.0000068
  16 h     dx -0.0717704 0.0562928-0.0107398 0.0000236-0.0000003-0.0000081
           dy  0.0529207-0.3886043 0.0593343 0.0000003 0.0000019-0.0000033
           dz -0.0185132 0.1093439-0.0328703 0.0000116 0.0000015-0.0000068

   ATOM              9 h                          10 h 
                  dx        dy        dz        dx        dy        dz
   9 h     dx  0.1602068
           dy  0.1127244 0.1821134
           dz  0.0778760 0.0937908 0.1121594
  10 h     dx  0.0052143-0.0163403 0.0078187 0.0651787
           dy  0.0022698-0.0164266 0.0080903-0.0450128 0.2967071
           dz  0.0029443-0.0146481 0.0064460 0.0117933-0.0926695 0.0822047
  11 h     dx  0.0000020-0.0000418-0.0000130 0.0001539 0.0000157 0.0000002
           dy  0.0000192-0.0000004 0.0000142-0.0002714 0.0000746 0.0000142
           dz -0.0000554 0.0000149 0.0000130-0.0001109-0.0000091-0.0000146
  12 h     dx -0.0000339-0.0000019-0.0000305-0.0002571-0.0000746 0.0000700
           dy -0.0000361 0.0000024 0.0000270 0.0000363 0.0000333-0.0000368
           dz  0.0000073-0.0000038-0.0000096 0.0000302 0.0000745-0.0000628
  13 h     dx -0.0000143 0.0000084 0.0000023-0.0000181 0.0000154-0.0000075
           dy  0.0000004-0.0000020-0.0000090 0.0000000 0.0000040 0.0000082
           dz -0.0000334 0.0000210 0.0000109-0.0000333-0.0000125-0.0000075
  14 h     dx  0.0000165 0.0000126 0.0000097-0.0000593 0.0000093-0.0000087
           dy -0.0000146 0.0000155 0.0000167-0.0000332 0.0000214-0.0000102
           dz  0.0000104-0.0000086-0.0000036-0.0000268 0.0000114 0.0000200
  15 h     dx -0.0000756 0.0000171 0.0000151-0.0000275 0.0000150 0.0000022
           dy  0.0000411-0.0000058-0.0000019 0.0000235-0.0000133-0.0000026
           dz -0.0000194-0.0000030-0.0000048-0.0000309 0.0000161 0.0000087
  16 h     dx  0.0000144 0.0000001-0.0000056 0.0000248-0.0000140 0.0000033
           dy -0.0000007-0.0000006 0.0000007 0.0000033-0.0000031-0.0000025
           dz -0.0000093-0.0000067 0.0000010 0.0000048 0.0000036-0.0000005

   ATOM             11 h                          12 h 
                  dx        dy        dz        dx        dy        dz
  11 h     dx  0.0533296
           dy -0.0097917 0.3250650
           dz  0.0025218-0.0342284 0.0511730
  12 h     dx  0.0003229 0.0003919-0.0023835 0.0524161
           dy -0.0034970-0.0061761 0.0322033 0.0046864 0.0548665
           dz  0.0002925 0.0015801-0.0044902-0.0227157-0.0456430 0.3210677
  13 h     dx  0.0011025 0.0000833 0.0008708-0.0042038-0.0023698-0.0024627
           dy  0.0010242 0.0008822-0.0000347-0.0023067-0.0004566-0.0020989
           dz  0.0004715-0.0004431 0.0006895-0.0021242-0.0016979-0.0002470
  14 h     dx -0.0042412-0.0019814-0.0027149 0.0010885 0.0006628 0.0002633
           dy -0.0019275 0.0003756-0.0017565 0.0002767 0.0006635-0.0002519
           dz -0.0024815-0.0018102-0.0007900 0.0008579-0.0002782 0.0007715
  15 h     dx  0.0003042-0.0000181 0.0002096 0.0003318 0.0002348 0.0001942
           dy  0.0001975 0.0003144-0.0000692-0.0000841-0.0001720-0.0000892
           dz  0.0000914 0.0000559-0.0001678 0.0002334-0.0001120 0.0004279
  16 h     dx -0.0005797-0.0010885-0.0000544-0.0000909 0.0000151 0.0000016
           dy  0.0005498-0.0000699 0.0004180 0.0000314-0.0000735-0.0000718
           dz -0.0002058-0.0000555 0.0004557-0.0001160 0.0003614-0.0002811

   ATOM             13 h                          14 h 
                  dx        dy        dz        dx        dy        dz
  13 h     dx  0.0609681
           dy  0.0028782 0.0617644
           dz -0.0146971-0.0479740 0.3039624
  14 h     dx  0.0013668-0.0006991-0.0004441 0.0607292
           dy -0.0001591-0.0062805 0.0024342-0.0208047 0.3293403
           dz -0.0013119 0.0317926-0.0050617 0.0012139-0.0351600 0.0577370
  15 h     dx  0.0010838-0.0007457 0.0005183 0.0011274 0.0005153-0.0006240
           dy  0.0002017-0.0002352-0.0002454 0.0001834 0.0003571 0.0003398
           dz  0.0006067 0.0005865 0.0004680-0.0007746 0.0001508 0.0007348
  16 h     dx  0.0012909-0.0006347 0.0003375-0.0057166 0.0015062 0.0026073
           dy -0.0013203 0.0011797-0.0004116 0.0022020 0.0017790-0.0014901
           dz -0.0009902-0.0013263 0.0011307 0.0022975-0.0006026-0.0003137

   ATOM             15 h                          16 h 
                  dx        dy        dz        dx        dy        dz
  15 h     dx  0.2823414
           dy  0.1536129 0.1714385
           dz  0.1118509 0.0890300 0.0769135
  16 h     dx  0.0058536-0.0317762 0.0069921 0.0759338
           dy  0.0056278-0.0211459 0.0088181-0.0614228 0.4164609
           dz  0.0009998-0.0176033-0.0007647 0.0094319-0.0718030 0.0343755
 

   *** projected hessian written onto $hessian (projected), file=<hessian> ***

 dipole moment in principle axis system (a.u.) :     0.0212059554     0.4321966371    -0.4204271672
 norm :  0.6033263036    

 rotational constants b for rotations around axis of inertia
 and optical intensities for (1 <-- 0) transition

   b   :     0.2873692467     0.0397645531     0.0357456912   (cm**(-1))

   b   :  8615.1132835403  1192.1113103083  1071.6288634949     (MHz)

   b   :     0.0004496925     0.1867939332     0.1767590029     (a.u.)

   x   :     0.9996464638    -0.0254453789     0.0077123379
   y   :     0.0248166758     0.7888041603    -0.6141434110
   z   :     0.0095435875     0.6141176836     0.7891567592

   ***  normal modes written onto $vibrational normal modes, file=<vib_normal_modes>  ***

  Keyword $vibrational reduced masses missing in file <control>


   ***  vibrational spectroscopic data written onto$vibrational spectrum   
        file=<vibspectrum>  ***

          ---------------------------------------------------
          NORMAL MODES and VIBRATIONAL FREQUENCIES (cm**(-1))
          ---------------------------------------------------

 imaginary wave numbers indicate a negative curvature of the energy surface.
 zero frequency modes have no physical meaning except being generators of
 translations and rotations. each vibrational normal mode - given in terms of
 cartesian displacement vectors of all atoms - has been normalized to unity.
 to obtain mass-weigthed normal coordinates in a.u. divide the tabulated
 modes by sqrt(reduced mass * 1822.88853).
 band intensities or cross sections refer to independent non-degenerate normal
 modes, that is, the intensities of degenerate modes have yet to be added.
 dDIP/dQ is the normal mode derivative of the dipole moment.


       mode               1        2        3        4        5        6

     frequency           0.00     0.00     0.00     0.00     0.00     0.00

     symmetry                                                             

        IR                -        -        -        -        -        - 
|dDIP/dQ|   (a.u.)     0.0000   0.0000   0.0000   0.0000   0.0000   0.0000
intensity (km/mol)       0.00     0.00     0.00     0.00     0.00     0.00
intensity (  %   )       0.00     0.00     0.00     0.00     0.00     0.00
 
       RAMAN              -        -        -        -        -        - 
 
  1   c           x   0.15318  0.11607 -0.02679 -0.11757  0.02054  0.00867
                  y   0.05203 -0.13099  0.03626  0.03606  0.37734 -0.01123
                  z   0.08380 -0.07703  0.35730 -0.04485 -0.10208 -0.07245
  2   o           x   0.13797  0.15356 -0.04232 -0.10698  0.00107  0.02794
                  y   0.03278 -0.00803  0.03303  0.09513  0.29975 -0.07001
                  z   0.04412 -0.07462  0.29602 -0.07492 -0.08601  0.08283
  3   c           x   0.16646  0.08479 -0.01759 -0.12469  0.03880 -0.00378
                  y  -0.05777  0.03315  0.08291 -0.00038  0.22281  0.01327
                  z   0.11974 -0.00551  0.17941  0.09340 -0.04685  0.02353
  4   o           x   0.20211 -0.00248  0.01705 -0.14864  0.08495 -0.04718
                  y  -0.12188 -0.02879  0.12924 -0.13133  0.21717  0.13325
                  z   0.21384  0.05072  0.12861  0.25803 -0.02632 -0.14592
  5   c           x   0.14803  0.13154 -0.04040 -0.10992  0.01636  0.02357
                  y  -0.06481  0.16547  0.07116  0.08194  0.14760 -0.06672
                  z   0.07149 -0.00831  0.12300  0.04821 -0.03272  0.19401
  6   c           x   0.17366  0.06429 -0.00190 -0.13375  0.04560 -0.02125
                  y  -0.18105  0.20718  0.13653 -0.04842  0.05481  0.04765
                  z   0.13989  0.05968  0.00018  0.20872  0.00789  0.15794
  7   n           x   0.15748  0.10947 -0.03447 -0.11470  0.02955  0.01532
                  y  -0.17141  0.34183  0.11440  0.05838 -0.01154 -0.05432
                  z   0.09738  0.05885 -0.05466  0.17135  0.02187  0.31335
  8   h           x   0.15194  0.09502  0.04479 -0.15208 -0.00217 -0.06270
                  y  -0.04937 -0.21241  0.10753 -0.15954  0.35956  0.16744
                  z   0.08159 -0.08179  0.36941 -0.05390 -0.10583 -0.07955
  9   h           x   0.12605  0.18139 -0.04977 -0.10098 -0.01557  0.03831
                  y   0.12629 -0.14847 -0.00662  0.12572  0.43171 -0.09044
                  z   0.01190 -0.13671  0.44906 -0.19581 -0.13360  0.00334
 10   h           x   0.19169  0.04684 -0.06503 -0.10669  0.09233  0.03757
                  y   0.09609 -0.12219  0.00850  0.10257  0.39932 -0.07106
                  z   0.18428 -0.01646  0.30137  0.13174 -0.07965 -0.25166
 11   h           x   0.10663  0.21180 -0.01690 -0.11306 -0.05572  0.01014
                  y  -0.07894  0.15989  0.08040  0.05868  0.14203 -0.04568
                  z  -0.03688 -0.07726  0.19479 -0.14769 -0.06034  0.37566
 12   h           x   0.15511  0.14087 -0.11405 -0.07557  0.04887  0.09559
                  y   0.03938  0.24111 -0.00111  0.27734  0.17017 -0.24493
                  z   0.08896  0.00471  0.10540  0.08267 -0.02647  0.17082
 13   h           x   0.16596  0.05620  0.07208 -0.16814  0.01200 -0.09345
                  y  -0.28542  0.13151  0.20892 -0.24410  0.03215  0.22610
                  z   0.12077  0.04562  0.01886  0.17129  0.00122  0.18390
 14   h           x   0.21482 -0.01546 -0.02540 -0.13056  0.11730 -0.00776
                  y  -0.16482  0.20893  0.12649 -0.02497  0.06370  0.02662
                  z   0.24761  0.12715 -0.06779  0.40182  0.03433 -0.02606
 15   h           x   0.17753  0.06068 -0.01583 -0.12775  0.05574 -0.00824
                  y  -0.23984  0.37534  0.15180 -0.01215 -0.07098  0.00702
                  z   0.15063  0.10906 -0.14169  0.29221  0.05092  0.27657
 16   h           x   0.12023  0.17972 -0.00732 -0.12044 -0.03706 -0.00278
                  y  -0.19889  0.34239  0.13098  0.02109 -0.02850 -0.02105
                  z   0.00000  0.00000  0.00000  0.00000  0.00000  0.48657

reduced mass(g/mol)     5.803    4.760    5.398    4.974    5.895    3.974


       mode               7        8        9       10       11       12

     frequency          40.43    86.02   135.17   148.18   182.45   239.74

     symmetry            a        a        a        a        a        a   

        IR               YES      YES      YES      YES      YES      YES
|dDIP/dQ|   (a.u.)     0.0014   0.0009   0.0005   0.0013   0.0021   0.0044
intensity (km/mol)       3.28     1.38     0.49     3.14     7.83    34.44
intensity (  %   )       1.47     0.62     0.22     1.41     3.50    15.42
 
       RAMAN             YES      YES      YES      YES      YES      YES
 
  1   c           x  -0.00488 -0.00564  0.00127  0.00430 -0.00153 -0.02187
                  y   0.06701  0.11109  0.00467 -0.10762 -0.14817 -0.02438
                  z  -0.08644 -0.11572  0.05012 -0.14991  0.10301 -0.01518
  2   o           x  -0.00619 -0.00908 -0.01233  0.07360  0.01650 -0.00683
                  y   0.03725 -0.04278 -0.00360 -0.03218  0.16352  0.01568
                  z  -0.05310  0.06290 -0.00174  0.07763 -0.19960  0.00459
  3   c           x  -0.00014  0.00258  0.00264 -0.01648 -0.00603 -0.01212
                  y  -0.04859 -0.05021 -0.00796  0.07859  0.08210  0.02239
                  z   0.05759  0.05118 -0.02576  0.09747 -0.04009  0.01072
  4   o           x   0.00449  0.01410  0.01653 -0.11425 -0.03131 -0.01944
                  y  -0.08941  0.02009  0.02274  0.09647  0.06306  0.02154
                  z   0.11239 -0.03787 -0.06156  0.04403 -0.02316  0.01136
  5   c           x   0.00002 -0.00119  0.00169 -0.00542  0.00212 -0.01407
                  y  -0.10030 -0.12591 -0.04074  0.11882 -0.07762  0.01973
                  z   0.11565  0.12077  0.00574  0.09160  0.15484 -0.01272
  6   c           x   0.00711  0.00323 -0.01431  0.08755  0.03178  0.02607
                  y   0.12584 -0.12047 -0.01693  0.02326 -0.04992 -0.05956
                  z  -0.10950  0.10826  0.01138  0.01805  0.07596  0.01354
  7   n           x  -0.00196 -0.01189  0.00309 -0.02546 -0.01448  0.02793
                  y  -0.01051  0.17887  0.03269 -0.12826 -0.00244 -0.03909
                  z  -0.03108 -0.14644  0.01472 -0.12965 -0.06785 -0.00924
  8   h           x  -0.06169 -0.10905 -0.11771 -0.25521  0.26932 -0.04059
                  y  -0.01894  0.27891 -0.54339 -0.35263 -0.17219 -0.03403
                  z  -0.09652 -0.12819  0.02391 -0.19179  0.14323 -0.01788
  9   h           x  -0.01034 -0.01879 -0.03225  0.12441  0.05379  0.00815
                  y   0.13775  0.09477  0.33722 -0.00300 -0.31530 -0.04290
                  z  -0.18144 -0.07506 -0.38600 -0.45795  0.27172 -0.02806
 10   h           x   0.05705  0.11312  0.16540  0.08307 -0.34479 -0.04915
                  y   0.10692  0.07502  0.22030 -0.02753 -0.20293 -0.02958
                  z  -0.00960 -0.27836  0.56257  0.02974  0.13357 -0.01586
 11   h           x   0.04433 -0.04010 -0.00936 -0.01861 -0.10271 -0.04172
                  y  -0.06637 -0.12367 -0.03672  0.11280 -0.05579  0.00965
                  z   0.40987  0.14344  0.04130  0.04502  0.37860 -0.10698
 12   h           x  -0.05408  0.02939  0.02387 -0.04660  0.09789 -0.01151
                  y  -0.39852 -0.14380 -0.07215  0.14640 -0.30864  0.10294
                  z   0.06473  0.11918  0.00240  0.09205  0.12594  0.00138
 13   h           x   0.04452  0.17282 -0.01213  0.17447  0.14343  0.04214
                  y   0.42869 -0.34465 -0.02766  0.01269 -0.07640 -0.09588
                  z  -0.05446  0.08321  0.00984  0.02356  0.08023  0.00682
 14   h           x  -0.01584 -0.16698 -0.04924  0.19338 -0.01194  0.04505
                  y   0.08885 -0.10825 -0.01894  0.03463 -0.04985 -0.05317
                  z  -0.40941  0.33026  0.02061  0.03335  0.10256  0.06407
 15   h           x  -0.00162 -0.03495 -0.02035  0.10408  0.02251 -0.04916
                  y   0.11892  0.19892  0.06808 -0.32051 -0.04930  0.44839
                  z  -0.20638 -0.12824  0.01266 -0.12269 -0.07619 -0.52186
 16   h           x   0.02669  0.15231  0.04599 -0.19340 -0.00541  0.38763
                  y   0.05296  0.15800  0.04155 -0.18798 -0.02512  0.14526
                  z   0.24448 -0.38866  0.01870 -0.26235 -0.18103  0.53720

reduced mass(g/mol)     2.154    2.787    1.157    2.892    3.038    1.138


       mode              13       14       15       16       17       18

     frequency         310.70   361.34   438.77   596.17   710.40   800.84

     symmetry            a        a        a        a        a        a   

        IR               YES      YES      YES      YES      YES      YES
|dDIP/dQ|   (a.u.)     0.0038   0.0016   0.0007   0.0018   0.0031   0.0044
intensity (km/mol)      26.03     4.49     0.93     5.54    17.35    34.34
intensity (  %   )      11.65     2.01     0.42     2.48     7.77    15.37
 
       RAMAN             YES      YES      YES      YES      YES      YES
 
  1   c           x  -0.12473 -0.18993 -0.23023  0.01572 -0.06822  0.00534
                  y  -0.17794  0.00151 -0.01690 -0.00317  0.02165 -0.00441
                  z  -0.13257  0.00416 -0.00659 -0.00094  0.01735 -0.00104
  2   o           x  -0.00498 -0.14254 -0.17043  0.00542  0.04987 -0.00613
                  y   0.10483  0.02663 -0.00897  0.05533  0.20949 -0.03413
                  z   0.09272  0.02865 -0.01454 -0.08268  0.14878  0.00441
  3   c           x   0.03566 -0.08605 -0.00920 -0.00061  0.13940 -0.01651
                  y   0.07514  0.01364 -0.10909 -0.16450 -0.02802  0.07849
                  z   0.04730  0.01433 -0.05998  0.22426  0.00451 -0.08420
  4   o           x   0.27071 -0.14493  0.19028  0.00683 -0.20105  0.00848
                  y   0.09808  0.00341 -0.06616  0.06982 -0.06256 -0.00352
                  z   0.08235  0.00735 -0.07489 -0.07830 -0.04534  0.03620
  5   c           x  -0.05941  0.02049  0.12092 -0.02820  0.25126 -0.01590
                  y  -0.08787 -0.03152  0.09336 -0.04829 -0.16133 -0.04610
                  z  -0.07617 -0.01707  0.07372  0.06019 -0.12717  0.04119
  6   c           x  -0.09496  0.19667  0.11083 -0.00818 -0.00884  0.01556
                  y  -0.05655 -0.06165  0.15336 -0.00246 -0.00252 -0.04803
                  z  -0.07990 -0.11098  0.16442 -0.03514  0.01806  0.04379
  7   n           x  -0.00964  0.36582 -0.03847  0.01444 -0.10102 -0.00470
                  y   0.05512  0.06141 -0.04179  0.00771  0.00486  0.01359
                  z   0.05410  0.04811 -0.04491  0.00283  0.02039  0.03026
  8   h           x  -0.33861 -0.22503 -0.24751  0.10680 -0.28399  0.01134
                  y  -0.25210 -0.00963 -0.04251 -0.03880 -0.04988  0.01275
                  z  -0.16340 -0.00171 -0.00984  0.01193 -0.01719  0.00066
  9   h           x   0.12904 -0.13968 -0.18809  0.00965  0.25687 -0.03364
                  y  -0.31494 -0.02745 -0.04280 -0.02672 -0.17300  0.02590
                  z  -0.26961 -0.02076 -0.02668  0.04128 -0.12900  0.00609
 10   h           x  -0.29701 -0.21529 -0.25985 -0.06507 -0.27639  0.04666
                  y  -0.22061 -0.00811 -0.02590 -0.00243 -0.04039  0.00297
                  z  -0.16482 -0.00747 -0.01405  0.04327 -0.04045 -0.00241
 11   h           x  -0.13296 -0.04704  0.34530  0.20734  0.34334 -0.22416
                  y  -0.08132 -0.02641  0.08348 -0.10395 -0.16684 -0.09098
                  z  -0.00786  0.05636 -0.06695 -0.54185 -0.21691 -0.32184
 12   h           x  -0.11108 -0.07543  0.26493 -0.34949  0.36869  0.19422
                  y  -0.13691 -0.12104  0.23218  0.55168  0.01871  0.30307
                  z  -0.08755 -0.04103  0.10754  0.12305 -0.08618  0.11047
 13   h           x  -0.16683  0.17343  0.19842  0.03798 -0.09140  0.06198
                  y  -0.03596 -0.04171  0.13656  0.16606  0.10027  0.47404
                  z  -0.08061 -0.10984  0.16489 -0.00102  0.03221  0.13784
 14   h           x  -0.16521  0.19278  0.18889 -0.07086 -0.15677 -0.07547
                  y  -0.06425 -0.06094  0.15596 -0.02681 -0.02974 -0.11203
                  z  -0.09518 -0.11768  0.15729 -0.19920 -0.12318 -0.47647
 15   h           x  -0.09467  0.23133  0.14559 -0.01372  0.02591  0.05222
                  y   0.03017 -0.09260 -0.11294 -0.01131 -0.01529  0.06144
                  z   0.25586  0.52874 -0.31282  0.08671 -0.21919 -0.17171
 16   h           x  -0.00564  0.28545 -0.13660 -0.00413 -0.11973  0.13207
                  y   0.03524 -0.01262 -0.04956  0.00122 -0.01526 -0.02958
                  z  -0.04172 -0.22105 -0.00028 -0.00795 -0.08559 -0.34470

reduced mass(g/mol)     3.931    4.575    3.975    2.269    4.315    1.305


       mode              19       20       21       22       23       24

     frequency         842.22   901.48   966.66  1030.14  1061.32  1099.77

     symmetry            a        a        a        a        a        a   

        IR               YES      YES      YES      YES      YES      YES
|dDIP/dQ|   (a.u.)     0.0075   0.0033   0.0009   0.0032   0.0051   0.0033
intensity (km/mol)      98.99    19.48     1.58    17.91    45.53    19.18
intensity (  %   )      44.31     8.72     0.71     8.02    20.38     8.59
 
       RAMAN             YES      YES      YES      YES      YES      YES
 
  1   c           x   0.00496 -0.15610 -0.14774  0.20053 -0.06017 -0.01270
                  y   0.00176  0.00355  0.04815 -0.07018  0.02148  0.00613
                  z   0.00305  0.00423  0.03745 -0.05583  0.01391 -0.00005
  2   o           x   0.00757  0.00671  0.09446 -0.19166  0.07265  0.01025
                  y   0.01615 -0.20053 -0.02452  0.04976 -0.00272  0.00233
                  z   0.02981 -0.15133 -0.02344  0.03117 -0.02207 -0.01542
  3   c           x   0.00359  0.02205  0.10989 -0.11816  0.00006  0.04070
                  y   0.03073  0.11930 -0.02505 -0.03518 -0.06677 -0.05797
                  z  -0.07061  0.11362  0.00808  0.04378  0.08686  0.08823
  4   o           x  -0.00309 -0.02075  0.00022  0.01164 -0.00305 -0.00554
                  y  -0.03110  0.18835 -0.04637  0.03819  0.02484  0.00346
                  z   0.00041  0.13929 -0.04244  0.01461 -0.00926 -0.02415
  5   c           x   0.00165  0.23379  0.05858  0.11203 -0.01842 -0.06831
                  y  -0.01977 -0.10790  0.18603  0.05906  0.05140  0.01320
                  z   0.06304 -0.08895  0.12054 -0.02816 -0.11477 -0.15410
  6   c           x  -0.04273 -0.00099 -0.03131 -0.01127 -0.23811  0.17353
                  y   0.00116 -0.02168 -0.15031 -0.07522  0.03292 -0.03343
                  z   0.01942 -0.02649 -0.10666 -0.00270  0.20234  0.11109
  7   n           x   0.03582 -0.06293 -0.08107 -0.04602  0.18364 -0.09354
                  y  -0.00557  0.01187 -0.00317 -0.01067 -0.07118  0.05210
                  z  -0.12243 -0.02300  0.01203 -0.02568 -0.12779 -0.01880
  8   h           x  -0.03656  0.12869 -0.15205  0.18095 -0.01530 -0.00338
                  y  -0.00399  0.08557  0.00816 -0.01717  0.00330 -0.00724
                  z  -0.00318  0.04482  0.03013 -0.04782  0.01546  0.00069
  9   h           x   0.05055 -0.49725 -0.03364  0.03837 -0.01493 -0.00954
                  y  -0.02023  0.20453 -0.01919  0.01924 -0.00921 -0.00578
                  z  -0.02437  0.16168 -0.01009  0.01690  0.00519  0.01163
 10   h           x  -0.01191  0.11047 -0.15733  0.17475 -0.03645 -0.03702
                  y  -0.00747  0.07580  0.02826 -0.04496  0.01982  0.00591
                  z  -0.01208  0.07240  0.00496 -0.00378  0.00809  0.00984
 11   h           x  -0.06045  0.27242  0.03654  0.37944 -0.02587 -0.55586
                  y  -0.04701 -0.10400  0.19722  0.08543  0.09051  0.01655
                  z  -0.18831 -0.08343  0.23907  0.17307  0.24859  0.09974
 12   h           x   0.16047  0.34312  0.03889  0.41362  0.26997 -0.00627
                  y   0.21804 -0.02744  0.02402 -0.09499 -0.20495 -0.28104
                  z   0.11070 -0.06476  0.09429 -0.02450 -0.11852 -0.18917
 13   h           x   0.21456 -0.00038 -0.10113 -0.06539 -0.43991  0.26996
                  y   0.04701 -0.08052  0.07060  0.13667  0.37484  0.31439
                  z   0.03671 -0.03522 -0.06806  0.03053  0.23048  0.18285
 14   h           x  -0.16933 -0.17518  0.21803  0.24637 -0.09129  0.23917
                  y  -0.01739 -0.03220 -0.14557 -0.07715 -0.00524 -0.06245
                  z  -0.04164 -0.00351 -0.27116 -0.21181 -0.20829 -0.22553
 15   h           x  -0.20236 -0.07956 -0.43855 -0.32271  0.11700 -0.14562
                  y  -0.10571 -0.05489  0.27169  0.16472 -0.03754 -0.02618
                  z   0.56178  0.12109  0.33835  0.29595 -0.00151  0.22559
 16   h           x  -0.12619 -0.18158  0.33913  0.26935  0.35335 -0.11380
                  y   0.08603  0.04176  0.03321  0.02845 -0.05869  0.08885
                  z   0.60454  0.26893 -0.18694 -0.08689 -0.15079  0.23551

reduced mass(g/mol)     1.391    4.246    2.690    2.643    3.265    2.113


       mode              25       26       27       28       29       30

     frequency        1165.51  1173.52  1195.78  1214.20  1273.20  1330.70

     symmetry            a        a        a        a        a        a   

        IR               YES      YES      YES      YES      YES      YES
|dDIP/dQ|   (a.u.)     0.0045   0.0008   0.0098   0.0081   0.0048   0.0007
intensity (km/mol)      35.22     1.02   169.73   117.94    40.80     0.84
intensity (  %   )      15.77     0.46    75.98    52.80    18.27     0.38
 
       RAMAN             YES      YES      YES      YES      YES      YES
 
  1   c           x  -0.03469 -0.00565  0.01275 -0.09164 -0.01404 -0.00532
                  y   0.00502  0.07983 -0.09555 -0.09051 -0.00062  0.00073
                  z   0.03155 -0.10999 -0.05973 -0.06568  0.00016  0.00078
  2   o           x   0.07270  0.00622 -0.10071  0.10280  0.03057  0.00899
                  y   0.00061 -0.03742  0.02572  0.09187  0.01250  0.00549
                  z  -0.00223  0.05391  0.02384  0.06257  0.01499  0.00146
  3   c           x  -0.07064 -0.00214  0.22013 -0.08588 -0.09447 -0.02923
                  y   0.03014  0.01059  0.07156 -0.04846  0.00169 -0.01692
                  z  -0.06481 -0.01454 -0.00902 -0.00532 -0.04768  0.00907
  4   o           x   0.00133 -0.00099 -0.03069  0.00704  0.01442  0.00477
                  y   0.01211 -0.00247 -0.03272 -0.02244 -0.00541 -0.00098
                  z   0.02434  0.00612 -0.01487 -0.02156  0.00279 -0.00369
  5   c           x  -0.04924 -0.00421  0.03256 -0.03915  0.05791  0.01304
                  y  -0.10352 -0.01348 -0.01277  0.00919  0.05853 -0.02555
                  z  -0.02734 -0.00265  0.02425 -0.00556  0.00697  0.04619
  6   c           x   0.03293  0.00205 -0.02098  0.00659  0.04462  0.02672
                  y   0.05052  0.00851  0.02180 -0.00218 -0.11816 -0.00777
                  z   0.05780  0.00811  0.05031 -0.02929  0.04542 -0.02493
  7   n           x  -0.03279 -0.00334  0.00974 -0.00366  0.00024 -0.00060
                  y  -0.01801 -0.00344 -0.01313  0.00183  0.05574  0.04168
                  z  -0.02463 -0.00438 -0.03478  0.02069 -0.02123 -0.02636
  8   h           x  -0.09120  0.57799  0.16114  0.43802  0.06491  0.02200
                  y   0.05167 -0.32087  0.13525  0.18850  0.01067  0.00189
                  z   0.01979 -0.03280 -0.02238  0.01337  0.00867  0.00372
  9   h           x   0.03970  0.00669 -0.48741 -0.54805  0.01919  0.01638
                  y   0.00610 -0.17019  0.20790  0.18434 -0.01472 -0.01111
                  z  -0.05857  0.23532  0.13727  0.14933 -0.01434 -0.00751
 10   h           x   0.09482 -0.56862  0.22116  0.42068  0.06335  0.02225
                  y  -0.00777  0.12593  0.01335  0.08865  0.01184  0.00447
                  z  -0.05551  0.30921  0.09945  0.17099  0.00455  0.00015
 11   h           x   0.48739  0.05909 -0.13393  0.04206  0.34183 -0.30974
                  y  -0.09203 -0.01294 -0.01808  0.01291  0.07462 -0.05854
                  z  -0.10361 -0.01549 -0.02511  0.01464  0.09655 -0.10380
 12   h           x  -0.32301 -0.05715 -0.60492  0.31565 -0.52967  0.27204
                  y   0.00310 -0.00080  0.03044  0.00190 -0.10754  0.08586
                  z  -0.03642 -0.00526 -0.02110  0.02340 -0.06899  0.08657
 13   h           x  -0.07339 -0.02279 -0.29007  0.19130 -0.29270 -0.70702
                  y   0.06317  0.00683  0.05552 -0.03637  0.15482 -0.06215
                  z   0.05846  0.00688  0.04015 -0.02447  0.07484 -0.07683
 14   h           x   0.57129  0.08006  0.11786 -0.03095 -0.24470  0.45863
                  y   0.09335  0.01510  0.02652  0.00137 -0.18294  0.02916
                  z   0.06635  0.01239  0.00614  0.02034 -0.26977  0.02964
 15   h           x  -0.24993 -0.03477 -0.05502  0.00790  0.22083  0.10907
                  y   0.12459  0.01771  0.01638  0.01063 -0.18233 -0.09274
                  z   0.22971  0.03183  0.06968 -0.02478 -0.11706 -0.04573
 16   h           x   0.27438  0.04161  0.10854 -0.02582 -0.28923 -0.15582
                  y   0.01888  0.00187  0.00446 -0.00684  0.04619  0.04239
                  z  -0.09549 -0.01518 -0.01240 -0.01985  0.24040  0.14477

reduced mass(g/mol)     1.490    1.285    2.021    1.738    1.476    1.104


       mode              31       32       33       34       35       36

     frequency        1366.59  1432.87  1461.66  1472.75  1484.87  1498.13

     symmetry            a        a        a        a        a        a   

        IR               YES      YES      YES      YES      YES      YES
|dDIP/dQ|   (a.u.)     0.0063   0.0045   0.0026   0.0033   0.0022   0.0023
intensity (km/mol)      69.70    36.63    12.02    18.87     8.38     9.07
intensity (  %   )      31.20    16.40     5.38     8.45     3.75     4.06
 
       RAMAN             YES      YES      YES      YES      YES      YES
 
  1   c           x   0.01979  0.01132 -0.00184  0.09474 -0.00633 -0.01272
                  y  -0.00607 -0.00257  0.00125 -0.00585  0.03269  0.04569
                  z  -0.00545 -0.00272  0.00069 -0.01131 -0.04717  0.03129
  2   o           x  -0.02536  0.00251  0.00137  0.05111 -0.00294 -0.00299
                  y  -0.01364 -0.00259 -0.00074  0.00852  0.00581  0.01371
                  z  -0.00870 -0.00257 -0.00031  0.00437 -0.00961  0.00958
  3   c           x   0.12883  0.03504 -0.00696 -0.06535  0.00300  0.00830
                  y   0.03675  0.00143  0.00531  0.00101  0.00071  0.00214
                  z   0.01575  0.00266  0.00036  0.00354 -0.00112  0.00137
  4   o           x  -0.01758 -0.00587  0.00331  0.00898 -0.00031 -0.00274
                  y  -0.00468  0.00265 -0.00747 -0.01390  0.00048 -0.00410
                  z  -0.00212  0.00189 -0.00462 -0.01087  0.00102 -0.00309
  5   c           x  -0.17184 -0.10679 -0.00502  0.03178 -0.00100 -0.00392
                  y   0.00122  0.00743 -0.05475 -0.00292 -0.00060  0.00043
                  z  -0.00949  0.00688 -0.05547 -0.00196  0.00074  0.00027
  6   c           x  -0.03146  0.16111  0.02770 -0.00850  0.00014  0.00158
                  y  -0.07729  0.04244  0.00779  0.00049 -0.00012 -0.00136
                  z  -0.00657  0.01339  0.00516 -0.00065  0.00002 -0.00122
  7   n           x   0.01748 -0.02093 -0.00559 -0.00011 -0.00000 -0.00005
                  y   0.06004 -0.03779 -0.00265  0.00012  0.00007 -0.00006
                  z   0.00914 -0.01829 -0.00141  0.00055  0.00001 -0.00018
  8   h           x  -0.11157 -0.07407  0.01302 -0.52301 -0.37482  0.17407
                  y   0.00456  0.00577  0.00042 -0.05899 -0.23401 -0.66474
                  z  -0.01899 -0.01291  0.00264 -0.09635 -0.08554  0.02589
  9   h           x  -0.11275 -0.07445  0.01679 -0.51887  0.04682 -0.18200
                  y   0.06490  0.04324 -0.00820  0.31375 -0.44471  0.11698
                  z   0.05189  0.03732 -0.00859  0.29583  0.57537  0.10721
 10   h           x  -0.11095 -0.07128  0.00796 -0.47091  0.42836  0.17886
                  y  -0.01722 -0.00976  0.00235 -0.09756  0.18673 -0.18128
                  z   0.01607  0.01440 -0.00098  0.01926  0.21104 -0.63226
 11   h           x   0.63281  0.25706 -0.03697 -0.07049  0.00473  0.00797
                  y   0.04543  0.00673  0.05366 -0.00576 -0.00023  0.00144
                  z   0.09411 -0.08692  0.68907  0.01125  0.00049  0.00187
 12   h           x   0.36963  0.24939 -0.03346 -0.04642 -0.00312  0.00496
                  y   0.03010 -0.09233  0.69312  0.01655  0.00271  0.00147
                  z   0.04369  0.01531  0.08385 -0.00496  0.00109  0.00151
 13   h           x   0.11739 -0.52878 -0.06125  0.02318 -0.00026 -0.00552
                  y   0.05881 -0.05402 -0.08707 -0.00416  0.00001  0.01505
                  z   0.02622 -0.04255 -0.02041  0.00030  0.00005  0.00200
 14   h           x   0.32886 -0.64000 -0.06804  0.03229 -0.00059 -0.00545
                  y  -0.06900 -0.01480 -0.01291  0.00375 -0.00028  0.00041
                  z  -0.11757  0.01698 -0.08377 -0.00084 -0.00006  0.01466
 15   h           x   0.24136 -0.17071 -0.01769 -0.00034  0.00039 -0.00050
                  y  -0.15464  0.06717  0.00440  0.00356 -0.00037  0.00013
                  z  -0.14154  0.14576  0.01672 -0.00429 -0.00015  0.00046
 16   h           x  -0.26432  0.19739  0.01768 -0.00529  0.00005  0.00003
                  y   0.03434 -0.00874  0.00271 -0.00069  0.00010 -0.00000
                  z   0.15956 -0.06343  0.00636 -0.00099  0.00021  0.00021

reduced mass(g/mol)     1.687    1.487    1.087    1.214    1.047    1.049


       mode              37       38       39       40       41       42

     frequency        1515.28  1661.60  1788.69  2972.06  3034.91  3050.38

     symmetry            a        a        a        a        a        a   

        IR               YES      YES      YES      YES      YES      YES
|dDIP/dQ|   (a.u.)     0.0011   0.0040   0.0112   0.0057   0.0024   0.0041
intensity (km/mol)       2.15    28.40   223.39    57.64    10.00    30.35
intensity (  %   )       0.96    12.71   100.00    25.80     4.48    13.59
 
       RAMAN             YES      YES      YES      YES      YES      YES
 
  1   c           x   0.00088 -0.00004  0.02457 -0.00006 -0.00137  0.03532
                  y  -0.00097  0.00005 -0.01409  0.00001  0.00129 -0.02252
                  z  -0.00070  0.00005 -0.01153  0.00009  0.00080 -0.01426
  2   o           x  -0.00052  0.00022 -0.00584 -0.00018 -0.00007  0.00291
                  y  -0.00070 -0.00016  0.03641  0.00020  0.00014 -0.00002
                  z  -0.00038 -0.00001  0.02746  0.00010  0.00008 -0.00009
  3   c           x  -0.00162  0.00233  0.18952  0.00033 -0.00081 -0.00175
                  y   0.00146 -0.00045 -0.58949 -0.00134 -0.00162 -0.00209
                  z   0.00066 -0.00160 -0.45112 -0.00094 -0.00093 -0.00150
  4   o           x   0.00020 -0.00062 -0.09358 -0.00002 -0.00005 -0.00018
                  y  -0.00093  0.00151  0.38203  0.00046  0.00075  0.00083
                  z  -0.00082  0.00127  0.29169  0.00060  0.00059  0.00062
  5   c           x   0.00147 -0.00376 -0.03264 -0.00041  0.00671  0.00048
                  y  -0.00781 -0.00176  0.03865 -0.00314 -0.05341 -0.00316
                  z  -0.00945 -0.00341  0.02894  0.00687 -0.04258 -0.00107
  6   c           x   0.00779  0.00782 -0.00234  0.00301  0.00054 -0.00003
                  y  -0.05777 -0.00321 -0.01311  0.00546  0.00773  0.00117
                  z  -0.05893  0.02255 -0.01018 -0.07684 -0.00427 -0.00050
  7   n           x   0.00467  0.07112  0.00220  0.00195 -0.00009  0.00005
                  y  -0.00305 -0.02575  0.00935 -0.00074 -0.00011 -0.00001
                  z  -0.00442 -0.00206  0.00514 -0.00027  0.00019  0.00002
  8   h           x  -0.00578 -0.00018 -0.12291  0.00012  0.00373 -0.08116
                  y   0.01470 -0.00026 -0.02976  0.00002  0.00110 -0.02139
                  z  -0.00092  0.00002 -0.05340 -0.00219 -0.03097  0.61036
  9   h           x   0.00322  0.00023 -0.17972 -0.00008  0.01254 -0.26038
                  y  -0.00167 -0.00025  0.09750  0.00038  0.01382 -0.29622
                  z  -0.00174 -0.00002  0.07689  0.00030  0.00957 -0.20467
 10   h           x  -0.00604  0.00005 -0.12245 -0.00007  0.00454 -0.10475
                  y   0.00366 -0.00005 -0.06045 -0.00087 -0.02955  0.59658
                  z   0.01419 -0.00019 -0.00499  0.00033  0.01138 -0.22712
 11   h           x   0.00886  0.01725 -0.16954 -0.00287 -0.02675 -0.00194
                  y   0.00440 -0.00518  0.03021  0.03316  0.75831  0.04333
                  z   0.07993  0.00278  0.13698 -0.00182 -0.10776 -0.00562
 12   h           x   0.00255 -0.00554 -0.10119  0.01014 -0.05039 -0.00171
                  y   0.07674 -0.00483  0.11680  0.01446 -0.12026 -0.00401
                  z   0.00580 -0.00394  0.02273 -0.08409  0.61589  0.01951
 13   h           x  -0.05336 -0.04857  0.03774 -0.05659 -0.00309 -0.00015
                  y   0.69013 -0.00920  0.01483 -0.19048 -0.00538 -0.00041
                  z   0.10211  0.02330 -0.02280  0.96271  0.03765  0.00376
 14   h           x  -0.06345  0.02363  0.04968 -0.01077  0.00723  0.00115
                  y   0.04833 -0.01006 -0.02518  0.13177 -0.08612 -0.01398
                  z   0.69459 -0.04051  0.00018 -0.03935  0.01139  0.00181
 15   h           x  -0.01570 -0.36796  0.03769 -0.00144 -0.00191 -0.00008
                  y   0.01631  0.59094 -0.03375 -0.00839  0.00130 -0.00009
                  z   0.00306 -0.04983 -0.01322 -0.00238  0.00133  0.00009
 16   h           x  -0.03164 -0.67637 -0.01606  0.00358 -0.00322 -0.00027
                  y  -0.00885 -0.16074  0.00618  0.00802  0.00232  0.00036
                  z  -0.00126 -0.13255  0.00992  0.00294 -0.00194 -0.00016

reduced mass(g/mol)     1.086    1.089   11.145    1.074    1.061    1.030


       mode              43       44       45       46       47       48

     frequency        3061.16  3083.49  3119.09  3151.65  3481.02  3558.28

     symmetry            a        a        a        a        a        a   

        IR               YES      YES      YES      YES      YES      YES
|dDIP/dQ|   (a.u.)     0.0013   0.0036   0.0034   0.0029   0.0004   0.0007
intensity (km/mol)       2.83    23.46    20.23    15.26     0.26     0.83
intensity (  %   )       1.27    10.50     9.06     6.83     0.12     0.37
 
       RAMAN             YES      YES      YES      YES      YES      YES
 
  1   c           x  -0.00066 -0.00019  0.00016  0.03632  0.00001 -0.00002
                  y   0.00049 -0.00026  0.05644  0.06978 -0.00001  0.00001
                  z   0.00007  0.00031 -0.07607  0.05222 -0.00001  0.00001
  2   o           x   0.00008  0.00002  0.00007 -0.00013 -0.00003  0.00004
                  y   0.00008 -0.00016 -0.00025 -0.00029  0.00001 -0.00001
                  z  -0.00008 -0.00009  0.00032 -0.00021  0.00001 -0.00001
  3   c           x  -0.00050  0.00008 -0.00005 -0.00086 -0.00002 -0.00012
                  y  -0.00017  0.00117 -0.00019  0.00079 -0.00011  0.00012
                  z   0.00124  0.00041  0.00016  0.00061 -0.00005  0.00013
  4   o           x  -0.00001 -0.00014 -0.00002  0.00028  0.00002  0.00002
                  y  -0.00046 -0.00042 -0.00008 -0.00040  0.00001 -0.00007
                  z  -0.00011 -0.00029  0.00013 -0.00031  0.00002 -0.00005
  5   c           x  -0.00283  0.00093 -0.00000 -0.00002  0.00001 -0.00010
                  y  -0.05208  0.03236  0.00032  0.00003  0.00009 -0.00034
                  z   0.06175 -0.02727 -0.00038 -0.00001  0.00013 -0.00018
  6   c           x  -0.00256 -0.00445 -0.00001 -0.00002  0.00057  0.00002
                  y   0.03686  0.07428  0.00026  0.00012  0.00168  0.00218
                  z  -0.00217 -0.02105 -0.00016  0.00002 -0.00332  0.00039
  7   n           x  -0.00026 -0.00014  0.00000  0.00001 -0.04172  0.03595
                  y  -0.00095 -0.00227 -0.00001 -0.00001  0.03111  0.07106
                  z  -0.00007  0.00039  0.00001 -0.00001 -0.02235  0.01254
  8   h           x   0.00157  0.00062 -0.09100  0.04793 -0.00002  0.00004
                  y   0.00018  0.00020 -0.00474  0.02528 -0.00000 -0.00001
                  z  -0.00901 -0.00458  0.70365 -0.32162  0.00007 -0.00005
  9   h           x   0.00465  0.00192 -0.02144 -0.52493 -0.00005  0.00005
                  y   0.00510  0.00198 -0.01272 -0.59691  0.00001 -0.00000
                  z   0.00359  0.00138 -0.03221 -0.41333  0.00001 -0.00001
 10   h           x   0.00158  0.00010  0.11043  0.05172 -0.00002  0.00004
                  y  -0.01043  0.00078 -0.64934 -0.25738  0.00004 -0.00006
                  z   0.00411 -0.00029  0.22821  0.11444 -0.00001  0.00002
 11   h           x  -0.02234  0.01042 -0.00027  0.00033 -0.00107 -0.00149
                  y   0.52179 -0.34663 -0.00154 -0.00137  0.00014 -0.00015
                  z  -0.05261  0.03733  0.00030  0.00014 -0.00068 -0.00039
 12   h           x   0.06184 -0.02354  0.00018  0.00027  0.00021 -0.00034
                  y   0.10741 -0.04240 -0.00054  0.00011  0.00009  0.00025
                  z  -0.69951  0.28893  0.00206 -0.00079  0.00088 -0.00025
 13   h           x  -0.00077 -0.00597 -0.00003 -0.00003  0.00309 -0.00067
                  y   0.01366 -0.01255 -0.00023  0.00012 -0.00432 -0.00053
                  z  -0.02572  0.13757  0.00152 -0.00047  0.00951  0.00094
 14   h           x   0.03658  0.06229  0.00015  0.00001  0.00013  0.00115
                  y  -0.45362 -0.86539 -0.00285 -0.00145 -0.01507 -0.01725
                  z   0.05945  0.11077  0.00032  0.00021  0.00345  0.00173
 15   h           x   0.00010 -0.00026 -0.00001  0.00003  0.44868 -0.60806
                  y   0.00303  0.00162 -0.00001  0.00003  0.34337 -0.42117
                  z   0.00152  0.00413  0.00000  0.00005  0.20461 -0.30378
 16   h           x  -0.00281  0.00158  0.00003  0.00002  0.12208  0.11123
                  y   0.00963  0.02149  0.00011  0.00002 -0.77670 -0.57094
                  z  -0.00353 -0.00747 -0.00005  0.00002  0.13107  0.12427

reduced mass(g/mol)     1.095    1.094    1.107    1.106    1.050    1.093
 

         **************************************************************
         *                                                            *
         *  zero point VIBRATIONAL energy  :      0.1355492  Hartree  *
         *    SCF-energy                   :   -362.9945053           *
         *    SCF + E(vib0)                :   -362.8589561           *
         *                                                            *
         **************************************************************




 time elapsed for vibrational analysis     0.73 sec


    ------------------------------------------------------------------------
         total  cpu-time : 25 minutes and 14 seconds
         total wall-time :  2 minutes and  5 seconds
    ------------------------------------------------------------------------

   ****  force : all done  ****


    2026-04-15 19:57:49.682 

aoforce ended normally 
