
   OpenMP run-time library returned nthreads = 16

 ridft (s02r2b47) : TURBOMOLE rev. V7-8-1 compiled 26 Feb 2024 at 17:12:58
 Copyright (C) 2024 TURBOMOLE GmbH, Karlsruhe


    2026-04-15 19:55:41.520 



                                  r i d f t

                        DFT program with RI approximation 
                                for coulomb part 





                                 References:     
                                                 
          TURBOMOLE:                             
              R. Ahlrichs, M. Baer, M. Haeser, H. Horn, and
              C. Koelmel
              Electronic structure calculations on workstation
              computers: the program system TURBOMOLE
              Chem. Phys. Lett. 162: 165 (1989)
          Density Functional:                              
              O. Treutler and R. Ahlrichs                      
              Efficient Molecular Numerical Integration Schemes
              J. Chem. Phys. 102: 346 (1995)                   
          Parallel Version:                                
              Performance of parallel TURBOMOLE for Density    
              Functional Calculations                          
              M. v. Arnim and R. Ahlrichs                      
              J. Comp. Chem. 19: 1746 (1998)                   
          RI-J Method:                                     
              Auxiliary Basis Sets to approximate Coulomb      
              Potentials                                       
              Chem. Phys. Lett. 240: 283 (1995)                
              K. Eichkorn, O. Treutler, H. Oehm, M. Haeser     
              and R. Ahlrichs                                  
              Chem. Phys. Lett. 242: 652 (1995)                
                                                           
              Auxiliary Basis Sets for Main Row Atoms and their
              Use to approximate Coulomb Potentials            
              K. Eichkorn, F. Weigend, O. Treutler and         
              R. Ahlrichs                                      
              Theo. Chem. Acc. 97: 119 (1997)                  
                                                           
              Accurate Coulomb-fitting basis sets for H to Rn 
              F. Weigend                                       
              Phys. Chem. Chem. Phys. 8: 1057 (2006)           
                                                           
          Multipole accelerated RI-J (MARI-J):             
              Fast evaluation of the Coulomb potential for     
              electron densities using multipole accelerated   
              resolution of identity approximation             
              M. Sierka, A. Hogekamp and R. Ahlrichs           
              J. Chem. Phys. 118: 9136 (2003)                  
          RI-JK Method:                                     
              A fully direct RI-HF algorithm: Implementation,
              optimised auxiliary basis sets, demonstration of
              accuracy and efficiency                         
              F. Weigend                                      
              Phys. Chem. Chem. Phys. 4: 4285 (2002)           
          Two-component HF and DFT with spin-orbit coupling:  
              Self-consistent treatment of spin-orbit         
              interactions with efficient Hartree-Fock and    
              density functional methods                      
              M. K. Armbruster, F. Weigend, C. van Wüllen and 
              W. Klopper                                      
              Phys. Chem. Chem. Phys. 10: 1748 (2008)         
          Two-component difference density and DIIS algorithm 
              Efficient two-component self-consistent field   
              procedures and gradients: implementation in     
              TURBOMOLE and application to Au20-              
              A. Baldes, F. Weigend                           
              Mol. Phys. 111: 2617 (2013)                     
          Relativistic current density functional theory      
              Current density functional framework for        
              spin-orbit coupling                             
              C. Holzer, Y. J. Franzke, A. Pausch             
              J. Chem. Phys. 157: 204102 (2022)               
          Relativistic all-electron 2c calculations           
              An efficient implementation of two-component    
              relativistic exact-decoupling methods for large 
              molecules                                       
              D. Peng, N. Middendorf, F. Weigend, M. Reiher   
              J. Chem. Phys. 138: 184105 (2013)               
          Finite nucleus model and SNSO approximation         
              Efficient implementation of one- and two-       
              component analytical energy gradients in exact  
              two-component theory                            
              Y. J. Franzke, N. Middendorf, F. Weigend        
              J. Chem. Phys. 148: 104110 (2018)               
          Grids for all-electron relativistic methods         
              Error-consistent segmented contracted all-      
              electron relativistic basis sets of double-     
              and triple-zeta quality for NMR shielding       
              constants                                       
              Y. J. Franzke, R. Tress, T. M. Pazdera,         
              F. Weigend                                      
              Phys. Chem. Chem. Phys. 21: 166658 (2019)       
          Seminumerical exchange algorithms                   
              Seminumerical calculation of the Hartree-Fock   
              exchange matirx: Application to two-component   
              procedures and efficient evaluation of local    
              hybrid functionsl                               
              P. Plessow, F. Weigend,                         
              J. Comput. Chem. 33: 810 (2012)                 
          Improved seminumerical algorithms                   
              C. Holzer,                                      
              J. Chem. Phys. 153 (2020), 184115               






          OpenMP Shared-Memory Parallelization: 16 CPUs.

            By: Christof Holzer and Yannick J. Franzke


              +--------------------------------------------------+
              |      general information about current run       |
              +--------------------------------------------------+

 
 Becke-3-Parameter hybrid functional: B3-LYP
 exchange:    0.8*LDA + 0.72*B88 + 0.2*HF
 correlation: 0.19*LDA(VWN) + 0.81*LYP
 A Hybrid-DFT calculation using the RI-J approximation will be carried out.
 Allocatable memory for RI due to $ricore (MB):                  5000


              +--------------------------------------------------+
              | Atomic coordinate, charge and isotop information |
              +--------------------------------------------------+

                    atomic coordinates            atom    charge  isotop
          5.85700637    0.30630823    0.26916375    c      6.000     0
          3.32155475    1.06755873    0.87203223    o      8.000     0
          1.45940268   -0.35694643   -0.13216610    c      6.000     0
          1.84754822   -2.14042998   -1.49436339    o      8.000     0
         -1.10463315    0.56685501    0.71262498    c      6.000     0
         -3.28619708   -0.71971602   -0.65611055    c      6.000     0
         -5.69273065    0.09471356    0.44450893    n      7.000     0
          6.16117114    0.34683619   -1.76689540    h      1.000     0
          7.07909218    1.66298444    1.20925882    h      1.000     0
          6.22299999   -1.59786742    0.96388234    h      1.000     0
         -1.17022726    2.61923445    0.47000384    h      1.000     0
         -1.26671397    0.23657740    2.74739987    h      1.000     0
         -3.12551248   -0.35825165   -2.69376720    h      1.000     0
         -3.12356483   -2.76010851   -0.41099099    h      1.000     0
         -7.14492866   -0.90779019   -0.29735985    h      1.000     0
         -6.03426534    1.94004409    0.05433700    h      1.000     0
 
       center of nuclear mass  :    0.34604360   -0.16574429   -0.01094290
       center of nuclear charge:    0.29741487   -0.14213056   -0.00768117

              +--------------------------------------------------+
              |               basis set information              |
              +--------------------------------------------------+

              we will work with the 1s 3p 5d 7f 9g ... basis set
              ...i.e. with spherical basis functions...

   type   atoms  prim   cont   basis
   ---------------------------------------------------------------------------
    c        4     46     31   def2-TZVP   [5s3p2d1f|11s6p2d1f]
    o        2     46     31   def2-TZVP   [5s3p2d1f|11s6p2d1f]
    n        1     46     31   def2-TZVP   [5s3p2d1f|11s6p2d1f]
    h        9      8      6   def2-TZVP   [3s1p|5s1p]
   ---------------------------------------------------------------------------
   total:   16    394    271
   ---------------------------------------------------------------------------

   total number of primitive shells          :   66
   total number of contracted shells         :  113
   total number of cartesian basis functions :  306
   total number of SCF-basis functions       :  271


 integral neglect threshold       :  0.11E-10
 integral storage threshold THIZE :  0.10E-04
 integral storage threshold THIME :         5

 RI-J AUXILIARY BASIS SET information:

              we will work with the 1s 3p 5d 7f 9g ... basis set
              ...i.e. with spherical basis functions...

   type   atoms  prim   cont   basis
   ---------------------------------------------------------------------------
    c        4     70     49   def2-TZVP   [6s4p3d1f1g|12s5p4d2f1g]
    o        2     70     49   def2-TZVP   [6s4p3d1f1g|12s5p4d2f1g]
    n        1     70     49   def2-TZVP   [6s4p3d1f1g|12s5p4d2f1g]
    h        9     16     11   def2-TZVP   [3s1p1d|5s2p1d]
   ---------------------------------------------------------------------------
   total:   16    634    442
   ---------------------------------------------------------------------------

   total number of primitive shells          :   80
   total number of contracted shells         :  150
   total number of cartesian basis functions :  535
   total number of SCF-basis functions       :  442


 symmetry group of the molecule :   c1 

 the group has the following generators :
   c1(z)

    1 symmetry operations found

 there are 1 real representations :   a   

 maximum number of shells which are related by symmetry :  1

  
           ------------------
           density functional
           ------------------
 Becke-3-Parameter hybrid functional: B3-LYP
 exchange:    0.8*LDA + 0.72*B88 + 0.2*HF
 correlation: 0.19*LDA(VWN) + 0.81*LYP
 iterations will be done with small grid
  
 spherical integration : Lebedev's spherical grid
 spherical gridsize    :                     3
    i.e. gridpoints    :                   302
  maximum batchsize    :                   100
 value for diffuse not defined
 radial integration    : Chebyshev 2nd kind (scaling 3)
 radial gridsize       :                     3
 integration cells     :                    16
 partition function    : becke
 partition sharpness   :                     3
  

 biggest AO integral is expected to be     7.998976882

          ------------------------
          nuclear repulsion energy  :   311.373639165    
          ------------------------


         -----------------
         -S,T+V- integrals
         -----------------

 1e-integrals will be neglected if expon. factor < 0.109214E-11
 
 Difference densities algorithm switched on.
 The maximal number of linear combinations of
 difference densities is  20.

 DIIS switched on: error vector is FDS-SDF
 Max. Iterations for DIIS is     :   4
 DIIS matrix (see manual) 
    Scaling factor of diagonals  :  1.200
    threshold for scaling factor :  0.000

 scf convergence criterion : increment of total energy < .1000000D-06
                  and increment of one-electron energy < .1000000D-03

 MOs are in ASCII format !


    mo occupation :
   irrep   mo's   occupied
    a      271       28
 
 number of basis functions   :   271
 number of occupied orbitals :    28
 

 reading orbital data $scfmo  from file mos
 orbital characterization : scfconv=7
 mo-orthogonalization by Cholesky decomposition

 automatic virtual orbital shift switched on 
      shift if e(lumo)-e(homo) < 0.10000000    

  
           ------------------------
               RI-J - INFORMATION
           ------------------------
 Contributions to RI integral batches: 
  neglected integral batches:                   900
  direct contribution:                            0
  memory contribution:                  5541
 Memory core needed for (P|Q) and Cholesky      2 MByte
 Memory core minimum needed except of (P|Q)     1 MByte
 Total minimum memory core needed (sum)         2 MByte
  
 ****************************************
 Memory allocated for RI-J   169 MByte
 ****************************************
                                            

 DSCF restart information will be dumped onto file mos


 Starting SCF iterations

          Overall gridpoints after grid construction =         19946

 ITERATION  ENERGY          1e-ENERGY        2e-ENERGY     NORM[dD(SAO)]  TOL
   1  -362.99469858699    -1110.8360790     436.46774122    0.000D+00 0.109D-10
                            Exc = -39.6334911644     Coul =  485.506429030    
                            exK = -9.40519664457    
                              N = 56.001745021    
                            current damping = 0.300
 
          max. resid. norm for Fia-block=  1.067D-05 for orbital     26a         
          max. resid. fock norm         =  1.540D-05 for orbital    173a         

 ITERATION  ENERGY          1e-ENERGY        2e-ENERGY     NORM[dD(SAO)]  TOL
   2  -362.99469858723    -1110.8359635     436.46762578    0.858D-04 0.691D-11
                            Exc = -39.6334669944      Eck =  476.101092774    
                              N = 56.001745036    
                            current damping = 0.300
 
          Norm of current diis error: 0.15688E-03
          max. resid. norm for Fia-block=  5.060D-06 for orbital     27a         
          max. resid. fock norm         =  7.015D-06 for orbital     29a         

 ENERGY CONVERGED !

          Overall gridpoints after grid construction =         75180

 ITERATION  ENERGY          1e-ENERGY        2e-ENERGY     NORM[dD(SAO)]  TOL
   3  -362.99450533937    -1110.8360182     436.46787366    0.161D-04 0.650D-11
                            Exc = -39.6332863058      Eck =  476.101159961    
                              N = 56.000023069    
                            current damping = 0.350
 
          Norm of current diis error: 0.26903E-04
          max. resid. norm for Fia-block=  1.345D-06 for orbital     26a         
          max. resid. fock norm         =  2.309D-06 for orbital    258a         

 End of SCF iterations

   convergence criteria satisfied after     3 iterations


                  ------------------------------------------ 
                 |  total energy      =   -362.99450533937  |
                  ------------------------------------------ 
                 :  kinetic energy    =    361.45657067820  :
                 :  potential energy  =   -724.45107601757  :
                 :  virial theorem    =      1.99576320126  :
                 :  wavefunction norm =      1.00000000000  :
                  .......................................... 


 <geterg> : there is no data group $energy 


 <skperg> : $end is missing 


 orbitals $scfmo  will be written to file mos

    irrep                 24a         25a         26a         27a         28a   
 eigenvalues H         -0.35977    -0.35139    -0.30920    -0.28008    -0.24499
            eV          -9.7900     -9.5619     -8.4137     -7.6215     -6.6665
 occupation              2.0000      2.0000      2.0000      2.0000      2.0000

    irrep                 29a         30a         31a         32a         33a   
 eigenvalues H          0.00693     0.02654     0.04806     0.06631     0.07886
            eV           0.1887      0.7221      1.3077      1.8043      2.1459
 
 
 
 
 ==============================================================================
                           electrostatic moments
 ==============================================================================

 reference point for electrostatic moments:    0.00000   0.00000   0.00000

 
              nuc           elec       ->  total
 ------------------------------------------------------------------------------
                          charge      
 ------------------------------------------------------------------------------
          56.000000     -56.000000       0.000000
 
 ------------------------------------------------------------------------------
                       dipole moment  
 ------------------------------------------------------------------------------
   x      16.655233     -16.648274       0.006959
   y      -7.959312       8.558959       0.599647
   z      -0.430146       0.363985      -0.066161
 
   | dipole moment | =     0.6033 a.u. =     1.5335 debye 
 
 ------------------------------------------------------------------------------
                     quadrupole moment
 ------------------------------------------------------------------------------
  xx     869.902821    -895.136607     -25.233786
  yy      76.884827    -109.784823     -32.899996
  zz      52.300085     -86.318767     -34.018682
  xy      16.150987     -15.684407       0.466581
  xz      11.028905      -7.231892       3.797013
  yz      43.579468     -45.650658      -2.071190
 
     1/3  trace=     -30.717488
     anisotropy=      11.197000
 
 ==============================================================================
 
HOMO-LUMO Separation
 HOMO         :   -0.24498791 H =     -6.66646 eV
 LUMO         :    0.00693344 H =     +0.18867 eV
 HOMO-LUMO gap:    0.25192135 H =     +6.85513 eV
 
 ==============================================================================


    ------------------------------------------------------------------------
         total  cpu-time :  40.15 seconds
         total wall-time :   2.83 seconds
    ------------------------------------------------------------------------

   ****  ridft : all done  ****


    2026-04-15 19:55:44.320 

 ridft ended normally
