
   OpenMP run-time library returned nthreads = 16

 force (s02r1b52) : TURBOMOLE rev. V7-8-1 compiled 26 Feb 2024 at 17:12:58
 Copyright (C) 2024 TURBOMOLE GmbH, Karlsruhe


    2026-04-15 19:55:35.812 



                             T U R B O M O L E   

                          a o f o r c e - program

                        using direct algorithms for

                       SCF level calculations of
                         * harmonic force constants
                         * hyperpolarizabilities
                         * IR and RAMAN intensities
                         * VCD intensities

                       DFT level calculations of
                         * harmonic force constants
                         * IR intensities
                                                   
       Stephan Boecker, Peter Deglmann, Filipp Furche and Marco Haeser
                          Quantum Chemistry Group
                          Universitaet  Karlsruhe
                                   Germany

 
 

          OpenMP Shared-Memory Parallelization: 16 CPUs.

            By: Erik P. Almaraz and Filipp Furche
            Copyright 2009-2011 by UCI and TURBOMOLE GmbH.

            Revised By: Christof Holzer and Yannick J. Franzke.

 
 
     References :
 
       RI-J implementation:
         Peter Deglmann, Klaus May, Filipp Furche, Reinhart Ahlrichs
                 Chem. Phys. Lett. 384:103 (2004)
 
       Efficiency, technical details:
         Peter Deglmann, Filipp Furche, Reinhart Ahlrichs
                 Chem. Phys. Lett. 362:511 (2002)
 
       Search of lowest eigenvalues by iterative diagonalization:
         Peter Deglmann, Filipp Furche
                 J. Chem. Phys. 117:9535 (2002)
 
       Vibrational circular dichroism implementation:
        Kevin Reiter, Michael Kuehn, Florian Weigend
                 J. Chem. Phys. 146:054102 (2017)  
 
 


              +--------------------------------------------------+
              | Atomic coordinate, charge and isotop information |
              +--------------------------------------------------+

                    atomic coordinates            atom    charge  isotop
          0.86352291   -0.58845508    1.06441460    c      6.000     0
         -1.54632021   -0.81878846   -0.50739255    c      6.000     0
         -2.61665176    1.58447284   -1.10481852    o      8.000     0
          2.89334305    0.88836368   -0.07892215    n      7.000     0
          1.57681647   -2.48455641    1.48252024    h      1.000     0
          0.39133589    0.26862346    2.89198319    h      1.000     0
         -1.12584194   -1.69824104   -2.32776755    h      1.000     0
         -2.92895314   -2.01840443    0.47157490    h      1.000     0
         -3.29672409    2.31201247    0.42024362    h      1.000     0
          3.59175720   -0.01194813   -1.62039337    h      1.000     0
          2.19771752    2.56692488   -0.69144052    h      1.000     0
 
       center of nuclear mass  :   -0.14947413    0.32442049   -0.18760471
       center of nuclear charge:   -0.12854378    0.27603759   -0.15947501

              +--------------------------------------------------+
              |               basis set information              |
              +--------------------------------------------------+

              we will work with the 1s 3p 5d 7f 9g ... basis set
              ...i.e. with spherical basis functions...

   type   atoms  prim   cont   basis
   ---------------------------------------------------------------------------
    c        2     46     31   def2-TZVP   [5s3p2d1f|11s6p2d1f]
    o        1     46     31   def2-TZVP   [5s3p2d1f|11s6p2d1f]
    n        1     46     31   def2-TZVP   [5s3p2d1f|11s6p2d1f]
    h        7      8      6   def2-TZVP   [3s1p|5s1p]
   ---------------------------------------------------------------------------
   total:   11    240    166
   ---------------------------------------------------------------------------

   total number of primitive shells          :   66
   total number of contracted shells         :   72
   total number of cartesian basis functions :  186
   total number of SCF-basis functions       :  166

 
             FOUND RI-J FLAG !
 

 NOTE: THIS IS A PRELIMINARY IMPLEMENTATION. THE RI APPROXIMATION IS
       PRESENTLY USED FOR CPKS CONTRIBUTIONS TO THE HESSIAN ONLY! SEE
       MANUAL FOR FURTHER DETAILS.

  
 AUXILIARY BASIS SET information:

              we will work with the 1s 3p 5d 7f 9g ... basis set
              ...i.e. with spherical basis functions...

   type   atoms  prim   cont   basis
   ---------------------------------------------------------------------------
    c        2     70     49   def2-TZVP   [6s4p3d1f1g|12s5p4d2f1g]
    o        1     70     49   def2-TZVP   [6s4p3d1f1g|12s5p4d2f1g]
    n        1     70     49   def2-TZVP   [6s4p3d1f1g|12s5p4d2f1g]
    h        7     16     11   def2-TZVP   [3s1p1d|5s2p1d]
   ---------------------------------------------------------------------------
   total:   11    392    273
   ---------------------------------------------------------------------------

   total number of primitive shells          :   80
   total number of contracted shells         :   95
   total number of cartesian basis functions :  328
   total number of SCF-basis functions       :  273


 symmetry group of the molecule :   c1 

 the group has the following generators :
   c1(z)

    1 symmetry operations found

 there are 1 real representations :   a   

 maximum number of shells which are related by symmetry :  1


 determining totally symmetric integral contributions 
    - equivalent to irreducible tensor elements - 
 which can be formed within each triple of representations :

             representation triple      contributions

              a     a     a               1
  MOs are in ASCII format !

  MOs are in ASCII format !


    mo occupation :
   irrep   mo's   occupied
    a      166       17
 
 number of basis functions   :   166
 number of occupied orbitals :    17
 

 reading orbital data $scfmo  from file mos
 orbital characterization : scfconv=7
 time elapsed for calculating density matrices :   0.077 sec
 all orbitals will be included in the transformation

 number of non-frozen orbitals          :   166
 number of non-frozen occupied orbitals :    17


 Blocking parameters 
 shells:
    index      start shell   last shell  start bf    last bf    #bf 
       1             1          72             1        186    186
          size of I/O Block in Byte:                9133344
  
           ----------------------
               RI - INFORMATION
           ----------------------

 biggest AO integral is expected to be     7.998976882

 Threshold for integral neglect (rithr2):   0.13E-10
 Threshold for integral neglect (rithr1):   0.13E-10

 Contributions to RI integral batches: 
  neglected integral batches:                    68
  direct contribution:                            0
  memory contribution:                  2560
 Core memory available (ricore)            1000 MiB
 Core memory needed for (P|Q) and Cholesky 1 MiB
 Core memory used for integrals            44 MiB
  
 ****************************************
 Memory allocated for RIDFT 44 MiB
 ****************************************
                                            
  
           ------------------
           density functional
           ------------------
 Becke-3-Parameter hybrid functional: B3-LYP
 exchange:    0.8*LDA + 0.72*B88 + 0.2*HF
 correlation: 0.19*LDA(VWN) + 0.81*LYP
 iterations will be done with small grid
  
 spherical integration : Lebedev's spherical grid
 spherical gridsize    :                     3
    i.e. gridpoints    :                   302
  maximum batchsize    :                   100
 value for diffuse not defined
 radial integration    : Chebyshev 2nd kind (scaling 3)
 radial gridsize       :                     3
 integration cells     :                    11
 partition function    : becke
 partition sharpness   :                     3
  
 
 Derivatives of quadrature weights will be included
 
 preparing DFT   numerical integration ....
          Overall gridpoints after grid construction =         49915
 Ordering of quadrature gridpoints disabled.
 
 
 
 
 OCCUPIED-OCCUPIED TENSOR SPACES :

          IRREP   tensor space dimension   number of roots

           a                 289                     27
 
 OCCUPIED-VIRTUAL TENSOR SPACES :

          IRREP   tensor space dimension   number of roots

           a                2533                     27
 
 
 
 
 CONSTRUCTING integral bounds

 setting up bound for integral derivative estimation

 increment for numerical differentiation : 0.00050000
 
 machine precision:   2.220446049250313E-016

 integral neglect threshold       :  0.10E-09
 integral storage threshold THIZE :  0.10E-04
 integral storage threshold THIME :         5

 
 
 
 PREPARING NUMERICAL INTEGRATION
 
 Remaining core memory for DFT =                  7974 MB
 
 Memory needed per atom    =                   407 KiB
 
     i. e.                    11 atoms per loop

 Calculating ground state density on molecular grid

 Integral of ground state density: N =   33.99997234646624    


 
 
 CONSTRUCTING first deriv. of <mu|x,y,z|nu> -> Dip. deriv.
  dipole integral derivatives will be neglected if
  expon. factor <0.268817E-11
      ...terminated. cpu:       0.13       wall:       0.01
 
 
 
 
 CONSTRUCTING first deriv. of  <mu|nu>
                               <mu|h|nu>    -> RHS
              second deriv. of <mu|nu>      -> Hessian
                               <mu|h|nu>    -> Hessian
                               nucl. rep.   -> Hessian
     integrals are neglected if expon. factor <  2.688172043010752E-013
      ...terminated. cpu:       0.46       wall:       0.03



 CONSTRUCTING second deriv. of 2e energy    -> Hessian
  treating Coulomb (and exchange) contribution
  integrals will be neglected if total contribution <  0.26881720E-08
      ...terminated. cpu:      53.51       wall:       6.52
  treating exchange-correlation contribution
      ...terminated. cpu:      23.74       wall:       1.50
 
 
 
 
 CONSTRUCTING S(i,j)xi
      ...terminated. cpu:       0.06       wall:       0.00
 
 
 
 
 CONSTRUCTING <i|x,y,z|j>*S(i,j)xi          -> Dip. deriv.
      ...terminated. cpu:       0.02       wall:       0.00
 
 
 
 
 CONSTRUCTING epsilon(i)*S(i,j)xi*S(i,j)chi -> Hessian
      ...terminated. cpu:       0.03       wall:       0.00
 
 
 
 
 CONSTRUCTING G(a,i)[S(k,l)xi]              -> RHS
              G(i,j)[S(k,l)xi]*S(i,j)chi    -> Hessian
 
         Maximum core memory set to                   8000 MB
         This corresponds to                 30147 vectors in CAO basis
      ...terminated. cpu:      36.87       wall:       3.40
 
 
 
 
 CONSTRUCTING G(mu,nu)[D(kap,lam)]xi
 
          Maximum core memory set to                   8000 MB
          Atoms treated simultaneously :                    11
 max of dfo   51.0349096092670     
      ...terminated. cpu:      47.02       wall:       2.95




 CONSTRUCTING F(a,i)xi                      -> RHS
              F(i,j)xi*S(i,j)chi            -> Hessian
 
        Maximum core memory set to                  8000 MB
        This corresponds to                 52628 vectors in CAO basis
      ...terminated. cpu:       0.32       wall:       0.02
 
 
 
 
 CONSTRUCTING epsilon(i)*S(a,i)xi           -> RHS
      ...terminated. cpu:       0.18       wall:       0.01





 SOLVING CPHF equations
 
 Residuum convergence criterium   :  1.000000000000000E-005
 
 Maximum number of Davidson iterations set to                    25

 logfile cphf_a    will be constructed


  Switching to small grid for DFT
        preparing DFT   numerical integration ....
          Overall gridpoints after grid construction =         13001

 Calculating ground state density on molecular grid

 Integral of ground state density: N =   34.00044282173721    




                       Nonorthonormal Krylov Space Iteration


 total number of roots to be determined: 27


 maximum core memory set to         8000 MB,
 corresponding to    29865 vectors in CAO basis


 maximum number of simultaneously treated vectors (including degeneracy):       27


 Iteration IRREP Converged      Max. Euclidean
                 roots          residual norm

    1       a        0        9.273136291348687D-02
 
    2       a        0        9.569216962557145D-03
 
    3       a        0        7.862469870714608D-04
 
    4       a        1        4.358921017204733D-05
 
    5       a       27        7.396822195026777D-06
 

 converged!

  Switching to fine grid
        preparing numerical DFT   integration ....
          Overall gridpoints after grid construction =         49915

 Calculating ground state density on molecular grid

 Integral of ground state density: N =   33.99997234646623    



 Iteration IRREP Converged      Max. Euclidean
                 roots          residual norm

    6       a        0        5.891090101324972D-05
 

 NOTE: Residual norms are larger than 1.00D-05 due to mgrid option!

      ...terminated. cpu:     165.59       wall:      16.60
 
 
 
 
 CONSTRUCTING <a|x,y,z|i>*U(a,i)xi          -> Dip. deriv.
      ...terminated. cpu:       0.07       wall:       0.00
 
 
 
 
 CONSTRUCTING RHS(a,i)xi*U(a,i)chi          -> Hessian
      ...terminated. cpu:       0.07       wall:       0.00
 
 
 
 

            -----------------------
            permanent dipole moment
            -----------------------

                                   x                y                z
    electronic part       :    4.0301609094    -9.6949667154     5.6317851472
     nuclear   part       :   -4.3704886678     9.3852780277    -5.4221504115
     total                :   -0.3403277585    -0.3096886877     0.2096347357

 with reference to the point :   0.0000000        0.0000000        0.0000000
 (given in atomic units)
    | dipole |       :    1.2852309133  debye

   ***  dipole moment & cartesian dipole gradients written onto
        $dipole, $dipgrad,  file=<dipgrad>  ***

             -----------------------------------
             rotational and vibrational analysis
             -----------------------------------


            ==============================================================
            ATOMIC WEIGHTS (average over the natural occurance of isotops)
            ==============================================================
            ('*' denotes special isotop !)
              1     c                12.01115
              2     c                12.01115
              3     o                15.99940
              4     n                14.00670
              5     h                 1.00797
              6     h                 1.00797
              7     h                 1.00797
              8     h                 1.00797
              9     h                 1.00797
             10     h                 1.00797
             11     h                 1.00797

          -------------------------------------------------
          CARTESIAN FORCE CONSTANT MATRIX (hartree/bohr**2)
         (translational & rotational space projected out)
          -------------------------------------------------

   ATOM              1 c                           2 c 
                  dx        dy        dz        dx        dy        dz
   1 c     dx  0.4546118
           dy -0.0534488 0.5888762
           dz -0.0301150 0.0157748 0.5428245
   2 c     dx -0.1343056-0.0164748-0.0422537 0.4858562
           dy -0.0068144-0.0787967-0.0068754 0.0337342 0.4931179
           dz -0.0441728-0.0165898-0.1207057-0.0743962 0.0297301 0.5885609
   3 o     dx -0.0164406 0.0375269-0.0092436-0.0828619 0.0539075-0.0124149
           dy  0.0097758-0.0157808 0.0046016 0.0478167-0.1812652 0.0489403
           dz -0.0108591 0.0257314-0.0038286 0.0067804 0.0060466-0.0993571
   4 n     dx -0.1436685-0.0333339 0.0307379-0.0333186-0.0243477 0.0166112
           dy -0.0472753-0.1334157 0.0113700-0.0130496-0.0066975 0.0045846
           dz  0.0756331 0.0380362-0.0977177-0.0065563-0.0067649 0.0094367
   5 h     dx -0.0836944 0.0880494-0.0190241-0.0061950 0.0258468-0.0010358
           dy  0.0822789-0.2558071 0.0427550-0.0003629 0.0010093-0.0010801
           dz -0.0168140 0.0389100-0.0577134-0.0063345 0.0176071-0.0028805
   6 h     dx -0.0570442 0.0232799 0.0419476 0.0038372-0.0127790-0.0275265
           dy  0.0255149-0.0972430-0.0950014 0.0025973-0.0026740-0.0026193
           dz  0.0439636-0.0915612-0.2336173 0.0027623-0.0123546-0.0195609
   7 h     dx  0.0041014-0.0120414-0.0270963-0.0598611 0.0163852 0.0455001
           dy -0.0003041 0.0006358-0.0033372 0.0152941-0.0861406-0.0844606
           dz  0.0045404-0.0066883-0.0193048 0.0487549-0.0948358-0.2558531
   8 h     dx -0.0153993-0.0141977 0.0178350-0.1670947-0.0908303 0.0801466
           dy -0.0038172 0.0000590 0.0017696-0.0883610-0.1166752 0.0558536
           dz -0.0125563-0.0102194 0.0092188 0.0790943 0.0590044-0.1082975
   9 h     dx -0.0005224 0.0003038 0.0021873-0.0070319 0.0063697 0.0155584
           dy  0.0000949 0.0016792 0.0004109 0.0168057-0.0215182-0.0355311
           dz -0.0005887 0.0021647 0.0027815-0.0065151 0.0087641 0.0055308
  10 h     dx -0.0152723 0.0120995 0.0257721 0.0001536 0.0019055 0.0014831
           dy -0.0112470 0.0107981 0.0191941-0.0001671 0.0002041 0.0009564
           dz  0.0006726-0.0095338-0.0165554-0.0011023 0.0002386 0.0022954
  11 h     dx  0.0076342-0.0317629 0.0092528 0.0008217-0.0033775 0.0002466
           dy  0.0052424-0.0210050 0.0093380 0.0021673-0.0005638 0.0002159
           dz -0.0097039 0.0139753-0.0053818-0.0002337-0.0005603 0.0008311

   ATOM              3 o                           4 n 
                  dx        dy        dz        dx        dy        dz
   3 o     dx  0.1676058
           dy -0.1718106 0.3477642
           dz -0.1371550 0.0993535 0.4672324
   4 n     dx  0.0025240 0.0002081 0.0011047 0.3437884
           dy  0.0013087 0.0037002-0.0008855-0.1205703 0.6102365
           dz -0.0002435 0.0000389 0.0020150-0.1705265-0.0131689 0.4614635
   5 h     dx -0.0063880 0.0013801-0.0052746 0.0072661-0.0295885 0.0064238
           dy -0.0002532 0.0017391-0.0001516 0.0020707-0.0198808 0.0049026
           dz -0.0041341 0.0011871-0.0013416-0.0021724 0.0166462-0.0033395
   6 h     dx  0.0025202-0.0015104 0.0018084-0.0147324 0.0087397 0.0256575
           dy -0.0011114 0.0019371 0.0011630-0.0088510 0.0097164 0.0178466
           dz  0.0010552 0.0014848 0.0027119 0.0116125-0.0026587-0.0126186
   7 h     dx -0.0056590 0.0135297 0.0122757 0.0033768 0.0012687 0.0005672
           dy  0.0157280-0.0255078-0.0280233 0.0006709-0.0000207 0.0004651
           dz -0.0013824 0.0026248 0.0103278 0.0005600 0.0009621 0.0031051
   8 h     dx  0.0127191 0.0142005-0.0102158-0.0069278-0.0020956-0.0044590
           dy -0.0106703-0.0348781 0.0190945-0.0004907 0.0010670-0.0001537
           dz  0.0006500 0.0097993-0.0004385-0.0031425-0.0003595-0.0003975
   9 h     dx -0.0750183 0.0851457 0.1418648-0.0003975-0.0002588-0.0007490
           dy  0.0738678-0.0986331-0.1217154-0.0007692-0.0002206-0.0003356
           dz  0.1631552-0.1664629-0.3764113 0.0003564-0.0002356-0.0003577
  10 h     dx -0.0003212-0.0005095-0.0005011-0.0652670 0.0506357 0.0972464
           dy  0.0006184 0.0000195 0.0001553 0.0714099-0.1455125-0.1327067
           dz -0.0001398-0.0002582-0.0002369 0.1400464-0.1447758-0.2790681
  11 h     dx  0.0013199 0.0017739 0.0001716-0.0926434 0.1508854-0.0229937
           dy  0.0008883 0.0009050-0.0007686 0.1140031-0.3189723 0.0918403
           dz -0.0001470-0.0013094-0.0006730-0.0251877 0.1285212-0.0825211

   ATOM              5 h                           6 h 
                  dx        dy        dz        dx        dy        dz
   5 h     dx  0.0918507
           dy -0.0867233 0.2833970
           dz  0.0174143-0.0509670 0.0596274
   6 h     dx -0.0024200 0.0055015 0.0101649 0.0724609
           dy  0.0055757-0.0121644-0.0253669-0.0202095 0.0999544
           dz -0.0012884 0.0015717 0.0062683-0.0533629 0.1004637 0.2590341
   7 h     dx  0.0010682 0.0002949 0.0010283-0.0042890-0.0010315-0.0034914
           dy -0.0005264 0.0003003-0.0000619 0.0001412 0.0010580-0.0004309
           dz -0.0003012 0.0004451 0.0001822-0.0036113 0.0003603-0.0006685
   8 h     dx  0.0002375 0.0008777 0.0001272 0.0013115-0.0002866-0.0007244
           dy -0.0006626 0.0004346-0.0005013 0.0002344-0.0002066 0.0001592
           dz  0.0009673 0.0004565 0.0006375 0.0010690-0.0000963 0.0006584
   9 h     dx  0.0005680-0.0005255-0.0005153-0.0003606-0.0001236-0.0011023
           dy -0.0005686 0.0000874 0.0000681 0.0007109 0.0003499 0.0007023
           dz -0.0003344-0.0000934-0.0004730 0.0005468-0.0004229-0.0008342
  10 h     dx  0.0013928 0.0000178-0.0008285-0.0018014-0.0029858 0.0006404
           dy  0.0005508 0.0007183 0.0002003-0.0040797-0.0010258 0.0026313
           dz -0.0004640 0.0001823 0.0002396 0.0034842 0.0034019-0.0009402
  11 h     dx -0.0036859-0.0031767 0.0020640 0.0005178 0.0009115-0.0000646
           dy -0.0033334 0.0001663 0.0022783-0.0000290 0.0002979-0.0000077
           dz  0.0029171 0.0019789-0.0012069-0.0001779 0.0002713-0.0004329

   ATOM              7 h                           8 h 
                  dx        dy        dz        dx        dy        dz
   7 h     dx  0.0654387
           dy -0.0290422 0.1070608
           dz -0.0483752 0.1003232 0.2721488
   8 h     dx -0.0036006-0.0032004 0.0025877 0.1764324
           dy  0.0079538 0.0090440-0.0050215 0.0961985 0.1399641
           dz  0.0202265 0.0148662-0.0121657-0.0843777-0.0726548 0.1103810
   9 h     dx  0.0001405 0.0016029-0.0016823 0.0014732-0.0008524-0.0010796
           dy  0.0028074-0.0062159 0.0026205-0.0012684 0.0011775-0.0006821
           dz -0.0011433 0.0009596 0.0018464-0.0005653 0.0012548 0.0006086
  10 h     dx -0.0005261-0.0004659-0.0010053 0.0006558-0.0003192-0.0006931
           dy  0.0002454-0.0000362-0.0004920-0.0000408-0.0000728-0.0001313
           dz  0.0005713-0.0001770 0.0004020-0.0003511-0.0000167-0.0001130
  11 h     dx -0.0001898 0.0001017-0.0000853 0.0001929 0.0007868-0.0001577
           dy -0.0003701-0.0001776-0.0002984 0.0006432 0.0000864 0.0000169
           dz -0.0000628-0.0001233-0.0000201-0.0000031 0.0002163-0.0000922

   ATOM              9 h                          10 h 
                  dx        dy        dz        dx        dy        dz
   9 h     dx  0.0817882
           dy -0.0917555 0.1231691
           dz -0.1550843 0.1540312 0.3674899
  10 h     dx  0.0001554 0.0000175-0.0000604 0.0878441
           dy -0.0001439-0.0001951 0.0001311-0.0685544 0.1518322
           dz -0.0000706 0.0000604-0.0001931-0.1338356 0.1426784 0.2861019
  11 h     dx -0.0007947 0.0000577 0.0002331-0.0070137 0.0114085-0.0088112
           dy  0.0002378 0.0003199-0.0000908 0.0081588-0.0167298 0.0081999
           dz  0.0006729 0.0003707 0.0000119 0.0117819-0.0326170 0.0080677

   ATOM             11 h 
                  dx        dy        dz
  11 h     dx  0.0938410
           dy -0.1276085 0.3556729
           dz  0.0201443-0.1107237 0.0814174
 

   *** projected hessian written onto $hessian (projected), file=<hessian> ***

 dipole moment in principle axis system (a.u.) :    -0.2551170212    -0.4230063146     0.1079710708
 norm :  0.5056449237    

 rotational constants b for rotations around axis of inertia
 and optical intensities for (1 <-- 0) transition

   b   :     0.4957879994     0.1725968974     0.1464227835   (cm**(-1))

   b   :  ***************  5174.3248119451  4389.6446162493     (MHz)

   b   :     0.0650846945     0.1789343422     0.0116577521     (a.u.)

   x   :     0.9707521583     0.1779410001    -0.1611745872
   y   :    -0.0932499455     0.8980713639     0.4298514547
   z   :     0.2212344791    -0.4022497059     0.8883977034

   ***  normal modes written onto $vibrational normal modes, file=<vib_normal_modes>  ***

  Keyword $vibrational reduced masses missing in file <control>


   ***  vibrational spectroscopic data written onto$vibrational spectrum   
        file=<vibspectrum>  ***

          ---------------------------------------------------
          NORMAL MODES and VIBRATIONAL FREQUENCIES (cm**(-1))
          ---------------------------------------------------

 imaginary wave numbers indicate a negative curvature of the energy surface.
 zero frequency modes have no physical meaning except being generators of
 translations and rotations. each vibrational normal mode - given in terms of
 cartesian displacement vectors of all atoms - has been normalized to unity.
 to obtain mass-weigthed normal coordinates in a.u. divide the tabulated
 modes by sqrt(reduced mass * 1822.88853).
 band intensities or cross sections refer to independent non-degenerate normal
 modes, that is, the intensities of degenerate modes have yet to be added.
 dDIP/dQ is the normal mode derivative of the dipole moment.


       mode               1        2        3        4        5        6

     frequency           0.00     0.00     0.00     0.00     0.00     0.00

     symmetry                                                             

        IR                -        -        -        -        -        - 
|dDIP/dQ|   (a.u.)     0.0000   0.0000   0.0000   0.0000   0.0000   0.0000
intensity (km/mol)       0.00     0.00     0.00     0.00     0.00     0.00
intensity (  %   )       0.00     0.00     0.00     0.00     0.00     0.00
 
       RAMAN              -        -        -        -        -        - 
 
  1   c           x  -0.19594  0.11502 -0.07887  0.19949 -0.07648  0.03403
                  y  -0.03908 -0.15669  0.04994  0.18461  0.21127  0.12491
                  z  -0.07063 -0.16613  0.24548  0.05915 -0.07403 -0.04613
  2   c           x  -0.06052  0.09776 -0.03033  0.27249 -0.07636 -0.04169
                  y  -0.02877 -0.21413 -0.17360  0.02321  0.09684 -0.00918
                  z  -0.27976 -0.13126  0.20383 -0.02912 -0.05745  0.08961
  3   o           x   0.01101 -0.06765 -0.09884  0.19138 -0.23924 -0.01707
                  y  -0.02360 -0.24581 -0.26395 -0.04488  0.04325 -0.05684
                  z  -0.38714  0.03767 -0.03690 -0.15772  0.01878 -0.14620
  4   n           x  -0.08419 -0.00241 -0.10097  0.18072 -0.18395  0.01420
                  y  -0.06204  0.04278  0.01940  0.23253  0.37547 -0.05373
                  z   0.09810 -0.11693  0.16680  0.08774 -0.05275 -0.31208
  5   h           x  -0.24772  0.24444 -0.02344  0.26561  0.05152  0.01221
                  y  -0.04241 -0.13681  0.11192  0.23070  0.24644  0.15903
                  z   0.00263 -0.29674  0.43203  0.15536 -0.13293  0.14582
  6   h           x  -0.34865  0.09750 -0.15587  0.08885 -0.11516  0.13471
                  y  -0.02471 -0.29873  0.19555  0.22917  0.13016  0.35101
                  z  -0.11683 -0.10404  0.15730  0.00967 -0.04599 -0.12616
  7   h           x   0.09138  0.11686  0.04727  0.38381 -0.03615 -0.14253
                  y  -0.04268 -0.07583 -0.32037 -0.02336  0.17437 -0.23333
                  z  -0.23795 -0.19366  0.29266  0.01909 -0.08562  0.17461
  8   h           x  -0.15568  0.19417 -0.01367  0.28572  0.01142 -0.02332
                  y  -0.01197 -0.36226 -0.13504 -0.00229 -0.02051  0.13615
                  z  -0.39358 -0.17662  0.27460 -0.04168 -0.07727  0.29365
  9   h           x  -0.11632 -0.08306 -0.16353  0.09852 -0.27233  0.06721
                  y  -0.00930 -0.38258 -0.15243 -0.02020 -0.04315  0.13797
                  z  -0.45074  0.09605 -0.11894 -0.21091  0.04524 -0.20156
 10   h           x   0.04318  0.02369 -0.02983  0.28179 -0.13972 -0.07452
                  y  -0.07658  0.18173 -0.09293  0.20805  0.46351 -0.25088
                  z   0.16430 -0.18626  0.26464  0.14783 -0.08413 -0.23713
 11   h           x  -0.01718 -0.12191 -0.14379  0.13189 -0.29957  0.02261
                  y  -0.05998  0.03593 -0.05921  0.18027  0.34680 -0.11121
                  z   0.02764  0.00000  0.00000  0.00000  0.00000 -0.47912

reduced mass(g/mol)     4.937    3.724    4.276    4.871    5.027    3.004


       mode               7        8        9       10       11       12

     frequency         173.26   249.57   287.66   346.00   520.34   816.36

     symmetry            a        a        a        a        a        a   

        IR               YES      YES      YES      YES      YES      YES
|dDIP/dQ|   (a.u.)     0.0014   0.0056   0.0083   0.0024   0.0013   0.0052
intensity (km/mol)       3.62    55.01   122.49     9.84     2.79    47.84
intensity (  %   )       2.95    44.92   100.00     8.03     2.28    39.06
 
       RAMAN             YES      YES      YES      YES      YES      YES
 
  1   c           x  -0.01923  0.02699 -0.01146 -0.06348 -0.07397 -0.11113
                  y   0.12931 -0.00092  0.00462  0.05048  0.07350  0.12140
                  z   0.00525 -0.00208  0.04540  0.06438 -0.14486 -0.07462
  2   c           x   0.05724 -0.01510  0.03532  0.05884 -0.11914  0.04738
                  y   0.05309  0.02514 -0.00239 -0.03964 -0.12307  0.06758
                  z  -0.10228  0.04170 -0.00890 -0.06487 -0.03881  0.06148
  3   o           x  -0.21116 -0.03636  0.08571  0.06815  0.11197  0.06661
                  y  -0.02868 -0.00999  0.04073 -0.01479 -0.01293 -0.08714
                  z   0.06039 -0.05330  0.03739  0.05016  0.07914  0.02794
  4   n           x   0.17452  0.06077 -0.05213 -0.07593  0.06771 -0.09568
                  y  -0.12297 -0.03765 -0.01628 -0.03269  0.03193 -0.04739
                  z   0.02214  0.01194 -0.05143 -0.05722  0.03812 -0.01915
  5   h           x  -0.15141 -0.02090  0.00454 -0.05119 -0.03462 -0.13888
                  y   0.13214 -0.03616  0.02220  0.10867  0.16895 -0.00024
                  z   0.24965 -0.06449  0.09973  0.30662  0.21995 -0.55095
  6   h           x  -0.10024  0.10799 -0.02155 -0.14405 -0.28223  0.08923
                  y   0.33306 -0.02648  0.07473  0.25916  0.31362 -0.27585
                  z  -0.11090  0.02611  0.00605 -0.05474 -0.30829  0.16452
  7   h           x   0.20833 -0.04612  0.12687  0.23027 -0.42621  0.23973
                  y   0.23993 -0.05592  0.05198  0.10939 -0.28726  0.06172
                  z  -0.15805  0.07195 -0.01607 -0.09755 -0.02988  0.10421
  8   h           x   0.15871  0.00062 -0.01342  0.01881 -0.07705  0.12537
                  y  -0.17997  0.05788 -0.02897 -0.15278  0.05920 -0.07114
                  z  -0.24054  0.10411 -0.11911 -0.25728  0.24603  0.01600
  9   h           x  -0.21803 -0.26671 -0.82593  0.45084 -0.07468  0.01618
                  y  -0.17854 -0.05540 -0.42957  0.07985 -0.17978 -0.02357
                  z   0.12855 -0.13613 -0.14972  0.17794  0.07241 -0.02820
 10   h           x   0.17894 -0.41312 -0.07778 -0.45952  0.20169  0.18736
                  y  -0.28163  0.26664 -0.07653  0.06246  0.12170 -0.12308
                  z   0.11771 -0.38486 -0.02820 -0.29100  0.04875  0.17787
 11   h           x   0.39735  0.22909 -0.11306 -0.01645  0.27597  0.51295
                  y  -0.07442  0.24259 -0.06080  0.09306  0.15579  0.22192
                  z  -0.09633  0.59130 -0.10646  0.22096  0.15372  0.09574

reduced mass(g/mol)     2.713    1.177    1.276    1.470    2.074    1.829


       mode              13       14       15       16       17       18

     frequency         866.63   892.20   990.06  1075.53  1098.81  1151.55

     symmetry            a        a        a        a        a        a   

        IR               YES      YES      YES      YES      YES      YES
|dDIP/dQ|   (a.u.)     0.0056   0.0079   0.0055   0.0030   0.0056   0.0024
intensity (km/mol)      55.66   112.28    53.37    16.21    55.30     9.99
intensity (  %   )      45.45    91.67    43.57    13.23    45.14     8.16
 
       RAMAN             YES      YES      YES      YES      YES      YES
 
  1   c           x  -0.06382 -0.07458  0.06696 -0.08745  0.15201  0.06637
                  y   0.03987  0.03075  0.07828  0.00371  0.07133  0.12500
                  z   0.09095 -0.05003  0.07259 -0.13290 -0.07074 -0.06999
  2   c           x  -0.18984  0.08044  0.03376  0.11002 -0.08137 -0.05796
                  y  -0.06768  0.06263 -0.12032 -0.23010  0.04139 -0.05026
                  z  -0.00422 -0.02592 -0.08980  0.18373 -0.00886  0.00328
  3   o           x   0.05057  0.01457 -0.04478 -0.04576  0.03332  0.00364
                  y  -0.02715 -0.04157  0.10401  0.16778 -0.06299  0.03153
                  z   0.01152  0.02026 -0.02333 -0.03492  0.02203 -0.01584
  4   n           x   0.16781  0.06533 -0.06060  0.02922 -0.07739 -0.02329
                  y   0.09051  0.01806 -0.02498  0.00465 -0.05836 -0.07128
                  z  -0.02068  0.06093  0.00971  0.03389  0.08842  0.07108
  5   h           x   0.08952 -0.19878  0.38521  0.02303  0.40400 -0.22765
                  y   0.00615 -0.04883  0.13088  0.05340  0.18588 -0.01705
                  z  -0.32463 -0.19645 -0.19759 -0.07352  0.01416 -0.19746
  6   h           x   0.15286 -0.17477 -0.03408 -0.19677 -0.03332  0.51910
                  y  -0.25513 -0.12872 -0.27095 -0.04539  0.04219  0.19590
                  z   0.27064 -0.00377  0.20774 -0.14461 -0.09701  0.01304
  7   h           x   0.17537 -0.17072 -0.19282  0.27395 -0.24673  0.27219
                  y   0.14919 -0.15693 -0.34454  0.17618  0.37015 -0.14915
                  z  -0.03058  0.01990 -0.02594  0.03280 -0.21503  0.12320
  8   h           x  -0.33058  0.21832  0.00292  0.27604  0.08788 -0.10581
                  y  -0.24616  0.15589  0.14266 -0.54573 -0.20121 -0.06963
                  z  -0.41918  0.29142  0.17821 -0.00424 -0.06206 -0.09872
  9   h           x   0.00295  0.01452  0.09028 -0.14625 -0.14568  0.11634
                  y   0.03520 -0.10633 -0.26078  0.43243  0.38886 -0.29053
                  z  -0.04155  0.04946  0.21642 -0.19837 -0.28170  0.19412
 10   h           x  -0.31020 -0.56163 -0.23582 -0.16411 -0.32851  0.03706
                  y  -0.17598 -0.18097 -0.30801 -0.05166 -0.22964  0.15996
                  z  -0.10522 -0.14383  0.10526 -0.03814  0.06802 -0.04450
 11   h           x   0.10822 -0.33581  0.33712 -0.01445 -0.03299 -0.44560
                  y  -0.00862 -0.23786  0.10774 -0.04917 -0.08859 -0.23009
                  z  -0.27844 -0.28002 -0.04359 -0.09633 -0.05617  0.06892

reduced mass(g/mol)     2.138    1.372    1.701    2.872    1.773    1.505


       mode              19       20       21       22       23       24

     frequency        1255.01  1362.98  1387.58  1392.09  1406.25  1480.34

     symmetry            a        a        a        a        a        a   

        IR               YES      YES      YES      YES      YES      YES
|dDIP/dQ|   (a.u.)     0.0014   0.0020   0.0026   0.0011   0.0039   0.0009
intensity (km/mol)       3.54     6.77    11.98     1.98    27.42     1.47
intensity (  %   )       2.89     5.53     9.78     1.61    22.39     1.20
 
       RAMAN             YES      YES      YES      YES      YES      YES
 
  1   c           x   0.01114 -0.04987 -0.12899 -0.05495  0.04270 -0.00323
                  y   0.06623  0.05826 -0.06188  0.02847 -0.02741 -0.03786
                  z   0.10668  0.01131 -0.00247  0.01675  0.00765  0.07580
  2   c           x  -0.01340  0.08382  0.01542 -0.05184 -0.08426  0.00403
                  y  -0.05606 -0.04397  0.01880  0.04430  0.02781 -0.00137
                  z  -0.08071 -0.03552 -0.05052  0.01510 -0.08805  0.01225
  3   o           x   0.01521 -0.01958  0.00157  0.01090 -0.00165  0.00018
                  y   0.00953 -0.02191  0.00276  0.00375  0.00943  0.00253
                  z   0.01617  0.05709  0.00833 -0.02908  0.04375 -0.01032
  4   n           x   0.00793  0.02309 -0.00071  0.03613 -0.00569 -0.00003
                  y  -0.01475 -0.04811  0.00944 -0.05797  0.00754 -0.00239
                  z  -0.04314 -0.00587  0.02475 -0.02392 -0.00130  0.00213
  5   h           x  -0.41981  0.25747  0.39234  0.52681  0.01241  0.15741
                  y  -0.15543  0.13751  0.15781  0.24975 -0.04779 -0.12206
                  z  -0.12867 -0.18445  0.10301 -0.01060 -0.02873 -0.66939
  6   h           x   0.08620 -0.04029  0.76111 -0.31366 -0.17895 -0.17133
                  y  -0.09623 -0.04902  0.25151 -0.23183  0.04563  0.60777
                  z   0.20178  0.05548  0.07269  0.08659 -0.08567 -0.29106
  7   h           x  -0.35517 -0.01311 -0.07814  0.10752  0.62344 -0.07108
                  y   0.06757 -0.20117 -0.08535  0.14864 -0.45359  0.07396
                  z  -0.21760  0.01325 -0.02022  0.01457  0.30283 -0.03917
  8   h           x   0.39351 -0.39988  0.25269  0.24532  0.23920  0.02836
                  y  -0.28225  0.42116 -0.09839 -0.16146 -0.08019 -0.03314
                  z   0.24383 -0.18296  0.14664  0.19181  0.23482  0.01947
  9   h           x  -0.09156 -0.15301 -0.03621  0.08809 -0.09608  0.03090
                  y   0.27265  0.45311  0.09282 -0.24238  0.30447 -0.06310
                  z  -0.16384 -0.24267 -0.05493  0.13094 -0.14728  0.03755
 10   h           x   0.22115  0.16957 -0.03679  0.23050 -0.03948  0.01342
                  y   0.15339  0.19800  0.01211  0.25151 -0.04920 -0.00640
                  z  -0.02968 -0.08391 -0.00229 -0.11679  0.01604  0.01126
 11   h           x  -0.15902 -0.23535  0.08333 -0.28706  0.03997  0.00036
                  y  -0.02715 -0.11380  0.00780 -0.13521  0.02130  0.00349
                  z   0.12747  0.08898 -0.08962  0.11781 -0.01032  0.01643

reduced mass(g/mol)     1.328    1.286    1.278    1.190    1.240    1.091


       mode              25       26       27       28       29       30

     frequency        1496.60  1667.28  2979.10  2999.66  3043.95  3066.48

     symmetry            a        a        a        a        a        a   

        IR               YES      YES      YES      YES      YES      YES
|dDIP/dQ|   (a.u.)     0.0011   0.0039   0.0056   0.0053   0.0043   0.0054
intensity (km/mol)       1.98    26.64    55.28    49.87    32.30    51.61
intensity (  %   )       1.61    21.75    45.13    40.72    26.37    42.13
 
       RAMAN             YES      YES      YES      YES      YES      YES
 
  1   c           x  -0.00464 -0.02054 -0.00067  0.00638  0.03125  0.01240
                  y  -0.00347 -0.00184  0.00445 -0.00823 -0.07801 -0.02627
                  z  -0.00135 -0.01953 -0.01824 -0.06920 -0.00498 -0.01414
  2   c           x  -0.02408  0.00146 -0.04902  0.01055 -0.01305  0.02754
                  y  -0.07634  0.00128 -0.04850  0.01636  0.00112 -0.02230
                  z  -0.02735  0.00246  0.02018  0.00621  0.02603 -0.07594
  3   o           x   0.00049 -0.00035  0.00091 -0.00033 -0.00010 -0.00012
                  y  -0.00947 -0.00110 -0.00164  0.00077  0.00062 -0.00016
                  z   0.00011 -0.00043  0.00008 -0.00016 -0.00049  0.00180
  4   n           x   0.00034  0.03501  0.00036  0.00088 -0.00083 -0.00037
                  y   0.00707  0.03586  0.00019  0.00090  0.00174  0.00066
                  z   0.00329 -0.05305 -0.00015  0.00103  0.00011  0.00097
  5   h           x  -0.04781  0.04808  0.05512  0.11232 -0.31918 -0.09008
                  y  -0.02363  0.02955 -0.15800 -0.28943  0.82496  0.22208
                  z   0.00667  0.00519  0.02613  0.04872 -0.17908 -0.05113
  6   h           x   0.08506  0.06134 -0.05453 -0.20031 -0.05581 -0.04823
                  y   0.02502  0.01664  0.10270  0.38138  0.10695  0.09882
                  z   0.00688 -0.00648  0.20550  0.78131  0.24693  0.20883
  7   h           x   0.37492  0.00735 -0.05902  0.04702  0.05759 -0.18464
                  y   0.54808 -0.00387  0.08277 -0.08751 -0.11853  0.38124
                  z  -0.21877  0.00603  0.19549 -0.18534 -0.24800  0.80755
  8   h           x  -0.07321 -0.00009  0.62641 -0.16293  0.10428 -0.14588
                  y   0.46836  0.00117  0.51892 -0.12829  0.08644 -0.12160
                  z   0.51538 -0.00190 -0.44697  0.11058 -0.06594  0.09009
  9   h           x  -0.00566  0.00590  0.00280 -0.00572 -0.00278  0.00059
                  y  -0.00475  0.00578 -0.00146  0.00464  0.00127 -0.00017
                  z  -0.00627 -0.00013  0.00109  0.00253  0.00434 -0.01811
 10   h           x  -0.03063 -0.00264  0.00104  0.00300  0.00052 -0.00307
                  y  -0.02331 -0.60011 -0.00134 -0.00884 -0.00685 -0.00638
                  z   0.00489  0.34078 -0.00246 -0.01563 -0.00838 -0.00595
 11   h           x   0.02708 -0.37341  0.00085 -0.00220  0.01152  0.00248
                  y   0.01327  0.07661  0.00458  0.00632 -0.01212 -0.00181
                  z  -0.01435  0.60399 -0.00114 -0.00337  0.00558  0.00006

reduced mass(g/mol)     1.089    1.086    1.069    1.066    1.095    1.097


       mode              31       32       33

     frequency        3474.29  3547.99  3789.79

     symmetry            a        a        a   

        IR               YES      YES      YES
|dDIP/dQ|   (a.u.)     0.0005   0.0012   0.0035
intensity (km/mol)       0.50     2.39    21.89
intensity (  %   )       0.40     1.95    17.87
 
       RAMAN             YES      YES      YES
 
  1   c           x  -0.00157 -0.00060 -0.00004
                  y  -0.00026  0.00245  0.00039
                  z  -0.00267  0.00089  0.00038
  2   c           x  -0.00026 -0.00010  0.00038
                  y  -0.00017 -0.00006  0.00000
                  z   0.00010 -0.00022 -0.00286
  3   o           x  -0.00003 -0.00009  0.02407
                  y  -0.00000  0.00000 -0.02635
                  z   0.00013  0.00013 -0.05112
  4   n           x   0.00516 -0.03648 -0.00004
                  y   0.01923  0.06826  0.00008
                  z  -0.05207  0.02321 -0.00005
  5   h           x   0.00349  0.00457 -0.00157
                  y  -0.00785 -0.01592  0.00082
                  z   0.00058  0.00140 -0.00052
  6   h           x  -0.00275  0.00372  0.00225
                  y   0.00911 -0.00559 -0.00124
                  z   0.01208 -0.01089 -0.00154
  7   h           x   0.00175 -0.00106 -0.00396
                  y   0.00080  0.00042  0.00450
                  z   0.00193  0.00027  0.01430
  8   h           x  -0.00208  0.00050 -0.00345
                  y   0.00024  0.00091  0.00203
                  z   0.00048 -0.00052  0.00163
  9   h           x  -0.00017  0.00053 -0.38009
                  y  -0.00091 -0.00087  0.40757
                  z  -0.00106 -0.00113  0.82779
 10   h           x  -0.28930  0.25492 -0.00014
                  y   0.35810 -0.32274  0.00016
                  z   0.55417 -0.55254 -0.00032
 11   h           x   0.23966  0.25356  0.00156
                  y  -0.62152 -0.63321 -0.00149
                  z   0.18385  0.23093  0.00037

reduced mass(g/mol)     1.048    1.093    1.066
 

         **************************************************************
         *                                                            *
         *  zero point VIBRATIONAL energy  :      0.0975451  Hartree  *
         *    SCF-energy                   :   -210.3540241           *
         *    SCF + E(vib0)                :   -210.2564789           *
         *                                                            *
         **************************************************************




 time elapsed for vibrational analysis     0.85 sec


    ------------------------------------------------------------------------
         total  cpu-time :  5 minutes and 39 seconds
         total wall-time :  31.97 seconds
    ------------------------------------------------------------------------

   ****  force : all done  ****


    2026-04-15 19:56:07.731 

aoforce ended normally 
