
   OpenMP run-time library returned nthreads = 16

 ridft (s02r1b52) : TURBOMOLE rev. V7-8-1 compiled 26 Feb 2024 at 17:12:58
 Copyright (C) 2024 TURBOMOLE GmbH, Karlsruhe


    2026-04-15 19:55:34.288 



                                  r i d f t

                        DFT program with RI approximation 
                                for coulomb part 





                                 References:     
                                                 
          TURBOMOLE:                             
              R. Ahlrichs, M. Baer, M. Haeser, H. Horn, and
              C. Koelmel
              Electronic structure calculations on workstation
              computers: the program system TURBOMOLE
              Chem. Phys. Lett. 162: 165 (1989)
          Density Functional:                              
              O. Treutler and R. Ahlrichs                      
              Efficient Molecular Numerical Integration Schemes
              J. Chem. Phys. 102: 346 (1995)                   
          Parallel Version:                                
              Performance of parallel TURBOMOLE for Density    
              Functional Calculations                          
              M. v. Arnim and R. Ahlrichs                      
              J. Comp. Chem. 19: 1746 (1998)                   
          RI-J Method:                                     
              Auxiliary Basis Sets to approximate Coulomb      
              Potentials                                       
              Chem. Phys. Lett. 240: 283 (1995)                
              K. Eichkorn, O. Treutler, H. Oehm, M. Haeser     
              and R. Ahlrichs                                  
              Chem. Phys. Lett. 242: 652 (1995)                
                                                           
              Auxiliary Basis Sets for Main Row Atoms and their
              Use to approximate Coulomb Potentials            
              K. Eichkorn, F. Weigend, O. Treutler and         
              R. Ahlrichs                                      
              Theo. Chem. Acc. 97: 119 (1997)                  
                                                           
              Accurate Coulomb-fitting basis sets for H to Rn 
              F. Weigend                                       
              Phys. Chem. Chem. Phys. 8: 1057 (2006)           
                                                           
          Multipole accelerated RI-J (MARI-J):             
              Fast evaluation of the Coulomb potential for     
              electron densities using multipole accelerated   
              resolution of identity approximation             
              M. Sierka, A. Hogekamp and R. Ahlrichs           
              J. Chem. Phys. 118: 9136 (2003)                  
          RI-JK Method:                                     
              A fully direct RI-HF algorithm: Implementation,
              optimised auxiliary basis sets, demonstration of
              accuracy and efficiency                         
              F. Weigend                                      
              Phys. Chem. Chem. Phys. 4: 4285 (2002)           
          Two-component HF and DFT with spin-orbit coupling:  
              Self-consistent treatment of spin-orbit         
              interactions with efficient Hartree-Fock and    
              density functional methods                      
              M. K. Armbruster, F. Weigend, C. van Wüllen and 
              W. Klopper                                      
              Phys. Chem. Chem. Phys. 10: 1748 (2008)         
          Two-component difference density and DIIS algorithm 
              Efficient two-component self-consistent field   
              procedures and gradients: implementation in     
              TURBOMOLE and application to Au20-              
              A. Baldes, F. Weigend                           
              Mol. Phys. 111: 2617 (2013)                     
          Relativistic current density functional theory      
              Current density functional framework for        
              spin-orbit coupling                             
              C. Holzer, Y. J. Franzke, A. Pausch             
              J. Chem. Phys. 157: 204102 (2022)               
          Relativistic all-electron 2c calculations           
              An efficient implementation of two-component    
              relativistic exact-decoupling methods for large 
              molecules                                       
              D. Peng, N. Middendorf, F. Weigend, M. Reiher   
              J. Chem. Phys. 138: 184105 (2013)               
          Finite nucleus model and SNSO approximation         
              Efficient implementation of one- and two-       
              component analytical energy gradients in exact  
              two-component theory                            
              Y. J. Franzke, N. Middendorf, F. Weigend        
              J. Chem. Phys. 148: 104110 (2018)               
          Grids for all-electron relativistic methods         
              Error-consistent segmented contracted all-      
              electron relativistic basis sets of double-     
              and triple-zeta quality for NMR shielding       
              constants                                       
              Y. J. Franzke, R. Tress, T. M. Pazdera,         
              F. Weigend                                      
              Phys. Chem. Chem. Phys. 21: 166658 (2019)       
          Seminumerical exchange algorithms                   
              Seminumerical calculation of the Hartree-Fock   
              exchange matirx: Application to two-component   
              procedures and efficient evaluation of local    
              hybrid functionsl                               
              P. Plessow, F. Weigend,                         
              J. Comput. Chem. 33: 810 (2012)                 
          Improved seminumerical algorithms                   
              C. Holzer,                                      
              J. Chem. Phys. 153 (2020), 184115               






          OpenMP Shared-Memory Parallelization: 16 CPUs.

            By: Christof Holzer and Yannick J. Franzke


              +--------------------------------------------------+
              |      general information about current run       |
              +--------------------------------------------------+

 
 Becke-3-Parameter hybrid functional: B3-LYP
 exchange:    0.8*LDA + 0.72*B88 + 0.2*HF
 correlation: 0.19*LDA(VWN) + 0.81*LYP
 A Hybrid-DFT calculation using the RI-J approximation will be carried out.
 Allocatable memory for RI due to $ricore (MB):                  1000


              +--------------------------------------------------+
              | Atomic coordinate, charge and isotop information |
              +--------------------------------------------------+

                    atomic coordinates            atom    charge  isotop
          0.86352291   -0.58845508    1.06441460    c      6.000     0
         -1.54632021   -0.81878846   -0.50739255    c      6.000     0
         -2.61665176    1.58447284   -1.10481852    o      8.000     0
          2.89334305    0.88836368   -0.07892215    n      7.000     0
          1.57681647   -2.48455641    1.48252024    h      1.000     0
          0.39133589    0.26862346    2.89198319    h      1.000     0
         -1.12584194   -1.69824104   -2.32776755    h      1.000     0
         -2.92895314   -2.01840443    0.47157490    h      1.000     0
         -3.29672409    2.31201247    0.42024362    h      1.000     0
          3.59175720   -0.01194813   -1.62039337    h      1.000     0
          2.19771752    2.56692488   -0.69144052    h      1.000     0
 
       center of nuclear mass  :   -0.14947413    0.32442049   -0.18760471
       center of nuclear charge:   -0.12854378    0.27603759   -0.15947501

              +--------------------------------------------------+
              |               basis set information              |
              +--------------------------------------------------+

              we will work with the 1s 3p 5d 7f 9g ... basis set
              ...i.e. with spherical basis functions...

   type   atoms  prim   cont   basis
   ---------------------------------------------------------------------------
    c        2     46     31   def2-TZVP   [5s3p2d1f|11s6p2d1f]
    o        1     46     31   def2-TZVP   [5s3p2d1f|11s6p2d1f]
    n        1     46     31   def2-TZVP   [5s3p2d1f|11s6p2d1f]
    h        7      8      6   def2-TZVP   [3s1p|5s1p]
   ---------------------------------------------------------------------------
   total:   11    240    166
   ---------------------------------------------------------------------------

   total number of primitive shells          :   66
   total number of contracted shells         :   72
   total number of cartesian basis functions :  186
   total number of SCF-basis functions       :  166


 integral neglect threshold       :  0.18E-10
 integral storage threshold THIZE :  0.10E-04
 integral storage threshold THIME :         5

 RI-J AUXILIARY BASIS SET information:

              we will work with the 1s 3p 5d 7f 9g ... basis set
              ...i.e. with spherical basis functions...

   type   atoms  prim   cont   basis
   ---------------------------------------------------------------------------
    c        2     70     49   def2-TZVP   [6s4p3d1f1g|12s5p4d2f1g]
    o        1     70     49   def2-TZVP   [6s4p3d1f1g|12s5p4d2f1g]
    n        1     70     49   def2-TZVP   [6s4p3d1f1g|12s5p4d2f1g]
    h        7     16     11   def2-TZVP   [3s1p1d|5s2p1d]
   ---------------------------------------------------------------------------
   total:   11    392    273
   ---------------------------------------------------------------------------

   total number of primitive shells          :   80
   total number of contracted shells         :   95
   total number of cartesian basis functions :  328
   total number of SCF-basis functions       :  273


 symmetry group of the molecule :   c1 

 the group has the following generators :
   c1(z)

    1 symmetry operations found

 there are 1 real representations :   a   

 maximum number of shells which are related by symmetry :  1

  
           ------------------
           density functional
           ------------------
 Becke-3-Parameter hybrid functional: B3-LYP
 exchange:    0.8*LDA + 0.72*B88 + 0.2*HF
 correlation: 0.19*LDA(VWN) + 0.81*LYP
 iterations will be done with small grid
  
 spherical integration : Lebedev's spherical grid
 spherical gridsize    :                     3
    i.e. gridpoints    :                   302
  maximum batchsize    :                   100
 value for diffuse not defined
 radial integration    : Chebyshev 2nd kind (scaling 3)
 radial gridsize       :                     3
 integration cells     :                    11
 partition function    : becke
 partition sharpness   :                     3
  

 biggest AO integral is expected to be     7.998976882

          ------------------------
          nuclear repulsion energy  :   133.056014326    
          ------------------------


         -----------------
         -S,T+V- integrals
         -----------------

 1e-integrals will be neglected if expon. factor < 0.179675E-11
 
 Difference densities algorithm switched on.
 The maximal number of linear combinations of
 difference densities is  20.

 DIIS switched on: error vector is FDS-SDF
 Max. Iterations for DIIS is     :   4
 DIIS matrix (see manual) 
    Scaling factor of diagonals  :  1.200
    threshold for scaling factor :  0.000

 scf convergence criterion : increment of total energy < .1000000D-06
                  and increment of one-electron energy < .1000000D-03

 MOs are in ASCII format !


    mo occupation :
   irrep   mo's   occupied
    a      166       17
 
 number of basis functions   :   166
 number of occupied orbitals :    17
 

 reading orbital data $scfmo  from file mos
 orbital characterization : scfconv=7
 mo-orthogonalization by Cholesky decomposition

 automatic virtual orbital shift switched on 
      shift if e(lumo)-e(homo) < 0.10000000    

  
           ------------------------
               RI-J - INFORMATION
           ------------------------
 Contributions to RI integral batches: 
  neglected integral batches:                    82
  direct contribution:                            0
  memory contribution:                  2546
 Memory core needed for (P|Q) and Cholesky      1 MByte
 Memory core minimum needed except of (P|Q)     1 MByte
 Total minimum memory core needed (sum)         1 MByte
  
 ****************************************
 Memory allocated for RI-J    44 MByte
 ****************************************
                                            

 DSCF restart information will be dumped onto file mos


 Starting SCF iterations

          Overall gridpoints after grid construction =         13001

 ITERATION  ENERGY          1e-ENERGY        2e-ENERGY     NORM[dD(SAO)]  TOL
   1  -210.35420404804    -548.87882326     205.46860488    0.000D+00 0.179D-10
                            Exc = -23.3595771042     Coul =  234.369709087    
                            exK = -5.54152710128    
                              N = 34.000442821    
                            current damping = 0.300
 
          max. resid. norm for Fia-block=  6.358D-06 for orbital     16a         
          max. resid. fock norm         =  2.100D-05 for orbital    164a         

 ITERATION  ENERGY          1e-ENERGY        2e-ENERGY     NORM[dD(SAO)]  TOL
   2  -210.35420404765    -548.87901482     205.46879645    0.283D-04 0.114D-10
                            Exc = -23.3595946046      Eck =  228.828391056    
                              N = 34.000442823    
                            current damping = 0.300
 
          Norm of current diis error: 0.46642E-04
          max. resid. norm for Fia-block=  2.362D-06 for orbital     16a         
          max. resid. fock norm         =  4.814D-06 for orbital    164a         

 ENERGY CONVERGED !

          Overall gridpoints after grid construction =         49915

 ITERATION  ENERGY          1e-ENERGY        2e-ENERGY     NORM[dD(SAO)]  TOL
   3  -210.35402407746    -548.87894999     205.46891159    0.695D-05 0.105D-10
                            Exc = -23.3594082424      Eck =  228.828319830    
                              N = 33.999972346    
                            current damping = 0.350
 
          Norm of current diis error: 0.11067E-04
          max. resid. norm for Fia-block=  6.317D-07 for orbital     16a         
          max. resid. fock norm         =  1.101D-06 for orbital    164a         

 End of SCF iterations

   convergence criteria satisfied after     3 iterations


                  ------------------------------------------ 
                 |  total energy      =   -210.35402407746  |
                  ------------------------------------------ 
                 :  kinetic energy    =    209.45082318857  :
                 :  potential energy  =   -419.80484726602  :
                 :  virial theorem    =      1.99570628186  :
                 :  wavefunction norm =      1.00000000000  :
                  .......................................... 


 <geterg> : there is no data group $energy 


 <skperg> : $end is missing 


 orbitals $scfmo  will be written to file mos

    irrep                 13a         14a         15a         16a         17a   
 eigenvalues H         -0.41349    -0.36000    -0.33565    -0.29264    -0.23813
            eV         -11.2518     -9.7963     -9.1337     -7.9633     -6.4800
 occupation              2.0000      2.0000      2.0000      2.0000      2.0000

    irrep                 18a         19a         20a         21a         22a   
 eigenvalues H          0.02162     0.05007     0.06577     0.08777     0.10817
            eV           0.5882      1.3624      1.7898      2.3884      2.9435
 
 
 
 
 ==============================================================================
                           electrostatic moments
 ==============================================================================

 reference point for electrostatic moments:    0.00000   0.00000   0.00000

 
              nuc           elec       ->  total
 ------------------------------------------------------------------------------
                          charge      
 ------------------------------------------------------------------------------
          34.000000     -34.000000       0.000000
 
 ------------------------------------------------------------------------------
                       dipole moment  
 ------------------------------------------------------------------------------
   x      -4.370489       4.030161      -0.340328
   y       9.385278      -9.694967      -0.309689
   z      -5.422150       5.631785       0.209635
 
   | dipole moment | =     0.5056 a.u. =     1.2852 debye 
 
 ------------------------------------------------------------------------------
                     quadrupole moment
 ------------------------------------------------------------------------------
  xx     173.280490    -195.002210     -21.721720
  yy      56.846733     -75.100115     -18.253382
  zz      37.633834     -57.139012     -19.505179
  xy      -8.640346       7.608957      -1.031388
  xz      27.735186     -31.935159      -4.199973
  yz     -16.449874      17.680917       1.231043
 
     1/3  trace=     -19.826760
     anisotropy=       8.361323
 
 ==============================================================================
 
HOMO-LUMO Separation
 HOMO         :   -0.23813497 H =     -6.47999 eV
 LUMO         :    0.02161555 H =     +0.58819 eV
 HOMO-LUMO gap:    0.25975052 H =     +7.06818 eV
 
 ==============================================================================


    ------------------------------------------------------------------------
         total  cpu-time :  19.75 seconds
         total wall-time :   1.34 seconds
    ------------------------------------------------------------------------

   ****  ridft : all done  ****


    2026-04-15 19:55:35.603 

 ridft ended normally
