
   OpenMP run-time library returned nthreads = 16

 force (s02r2b80) : TURBOMOLE rev. V7-8-1 compiled 26 Feb 2024 at 17:12:58
 Copyright (C) 2024 TURBOMOLE GmbH, Karlsruhe


    2026-04-15 19:55:36.365 



                             T U R B O M O L E   

                          a o f o r c e - program

                        using direct algorithms for

                       SCF level calculations of
                         * harmonic force constants
                         * hyperpolarizabilities
                         * IR and RAMAN intensities
                         * VCD intensities

                       DFT level calculations of
                         * harmonic force constants
                         * IR intensities
                                                   
       Stephan Boecker, Peter Deglmann, Filipp Furche and Marco Haeser
                          Quantum Chemistry Group
                          Universitaet  Karlsruhe
                                   Germany

 
 

          OpenMP Shared-Memory Parallelization: 16 CPUs.

            By: Erik P. Almaraz and Filipp Furche
            Copyright 2009-2011 by UCI and TURBOMOLE GmbH.

            Revised By: Christof Holzer and Yannick J. Franzke.

 
 
     References :
 
       RI-J implementation:
         Peter Deglmann, Klaus May, Filipp Furche, Reinhart Ahlrichs
                 Chem. Phys. Lett. 384:103 (2004)
 
       Efficiency, technical details:
         Peter Deglmann, Filipp Furche, Reinhart Ahlrichs
                 Chem. Phys. Lett. 362:511 (2002)
 
       Search of lowest eigenvalues by iterative diagonalization:
         Peter Deglmann, Filipp Furche
                 J. Chem. Phys. 117:9535 (2002)
 
       Vibrational circular dichroism implementation:
        Kevin Reiter, Michael Kuehn, Florian Weigend
                 J. Chem. Phys. 146:054102 (2017)  
 
 


              +--------------------------------------------------+
              | Atomic coordinate, charge and isotop information |
              +--------------------------------------------------+

                    atomic coordinates            atom    charge  isotop
         -1.52886715   -0.42669918   -0.40362093    c      6.000     0
          1.21708214    0.09959736    0.17758810    c      6.000     0
          1.92578042    1.91754118    1.35305213    o      8.000     0
          2.77405180   -1.67550503   -0.75527476    o      8.000     0
         -3.10275555    1.46639466    0.57745652    o      8.000     0
         -2.01417995   -2.27830135    0.39054519    h      1.000     0
         -1.74055197   -0.57120936   -2.45964611    h      1.000     0
          4.49010693   -1.20656713   -0.30802752    h      1.000     0
         -2.02066478    2.67474885    1.42792549    h      1.000     0
 
       center of nuclear mass  :    0.26970673    0.28944079    0.19895965
       center of nuclear charge:    0.24051534    0.25808766    0.17741178

              +--------------------------------------------------+
              |               basis set information              |
              +--------------------------------------------------+

              we will work with the 1s 3p 5d 7f 9g ... basis set
              ...i.e. with spherical basis functions...

   type   atoms  prim   cont   basis
   ---------------------------------------------------------------------------
    c        2     46     31   def2-TZVP   [5s3p2d1f|11s6p2d1f]
    o        3     46     31   def2-TZVP   [5s3p2d1f|11s6p2d1f]
    h        4      8      6   def2-TZVP   [3s1p|5s1p]
   ---------------------------------------------------------------------------
   total:    9    262    179
   ---------------------------------------------------------------------------

   total number of primitive shells          :   46
   total number of contracted shells         :   71
   total number of cartesian basis functions :  204
   total number of SCF-basis functions       :  179

 
             FOUND RI-J FLAG !
 

 NOTE: THIS IS A PRELIMINARY IMPLEMENTATION. THE RI APPROXIMATION IS
       PRESENTLY USED FOR CPKS CONTRIBUTIONS TO THE HESSIAN ONLY! SEE
       MANUAL FOR FURTHER DETAILS.

  
 AUXILIARY BASIS SET information:

              we will work with the 1s 3p 5d 7f 9g ... basis set
              ...i.e. with spherical basis functions...

   type   atoms  prim   cont   basis
   ---------------------------------------------------------------------------
    c        2     70     49   def2-TZVP   [6s4p3d1f1g|12s5p4d2f1g]
    o        3     70     49   def2-TZVP   [6s4p3d1f1g|12s5p4d2f1g]
    h        4     16     11   def2-TZVP   [3s1p1d|5s2p1d]
   ---------------------------------------------------------------------------
   total:    9    414    289
   ---------------------------------------------------------------------------

   total number of primitive shells          :   56
   total number of contracted shells         :   95
   total number of cartesian basis functions :  353
   total number of SCF-basis functions       :  289


 symmetry group of the molecule :   c1 

 the group has the following generators :
   c1(z)

    1 symmetry operations found

 there are 1 real representations :   a   

 maximum number of shells which are related by symmetry :  1


 determining totally symmetric integral contributions 
    - equivalent to irreducible tensor elements - 
 which can be formed within each triple of representations :

             representation triple      contributions

              a     a     a               1
  MOs are in ASCII format !

  MOs are in ASCII format !


    mo occupation :
   irrep   mo's   occupied
    a      179       20
 
 number of basis functions   :   179
 number of occupied orbitals :    20
 

 reading orbital data $scfmo  from file mos
 orbital characterization : scfconv=7
 time elapsed for calculating density matrices :   0.069 sec
 all orbitals will be included in the transformation

 number of non-frozen orbitals          :   179
 number of non-frozen occupied orbitals :    20


 Blocking parameters 
 shells:
    index      start shell   last shell  start bf    last bf    #bf 
       1             1          71             1        204    204
          size of I/O Block in Byte:                8989056
  
           ----------------------
               RI - INFORMATION
           ----------------------

 biggest AO integral is expected to be     7.998976882

 Threshold for integral neglect (rithr2):   0.12E-10
 Threshold for integral neglect (rithr1):   0.12E-10

 Contributions to RI integral batches: 
  neglected integral batches:                   125
  direct contribution:                            0
  memory contribution:                  2431
 Core memory available (ricore)            1000 MiB
 Core memory needed for (P|Q) and Cholesky 1 MiB
 Core memory used for integrals            55 MiB
  
 ****************************************
 Memory allocated for RIDFT 56 MiB
 ****************************************
                                            
  
           ------------------
           density functional
           ------------------
 Becke-3-Parameter hybrid functional: B3-LYP
 exchange:    0.8*LDA + 0.72*B88 + 0.2*HF
 correlation: 0.19*LDA(VWN) + 0.81*LYP
 iterations will be done with small grid
  
 spherical integration : Lebedev's spherical grid
 spherical gridsize    :                     3
    i.e. gridpoints    :                   302
  maximum batchsize    :                   100
 value for diffuse not defined
 radial integration    : Chebyshev 2nd kind (scaling 3)
 radial gridsize       :                     3
 integration cells     :                     9
 partition function    : becke
 partition sharpness   :                     3
  
 
 Derivatives of quadrature weights will be included
 
 preparing DFT   numerical integration ....
          Overall gridpoints after grid construction =         45588
 Ordering of quadrature gridpoints disabled.
 
 
 
 
 OCCUPIED-OCCUPIED TENSOR SPACES :

          IRREP   tensor space dimension   number of roots

           a                 400                     21
 
 OCCUPIED-VIRTUAL TENSOR SPACES :

          IRREP   tensor space dimension   number of roots

           a                3180                     21
 
 
 
 
 CONSTRUCTING integral bounds

 setting up bound for integral derivative estimation

 increment for numerical differentiation : 0.00050000
 
 machine precision:   2.220446049250313E-016

 integral neglect threshold       :  0.10E-09
 integral storage threshold THIZE :  0.10E-04
 integral storage threshold THIME :         5

 
 
 
 PREPARING NUMERICAL INTEGRATION
 
 Remaining core memory for DFT =                  7974 MB
 
 Memory needed per atom    =                   490 KiB
 
     i. e.                     9 atoms per loop

 Calculating ground state density on molecular grid

 Integral of ground state density: N =   40.00002080738990    


 
 
 CONSTRUCTING first deriv. of <mu|x,y,z|nu> -> Dip. deriv.
  dipole integral derivatives will be neglected if
  expon. factor <0.245098E-11
      ...terminated. cpu:       0.14       wall:       0.01
 
 
 
 
 CONSTRUCTING first deriv. of  <mu|nu>
                               <mu|h|nu>    -> RHS
              second deriv. of <mu|nu>      -> Hessian
                               <mu|h|nu>    -> Hessian
                               nucl. rep.   -> Hessian
     integrals are neglected if expon. factor <  2.450980392156863E-013
      ...terminated. cpu:       0.44       wall:       0.03



 CONSTRUCTING second deriv. of 2e energy    -> Hessian
  treating Coulomb (and exchange) contribution
  integrals will be neglected if total contribution <  0.24509804E-08
      ...terminated. cpu:      61.34       wall:       7.42
  treating exchange-correlation contribution
      ...terminated. cpu:      20.63       wall:       1.36
 
 
 
 
 CONSTRUCTING S(i,j)xi
      ...terminated. cpu:       0.07       wall:       0.00
 
 
 
 
 CONSTRUCTING <i|x,y,z|j>*S(i,j)xi          -> Dip. deriv.
      ...terminated. cpu:       0.02       wall:       0.00
 
 
 
 
 CONSTRUCTING epsilon(i)*S(i,j)xi*S(i,j)chi -> Hessian
      ...terminated. cpu:       0.02       wall:       0.00
 
 
 
 
 CONSTRUCTING G(a,i)[S(k,l)xi]              -> RHS
              G(i,j)[S(k,l)xi]*S(i,j)chi    -> Hessian
 
         Maximum core memory set to                   8000 MB
         This corresponds to                 25073 vectors in CAO basis
      ...terminated. cpu:      32.85       wall:       2.99
 
 
 
 
 CONSTRUCTING G(mu,nu)[D(kap,lam)]xi
 
          Maximum core memory set to                   8000 MB
          Atoms treated simultaneously :                     9
 max of dfo   53.7241734597373     
      ...terminated. cpu:      50.32       wall:       3.15




 CONSTRUCTING F(a,i)xi                      -> RHS
              F(i,j)xi*S(i,j)chi            -> Hessian
 
        Maximum core memory set to                  8000 MB
        This corresponds to                 43527 vectors in CAO basis
      ...terminated. cpu:       0.25       wall:       0.02
 
 
 
 
 CONSTRUCTING epsilon(i)*S(a,i)xi           -> RHS
      ...terminated. cpu:       0.22       wall:       0.01





 SOLVING CPHF equations
 
 Residuum convergence criterium   :  1.000000000000000E-005
 
 Maximum number of Davidson iterations set to                    25

 logfile cphf_a    will be constructed


  Switching to small grid for DFT
        preparing DFT   numerical integration ....
          Overall gridpoints after grid construction =         12361

 Calculating ground state density on molecular grid

 Integral of ground state density: N =   40.00019444313001    




                       Nonorthonormal Krylov Space Iteration


 total number of roots to be determined: 21


 maximum core memory set to         8000 MB,
 corresponding to    24863 vectors in CAO basis


 maximum number of simultaneously treated vectors (including degeneracy):       21


 Iteration IRREP Converged      Max. Euclidean
                 roots          residual norm

    1       a        0        9.239428583994036D-02
 
    2       a        0        1.265174631624372D-02
 
    3       a        0        1.051798036972961D-03
 
    4       a        0        8.224966849857413D-05
 
    5       a       21        5.861760116354026D-06
 

 converged!

  Switching to fine grid
        preparing numerical DFT   integration ....
          Overall gridpoints after grid construction =         45588

 Calculating ground state density on molecular grid

 Integral of ground state density: N =   40.00002080738987    



 Iteration IRREP Converged      Max. Euclidean
                 roots          residual norm

    6       a        0        6.053221797005137D-05
 

 NOTE: Residual norms are larger than 1.00D-05 due to mgrid option!

      ...terminated. cpu:     147.55       wall:      14.02
 
 
 
 
 CONSTRUCTING <a|x,y,z|i>*U(a,i)xi          -> Dip. deriv.
      ...terminated. cpu:       0.06       wall:       0.00
 
 
 
 
 CONSTRUCTING RHS(a,i)xi*U(a,i)chi          -> Hessian
      ...terminated. cpu:       0.08       wall:       0.01
 
 
 
 

            -----------------------
            permanent dipole moment
            -----------------------

                                   x                y                z
    electronic part       :   -8.9506947931   -10.8774791508    -7.3633626459
     nuclear   part       :    9.6206135750    10.3235065339     7.0964711639
     total                :    0.6699187819    -0.5539726169    -0.2668914819

 with reference to the point :   0.0000000        0.0000000        0.0000000
 (given in atomic units)
    | dipole |       :    2.3113413095  debye

   ***  dipole moment & cartesian dipole gradients written onto
        $dipole, $dipgrad,  file=<dipgrad>  ***

             -----------------------------------
             rotational and vibrational analysis
             -----------------------------------


            ==============================================================
            ATOMIC WEIGHTS (average over the natural occurance of isotops)
            ==============================================================
            ('*' denotes special isotop !)
              1     c                12.01115
              2     c                12.01115
              3     o                15.99940
              4     o                15.99940
              5     o                15.99940
              6     h                 1.00797
              7     h                 1.00797
              8     h                 1.00797
              9     h                 1.00797

          -------------------------------------------------
          CARTESIAN FORCE CONSTANT MATRIX (hartree/bohr**2)
         (translational & rotational space projected out)
          -------------------------------------------------

   ATOM              1 c                           2 c 
                  dx        dy        dz        dx        dy        dz
   1 c     dx  0.4570966
           dy  0.0137299 0.5570909
           dz  0.0003529 0.0094637 0.5520326
   2 c     dx -0.1693799-0.0086960-0.0125526 0.6505128
           dy -0.0231101-0.0741659 0.0099192 0.0854569 0.7310177
           dz -0.0211601 0.0114548-0.0895721 0.0924658 0.3146120 0.4284172
   3 o     dx -0.0147025-0.0303710-0.0226266-0.1934919-0.1574362-0.1069992
           dy -0.0129536-0.0170184-0.0282012-0.1702030-0.4772058-0.2593228
           dz -0.0119711-0.0298730 0.0081485-0.1147036-0.2581045-0.2465721
   4 o     dx -0.0286372 0.0271162 0.0128369-0.2024657 0.0814401 0.0363983
           dy  0.0058798 0.0048201-0.0026796 0.0568466-0.1695930-0.0587714
           dz -0.0000376-0.0006637 0.0096265 0.0214279-0.0564895-0.0964652
   5 o     dx -0.1393063 0.0391345 0.0149983-0.0319863 0.0291068 0.0143591
           dy  0.0867218-0.1636323-0.0539343 0.0061818-0.0150039-0.0079345
           dz  0.0438762-0.0588310-0.0908765 0.0007523-0.0056435-0.0042972
   6 h     dx -0.0675152-0.0634038 0.0281791-0.0054978-0.0309423 0.0172456
           dy -0.0587004-0.2302520 0.0895271-0.0052685-0.0080594 0.0019590
           dz  0.0286649 0.0917635-0.0884400-0.0047954-0.0076673 0.0039176
   7 h     dx -0.0532871-0.0025248-0.0381752-0.0004959 0.0010591-0.0358484
           dy -0.0002235-0.0441469-0.0032235-0.0050810-0.0007157-0.0091627
           dz -0.0345498-0.0063354-0.2894969-0.0020750-0.0014359-0.0083788
   8 h     dx  0.0017656 0.0053149 0.0029896-0.0453827-0.0009662-0.0052890
           dy  0.0012851-0.0021248-0.0036143 0.0393117 0.0130545 0.0090941
           dz  0.0005450-0.0032666 0.0020715 0.0192210 0.0053218 0.0092700
   9 h     dx  0.0139659 0.0197001 0.0139976-0.0018126 0.0153919 0.0088279
           dy -0.0126290-0.0305709-0.0172572 0.0014515 0.0006714-0.0019285
           dz -0.0057203-0.0137122-0.0134935 0.0002596-0.0005122 0.0036807

   ATOM              3 o                           4 o 
                  dx        dy        dz        dx        dy        dz
   3 o     dx  0.1767206
           dy  0.1743019 0.5561035
           dz  0.1199283 0.3351150 0.2490828
   4 o     dx  0.0329188 0.0195047 0.0123507 0.6240312
           dy  0.0310381-0.0680140-0.0557056 0.0012534 0.3002558
           dz  0.0193952-0.0568200-0.0044767 0.0561086 0.1596045 0.1407397
   5 o     dx -0.0026532 0.0056793 0.0030152-0.0112110 0.0003724-0.0009281
           dy -0.0073306 0.0079824 0.0030454 0.0021280 0.0037534 0.0017291
           dz -0.0048922 0.0043020 0.0039035 0.0000962 0.0015497 0.0022346
   6 h     dx -0.0039689 0.0008170-0.0053281-0.0006763 0.0021859-0.0015700
           dy -0.0005561 0.0018194 0.0008538 0.0009691 0.0007350-0.0001870
           dz -0.0010741 0.0000191-0.0019699 0.0006971-0.0002040 0.0000240
   7 h     dx -0.0048781-0.0043282 0.0025227-0.0010022-0.0003299 0.0023679
           dy -0.0010757-0.0003123 0.0009855 0.0011477-0.0000379 0.0001273
           dz -0.0005597 0.0016269 0.0010271 0.0003205 0.0001345 0.0011472
   8 h     dx  0.0066847-0.0065640-0.0027848-0.4144364-0.0922257-0.0937900
           dy -0.0061500-0.0024748 0.0017351-0.1318958-0.0716137-0.0467772
           dz -0.0025126 0.0016986-0.0055073-0.1178959-0.0430492-0.0525425
   9 h     dx  0.0033706-0.0062541-0.0030293 0.0014786-0.0050207-0.0029739
           dy -0.0024205-0.0008801 0.0019483-0.0016635-0.0003057-0.0005236
           dz -0.0006590 0.0015824-0.0036358-0.0009124-0.0008790-0.0002877

   ATOM              5 o                           6 h 
                  dx        dy        dz        dx        dy        dz
   5 o     dx  0.3852774
           dy  0.0654831 0.4199935
           dz  0.0773864 0.2410829 0.1893834
   6 h     dx  0.0044487 0.0267410-0.0017670 0.0710966
           dy  0.0053322-0.0292138-0.0047221 0.0574799 0.2665728
           dz -0.0035504-0.0171477 0.0089428-0.0312818-0.0920524 0.0927584
   7 h     dx  0.0012514 0.0121685 0.0236405 0.0040289-0.0014612 0.0106499
           dy  0.0023015-0.0097195-0.0301203 0.0045253 0.0008795 0.0277760
           dz  0.0066187-0.0145253-0.0072251-0.0034504 0.0021311-0.0145291
   8 h     dx -0.0006913-0.0000950-0.0001607 0.0003852-0.0005010 0.0000581
           dy  0.0013407-0.0003621-0.0005319 0.0003628 0.0003706 0.0000802
           dz  0.0006849-0.0006566 0.0004040-0.0005295-0.0005440-0.0003632
   9 h     dx -0.2051295-0.1919986-0.1389316-0.0023013 0.0027060 0.0006318
           dy -0.1487506-0.2137977-0.1470858 0.0022342-0.0028522-0.0025674
           dz -0.1125840-0.1516589-0.1024695-0.0014979 0.0030345-0.0003406

   ATOM              7 h                           8 h 
                  dx        dy        dz        dx        dy        dz
   7 h     dx  0.0569203
           dy -0.0039030 0.0553186
           dz  0.0319403 0.0168713 0.3188379
   8 h     dx  0.0003371-0.0003020-0.0004778 0.4519299
           dy -0.0003370-0.0003580-0.0001476 0.0954701 0.0632741
           dz  0.0005773 0.0004048 0.0004208 0.0995974 0.0399653 0.0461272
   9 h     dx -0.0028744 0.0026106 0.0022332-0.0005922 0.0006123 0.0003124
           dy -0.0003436-0.0009078 0.0016804-0.0001310 0.0002342 0.0001260
           dz  0.0023250-0.0036584-0.0018031-0.0001428 0.0001961 0.0001196

   ATOM              9 h 
                  dx        dy        dz
   9 h     dx  0.1938949
           dy  0.1622525 0.2484088
           dz  0.1189318 0.1656077 0.1182299
 

   *** projected hessian written onto $hessian (projected), file=<hessian> ***

 dipole moment in principle axis system (a.u.) :     0.8344654932    -0.3613328942     0.0037118531
 norm :  0.9093447628    

 rotational constants b for rotations around axis of inertia
 and optical intensities for (1 <-- 0) transition

   b   :     0.3586489100     0.1349906929     0.0998998082   (cm**(-1))

   b   :  ***************  4046.9191630449  2994.9209050815     (MHz)

   b   :     0.6963326594     0.1305614604     0.0000137779     (a.u.)

   x   :     0.9428717204     0.3226009144    -0.0831959668
   y   :    -0.3175188372     0.7945385631    -0.5175811626
   z   :    -0.1008697524     0.5144289279     0.8515798091

   ***  normal modes written onto $vibrational normal modes, file=<vib_normal_modes>  ***

  Keyword $vibrational reduced masses missing in file <control>


   ***  vibrational spectroscopic data written onto$vibrational spectrum   
        file=<vibspectrum>  ***

          ---------------------------------------------------
          NORMAL MODES and VIBRATIONAL FREQUENCIES (cm**(-1))
          ---------------------------------------------------

 imaginary wave numbers indicate a negative curvature of the energy surface.
 zero frequency modes have no physical meaning except being generators of
 translations and rotations. each vibrational normal mode - given in terms of
 cartesian displacement vectors of all atoms - has been normalized to unity.
 to obtain mass-weigthed normal coordinates in a.u. divide the tabulated
 modes by sqrt(reduced mass * 1822.88853).
 band intensities or cross sections refer to independent non-degenerate normal
 modes, that is, the intensities of degenerate modes have yet to be added.
 dDIP/dQ is the normal mode derivative of the dipole moment.


       mode               1        2        3        4        5        6

     frequency           0.00     0.00     0.00     0.00     0.00     0.00

     symmetry                                                             

        IR                -        -        -        -        -        - 
|dDIP/dQ|   (a.u.)     0.0000   0.0000   0.0000   0.0000   0.0000   0.0000
intensity (km/mol)       0.00     0.00     0.00     0.00     0.00     0.00
intensity (  %   )       0.00     0.00     0.00     0.00     0.00     0.00
 
       RAMAN              -        -        -        -        -        - 
 
  1   c           x   0.22144  0.02139  0.13235 -0.03368  0.16371  0.08195
                  y  -0.21778 -0.07887 -0.03726  0.17022  0.22623  0.15585
                  z  -0.08178 -0.13779  0.30604  0.07013 -0.17486 -0.15697
  2   c           x   0.16078  0.00051  0.16872 -0.06702  0.14020  0.10949
                  y  -0.10191 -0.00430  0.03041  0.10192  0.25356 -0.14690
                  z   0.09989 -0.10666  0.07294  0.28950 -0.08854 -0.01297
  3   o           x   0.00059 -0.04059  0.24106 -0.11417  0.07566  0.23917
                  y  -0.10868  0.15371  0.15947  0.09419  0.19955 -0.28368
                  z   0.20695 -0.32625 -0.17028  0.32988  0.03392  0.12039
  4   o           x   0.30445  0.03264  0.11184 -0.03855  0.19893 -0.02604
                  y   0.00896 -0.13285 -0.06861  0.05102  0.34425 -0.24637
                  z   0.12872  0.19158  0.16644  0.43389 -0.16309 -0.04991
  5   o           x   0.06904 -0.01236  0.19212 -0.06292  0.10136  0.22706
                  y  -0.33121  0.05623  0.06698  0.22204  0.13230  0.25422
                  z  -0.10740 -0.45262  0.20079 -0.07678 -0.09363 -0.11399
  6   h           x   0.26650 -0.01096  0.18617 -0.14843  0.18959 -0.13273
                  y  -0.27034  0.02932  0.04839  0.19094  0.16799  0.15807
                  z  -0.17680  0.09468  0.53862  0.04833 -0.29485 -0.28299
  7   h           x   0.35056  0.09781  0.00094  0.13048  0.20814  0.15304
                  y  -0.15477 -0.35677 -0.26135  0.15607  0.34390  0.29421
                  z  -0.09951 -0.12612  0.33532  0.05422 -0.18771 -0.17401
  8   h           x   0.25458  0.01667  0.13972 -0.06248  0.17939  0.00144
                  y   0.07836 -0.07488 -0.01718  0.00915  0.35632 -0.44037
                  z   0.24727  0.19209  0.00553  0.56963 -0.10080  0.04809
  9   h           x  -0.04154 -0.04226  0.24464 -0.09991  0.05708  0.31038
                  y  -0.30778  0.16971  0.16128  0.20113  0.10606  0.09938
                  z   0.00000 -0.57581  0.00000  0.00000  0.00000  0.00000

reduced mass(g/mol)     6.999    7.342    6.214    8.210    7.229    7.167


       mode               7        8        9       10       11       12

     frequency          86.30   281.28   326.84   471.92   508.37   649.19

     symmetry            a        a        a        a        a        a   

        IR               YES      YES      YES      YES      YES      YES
|dDIP/dQ|   (a.u.)     0.0025   0.0023   0.0069   0.0037   0.0024   0.0033
intensity (km/mol)      11.03     9.00    83.97    24.17    10.03    19.27
intensity (  %   )       3.70     3.02    28.18     8.11     3.36     6.47
 
       RAMAN             YES      YES      YES      YES      YES      YES
 
  1   c           x  -0.01975 -0.09168  0.00046  0.18864 -0.00386 -0.16339
                  y  -0.12221 -0.07980  0.00469 -0.08447 -0.01438 -0.15671
                  z   0.20321 -0.05524 -0.00771 -0.03256  0.02274 -0.09435
  2   c           x  -0.00323 -0.08324  0.00425 -0.02008 -0.01617 -0.16947
                  y  -0.02014 -0.13917  0.02637  0.12424 -0.10129  0.00978
                  z   0.03348 -0.09168 -0.04387  0.07710  0.16618  0.03614
  3   o           x  -0.00935 -0.35921  0.00182 -0.11761  0.00653  0.25509
                  y  -0.06228 -0.04358  0.01436  0.16595  0.03005 -0.08338
                  z   0.10228 -0.06216 -0.02397  0.08814 -0.05075 -0.05051
  4   o           x   0.01343  0.17522 -0.00257 -0.34221  0.00150 -0.10972
                  y   0.08789  0.04544 -0.02000 -0.02875  0.00356  0.24113
                  z  -0.14437  0.04372  0.03267 -0.05109 -0.00440  0.10112
  5   o           x   0.01868  0.29967  0.00329  0.28556  0.00258  0.11878
                  y   0.11266  0.15270  0.01705 -0.11411  0.02136 -0.04323
                  z  -0.18808  0.12152 -0.02716 -0.04229 -0.03445 -0.01919
  6   h           x   0.03354 -0.23944  0.07695  0.28410 -0.26469 -0.21403
                  y   0.03680 -0.02986 -0.02664 -0.12104 -0.07047 -0.16552
                  z   0.63053 -0.02638 -0.01300 -0.04737 -0.28290 -0.14009
  7   h           x  -0.12074 -0.23845 -0.07800  0.29565  0.28950 -0.08860
                  y  -0.56674 -0.02158  0.03115 -0.11012  0.25931 -0.08838
                  z   0.25411 -0.04536  0.00672 -0.04648 -0.03245 -0.11300
  8   h           x   0.01474  0.08166 -0.00671 -0.16738  0.06324 -0.25068
                  y   0.09585  0.27545 -0.04524 -0.45160  0.40966  0.38203
                  z  -0.15763  0.17067  0.07504 -0.30070 -0.66678  0.50957
  9   h           x  -0.01504  0.64440 -0.08868  0.34504 -0.01773  0.32694
                  y  -0.06430 -0.06815 -0.51048 -0.15762 -0.09261 -0.19495
                  z   0.10604  0.01555  0.83899 -0.05308  0.15313 -0.06158

reduced mass(g/mol)     3.021    6.044    1.087    5.718    1.514    4.570


       mode              13       14       15       16       17       18

     frequency         653.09   856.71  1037.77  1108.65  1169.78  1252.33

     symmetry            a        a        a        a        a        a   

        IR               YES      YES      YES      YES      YES      YES
|dDIP/dQ|   (a.u.)     0.0081   0.0047   0.0010   0.0117   0.0085   0.0003
intensity (km/mol)     117.56    39.65     1.73   243.96   129.37     0.19
intensity (  %   )      39.45    13.31     0.58    81.86    43.41     0.06
 
       RAMAN             YES      YES      YES      YES      YES      YES
 
  1   c           x   0.01119  0.25588 -0.01912  0.25429 -0.02922 -0.00220
                  y  -0.01108  0.17169 -0.11463 -0.28717  0.05607 -0.01809
                  z   0.05237  0.12802  0.19148 -0.14592  0.03125  0.02688
  2   c           x   0.00406 -0.13198  0.01711  0.09135  0.16180 -0.00483
                  y  -0.08044 -0.08717  0.11350 -0.05156 -0.08050 -0.03023
                  z   0.12694 -0.06401 -0.18577 -0.02456 -0.03354  0.04996
  3   o           x  -0.01834 -0.05729 -0.00400 -0.02201 -0.03249  0.00084
                  y   0.04739 -0.16164 -0.02438 -0.06022 -0.07063  0.00509
                  z  -0.05975 -0.10431  0.03976 -0.03841 -0.04614 -0.00759
  4   o           x   0.01996 -0.06973 -0.00187 -0.08582 -0.06200  0.00046
                  y   0.03334  0.08182 -0.01673  0.11406  0.16200  0.00348
                  z  -0.10317  0.04299  0.02608  0.06158  0.09274 -0.00607
  5   o           x  -0.01046  0.02312  0.00455 -0.22411  0.02691  0.00337
                  y   0.01211 -0.03896  0.02253  0.25562 -0.05164  0.01978
                  z  -0.01077 -0.02118 -0.03841  0.13093 -0.02834 -0.03125
  6   h           x  -0.20367  0.35996 -0.29393  0.35763 -0.30051  0.60245
                  y  -0.04462  0.11773 -0.31890 -0.26376  0.12921 -0.29612
                  z  -0.17659  0.07414 -0.50267 -0.09442  0.03640 -0.20618
  7   h           x   0.24946  0.35672  0.33450  0.37275 -0.30434 -0.59205
                  y   0.18521  0.09277  0.56792 -0.23692  0.12297  0.36721
                  z   0.00746  0.12020  0.08810 -0.13696  0.05469  0.07795
  8   h           x  -0.04812 -0.23819 -0.00094  0.06429  0.26499 -0.00109
                  y  -0.50543  0.49092 -0.00480 -0.26422 -0.66523 -0.00107
                  z   0.72126  0.27512  0.01005 -0.15467 -0.37982  0.00488
  9   h           x  -0.03918 -0.30564  0.00534  0.35548 -0.16732  0.00023
                  y  -0.01818  0.17688  0.06407 -0.11068  0.07361  0.05578
                  z   0.06803  0.07737 -0.09886 -0.02838  0.02638 -0.07920

reduced mass(g/mol)     1.570    3.396    2.162    5.424    2.200    1.080


       mode              19       20       21       22       23       24

     frequency        1292.92  1347.88  1462.31  1488.85  1805.38  3008.12

     symmetry            a        a        a        a        a        a   

        IR               YES      YES      YES      YES      YES      YES
|dDIP/dQ|   (a.u.)     0.0039   0.0083   0.0024   0.0024   0.0129   0.0041
intensity (km/mol)      27.25   122.47    10.39     9.85   298.01    30.11
intensity (  %   )       9.14    41.10     3.48     3.30   100.00    10.10
 
       RAMAN             YES      YES      YES      YES      YES      YES
 
  1   c           x  -0.09855 -0.00369  0.15424 -0.00649  0.04222 -0.02386
                  y   0.09319  0.05177  0.03209  0.06062  0.01333 -0.05522
                  z   0.04759  0.03197  0.03499  0.03560  0.01238 -0.02868
  2   c           x  -0.03248  0.20864 -0.13385  0.01624 -0.27587 -0.00006
                  y   0.00660 -0.10007  0.04843 -0.01397 -0.55171 -0.00188
                  z   0.00188 -0.04098  0.01673 -0.00716 -0.36252 -0.00101
  3   o           x  -0.00117 -0.01803  0.01864  0.00043  0.15106  0.00035
                  y  -0.02910  0.04415 -0.00829  0.00724  0.35307  0.00116
                  z  -0.01794  0.02519 -0.00327  0.00447  0.22958  0.00076
  4   o           x   0.02770 -0.08114  0.03961 -0.00377  0.01179 -0.00056
                  y   0.01857 -0.00529 -0.00938  0.00375  0.05557  0.00009
                  z   0.01378 -0.01095 -0.00194  0.00194  0.03498 -0.00001
  5   o           x  -0.02782 -0.04962 -0.04903  0.00605 -0.00794  0.00308
                  y  -0.01801 -0.02302 -0.01837  0.01047  0.00544 -0.00067
                  z  -0.01458 -0.01948 -0.01646  0.00700  0.00248 -0.00017
  6   h           x   0.46556 -0.14002 -0.46930 -0.01062  0.12414  0.18177
                  y  -0.07128  0.07650  0.14084 -0.26319  0.01699  0.65658
                  z   0.02789  0.00824 -0.11749 -0.64969  0.11092 -0.30714
  7   h           x   0.45831 -0.14903 -0.49720 -0.07591  0.13942  0.06923
                  y  -0.03953  0.06359  0.01026 -0.69509  0.09506  0.02153
                  z  -0.00707  0.04557  0.11348  0.06790 -0.01891  0.65685
  8   h           x   0.13519 -0.28274  0.10074 -0.00343  0.16807  0.00309
                  y  -0.26636  0.54689 -0.18535  0.00212 -0.36296  0.00261
                  z  -0.14946  0.30589 -0.10307  0.00084 -0.20527  0.00180
  9   h           x   0.52261  0.49124  0.47656 -0.06923 -0.10617 -0.01462
                  y  -0.35890 -0.36280 -0.35322  0.05946  0.09383 -0.00951
                  z  -0.16341 -0.16930 -0.16506  0.02925  0.04706 -0.00679

reduced mass(g/mol)     1.304    1.852    1.597    1.073    9.733    1.057


       mode              25       26       27

     frequency        3029.53  3710.33  3721.68

     symmetry            a        a        a   

        IR               YES      YES      YES
|dDIP/dQ|   (a.u.)     0.0029   0.0066   0.0062
intensity (km/mol)      14.86    76.51    68.83
intensity (  %   )       4.99    25.67    23.10
 
       RAMAN             YES      YES      YES
 
  1   c           x  -0.00615  0.00078  0.00079
                  y  -0.04429  0.00212  0.00059
                  z   0.08184  0.00138  0.00043
  2   c           x  -0.00015 -0.00014 -0.00330
                  y  -0.00073 -0.00176  0.00028
                  z   0.00148 -0.00109 -0.00014
  3   o           x  -0.00005 -0.00000  0.00025
                  y  -0.00020  0.00068 -0.00067
                  z   0.00015  0.00042 -0.00038
  4   o           x   0.00005  0.00234 -0.05777
                  y   0.00007  0.00107 -0.01432
                  z  -0.00013  0.00087 -0.01417
  5   o           x  -0.00008  0.03439  0.00141
                  y   0.00067  0.04211  0.00159
                  z  -0.00109  0.02929  0.00112
  6   h           x   0.17467  0.00178  0.00032
                  y   0.58515 -0.01154 -0.00328
                  z  -0.24330  0.00524  0.00084
  7   h           x  -0.09851  0.00342  0.00073
                  y  -0.05380 -0.00103 -0.00085
                  z  -0.73926 -0.01239 -0.00318
  8   h           x  -0.00006 -0.03638  0.94194
                  y   0.00053 -0.01066  0.23287
                  z  -0.00126 -0.00992  0.23064
  9   h           x   0.00031 -0.55932 -0.02249
                  y  -0.00397 -0.67732 -0.02640
                  z   0.00793 -0.47190 -0.01846

reduced mass(g/mol)     1.104    1.065    1.064
 

         **************************************************************
         *                                                            *
         *  zero point VIBRATIONAL energy  :      0.0666803  Hartree  *
         *    SCF-energy                   :   -304.2852164           *
         *    SCF + E(vib0)                :   -304.2185362           *
         *                                                            *
         **************************************************************




 time elapsed for vibrational analysis     0.69 sec


    ------------------------------------------------------------------------
         total  cpu-time :  5 minutes and 25 seconds
         total wall-time :  29.91 seconds
    ------------------------------------------------------------------------

   ****  force : all done  ****


    2026-04-15 19:56:06.228 

aoforce ended normally 
