
   OpenMP run-time library returned nthreads = 16

 force (s02r2b13) : TURBOMOLE rev. V7-8-1 compiled 26 Feb 2024 at 17:12:58
 Copyright (C) 2024 TURBOMOLE GmbH, Karlsruhe


    2026-04-15 19:55:44.652 



                             T U R B O M O L E   

                          a o f o r c e - program

                        using direct algorithms for

                       SCF level calculations of
                         * harmonic force constants
                         * hyperpolarizabilities
                         * IR and RAMAN intensities
                         * VCD intensities

                       DFT level calculations of
                         * harmonic force constants
                         * IR intensities
                                                   
       Stephan Boecker, Peter Deglmann, Filipp Furche and Marco Haeser
                          Quantum Chemistry Group
                          Universitaet  Karlsruhe
                                   Germany

 
 

          OpenMP Shared-Memory Parallelization: 16 CPUs.

            By: Erik P. Almaraz and Filipp Furche
            Copyright 2009-2011 by UCI and TURBOMOLE GmbH.

            Revised By: Christof Holzer and Yannick J. Franzke.

 
 
     References :
 
       RI-J implementation:
         Peter Deglmann, Klaus May, Filipp Furche, Reinhart Ahlrichs
                 Chem. Phys. Lett. 384:103 (2004)
 
       Efficiency, technical details:
         Peter Deglmann, Filipp Furche, Reinhart Ahlrichs
                 Chem. Phys. Lett. 362:511 (2002)
 
       Search of lowest eigenvalues by iterative diagonalization:
         Peter Deglmann, Filipp Furche
                 J. Chem. Phys. 117:9535 (2002)
 
       Vibrational circular dichroism implementation:
        Kevin Reiter, Michael Kuehn, Florian Weigend
                 J. Chem. Phys. 146:054102 (2017)  
 
 


              +--------------------------------------------------+
              | Atomic coordinate, charge and isotop information |
              +--------------------------------------------------+

                    atomic coordinates            atom    charge  isotop
          2.49918526   -1.83894907    0.27699371    c      6.000     0
          3.38188578   -1.32829791   -2.41985146    c      6.000     0
          4.56588961    1.06475145   -2.60484438    o      8.000     0
          0.83999741    0.19706452    1.15421442    n      7.000     0
         -1.81722337   -0.07764259    0.47826215    c      6.000     0
         -3.33944212    2.20983722    1.34470541    c      6.000     0
         -5.94050353    2.01053419    0.70773528    o      8.000     0
          1.58945727   -3.70779722    0.37976973    h      1.000     0
          4.15679851   -1.87668571    1.50614610    h      1.000     0
          1.78226129   -1.45904329   -3.73862683    h      1.000     0
          4.76547958   -2.75112362   -2.98503597    h      1.000     0
          3.55241464    2.19092691   -1.57678324    h      1.000     0
          1.01347611    0.41747515    3.04598692    h      1.000     0
         -1.98268555   -0.23943318   -1.57230276    h      1.000     0
         -2.66001347   -1.80919146    1.28619240    h      1.000     0
         -2.64842646    3.90635729    0.40237175    h      1.000     0
         -3.09580829    2.49009620    3.38903449    h      1.000     0
         -6.66274267    0.60111923    1.60635444    h      1.000     0
 
       center of nuclear mass  :   -0.01633822    0.35454099   -0.15476000
       center of nuclear charge:   -0.01655664    0.30231247   -0.12540700

              +--------------------------------------------------+
              |               basis set information              |
              +--------------------------------------------------+

              we will work with the 1s 3p 5d 7f 9g ... basis set
              ...i.e. with spherical basis functions...

   type   atoms  prim   cont   basis
   ---------------------------------------------------------------------------
    c        4     46     31   def2-TZVP   [5s3p2d1f|11s6p2d1f]
    o        2     46     31   def2-TZVP   [5s3p2d1f|11s6p2d1f]
    n        1     46     31   def2-TZVP   [5s3p2d1f|11s6p2d1f]
    h       11      8      6   def2-TZVP   [3s1p|5s1p]
   ---------------------------------------------------------------------------
   total:   18    410    283
   ---------------------------------------------------------------------------

   total number of primitive shells          :   66
   total number of contracted shells         :  121
   total number of cartesian basis functions :  318
   total number of SCF-basis functions       :  283

 
             FOUND RI-J FLAG !
 

 NOTE: THIS IS A PRELIMINARY IMPLEMENTATION. THE RI APPROXIMATION IS
       PRESENTLY USED FOR CPKS CONTRIBUTIONS TO THE HESSIAN ONLY! SEE
       MANUAL FOR FURTHER DETAILS.

  
 AUXILIARY BASIS SET information:

              we will work with the 1s 3p 5d 7f 9g ... basis set
              ...i.e. with spherical basis functions...

   type   atoms  prim   cont   basis
   ---------------------------------------------------------------------------
    c        4     70     49   def2-TZVP   [6s4p3d1f1g|12s5p4d2f1g]
    o        2     70     49   def2-TZVP   [6s4p3d1f1g|12s5p4d2f1g]
    n        1     70     49   def2-TZVP   [6s4p3d1f1g|12s5p4d2f1g]
    h       11     16     11   def2-TZVP   [3s1p1d|5s2p1d]
   ---------------------------------------------------------------------------
   total:   18    666    464
   ---------------------------------------------------------------------------

   total number of primitive shells          :   80
   total number of contracted shells         :  160
   total number of cartesian basis functions :  559
   total number of SCF-basis functions       :  464


 symmetry group of the molecule :   c1 

 the group has the following generators :
   c1(z)

    1 symmetry operations found

 there are 1 real representations :   a   

 maximum number of shells which are related by symmetry :  1


 determining totally symmetric integral contributions 
    - equivalent to irreducible tensor elements - 
 which can be formed within each triple of representations :

             representation triple      contributions

              a     a     a               1
  MOs are in ASCII format !

  MOs are in ASCII format !


    mo occupation :
   irrep   mo's   occupied
    a      283       29
 
 number of basis functions   :   283
 number of occupied orbitals :    29
 

 reading orbital data $scfmo  from file mos
 orbital characterization : scfconv=7
 time elapsed for calculating density matrices :   0.127 sec
 all orbitals will be included in the transformation

 number of non-frozen orbitals          :   283
 number of non-frozen occupied orbitals :    29


 Blocking parameters 
 shells:
    index      start shell   last shell  start bf    last bf    #bf 
       1             1         121             1        318    318
          size of I/O Block in Byte:               43685568
  
           ----------------------
               RI - INFORMATION
           ----------------------

 biggest AO integral is expected to be     7.998976882

 Threshold for integral neglect (rithr2):   0.79E-11
 Threshold for integral neglect (rithr1):   0.79E-11

 Contributions to RI integral batches: 
  neglected integral batches:                   852
  direct contribution:                            0
  memory contribution:                  6529
 Core memory available (ricore)            5000 MiB
 Core memory needed for (P|Q) and Cholesky 2 MiB
 Core memory used for integrals            191 MiB
  
 ****************************************
 Memory allocated for RIDFT 193 MiB
 ****************************************
                                            
  
           ------------------
           density functional
           ------------------
 Becke-3-Parameter hybrid functional: B3-LYP
 exchange:    0.8*LDA + 0.72*B88 + 0.2*HF
 correlation: 0.19*LDA(VWN) + 0.81*LYP
 iterations will be done with small grid
  
 spherical integration : Lebedev's spherical grid
 spherical gridsize    :                     3
    i.e. gridpoints    :                   302
  maximum batchsize    :                   100
 value for diffuse not defined
 radial integration    : Chebyshev 2nd kind (scaling 3)
 radial gridsize       :                     3
 integration cells     :                    18
 partition function    : becke
 partition sharpness   :                     3
  
 
 Derivatives of quadrature weights will be included
 
 preparing DFT   numerical integration ....
          Overall gridpoints after grid construction =         81775
 Ordering of quadrature gridpoints disabled.
 
 
 
 
 OCCUPIED-OCCUPIED TENSOR SPACES :

          IRREP   tensor space dimension   number of roots

           a                 841                     48
 
 OCCUPIED-VIRTUAL TENSOR SPACES :

          IRREP   tensor space dimension   number of roots

           a                7366                     48
 
 
 
 
 CONSTRUCTING integral bounds

 setting up bound for integral derivative estimation

 increment for numerical differentiation : 0.00050000
 
 machine precision:   2.220446049250313E-016

 integral neglect threshold       :  0.10E-09
 integral storage threshold THIZE :  0.10E-04
 integral storage threshold THIME :         5

 
 
 
 PREPARING NUMERICAL INTEGRATION
 
 Remaining core memory for DFT =                  7875 MB
 
 Memory needed per atom    =                  1188 KiB
 
     i. e.                    18 atoms per loop

 Calculating ground state density on molecular grid

 Integral of ground state density: N =   58.00004271365642    


 
 
 CONSTRUCTING first deriv. of <mu|x,y,z|nu> -> Dip. deriv.
  dipole integral derivatives will be neglected if
  expon. factor <0.157233E-11
      ...terminated. cpu:       0.31       wall:       0.02
 
 
 
 
 CONSTRUCTING first deriv. of  <mu|nu>
                               <mu|h|nu>    -> RHS
              second deriv. of <mu|nu>      -> Hessian
                               <mu|h|nu>    -> Hessian
                               nucl. rep.   -> Hessian
     integrals are neglected if expon. factor <  1.572327044025157E-013
      ...terminated. cpu:       1.58       wall:       0.10



 CONSTRUCTING second deriv. of 2e energy    -> Hessian
  treating Coulomb (and exchange) contribution
  integrals will be neglected if total contribution <  0.15723270E-08
      ...terminated. cpu:     269.51       wall:      22.57
  treating exchange-correlation contribution
      ...terminated. cpu:      76.12       wall:       4.92
 
 
 
 
 CONSTRUCTING S(i,j)xi
      ...terminated. cpu:       0.17       wall:       0.01
 
 
 
 
 CONSTRUCTING <i|x,y,z|j>*S(i,j)xi          -> Dip. deriv.
      ...terminated. cpu:       0.03       wall:       0.00
 
 
 
 
 CONSTRUCTING epsilon(i)*S(i,j)xi*S(i,j)chi -> Hessian
      ...terminated. cpu:       0.02       wall:       0.00
 
 
 
 
 CONSTRUCTING G(a,i)[S(k,l)xi]              -> RHS
              G(i,j)[S(k,l)xi]*S(i,j)chi    -> Hessian
 
         Maximum core memory set to                   8000 MB
         This corresponds to                 10336 vectors in CAO basis
      ...terminated. cpu:     256.12       wall:      20.40
 
 
 
 
 CONSTRUCTING G(mu,nu)[D(kap,lam)]xi
 
          Maximum core memory set to                   8000 MB
          Atoms treated simultaneously :                    18
 max of dfo   69.6079720813421     
      ...terminated. cpu:     259.24       wall:      16.21




 CONSTRUCTING F(a,i)xi                      -> RHS
              F(i,j)xi*S(i,j)chi            -> Hessian
 
        Maximum core memory set to                  8000 MB
        This corresponds to                 18051 vectors in CAO basis
      ...terminated. cpu:       1.12       wall:       0.07
 
 
 
 
 CONSTRUCTING epsilon(i)*S(a,i)xi           -> RHS
      ...terminated. cpu:       0.89       wall:       0.06





 SOLVING CPHF equations
 
 Residuum convergence criterium   :  1.000000000000000E-005
 
 Maximum number of Davidson iterations set to                    25

 logfile cphf_a    will be constructed


  Switching to small grid for DFT
        preparing DFT   numerical integration ....
          Overall gridpoints after grid construction =         21476

 Calculating ground state density on molecular grid

 Integral of ground state density: N =   58.00071473705579    




                       Nonorthonormal Krylov Space Iteration


 total number of roots to be determined: 48


 maximum core memory set to         8000 MB,
 corresponding to    10280 vectors in CAO basis


 maximum number of simultaneously treated vectors (including degeneracy):       48


 Iteration IRREP Converged      Max. Euclidean
                 roots          residual norm

    1       a        0        7.783441199579808D-02
 
    2       a        0        7.850996697016260D-03
 
    3       a        0        6.360143545399266D-04
 
    4       a        8        4.052885610458586D-05
 
    5       a       48        9.608490732139161D-06
 

 converged!

  Switching to fine grid
        preparing numerical DFT   integration ....
          Overall gridpoints after grid construction =         81775

 Calculating ground state density on molecular grid

 Integral of ground state density: N =   58.00004271365650    



 Iteration IRREP Converged      Max. Euclidean
                 roots          residual norm

    6       a        0        8.622123177610029D-05
 

 NOTE: Residual norms are larger than 1.00D-05 due to mgrid option!

      ...terminated. cpu:    1066.85       wall:      92.20
 
 
 
 
 CONSTRUCTING <a|x,y,z|i>*U(a,i)xi          -> Dip. deriv.
      ...terminated. cpu:       0.12       wall:       0.01
 
 
 
 
 CONSTRUCTING RHS(a,i)xi*U(a,i)chi          -> Hessian
      ...terminated. cpu:       0.17       wall:       0.01
 
 
 
 

            -----------------------
            permanent dipole moment
            -----------------------

                                   x                y                z
    electronic part       :    0.5540298602   -18.3748226057     8.3458529628
     nuclear   part       :   -0.9602852789    17.5341229767    -7.2736058811
     total                :   -0.4062554186    -0.8406996290     1.0722470817

 with reference to the point :   0.0000000        0.0000000        0.0000000
 (given in atomic units)
    | dipole |       :    3.6138984398  debye

   ***  dipole moment & cartesian dipole gradients written onto
        $dipole, $dipgrad,  file=<dipgrad>  ***

             -----------------------------------
             rotational and vibrational analysis
             -----------------------------------


            ==============================================================
            ATOMIC WEIGHTS (average over the natural occurance of isotops)
            ==============================================================
            ('*' denotes special isotop !)
              1     c                12.01115
              2     c                12.01115
              3     o                15.99940
              4     n                14.00670
              5     c                12.01115
              6     c                12.01115
              7     o                15.99940
              8     h                 1.00797
              9     h                 1.00797
             10     h                 1.00797
             11     h                 1.00797
             12     h                 1.00797
             13     h                 1.00797
             14     h                 1.00797
             15     h                 1.00797
             16     h                 1.00797
             17     h                 1.00797
             18     h                 1.00797

          -------------------------------------------------
          CARTESIAN FORCE CONSTANT MATRIX (hartree/bohr**2)
         (translational & rotational space projected out)
          -------------------------------------------------

   ATOM              1 c                           2 c 
                  dx        dy        dz        dx        dy        dz
   1 c     dx  0.5553595
           dy  0.0461875 0.5186950
           dz  0.0693088 0.0003764 0.5025779
   2 c     dx -0.0841820 0.0013528 0.0163128 0.5625218
           dy -0.0048797-0.0743949 0.0239748-0.0743704 0.5261628
           dz  0.0152623 0.0079498-0.1716552 0.0242934 0.0499728 0.4997913
   3 o     dx -0.0090844-0.0181790 0.0059207-0.1117360-0.0368569 0.0193413
           dy -0.0148944-0.0288135 0.0077865-0.0711609-0.1915495 0.0145607
           dz  0.0190848 0.0339862-0.0025705 0.0095342-0.0183656-0.0751334
   4 n     dx -0.1201017 0.0695889-0.0010178-0.0119139 0.0056706 0.0116987
           dy  0.0387904-0.1361974-0.0254543 0.0045414-0.0047447-0.0088846
           dz  0.0159400-0.0548579-0.1014710 0.0273795-0.0281439-0.0160896
   5 c     dx -0.0303415 0.0000113-0.0006958 0.0012882 0.0009833 0.0017682
           dy  0.0307167-0.0035272 0.0105452-0.0005621-0.0006666 0.0006512
           dz  0.0081399 0.0087838 0.0062811 0.0033893-0.0002848 0.0023364
   6 c     dx -0.0037698-0.0004551-0.0017849-0.0001922 0.0001002-0.0002471
           dy -0.0030161-0.0016319-0.0021011 0.0004508 0.0007195-0.0000238
           dz -0.0026270 0.0000783-0.0019651-0.0000242-0.0004827-0.0003078
   7 o     dx -0.0005562-0.0021932-0.0027020-0.0000398 0.0003388-0.0004194
           dy  0.0011427 0.0012494 0.0008495-0.0001514-0.0003318 0.0001473
           dz  0.0003898-0.0004205 0.0007270-0.0003046 0.0001685-0.0000773
   8 h     dx -0.1035030-0.0967189 0.0061499-0.0043795-0.0081776-0.0041467
           dy -0.0963505-0.2244648 0.0139642-0.0051367-0.0064660-0.0002476
           dz  0.0052727 0.0121112-0.0541009 0.0140527 0.0270301 0.0031234
   9 h     dx -0.2124264 0.0021435-0.1222712 0.0078475-0.0010636 0.0064716
           dy -0.0044838-0.0511852-0.0029878 0.0037277-0.0003927 0.0040421
           dz -0.1264408 0.0025891-0.1396209-0.0269906-0.0016829-0.0251257
  10 h     dx  0.0080450 0.0005146 0.0074032-0.1875453 0.0031852-0.1148811
           dy  0.0060260 0.0015371 0.0036913 0.0044192-0.0486461-0.0029790
           dz -0.0256470 0.0020092-0.0223204-0.1131196-0.0029252-0.1491416
  11 h     dx -0.0058425 0.0063351-0.0010332-0.1772764 0.1247759 0.0504443
           dy -0.0036604 0.0054612 0.0002682 0.1154789-0.1572759-0.0442482
           dz  0.0210541-0.0214481-0.0063986 0.0461905-0.0458362-0.0695990
  12 h     dx  0.0013606-0.0042557 0.0016398 0.0097769-0.0141608-0.0110116
           dy  0.0015996-0.0011294-0.0003770 0.0201277-0.0386679-0.0219628
           dz  0.0003484 0.0055462 0.0006311-0.0024011-0.0004381 0.0028253
  13 h     dx  0.0000340 0.0010885 0.0249189-0.0030010 0.0049808 0.0012959
           dy  0.0008961-0.0085269-0.0303004 0.0013893-0.0037557 0.0010385
           dz -0.0013467 0.0050452-0.0100819 0.0025292-0.0026915 0.0003644
  14 h     dx  0.0016046-0.0000221-0.0008268-0.0007009-0.0003396-0.0002154
           dy -0.0000431 0.0002801 0.0005798 0.0002970 0.0006607 0.0000882
           dz  0.0004137-0.0013069-0.0003546-0.0003893-0.0003277-0.0007253
  15 h     dx  0.0034224-0.0061260-0.0018609-0.0004854-0.0002236 0.0002113
           dy  0.0014117 0.0026549-0.0007861-0.0001962-0.0003200-0.0000394
           dz  0.0004830-0.0000030 0.0000419-0.0002824-0.0002009-0.0005714
  16 h     dx -0.0000833 0.0002383 0.0002983 0.0000183 0.0000642-0.0000594
           dy  0.0003929 0.0001091-0.0002822-0.0000596-0.0002252 0.0000748
           dz -0.0001380-0.0002092-0.0000745 0.0000504 0.0000743 0.0000782
  17 h     dx  0.0001800-0.0000616 0.0000756 0.0000467 0.0001077 0.0001513
           dy  0.0000203-0.0001897 0.0002205-0.0002170-0.0001211-0.0001354
           dz  0.0004815-0.0001204 0.0004893-0.0003165 0.0000938-0.0001062
  18 h     dx -0.0001153 0.0005510 0.0001645-0.0000472-0.0001347 0.0000425
           dy  0.0001441 0.0000740 0.0000325 0.0000694 0.0000150-0.0000046
           dz  0.0000207-0.0001096-0.0001345 0.0000965 0.0000651 0.0000136

   ATOM              3 o                           4 n 
                  dx        dy        dz        dx        dy        dz
   3 o     dx  0.2900916
           dy -0.0461230 0.4614876
           dz -0.1857382 0.1492976 0.2300417
   4 n     dx -0.0006976 0.0038628 0.0044919 0.4626796
           dy -0.0020620 0.0032894 0.0019011-0.0802718 0.2680725
           dz  0.0028864-0.0037742 0.0005516 0.0486539 0.1313690 0.6276530
   5 c     dx  0.0007354-0.0009696-0.0014012-0.1911980 0.0035095-0.0407150
           dy  0.0000132 0.0007353 0.0011362-0.0305073-0.0766820-0.0276314
           dz -0.0000643-0.0006628-0.0022103-0.0141405-0.0192474-0.1038621
   6 c     dx  0.0004866 0.0000688-0.0003598-0.0293887 0.0240253 0.0086021
           dy -0.0003775-0.0005964 0.0004749-0.0018615 0.0065929 0.0045481
           dz -0.0000247 0.0001676 0.0001606-0.0080480 0.0083324 0.0025077
   7 o     dx -0.0004958-0.0002109 0.0006414-0.0044109 0.0097298 0.0050669
           dy  0.0002092 0.0002950-0.0002790 0.0046697-0.0030991-0.0028049
           dz  0.0000885 0.0000197 0.0000529 0.0020974-0.0009650 0.0011788
   8 h     dx  0.0004858-0.0019948 0.0039710 0.0061235 0.0232771 0.0014030
           dy -0.0003471 0.0011739 0.0019966 0.0009847-0.0321138-0.0045657
           dz  0.0031465 0.0042573-0.0068390-0.0016344-0.0139968 0.0018120
   9 h     dx  0.0009096 0.0014880-0.0001772-0.0206337 0.0024780-0.0104487
           dy  0.0007473 0.0010455-0.0003066 0.0262477-0.0032188 0.0141169
           dz  0.0010324-0.0009413 0.0043737 0.0128245-0.0021722 0.0059695
  10 h     dx -0.0115734-0.0181389-0.0062952 0.0010306 0.0001335-0.0008920
           dy -0.0343569-0.0171447-0.0186585-0.0005750 0.0003343-0.0002553
           dz  0.0021474-0.0040192 0.0075355 0.0002438-0.0000293 0.0023084
  11 h     dx  0.0144759-0.0157077-0.0057918 0.0006477-0.0002788 0.0022429
           dy  0.0144614-0.0345876-0.0122648-0.0003258 0.0008882 0.0019224
           dz -0.0012121 0.0021752 0.0028881 0.0012384 0.0005487-0.0063768
  12 h     dx -0.1731504 0.1627062 0.1611260 0.0001299 0.0007977-0.0034817
           dy  0.1242993-0.1965221-0.1398116 0.0013691 0.0005497-0.0008909
           dz  0.1526507-0.1687351-0.1597888-0.0036718-0.0005525-0.0006643
  13 h     dx -0.0004335 0.0002246-0.0000778-0.0554226 0.0102876-0.0268608
           dy -0.0013885 0.0010574 0.0008054 0.0124577-0.0239244-0.0214294
           dz  0.0000318-0.0006064 0.0001925-0.0404370-0.0615625-0.4161400
  14 h     dx  0.0002054 0.0001802 0.0002773-0.0080332-0.0061004-0.0383591
           dy -0.0000035-0.0004390 0.0000396 0.0000528 0.0000777-0.0046946
           dz -0.0000530 0.0004740 0.0003779-0.0055188-0.0016528-0.0065182
  15 h     dx -0.0003103 0.0007568 0.0008662-0.0336784-0.0281969 0.0085015
           dy -0.0000578 0.0002176 0.0001327-0.0090635-0.0015012-0.0026924
           dz -0.0001354 0.0000019 0.0002731-0.0055476-0.0082954 0.0077792
  16 h     dx -0.0000145-0.0001240 0.0000571 0.0016105-0.0006680 0.0001142
           dy  0.0000086 0.0002534-0.0001507-0.0005747 0.0021475-0.0001167
           dz -0.0000669-0.0000070-0.0000546-0.0007884 0.0001275 0.0000635
  17 h     dx -0.0000762-0.0000649-0.0000519 0.0020398-0.0004167 0.0005663
           dy  0.0000664 0.0001471 0.0000180-0.0019137 0.0007930 0.0000345
           dz  0.0001332 0.0000725 0.0001025 0.0000887 0.0005679 0.0011246
  18 h     dx  0.0001819 0.0001016-0.0001569 0.0012171 0.0004242-0.0005995
           dy -0.0000533-0.0000494 0.0000487 0.0001893-0.0012640-0.0001335
           dz -0.0000846-0.0000668 0.0000469-0.0005331-0.0000340 0.0001736

   ATOM              5 c                           6 c 
                  dx        dy        dz        dx        dy        dz
   5 c     dx  0.4658377
           dy  0.0156054 0.5161007
           dz  0.0005477-0.0028137 0.6033729
   6 c     dx -0.0840050 0.0386096 0.0156504 0.4590997
           dy  0.0344993-0.1610682-0.0325945 0.0505894 0.5561394
           dz  0.0204137-0.0331259-0.0959524-0.0150202-0.0477399 0.5782536
   7 o     dx -0.0399427-0.0070586-0.0092446-0.2084095 0.0050122-0.0503007
           dy  0.0251595 0.0055082 0.0093454-0.0336977-0.0826182 0.0079097
           dz  0.0043701 0.0027129 0.0048298-0.0244888 0.0182474-0.0852049
   8 h     dx  0.0045850 0.0032624-0.0008081 0.0001502 0.0003313 0.0000976
           dy -0.0040449 0.0019718-0.0014670-0.0000110 0.0004336-0.0001171
           dz -0.0020584 0.0004111-0.0000428-0.0001332 0.0000464-0.0001141
   9 h     dx -0.0004527 0.0052104 0.0020637-0.0004058-0.0010053-0.0007506
           dy  0.0003950-0.0042525-0.0016103 0.0008098 0.0010278 0.0005046
           dz  0.0015896-0.0022345-0.0001333 0.0004517 0.0002188 0.0003995
  10 h     dx -0.0011936-0.0000397-0.0005498 0.0001181-0.0000596 0.0000707
           dy -0.0000306 0.0002729-0.0004312 0.0000066-0.0000882-0.0000643
           dz -0.0006077-0.0001167-0.0010633 0.0003262-0.0000795 0.0003998
  11 h     dx  0.0003880 0.0001036-0.0002233 0.0002029-0.0000860 0.0001749
           dy -0.0000250 0.0000750 0.0001875-0.0000869-0.0001036 0.0000317
           dz -0.0008219-0.0001732-0.0009153 0.0001059 0.0000739 0.0000943
  12 h     dx -0.0021037-0.0005731-0.0001408-0.0005369 0.0000222 0.0002521
           dy -0.0008189 0.0000615-0.0005145-0.0000604 0.0006258-0.0000227
           dz  0.0019323-0.0010375 0.0019821 0.0003250-0.0004324-0.0000692
  13 h     dx -0.0071549-0.0043288-0.0409818 0.0007939-0.0007991-0.0025608
           dy -0.0052373-0.0027130-0.0051462 0.0007680 0.0013485 0.0025748
           dz  0.0005833 0.0023805-0.0100038 0.0003388 0.0001888 0.0009110
  14 h     dx -0.0498407-0.0014009-0.0089755 0.0009537 0.0020652 0.0185888
           dy -0.0021222-0.0500589-0.0129771-0.0010929-0.0044382-0.0300746
           dz -0.0157753-0.0159624-0.3037737-0.0007052-0.0018607-0.0118056
  15 h     dx -0.0746763-0.0645690 0.0349829 0.0046258 0.0149388-0.0071969
           dy -0.0622660-0.2008221 0.0769134-0.0111746-0.0260099 0.0131276
           dz  0.0340849 0.0764132-0.0935226-0.0021972-0.0099109 0.0044631
  16 h     dx  0.0061862 0.0147922-0.0080373-0.0686204-0.0607339 0.0351351
           dy -0.0077489-0.0250493 0.0127922-0.0680598-0.2269726 0.1016931
           dz -0.0022428-0.0106626 0.0054223 0.0417390 0.1064882-0.1144323
  17 h     dx  0.0019668 0.0024045 0.0170200-0.0486056-0.0037974-0.0104353
           dy  0.0007526-0.0042112-0.0296706-0.0020495-0.0584612-0.0252828
           dz -0.0007456-0.0008152-0.0122898-0.0133103-0.0261985-0.2809386
  18 h     dx -0.0000783-0.0016787 0.0013721-0.0224971-0.0361729 0.0222556
           dy  0.0023474 0.0043254-0.0006019 0.0017103-0.0048991 0.0024901
           dz -0.0002261 0.0003230-0.0004552-0.0092923-0.0093450 0.0036004

   ATOM              7 o                           8 h 
                  dx        dy        dz        dx        dy        dz
   7 o     dx  0.4019683
           dy  0.1617181 0.3796507
           dz -0.0226510-0.2131008 0.2120949
   8 h     dx -0.0000030-0.0001970 0.0000115 0.1067677
           dy  0.0005582-0.0000333-0.0000118 0.1019638 0.2578874
           dz  0.0001821 0.0000257-0.0000292-0.0096706-0.0101952 0.0529363
   9 h     dx -0.0009157 0.0004197 0.0001206-0.0104290-0.0009133-0.0084811
           dy  0.0007586-0.0004898-0.0001271-0.0215801 0.0014520-0.0171802
           dz  0.0003406-0.0001717-0.0000553 0.0024208-0.0003757 0.0019622
  10 h     dx  0.0001377 0.0000214 0.0000484 0.0006980 0.0005171-0.0014146
           dy -0.0001006-0.0000049-0.0000108 0.0003173 0.0002828-0.0005253
           dz  0.0000107-0.0000314-0.0000013 0.0004663 0.0001959 0.0008573
  11 h     dx -0.0001791 0.0000451-0.0000023-0.0002108-0.0004087 0.0001861
           dy  0.0000101 0.0000455-0.0000253 0.0002955 0.0002666-0.0009433
           dz  0.0002090-0.0000720 0.0000599-0.0000663 0.0007429 0.0008424
  12 h     dx  0.0005870-0.0000444-0.0000845-0.0006119 0.0007974 0.0004013
           dy  0.0003081-0.0002877-0.0000077 0.0007490 0.0001702-0.0009210
           dz -0.0006177 0.0001998-0.0000840 0.0000672-0.0011347-0.0004088
  13 h     dx  0.0004797 0.0001766 0.0012298-0.0001207 0.0001568-0.0003170
           dy -0.0003064-0.0007110-0.0006880 0.0004002-0.0013317-0.0011842
           dz  0.0003439-0.0000882 0.0002162-0.0005272 0.0007174 0.0002074
  14 h     dx  0.0014467-0.0011013-0.0008461-0.0002663 0.0002954 0.0001202
           dy -0.0016037 0.0015217 0.0019688-0.0000596-0.0001689 0.0003277
           dz  0.0006500 0.0010297 0.0021731 0.0001378 0.0004287-0.0000045
  15 h     dx  0.0030211 0.0002605-0.0001661 0.0009333 0.0022828 0.0003776
           dy  0.0002699 0.0034910-0.0004908-0.0017311 0.0005752 0.0007091
           dz -0.0017792-0.0001780-0.0002444 0.0004828-0.0000883-0.0002202
  16 h     dx -0.0256191-0.0322059 0.0155133-0.0001235-0.0002318-0.0000135
           dy -0.0048463 0.0003808-0.0001134-0.0001603 0.0003460 0.0000739
           dz -0.0038045-0.0083566 0.0068362 0.0000775 0.0000098-0.0000225
  17 h     dx -0.0227573-0.0057953-0.0400507 0.0000148-0.0000783 0.0000053
           dy -0.0032368 0.0031225-0.0027494-0.0000064 0.0000906-0.0000441
           dz -0.0127584-0.0024083-0.0029061-0.0000844 0.0001331 0.0000111
  18 h     dx -0.1043114-0.1206293 0.0647245-0.0001106-0.0000340-0.0000217
           dy -0.1591474-0.3076891 0.1955932 0.0000293-0.0000717-0.0000023
           dz  0.0968328 0.2079839-0.1395663 0.0000178 0.0000143 0.0000299

   ATOM              9 h                          10 h 
                  dx        dy        dz        dx        dy        dz
   9 h     dx  0.2346397
           dy -0.0070840 0.0534444
           dz  0.1316213 0.0025856 0.1546768
  10 h     dx  0.0004686-0.0000079 0.0028783 0.2083664
           dy -0.0010521 0.0007118 0.0016419 0.0112153 0.0601080
           dz  0.0023234 0.0009400-0.0053553 0.1271893 0.0039990 0.1593221
  11 h     dx  0.0010461-0.0002480 0.0000777-0.0173251 0.0157389 0.0063123
           dy -0.0000352 0.0001297-0.0003732 0.0020907 0.0020457 0.0003119
           dz -0.0006397-0.0006624 0.0012939-0.0155717 0.0136433 0.0064799
  12 h     dx -0.0002309 0.0004794-0.0003792-0.0009566-0.0018669-0.0006011
           dy -0.0000267-0.0002267 0.0004589 0.0003318 0.0005828-0.0002157
           dz -0.0001372 0.0000340-0.0002972 0.0009651-0.0001797-0.0000824
  13 h     dx -0.0000887 0.0001642 0.0005949 0.0001756 0.0000184-0.0000217
           dy -0.0005997 0.0017675 0.0005263-0.0000610-0.0001422-0.0000090
           dz  0.0002371 0.0006705 0.0019092-0.0002657 0.0000308 0.0004807
  14 h     dx  0.0002797 0.0000165 0.0001946-0.0005279 0.0002091 0.0009977
           dy -0.0000881-0.0001285-0.0000571 0.0001677 0.0001728-0.0002874
           dz -0.0000461 0.0001819 0.0000994 0.0011315-0.0000491 0.0004242
  15 h     dx  0.0002832 0.0002091-0.0001545 0.0001361 0.0000305 0.0000975
           dy -0.0000386 0.0003055-0.0000005 0.0000370-0.0000152 0.0000908
           dz  0.0000520-0.0002170-0.0000621 0.0001464 0.0001498 0.0001278
  16 h     dx  0.0000176-0.0000450-0.0000123-0.0000101-0.0000039-0.0000082
           dy  0.0000769 0.0000441-0.0000184 0.0000317-0.0000191 0.0000106
           dz -0.0000120 0.0000661-0.0000028-0.0000129-0.0000301-0.0000440
  17 h     dx -0.0000203-0.0000397-0.0000300-0.0000491-0.0000172-0.0001512
           dy  0.0000788 0.0000145 0.0000240 0.0000784 0.0000105 0.0001835
           dz  0.0001501-0.0000729-0.0000359 0.0000727 0.0000300 0.0001162
  18 h     dx  0.0001112-0.0000668-0.0000191 0.0000049 0.0000219 0.0000419
           dy  0.0000112-0.0000490-0.0000171-0.0000176 0.0000015-0.0000276
           dz -0.0000759 0.0000227 0.0000044-0.0000226-0.0000031-0.0000436

   ATOM             11 h                          12 h 
                  dx        dy        dz        dx        dy        dz
  11 h     dx  0.1847695
           dy -0.1259159 0.1879278
           dz -0.0527283 0.0516198 0.0721757
  12 h     dx -0.0003219-0.0020321 0.0005824 0.1647930
           dy -0.0043782-0.0052785 0.0000874-0.1440147 0.2397073
           dz -0.0001073 0.0031950-0.0003259-0.1478179 0.1641475 0.1570509
  13 h     dx -0.0005948-0.0002858 0.0014222 0.0009135 0.0002336-0.0000961
           dy  0.0000500 0.0003666-0.0008193 0.0017071 0.0004962-0.0000870
           dz  0.0002746 0.0003990-0.0007887-0.0005636-0.0001219-0.0001697
  14 h     dx  0.0002978 0.0000166 0.0001341-0.0000662-0.0000681-0.0004409
           dy -0.0000387-0.0000424 0.0000406-0.0002463 0.0000101-0.0001574
           dz  0.0000928-0.0000380 0.0003563 0.0001293 0.0000223-0.0003452
  15 h     dx -0.0000651 0.0000282 0.0001797 0.0006145 0.0003833-0.0012163
           dy -0.0000385 0.0000345 0.0000139 0.0004013 0.0000464-0.0004275
           dz  0.0001168-0.0000050 0.0001361-0.0000808 0.0000342-0.0001823
  16 h     dx -0.0000003-0.0000069 0.0000001-0.0001247 0.0000764 0.0000076
           dy -0.0000067 0.0000379-0.0000030 0.0002154-0.0001129 0.0000782
           dz -0.0000269-0.0000105-0.0000048 0.0000480 0.0000637 0.0001028
  17 h     dx -0.0000736-0.0000078-0.0000408 0.0000402 0.0000128 0.0000578
           dy  0.0000628 0.0000042 0.0000823 0.0000398-0.0000506-0.0000060
           dz  0.0000096-0.0000274 0.0000826-0.0000798-0.0000167-0.0001360
  18 h     dx  0.0000617 0.0000003-0.0000356-0.0001126-0.0001237 0.0001522
           dy -0.0000042 0.0000051-0.0000139 0.0000277 0.0000256-0.0000130
           dz -0.0000189 0.0000003 0.0000000 0.0000620 0.0000485-0.0000382

   ATOM             13 h                          14 h 
                  dx        dy        dz        dx        dy        dz
  13 h     dx  0.0706328
           dy -0.0115146 0.0353168
           dz  0.0408911 0.0559822 0.4302901
  14 h     dx -0.0065989 0.0005935-0.0022246 0.0607385
           dy -0.0004341 0.0003776-0.0006135 0.0024172 0.0538948
           dz -0.0009823 0.0003901 0.0013766 0.0196684 0.0202537 0.3302297
  15 h     dx  0.0008346 0.0006576 0.0007649 0.0017524 0.0001977 0.0008032
           dy -0.0005559 0.0003173-0.0003235 0.0007483 0.0008505 0.0003466
           dz  0.0001020-0.0010928 0.0012537 0.0116720 0.0275116-0.0133340
  16 h     dx  0.0000063 0.0002101-0.0000311 0.0006095-0.0007988-0.0000830
           dy -0.0000310-0.0002719 0.0000147-0.0006065 0.0013296-0.0001594
           dz  0.0002843 0.0002590-0.0001357-0.0007954-0.0000201 0.0011223
  17 h     dx -0.0003186 0.0001781-0.0005561-0.0018963 0.0031799 0.0006382
           dy  0.0007664 0.0002025 0.0006192 0.0030172-0.0036653-0.0017164
           dz  0.0013298-0.0008390 0.0001263 0.0007156-0.0020381 0.0010007
  18 h     dx -0.0001368-0.0002001-0.0000427 0.0000420 0.0002187-0.0001119
           dy -0.0001482 0.0001264-0.0000407 0.0000798-0.0002345-0.0000536
           dz -0.0001709 0.0000189-0.0000080 0.0003152 0.0001099-0.0002991

   ATOM             15 h                          16 h 
                  dx        dy        dz        dx        dy        dz
  15 h     dx  0.0951243
           dy  0.0780341 0.2227064
           dz -0.0372336-0.0835270 0.0921909
  16 h     dx -0.0020729 0.0027102 0.0009919 0.0915765
           dy  0.0029897-0.0032414-0.0019364 0.0758610 0.2452586
           dz  0.0008130-0.0024901 0.0006684-0.0417299-0.1093818 0.1148492
  17 h     dx  0.0006261-0.0001821-0.0006781 0.0031166 0.0019007 0.0092655
           dy -0.0009535 0.0012806 0.0004417 0.0021453 0.0045747 0.0258345
           dz -0.0000914-0.0004499 0.0009627-0.0000688-0.0016978-0.0151922
  18 h     dx -0.0000853 0.0016918-0.0001974-0.0064726 0.0006171-0.0026599
           dy -0.0007000-0.0005702 0.0009022-0.0012796 0.0014106-0.0017550
           dz  0.0003218-0.0001069 0.0002402-0.0020741-0.0008777 0.0008206

   ATOM             17 h                          18 h 
                  dx        dy        dz        dx        dy        dz
  17 h     dx  0.0639017
           dy  0.0014245 0.0563789
           dz  0.0250636 0.0333913 0.3066198
  18 h     dx  0.0018643-0.0000756-0.0005898 0.1304842
           dy  0.0012528 0.0000797 0.0003956 0.1554891 0.3087636
           dz -0.0008495-0.0012447 0.0009690-0.0843188-0.1967989 0.1346463
 

   *** projected hessian written onto $hessian (projected), file=<hessian> ***

 dipole moment in principle axis system (a.u.) :    -0.4999504088    -1.3247311270     0.1291129948
 norm :   1.421806293    

 rotational constants b for rotations around axis of inertia
 and optical intensities for (1 <-- 0) transition

   b   :     0.2024128400     0.0340808422     0.0324691455   (cm**(-1))

   b   :  6068.1842825664  1021.7179452998   973.4004948926     (MHz)

   b   :     0.2499504113     1.7549125589     0.0166701654     (a.u.)

   x   :     0.9213907730    -0.0031839048     0.3886243768
   y   :    -0.2402162723     0.7814084391     0.5759314142
   z   :    -0.3055080785    -0.6240117900     0.7192176999

   ***  normal modes written onto $vibrational normal modes, file=<vib_normal_modes>  ***

  Keyword $vibrational reduced masses missing in file <control>


   ***  vibrational spectroscopic data written onto$vibrational spectrum   
        file=<vibspectrum>  ***

          ---------------------------------------------------
          NORMAL MODES and VIBRATIONAL FREQUENCIES (cm**(-1))
          ---------------------------------------------------

 imaginary wave numbers indicate a negative curvature of the energy surface.
 zero frequency modes have no physical meaning except being generators of
 translations and rotations. each vibrational normal mode - given in terms of
 cartesian displacement vectors of all atoms - has been normalized to unity.
 to obtain mass-weigthed normal coordinates in a.u. divide the tabulated
 modes by sqrt(reduced mass * 1822.88853).
 band intensities or cross sections refer to independent non-degenerate normal
 modes, that is, the intensities of degenerate modes have yet to be added.
 dDIP/dQ is the normal mode derivative of the dipole moment.


       mode               1        2        3        4        5        6

     frequency           0.00     0.00     0.00     0.00     0.00     0.00

     symmetry                                                             

        IR                -        -        -        -        -        - 
|dDIP/dQ|   (a.u.)     0.0000   0.0000   0.0000   0.0000   0.0000   0.0000
intensity (km/mol)       0.00     0.00     0.00     0.00     0.00     0.00
intensity (  %   )       0.00     0.00     0.00     0.00     0.00     0.00
 
       RAMAN              -        -        -        -        -        - 
 
  1   c           x   0.02562  0.13163  0.17404  0.13696 -0.05051 -0.05004
                  y   0.01039  0.12760  0.18059 -0.19577 -0.01236 -0.04819
                  z   0.04054  0.06045  0.09817 -0.00808  0.28952 -0.06154
  2   c           x  -0.03562  0.11555  0.15852  0.15471  0.00580  0.09821
                  y  -0.19221 -0.01127  0.16982 -0.14721 -0.12880  0.04609
                  z  -0.01787  0.02889  0.09106  0.00693  0.28590  0.00483
  3   o           x  -0.10060  0.12429  0.02609  0.17871  0.01634  0.13775
                  y  -0.17715 -0.02548  0.23168 -0.15473 -0.13997  0.03856
                  z  -0.23894 -0.09906  0.04355  0.06321  0.20889  0.16054
  4   n           x  -0.01121  0.14605  0.05640  0.15245 -0.06260 -0.07083
                  y   0.04092  0.17849  0.10765 -0.19831  0.02939 -0.06176
                  z  -0.10000 -0.03041  0.04496  0.02713  0.16973 -0.06936
  5   c           x  -0.01619  0.14034  0.07495  0.15301 -0.04963 -0.03869
                  y  -0.08405  0.15570 -0.05542 -0.15833  0.00835 -0.00228
                  z  -0.02967  0.00131  0.03832  0.00868  0.12727 -0.21989
  6   c           x  -0.05970  0.15573 -0.05665  0.17099 -0.06079 -0.05578
                  y  -0.05089  0.20548 -0.12097 -0.16197  0.04927 -0.01714
                  z  -0.19367 -0.10308 -0.01982  0.04985 -0.00035 -0.21068
  7   o           x  -0.06592  0.15060 -0.04249  0.17209 -0.04839 -0.02475
                  y  -0.17115  0.18441 -0.28004 -0.12336  0.02971  0.04012
                  z  -0.13065 -0.07553 -0.02786  0.03327 -0.04485 -0.35531
  8   h           x   0.07563  0.12452  0.27767  0.11841 -0.05789 -0.07872
                  y  -0.00447  0.13655  0.13219 -0.18915 -0.00545 -0.04087
                  z   0.21292  0.16027  0.13535 -0.05196  0.34997 -0.18236
  9   h           x   0.04851  0.13977  0.17025  0.13075 -0.07563 -0.11518
                  y   0.15582  0.18229  0.30026 -0.23780  0.03488 -0.11682
                  z   0.01414  0.05115  0.10696 -0.00100  0.32484  0.02419
 10   h           x  -0.05576  0.10610  0.17213  0.15972  0.03227  0.16597
                  y  -0.34363 -0.07070  0.05139 -0.10385 -0.18000  0.11750
                  z   0.02158  0.04625  0.08629 -0.00345  0.25888 -0.08443
 11   h           x  -0.00902  0.10579  0.24050  0.14366  0.01328  0.11022
                  y  -0.20377 -0.04537  0.23435 -0.14861 -0.15660  0.05092
                  z   0.07635  0.09087  0.12932 -0.01661  0.37417  0.02208
 12   h           x  -0.11130  0.13593 -0.04159  0.18470 -0.00139  0.09769
                  y  -0.11737  0.03028  0.19806 -0.16670 -0.09366  0.01106
                  z  -0.31497 -0.14867  0.01365  0.08223  0.14068  0.15118
 13   h           x   0.01683  0.15974  0.03505  0.14558 -0.10047 -0.16762
                  y   0.20346  0.27260  0.15936 -0.24002  0.10883 -0.13777
                  z  -0.12151 -0.04263  0.04090  0.03262  0.16395 -0.05163
 14   h           x  -0.04857  0.12582  0.09379  0.16120 -0.00836  0.06718
                  y  -0.25966  0.05360 -0.11022 -0.11333 -0.07782  0.07983
                  z  -0.01321  0.01053  0.04113  0.00446  0.13074 -0.23491
 15   h           x   0.04285  0.13857  0.16754  0.13244 -0.07096 -0.10276
                  y  -0.03827  0.19971 -0.08442 -0.16729  0.04487 -0.02332
                  z   0.13004  0.09379  0.07277 -0.03198  0.18328 -0.33182
 16   h           x  -0.12023  0.15645 -0.14665  0.19186 -0.03681  0.01493
                  y  -0.11182  0.15536 -0.10342 -0.14870  0.00750  0.01104
                  z  -0.34775 -0.19279 -0.05421  0.08905 -0.05797 -0.10810
 17   h           x  -0.03047  0.17071 -0.08207  0.16397 -0.10159 -0.15985
                  y   0.12621  0.30694 -0.06196 -0.20759  0.13495 -0.09998
                  z  -0.22143 -0.11877 -0.02488  0.05694 -0.00723 -0.18692
 18   h           x  -0.01357  0.15079  0.03172  0.15420 -0.07066 -0.08959
                  y  -0.11468  0.23247 -0.30031 -0.13540  0.06972  0.01404
                  z   0.00000  0.00000  0.00000  0.00000  0.00000 -0.44833

reduced mass(g/mol)     4.421    4.934    5.080    5.720    4.783    5.103


       mode               7        8        9       10       11       12

     frequency          58.75    67.20   116.66   165.59   211.89   289.54

     symmetry            a        a        a        a        a        a   

        IR               YES      YES      YES      YES      YES      YES
|dDIP/dQ|   (a.u.)     0.0012   0.0011   0.0009   0.0012   0.0014   0.0083
intensity (km/mol)       2.67     2.32     1.42     2.51     3.26   122.34
intensity (  %   )       2.18     1.89     1.16     2.05     2.67   100.00
 
       RAMAN             YES      YES      YES      YES      YES      YES
 
  1   c           x   0.07739  0.02719  0.01629  0.04332  0.09421  0.00003
                  y  -0.07127  0.02590 -0.05455  0.03091  0.08074 -0.00058
                  z   0.03659  0.05711  0.03879 -0.00864  0.08461 -0.00024
  2   c           x  -0.09003 -0.00067  0.13186  0.16835 -0.06986  0.02689
                  y   0.04225 -0.04936 -0.07155 -0.03238  0.07159  0.00362
                  z  -0.00079  0.03360  0.06862  0.01533  0.03586  0.00480
  3   o           x  -0.33474 -0.06653 -0.16343  0.02085  0.09242  0.01354
                  y   0.15985 -0.02493  0.07064  0.03710 -0.01243  0.00828
                  z  -0.02444 -0.06634  0.05867 -0.03733 -0.10440 -0.03185
  4   n           x   0.05297  0.01606 -0.02264 -0.06977 -0.09489 -0.02956
                  y  -0.14933  0.03225 -0.04347 -0.00969 -0.10528 -0.03527
                  z   0.16510  0.01619 -0.07022 -0.12830  0.12007  0.02018
  5   c           x   0.05838  0.04283  0.00449 -0.11196 -0.03862 -0.02996
                  y  -0.11386  0.07779  0.03365 -0.15343 -0.09036 -0.00502
                  z   0.13360 -0.10759 -0.19936  0.07847 -0.11584  0.02927
  6   c           x   0.11726 -0.02468  0.05806 -0.02809  0.01979  0.00512
                  y  -0.00191 -0.06598  0.04088 -0.09201 -0.05626  0.03592
                  z  -0.05929  0.15080 -0.11286  0.08949 -0.07831 -0.01950
  7   o           x   0.14891  0.02001 -0.00547 -0.02140 -0.02263 -0.00776
                  y   0.10205  0.02072  0.01618  0.16911  0.08497  0.03324
                  z  -0.22275 -0.05622  0.17016 -0.01016  0.06623  0.04973
  8   h           x   0.15848  0.04667  0.02330  0.11698  0.32849  0.02946
                  y  -0.11082  0.01812 -0.05767 -0.00176 -0.03529 -0.01709
                  z   0.03230  0.11323  0.02340  0.01143  0.15427 -0.02499
  9   h           x   0.13897  0.03514 -0.04516 -0.01326  0.15151 -0.01215
                  y  -0.03281  0.08064 -0.01947  0.13342  0.30443  0.00958
                  z  -0.04571  0.04807  0.12257  0.07149  0.01573  0.01645
 10   h           x  -0.13603 -0.00260  0.23071  0.24995 -0.17276  0.04312
                  y  -0.09557 -0.14352 -0.31893 -0.20171  0.16226 -0.02965
                  z   0.06881  0.04589 -0.02750 -0.06834  0.15402 -0.01202
 11   h           x   0.01630  0.03219  0.33703  0.29746 -0.20046  0.04512
                  y   0.17618 -0.03712  0.06753  0.03250 -0.01269  0.00774
                  z  -0.07846  0.08279  0.21930  0.16679 -0.06924  0.03836
 12   h           x  -0.32703 -0.04588 -0.27262 -0.14085  0.20414 -0.00135
                  y   0.01236 -0.02663 -0.07852  0.02750  0.14344  0.03314
                  z   0.14767 -0.04379  0.12042 -0.18567 -0.17538 -0.07588
 13   h           x   0.05890 -0.06565 -0.11693  0.03835 -0.25860 -0.01907
                  y  -0.24088 -0.01240 -0.01758  0.20540 -0.25147 -0.03270
                  z   0.17450  0.02966 -0.06518 -0.16454  0.15219  0.01796
 14   h           x   0.10197  0.10421  0.07345 -0.26442  0.11115 -0.03411
                  y  -0.22794  0.35194  0.12105 -0.25384  0.01349 -0.07042
                  z   0.14003 -0.13431 -0.21217  0.09721 -0.13484  0.03424
 15   h           x  -0.01540  0.04715 -0.06918 -0.00842 -0.13290 -0.06222
                  y  -0.03905 -0.04422  0.02384 -0.12478 -0.11118  0.03242
                  z   0.21391 -0.36271 -0.29793  0.24267 -0.25955  0.08952
 16   h           x   0.26812  0.02923 -0.05291  0.15474  0.05252 -0.01561
                  y  -0.08444  0.08646  0.03278 -0.12155 -0.08411  0.00885
                  z  -0.09721  0.46436 -0.20856  0.17030 -0.10348 -0.08132
 17   h           x  -0.00028 -0.16510  0.27014 -0.08151  0.13592  0.05035
                  y   0.08475 -0.38828  0.07707 -0.17574 -0.06494  0.08216
                  z  -0.05788  0.21210 -0.14207  0.10755 -0.09060 -0.02764
 18   h           x   0.00722 -0.03238  0.10697 -0.22420 -0.07403  0.27060
                  y   0.20170 -0.12748  0.01057  0.28430  0.17962 -0.59738
                  z  -0.18062 -0.33076  0.25184  0.00657  0.17243 -0.70970

reduced mass(g/mol)     5.805    1.839    3.066    2.784    2.665    1.161


       mode              13       14       15       16       17       18

     frequency         299.52   412.59   443.60   501.82   553.03   765.79

     symmetry            a        a        a        a        a        a   

        IR               YES      YES      YES      YES      YES      YES
|dDIP/dQ|   (a.u.)     0.0019   0.0016   0.0034   0.0065   0.0035   0.0055
intensity (km/mol)       6.41     4.41    20.66    74.43    22.08    54.39
intensity (  %   )       5.24     3.61    16.89    60.84    18.05    44.46
 
       RAMAN             YES      YES      YES      YES      YES      YES
 
  1   c           x  -0.01810 -0.21642 -0.07006 -0.01821 -0.03541  0.05517
                  y  -0.04808  0.04711 -0.01042  0.05029  0.15927 -0.02078
                  z  -0.04299  0.02749 -0.01343 -0.00988 -0.11468 -0.01365
  2   c           x   0.16060 -0.00808  0.01755  0.02032  0.00718  0.01604
                  y  -0.01796  0.05303  0.00017 -0.01474 -0.07216 -0.00494
                  z  -0.00639  0.08515  0.00425 -0.00966 -0.13419  0.04250
  3   o           x   0.04055  0.02662 -0.01383 -0.01901 -0.01500 -0.01246
                  y   0.03356  0.02892  0.00787  0.00513 -0.06697 -0.01069
                  z  -0.15491 -0.07557 -0.04809 -0.04581  0.11027  0.00401
  4   n           x  -0.00829 -0.10295  0.12658 -0.05149 -0.04190  0.03169
                  y  -0.10674  0.06566  0.12621  0.01361  0.05816  0.09304
                  z   0.15829  0.02928  0.09880 -0.00471  0.11035 -0.04220
  5   c           x  -0.01874 -0.01790  0.12581 -0.04430  0.00498 -0.05211
                  y   0.10270 -0.05002 -0.08233 -0.00921 -0.01438 -0.00249
                  z   0.07125 -0.02126 -0.01223  0.00523  0.01793 -0.03088
  6   c           x  -0.07948  0.13057 -0.05367  0.02294  0.01912  0.00148
                  y   0.10551 -0.06509 -0.14104  0.00344 -0.02811  0.02367
                  z   0.03426 -0.00101 -0.09322  0.01297 -0.01267  0.00949
  7   o           x  -0.06565  0.17199 -0.13053  0.04347  0.02533  0.01080
                  y  -0.04630 -0.06653  0.12719 -0.02166  0.00020 -0.00979
                  z  -0.04019 -0.00954  0.05560 -0.00632  0.00482 -0.00208
  8   h           x  -0.05548 -0.42717 -0.36392  0.03121  0.11888 -0.02327
                  y  -0.04429  0.13203  0.12487  0.02977  0.09789  0.01703
                  z  -0.25045 -0.21204 -0.18956  0.01888  0.14612 -0.06697
  9   h           x  -0.08422 -0.32248 -0.11049 -0.02258  0.11365 -0.01096
                  y  -0.20758 -0.26133 -0.37801  0.10290  0.37836 -0.06136
                  z   0.04244  0.15881  0.02860  0.00161 -0.30940  0.07628
 10   h           x   0.27831  0.08533  0.06402  0.05183  0.23507 -0.08516
                  y  -0.21547 -0.03149 -0.04857 -0.05891 -0.19469  0.02828
                  z  -0.12932 -0.01946 -0.04684 -0.04233 -0.39764  0.15691
 11   h           x   0.28789  0.02833  0.03781  0.03043  0.15424 -0.03856
                  y   0.01830  0.02111 -0.01648 -0.04842 -0.06534  0.00259
                  z   0.20468  0.25617  0.08743  0.08369  0.19903 -0.10463
 12   h           x   0.06023 -0.08933  0.20470  0.53537 -0.28577 -0.03798
                  y   0.05192  0.20574 -0.06690 -0.23222 -0.07857  0.02424
                  z  -0.16012 -0.39170  0.25279  0.76967 -0.14574 -0.06332
 13   h           x  -0.02180 -0.14773  0.04438 -0.07672 -0.09650 -0.34325
                  y  -0.36213  0.05410 -0.11590 -0.04915 -0.33261 -0.78505
                  z   0.18871  0.03492  0.14025  0.00608  0.16519  0.11266
 14   h           x   0.06388 -0.00216  0.29888 -0.06969  0.11446 -0.20586
                  y   0.18342 -0.04063 -0.16626 -0.01564  0.01656 -0.20519
                  z   0.05792 -0.02423 -0.01888  0.00911  0.00616  0.00273
 15   h           x  -0.14897 -0.00616  0.29780 -0.03670  0.00730  0.05071
                  y   0.11197 -0.06352 -0.16061  0.00192 -0.04905  0.07870
                  z  -0.04634 -0.02989 -0.01362  0.03554 -0.05473  0.23223
 16   h           x  -0.13893  0.18412 -0.01441  0.04317  0.04589  0.00278
                  y   0.11836 -0.08241 -0.16463 -0.01160 -0.05419  0.06412
                  z   0.01357  0.00544 -0.10445  0.00134 -0.03967  0.08571
 17   h           x  -0.14856  0.16629  0.01808  0.02543  0.04372  0.00268
                  y   0.16025 -0.08428 -0.13392  0.00957  0.00413 -0.06878
                  z   0.03157  0.00052 -0.10236  0.01289 -0.01932  0.02086
 18   h           x  -0.10631  0.14163 -0.17841  0.04493  0.01674  0.02967
                  y   0.17678  0.01369  0.01262 -0.00995 -0.00263 -0.00831
                  z   0.27569  0.08856 -0.15968  0.01227 -0.00727  0.01457

reduced mass(g/mol)     2.723    2.763    2.790    1.189    2.210    1.275


       mode              19       20       21       22       23       24

     frequency         814.28   867.47   891.05  1014.74  1026.04  1064.29

     symmetry            a        a        a        a        a        a   

        IR               YES      YES      YES      YES      YES      YES
|dDIP/dQ|   (a.u.)     0.0021   0.0026   0.0034   0.0020   0.0040   0.0072
intensity (km/mol)       7.58    11.93    21.08     7.33    28.74    92.55
intensity (  %   )       6.20     9.75    17.23     5.99    23.49    75.65
 
       RAMAN             YES      YES      YES      YES      YES      YES
 
  1   c           x  -0.03559  0.05686 -0.12691 -0.10183 -0.02781  0.00779
                  y   0.00223 -0.07070 -0.15671  0.11241 -0.02769  0.05013
                  z   0.00619  0.10926  0.10373  0.02890 -0.06388  0.09068
  2   c           x  -0.02060  0.10971 -0.05686  0.09447  0.05787 -0.01141
                  y   0.00780 -0.07155 -0.04572 -0.07111 -0.00276  0.06175
                  z  -0.00597 -0.19747 -0.05633 -0.02816  0.05359 -0.08362
  3   o           x   0.00802  0.01545  0.06871 -0.00003 -0.01502 -0.01081
                  y   0.00735  0.03410  0.11659  0.03339 -0.00994 -0.04410
                  z  -0.00319 -0.00236 -0.03276 -0.00622 -0.00723  0.01016
  4   n           x  -0.00147 -0.06990  0.02957 -0.07306 -0.04951  0.01614
                  y  -0.04268  0.10430  0.03583 -0.09759 -0.01434 -0.06469
                  z   0.02009  0.11576 -0.03934 -0.06062 -0.00719  0.00255
  5   c           x   0.03924 -0.09613  0.02424  0.18854  0.02065  0.06556
                  y   0.03443  0.00549  0.01024 -0.01645  0.22537 -0.05380
                  z  -0.04246 -0.01584  0.00746  0.02664  0.07074 -0.11577
  6   c           x   0.01251 -0.00439 -0.00194  0.05438 -0.09057 -0.17854
                  y   0.02055 -0.01493 -0.01609  0.04210 -0.21438  0.05605
                  z  -0.06469 -0.03512  0.02083  0.04004 -0.08437  0.08666
  7   o           x  -0.01593  0.03768 -0.00003 -0.07155  0.12281  0.13463
                  y  -0.00363 -0.00699  0.00307  0.00188  0.01916  0.00375
                  z   0.01181  0.00856 -0.00244 -0.01665  0.04562  0.02026
  8   h           x   0.04643 -0.18955  0.09335 -0.08463  0.21063 -0.13811
                  y  -0.03693  0.06148 -0.22986  0.09611 -0.14134  0.10530
                  z   0.06559  0.12865  0.66902  0.08287 -0.03749 -0.02940
  9   h           x   0.01679 -0.01501  0.06854 -0.30833 -0.10511 -0.00001
                  y   0.07475 -0.23492  0.31751  0.25980  0.26098 -0.15737
                  z  -0.06195  0.19613 -0.13953  0.30805  0.05092  0.09254
 10   h           x   0.06199 -0.10767  0.14830 -0.16299 -0.08375  0.07560
                  y  -0.02986  0.17341 -0.02005  0.23040  0.11465 -0.05256
                  z  -0.09897  0.03717 -0.28324  0.24781  0.20615 -0.18478
 11   h           x   0.02622 -0.01025  0.11496 -0.17112 -0.06595  0.07611
                  y   0.00660 -0.01136  0.07969 -0.17344 -0.03439  0.08295
                  z   0.10893 -0.63556  0.06089 -0.39432 -0.16473  0.06494
 12   h           x   0.03359 -0.22581  0.08571 -0.19781 -0.03304  0.01092
                  y   0.02183 -0.21717  0.11887 -0.18611 -0.02828 -0.01339
                  z   0.00594  0.05061 -0.01812  0.05025 -0.00447 -0.00149
 13   h           x   0.03040 -0.09582 -0.13352 -0.07534  0.09317 -0.21400
                  y   0.12132  0.29748 -0.24077 -0.25559 -0.09013  0.07416
                  z  -0.00644  0.09800  0.01951 -0.04833 -0.01399  0.00256
 14   h           x   0.06500  0.02720 -0.04569  0.13549  0.00628 -0.10034
                  y  -0.46237 -0.04927  0.04001 -0.06299  0.05220 -0.34770
                  z  -0.00236 -0.02030  0.01034  0.03502  0.08578 -0.07873
 15   h           x  -0.06650 -0.16335  0.13227  0.25003 -0.03370  0.22676
                  y   0.26886  0.04668 -0.03635 -0.04903  0.29942 -0.00689
                  z   0.36834 -0.00096  0.01281  0.05049  0.19274  0.17636
 16   h           x  -0.05655  0.03445 -0.00250 -0.00526 -0.25776 -0.46410
                  y   0.29365  0.03364 -0.07930  0.05505 -0.20476  0.05075
                  z   0.38039  0.08238 -0.09543  0.02044 -0.20148 -0.15126
 17   h           x  -0.02799  0.02729  0.01248 -0.02713  0.15381  0.03822
                  y  -0.49679 -0.16838  0.12464  0.10016 -0.08831  0.32909
                  z   0.01517 -0.01372 -0.00158  0.03795 -0.12095  0.03475
 18   h           x   0.06940  0.05951 -0.05063 -0.00849 -0.43259 -0.31137
                  y  -0.00174 -0.00379  0.01052 -0.01590  0.14472  0.11500
                  z   0.08351  0.02884 -0.03149  0.01171 -0.21706 -0.18105

reduced mass(g/mol)     1.167    2.392    2.022    2.244    2.735    2.310


       mode              25       26       27       28       29       30

     frequency        1073.71  1086.20  1141.94  1153.57  1189.25  1235.39

     symmetry            a        a        a        a        a        a   

        IR               YES      YES      YES      YES      YES      YES
|dDIP/dQ|   (a.u.)     0.0081   0.0027   0.0037   0.0029   0.0015   0.0041
intensity (km/mol)     117.14    12.74    24.89    14.90     4.26    30.51
intensity (  %   )      95.75    10.41    20.35    12.18     3.48    24.94
 
       RAMAN             YES      YES      YES      YES      YES      YES
 
  1   c           x   0.00896  0.03544  0.08136 -0.12161 -0.00474  0.03831
                  y   0.07449  0.07696 -0.13948 -0.01553 -0.03148 -0.02490
                  z  -0.08190  0.03294 -0.12943 -0.05250 -0.00215  0.07268
  2   c           x  -0.08188 -0.06521 -0.03250  0.12956  0.02506 -0.01237
                  y  -0.25637 -0.08807 -0.06463  0.05214  0.02527  0.07219
                  z   0.09361 -0.02544  0.07415  0.08178  0.00874 -0.03978
  3   o           x   0.09258  0.04362  0.01880 -0.04123 -0.00036  0.00483
                  y   0.20663  0.07591  0.04265 -0.03729  0.00208 -0.00390
                  z  -0.01372  0.00454 -0.00356 -0.02980 -0.01572 -0.01758
  4   n           x   0.05801  0.05679 -0.20873  0.11096 -0.01413 -0.01394
                  y  -0.01874 -0.05617  0.13295  0.02449 -0.00333  0.02095
                  z   0.00533  0.02608  0.04266  0.05583  0.04048 -0.06422
  5   c           x  -0.05397 -0.05516  0.13390 -0.10399  0.01985  0.01423
                  y  -0.07254  0.07982 -0.04939 -0.06980  0.04682 -0.02201
                  z  -0.00607 -0.06874 -0.02960 -0.07961 -0.04777  0.07851
  6   c           x  -0.17871  0.15622  0.04728  0.02262 -0.02254  0.02201
                  y   0.05044 -0.06810  0.05916  0.04985 -0.02402  0.00729
                  z  -0.05247  0.07899  0.10012  0.06771  0.00375 -0.03347
  7   o           x   0.12728 -0.09016 -0.02648 -0.00427 -0.00611  0.00307
                  y   0.01121 -0.01885 -0.01453 -0.01737  0.01239 -0.00601
                  z   0.03738 -0.03470 -0.02203 -0.01726 -0.00166  0.00867
  8   h           x  -0.09251 -0.15468  0.24557  0.12246  0.16854  0.06172
                  y   0.11704  0.15406 -0.21333 -0.11172 -0.12897 -0.04524
                  z  -0.05317 -0.08738 -0.23335  0.21880 -0.15613 -0.11901
  9   h           x   0.06690  0.06267  0.12969  0.06085  0.08451  0.00009
                  y  -0.09779 -0.22168 -0.01154  0.24032 -0.00056 -0.08757
                  z  -0.16756 -0.01665 -0.19917 -0.27571 -0.12026  0.12571
 10   h           x  -0.15986 -0.02682 -0.03689  0.06765  0.07077  0.15465
                  y  -0.01465 -0.10337 -0.09021  0.48718  0.20753  0.22544
                  z   0.20256 -0.05525  0.09270  0.10785 -0.06055 -0.24908
 11   h           x  -0.30391 -0.08141 -0.02626 -0.18471 -0.18336 -0.24367
                  y  -0.47128 -0.17362 -0.04358 -0.17673 -0.25138 -0.33874
                  z   0.13245  0.16079  0.03239 -0.11404  0.18247  0.40704
 12   h           x  -0.25721 -0.11627  0.03362 -0.14027 -0.20481 -0.27411
                  y  -0.16149 -0.08303  0.05227 -0.15791 -0.21731 -0.31564
                  z   0.07171  0.03398 -0.00224  0.01603  0.04341  0.07877
 13   h           x   0.23125 -0.04374 -0.22690  0.26331 -0.21595 -0.08771
                  y  -0.03966  0.07748  0.26321  0.08463  0.17496 -0.15264
                  z  -0.01144  0.01433  0.03251  0.03441  0.03683 -0.02830
 14   h           x   0.13247 -0.36492  0.35611  0.10492 -0.33943  0.21947
                  y  -0.02743 -0.05940 -0.25971 -0.18097 -0.01575  0.12818
                  z  -0.02788 -0.02667 -0.03024 -0.08398 -0.01633  0.05169
 15   h           x  -0.08458 -0.09704  0.06237 -0.15780  0.39749 -0.23623
                  y  -0.12501  0.24937  0.00887 -0.00976 -0.03641  0.00444
                  z  -0.14713  0.23383  0.05633 -0.03566  0.15214 -0.12494
 16   h           x  -0.11476 -0.08332 -0.24825 -0.16950  0.26053 -0.15868
                  y   0.11018 -0.12587  0.09500  0.06434 -0.16011  0.13341
                  z   0.09327 -0.19162 -0.05281 -0.04407 -0.03988  0.06431
 17   h           x  -0.21364  0.40445  0.27087  0.27632 -0.22253  0.06551
                  y  -0.06717  0.10657  0.17087  0.06057  0.09767 -0.10413
                  z  -0.02066  0.01337  0.06226  0.03606  0.00602 -0.01939
 18   h           x   0.14142 -0.39888 -0.27878 -0.18797  0.27308 -0.17367
                  y   0.01072  0.04710  0.05015  0.02897 -0.05068  0.03074
                  z   0.03628 -0.17373 -0.12670 -0.09557  0.13160 -0.08174

reduced mass(g/mol)     3.623    2.134    2.878    2.095    1.130    1.328


       mode              31       32       33       34       35       36

     frequency        1278.86  1306.89  1346.26  1367.34  1384.54  1393.80

     symmetry            a        a        a        a        a        a   

        IR               YES      YES      YES      YES      YES      YES
|dDIP/dQ|   (a.u.)     0.0030   0.0033   0.0006   0.0018   0.0051   0.0020
intensity (km/mol)      16.21    19.89     0.57     6.05    46.98     6.85
intensity (  %   )      13.25    16.26     0.47     4.95    38.40     5.60
 
       RAMAN             YES      YES      YES      YES      YES      YES
 
  1   c           x   0.03830  0.03214 -0.04127  0.00535  0.00618  0.07929
                  y   0.00780  0.00255 -0.00290  0.03397 -0.01230 -0.04422
                  z  -0.02369  0.00371 -0.00236  0.03237 -0.02563 -0.11970
  2   c           x   0.03996 -0.00694  0.00741 -0.01147  0.00281 -0.02039
                  y  -0.01005  0.00510  0.00274 -0.10618 -0.00127  0.02468
                  z   0.05469  0.00589 -0.01357  0.01686 -0.01108 -0.00003
  3   o           x  -0.02976 -0.00638  0.00750 -0.04874 -0.00774 -0.00743
                  y  -0.01046 -0.00120  0.00277  0.00724  0.00286  0.00121
                  z  -0.00931 -0.00231  0.00324  0.01577  0.00512  0.00161
  4   n           x  -0.05129 -0.01436  0.03905  0.01588  0.01312 -0.01282
                  y  -0.02410 -0.00414  0.02994  0.00934  0.01830  0.00500
                  z  -0.01604 -0.03067  0.01409 -0.00075  0.01501  0.04869
  5   c           x   0.06208 -0.00068  0.05240 -0.01115  0.05391 -0.00692
                  y  -0.00533  0.04991 -0.05811 -0.00350 -0.03526 -0.00776
                  z   0.02494 -0.03885 -0.03446 -0.00048 -0.00324 -0.03458
  6   c           x   0.01143 -0.04093  0.05175  0.01183 -0.02024  0.01861
                  y  -0.01242 -0.03771 -0.01846  0.00267 -0.07267  0.02186
                  z  -0.02972  0.07569 -0.01474 -0.00774  0.04008 -0.01428
  7   o           x   0.00333 -0.00814  0.00865  0.00215 -0.00823  0.00562
                  y   0.00252  0.00780 -0.00620 -0.00374  0.05116 -0.01401
                  z   0.01238 -0.01106  0.03549  0.00622 -0.04648  0.01645
  8   h           x  -0.40973 -0.11453  0.12721  0.25295  0.01259 -0.13516
                  y   0.26438  0.08619 -0.08812 -0.11808 -0.00718  0.09592
                  z   0.38247  0.11721 -0.13359 -0.28291  0.04472  0.47331
  9   h           x   0.31198 -0.00074 -0.05208 -0.09929 -0.12616 -0.40039
                  y  -0.23022 -0.06823  0.11177 -0.04967  0.07288  0.08439
                  z  -0.39673  0.04768  0.01216  0.17111  0.15554  0.53925
 10   h           x   0.13003  0.07693 -0.08769  0.30524  0.00567  0.06464
                  y   0.32018  0.09777 -0.13185  0.45363  0.01756  0.05759
                  z  -0.06846 -0.10042  0.10623 -0.40683 -0.01406 -0.09747
 11   h           x  -0.01924 -0.04792  0.00900 -0.04902 -0.05382 -0.11434
                  y  -0.02894 -0.05213  0.00944 -0.07596 -0.08574 -0.14583
                  z  -0.04482  0.04572 -0.02267 -0.18570  0.05657  0.19285
 12   h           x   0.08793  0.00421 -0.01942  0.30367  0.05148  0.02978
                  y   0.10128  0.00947 -0.02731  0.39787  0.06868  0.05537
                  z  -0.02758 -0.00422  0.01111 -0.11378 -0.01593 -0.02169
 13   h           x  -0.17010  0.09493 -0.13257 -0.01340 -0.01215  0.21458
                  y   0.00878 -0.09125  0.07917  0.02507  0.02740  0.03208
                  z  -0.01042 -0.03247  0.02637  0.00072  0.01783  0.01934
 14   h           x  -0.20089  0.49457 -0.15800 -0.00292 -0.24980 -0.18018
                  y   0.13621 -0.34902  0.06244  0.01526  0.10617 -0.01472
                  z   0.03314 -0.04390 -0.02730 -0.00275  0.01159 -0.02647
 15   h           x  -0.12639 -0.33126 -0.48939  0.02225 -0.31229  0.12462
                  y   0.06300  0.23418  0.24193 -0.01104  0.13285 -0.04839
                  z   0.00560  0.04863  0.04274  0.00400  0.01413  0.01367
 16   h           x  -0.06464  0.34577  0.01871 -0.00207 -0.52782  0.08529
                  y   0.05247 -0.31700  0.02133  0.02276  0.05312  0.02647
                  z   0.03038 -0.14068  0.02343  0.01576 -0.08252  0.03333
 17   h           x  -0.15053 -0.11233 -0.64835 -0.07337  0.20664 -0.14672
                  y  -0.00079  0.20902  0.24691  0.01535  0.02485  0.02996
                  z  -0.01321  0.04642  0.01997 -0.00076  0.00987 -0.00220
 18   h           x  -0.06461  0.21572 -0.20377 -0.06040  0.56853 -0.17645
                  y   0.01291 -0.04280  0.02707  0.00979 -0.07467  0.02561
                  z  -0.02878  0.10106 -0.09299 -0.02614  0.24861 -0.07810

reduced mass(g/mol)     1.209    1.181    1.201    1.210    1.228    1.335


       mode              37       38       39       40       41       42

     frequency        1422.98  1431.54  1485.45  1496.62  1507.29  1514.37

     symmetry            a        a        a        a        a        a   

        IR               YES      YES      YES      YES      YES      YES
|dDIP/dQ|   (a.u.)     0.0029   0.0057   0.0019   0.0019   0.0016   0.0006
intensity (km/mol)      14.82    58.04     6.48     6.75     4.63     0.70
intensity (  %   )      12.11    47.44     5.30     5.52     3.79     0.57
 
       RAMAN             YES      YES      YES      YES      YES      YES
 
  1   c           x   0.01798 -0.01237  0.03750 -0.00468  0.00273  0.00147
                  y   0.01039 -0.00728 -0.06821  0.01700  0.00450 -0.00221
                  z   0.00021  0.01619  0.02092 -0.06239 -0.04141 -0.00400
  2   c           x  -0.04087  0.07663 -0.00517 -0.01045 -0.00301 -0.00633
                  y  -0.00190  0.01790 -0.00752 -0.01256  0.01035 -0.04719
                  z   0.04799 -0.08553  0.00660  0.01580  0.02851 -0.05190
  3   o           x   0.02199 -0.03684 -0.00298  0.00476  0.00347 -0.00453
                  y  -0.00699  0.01271  0.00386 -0.00117  0.00164 -0.00560
                  z  -0.02011  0.03596 -0.00024 -0.00405 -0.00109 -0.00115
  4   n           x  -0.02026  0.00143  0.02055  0.07177  0.04324  0.00498
                  y  -0.00766 -0.00984 -0.01033 -0.02469 -0.02433  0.00250
                  z  -0.00321 -0.01300  0.00848 -0.00732 -0.00740  0.00188
  5   c           x  -0.07750 -0.05567 -0.01603 -0.01588 -0.04154  0.00459
                  y   0.04046  0.03368  0.01015  0.03660 -0.01876  0.02072
                  z  -0.00638  0.01145  0.00612  0.05743  0.00962  0.01312
  6   c           x   0.10155  0.04768  0.00501 -0.01387  0.01892  0.01951
                  y  -0.06896 -0.02785 -0.00260 -0.03122  0.03786  0.03285
                  z   0.00061 -0.00185 -0.00187 -0.01797  0.02255  0.01974
  7   o           x   0.00027  0.00076  0.00041 -0.00476  0.00521  0.00299
                  y   0.02202  0.00613 -0.00089 -0.00183  0.00312  0.00126
                  z  -0.00161  0.00071  0.00031 -0.00381 -0.00041  0.00167
  8   h           x  -0.01382 -0.00497 -0.52119  0.07243 -0.02693  0.00875
                  y   0.02415 -0.01628  0.20660 -0.01241  0.02725 -0.01149
                  z   0.02506  0.06875 -0.37504  0.14352  0.09063 -0.02932
  9   h           x   0.01650  0.08107  0.05978 -0.13172 -0.07521 -0.02224
                  y  -0.06472 -0.07623  0.70126 -0.04457  0.03216  0.02300
                  z   0.00011 -0.10669 -0.00855  0.10409  0.06230  0.02603
 10   h           x   0.09982 -0.18911  0.05307 -0.01504  0.08615 -0.25924
                  y   0.07622 -0.20683  0.02302  0.05602 -0.13491  0.45491
                  z  -0.12991  0.25083 -0.06561  0.02042 -0.07767  0.24689
 11   h           x   0.13178 -0.26681 -0.03721  0.07592 -0.10214  0.37123
                  y   0.24031 -0.45203 -0.04002  0.08997 -0.02049  0.16378
                  z  -0.12163  0.22336 -0.00756 -0.01059 -0.14763  0.40304
 12   h           x  -0.16696  0.29192  0.02972 -0.03462 -0.02034  0.01569
                  y  -0.23323  0.41539  0.04023 -0.04904 -0.01830  0.01496
                  z   0.06396 -0.11534 -0.00810  0.01280  0.00089 -0.00770
 13   h           x   0.15183 -0.07050 -0.08016 -0.66951 -0.45555 -0.04519
                  y  -0.06808  0.01880  0.06340  0.25575  0.17376  0.01407
                  z  -0.01580 -0.00913  0.00972  0.03258  0.01810  0.00593
 14   h           x   0.21408  0.20684  0.00369  0.05733  0.33085 -0.05692
                  y  -0.16927 -0.13827 -0.08730 -0.26191  0.27199 -0.18979
                  z  -0.01266  0.00395  0.00915  0.07121 -0.02779  0.02898
 15   h           x   0.27802  0.18007  0.01098 -0.09473  0.08964 -0.02815
                  y  -0.13884 -0.11244 -0.04999 -0.11212  0.06343 -0.06868
                  z  -0.03493 -0.05774 -0.07358 -0.29688  0.27570 -0.18477
 16   h           x  -0.49614 -0.19157 -0.00634  0.08857 -0.14692 -0.09446
                  y   0.19411  0.09058  0.02040  0.10838 -0.14674 -0.12007
                  z   0.04278  0.03723  0.03003  0.29174 -0.40007 -0.31832
 17   h           x  -0.42972 -0.17925 -0.00342  0.18586 -0.16524 -0.15628
                  y   0.25555  0.11768  0.03035  0.24755 -0.39449 -0.30116
                  z   0.00925  0.00216 -0.00420 -0.05853  0.08924  0.07121
 18   h           x   0.12903  0.02450 -0.00761  0.00279  0.01992 -0.00729
                  y  -0.00994  0.00131  0.00109 -0.00378  0.00431  0.00483
                  z   0.05761  0.01296 -0.00364  0.00096  0.01332 -0.00174

reduced mass(g/mol)     1.334    1.290    1.094    1.207    1.120    1.091


       mode              43       44       45       46       47       48

     frequency        1520.54  2902.83  2948.75  2968.72  2971.36  3062.13

     symmetry            a        a        a        a        a        a   

        IR               YES      YES      YES      YES      YES      YES
|dDIP/dQ|   (a.u.)     0.0016   0.0072   0.0061   0.0057   0.0061   0.0035
intensity (km/mol)       4.46    91.08    66.23    57.65    67.05    22.26
intensity (  %   )       3.65    74.44    54.14    47.12    54.81    18.19
 
       RAMAN             YES      YES      YES      YES      YES      YES
 
  1   c           x  -0.00646  0.00133 -0.02620  0.00050 -0.00023 -0.05615
                  y   0.00505  0.00227 -0.06810  0.00051 -0.01504 -0.01010
                  z   0.00716 -0.00122  0.01256  0.00029  0.00830 -0.03643
  2   c           x   0.00386  0.00036  0.00933  0.00060 -0.05157  0.03521
                  y   0.02852  0.00015  0.00301  0.00008 -0.00787 -0.03575
                  z   0.03177  0.00067  0.01294  0.00060 -0.05325 -0.01446
  3   o           x   0.00349  0.00012  0.00078  0.00004 -0.00115 -0.00084
                  y   0.00334 -0.00009  0.00082  0.00003 -0.00210  0.00021
                  z   0.00026 -0.00012 -0.00032 -0.00001  0.00090  0.00075
  4   n           x  -0.00363 -0.00284  0.00063  0.00034  0.00040 -0.00014
                  y   0.00760 -0.00106 -0.00217  0.00002 -0.00041 -0.00003
                  z   0.00107 -0.00075 -0.00035  0.00015 -0.00028  0.00116
  5   c           x   0.03238 -0.02823 -0.00099  0.00112 -0.00080  0.00052
                  y   0.04436 -0.06653 -0.00114  0.00432 -0.00083  0.00015
                  z   0.02800  0.02647  0.00126  0.00478  0.00527  0.00355
  6   c           x   0.01498 -0.00106 -0.00001 -0.00911  0.00017  0.00046
                  y   0.03214  0.00162  0.00020 -0.02040  0.00020  0.00103
                  z   0.01511 -0.00548 -0.00036 -0.07275 -0.00068 -0.00063
  7   o           x   0.00157  0.00057  0.00012 -0.00218  0.00004 -0.00002
                  y   0.00023  0.00025 -0.00009 -0.00033 -0.00003 -0.00001
                  z   0.00211  0.00002  0.00003 -0.00021 -0.00000 -0.00000
  8   h           x   0.04948 -0.02146  0.43248 -0.00335  0.10316  0.06323
                  y  -0.02036 -0.02376  0.84814 -0.00581  0.19356  0.13528
                  z   0.01032  0.00492 -0.04611  0.00033 -0.01590 -0.01779
  9   h           x   0.01768  0.00603 -0.13031  0.00071 -0.11269  0.61110
                  y  -0.05621  0.00291 -0.01109 -0.00063 -0.00043 -0.00992
                  z  -0.02492  0.00478 -0.08742 -0.00066 -0.07786  0.45395
 10   h           x   0.16114 -0.00660 -0.18157 -0.00878  0.73508  0.00239
                  y  -0.28302 -0.00070 -0.00759 -0.00029  0.03599 -0.00639
                  z  -0.15312 -0.00552 -0.14591 -0.00704  0.60268 -0.00840
 11   h           x  -0.22323  0.00209  0.05190  0.00043 -0.10002 -0.42308
                  y  -0.09266 -0.00236 -0.05149 -0.00036  0.08781  0.42546
                  z  -0.25732 -0.00069 -0.01100  0.00025  0.01808  0.16779
 12   h           x  -0.01494 -0.00031 -0.00230 -0.00041  0.00409  0.00896
                  y  -0.02135  0.00416  0.00838 -0.00020 -0.00589 -0.00301
                  z   0.01073  0.00062  0.00089 -0.00006 -0.00476 -0.00646
 13   h           x   0.05379 -0.00248  0.00093  0.00571  0.00155 -0.00429
                  y  -0.02916  0.00438 -0.00184 -0.00392 -0.00097  0.00111
                  z   0.00061  0.00098  0.00115  0.00106  0.00307 -0.01209
 14   h           x  -0.29565 -0.00129 -0.00093 -0.00819 -0.00363 -0.00251
                  y  -0.43701 -0.02010 -0.00217 -0.00456 -0.00522 -0.00338
                  z   0.07629  0.09508 -0.00993 -0.09094 -0.05870 -0.03980
 15   h           x  -0.11424  0.38146  0.02057 -0.01617  0.01050  0.00288
                  y  -0.15111  0.81773  0.02146 -0.03825  0.01651  0.00269
                  z  -0.46768 -0.40477 -0.01102  0.02168 -0.00605 -0.00093
 16   h           x  -0.05957 -0.01635 -0.00122  0.05303 -0.00191 -0.00546
                  y  -0.10804 -0.03279  0.00032  0.12183 -0.00327 -0.01270
                  z  -0.27641  0.01657  0.00032 -0.09251  0.00167  0.00744
 17   h           x  -0.11647  0.00865  0.00042  0.09285  0.00045  0.00008
                  y  -0.28056  0.00813  0.00064  0.12046  0.00170  0.00030
                  z   0.06026  0.05895  0.00440  0.96644  0.00855  0.00011
 18   h           x  -0.02120  0.00763  0.00009 -0.00464  0.00018  0.00006
                  y   0.00550 -0.00059  0.00052  0.00085  0.00009  0.00016
                  z  -0.00895 -0.00242 -0.00036  0.00212 -0.00023 -0.00019

reduced mass(g/mol)     1.089    1.074    1.071    1.072    1.073    1.089


       mode              49       50       51       52       53       54

     frequency        3066.05  3073.08  3093.48  3519.80  3708.32  3793.83

     symmetry            a        a        a        a        a        a   

        IR               YES      YES      YES      YES      YES      YES
|dDIP/dQ|   (a.u.)     0.0034   0.0054   0.0039   0.0008   0.0057   0.0036
intensity (km/mol)      20.48    51.03    27.44     1.26    58.03    22.84
intensity (  %   )      16.74    41.71    22.43     1.03    47.43    18.67
 
       RAMAN             YES      YES      YES      YES      YES      YES
 
  1   c           x  -0.00230 -0.04417 -0.00039  0.00118 -0.00004  0.00000
                  y   0.00212 -0.00414 -0.00059 -0.00161 -0.00088 -0.00008
                  z  -0.00229 -0.03031 -0.00000  0.00135  0.00013 -0.00003
  2   c           x  -0.00460 -0.05403 -0.00124 -0.00008 -0.00121  0.00001
                  y   0.00671  0.04154  0.00060  0.00018  0.00245  0.00001
                  z   0.00470  0.00850 -0.00040 -0.00033  0.00114 -0.00000
  3   o           x   0.00016  0.00144 -0.00002  0.00001 -0.03278 -0.00007
                  y   0.00012 -0.00001 -0.00001  0.00008  0.03966  0.00007
                  z  -0.00011 -0.00032  0.00007  0.00000  0.03397  0.00007
  4   n           x   0.00041  0.00031 -0.00021  0.00762  0.00021 -0.00012
                  y  -0.00043 -0.00036 -0.00001  0.01137  0.00005  0.00012
                  z  -0.00163  0.00071  0.00065  0.07015 -0.00022  0.00005
  5   c           x   0.00371  0.00008  0.00093 -0.00064 -0.00038 -0.00034
                  y   0.00161  0.00007  0.00317 -0.00096 -0.00007 -0.00051
                  z   0.08015 -0.00878 -0.02292  0.00259 -0.00022 -0.00001
  6   c           x   0.00739 -0.00101  0.02427  0.00002 -0.00009 -0.00020
                  y   0.01776 -0.00278  0.06389  0.00004 -0.00007  0.00233
                  z  -0.00552  0.00102 -0.05007 -0.00010  0.00005 -0.00176
  7   o           x  -0.00003 -0.00006  0.00040  0.00001  0.00001  0.02658
                  y  -0.00030  0.00008 -0.00146 -0.00000 -0.00009  0.04773
                  z  -0.00005 -0.00002  0.00129 -0.00004  0.00006 -0.03003
  8   h           x  -0.01046  0.02925  0.00341  0.00171 -0.00082  0.00017
                  y  -0.01998  0.06691  0.00407 -0.00366  0.00431  0.00044
                  z   0.00138 -0.00711 -0.00063 -0.00014  0.00184  0.00006
  9   h           x   0.03729  0.48993  0.00017 -0.01206 -0.00055 -0.00034
                  y  -0.00127 -0.00826  0.00023  0.00081  0.00090  0.00017
                  z   0.02671  0.36581  0.00068 -0.01076 -0.00094 -0.00004
 10   h           x  -0.02977  0.11677  0.00857  0.00037 -0.00719 -0.00003
                  y  -0.00055  0.01135  0.00053 -0.00008 -0.00335 -0.00004
                  z  -0.02111  0.11161  0.00695 -0.00077 -0.00279 -0.00006
 11   h           x   0.08109  0.51607  0.00664 -0.00001  0.01022 -0.00012
                  y  -0.08041 -0.51389 -0.00692 -0.00091 -0.01087  0.00003
                  z  -0.03307 -0.20855 -0.00242  0.00072 -0.00137  0.00008
 12   h           x  -0.00081 -0.01218 -0.00017  0.00062  0.53136  0.00115
                  y  -0.00130  0.00336 -0.00005 -0.00073 -0.64307 -0.00110
                  z   0.00080  0.00432 -0.00078 -0.00033 -0.54769 -0.00119
 13   h           x  -0.00448 -0.00337  0.00285 -0.10200  0.00094  0.00021
                  y   0.00136 -0.00026 -0.00019 -0.12717  0.00157 -0.00002
                  z   0.01797 -0.01204 -0.00523 -0.98370  0.00055  0.00019
 14   h           x  -0.06628  0.00851  0.01462 -0.00104  0.00069  0.00013
                  y  -0.06781  0.00714  0.01819 -0.00031 -0.00007  0.00024
                  z  -0.94540  0.10365  0.24220 -0.01806  0.00189  0.00010
 15   h           x   0.02252 -0.00298 -0.02229 -0.00114  0.00245  0.00227
                  y   0.05326 -0.00802 -0.05634  0.00238  0.00231  0.00075
                  z  -0.00911  0.00207  0.02254 -0.00255 -0.00060 -0.00160
 16   h           x  -0.08663  0.01313 -0.31035 -0.00003 -0.00007 -0.00356
                  y  -0.20986  0.03228 -0.78230  0.00023  0.00081 -0.01264
                  z   0.12018 -0.01848  0.44368  0.00011 -0.00044  0.00931
 17   h           x  -0.00155 -0.00006  0.01417  0.00152 -0.00003 -0.00355
                  y  -0.00415  0.00065  0.03192 -0.00187  0.00015 -0.00077
                  z  -0.04892  0.00605  0.14790 -0.00072  0.00021  0.00100
 18   h           x   0.00124 -0.00004 -0.00155  0.00009  0.00072 -0.40908
                  y   0.00359 -0.00092  0.01502 -0.00010  0.00159 -0.76812
                  z  -0.00218  0.00044 -0.01102  0.00015 -0.00096  0.48833

reduced mass(g/mol)     1.084    1.093    1.093    1.075    1.065    1.066
 

         **************************************************************
         *                                                            *
         *  zero point VIBRATIONAL energy  :      0.1594916  Hartree  *
         *    SCF-energy                   :   -364.1619862           *
         *    SCF + E(vib0)                :   -364.0024945           *
         *                                                            *
         **************************************************************




 time elapsed for vibrational analysis     0.79 sec


    ------------------------------------------------------------------------
         total  cpu-time : 32 minutes and 28 seconds
         total wall-time :  2 minutes and 38 seconds
    ------------------------------------------------------------------------

   ****  force : all done  ****


    2026-04-15 19:58:22.439 

aoforce ended normally 
