
   OpenMP run-time library returned nthreads = 16

 ridft (s02r2b15) : TURBOMOLE rev. V7-8-1 compiled 26 Feb 2024 at 17:12:58
 Copyright (C) 2024 TURBOMOLE GmbH, Karlsruhe


    2026-04-15 19:55:31.203 



                                  r i d f t

                        DFT program with RI approximation 
                                for coulomb part 





                                 References:     
                                                 
          TURBOMOLE:                             
              R. Ahlrichs, M. Baer, M. Haeser, H. Horn, and
              C. Koelmel
              Electronic structure calculations on workstation
              computers: the program system TURBOMOLE
              Chem. Phys. Lett. 162: 165 (1989)
          Density Functional:                              
              O. Treutler and R. Ahlrichs                      
              Efficient Molecular Numerical Integration Schemes
              J. Chem. Phys. 102: 346 (1995)                   
          Parallel Version:                                
              Performance of parallel TURBOMOLE for Density    
              Functional Calculations                          
              M. v. Arnim and R. Ahlrichs                      
              J. Comp. Chem. 19: 1746 (1998)                   
          RI-J Method:                                     
              Auxiliary Basis Sets to approximate Coulomb      
              Potentials                                       
              Chem. Phys. Lett. 240: 283 (1995)                
              K. Eichkorn, O. Treutler, H. Oehm, M. Haeser     
              and R. Ahlrichs                                  
              Chem. Phys. Lett. 242: 652 (1995)                
                                                           
              Auxiliary Basis Sets for Main Row Atoms and their
              Use to approximate Coulomb Potentials            
              K. Eichkorn, F. Weigend, O. Treutler and         
              R. Ahlrichs                                      
              Theo. Chem. Acc. 97: 119 (1997)                  
                                                           
              Accurate Coulomb-fitting basis sets for H to Rn 
              F. Weigend                                       
              Phys. Chem. Chem. Phys. 8: 1057 (2006)           
                                                           
          Multipole accelerated RI-J (MARI-J):             
              Fast evaluation of the Coulomb potential for     
              electron densities using multipole accelerated   
              resolution of identity approximation             
              M. Sierka, A. Hogekamp and R. Ahlrichs           
              J. Chem. Phys. 118: 9136 (2003)                  
          RI-JK Method:                                     
              A fully direct RI-HF algorithm: Implementation,
              optimised auxiliary basis sets, demonstration of
              accuracy and efficiency                         
              F. Weigend                                      
              Phys. Chem. Chem. Phys. 4: 4285 (2002)           
          Two-component HF and DFT with spin-orbit coupling:  
              Self-consistent treatment of spin-orbit         
              interactions with efficient Hartree-Fock and    
              density functional methods                      
              M. K. Armbruster, F. Weigend, C. van Wüllen and 
              W. Klopper                                      
              Phys. Chem. Chem. Phys. 10: 1748 (2008)         
          Two-component difference density and DIIS algorithm 
              Efficient two-component self-consistent field   
              procedures and gradients: implementation in     
              TURBOMOLE and application to Au20-              
              A. Baldes, F. Weigend                           
              Mol. Phys. 111: 2617 (2013)                     
          Relativistic current density functional theory      
              Current density functional framework for        
              spin-orbit coupling                             
              C. Holzer, Y. J. Franzke, A. Pausch             
              J. Chem. Phys. 157: 204102 (2022)               
          Relativistic all-electron 2c calculations           
              An efficient implementation of two-component    
              relativistic exact-decoupling methods for large 
              molecules                                       
              D. Peng, N. Middendorf, F. Weigend, M. Reiher   
              J. Chem. Phys. 138: 184105 (2013)               
          Finite nucleus model and SNSO approximation         
              Efficient implementation of one- and two-       
              component analytical energy gradients in exact  
              two-component theory                            
              Y. J. Franzke, N. Middendorf, F. Weigend        
              J. Chem. Phys. 148: 104110 (2018)               
          Grids for all-electron relativistic methods         
              Error-consistent segmented contracted all-      
              electron relativistic basis sets of double-     
              and triple-zeta quality for NMR shielding       
              constants                                       
              Y. J. Franzke, R. Tress, T. M. Pazdera,         
              F. Weigend                                      
              Phys. Chem. Chem. Phys. 21: 166658 (2019)       
          Seminumerical exchange algorithms                   
              Seminumerical calculation of the Hartree-Fock   
              exchange matirx: Application to two-component   
              procedures and efficient evaluation of local    
              hybrid functionsl                               
              P. Plessow, F. Weigend,                         
              J. Comput. Chem. 33: 810 (2012)                 
          Improved seminumerical algorithms                   
              C. Holzer,                                      
              J. Chem. Phys. 153 (2020), 184115               






          OpenMP Shared-Memory Parallelization: 16 CPUs.

            By: Christof Holzer and Yannick J. Franzke


              +--------------------------------------------------+
              |      general information about current run       |
              +--------------------------------------------------+

 
 Becke-3-Parameter hybrid functional: B3-LYP
 exchange:    0.8*LDA + 0.72*B88 + 0.2*HF
 correlation: 0.19*LDA(VWN) + 0.81*LYP
 A Hybrid-DFT calculation using the RI-J approximation will be carried out.
 Allocatable memory for RI due to $ricore (MB):                  5000


              +--------------------------------------------------+
              | Atomic coordinate, charge and isotop information |
              +--------------------------------------------------+

                    atomic coordinates            atom    charge  isotop
         -1.43729508    0.09785712    0.16198942    c      6.000     0
          1.37148711   -0.48786773   -0.17074296    c      6.000     0
          3.05027244    1.76333532    0.47545874    c      6.000     0
          5.83312396    1.22817622    0.15282534    c      6.000     0
          6.74992359   -0.72837953   -0.55534570    o      8.000     0
          7.25601667    3.26739727    0.76703905    o      8.000     0
         -3.10970796   -2.19082263   -0.48457239    c      6.000     0
         -5.86967349   -1.61283368   -0.08488637    c      6.000     0
         -7.05379513   -2.04804619    1.80786417    o      8.000     0
         -6.91511892   -0.45081001   -2.11726020    o      8.000     0
         -1.81023865    0.67155514    2.11343057    h      1.000     0
         -1.97158252    1.69214869   -1.04092895    h      1.000     0
          1.74041128   -1.07503844   -2.11656741    h      1.000     0
          1.89904616   -2.09268640    1.01808137    h      1.000     0
          2.59467339    3.40342586   -0.70072212    h      1.000     0
          2.75799173    2.38545495    2.42670184    h      1.000     0
          9.00953156    2.79333543    0.51448283    h      1.000     0
         -2.63235441   -3.77903738    0.73784591    h      1.000     0
         -2.80132440   -2.74743502   -2.44709824    h      1.000     0
         -8.66138543   -0.08972711   -1.68763087    h      1.000     0
 
       center of nuclear mass  :   -0.00838323   -0.08639037   -0.01473609
       center of nuclear charge:   -0.00704846   -0.07345698   -0.02132815

              +--------------------------------------------------+
              |               basis set information              |
              +--------------------------------------------------+

              we will work with the 1s 3p 5d 7f 9g ... basis set
              ...i.e. with spherical basis functions...

   type   atoms  prim   cont   basis
   ---------------------------------------------------------------------------
    c        6     46     31   def2-TZVP   [5s3p2d1f|11s6p2d1f]
    o        4     46     31   def2-TZVP   [5s3p2d1f|11s6p2d1f]
    h       10      8      6   def2-TZVP   [3s1p|5s1p]
   ---------------------------------------------------------------------------
   total:   20    540    370
   ---------------------------------------------------------------------------

   total number of primitive shells          :   46
   total number of contracted shells         :  150
   total number of cartesian basis functions :  420
   total number of SCF-basis functions       :  370


 integral neglect threshold       :  0.79E-11
 integral storage threshold THIZE :  0.10E-04
 integral storage threshold THIME :         5

 RI-J AUXILIARY BASIS SET information:

              we will work with the 1s 3p 5d 7f 9g ... basis set
              ...i.e. with spherical basis functions...

   type   atoms  prim   cont   basis
   ---------------------------------------------------------------------------
    c        6     70     49   def2-TZVP   [6s4p3d1f1g|12s5p4d2f1g]
    o        4     70     49   def2-TZVP   [6s4p3d1f1g|12s5p4d2f1g]
    h       10     16     11   def2-TZVP   [3s1p1d|5s2p1d]
   ---------------------------------------------------------------------------
   total:   20    860    600
   ---------------------------------------------------------------------------

   total number of primitive shells          :   56
   total number of contracted shells         :  200
   total number of cartesian basis functions :  730
   total number of SCF-basis functions       :  600


 symmetry group of the molecule :   c1 

 the group has the following generators :
   c1(z)

    1 symmetry operations found

 there are 1 real representations :   a   

 maximum number of shells which are related by symmetry :  1

 ==============================================================================
                      COSMO switched on
 ==============================================================================
 COSMO stati: segments per atom: H   32 other atoms   92
 COSMO statistics: nps    787 npspher:    336
 COSMO surface:
   number of segments:  787
   area (bohr**2):      655.717283
   volume (bohr**3):   1191.350028
 COSMO: check number of disjunct cavities:

       ... OK contiguous cavity found
  
           ------------------
           density functional
           ------------------
 Becke-3-Parameter hybrid functional: B3-LYP
 exchange:    0.8*LDA + 0.72*B88 + 0.2*HF
 correlation: 0.19*LDA(VWN) + 0.81*LYP
 iterations will be done with small grid
  
 spherical integration : Lebedev's spherical grid
 spherical gridsize    :                     3
    i.e. gridpoints    :                   302
  maximum batchsize    :                   100
 value for diffuse not defined
 radial integration    : Chebyshev 2nd kind (scaling 3)
 radial gridsize       :                     3
 integration cells     :                    20
 partition function    : becke
 partition sharpness   :                     3
  

 biggest AO integral is expected to be     7.998976882

          ------------------------
          nuclear repulsion energy  :   509.309811954    
          ------------------------


         -----------------
         -S,T+V- integrals
         -----------------

 1e-integrals will be neglected if expon. factor < 0.795705E-12
 
 Difference densities algorithm switched on.
 The maximal number of linear combinations of
 difference densities is  20.

 DIIS switched on: error vector is FDS-SDF
 Max. Iterations for DIIS is     :   4
 DIIS matrix (see manual) 
    Scaling factor of diagonals  :  1.200
    threshold for scaling factor :  0.000

 scf convergence criterion : increment of total energy < .1000000D-06
                  and increment of one-electron energy < .1000000D-03

 MOs are in ASCII format !


    mo occupation :
   irrep   mo's   occupied
    a      370       39
 
 number of basis functions   :   370
 number of occupied orbitals :    39
 

 reading orbital data $scfmo  from file mos
 orbital characterization : scfconv=7
 mo-orthogonalization by Cholesky decomposition

 automatic virtual orbital shift switched on 
      shift if e(lumo)-e(homo) < 0.10000000    

  
           ------------------------
               RI-J - INFORMATION
           ------------------------
 Contributions to RI integral batches: 
  neglected integral batches:                  2682
  direct contribution:                            0
  memory contribution:                  8643
 Memory core needed for (P|Q) and Cholesky      3 MByte
 Memory core minimum needed except of (P|Q)     1 MByte
 Total minimum memory core needed (sum)         4 MByte
  
 ****************************************
 Memory allocated for RI-J   367 MByte
 ****************************************
                                            

 DSCF restart information will be dumped onto file mos


 Starting SCF iterations

          Overall gridpoints after grid construction =         26012

 ITERATION  ENERGY          1e-ENERGY        2e-ENERGY     NORM[dD(SAO)]  TOL
   1  -535.55773709129    -1740.5785632     695.71101419    0.000D+00 0.794D-11
                            Exc = -56.9633864524     Coul =  766.198223110    
                            exK = -13.5238224679    
                              N = 77.999600635    
                          Ediel =-0.202745281046E-01
                            current damping = 0.300
 
          max. resid. norm for Fia-block=  1.016D-02 for orbital     39a         
          max. resid. fock norm         =  1.932D-02 for orbital    190a         

 ITERATION  ENERGY          1e-ENERGY        2e-ENERGY     NORM[dD(SAO)]  TOL
   2  -535.55985290885    -1740.7079783     695.83831341    0.238D+00 0.507D-11
                            Exc = -56.9833287147      Eck =  752.821642124    
                              N = 77.999608864    
                          Ediel =-0.255698467007E-01
                            current damping = 0.250
 
          Norm of current diis error: 0.94424E-01
          max. resid. norm for Fia-block=  5.632D-03 for orbital     39a         
          max. resid. fock norm         =  6.688D-03 for orbital    337a         

 ITERATION  ENERGY          1e-ENERGY        2e-ENERGY     NORM[dD(SAO)]  TOL
   3  -535.56030673119    -1740.6185635     695.74844477    0.496D-01 0.421D-11
                            Exc = -56.9624504769      Eck =  752.710895243    
                              N = 77.999617480    
                          Ediel =-0.254157030505E-01
                            current damping = 0.200
 
          Norm of current diis error: 0.52991E-01
          max. resid. norm for Fia-block=  2.161D-03 for orbital     36a         
          max. resid. fock norm         =  2.974D-03 for orbital    370a         

 ITERATION  ENERGY          1e-ENERGY        2e-ENERGY     NORM[dD(SAO)]  TOL
   4  -535.56047047863    -1740.6111416     695.74085916    0.132D-01 0.388D-11
                            Exc = -56.9661339447      Eck =  752.706993105    
                              N = 77.999620043    
                          Ediel =-0.260990538887E-01
                            current damping = 0.100
 
          Norm of current diis error: 0.11018E-01
          max. resid. norm for Fia-block=  5.794D-04 for orbital     18a         
          max. resid. fock norm         =  9.457D-04 for orbital    342a         

 ITERATION  ENERGY          1e-ENERGY        2e-ENERGY     NORM[dD(SAO)]  TOL
   5  -535.56047471567    -1740.6434224     695.77313574    0.561D-02 0.367D-11
                            Exc = -56.9696822888      Eck =  752.742818025    
                              N = 77.999619764    
                          Ediel =-0.262233217771E-01
                            current damping = 0.150
 
          Norm of current diis error: 0.83866E-02
          max. resid. norm for Fia-block=  3.180D-04 for orbital     36a         
          max. resid. fock norm         =  4.641D-04 for orbital    342a         
          mo-orthogonalization: Cholesky decomposition

 ITERATION  ENERGY          1e-ENERGY        2e-ENERGY     NORM[dD(SAO)]  TOL
   6  -535.56047842544    -1740.6309593     695.76066891    0.146D-02 0.355D-11
                            Exc = -56.9678847968      Eck =  752.728553707    
                              N = 77.999620384    
                          Ediel =-0.262524339616E-01
                            current damping = 0.200
 
          Norm of current diis error: 0.16420E-02
          max. resid. norm for Fia-block=  7.040D-05 for orbital     39a         
          max. resid. fock norm         =  1.221D-04 for orbital    342a         

 ITERATION  ENERGY          1e-ENERGY        2e-ENERGY     NORM[dD(SAO)]  TOL
   7  -535.56047854637    -1740.6282250     695.75793447    0.399D-03 0.344D-11
                            Exc = -56.9677938027      Eck =  752.725728271    
                              N = 77.999620420    
                          Ediel =-0.262504163206E-01
                            current damping = 0.100
 
          Norm of current diis error: 0.69739E-03
          max. resid. norm for Fia-block=  2.808D-05 for orbital     39a         
          max. resid. fock norm         =  7.001D-05 for orbital    361a         

 ITERATION  ENERGY          1e-ENERGY        2e-ENERGY     NORM[dD(SAO)]  TOL
   8  -535.56047857102    -1740.6295070     695.75921651    0.116D-03 0.337D-11
                            Exc = -56.9678970470      Eck =  752.727113556    
                              N = 77.999620424    
                          Ediel =-0.262588427448E-01
                            current damping = 0.150
 
          Norm of current diis error: 0.26045E-03
          max. resid. norm for Fia-block=  1.456D-05 for orbital     39a         
          max. resid. fock norm         =  2.643D-05 for orbital    342a         

 ENERGY CONVERGED !

          Overall gridpoints after grid construction =         96662

 ITERATION  ENERGY          1e-ENERGY        2e-ENERGY     NORM[dD(SAO)]  TOL
   9  -535.56036283407    -1740.6297185     695.75954375    0.489D-04 0.331D-11
                            Exc = -56.9677680291      Eck =  752.727311783    
                              N = 77.999973913    
                          Ediel =-0.262576640775E-01
                            current damping = 0.100
 
          Norm of current diis error: 0.15143E-03
          max. resid. norm for Fia-block=  5.261D-06 for orbital     39a         
          max. resid. fock norm         =  8.476D-06 for orbital    342a         

 End of SCF iterations

   convergence criteria satisfied after     9 iterations


                  ------------------------------------------ 
                 |  total energy      =   -535.56036283407  |
                  ------------------------------------------ 
                 :  kinetic energy    =    533.31918675645  :
                 :  potential energy  =  -1068.87954959052  :
                 :  virial theorem    =      1.99581526895  :
                 :  wavefunction norm =      1.00000000000  :
                  .......................................... 


 <geterg> : there is no data group $energy 


 <skperg> : $end is missing 


 orbitals $scfmo  will be written to file mos

    irrep                 35a         36a         37a         38a         39a   
 eigenvalues H         -0.33898    -0.33458    -0.32749    -0.29324    -0.28943
            eV          -9.2241     -9.1045     -8.9114     -7.9795     -7.8758
 occupation              2.0000      2.0000      2.0000      2.0000      2.0000

    irrep                 40a         41a         42a         43a         44a   
 eigenvalues H         -0.00413    -0.00050     0.03760     0.04583     0.06405
            eV          -0.1123     -0.0135      1.0231      1.2470      1.7428
 
 ==============================================================================
                                  COSMO RESULTS
 ==============================================================================
  PARAMETER:
    nppa:      1082
    nspa:        92
    nsph:        32
    nps:        787
    npspher:    336
    disex:   10.0000    
    disex2:  3904.62    
    rsolv [A]: 1.3000
    routf:     0.8500
    phsran:    0.0    
    ampran:   0.10E-04
    cavity:  closed
    solvent: not set
    source:  Custom values, not taken from cosmosolvent list!                                                                        
    epsilon: infinity
    refind:      1.300 ( 25.0 C)
    fepsi:       1.0000000
  CAVITY VOLUME/AREA [a.u.]:
    surface: V1.0, A matrix: V1.0
    area:   655.72
    volume:  1191.35
  SCREENING CHARGE:
    cosmo      :  -0.027226
    correction :   0.026521
    total      :  -0.000705
  ENERGIES [a.u.]:
    Total energy            =      -535.5603628340687
    Total energy + OC corr. =      -535.5607373088
    Dielectric energy       =        -0.0262576641
    Diel. energy + OC corr. =        -0.0266321388
  ELEMENT RADIUS [A]: ATOM LIST
    c  2.00: 1-4,7,8
    o  1.72: 5,6,9,10
    h  1.30: 11-20
 ==============================================================================
 
 
 
 ==============================================================================
                           electrostatic moments
 ==============================================================================

 reference point for electrostatic moments:    0.00000   0.00000   0.00000

 
              nuc           elec       ->  total
 ------------------------------------------------------------------------------
                          charge      
 ------------------------------------------------------------------------------
          78.000000     -78.000000       0.000000
 
 ------------------------------------------------------------------------------
                       dipole moment  
 ------------------------------------------------------------------------------
   x      -0.549780       0.729469       0.179689
   y      -5.729644       6.754013       1.024368
   z      -1.663596       1.207476      -0.456120
 
   | dipole moment | =     1.1356 a.u. =     2.8865 debye 
 
 ------------------------------------------------------------------------------
                     quadrupole moment
 ------------------------------------------------------------------------------
  xx    2313.793307   -2358.687606     -44.894299
  yy     254.194326    -299.907323     -45.712997
  zz      99.556189    -145.997640     -46.441451
  xy     507.522130    -506.049694       1.472436
  xz      78.442601     -70.451283       7.991318
  yz      23.973622     -23.023458       0.950163
 
     1/3  trace=     -45.682916
     anisotropy=      14.233531
 
 ==============================================================================
 
HOMO-LUMO Separation
 HOMO         :   -0.28942712 H =     -7.87572 eV
 LUMO         :   -0.00412744 H =     -0.11231 eV
 HOMO-LUMO gap:    0.28529968 H =     +7.76340 eV
 
 ==============================================================================


    ------------------------------------------------------------------------
         total  cpu-time :  3 minutes and 47 seconds
         total wall-time :  14.88 seconds
    ------------------------------------------------------------------------

   ****  ridft : all done  ****


    2026-04-15 19:55:46.022 

 ridft ended normally
