
 define (login1) : TURBOMOLE rev. V7-8-1 compiled 26 Feb 2024 at 17:03:36
 Copyright (C) 2024 TURBOMOLE GmbH, Karlsruhe


    2026-04-15 19:55:32.020 

                    HOST NAME = login1
             OPERATING SYSTEM = unix
   STANDARD BASIS SET LIBRARY = /lusitania_homes/ubu-iccram/ubu-iccram01/MASTER_SALUD_2026/TmoleX2024/TURBOMOLE/basen/
  ALTERNATE BASIS SET LIBRARY = /lusitania_homes/ubu-iccram/ubu-iccram01/MASTER_SALUD_2026/TmoleX2024/TURBOMOLE/basold/
 LIBRARY FOR RI-J  BASIS SETS = /lusitania_homes/ubu-iccram/ubu-iccram01/MASTER_SALUD_2026/TmoleX2024/TURBOMOLE/jbasen/
 LIBRARY FOR RI-JK BASIS SETS = /lusitania_homes/ubu-iccram/ubu-iccram01/MASTER_SALUD_2026/TmoleX2024/TURBOMOLE/jkbasen/
 LIBRARY FOR RIMP2/RICC2 SETS = /lusitania_homes/ubu-iccram/ubu-iccram01/MASTER_SALUD_2026/TmoleX2024/TURBOMOLE/cbasen/
 LIBRARY FOR RIR12 BASIS SETS = /lusitania_homes/ubu-iccram/ubu-iccram01/MASTER_SALUD_2026/TmoleX2024/TURBOMOLE/cabasen/
 LIBRARY FOR OEP   BASIS SETS = /lusitania_homes/ubu-iccram/ubu-iccram01/MASTER_SALUD_2026/TmoleX2024/TURBOMOLE/xbasen/
            STRUCTURE LIBRARY = /lusitania_homes/ubu-iccram/ubu-iccram01/MASTER_SALUD_2026/TmoleX2024/TURBOMOLE/structures/
 

 ***********************************************************
 *                                                         *
 *                       D E F I N E                       *
 *                                                         *
 *         TURBOMOLE'S  INTERACTIVE  INPUT  PROGRAM        *
 *                                                         *
 *  Quantum Chemistry Group       University of Karlsruhe  *
 *                                                         *
 ***********************************************************


 DATA WILL BE WRITTEN TO THE NEW FILE control

 IF YOU WANT TO READ DEFAULT-DATA FROM ANOTHER control-TYPE FILE,
 THEN ENTER ITS LOCATION/NAME OR OTHERWISE HIT >return<.

 
 INPUT TITLE OR 
 ENTER & TO REPEAT DEFINITION OF DEFAULT INPUT FILE 

 symmetry group of the molecule :   c1 

 the group has the following generators :
   c1(z)

    1 symmetry operations found

 SPECIFICATION OF MOLECULAR GEOMETRY ( #ATOMS=0     SYMMETRY=c1  )
 YOU MAY USE ONE OF THE FOLLOWING COMMANDS : 
 sy <group> <eps> : DEFINE MOLECULAR SYMMETRY (default for eps=3d-1)
 desy <eps>       : DETERMINE MOLECULAR SYMMETRY AND ADJUST 
                     COORDINATES (default for eps=1d-6)
 syndi <eps>      : LIKE DESY, BUT FIND ONLY GROUPS WITH NON-
                     DEGENERATE IRREPS (D2h AND SUBGROUPS)
 susy             : ADJUST COORDINATES FOR SUBGROUPS
 ai               : ADD ATOMIC COORDINATES INTERACTIVELY
 a <file>         : ADD ATOMIC COORDINATES FROM FILE <file>
 aa <file>        : ADD ATOMIC COORDINATES IN ANGSTROEM UNITS FROM FILE <file>
 sub              : SUBSTITUTE AN ATOM BY A GROUP OF ATOMS
 i                : INTERNAL COORDINATE MENU 
 ired             : REDUNDANT INTERNAL COORDINATES
 pbc_ired         : PERIODIC REDUNDANT INTERNAL COORDINATES
 red_info         : DISPLAY REDUNDANT INTERNAL COORDINATES
 ff               : UFF-FORCEFIELD CALCULATION
 m                : MANIPULATE GEOMETRY
 frag             : Define Fragments for BSSE calculation
 w <file>         : WRITE MOLECULAR COORDINATES TO FILE <file> 
 r <file>         : RELOAD ATOMIC AND INTERNAL COORDINATES FROM FILE <file>
 name             : CHANGE ATOMIC IDENTIFIERS 
 del              : DELETE ATOMS 
 fix              : FIX ATOMS 
 dis              : DISPLAY MOLECULAR GEOMETRY 
 banal            : CARRY OUT BOND ANALYSIS 
 *                : TERMINATE MOLECULAR GEOMETRY SPECIFICATION 
                     AND WRITE GEOMETRY DATA TO CONTROL FILE 

 IF YOU APPEND A QUESTION MARK TO ANY COMMAND AN EXPLANATION
 OF THAT COMMAND MAY BE GIVEN 


 CARTESIAN COORDINATES FOR  44 ATOMS HAVE SUCCESSFULLY 
 BEEN ADDED. 
 DEFINITIONS OF INTERNAL COORDINATES HAVE  N O T  BEEN READ. 
 SPECIFICATION OF BOND TOPOLOGY HAS  N O T  BEEN READ. 

 SPECIFICATION OF MOLECULAR GEOMETRY ( #ATOMS=44    SYMMETRY=c1  )
 YOU MAY USE ONE OF THE FOLLOWING COMMANDS : 
 sy <group> <eps> : DEFINE MOLECULAR SYMMETRY (default for eps=3d-1)
 desy <eps>       : DETERMINE MOLECULAR SYMMETRY AND ADJUST 
                     COORDINATES (default for eps=1d-6)
 syndi <eps>      : LIKE DESY, BUT FIND ONLY GROUPS WITH NON-
                     DEGENERATE IRREPS (D2h AND SUBGROUPS)
 susy             : ADJUST COORDINATES FOR SUBGROUPS
 ai               : ADD ATOMIC COORDINATES INTERACTIVELY
 a <file>         : ADD ATOMIC COORDINATES FROM FILE <file>
 aa <file>        : ADD ATOMIC COORDINATES IN ANGSTROEM UNITS FROM FILE <file>
 sub              : SUBSTITUTE AN ATOM BY A GROUP OF ATOMS
 i                : INTERNAL COORDINATE MENU 
 ired             : REDUNDANT INTERNAL COORDINATES
 pbc_ired         : PERIODIC REDUNDANT INTERNAL COORDINATES
 red_info         : DISPLAY REDUNDANT INTERNAL COORDINATES
 ff               : UFF-FORCEFIELD CALCULATION
 m                : MANIPULATE GEOMETRY
 frag             : Define Fragments for BSSE calculation
 w <file>         : WRITE MOLECULAR COORDINATES TO FILE <file> 
 r <file>         : RELOAD ATOMIC AND INTERNAL COORDINATES FROM FILE <file>
 name             : CHANGE ATOMIC IDENTIFIERS 
 del              : DELETE ATOMS 
 fix              : FIX ATOMS 
 dis              : DISPLAY MOLECULAR GEOMETRY 
 banal            : CARRY OUT BOND ANALYSIS 
 *                : TERMINATE MOLECULAR GEOMETRY SPECIFICATION 
                     AND WRITE GEOMETRY DATA TO CONTROL FILE 

 IF YOU APPEND A QUESTION MARK TO ANY COMMAND AN EXPLANATION
 OF THAT COMMAND MAY BE GIVEN 


 YOU DID NOT YET DEFINE ANY INTERNAL COORDINATES !

 ONLY AN INCOMPLETE SET OF   -1 INTERNALS SPECIFIED
 RECOMMENDATION: USE CARTESIAN COORDINATES (ENTER no BELOW)
 FOR ANY OTHER ANSWER YOU RETURN TO THE PREVIOUS MENU AGAIN

 IF YOU DO NOT WANT TO USE INTERNAL COORDINATES ENTER  no


 GEOMETRY DATA WILL BE WRITTEN TO FILE coord

 filename not specified ! 


 SUPPLYING BASIS SETS TO   44 ATOMS 
 #                                                                       
 #                   BASIS SET LIBRARY FOR CARBON                        
 #            ECPs, HONDO-BASIS SETS FROM basen AND                      
 #     FULLY OPTIMIZED BASIS SETS FROM newbas MERGED 02/6/93             
 #                                                                       
 #         abbreviation hondo refers to the version 7.0 of HONDO         
 #                                                                       
 ########################################################################
 #       HF limit : E(3P) = -37.688619 a.u. (C. Froese Fischer, 1977)    
 ########################################################################
 #       Roothaan parameters for C(3P) in symmetry I:                    
 #        a = 3/4      b = 3/2                                           
 ########################################################################
 #                                                                       
 c def-SV(P)                                                             
 c def2-SVP                                                              
 c dhf-SVP                                                               
 c dhf-SVP-2c                                                            
 c def2-SV(P)                                                            
 c dhf-SV(P)                                                             
 c dhf-SV(P)-2c                                                          
 # c (7s4p1d)/[3s2p1d] {511/31/1}                                        
 # ROHF(equiv) energy is -37.64114337919 a.u.  (virial theorem = 2.000000
 # UHF(noneq)  energy is -37.64522986135 a.u.  (virial theorem = 2.000084
 #                                                                       
 #                      BASIS SET LIBRARY FOR NITROGEN                   
 #            ECPs, HONDO-BASIS SETS FROM basen AND                      
 #     FULLY OPTIMIZED BASIS SETS FROM newbas MERGED 02/6/93             
 #                                                                       
 #         abbreviation hondo refers to the version 7.0 of HONDO         
 #                                                                       
 #                                                                       
 ########################################################################
 #       HF limit : E(4S) = -54.400934 a.u. (C. Froese Fischer, 1977)    
 ########################################################################
 #       Roothaan parameters for N(4S) in symmetry I:                    
 #        a = 1      b = 2                                               
 ########################################################################
 n def-SV(P)                                                             
 n def2-SVP                                                              
 n dhf-SVP                                                               
 n dhf-SVP-2c                                                            
 n def2-SV(P)                                                            
 n dhf-SV(P)                                                             
 n dhf-SV(P)-2c                                                          
 # n (7s4p1d)/[3s2p1d] {511/31/1}                                        
 # ROHF(equiv) energy is -54.33292502496 a.u.  (virial theorem = 2.000000
 # UHF(equiv)  energy is -54.33653300372 a.u.  (virial theorem = 1.999955
 #                                                                       
 #                    BASIS SET LIBRARY FOR HYDROGEN                     
 #            ECPs, HONDO-BASIS SETS FROM basen AND                      
 #     FULLY OPTIMIZED BASIS SETS FROM newbas MERGED 02/6/93             
 #                                                                       
 #         abbreviation hondo refers to the version 7.0 of HONDO         
 #                                                                       
 ########################################################################
 #       HF limit : E(2S) = -0.5 a.u.                                    
 ########################################################################
 #       Roothaan parameters for H(2S):                                  
 #        a = 0      b = 0                                               
 ########################################################################
 #                                                                       
 h def-SV(P)                                                             
 h def2-SV(P)                                                            
 h dhf-SV(P)                                                             
 h dhf-SV(P)-2c                                                          
 h x2c-SV(P)all                                                          
 h x2c-SV(P)all-2c                                                       
 h x2c-SV(P)all-s                                                        
 h x2c-SV(P)all-2c-s                                                     
 # HF(equiv) energy is -0.49927840571 a.u.  (virial theorem = 2.000000001
 # (4s)/[2s] {31}                                                        
 # H. Horn, Aug. 91                                                      
 
 ==============================================================================
 NOTE: Improved basis sets are available for H-Rn ("def2-bases").
 For further information type "bi".
 ==============================================================================

 ATOMIC ATTRIBUTE DEFINITION MENU  ( #atoms=44    #bas=44    #ecp=0     )

 b    : ASSIGN ATOMIC BASIS SETS 
 bb   : b RESTRICTED TO BASIS SET LIBRARY 
 bl   : LIST ATOMIC BASIS SETS ASSIGNED
 bm   : MODIFY DEFINITION OF ATOMIC BASIS SET
 bp   : SWITCH BETWEEN 5d/7f AND 6d/10f
 lib  : SELECT BASIS SET LIBRARY
 ecp  : ASSIGN EFFECTIVE CORE POTENTIALS 
 ecpb : ecp RESTRICTED TO BASIS SET LIBRARY 
 ecpi : GENERAL INFORMATION ABOUT EFFECTIVE CORE POTENTIALS
 ecpl : LIST EFFECTIVE CORE POTENTIALS ASSIGNED
 ecprm: REMOVE EFFECTIVE CORE POTENTIAL(S)
 c    : ASSIGN NUCLEAR CHARGES (IF DIFFERENT FROM DEFAULTS) 
 cem  : ASSIGN NUCLEAR CHARGES FOR EMBEDDING 
 m    : ASSIGN ATOMIC MASSES (IF DIFFERENT FROM DEFAULTS) 
 iso  : ASSIGN ISOTOPE FOR NUCLEAR COUPLING CALCULATION 
 dis  : DISPLAY MOLECULAR GEOMETRY 
 dat  : DISPLAY ATOMIC ATTRIBUTES YET ESTABLISHED 
 h    : EXPLANATION OF ATTRIBUTE DEFINITION SYNTAX 
 *    : TERMINATE THIS SECTION AND WRITE DATA OR DATA REFERENCES TO control
 GOBACK=& (TO GEOMETRY MENU !)


 SUPPLYING BASIS SETS TO   44 ATOMS 
 #                                                                       
 #                   BASIS SET LIBRARY FOR CARBON                        
 #            ECPs, HONDO-BASIS SETS FROM basen AND                      
 #     FULLY OPTIMIZED BASIS SETS FROM newbas MERGED 02/6/93             
 #                                                                       
 #         abbreviation hondo refers to the version 7.0 of HONDO         
 #                                                                       
 ########################################################################
 #       HF limit : E(3P) = -37.688619 a.u. (C. Froese Fischer, 1977)    
 ########################################################################
 #       Roothaan parameters for C(3P) in symmetry I:                    
 #        a = 3/4      b = 3/2                                           
 ########################################################################
 #                                                                       
 c def2-TZVP                                                             
 c dhf-TZVP                                                              
 c dhf-TZVP-2c                                                           
 c def2-TZVPP                                                            
 c dhf-TZVPP                                                             
 c dhf-TZVPP-2c                                                          
 # c (11s6p2d1f)/[5s3p2d1f] {62111/411/11/1}                             
 # ROHF(equiv) energy is -37.68747478956 a.u.  (virial theorem = 2.000000
 # UHF(noneq)  energy is -37.69247882884 a.u.  (virial theorem = 2.000043
 # note that def2-TZVP and def2-TZVPP are identical                      
 #                                                                       
 #                      BASIS SET LIBRARY FOR NITROGEN                   
 #            ECPs, HONDO-BASIS SETS FROM basen AND                      
 #     FULLY OPTIMIZED BASIS SETS FROM newbas MERGED 02/6/93             
 #                                                                       
 #         abbreviation hondo refers to the version 7.0 of HONDO         
 #                                                                       
 #                                                                       
 ########################################################################
 #       HF limit : E(4S) = -54.400934 a.u. (C. Froese Fischer, 1977)    
 ########################################################################
 #       Roothaan parameters for N(4S) in symmetry I:                    
 #        a = 1      b = 2                                               
 ########################################################################
 n def2-TZVP                                                             
 n dhf-TZVP                                                              
 n dhf-TZVP-2c                                                           
 n def2-TZVPP                                                            
 n dhf-TZVPP                                                             
 n dhf-TZVPP-2c                                                          
 # n (11s6p2d1f)/[5s3p2d1f] {62111/411/11/1}                             
 # ROHF(equiv) energy is -54.39917537409 a.u.  (virial theorem = 2.000000
 # UHF(equiv)  energy is -54.40274688459 a.u.  (virial theorem = 2.000057
 # note that def2-TZVP and def2-TZVPP are identical                      
 #                                                                       
 #                    BASIS SET LIBRARY FOR HYDROGEN                     
 #            ECPs, HONDO-BASIS SETS FROM basen AND                      
 #     FULLY OPTIMIZED BASIS SETS FROM newbas MERGED 02/6/93             
 #                                                                       
 #         abbreviation hondo refers to the version 7.0 of HONDO         
 #                                                                       
 ########################################################################
 #       HF limit : E(2S) = -0.5 a.u.                                    
 ########################################################################
 #       Roothaan parameters for H(2S):                                  
 #        a = 0      b = 0                                               
 ########################################################################
 #                                                                       
 h def2-TZVP                                                             
 h dhf-TZVP                                                              
 h dhf-TZVP-2c                                                           
 h x2c-TZVPall                                                           
 h x2c-TZVPall-2c                                                        
 # h (5s1p)/[3s1p] {311/1}                                               
 # HF(equiv) energy is -0.49980983223 a.u.  (virial theorem = 2.000000075

 ATOMIC ATTRIBUTE DEFINITION MENU  ( #atoms=44    #bas=44    #ecp=0     )

 b    : ASSIGN ATOMIC BASIS SETS 
 bb   : b RESTRICTED TO BASIS SET LIBRARY 
 bl   : LIST ATOMIC BASIS SETS ASSIGNED
 bm   : MODIFY DEFINITION OF ATOMIC BASIS SET
 bp   : SWITCH BETWEEN 5d/7f AND 6d/10f
 lib  : SELECT BASIS SET LIBRARY
 ecp  : ASSIGN EFFECTIVE CORE POTENTIALS 
 ecpb : ecp RESTRICTED TO BASIS SET LIBRARY 
 ecpi : GENERAL INFORMATION ABOUT EFFECTIVE CORE POTENTIALS
 ecpl : LIST EFFECTIVE CORE POTENTIALS ASSIGNED
 ecprm: REMOVE EFFECTIVE CORE POTENTIAL(S)
 c    : ASSIGN NUCLEAR CHARGES (IF DIFFERENT FROM DEFAULTS) 
 cem  : ASSIGN NUCLEAR CHARGES FOR EMBEDDING 
 m    : ASSIGN ATOMIC MASSES (IF DIFFERENT FROM DEFAULTS) 
 iso  : ASSIGN ISOTOPE FOR NUCLEAR COUPLING CALCULATION 
 dis  : DISPLAY MOLECULAR GEOMETRY 
 dat  : DISPLAY ATOMIC ATTRIBUTES YET ESTABLISHED 
 h    : EXPLANATION OF ATTRIBUTE DEFINITION SYNTAX 
 *    : TERMINATE THIS SECTION AND WRITE DATA OR DATA REFERENCES TO control
 GOBACK=& (TO GEOMETRY MENU !)


 BASIS SETS WILL BE WRITTEN TO FILE basis BY DEFAULT


              +--------------------------------------------------+
              |               basis set information              |
              +--------------------------------------------------+

              we will work with the 1s 3p 5d 7f 9g ... basis set
              ...i.e. with spherical basis functions...

   type   atoms  prim   cont   basis
   ---------------------------------------------------------------------------
    c       10     46     31   def2-TZVP   [5s3p2d1f|11s6p2d1f]
    n        6     46     31   def2-TZVP   [5s3p2d1f|11s6p2d1f]
    h       28      8      6   def2-TZVP   [3s1p|5s1p]
   ---------------------------------------------------------------------------
   total:   44    960    664
   ---------------------------------------------------------------------------

   total number of primitive shells          :   46
   total number of contracted shells         :  288
   total number of cartesian basis functions :  744
   total number of SCF-basis functions       :  664


              ATOMIC COORDINATES              ATOM SHELLS CHARGE PSEUDO MASS
   -12.62237463   -1.28137226    1.37120795    c     11      6.     0 12.011
   -10.92683298   -0.27485689   -0.77704026    c     11      6.     0 12.011
    -8.39635553    0.41327743    0.13952793    n     11      7.     0 14.007
    -6.78443804    1.26730703   -1.96641877    c     11      6.     0 12.011
    -4.14394451    2.05920621   -0.99775461    c     11      6.     0 12.011
    -3.06045681    0.21151893    0.78861862    n     11      7.     0 14.007
    -1.85888390   -1.92671562   -0.54157661    c     11      6.     0 12.011
     1.05619250   -1.82370476   -0.39182715    c     11      6.     0 12.011
     2.04122925    0.61628882   -1.28234547    n     11      7.     0 14.007
     4.72422460    0.96519652   -0.67565646    c     11      6.     0 12.011
     6.51274834   -0.79277034   -2.17116493    c     11      6.     0 12.011
     9.21425545   -0.21509997   -1.87974270    n     11      7.     0 14.007
    10.16403180   -0.81350820    0.66196539    c     11      6.     0 12.011
    13.04541439   -0.40503445    0.83479596    c     11      6.     0 12.011
    13.83838504    2.02263812   -0.25112570    n     11      7.     0 14.007
   -12.59116013    0.31539529    3.63619022    n     11      7.     0 14.007
   -12.00316996   -3.18283548    1.91032225    h      4      1.     0  1.008
   -14.56845427   -1.44454633    0.68607830    h      4      1.     0  1.008
   -11.83176424    1.38971782   -1.61878475    h      4      1.     0  1.008
   -10.79093144   -1.73425080   -2.24109046    h      4      1.     0  1.008
    -8.56320701    1.85465281    1.40839965    h      4      1.     0  1.008
    -7.65036535    2.87933601   -2.93773422    h      4      1.     0  1.008
    -6.57269990   -0.27059555   -3.33796309    h      4      1.     0  1.008
    -4.34671024    3.84415080    0.03630920    h      4      1.     0  1.008
    -2.87677921    2.44674747   -2.58880952    h      4      1.     0  1.008
    -4.59365398   -0.50298651    1.74190608    h      4      1.     0  1.008
    -2.47412582   -3.68542326    0.36699048    h      4      1.     0  1.008
    -2.46299344   -2.05514141   -2.52008396    h      4      1.     0  1.008
     1.61629409   -2.13919454    1.57974868    h      4      1.     0  1.008
     1.82564362   -3.37164935   -1.52982967    h      4      1.     0  1.008
     1.01357161    1.96480116   -0.34693293    h      4      1.     0  1.008
     5.01446953    0.75174439    1.36401188    h      4      1.     0  1.008
     5.20410166    2.92844621   -1.13594272    h      4      1.     0  1.008
     6.07205098   -0.61539498   -4.18883118    h      4      1.     0  1.008
     6.17786997   -2.77688640   -1.67939583    h      4      1.     0  1.008
     9.48729442    1.67480001   -2.16682423    h      4      1.     0  1.008
     9.74763065   -2.78319808    1.14873617    h      4      1.     0  1.008
     9.24742581    0.40213750    2.06592986    h      4      1.     0  1.008
    13.63450060   -0.49461125    2.81655175    h      4      1.     0  1.008
    14.02003119   -1.92786458   -0.17654577    h      4      1.     0  1.008
    15.75777042    2.14587094   -0.14660306    h      4      1.     0  1.008
    13.43185015    1.95701927   -2.13766386    h      4      1.     0  1.008
   -12.91956996    2.14361083    3.13585688    h      4      1.     0  1.008
   -10.80811283    0.26378120    4.36803391    h      4      1.     0  1.008
 

 we will work with the  1s 3p 5d  7f

 there are 1 real representations :   a   

 OCCUPATION NUMBER & MOLECULAR ORBITAL DEFINITION MENU 

 CHOOSE COMMAND 
 infsao     : OUTPUT SAO INFORMATION 
 atb        : Switch for writing MOs in ASCII or binary format
 eht        : PROVIDE MOS && OCCUPATION NUMBERS FROM EXTENDED HUECKEL GUESS 
 use <file> : SUPPLY MO INFORMATION USING DATA FROM <file> 
 man        : MANUAL SPECIFICATION OF OCCUPATION NUMBERS 
 hcore      : HAMILTON CORE GUESS FOR MOS
 flip       : FLIP SPIN OF A SELECTED ATOM
 &          : MOVE BACK TO THE ATOMIC ATTRIBUTES MENU
 THE COMMANDS  use  OR  eht  OR  *  OR q(uit) TERMINATE THIS MENU !!! 
 FOR EXPLANATIONS APPEND A QUESTION MARK (?) TO ANY COMMAND 


 PROVIDING EHT AOS FOR THE FOLLOWING SET OF ATOMS :
     1 c            2 c            4 c            5 c            7 c       
     8 c           10 c           11 c           13 c           14 c       
 for the   6 electrons of the actual atom you have
 to provide at least basis functions for the AO's :   2s  1p  0d  0f


 PROVIDING EHT AOS FOR THE FOLLOWING SET OF ATOMS :
     3 n            6 n            9 n           12 n           15 n       
    16 n       
 for the   7 electrons of the actual atom you have
 to provide at least basis functions for the AO's :   2s  1p  0d  0f


 PROVIDING EHT AOS FOR THE FOLLOWING SET OF ATOMS :
    17 h           18 h           19 h           20 h           21 h       
    22 h           23 h           24 h           25 h           26 h       
    27 h           28 h           29 h           30 h           31 h       
    32 h           33 h           34 h           35 h           36 h       
    37 h           38 h           39 h           40 h           41 h       
    42 h           43 h           44 h       
 for the   1 electrons of the actual atom you have
 to provide at least basis functions for the AO's :   1s  0p  0d  0f


 DO YOU WANT THE DEFAULT PARAMETERS FOR THE EXTENDED HUECKEL CALCULATION ? 
 DEFAULT=y   HELP=? 


 JUST SETTING UP HUECKEL MATRIX ! 


 HUECKEL EQUATIONS ARE BEING SOLVED 


 ENTER THE MOLECULAR CHARGE  (DEFAULT=0) 


 NUMBER OF ELECTRONS IN YOUR MOLECULE IS  130


 AUTOMATIC OCCUPATION NUMBER ASSIGNMENT ESTABLISHED !
 FOUND CLOSED SHELL SYSTEM !
 HOMO/LUMO-SEPARATION :  0.535454
 ORBITAL  SYMMETRY      ENERGY     DEFAULT 
 (SHELL)    TYPE                 OCCUPATION 
    62    62a          -0.46095      2
    63    63a          -0.45384      2
    64    64a          -0.43150      2
    65    65a          -0.42877      2
    66    66a           0.10669      0
    67    67a           0.11894      0
    68    68a           0.12739      0

 DO YOU ACCEPT THIS OCCUPATION ?  DEFAULT=y 


 PROVIDING  'derivative'  DEFAULT PARAMETERS ...

 PROVIDING FORCE RELAXATION DEFAULT PARAMETERS ...

    mo occupation :
   irrep   mo's   occupied
    a      664       65
 
 number of basis functions   :   664
 number of occupied orbitals :    65
 
 GENERAL MENU : SELECT YOUR TOPIC 
 scf    : SELECT NON-DEFAULT SCF PARAMETER 
 mp2    : OPTIONS AND DATA GROUPS FOR rimp2 and mpgrad
 cc     : OPTIONS AND DATA GROUPS FOR ricc2
 pnocc  : OPTIONS AND DATA GROUPS FOR pnoccsd
 ex     : EXCITED STATE AND RESPONSE OPTIONS
 prop   : SELECT TOOLS FOR SCF-ORBITAL ANALYSIS 
 drv    : SELECT NON-DEFAULT INPUT PARAMETER FOR EVALUATION
          OF ANALYTICAL ENERGY DERIVATIVES 
          (GRADIENTS, FORCE CONSTANTS) 
 rex    : SELECT OPTIONS FOR GEOMETRY UPDATES USING RELAX
 stp    : SELECT NON-DEFAULT STRUCTURE OPTIMIZATION PARAMETER
 e      : DEFINE EXTERNAL ELECTROSTATIC FIELD 
 dft    : DFT Parameters 
 ri     : RI Parameters 
 rijk   : RI-JK-HF Parameters 
 rirpa  : RIRPA Parameters 
 gw     : OPTIONS AND DATA GROUPS FOR GW (escf) 
 senex  : seminumeric exchange parameters 
 hybno  : hybrid Noga/Diag parameters
 dsp    : DFT dispersion correction
 nmr    : NMR shift parameters
 ncoup  : NMR coupling parameters
 epr    : EPR parameters
 trunc  : USE TRUNCATED AUXBASIS DURING ITERATIONS 
 marij  : MULTIPOLE ACCELERATED RI-J 

 fde    : Frozen Density Embedding 
 dis    : DISPLAY MOLECULAR GEOMETRY 
 list   : LIST OF CONTROL FILE 
 &      : GO BACK TO OCCUPATION/ORBITAL ASSIGNMENT MENU
 * or q : END OF DEFINE SESSION 



STATUS OF DFT_OPTIONS:
 DFT is NOT used
   functional b-p
     gridsize m3

 ENTER DFT-OPTION TO BE MODIFIED 

 func    : TO CHANGE TYPE OF FUNCTIONAL 
 grid    : TO CHANGE GRIDSIZE 
  on:   TO SWITCH ON  DFT 
 Just <ENTER>, q or '*' terminate this menu.


STATUS OF DFT_OPTIONS:
 DFT is used
   functional b-p
     gridsize m3

 ENTER DFT-OPTION TO BE MODIFIED 

 func    : TO CHANGE TYPE OF FUNCTIONAL 
 grid    : TO CHANGE GRIDSIZE 
  off:  TO SWITCH OFF DFT 
 Just <ENTER>, q or '*' terminate this menu.


STATUS OF DFT_OPTIONS:
 DFT is used
   functional b3-lyp
     gridsize m3

 ENTER DFT-OPTION TO BE MODIFIED 

 func    : TO CHANGE TYPE OF FUNCTIONAL 
 grid    : TO CHANGE GRIDSIZE 
  off:  TO SWITCH OFF DFT 
 Just <ENTER>, q or '*' terminate this menu.


STATUS OF DFT_OPTIONS:
 DFT is used
   functional b3-lyp
     gridsize m4

 ENTER DFT-OPTION TO BE MODIFIED 

 func    : TO CHANGE TYPE OF FUNCTIONAL 
 grid    : TO CHANGE GRIDSIZE 
  off:  TO SWITCH OFF DFT 
 Just <ENTER>, q or '*' terminate this menu.
 GENERAL MENU : SELECT YOUR TOPIC 
 scf    : SELECT NON-DEFAULT SCF PARAMETER 
 mp2    : OPTIONS AND DATA GROUPS FOR rimp2 and mpgrad
 cc     : OPTIONS AND DATA GROUPS FOR ricc2
 pnocc  : OPTIONS AND DATA GROUPS FOR pnoccsd
 ex     : EXCITED STATE AND RESPONSE OPTIONS
 prop   : SELECT TOOLS FOR SCF-ORBITAL ANALYSIS 
 drv    : SELECT NON-DEFAULT INPUT PARAMETER FOR EVALUATION
          OF ANALYTICAL ENERGY DERIVATIVES 
          (GRADIENTS, FORCE CONSTANTS) 
 rex    : SELECT OPTIONS FOR GEOMETRY UPDATES USING RELAX
 stp    : SELECT NON-DEFAULT STRUCTURE OPTIMIZATION PARAMETER
 e      : DEFINE EXTERNAL ELECTROSTATIC FIELD 
 dft    : DFT Parameters 
 ri     : RI Parameters 
 rijk   : RI-JK-HF Parameters 
 rirpa  : RIRPA Parameters 
 gw     : OPTIONS AND DATA GROUPS FOR GW (escf) 
 senex  : seminumeric exchange parameters 
 hybno  : hybrid Noga/Diag parameters
 dsp    : DFT dispersion correction
 nmr    : NMR shift parameters
 ncoup  : NMR coupling parameters
 epr    : EPR parameters
 trunc  : USE TRUNCATED AUXBASIS DURING ITERATIONS 
 marij  : MULTIPOLE ACCELERATED RI-J 

 fde    : Frozen Density Embedding 
 dis    : DISPLAY MOLECULAR GEOMETRY 
 list   : LIST OF CONTROL FILE 
 &      : GO BACK TO OCCUPATION/ORBITAL ASSIGNMENT MENU
 * or q : END OF DEFINE SESSION 



STATUS OF RI-OPTIONS:
    RI IS NOT USED
    Memory for RI:           500 Mb
    Filename for auxbasis: auxbasis

 ENTER RI-OPTION TO BE MODIFIED 
      m: CHANGE MEMORY FOR RI 
      f: CHANGE FILENAME 
   jbas: ASSIGN AUXILIARY RI-J BASIS SETS
     on: TO SWITCH ON  RI 
 Use <ENTER>, q, end, or '*' to leave this menu

 NO DEFINITION OF BASIS SETS ($jbas) IN control
  TRY TO OBTAIN BASIS SETS FROM LIBRARY !

  Keyword $jbas  missing in file <control>

 #                                                                       
 #AUXILIARY BASIS SET FOR C                                              
 #                                                                       
 #                                                                       
 c def2-TZVP                                                             
 c dhf-TZVP                                                              
 c def2-TZVPP                                                            
 c def2-TZVPD                                                            
 c dhf-TZVPP                                                             
 c def2-QZVP                                                             
 c dhf-QZVP                                                              
 c def2-QZVPP                                                            
 c dhf-QZVPP                                                             
 c dhf-SV(P)-2c                                                          
 c dhf-SVP-2c                                                            
 c dhf-TZVP-2c                                                           
 c dhf-TZVPP-2c                                                          
 c dhf-QZVP-2c                                                           
 c dhf-QZVPP-2c                                                          
 c 6-31G*                                                                
 c 6-31G**                                                               
 c cc-pVDZ                                                               
 c cc-pVTZ                                                               
 c cc-pVQZ                                                               
 c cc-pV5Z                                                               
 c aug-cc-pVDZ                                                           
 c aug-cc-pVTZ                                                           
 c aug-cc-pVQZ                                                           
 c aug-cc-pV5Z                                                           
 c d-aug-cc-pVDZ                                                         
 c d-aug-cc-pVTZ                                                         
 c d-aug-cc-pVQZ                                                         
 c d-aug-cc-pV5Z                                                         
 # c     (12s5p4d2f1g) / [6s4p3d1f1g]     {711111/2111/211/2/1}          
 #errors def2-TZVP uH/atom: C2H2 9.6, C2H3N 24.0, C2H4 17.7, C2H6 15.4,  
 #                          C4H4 24.0, C6H6 19.7, CF4 15.8, CH2O 17.4,   
 #                          CH2O2 26.4, CH3N 19.0, CH3OH 24.9,           
 #                          CH4 18.7, CO 12.6, CO2 7.3                   
 # F. Weigend 11/2005; Phys. Chem. Chem. Phys. 8: 1057 (2006)            

  Keyword $jbas  missing in file <control>

 #                                                                       
 #AUXILIARY BASIS SET FOR N                                              
 #                                                                       
 #                                                                       
 ########################################################################
 n def2-TZVP                                                             
 n dhf-TZVP                                                              
 n def2-TZVPP                                                            
 n def2-TZVPD                                                            
 n dhf-TZVPP                                                             
 n def2-QZVP                                                             
 n dhf-QZVP                                                              
 n def2-QZVPP                                                            
 n dhf-QZVPP                                                             
 n dhf-SV(P)-2c                                                          
 n dhf-SVP-2c                                                            
 n dhf-TZVP-2c                                                           
 n dhf-TZVPP-2c                                                          
 n dhf-QZVP-2c                                                           
 n dhf-QZVPP-2c                                                          
 n 6-31G*                                                                
 n 6-31G**                                                               
 n cc-pVDZ                                                               
 n cc-pVTZ                                                               
 n cc-pVQZ                                                               
 n cc-pV5Z                                                               
 n aug-cc-pVDZ                                                           
 n aug-cc-pVTZ                                                           
 n aug-cc-pVQZ                                                           
 n aug-cc-pV5Z                                                           
 n d-aug-cc-pVDZ                                                         
 n d-aug-cc-pVTZ                                                         
 n d-aug-cc-pVQZ                                                         
 n d-aug-cc-pV5Z                                                         
 # n     (12s5p4d2f1g) / [6s4p3d1f1g]     {711111/2111/211/2/1}          
 #errors def2-TZVP uH/atom: N2 16.0, N2H2 46.8, N2H4 45.1, N4 24.9,      
 #                          NF3 32.4, NH3 29.0, NH4F 22.3                
 # F. Weigend 11/2005; Phys. Chem. Chem. Phys. 8: 1057 (2006)            

  Keyword $jbas  missing in file <control>

 #                                                                       
 #AUXILIARY BASIS SET FOR H                                              
 #                                                                       
 #                                                                       
 h def2-TZVP                                                             
 h dhf-TZVP                                                              
 h def2-TZVPP                                                            
 h def2-TZVPD                                                            
 h dhf-TZVPP                                                             
 h def2-QZVP                                                             
 h dhf-QZVP                                                              
 h def2-QZVPP                                                            
 h dhf-QZVPP                                                             
 h dhf-SV(P)-2c                                                          
 h dhf-SVP-2c                                                            
 h dhf-TZVP-2c                                                           
 h dhf-TZVPP-2c                                                          
 h dhf-QZVP-2c                                                           
 h dhf-QZVPP-2c                                                          
 h x2c-universal                                                         
 h x2c-SV(P)all                                                          
 h x2c-SV(P)all-2c                                                       
 h x2c-SV(P)all-s                                                        
 h x2c-SVPall                                                            
 h x2c-SVPall-2c                                                         
 h x2c-SVPall-s                                                          
 h x2c-TZVPall                                                           
 h x2c-TZVPall-2c                                                        
 h x2c-TZVPall-s                                                         
 h x2c-TZVPPall                                                          
 h x2c-TZVPPall-2c                                                       
 h x2c-TZVPPall-s                                                        
 h x2c-QZVPall                                                           
 h x2c-QZVPall-2c                                                        
 h x2c-QZVPPall                                                          
 h x2c-QZVPPall-2c                                                       
 h x2c-QZVPall-s                                                         
 h x2c-QZVPPall-s                                                        
 h x2c-QZVPall-2c-s                                                      
 h x2c-QZVPPall-2c-s                                                     
 h 6-31G*                                                                
 h 6-31G**                                                               
 h cc-pVDZ                                                               
 h cc-pVTZ                                                               
 h cc-pVQZ                                                               
 h cc-pV5Z                                                               
 h aug-cc-pVDZ                                                           
 h aug-cc-pVTZ                                                           
 h aug-cc-pVQZ                                                           
 h aug-cc-pV5Z                                                           
 h d-aug-cc-pVDZ                                                         
 h d-aug-cc-pVTZ                                                         
 h d-aug-cc-pVQZ                                                         
 h d-aug-cc-pV5Z                                                         
 h cc-pCVDZ                                                              
 h cc-pCVTZ                                                              
 h cc-pCVQZ                                                              
 h cc-pCV5Z                                                              
 h aug-cc-pCVDZ                                                          
 h aug-cc-pCVTZ                                                          
 h aug-cc-pCVQZ                                                          
 h aug-cc-pCV5Z                                                          
 h d-aug-cc-pCVDZ                                                        
 h d-aug-cc-pCVTZ                                                        
 h d-aug-cc-pCVQZ                                                        
 h d-aug-cc-pCV5Z                                                        
 h cc-pwCVDZ                                                             
 h cc-pwCVTZ                                                             
 h cc-pwCVQZ                                                             
 h cc-pwCV5Z                                                             
 h aug-cc-pwCVDZ                                                         
 h aug-cc-pwCVTZ                                                         
 h aug-cc-pwCVQZ                                                         
 h aug-cc-pwCV5Z                                                         
 h d-aug-cc-pwCVDZ                                                       
 h d-aug-cc-pwCVTZ                                                       
 h d-aug-cc-pwCVQZ                                                       
 h d-aug-cc-pwCV5Z                                                       
 # h     (5s2p1d) / [3s1p1d]     {311/2/1}                               
 #errors def2-TZVP uH/atom: H2 53.2, H2CO3 30.3, H2O 43.0, H2O2 52.3     
 # F. Weigend 11/2005; Phys. Chem. Chem. Phys. 8: 1057 (2006)            


STATUS OF RI-OPTIONS:
    RI IS USED
    Memory for RI:           500 Mb
    Filename for auxbasis: auxbasis

 ENTER RI-OPTION TO BE MODIFIED 
      m: CHANGE MEMORY FOR RI 
      f: CHANGE FILENAME 
   jbas: ASSIGN AUXILIARY RI-J BASIS SETS
    off: TO SWITCH OFF RI 
 Use <ENTER>, q, end, or '*' to leave this menu


STATUS OF RI-OPTIONS:
    RI IS USED
    Memory for RI:          8000 Mb
    Filename for auxbasis: auxbasis

 ENTER RI-OPTION TO BE MODIFIED 
      m: CHANGE MEMORY FOR RI 
      f: CHANGE FILENAME 
   jbas: ASSIGN AUXILIARY RI-J BASIS SETS
    off: TO SWITCH OFF RI 
 Use <ENTER>, q, end, or '*' to leave this menu
 GENERAL MENU : SELECT YOUR TOPIC 
 scf    : SELECT NON-DEFAULT SCF PARAMETER 
 mp2    : OPTIONS AND DATA GROUPS FOR rimp2 and mpgrad
 cc     : OPTIONS AND DATA GROUPS FOR ricc2
 pnocc  : OPTIONS AND DATA GROUPS FOR pnoccsd
 ex     : EXCITED STATE AND RESPONSE OPTIONS
 prop   : SELECT TOOLS FOR SCF-ORBITAL ANALYSIS 
 drv    : SELECT NON-DEFAULT INPUT PARAMETER FOR EVALUATION
          OF ANALYTICAL ENERGY DERIVATIVES 
          (GRADIENTS, FORCE CONSTANTS) 
 rex    : SELECT OPTIONS FOR GEOMETRY UPDATES USING RELAX
 stp    : SELECT NON-DEFAULT STRUCTURE OPTIMIZATION PARAMETER
 e      : DEFINE EXTERNAL ELECTROSTATIC FIELD 
 dft    : DFT Parameters 
 ri     : RI Parameters 
 rijk   : RI-JK-HF Parameters 
 rirpa  : RIRPA Parameters 
 gw     : OPTIONS AND DATA GROUPS FOR GW (escf) 
 senex  : seminumeric exchange parameters 
 hybno  : hybrid Noga/Diag parameters
 dsp    : DFT dispersion correction
 nmr    : NMR shift parameters
 ncoup  : NMR coupling parameters
 epr    : EPR parameters
 trunc  : USE TRUNCATED AUXBASIS DURING ITERATIONS 
 marij  : MULTIPOLE ACCELERATED RI-J 

 fde    : Frozen Density Embedding 
 dis    : DISPLAY MOLECULAR GEOMETRY 
 list   : LIST OF CONTROL FILE 
 &      : GO BACK TO OCCUPATION/ORBITAL ASSIGNMENT MENU
 * or q : END OF DEFINE SESSION 

 ANY COMMAND WHICH STARTS WITH THE 3 LETTERS  dis  IS A 
 DISPLAY COMMAND. AVAILABLE DISPLAY COMMANDS ARE : 
 disc  <range> : DISPLAY CARTESIAN COORDINATES 
 dist  <real>  : DISPLAY DISTANCE LIST 
 disi  <range> : DISPLAY VALUES OF INTERNAL COORDINATES 
 disg  <range> : GRAPHICAL DISPLAY OF MOL. GEOMETRY 

 <range> IS A SET OF ATOMS REFERENCED 
 <real>  IS AN OPTIONAL DISTANCE THRESHOLD (DEFAULT=5.0) 
 AS AN EXAMPLE CONSIDER  disc  1,3-6,10,11  WHICH DISPLAYS 
 THE CARTESIAN COORDINATES OF ATOMS 1,3,4,5,6,10,and 11 . 

 HIT >return< TO CONTINUE OR ENTER ANY DISPLAY COMMAND 
 GENERAL MENU : SELECT YOUR TOPIC 
 scf    : SELECT NON-DEFAULT SCF PARAMETER 
 mp2    : OPTIONS AND DATA GROUPS FOR rimp2 and mpgrad
 cc     : OPTIONS AND DATA GROUPS FOR ricc2
 pnocc  : OPTIONS AND DATA GROUPS FOR pnoccsd
 ex     : EXCITED STATE AND RESPONSE OPTIONS
 prop   : SELECT TOOLS FOR SCF-ORBITAL ANALYSIS 
 drv    : SELECT NON-DEFAULT INPUT PARAMETER FOR EVALUATION
          OF ANALYTICAL ENERGY DERIVATIVES 
          (GRADIENTS, FORCE CONSTANTS) 
 rex    : SELECT OPTIONS FOR GEOMETRY UPDATES USING RELAX
 stp    : SELECT NON-DEFAULT STRUCTURE OPTIMIZATION PARAMETER
 e      : DEFINE EXTERNAL ELECTROSTATIC FIELD 
 dft    : DFT Parameters 
 ri     : RI Parameters 
 rijk   : RI-JK-HF Parameters 
 rirpa  : RIRPA Parameters 
 gw     : OPTIONS AND DATA GROUPS FOR GW (escf) 
 senex  : seminumeric exchange parameters 
 hybno  : hybrid Noga/Diag parameters
 dsp    : DFT dispersion correction
 nmr    : NMR shift parameters
 ncoup  : NMR coupling parameters
 epr    : EPR parameters
 trunc  : USE TRUNCATED AUXBASIS DURING ITERATIONS 
 marij  : MULTIPOLE ACCELERATED RI-J 

 fde    : Frozen Density Embedding 
 dis    : DISPLAY MOLECULAR GEOMETRY 
 list   : LIST OF CONTROL FILE 
 &      : GO BACK TO OCCUPATION/ORBITAL ASSIGNMENT MENU
 * or q : END OF DEFINE SESSION 

 GENERAL MENU : SELECT YOUR TOPIC 
 scf    : SELECT NON-DEFAULT SCF PARAMETER 
 mp2    : OPTIONS AND DATA GROUPS FOR rimp2 and mpgrad
 cc     : OPTIONS AND DATA GROUPS FOR ricc2
 pnocc  : OPTIONS AND DATA GROUPS FOR pnoccsd
 ex     : EXCITED STATE AND RESPONSE OPTIONS
 prop   : SELECT TOOLS FOR SCF-ORBITAL ANALYSIS 
 drv    : SELECT NON-DEFAULT INPUT PARAMETER FOR EVALUATION
          OF ANALYTICAL ENERGY DERIVATIVES 
          (GRADIENTS, FORCE CONSTANTS) 
 rex    : SELECT OPTIONS FOR GEOMETRY UPDATES USING RELAX
 stp    : SELECT NON-DEFAULT STRUCTURE OPTIMIZATION PARAMETER
 e      : DEFINE EXTERNAL ELECTROSTATIC FIELD 
 dft    : DFT Parameters 
 ri     : RI Parameters 
 rijk   : RI-JK-HF Parameters 
 rirpa  : RIRPA Parameters 
 gw     : OPTIONS AND DATA GROUPS FOR GW (escf) 
 senex  : seminumeric exchange parameters 
 hybno  : hybrid Noga/Diag parameters
 dsp    : DFT dispersion correction
 nmr    : NMR shift parameters
 ncoup  : NMR coupling parameters
 epr    : EPR parameters
 trunc  : USE TRUNCATED AUXBASIS DURING ITERATIONS 
 marij  : MULTIPOLE ACCELERATED RI-J 

 fde    : Frozen Density Embedding 
 dis    : DISPLAY MOLECULAR GEOMETRY 
 list   : LIST OF CONTROL FILE 
 &      : GO BACK TO OCCUPATION/ORBITAL ASSIGNMENT MENU
 * or q : END OF DEFINE SESSION 


 ***********************************************************
 *                                                         *
 *                       e n d   o f                       *
 *                       D E F I N E                       *
 *                                                         *
 ***********************************************************


    ------------------------------------------------------------------------
         total  cpu-time :   0.24 seconds
         total wall-time :   0.30 seconds
    ------------------------------------------------------------------------

   ****  define : all done  ****


    2026-04-15 19:55:32.323 

 define ended normally 
