============================================================
TURBOMOLE B3LYP-D4/def2-TZVP — Optimización geométrica v3
Inicio: 2026-03-23 01:19:12
============================================================

[01:19:12] Moléculas a procesar: 58 (ordenadas menor→mayor tamaño)

[01:19:12] [01/58] Ammonia (4 átomos) → ⊘ YA CONVERGIDO, saltando
[01:19:12] [02/58] Methylamine (7 átomos) → ⊘ YA CONVERGIDO, saltando
[01:19:12] [03/58] Acrylic_acid (9 átomos) → ⊘ YA CONVERGIDO, saltando
[01:19:12] [04/58] Glycolic_acid (9 átomos) → ⊘ YA CONVERGIDO, saltando
[01:19:12] [05/58] 2-Aminoethanol (11 átomos) → ⊘ YA CONVERGIDO, saltando
[01:19:12] [06/58] Cisplatin (11 átomos)
[01:19:12]          ejecutando define...
[01:19:13]          lanzando jobex...
[01:19:14]          ✗ NO convergió en 0m 1s (rc=1)
[01:19:14] [07/58] 5-Fluorouracil (12 átomos) → ⊘ YA CONVERGIDO, saltando
[01:19:14] [08/58] D-Lactic_acid (12 átomos) → ⊘ YA CONVERGIDO, saltando
[01:19:14] [09/58] Ethylenediamine (12 átomos) → ⊘ YA CONVERGIDO, saltando
[01:19:14] [10/58] Glycolide (12 átomos) → ⊘ YA CONVERGIDO, saltando
[01:19:14] [11/58] L-Lactic_acid (12 átomos) → ⊘ YA CONVERGIDO, saltando
[01:19:14] [12/58] Methyl_acrylate (12 átomos) → ⊘ YA CONVERGIDO, saltando
[01:19:14] [13/58] Succinic_acid (14 átomos) → ⊘ YA CONVERGIDO, saltando
[01:19:14] [14/58] Diglycolic_acid (15 átomos) → ⊘ YA CONVERGIDO, saltando
[01:19:14] [15/58] Ethyl_acrylate (15 átomos) → ⊘ YA CONVERGIDO, saltando
[01:19:14] [16/58] Methyl_methacrylate (15 átomos) → ⊘ YA CONVERGIDO, saltando
[01:19:14] [17/58] Aspartic_acid (16 átomos) → ⊘ YA CONVERGIDO, saltando
[01:19:14] [18/58] Methyl_3-aminopropionate (16 átomos) → ⊘ YA CONVERGIDO, saltando
[01:19:14] [19/58] 4-Aminobenzoic_acid (17 átomos) → ⊘ YA CONVERGIDO, saltando
[01:19:14] [20/58] Asparagine (17 átomos) → ⊘ YA CONVERGIDO, saltando
[01:19:14] [21/58] Glutaric_acid (17 átomos) → ⊘ YA CONVERGIDO, saltando
[01:19:14] [22/58] 2-(2-Aminoethoxy)ethanol (18 átomos) → ⊘ YA CONVERGIDO, saltando
[01:19:14] [23/58] 22-Iminodiethanol (18 átomos) → ⊘ YA CONVERGIDO, saltando
[01:19:14] [24/58] epsilon-Caprolactone (18 átomos) → ⊘ YA CONVERGIDO, saltando
[01:19:14] [25/58] L-Lactide (18 átomos) → ⊘ YA CONVERGIDO, saltando
[01:19:14] [26/58] Bis(2-aminoethyl)_ether (19 átomos) → ⊘ YA CONVERGIDO, saltando
[01:19:14] [27/58] Adipic_acid (20 átomos) → ⊘ YA CONVERGIDO, saltando
[01:19:14] [28/58] Diethylenetriamine (20 átomos) → ⊘ YA CONVERGIDO, saltando
[01:19:14] [29/58] 6-Hydroxyhexanoic_acid (21 átomos) → ⊘ YA CONVERGIDO, saltando
[01:19:14] [30/58] Lactic_acid_dimer (21 átomos) → ⊘ YA CONVERGIDO, saltando
[01:19:14] [31/58] Glucuronic_acid (23 átomos) → ⊘ YA CONVERGIDO, saltando
[01:19:14] [32/58] D-Galactose (24 átomos) → ⊘ YA CONVERGIDO, saltando
[01:19:14] [33/58] D-Mannose (24 átomos) → ⊘ YA CONVERGIDO, saltando
[01:19:14] [34/58] Triethylene_glycol (24 átomos) → ⊘ YA CONVERGIDO, saltando
[01:19:14] [35/58] Glucosamine (25 átomos) → ⊘ YA CONVERGIDO, saltando
[01:19:14] [36/58] Arginine (26 átomos) → ⊘ YA CONVERGIDO, saltando
[01:19:14] [37/58] Triethylenetetramine (28 átomos) → ⊘ YA CONVERGIDO, saltando
[01:19:14] [38/58] Tris(2-aminoethyl)amine (28 átomos) → ⊘ YA CONVERGIDO, saltando
[01:19:14] [39/58] Gemcitabine (29 átomos)
[01:19:14]          ejecutando define...
[01:19:16]          lanzando jobex...
[09:52:08]          ✓ CONVERGIDO en 8h 32m 54s
[09:52:08] [40/58] Glucosamine-6-sulfate (29 átomos) → ⊘ YA CONVERGIDO, saltando
[09:52:08] [41/58] Lactic_acid_trimer (30 átomos) → ⊘ YA CONVERGIDO, saltando
[09:52:08] [42/58] N-Acetylglucosamine (30 átomos)
[09:52:08]          ejecutando define...
[09:52:10]          lanzando jobex...
[12:35:29]          ✓ CONVERGIDO en 2h 43m 20s
[12:35:29] [43/58] Biotin (32 átomos)
[12:35:29]          ejecutando define...
[12:35:30]          lanzando jobex...
[21:24:20]          ✓ CONVERGIDO en 8h 48m 51s
[21:24:20] [44/58] Ibuprofen (33 átomos)
[21:24:20]          ejecutando define...
[21:24:21]          lanzando jobex...
