
   OpenMP run-time library returned nthreads = 16

 force (s02r1b80) : TURBOMOLE rev. V7-8-1 compiled 26 Feb 2024 at 17:12:58
 Copyright (C) 2024 TURBOMOLE GmbH, Karlsruhe


    2026-04-16 23:33:08.053 



                             T U R B O M O L E   

                          a o f o r c e - program

                        using direct algorithms for

                       SCF level calculations of
                         * harmonic force constants
                         * hyperpolarizabilities
                         * IR and RAMAN intensities
                         * VCD intensities

                       DFT level calculations of
                         * harmonic force constants
                         * IR intensities
                                                   
       Stephan Boecker, Peter Deglmann, Filipp Furche and Marco Haeser
                          Quantum Chemistry Group
                          Universitaet  Karlsruhe
                                   Germany

 
 

          OpenMP Shared-Memory Parallelization: 16 CPUs.

            By: Erik P. Almaraz and Filipp Furche
            Copyright 2009-2011 by UCI and TURBOMOLE GmbH.

            Revised By: Christof Holzer and Yannick J. Franzke.

 
 
     References :
 
       RI-J implementation:
         Peter Deglmann, Klaus May, Filipp Furche, Reinhart Ahlrichs
                 Chem. Phys. Lett. 384:103 (2004)
 
       Efficiency, technical details:
         Peter Deglmann, Filipp Furche, Reinhart Ahlrichs
                 Chem. Phys. Lett. 362:511 (2002)
 
       Search of lowest eigenvalues by iterative diagonalization:
         Peter Deglmann, Filipp Furche
                 J. Chem. Phys. 117:9535 (2002)
 
       Vibrational circular dichroism implementation:
        Kevin Reiter, Michael Kuehn, Florian Weigend
                 J. Chem. Phys. 146:054102 (2017)  
 
 


              +--------------------------------------------------+
              | Atomic coordinate, charge and isotop information |
              +--------------------------------------------------+

                    atomic coordinates            atom    charge  isotop
         -4.31274344   -1.13707556   -0.32289696    c      6.000     0
         -1.76565869   -0.27547389   -1.34832912    c      6.000     0
          0.16423377   -1.54668161    0.01502857    o      8.000     0
          2.66877809   -0.98200642   -0.74539522    c      6.000     0
          3.71272354    1.34980474    0.58289283    c      6.000     0
          6.24154767    1.67303103   -0.28132763    o      8.000     0
         -4.81110368   -0.55087016    2.32600008    n      7.000     0
         -4.45303976   -3.18452894   -0.56475925    h      1.000     0
         -5.80270456   -0.29267417   -1.47984499    h      1.000     0
         -1.61774718   -0.73168392   -3.37110606    h      1.000     0
         -1.58056296    1.78449434   -1.14782232    h      1.000     0
          2.78257687   -0.72511132   -2.79912060    h      1.000     0
          3.82991248   -2.61228986   -0.24621476    h      1.000     0
          2.55923482    3.01324352    0.13751307    h      1.000     0
          3.64393766    1.04776398    2.63137994    h      1.000     0
          6.98967581    3.08657201    0.58362528    h      1.000     0
         -4.84122020    1.34458879    2.61045980    h      1.000     0
         -3.40784215   -1.26110445    3.41991734    h      1.000     0
 
       center of nuclear mass  :    0.35028937   -0.15942930    0.05769572
       center of nuclear charge:    0.30154041   -0.13180229    0.05040112

              +--------------------------------------------------+
              |               basis set information              |
              +--------------------------------------------------+

              we will work with the 1s 3p 5d 7f 9g ... basis set
              ...i.e. with spherical basis functions...

   type   atoms  prim   cont   basis
   ---------------------------------------------------------------------------
    c        4     46     31   def2-TZVP   [5s3p2d1f|11s6p2d1f]
    o        2     46     31   def2-TZVP   [5s3p2d1f|11s6p2d1f]
    n        1     46     31   def2-TZVP   [5s3p2d1f|11s6p2d1f]
    h       11      8      6   def2-TZVP   [3s1p|5s1p]
   ---------------------------------------------------------------------------
   total:   18    410    283
   ---------------------------------------------------------------------------

   total number of primitive shells          :   66
   total number of contracted shells         :  121
   total number of cartesian basis functions :  318
   total number of SCF-basis functions       :  283

 
             FOUND RI-J FLAG !
 

 NOTE: THIS IS A PRELIMINARY IMPLEMENTATION. THE RI APPROXIMATION IS
       PRESENTLY USED FOR CPKS CONTRIBUTIONS TO THE HESSIAN ONLY! SEE
       MANUAL FOR FURTHER DETAILS.

  
 AUXILIARY BASIS SET information:

              we will work with the 1s 3p 5d 7f 9g ... basis set
              ...i.e. with spherical basis functions...

   type   atoms  prim   cont   basis
   ---------------------------------------------------------------------------
    c        4     70     49   def2-TZVP   [6s4p3d1f1g|12s5p4d2f1g]
    o        2     70     49   def2-TZVP   [6s4p3d1f1g|12s5p4d2f1g]
    n        1     70     49   def2-TZVP   [6s4p3d1f1g|12s5p4d2f1g]
    h       11     16     11   def2-TZVP   [3s1p1d|5s2p1d]
   ---------------------------------------------------------------------------
   total:   18    666    464
   ---------------------------------------------------------------------------

   total number of primitive shells          :   80
   total number of contracted shells         :  160
   total number of cartesian basis functions :  559
   total number of SCF-basis functions       :  464


 symmetry group of the molecule :   c1 

 the group has the following generators :
   c1(z)

    1 symmetry operations found

 there are 1 real representations :   a   

 maximum number of shells which are related by symmetry :  1


 determining totally symmetric integral contributions 
    - equivalent to irreducible tensor elements - 
 which can be formed within each triple of representations :

             representation triple      contributions

              a     a     a               1
  MOs are in ASCII format !

  MOs are in ASCII format !


    mo occupation :
   irrep   mo's   occupied
    a      283       29
 
 number of basis functions   :   283
 number of occupied orbitals :    29
 

 reading orbital data $scfmo  from file mos
 orbital characterization : scfconv=7
 time elapsed for calculating density matrices :   0.158 sec
 all orbitals will be included in the transformation

 number of non-frozen orbitals          :   283
 number of non-frozen occupied orbitals :    29


 Blocking parameters 
 shells:
    index      start shell   last shell  start bf    last bf    #bf 
       1             1         121             1        318    318
          size of I/O Block in Byte:               43685568
  
           ----------------------
               RI - INFORMATION
           ----------------------

 biggest AO integral is expected to be     7.998976882

 Threshold for integral neglect (rithr2):   0.79E-11
 Threshold for integral neglect (rithr1):   0.79E-11

 Contributions to RI integral batches: 
  neglected integral batches:                   927
  direct contribution:                            0
  memory contribution:                  6454
 Core memory available (ricore)            5000 MiB
 Core memory needed for (P|Q) and Cholesky 2 MiB
 Core memory used for integrals            189 MiB
  
 ****************************************
 Memory allocated for RIDFT 191 MiB
 ****************************************
                                            
  
           ------------------
           density functional
           ------------------
 Becke-3-Parameter hybrid functional: B3-LYP
 exchange:    0.8*LDA + 0.72*B88 + 0.2*HF
 correlation: 0.19*LDA(VWN) + 0.81*LYP
 iterations will be done with small grid
  
 spherical integration : Lebedev's spherical grid
 spherical gridsize    :                     3
    i.e. gridpoints    :                   302
  maximum batchsize    :                   100
 value for diffuse not defined
 radial integration    : Chebyshev 2nd kind (scaling 3)
 radial gridsize       :                     3
 integration cells     :                    18
 partition function    : becke
 partition sharpness   :                     3
  
 
 Derivatives of quadrature weights will be included
 
 preparing DFT   numerical integration ....
          Overall gridpoints after grid construction =         81903
 Ordering of quadrature gridpoints disabled.
 
 
 
 
 OCCUPIED-OCCUPIED TENSOR SPACES :

          IRREP   tensor space dimension   number of roots

           a                 841                     48
 
 OCCUPIED-VIRTUAL TENSOR SPACES :

          IRREP   tensor space dimension   number of roots

           a                7366                     48
 
 
 
 
 CONSTRUCTING integral bounds

 setting up bound for integral derivative estimation

 increment for numerical differentiation : 0.00050000
 
 machine precision:   2.220446049250313E-016

 integral neglect threshold       :  0.10E-09
 integral storage threshold THIZE :  0.10E-04
 integral storage threshold THIME :         5

 
 
 
 PREPARING NUMERICAL INTEGRATION
 
 Remaining core memory for DFT =                  7875 MB
 
 Memory needed per atom    =                  1188 KiB
 
     i. e.                    18 atoms per loop

 Calculating ground state density on molecular grid

 Integral of ground state density: N =   58.00007499135874    


 
 
 CONSTRUCTING first deriv. of <mu|x,y,z|nu> -> Dip. deriv.
  dipole integral derivatives will be neglected if
  expon. factor <0.157233E-11
      ...terminated. cpu:       0.32       wall:       0.02
 
 
 
 
 CONSTRUCTING first deriv. of  <mu|nu>
                               <mu|h|nu>    -> RHS
              second deriv. of <mu|nu>      -> Hessian
                               <mu|h|nu>    -> Hessian
                               nucl. rep.   -> Hessian
     integrals are neglected if expon. factor <  1.572327044025157E-013
      ...terminated. cpu:       1.63       wall:       0.10



 CONSTRUCTING second deriv. of 2e energy    -> Hessian
  treating Coulomb (and exchange) contribution
  integrals will be neglected if total contribution <  0.15723270E-08
      ...terminated. cpu:     257.28       wall:      20.21
  treating exchange-correlation contribution
      ...terminated. cpu:      74.53       wall:       4.84
 
 
 
 
 CONSTRUCTING S(i,j)xi
      ...terminated. cpu:       0.17       wall:       0.01
 
 
 
 
 CONSTRUCTING <i|x,y,z|j>*S(i,j)xi          -> Dip. deriv.
      ...terminated. cpu:       0.03       wall:       0.00
 
 
 
 
 CONSTRUCTING epsilon(i)*S(i,j)xi*S(i,j)chi -> Hessian
      ...terminated. cpu:       0.03       wall:       0.00
 
 
 
 
 CONSTRUCTING G(a,i)[S(k,l)xi]              -> RHS
              G(i,j)[S(k,l)xi]*S(i,j)chi    -> Hessian
 
         Maximum core memory set to                   8000 MB
         This corresponds to                 10336 vectors in CAO basis
      ...terminated. cpu:     249.71       wall:      18.56
 
 
 
 
 CONSTRUCTING G(mu,nu)[D(kap,lam)]xi
 
          Maximum core memory set to                   8000 MB
          Atoms treated simultaneously :                    18
 max of dfo   60.7018337909412     
      ...terminated. cpu:     252.74       wall:      15.81




 CONSTRUCTING F(a,i)xi                      -> RHS
              F(i,j)xi*S(i,j)chi            -> Hessian
 
        Maximum core memory set to                  8000 MB
        This corresponds to                 18051 vectors in CAO basis
      ...terminated. cpu:       1.07       wall:       0.07
 
 
 
 
 CONSTRUCTING epsilon(i)*S(a,i)xi           -> RHS
      ...terminated. cpu:       0.94       wall:       0.06





 SOLVING CPHF equations
 
 Residuum convergence criterium   :  1.000000000000000E-005
 
 Maximum number of Davidson iterations set to                    25

 logfile cphf_a    will be constructed


  Switching to small grid for DFT
        preparing DFT   numerical integration ....
          Overall gridpoints after grid construction =         21557

 Calculating ground state density on molecular grid

 Integral of ground state density: N =   58.00321638733084    




                       Nonorthonormal Krylov Space Iteration


 total number of roots to be determined: 48


 maximum core memory set to         8000 MB,
 corresponding to    10280 vectors in CAO basis


 maximum number of simultaneously treated vectors (including degeneracy):       48


 Iteration IRREP Converged      Max. Euclidean
                 roots          residual norm

    1       a        0        7.843358431643487D-02
 
    2       a        0        8.665844333646254D-03
 
    3       a        0        6.093486558400278D-04
 
    4       a       13        3.671952013558246D-05
 
    5       a       48        9.767708512093125D-06
 

 converged!

  Switching to fine grid
        preparing numerical DFT   integration ....
          Overall gridpoints after grid construction =         81903

 Calculating ground state density on molecular grid

 Integral of ground state density: N =   58.00007499135876    



 Iteration IRREP Converged      Max. Euclidean
                 roots          residual norm

    6       a        0        1.058832246938834D-04
 

 NOTE: Residual norms are larger than 1.00D-05 due to mgrid option!

      ...terminated. cpu:    1021.49       wall:      82.79
 
 
 
 
 CONSTRUCTING <a|x,y,z|i>*U(a,i)xi          -> Dip. deriv.
      ...terminated. cpu:       0.12       wall:       0.01
 
 
 
 
 CONSTRUCTING RHS(a,i)xi*U(a,i)chi          -> Hessian
      ...terminated. cpu:       0.21       wall:       0.01
 
 
 
 

            -----------------------
            permanent dipole moment
            -----------------------

                                   x                y                z
    electronic part       :  -17.1650220610     8.5259047889    -2.9374385033
     nuclear   part       :   17.4893437154    -7.6445325429     2.9232646863
     total                :    0.3243216544     0.8813722460    -0.0141738171

 with reference to the point :   0.0000000        0.0000000        0.0000000
 (given in atomic units)
    | dipole |       :    2.3873695249  debye

   ***  dipole moment & cartesian dipole gradients written onto
        $dipole, $dipgrad,  file=<dipgrad>  ***

             -----------------------------------
             rotational and vibrational analysis
             -----------------------------------


            ==============================================================
            ATOMIC WEIGHTS (average over the natural occurance of isotops)
            ==============================================================
            ('*' denotes special isotop !)
              1     c                12.01115
              2     c                12.01115
              3     o                15.99940
              4     c                12.01115
              5     c                12.01115
              6     o                15.99940
              7     n                14.00670
              8     h                 1.00797
              9     h                 1.00797
             10     h                 1.00797
             11     h                 1.00797
             12     h                 1.00797
             13     h                 1.00797
             14     h                 1.00797
             15     h                 1.00797
             16     h                 1.00797
             17     h                 1.00797
             18     h                 1.00797

          -------------------------------------------------
          CARTESIAN FORCE CONSTANT MATRIX (hartree/bohr**2)
         (translational & rotational space projected out)
          -------------------------------------------------

   ATOM              1 c                           2 c 
                  dx        dy        dz        dx        dy        dz
   1 c     dx  0.5081200
           dy -0.0385974 0.6020328
           dz  0.0641019-0.0133446 0.4982810
   2 c     dx -0.1505932-0.0408256 0.0358212 0.4557035
           dy -0.0324495-0.0983881 0.0136093 0.0285553 0.5493998
           dz  0.0221889 0.0114077-0.0884377-0.0238268 0.0337872 0.5441394
   3 o     dx -0.0419272 0.0219800-0.0239256-0.1319615 0.0472645-0.0587974
           dy -0.0030312 0.0064472-0.0054578 0.0272253-0.1054692 0.0524581
           dz  0.0045365-0.0053767 0.0057873-0.0282030 0.0507333-0.1173182
   4 c     dx -0.0019578 0.0021956-0.0017275-0.0454766 0.0020686 0.0040447
           dy  0.0018944-0.0020064 0.0023921 0.0180866 0.0005249-0.0082770
           dz -0.0028225 0.0023726-0.0037740-0.0148152-0.0104551 0.0037825
   5 c     dx -0.0007831 0.0004496-0.0000795 0.0009923-0.0055761-0.0000719
           dy  0.0006670-0.0010161 0.0004732-0.0022116 0.0056035-0.0021851
           dz  0.0002331-0.0000910 0.0010386-0.0018002 0.0023245-0.0011711
   6 o     dx  0.0003180-0.0000771-0.0005889 0.0017661-0.0010432 0.0017671
           dy -0.0002755 0.0005011-0.0004492 0.0020233-0.0033158 0.0016836
           dz -0.0001915 0.0000659-0.0001889 0.0004921-0.0009245 0.0002135
   7 n     dx -0.0730570 0.0133162-0.0076798-0.0039477 0.0074380 0.0339264
           dy  0.0274714-0.1010975-0.0370216 0.0005530 0.0037610 0.0079004
           dz  0.0357699-0.0111018-0.2011828 0.0109174-0.0049463-0.0302866
   8 h     dx -0.0501789-0.0156854-0.0032045-0.0059005-0.0331715-0.0005618
           dy -0.0173735-0.2985370-0.0240202-0.0015441-0.0138419 0.0008458
           dz -0.0036586-0.0181085-0.0494588 0.0008585 0.0124584 0.0015109
   9 h     dx -0.1850589 0.0766041-0.1000068-0.0189068 0.0156029-0.0174337
           dy  0.0789107-0.0956551 0.0596177-0.0088863 0.0036674-0.0057739
           dz -0.0961754 0.0554308-0.1184618 0.0049250-0.0048439 0.0061648
  10 h     dx  0.0013688 0.0096862 0.0271457-0.0520534 0.0028443 0.0268608
           dy -0.0016300 0.0021399 0.0099762 0.0045061-0.0684422-0.0615900
           dz -0.0000435-0.0048456-0.0100319 0.0245233-0.0587089-0.2632265
  11 h     dx -0.0042198-0.0320411-0.0038582-0.0526593-0.0307386-0.0009978
           dy -0.0019861-0.0113257-0.0039134-0.0291252-0.2739111-0.0317481
           dz  0.0032349 0.0110868 0.0009708-0.0027082-0.0342552-0.0572788
  12 h     dx  0.0000044-0.0001587 0.0001469 0.0044417-0.0017329 0.0059257
           dy  0.0000345-0.0001260-0.0000642 0.0017139 0.0000317-0.0002420
           dz  0.0003829-0.0000738 0.0003266-0.0034535 0.0015254 0.0018869
  13 h     dx -0.0006459 0.0011790-0.0013961-0.0024420-0.0008029 0.0058032
           dy -0.0004403 0.0002413-0.0001492-0.0021809 0.0007216-0.0000703
           dz  0.0004141-0.0000257 0.0002754-0.0001008-0.0006235-0.0011013
  14 h     dx  0.0000056-0.0000256 0.0000252-0.0008319 0.0003082-0.0005214
           dy -0.0003943 0.0005853 0.0000701 0.0008476-0.0018885 0.0003675
           dz -0.0000509 0.0000422 0.0000737-0.0003496 0.0005244-0.0000064
  15 h     dx  0.0000942-0.0000766-0.0001627-0.0003741 0.0003699-0.0001316
           dy -0.0000459 0.0001607 0.0001866 0.0001632-0.0003236-0.0000051
           dz  0.0000940-0.0000991-0.0002365-0.0001152-0.0000177 0.0000574
  16 h     dx -0.0001205 0.0000919-0.0000579 0.0004705-0.0007650 0.0002207
           dy -0.0000518 0.0000545-0.0000948-0.0002303-0.0000571-0.0000581
           dz -0.0000341 0.0000150 0.0001180 0.0001369 0.0000042-0.0000015
  17 h     dx -0.0038929 0.0065862 0.0059341 0.0004227 0.0026072-0.0004572
           dy -0.0044178-0.0089678 0.0011851 0.0002954 0.0019450 0.0012872
           dz  0.0013287-0.0419452-0.0081516-0.0002270-0.0015928 0.0013201
  18 h     dx  0.0025244-0.0046014 0.0095125 0.0013501-0.0007793 0.0020620
           dy -0.0082847 0.0049570-0.0029955 0.0010343-0.0000174 0.0002121
           dz -0.0293084 0.0145908-0.0269472-0.0020750 0.0014012-0.0002473

   ATOM              3 o                           4 c 
                  dx        dy        dz        dx        dy        dz
   3 o     dx  0.4755156
           dy -0.0234441 0.1822835
           dz  0.0178903-0.1096640 0.2172226
   4 c     dx -0.1928661-0.0157467 0.0221793 0.4915164
           dy -0.0392626-0.0808220 0.0257035-0.0678564 0.5348462
           dz  0.0514284 0.0254350-0.0920517 0.0270739-0.0456758 0.5729596
   5 c     dx -0.0307536-0.0276976-0.0085355-0.0692699-0.0175734-0.0214291
           dy -0.0053552 0.0003393 0.0050760-0.0098230-0.1576899-0.0521226
           dz  0.0111120 0.0121561 0.0065686-0.0161267-0.0496738-0.1140327
   6 o     dx -0.0042037-0.0046552-0.0035978-0.0280595-0.0049386 0.0090818
           dy -0.0091441-0.0063728-0.0041964-0.0330374-0.0003501 0.0125982
           dz -0.0045251-0.0040067 0.0000808-0.0128268 0.0004100 0.0075998
   7 n     dx  0.0011983 0.0007349 0.0016361 0.0018449 0.0000259 0.0005720
           dy -0.0007601 0.0014124-0.0001501 0.0004296 0.0000951-0.0002737
           dz  0.0004923 0.0002705 0.0014163-0.0012970-0.0003120 0.0005681
   8 h     dx  0.0033389 0.0007898-0.0001592-0.0001198-0.0000103 0.0002443
           dy  0.0007128 0.0018069-0.0005620-0.0000032 0.0003431-0.0000346
           dz -0.0004568-0.0010475 0.0001125-0.0002086 0.0000071-0.0000066
   9 h     dx -0.0070122-0.0029974 0.0033418 0.0000706 0.0008783-0.0013370
           dy -0.0017703-0.0001049 0.0007643-0.0006148 0.0008228-0.0001218
           dz  0.0037170 0.0007600 0.0001165 0.0003416-0.0002257 0.0006472
  10 h     dx -0.0108080 0.0022494-0.0313961 0.0051726 0.0007410-0.0053048
           dy  0.0056002 0.0041308 0.0231617-0.0020179 0.0001555 0.0007341
           dz -0.0135152 0.0064467-0.0231912 0.0041482 0.0006749-0.0001347
  11 h     dx -0.0070476 0.0322875-0.0056873 0.0038278 0.0021247 0.0001101
           dy  0.0137065-0.0190824 0.0081440-0.0040044-0.0001788 0.0019003
           dz -0.0047505 0.0247000 0.0013112 0.0013995 0.0003206 0.0000067
  12 h     dx -0.0191758-0.0074020 0.0370682-0.0501226 0.0035604-0.0031748
           dy -0.0046964 0.0007305 0.0090244 0.0007106-0.0572470 0.0319211
           dz  0.0122348 0.0029018-0.0093956 0.0014893 0.0298138-0.2882364
  13 h     dx -0.0356744 0.0216513-0.0089410-0.1161005 0.1079819-0.0345649
           dy -0.0056354 0.0114139-0.0031488 0.1142395-0.2176060 0.0550185
           dz  0.0094389-0.0072712 0.0048399-0.0401550 0.0575932-0.0724891
  14 h     dx  0.0014774 0.0017846 0.0004976 0.0080222-0.0098368 0.0028557
           dy -0.0016988 0.0025645 0.0001693 0.0165809-0.0236612 0.0072463
           dz  0.0003262 0.0013575 0.0002516 0.0089825-0.0147299 0.0042349
  15 h     dx  0.0013254 0.0007711 0.0003354 0.0007544 0.0016937-0.0122771
           dy  0.0016893 0.0012448 0.0013937-0.0012555 0.0025151-0.0301181
           dz -0.0007572 0.0003849 0.0023779-0.0002127 0.0022206-0.0180527
  16 h     dx -0.0015231-0.0020255-0.0007914-0.0060120 0.0025314 0.0041094
           dy  0.0002768 0.0001882-0.0004279-0.0015915 0.0003995 0.0014981
           dz  0.0010404 0.0004128 0.0005879 0.0012067-0.0002700-0.0013882
  17 h     dx -0.0001759-0.0005955-0.0001070-0.0004180 0.0000167 0.0002504
           dy  0.0002129-0.0001860 0.0001180-0.0000119 0.0000059-0.0000094
           dz -0.0004954 0.0004710-0.0000700 0.0003834 0.0000247-0.0000481
  18 h     dx  0.0002734 0.0001012-0.0000670-0.0008061-0.0000568-0.0000006
           dy  0.0003240-0.0005246-0.0007623-0.0002621-0.0001467 0.0000869
           dz -0.0004571-0.0003071 0.0013535 0.0013053 0.0000038 0.0004155

   ATOM              5 c                           6 o 
                  dx        dy        dz        dx        dy        dz
   5 c     dx  0.4706917
           dy -0.0440012 0.5389604
           dz  0.0154589-0.0190331 0.5680956
   6 o     dx -0.1978104-0.0004985 0.0612816 0.3872410
           dy -0.0300994-0.0824687-0.0039912 0.1885669 0.3879165
           dz  0.0341666-0.0177392-0.0931051 0.0061558 0.2081678 0.2169087
   7 n     dx  0.0006350 0.0000378-0.0001753-0.0007958-0.0001541 0.0001586
           dy  0.0002155 0.0000093-0.0001901-0.0002219-0.0000216 0.0000903
           dz -0.0002230-0.0001055-0.0003397 0.0004524 0.0001613 0.0001121
   8 h     dx  0.0002312-0.0002922-0.0000387-0.0000730 0.0001389 0.0000073
           dy  0.0002892-0.0001585-0.0000747-0.0000859 0.0000618 0.0000545
           dz -0.0001068 0.0000973-0.0000509 0.0001086-0.0000088 0.0000222
   9 h     dx -0.0001022 0.0003920 0.0002088-0.0002415-0.0002807-0.0000416
           dy  0.0000441 0.0000384-0.0000501 0.0000790 0.0000267 0.0000072
           dz  0.0001117-0.0001180-0.0001975 0.0000383 0.0000995 0.0000718
  10 h     dx -0.0003275-0.0001313 0.0005931-0.0002986-0.0002955-0.0000296
           dy  0.0005008-0.0006880-0.0001785-0.0000731 0.0002761 0.0001008
           dz  0.0000097 0.0001914 0.0001092-0.0005117-0.0003644 0.0001026
  11 h     dx -0.0003988-0.0001185-0.0006032 0.0004473-0.0000390 0.0001095
           dy  0.0012996-0.0015736-0.0007215-0.0001652 0.0009156 0.0002994
           dz -0.0001313-0.0001822 0.0000684 0.0000865-0.0000127-0.0000537
  12 h     dx  0.0017066 0.0018526-0.0110693 0.0009845 0.0004534 0.0004315
           dy -0.0010888 0.0023147-0.0307375 0.0014209 0.0013158 0.0015868
           dz -0.0000807 0.0023096-0.0185234-0.0005706 0.0002548 0.0018105
  13 h     dx  0.0065021-0.0086038 0.0021988 0.0014422 0.0007559-0.0002139
           dy  0.0156994-0.0265501 0.0067492-0.0003206 0.0024834 0.0002656
           dz  0.0079796-0.0173392 0.0041429 0.0005468 0.0014259 0.0001692
  14 h     dx -0.1107888 0.0997353-0.0320756-0.0374005 0.0218347 0.0010726
           dy  0.1014305-0.2136243 0.0477451-0.0025105 0.0114435-0.0026374
           dz -0.0329627 0.0501709-0.0701519 0.0114388-0.0106233 0.0054324
  15 h     dx -0.0493307 0.0023945-0.0090839-0.0163769-0.0075823 0.0406265
           dy  0.0029593-0.0597557 0.0388752-0.0050290 0.0022800 0.0042246
           dz -0.0060621 0.0365140-0.2872975 0.0122995 0.0025839-0.0058243
  16 h     dx -0.0207068-0.0339578-0.0203307-0.1076394-0.1330785-0.0652340
           dy  0.0033419-0.0037679-0.0032389-0.1706414-0.3146884-0.1898856
           dz  0.0116973 0.0139247 0.0046928-0.0975652-0.2071423-0.1332835
  17 h     dx -0.0003201 0.0000820 0.0001164 0.0003787 0.0000422-0.0000828
           dy  0.0000451-0.0000148-0.0000818-0.0000474 0.0000156 0.0000519
           dz  0.0000961-0.0000352 0.0000527-0.0001204-0.0000401-0.0000468
  18 h     dx -0.0001671-0.0001679 0.0001008 0.0003214 0.0001710-0.0000753
           dy -0.0002385 0.0000420 0.0002119 0.0002408-0.0000185-0.0001315
           dz  0.0001628 0.0001031 0.0001010-0.0003029-0.0001465-0.0000211

   ATOM              7 n                           8 h 
                  dx        dy        dz        dx        dy        dz
   7 n     dx  0.3263820
           dy -0.1494747 0.6030245
           dz  0.1467180 0.0232431 0.4892904
   8 h     dx  0.0006038 0.0072080 0.0021356 0.0527340
           dy  0.0022001-0.0062921-0.0061714 0.0193478 0.3250869
           dz  0.0039528-0.0380759-0.0115403-0.0035894 0.0298215 0.0627784
   9 h     dx  0.0072510-0.0040213 0.0038239 0.0022673-0.0005072 0.0023322
           dy -0.0059978 0.0048199-0.0060520 0.0231212-0.0118974 0.0169581
           dz -0.0224204 0.0155393-0.0281670 0.0026481-0.0002664 0.0022085
  10 h     dx -0.0060406-0.0026590 0.0041070 0.0011343-0.0004178-0.0007512
           dy -0.0010757 0.0009638 0.0006630 0.0007224 0.0004448 0.0001223
           dz  0.0031421 0.0012917-0.0007512-0.0002967 0.0005750 0.0002281
  11 h     dx  0.0023078 0.0014613-0.0020823-0.0050915-0.0017812 0.0028241
           dy  0.0010627 0.0024753 0.0004989-0.0018114 0.0008287 0.0003526
           dz -0.0013542 0.0007973 0.0016885 0.0018052 0.0013326 0.0000574
  12 h     dx -0.0003191 0.0000433-0.0001068 0.0001015 0.0000701-0.0000033
           dy -0.0000556-0.0000120 0.0000122-0.0000100-0.0000251 0.0000490
           dz -0.0001867 0.0000748 0.0002129-0.0001148-0.0000242-0.0000121
  13 h     dx -0.0001567-0.0001140 0.0002777 0.0000211-0.0001070 0.0000180
           dy  0.0001030-0.0000038-0.0000749 0.0000450-0.0000095-0.0000079
           dz -0.0001314-0.0000111 0.0001638-0.0000493-0.0000034 0.0000060
  14 h     dx -0.0000006-0.0000081 0.0000233-0.0000232-0.0000226 0.0000239
           dy  0.0001953 0.0000333-0.0000968 0.0002300 0.0001016-0.0000859
           dz -0.0000546-0.0000390-0.0000506 0.0000110-0.0000157-0.0000096
  15 h     dx -0.0000113 0.0000288 0.0001030-0.0000347-0.0000163 0.0000310
           dy -0.0000886-0.0000397-0.0000357 0.0000409 0.0000184-0.0000429
           dz  0.0000100 0.0000877 0.0001716-0.0000463 0.0000042 0.0000341
  16 h     dx  0.0001033 0.0000433-0.0000274 0.0000455 0.0000439-0.0000096
           dy  0.0000480 0.0000002 0.0000128 0.0000087-0.0000017-0.0000056
           dz  0.0000341 0.0000056-0.0000829 0.0000160 0.0000081-0.0000089
  17 h     dx -0.0188041-0.0146356-0.0182004 0.0009710-0.0008057-0.0006594
           dy  0.0317415-0.4099028-0.0532799-0.0001383 0.0019505-0.0023889
           dz -0.0122546-0.0383359-0.0615531 0.0013120-0.0011581-0.0068238
  18 h     dx -0.2371932 0.1344405-0.1828834-0.0000270 0.0000006-0.0007050
           dy  0.0999430-0.0992251 0.0573145-0.0005338 0.0001206-0.0000947
           dz -0.1458929 0.0650673-0.1596695-0.0001188-0.0003112 0.0009530

   ATOM              9 h                          10 h 
                  dx        dy        dz        dx        dy        dz
   9 h     dx  0.1998277
           dy -0.0847241 0.0964976
           dz  0.1071299-0.0627057 0.1420152
  10 h     dx  0.0005861 0.0007100-0.0006109 0.0583339
           dy  0.0004502 0.0002840-0.0004917-0.0095801 0.0679638
           dz  0.0007580-0.0001312 0.0004480-0.0179709 0.0579288 0.2976317
  11 h     dx  0.0009268 0.0007049-0.0004444 0.0025555 0.0036712 0.0019602
           dy -0.0009259 0.0002782 0.0000450-0.0026884-0.0076587-0.0027292
           dz -0.0003404-0.0004575 0.0001566-0.0039973-0.0303112-0.0035973
  12 h     dx -0.0000746 0.0000349-0.0000177 0.0004353-0.0003627-0.0014660
           dy -0.0000282 0.0000159 0.0000086-0.0003580 0.0001504-0.0004857
           dz  0.0001282-0.0000053-0.0000570 0.0016989-0.0005321 0.0009358
  13 h     dx -0.0005171-0.0002473 0.0001987 0.0001987-0.0002435-0.0002438
           dy -0.0001007-0.0000654 0.0000472 0.0000578-0.0000889-0.0000681
           dz  0.0000788 0.0000649-0.0000725-0.0000578 0.0001583 0.0005473
  14 h     dx  0.0000272 0.0000072 0.0000000-0.0000016-0.0001318-0.0000007
           dy -0.0000829-0.0000310 0.0000351-0.0000197 0.0002192-0.0000511
           dz  0.0000051-0.0000003-0.0000029 0.0000225-0.0001546-0.0000720
  15 h     dx -0.0000021-0.0000017 0.0000172-0.0000007-0.0000148 0.0001440
           dy -0.0000010-0.0000080-0.0000112 0.0001415 0.0000111 0.0001756
           dz -0.0000143 0.0000004 0.0000392 0.0001741-0.0000327 0.0001649
  16 h     dx -0.0000263 0.0000039 0.0000263-0.0000606 0.0000648-0.0000306
           dy -0.0000070-0.0000065 0.0000235-0.0000186 0.0000053 0.0000166
           dz  0.0000077-0.0000012-0.0000156 0.0000343 0.0000023 0.0000156
  17 h     dx  0.0001791-0.0007435-0.0004263 0.0001597-0.0005938-0.0002523
           dy -0.0002058 0.0005113-0.0001516-0.0004065 0.0001403 0.0002695
           dz -0.0006715 0.0004171 0.0010799-0.0003144 0.0005647 0.0002678
  18 h     dx  0.0008058-0.0006302 0.0009411-0.0003539 0.0002075-0.0003542
           dy -0.0000451 0.0008060-0.0031749 0.0001447-0.0000073-0.0001862
           dz  0.0020309-0.0025307-0.0059732-0.0002036-0.0001216 0.0005539

   ATOM             11 h                          12 h 
                  dx        dy        dz        dx        dy        dz
  11 h     dx  0.0610705
           dy  0.0248177 0.3077714
           dz  0.0075355 0.0277185 0.0567717
  12 h     dx -0.0004496 0.0003702-0.0002801 0.0600014
           dy  0.0000139 0.0000591-0.0003363 0.0039814 0.0570565
           dz  0.0002651-0.0005272-0.0001408-0.0103934-0.0337443 0.3165780
  13 h     dx -0.0004312 0.0005168-0.0002695 0.0026446-0.0003132-0.0008775
           dy -0.0002883 0.0001762-0.0000807 0.0015178-0.0018697 0.0009615
           dz  0.0003700-0.0000723 0.0001057-0.0167434 0.0252065-0.0068715
  14 h     dx -0.0007476-0.0008168-0.0004058 0.0004084 0.0007868 0.0003385
           dy -0.0007308 0.0011296-0.0001733-0.0000496 0.0014742-0.0001131
           dz -0.0005386-0.0003862 0.0000408 0.0006297 0.0005273 0.0010311
  15 h     dx  0.0000514-0.0001494-0.0000187-0.0009527-0.0026272-0.0006392
           dy -0.0000243 0.0001954 0.0000507-0.0024430-0.0040218-0.0028822
           dz  0.0001252-0.0000685-0.0001033-0.0006349-0.0027512-0.0001254
  16 h     dx -0.0000068 0.0002768 0.0000057 0.0001913 0.0004335-0.0000421
           dy -0.0000152-0.0000140-0.0000131 0.0002406 0.0001513 0.0000812
           dz -0.0000213 0.0000648 0.0000193 0.0000895 0.0001651 0.0004192
  17 h     dx -0.0000638-0.0004953 0.0002211-0.0000197 0.0000096-0.0000259
           dy  0.0008499 0.0000663-0.0003694-0.0000081 0.0000132 0.0000023
           dz  0.0005993 0.0010680 0.0000612-0.0000173-0.0000390 0.0000261
  18 h     dx -0.0000712 0.0001180-0.0000323 0.0001943 0.0000721-0.0001534
           dy -0.0001541-0.0001515 0.0001850 0.0000322-0.0000116-0.0000229
           dz  0.0003338 0.0000746-0.0000844-0.0003843-0.0001009 0.0001351

   ATOM             13 h                          14 h 
                  dx        dy        dz        dx        dy        dz
  13 h     dx  0.1450500
           dy -0.1200047 0.2323400
           dz  0.0385791-0.0563157 0.0699257
  14 h     dx -0.0010054-0.0027648-0.0012893 0.1374389
           dy -0.0024456-0.0033004-0.0032459-0.1144992 0.2273324
           dz -0.0008216-0.0030888-0.0006146 0.0309704-0.0502084 0.0673508
  15 h     dx  0.0006267 0.0001391 0.0008785 0.0027042 0.0028382-0.0165995
           dy  0.0005223 0.0016693 0.0003838 0.0022819-0.0034406 0.0265573
           dz  0.0003482-0.0000926 0.0011102-0.0019068 0.0015033-0.0074248
  16 h     dx  0.0003156-0.0000227 0.0002113 0.0007374 0.0004473-0.0010621
           dy  0.0001604 0.0004671 0.0000888 0.0013686 0.0011408 0.0000323
           dz  0.0000205 0.0000025-0.0001009 0.0003769-0.0005813-0.0000630
  17 h     dx  0.0000728-0.0000365 0.0000063-0.0000129-0.0001384 0.0000685
           dy -0.0000052 0.0000029-0.0000029-0.0000075 0.0000196-0.0000186
           dz -0.0000401 0.0000055-0.0000050 0.0000113 0.0000379 0.0000013
  18 h     dx  0.0000996-0.0000067 0.0000237-0.0000086-0.0000000-0.0000150
           dy  0.0001196-0.0000219-0.0000105 0.0000059-0.0000980 0.0000528
           dz -0.0000755 0.0000468-0.0000310 0.0000041 0.0000187-0.0000206

   ATOM             15 h                          16 h 
                  dx        dy        dz        dx        dy        dz
  15 h     dx  0.0598267
           dy  0.0011066 0.0593312
           dz -0.0038539-0.0397489 0.3146490
  16 h     dx  0.0017967-0.0000295 0.0006686 0.1325211
           dy  0.0011687 0.0001282-0.0004501 0.1659858 0.3160078
           dz  0.0006457 0.0009804 0.0004997 0.0823231 0.1924151 0.1285510
  17 h     dx -0.0000373 0.0000327-0.0000536-0.0000631-0.0000234-0.0000031
           dy  0.0000274-0.0000222 0.0000409 0.0000121 0.0000090-0.0000057
           dz -0.0000192 0.0000273-0.0000266 0.0000083 0.0000013 0.0000170
  18 h     dx -0.0000592-0.0000209-0.0000627-0.0000229-0.0000203-0.0000052
           dy -0.0000697 0.0000576-0.0000791-0.0000558-0.0000163-0.0000001
           dz  0.0000046-0.0000111-0.0000131 0.0000124 0.0000040 0.0000239

   ATOM             17 h                          18 h 
                  dx        dy        dz        dx        dy        dz
  17 h     dx  0.0250323
           dy -0.0224987 0.4305131
           dz  0.0089714 0.0560946 0.0700283
  18 h     dx -0.0034087-0.0054370 0.0014494 0.2365490
           dy  0.0311897-0.0160989 0.0244342-0.1233901 0.1103546
           dz  0.0046999-0.0027414 0.0038705 0.1702647-0.0750398 0.1856012
 

   *** projected hessian written onto $hessian (projected), file=<hessian> ***

 dipole moment in principle axis system (a.u.) :     0.5022342871     0.6598723058     0.4410575127
 norm :  0.9392563381    

 rotational constants b for rotations around axis of inertia
 and optical intensities for (1 <-- 0) transition

   b   :     0.2361401818     0.0318344372     0.0334682270   (cm**(-1))

   b   :  7079.3045538399   954.3724192029  1003.3522052123     (MHz)

   b   :     0.2522392792     0.4354314600     0.1945317295     (a.u.)

   x   :     0.9738910173    -0.2236280800    -0.0390738830
   y   :     0.2100825523     0.8225684021     0.5284378347
   z   :    -0.0860325968    -0.5228496014     0.8480723357

   ***  normal modes written onto $vibrational normal modes, file=<vib_normal_modes>  ***

  Keyword $vibrational reduced masses missing in file <control>


   ***  vibrational spectroscopic data written onto$vibrational spectrum   
        file=<vibspectrum>  ***

          ---------------------------------------------------
          NORMAL MODES and VIBRATIONAL FREQUENCIES (cm**(-1))
          ---------------------------------------------------

 imaginary wave numbers indicate a negative curvature of the energy surface.
 zero frequency modes have no physical meaning except being generators of
 translations and rotations. each vibrational normal mode - given in terms of
 cartesian displacement vectors of all atoms - has been normalized to unity.
 to obtain mass-weigthed normal coordinates in a.u. divide the tabulated
 modes by sqrt(reduced mass * 1822.88853).
 band intensities or cross sections refer to independent non-degenerate normal
 modes, that is, the intensities of degenerate modes have yet to be added.
 dDIP/dQ is the normal mode derivative of the dipole moment.


       mode               1        2        3        4        5        6

     frequency           0.00     0.00     0.00     0.00     0.00     0.00

     symmetry                                                             

        IR                -        -        -        -        -        - 
|dDIP/dQ|   (a.u.)     0.0000   0.0000   0.0000   0.0000   0.0000   0.0000
intensity (km/mol)       0.00     0.00     0.00     0.00     0.00     0.00
intensity (  %   )       0.00     0.00     0.00     0.00     0.00     0.00
 
       RAMAN              -        -        -        -        -        - 
 
  1   c           x   0.03328  0.23843 -0.01048 -0.02536 -0.01111  0.00959
                  y   0.15490 -0.08183 -0.13983  0.17333  0.15297  0.02011
                  z  -0.02347 -0.00489 -0.03441 -0.01238  0.02902 -0.33086
  2   c           x   0.05965  0.23532  0.02122  0.01774 -0.00258  0.04312
                  y   0.04768 -0.05062 -0.22689  0.15375  0.08398  0.04103
                  z  -0.04807  0.01362 -0.02884  0.07823 -0.00776 -0.23000
  3   o           x   0.02309  0.24079 -0.02140 -0.04286 -0.01920 -0.00174
                  y   0.12671 -0.03538 -0.13145  0.04034 -0.04767  0.00151
                  z   0.07737  0.02010  0.12047  0.05828 -0.10698 -0.20334
  4   c           x   0.04175  0.23928  0.00182 -0.01284 -0.01600  0.02296
                  y   0.03984 -0.00567 -0.19836  0.00967 -0.12470  0.01567
                  z   0.07433  0.03720  0.14725  0.13436 -0.15363 -0.11147
  5   c           x   0.04880  0.20651 -0.02606  0.02176  0.11782 -0.01288
                  y   0.12683  0.00026 -0.10218 -0.07889 -0.21783 -0.02099
                  z  -0.08393  0.05255  0.00033  0.26262 -0.09532 -0.01895
  6   o           x   0.06621  0.20819 -0.00090  0.04752  0.10808  0.01449
                  y   0.03190  0.03063 -0.17701 -0.10542 -0.29203 -0.00420
                  z  -0.06851  0.06885  0.04600  0.32808 -0.15157  0.06743
  7   n           x  -0.00123  0.21643 -0.08160 -0.06295  0.08500 -0.07084
                  y   0.35922 -0.09754  0.06181  0.06442  0.07567 -0.04732
                  z  -0.07518 -0.00555 -0.09242  0.00465  0.06421 -0.33107
  8   h           x   0.01260  0.26171 -0.01160 -0.07423 -0.10367  0.01254
                  y   0.13847 -0.08237 -0.15754  0.18815  0.16784  0.02667
                  z   0.12766 -0.01376  0.11609 -0.10948 -0.04313 -0.38815
  9   h           x   0.06150  0.23629  0.02479  0.01992 -0.00685  0.04714
                  y   0.08607 -0.09318 -0.22139  0.26570  0.25848  0.05332
                  z  -0.11005 -0.01043 -0.13935 -0.00329  0.10054 -0.35498
 10   h           x   0.08589  0.25221  0.07550  0.04623 -0.07633  0.10452
                  y  -0.10557 -0.04111 -0.37998  0.24302  0.15279  0.09303
                  z  -0.01159  0.01271  0.00966  0.06018 -0.02867 -0.23724
 11   h           x   0.08112  0.21215  0.02353  0.06777  0.08938  0.04147
                  y   0.06048 -0.04944 -0.21247  0.13966  0.06877  0.03543
                  z  -0.19944  0.02281 -0.17905  0.17680  0.06364 -0.17100
 12   h           x   0.07701  0.24874  0.05968  0.03496 -0.06062  0.08689
                  y  -0.11532  0.00360 -0.35366  0.10126 -0.05332  0.06855
                  z   0.05687  0.03889  0.13103  0.14847 -0.14717 -0.10132
 13   h           x   0.01445  0.25371 -0.01823 -0.06559 -0.07103  0.00398
                  y   0.06334  0.00476 -0.16515 -0.04378 -0.19200  0.00020
                  z   0.21461  0.03770  0.30235  0.08250 -0.24542 -0.11782
 14   h           x   0.07566  0.19140 -0.00738  0.07430  0.17570  0.00452
                  y   0.10726 -0.01031 -0.13136 -0.02812 -0.15284 -0.00693
                  z  -0.22658  0.05223 -0.15705  0.31616 -0.00250 -0.01150
 15   h           x   0.01309  0.19756 -0.08395 -0.02713  0.16041 -0.07674
                  y   0.28106 -0.00852  0.05255 -0.17142 -0.29091 -0.07383
                  z  -0.06239  0.05096  0.02120  0.24734 -0.10466 -0.02888
 16   h           x   0.06954  0.18797 -0.01945  0.06730  0.19082 -0.00908
                  y   0.08773  0.03522 -0.11464 -0.16488 -0.35554 -0.02822
                  z  -0.16264  0.07884 -0.03987  0.40813 -0.11933  0.12707
 17   h           x   0.01696  0.19452 -0.08224 -0.01892  0.17232 -0.07544
                  y   0.38089 -0.09897  0.08338  0.05211  0.06639 -0.05461
                  z  -0.21759  0.00171 -0.23619  0.09134  0.13532 -0.28297
 18   h           x  -0.02686  0.21751 -0.11461 -0.10346  0.08468 -0.10615
                  y   0.42437 -0.08685  0.13894 -0.02277 -0.02386 -0.07870
                  z   0.00000  0.00000  0.00000  0.00000  0.00000 -0.30615

reduced mass(g/mol)     3.999    5.854    3.844    4.735    4.794    5.205


       mode               7        8        9       10       11       12

     frequency          37.49    76.79    92.95   152.43   231.48   237.12

     symmetry            a        a        a        a        a        a   

        IR               YES      YES      YES      YES      YES      YES
|dDIP/dQ|   (a.u.)     0.0009   0.0027   0.0005   0.0016   0.0076   0.0041
intensity (km/mol)       1.49    12.57     0.47     4.36   102.11    29.72
intensity (  %   )       1.02     8.59     0.32     2.98    69.80    20.32
 
       RAMAN             YES      YES      YES      YES      YES      YES
 
  1   c           x   0.01035  0.00550 -0.02448  0.04214 -0.00900 -0.05368
                  y  -0.00510  0.00915 -0.15932 -0.02173  0.00668  0.05428
                  z   0.06647 -0.04831  0.04392  0.06947 -0.00624 -0.00187
  2   c           x  -0.01688  0.03911 -0.08749  0.05633 -0.00266  0.00817
                  y  -0.13139  0.01854 -0.04972  0.05088 -0.01338 -0.10535
                  z  -0.10409  0.04556 -0.02422  0.16490 -0.00744  0.00040
  3   o           x   0.01490  0.01010  0.00369  0.09935 -0.00012  0.03486
                  y  -0.10151  0.00834  0.13898 -0.15765  0.00661 -0.02095
                  z  -0.12057  0.07967  0.02175 -0.08681  0.00703  0.04013
  4   c           x  -0.00073  0.01540 -0.03100  0.06364 -0.00724  0.00644
                  y   0.00729 -0.03178  0.13823 -0.02087  0.01986  0.04493
                  z  -0.09643  0.05946 -0.09918 -0.11879 -0.01087 -0.04019
  5   c           x  -0.05185  0.10584  0.10281 -0.01917  0.02052  0.02282
                  y  -0.09214 -0.13599  0.00136 -0.00542 -0.02236  0.03111
                  z   0.11654  0.16851  0.03215 -0.07659  0.04126 -0.01837
  6   o           x  -0.09094 -0.05916  0.11427  0.01867  0.01766  0.03586
                  y   0.10695  0.12015 -0.08225  0.03759 -0.03436  0.01802
                  z   0.07820 -0.22042  0.03044  0.05176  0.03024  0.00494
  7   n           x   0.13763 -0.11034 -0.08519 -0.22848 -0.00052 -0.07227
                  y   0.19660  0.00981  0.01796  0.09354 -0.00047  0.01072
                  z   0.04638 -0.07076 -0.00666 -0.00634 -0.00371  0.00341
  8   h           x  -0.04195  0.02248  0.13849  0.15824 -0.03398 -0.25166
                  y  -0.01966  0.00854 -0.19012 -0.03949  0.00947  0.07532
                  z   0.21954 -0.05321  0.20860  0.15421 -0.01446 -0.05533
  9   h           x  -0.02297  0.04981 -0.08725  0.08858  0.00051  0.04672
                  y  -0.05872  0.00240 -0.37094 -0.15235  0.02875  0.22157
                  z   0.07057 -0.11072 -0.02974 -0.08743 -0.00292 -0.01437
 10   h           x  -0.12133  0.09559 -0.08441 -0.00240 -0.00208 -0.02169
                  y  -0.25161  0.03921 -0.15206  0.32830 -0.03760 -0.22711
                  z  -0.08463  0.04547 -0.00040  0.09669 -0.00192  0.02494
 11   h           x   0.04675  0.03518 -0.20696  0.08177 -0.00061  0.04857
                  y  -0.12477  0.01723 -0.02611  0.02131 -0.01003 -0.09418
                  z  -0.23124  0.06968 -0.13728  0.43568 -0.03379 -0.13959
 12   h           x  -0.02212 -0.02495 -0.15514  0.00980 -0.03818 -0.07732
                  y   0.20231  0.10986  0.29578  0.02561  0.09366  0.09215
                  z  -0.07238  0.07558 -0.08453 -0.11756 -0.00220 -0.03810
 13   h           x   0.03810 -0.02415 -0.02559  0.14138 -0.00396  0.06137
                  y  -0.01565 -0.10470  0.07803  0.01976 -0.00254  0.05891
                  z  -0.26043 -0.08587 -0.30244 -0.17085 -0.08826 -0.12235
 14   h           x  -0.13819 -0.07462  0.18189 -0.01415  0.02431  0.04433
                  y  -0.09537 -0.15805  0.08932 -0.01649 -0.01343  0.04971
                  z   0.32579  0.55106  0.15018 -0.12601  0.07147 -0.00588
 15   h           x   0.02045  0.46729  0.10693 -0.11546  0.03536  0.00675
                  y  -0.30955 -0.36884 -0.12909 -0.01472 -0.05038  0.00672
                  z   0.08663  0.14548  0.01269 -0.08060  0.03987 -0.02321
 16   h           x  -0.11229  0.07031  0.19932 -0.10667 -0.30444  0.07965
                  y   0.02109 -0.06698 -0.17782  0.15280  0.59185 -0.07497
                  z   0.23700 -0.02658  0.11305 -0.02797 -0.71408  0.11911
 17   h           x   0.17803 -0.11750 -0.24205 -0.28119  0.05740  0.51521
                  y   0.21760  0.00981  0.03895  0.10493 -0.00189 -0.00029
                  z  -0.09013 -0.07175 -0.16395 -0.09244  0.01294  0.15095
 18   h           x   0.17434 -0.16364 -0.03547 -0.36179 -0.02473 -0.37648
                  y   0.25352  0.00490  0.22171  0.14229 -0.05140 -0.50773
                  z   0.03607 -0.00557  0.06192  0.19608 -0.00573  0.05644

reduced mass(g/mol)     3.285    3.090    2.597    3.215    1.085    1.399


       mode              13       14       15       16       17       18

     frequency         293.01   320.10   334.86   433.70   578.14   798.26

     symmetry            a        a        a        a        a        a   

        IR               YES      YES      YES      YES      YES      YES
|dDIP/dQ|   (a.u.)     0.0026   0.0044   0.0013   0.0016   0.0020   0.0044
intensity (km/mol)      12.28    34.16     3.22     4.56     6.85    33.73
intensity (  %   )       8.39    23.35     2.20     3.12     4.68    23.06
 
       RAMAN             YES      YES      YES      YES      YES      YES
 
  1   c           x  -0.01773 -0.04978 -0.09393  0.15365 -0.15789  0.11336
                  y   0.02703  0.09542  0.00611  0.07072 -0.06830 -0.04665
                  z   0.00933 -0.01023  0.07541  0.08427 -0.02767  0.03733
  2   c           x  -0.01354  0.02268 -0.10897  0.11443 -0.05821  0.01307
                  y   0.01940 -0.08094 -0.00200  0.01687 -0.04696 -0.07245
                  z  -0.01628 -0.00456 -0.11961 -0.11266  0.09120  0.04939
  3   o           x  -0.00398  0.02703 -0.03077  0.08387  0.16363 -0.03416
                  y   0.17198 -0.06002 -0.00425  0.13219  0.13042  0.04844
                  z   0.11827  0.02831 -0.20775 -0.03702 -0.02667 -0.05231
  4   c           x   0.03011  0.00535  0.10779  0.06155  0.19004 -0.09155
                  y  -0.19949  0.03501 -0.07047  0.01189  0.00198  0.02015
                  z  -0.13060 -0.01957  0.12917 -0.01415 -0.02664 -0.01488
  5   c           x   0.02713  0.01736  0.11933 -0.10501 -0.04565 -0.00771
                  y  -0.19403  0.03055  0.01714 -0.02254 -0.02537  0.01245
                  z  -0.15413 -0.00363  0.04535  0.03055  0.02364 -0.02301
  6   o           x   0.06228  0.02663  0.11534 -0.15282 -0.10785  0.01878
                  y   0.17552  0.00607  0.07662 -0.10770 -0.06595  0.00235
                  z   0.11203 -0.00105 -0.01042 -0.01672 -0.00594  0.00705
  7   n           x  -0.02424 -0.02954 -0.10701 -0.10782  0.01516  0.03709
                  y  -0.03111 -0.05525 -0.01948 -0.04893  0.02446  0.01195
                  z   0.02076  0.02745  0.08698  0.06764 -0.00866 -0.04276
  8   h           x  -0.02814 -0.25602 -0.08826  0.26495 -0.49571 -0.28669
                  y   0.03167  0.12638  0.00472  0.06135 -0.03015  0.00812
                  z  -0.02666 -0.17750  0.08691  0.09041 -0.13602 -0.18293
  9   h           x  -0.01627  0.03628 -0.13306  0.12652 -0.01136  0.29682
                  y   0.05266  0.32731 -0.01889 -0.04208  0.26143  0.36466
                  z   0.02597  0.05106  0.10579  0.03585  0.01934  0.09336
 10   h           x   0.00499 -0.01462 -0.28645 -0.05897  0.00600 -0.03359
                  y  -0.16433 -0.20864 -0.06091 -0.32824  0.16370  0.05382
                  z   0.02797  0.02135 -0.12081 -0.05169  0.05132  0.01100
 11   h           x  -0.05808  0.12273 -0.08700  0.20152 -0.31860 -0.14758
                  y   0.04236 -0.07980  0.00075  0.04538 -0.03558 -0.05830
                  z  -0.20332 -0.12847 -0.18851 -0.47820  0.26612  0.13634
 12   h           x  -0.08513 -0.06567  0.44703  0.15366  0.34321  0.05089
                  y  -0.31848  0.08550 -0.25347  0.00738 -0.05424 -0.29749
                  z  -0.14927 -0.01619  0.12339 -0.01090 -0.02536 -0.04786
 13   h           x  -0.11607  0.06767 -0.06431  0.05293  0.13777 -0.14573
                  y  -0.29602  0.05652 -0.09463  0.02202  0.00754  0.08104
                  z  -0.09991 -0.09629  0.45003  0.04574  0.12105  0.31328
 14   h           x  -0.11745  0.03935  0.07374 -0.12938 -0.11774  0.05979
                  y  -0.29879  0.04802 -0.02986 -0.03952 -0.08196  0.12939
                  z  -0.17530  0.00647 -0.01024  0.02254 -0.01084  0.25109
 15   h           x  -0.10929  0.01698  0.17854 -0.12521 -0.08768  0.05795
                  y  -0.25444  0.01869  0.12214 -0.04010 -0.04163 -0.25524
                  z  -0.16745 -0.00571  0.06210  0.02851  0.02105 -0.05769
 16   h           x  -0.26358  0.04060  0.06921 -0.04018 -0.00537 -0.02849
                  y   0.26571 -0.00717  0.12241 -0.12675 -0.08290  0.02880
                  z   0.24760  0.00870 -0.04398 -0.08611 -0.07070  0.00600
 17   h           x  -0.13168 -0.63800 -0.11224 -0.25220  0.12694 -0.16927
                  y  -0.03782 -0.07005 -0.02658 -0.07636  0.05480  0.00420
                  z   0.05181  0.04165  0.13094  0.21760 -0.17336 -0.08801
 18   h           x   0.02269  0.26183 -0.14107 -0.27766  0.18124 -0.24930
                  y   0.02988  0.37366 -0.05719 -0.10875  0.12786 -0.00056
                  z   0.00016 -0.06659  0.10572  0.24207 -0.14579  0.29624

reduced mass(g/mol)     3.736    1.395    3.207    3.028    2.855    1.526


       mode              19       20       21       22       23       24

     frequency         821.54   864.84   904.33   987.24  1007.18  1052.90

     symmetry            a        a        a        a        a        a   

        IR               YES      YES      YES      YES      YES      YES
|dDIP/dQ|   (a.u.)     0.0034   0.0090   0.0039   0.0033   0.0048   0.0061
intensity (km/mol)      19.98   144.19    26.60    19.23    40.80    66.00
intensity (  %   )      13.66    98.56    18.19    13.15    27.89    45.12
 
       RAMAN             YES      YES      YES      YES      YES      YES
 
  1   c           x   0.05042 -0.04866  0.08001 -0.03763 -0.00029  0.18595
                  y  -0.03068  0.06584  0.05684  0.05296  0.01830  0.06803
                  z   0.02271  0.04255  0.03686 -0.04219 -0.03133 -0.10217
  2   c           x  -0.00487 -0.10331 -0.08745  0.09256  0.04696 -0.16291
                  y  -0.02168  0.00179 -0.00709 -0.12521 -0.06743 -0.09183
                  z  -0.00534  0.04453  0.16745  0.07641  0.03446 -0.07042
  3   o           x  -0.01845  0.02385 -0.00909  0.03134 -0.03206 -0.07863
                  y   0.02780 -0.02243  0.01001  0.07163  0.05169 -0.02803
                  z  -0.02870  0.03194 -0.04706 -0.09437 -0.02130  0.07262
  4   c           x  -0.00144  0.06082  0.00021 -0.10748 -0.02589  0.13142
                  y  -0.03089  0.00392 -0.00491  0.06571 -0.19114  0.04289
                  z   0.05514 -0.01776 -0.00240  0.06865 -0.15044 -0.01032
  5   c           x   0.01562 -0.00207  0.00801 -0.00403  0.03348  0.03434
                  y  -0.03707  0.00466 -0.00519 -0.07950  0.17121 -0.00681
                  z   0.03618  0.00258  0.01770 -0.03131  0.13545 -0.03522
  6   o           x   0.00015 -0.00891 -0.00150  0.01957 -0.03129 -0.03316
                  y   0.01249 -0.00644  0.00338  0.00400  0.01631 -0.01030
                  z  -0.01360  0.00047 -0.00269 -0.01231  0.02292  0.01188
  7   n           x   0.02429  0.13444 -0.02065 -0.00466 -0.00378 -0.04558
                  y   0.01012  0.02264 -0.03862  0.01719  0.01176  0.01704
                  z  -0.02106 -0.15650 -0.07431  0.01914  0.02100  0.08495
  8   h           x  -0.17292  0.13250  0.20636  0.04804  0.00773  0.10514
                  y  -0.00004  0.02629  0.05759 -0.00542 -0.00660  0.05417
                  z  -0.09556  0.19945 -0.07373  0.35881  0.16067  0.08789
  9   h           x   0.13052 -0.15206  0.19504  0.05289  0.05673  0.32606
                  y   0.19455 -0.19848  0.03194 -0.22025 -0.07931  0.02849
                  z   0.07853 -0.02209 -0.13256 -0.34627 -0.17029 -0.30926
 10   h           x  -0.01097 -0.17310 -0.50810  0.17167  0.10115 -0.15027
                  y   0.07317 -0.09212 -0.39102  0.04460  0.05280  0.27901
                  z  -0.02904  0.06507  0.21837  0.03625  0.00642 -0.14572
 11   h           x  -0.12929 -0.06459  0.06637 -0.01322 -0.03868 -0.46898
                  y  -0.01538 -0.00364  0.01854 -0.11933 -0.05917 -0.10067
                  z   0.07885 -0.00889 -0.25223  0.19783  0.11649  0.31331
 12   h           x  -0.09362  0.07891  0.07289  0.04304 -0.06353  0.07224
                  y   0.41141 -0.02438  0.03368  0.08116 -0.22208  0.03306
                  z   0.10201 -0.01869  0.00561  0.07209 -0.15702 -0.00535
 13   h           x  -0.06243  0.08731 -0.08458 -0.23637 -0.18249  0.17416
                  y  -0.20108  0.03373 -0.05971 -0.01323 -0.29268  0.07703
                  z  -0.36396  0.02325  0.00910  0.10871 -0.12446 -0.00777
 14   h           x  -0.06562 -0.01748 -0.00691  0.01690  0.00964 -0.03160
                  y  -0.20522 -0.00179 -0.03977 -0.08637  0.13835 -0.04058
                  z  -0.40048  0.02131 -0.08049 -0.11234  0.06060  0.00656
 15   h           x  -0.05777 -0.01046 -0.01102  0.01013 -0.02662  0.02250
                  y   0.42833 -0.03408  0.09798  0.04584  0.21498 -0.09113
                  z   0.09805 -0.00363  0.03136 -0.01318  0.14134 -0.04740
 16   h           x   0.00046  0.02076  0.01354 -0.22211  0.54387 -0.02056
                  y  -0.01473 -0.01082 -0.00341  0.04169 -0.08766 -0.01089
                  z   0.03062 -0.01918 -0.00463  0.13948 -0.31419 -0.00163
 17   h           x  -0.12421 -0.54231  0.26297 -0.11881 -0.06576 -0.00143
                  y   0.00047 -0.11043  0.00416 -0.04999 -0.02001 -0.00514
                  z  -0.02873  0.40192 -0.22636  0.44176  0.22050  0.31659
 18   h           x  -0.17307 -0.35421  0.23918  0.17867  0.06949  0.13084
                  y  -0.01783 -0.34863  0.10170 -0.13272 -0.05838  0.00174
                  z   0.19861  0.16498 -0.28918 -0.30834 -0.11621 -0.12976

reduced mass(g/mol)     1.183    1.879    1.660    1.954    2.401    2.560


       mode              25       26       27       28       29       30

     frequency        1059.30  1124.54  1134.87  1169.46  1207.15  1234.37

     symmetry            a        a        a        a        a        a   

        IR               YES      YES      YES      YES      YES      YES
|dDIP/dQ|   (a.u.)     0.0061   0.0026   0.0091   0.0033   0.0016   0.0046
intensity (km/mol)      66.75    11.98   146.29    18.98     4.82    37.46
intensity (  %   )      45.63     8.19   100.00    12.98     3.30    25.61
 
       RAMAN             YES      YES      YES      YES      YES      YES
 
  1   c           x  -0.03004  0.03058 -0.03910  0.02650 -0.01144 -0.00674
                  y  -0.00837  0.07466  0.04089  0.04987  0.08389  0.00849
                  z   0.02773  0.20714  0.16820  0.00610 -0.05338 -0.00863
  2   c           x   0.02671 -0.02816  0.17656 -0.06871 -0.02669  0.00139
                  y   0.00672 -0.02980 -0.09757 -0.02610 -0.11146 -0.01254
                  z   0.00327 -0.12725  0.00903 -0.05842  0.00728  0.00546
  3   o           x  -0.00004  0.09302 -0.28461  0.08922  0.02035  0.01079
                  y  -0.01915  0.01997  0.02320 -0.02056  0.04317  0.00002
                  z  -0.02777  0.01182  0.02680  0.04849 -0.00018 -0.02176
  4   c           x  -0.03871 -0.06209  0.20625 -0.09765 -0.00596 -0.00964
                  y   0.03149 -0.07231  0.12522  0.05834 -0.01820  0.05075
                  z   0.04009  0.06734 -0.10403 -0.07835  0.00763  0.07399
  5   c           x   0.48707 -0.02576  0.01492  0.05061 -0.02478  0.01995
                  y   0.04274  0.04025 -0.04476 -0.09139  0.03470 -0.03672
                  z  -0.18133 -0.03021  0.01977  0.11498 -0.03222 -0.04772
  6   o           x  -0.36358  0.01200 -0.00952 -0.01625  0.01189 -0.00886
                  y  -0.02238 -0.00532  0.00197  0.03244 -0.01613  0.03502
                  z   0.14423  0.00987 -0.01163 -0.03400  0.01272  0.03132
  7   n           x   0.00947 -0.04777 -0.01423 -0.00931  0.01497  0.00383
                  y  -0.00573 -0.05479 -0.05174 -0.01885 -0.02428 -0.00165
                  z  -0.02335 -0.13532 -0.10942 -0.00633  0.02479  0.00469
  8   h           x  -0.02000 -0.13722 -0.05634  0.11858  0.37777  0.05072
                  y  -0.00607  0.06684  0.02462  0.04866  0.07178  0.00727
                  z  -0.01149  0.35454  0.26677 -0.04416 -0.22234 -0.03979
  9   h           x  -0.06907  0.04424 -0.12384 -0.12466 -0.30394 -0.03467
                  y  -0.00473  0.05128 -0.01062 -0.03208 -0.13560 -0.01971
                  z   0.07964  0.16584  0.24665  0.14256  0.17312  0.00780
 10   h           x   0.00125 -0.09163  0.14299  0.00154 -0.15695 -0.03912
                  y  -0.02596  0.33786  0.19029  0.12999  0.15809  0.00801
                  z   0.00394 -0.20326 -0.07214 -0.07795 -0.06512 -0.00453
 11   h           x   0.14049 -0.10348  0.31066  0.05267  0.26883  0.03037
                  y  -0.00426 -0.06178 -0.10635 -0.06870 -0.17032 -0.01921
                  z  -0.01911  0.28290  0.22905  0.16753  0.28722  0.02220
 12   h           x  -0.16026 -0.30394  0.39270  0.17952  0.08840 -0.18023
                  y  -0.10205 -0.00902  0.07944 -0.25248  0.09322  0.00150
                  z   0.00633  0.05958 -0.08034 -0.10150  0.02339  0.06187
 13   h           x  -0.16404  0.15178 -0.10139 -0.17654 -0.11846 -0.03018
                  y  -0.09064  0.00045  0.01202  0.10019 -0.11100  0.01536
                  z  -0.03940 -0.15882  0.16066  0.27177 -0.04449  0.00217
 14   h           x   0.41292 -0.05601 -0.01399  0.38482 -0.20979 -0.25163
                  y   0.05867  0.07329 -0.12656  0.00841 -0.04627 -0.23740
                  z  -0.09340  0.16992 -0.18354 -0.37225  0.12542 -0.07508
 15   h           x   0.43626  0.12883 -0.18525 -0.47394  0.28814 -0.32927
                  y   0.12139 -0.07483 -0.02524  0.18527  0.04762 -0.33583
                  z  -0.14098 -0.03876  0.00930  0.14355 -0.02501 -0.10308
 16   h           x  -0.19921  0.00648  0.04068  0.02952 -0.05911  0.65783
                  y  -0.06958  0.00501 -0.01585 -0.00159  0.00675 -0.08466
                  z   0.03688 -0.00165 -0.02610 -0.01918  0.03894 -0.37103
 17   h           x  -0.00364  0.15954  0.11179  0.06296  0.06016  0.00283
                  y  -0.00191 -0.04414 -0.02674  0.00640  0.02648  0.00378
                  z  -0.06818 -0.09702 -0.22396 -0.12839 -0.28174 -0.03240
 18   h           x  -0.03761  0.21634  0.07516 -0.02001 -0.13414 -0.01962
                  y  -0.00088  0.03126  0.04101  0.05970  0.09934  0.00875
                  z   0.03527 -0.39155 -0.15460  0.06276  0.28941  0.03962

reduced mass(g/mol)     6.400    2.382    4.021    1.820    1.361    1.190


       mode              31       32       33       34       35       36

     frequency        1250.33  1281.96  1318.83  1375.40  1388.77  1390.39

     symmetry            a        a        a        a        a        a   

        IR               YES      YES      YES      YES      YES      YES
|dDIP/dQ|   (a.u.)     0.0017   0.0021   0.0022   0.0018   0.0009   0.0027
intensity (km/mol)       5.32     7.81     8.76     5.77     1.32    12.97
intensity (  %   )       3.64     5.34     5.99     3.94     0.90     8.87
 
       RAMAN             YES      YES      YES      YES      YES      YES
 
  1   c           x  -0.03051  0.01590  0.01178 -0.02693  0.06989  0.07236
                  y  -0.02216  0.08102 -0.01940  0.00579 -0.06292  0.02277
                  z  -0.02044 -0.01219  0.00782  0.03714 -0.01695 -0.11078
  2   c           x   0.03231 -0.01085 -0.02909 -0.03497 -0.02097  0.02473
                  y  -0.02795 -0.03716  0.01562 -0.01085 -0.01737  0.01948
                  z   0.00618  0.04825 -0.01754  0.00006  0.02167  0.03315
  3   o           x  -0.02915 -0.01723  0.01781 -0.02315 -0.00970 -0.00321
                  y   0.04894  0.00528 -0.01396  0.02729  0.01839  0.00532
                  z  -0.02037 -0.05004  0.03001 -0.00488 -0.01407  0.00635
  4   c           x   0.04112  0.03242 -0.00527 -0.07114 -0.00527 -0.02831
                  y  -0.04789 -0.03805 -0.02974 -0.06653 -0.01356 -0.02312
                  z   0.05108  0.03894  0.02426 -0.01679  0.00122 -0.00424
  5   c           x   0.00238  0.00212 -0.01655 -0.00949 -0.00226 -0.00910
                  y  -0.00449  0.01207  0.02916 -0.05363 -0.01035 -0.02430
                  z   0.01914 -0.00014 -0.04914 -0.02885 -0.00350 -0.01505
  6   o           x  -0.00637 -0.00508 -0.00496 -0.01301 -0.00160 -0.00462
                  y   0.00893  0.00406  0.00782  0.02259  0.00361  0.01007
                  z  -0.02642 -0.01489 -0.00268  0.02512  0.00388  0.01084
  7   n           x   0.01484 -0.00412 -0.00407  0.00945 -0.04491 -0.00446
                  y   0.01166 -0.03046  0.00732 -0.00652  0.06759 -0.03149
                  z   0.01714 -0.00668 -0.00258  0.00355 -0.02450  0.00175
  8   h           x   0.03653  0.17117 -0.06733  0.11723  0.08931 -0.52067
                  y  -0.02160  0.06471 -0.01276  0.01004 -0.03488 -0.01112
                  z  -0.09745  0.06313 -0.00295 -0.07506 -0.31387  0.55486
  9   h           x   0.04388 -0.21333  0.05071  0.17373 -0.31382 -0.29937
                  y  -0.02692 -0.03819  0.01559  0.03003  0.07685 -0.14487
                  z  -0.12214  0.20714 -0.01910 -0.20632  0.60195  0.24762
 10   h           x  -0.42600  0.51153  0.02148  0.26083  0.06971 -0.29412
                  y   0.11224 -0.15622  0.00058 -0.02320 -0.07471 -0.01362
                  z  -0.07265  0.12157 -0.00421  0.03054  0.04420  0.01752
 11   h           x   0.30746 -0.49431  0.15595  0.14600  0.14147  0.03186
                  y  -0.06692  0.03430 -0.01150 -0.03140 -0.04827  0.02174
                  z   0.11647 -0.09042  0.02810  0.03764  0.07410 -0.03826
 12   h           x  -0.32615 -0.13248  0.47381  0.37189  0.01143  0.13025
                  y  -0.04008  0.06013  0.41718  0.28269  0.03009  0.11965
                  z   0.04334  0.04117  0.09620  0.04404  0.00721  0.02335
 13   h           x   0.31677  0.12006 -0.38311  0.52798  0.12960  0.15779
                  y   0.08400 -0.01952 -0.32691  0.37935  0.08386  0.12154
                  z  -0.13063 -0.09460 -0.09125  0.07454  0.01168  0.03720
 14   h           x   0.40905  0.26124  0.25149  0.14336  0.02001  0.07186
                  y   0.25793  0.18978  0.25716  0.05334  0.00364  0.03655
                  z  -0.00603  0.02694  0.11998 -0.01338 -0.00487  0.00617
 15   h           x  -0.35458 -0.23355 -0.22957  0.18042  0.03441  0.07977
                  y  -0.16147 -0.16907 -0.27169  0.11188  0.02301  0.05088
                  z  -0.00378 -0.02653 -0.09616 -0.00185  0.00193 -0.00307
 16   h           x  -0.12211 -0.07653  0.03319  0.23274  0.03632  0.10264
                  y   0.02178  0.01302 -0.00013 -0.02370 -0.00323 -0.00977
                  z   0.05721  0.03498 -0.02460 -0.12682 -0.02003 -0.05587
 17   h           x  -0.03978  0.06908 -0.00976  0.00057 -0.04266  0.04710
                  y   0.00616  0.00349 -0.00284  0.00217  0.00032 -0.01329
                  z   0.01427 -0.17099  0.05834 -0.06795  0.42574 -0.06065
 18   h           x  -0.02709 -0.04310  0.02197 -0.01373  0.13446 -0.03220
                  y  -0.02448  0.07953 -0.01674 -0.00017 -0.10355  0.09734
                  z   0.03938  0.11912 -0.05022  0.03443 -0.35495  0.12890

reduced mass(g/mol)     1.201    1.232    1.109    1.237    1.229    1.272


       mode              37       38       39       40       41       42

     frequency        1415.46  1454.66  1478.27  1501.81  1510.03  1526.02

     symmetry            a        a        a        a        a        a   

        IR               YES      YES      YES      YES      YES      YES
|dDIP/dQ|   (a.u.)     0.0017   0.0010   0.0012   0.0009   0.0021   0.0014
intensity (km/mol)       5.05     1.95     2.61     1.56     7.75     3.43
intensity (  %   )       3.45     1.34     1.79     1.07     5.30     2.35
 
       RAMAN             YES      YES      YES      YES      YES      YES
 
  1   c           x   0.04988  0.00334 -0.04627  0.00121 -0.00083 -0.00001
                  y  -0.00298  0.00113 -0.03909 -0.00229  0.00004 -0.00087
                  z  -0.00876  0.00510 -0.05952  0.00125  0.00451 -0.00114
  2   c           x  -0.14772 -0.02020 -0.01275 -0.01699  0.00630  0.00089
                  y  -0.00147 -0.00323  0.00074 -0.01883 -0.05282 -0.00199
                  z   0.02454  0.00179  0.00124  0.01862  0.05661  0.00323
  3   o           x  -0.00291  0.00423  0.00480  0.01481  0.00056  0.00012
                  y   0.02202 -0.00447  0.00064 -0.00364 -0.00639  0.00070
                  z  -0.02989 -0.00678  0.00167  0.00123  0.01063  0.00080
  4   c           x   0.03367  0.07236 -0.00044  0.03319 -0.02572 -0.01382
                  y   0.01321  0.06069  0.00339 -0.04276  0.01044  0.01256
                  z   0.01685  0.02147  0.00285 -0.04495  0.01603  0.01615
  5   c           x   0.01428 -0.11324 -0.00101 -0.00895  0.00931 -0.04196
                  y   0.02335 -0.11487 -0.00177  0.00755 -0.00496  0.04491
                  z   0.01628 -0.04311 -0.00152  0.01098 -0.00881  0.05141
  6   o           x   0.00642 -0.01574  0.00021 -0.00417  0.00154 -0.00671
                  y  -0.01153  0.03121  0.00023  0.00094  0.00070  0.00267
                  z  -0.01126  0.03214  0.00022  0.00242 -0.00069  0.00516
  7   n           x   0.00040  0.00056 -0.00041  0.00011 -0.00074 -0.00005
                  y  -0.01379 -0.00009 -0.00590  0.00140  0.00568  0.00013
                  z  -0.00042 -0.00015 -0.00342 -0.00130 -0.00350 -0.00039
  8   h           x  -0.26281 -0.00862  0.46077  0.01326  0.03571 -0.00023
                  y  -0.00103  0.00449 -0.12643 -0.00224  0.00399 -0.00138
                  z   0.19107 -0.01760  0.52301 -0.00353 -0.06775  0.00331
  9   h           x   0.07271  0.01473  0.15413  0.00690 -0.03392 -0.00203
                  y  -0.04460 -0.01123  0.64270  0.01236 -0.01986  0.00219
                  z  -0.06979 -0.01957  0.20846  0.00744  0.04016  0.00424
 10   h           x   0.52476  0.07591 -0.02388  0.02741 -0.02537 -0.00638
                  y   0.05152  0.03038  0.02144  0.26788  0.63442  0.02918
                  z   0.05963 -0.00333 -0.00911 -0.05874 -0.12702 -0.00463
 11   h           x   0.66782  0.04931  0.08210  0.04404 -0.05470  0.00319
                  y  -0.06943 -0.00380 -0.00770  0.01529  0.04784  0.00291
                  z  -0.06933 -0.03701 -0.01696 -0.26525 -0.63995 -0.03092
 12   h           x  -0.15535 -0.22991  0.00707 -0.40310  0.21638  0.12012
                  y  -0.17428 -0.21321 -0.02014  0.47877 -0.14742 -0.16112
                  z  -0.02347 -0.02436 -0.00006  0.01803  0.00254 -0.00414
 13   h           x   0.01085 -0.23258 -0.00859 -0.14946  0.07574  0.03052
                  y  -0.04288 -0.18519 -0.01073  0.04886 -0.00014 -0.02678
                  z  -0.09527 -0.08720 -0.02114  0.60382 -0.22863 -0.19720
 14   h           x  -0.12483  0.46766 -0.00004  0.06268 -0.02633  0.16941
                  y  -0.07232  0.31598  0.00313 -0.00167  0.00254 -0.03381
                  z   0.00230  0.10638  0.01160 -0.16605  0.09498 -0.64648
 15   h           x  -0.09353  0.40970 -0.00358  0.13067 -0.08314  0.43719
                  y  -0.03491  0.34508  0.01029 -0.11974  0.06421 -0.51859
                  z   0.00677  0.03195  0.00038 -0.01203  0.00330 -0.04553
 16   h           x  -0.10569  0.32167  0.00360  0.00083  0.00442  0.00679
                  y   0.01095 -0.03273 -0.00029 -0.00061 -0.00013 -0.00035
                  z   0.05613 -0.17610 -0.00206  0.00010 -0.00209 -0.00293
 17   h           x   0.01260 -0.00185 -0.01081 -0.00534 -0.01176  0.00066
                  y  -0.00843 -0.00045 -0.00389 -0.00119 -0.00096 -0.00061
                  z  -0.02898 -0.00074 -0.01476  0.00997  0.02975  0.00456
 18   h           x  -0.01323 -0.00307 -0.01403  0.00064  0.01028  0.00026
                  y   0.02809 -0.00174 -0.00253 -0.00299 -0.00933  0.00238
                  z   0.04700  0.00296  0.01672 -0.00569 -0.02880  0.00067

reduced mass(g/mol)     1.339    1.458    1.090    1.080    1.091    1.087


       mode              43       44       45       46       47       48

     frequency        1664.41  2953.41  2980.24  2989.65  3000.63  3020.44

     symmetry            a        a        a        a        a        a   

        IR               YES      YES      YES      YES      YES      YES
|dDIP/dQ|   (a.u.)     0.0036   0.0049   0.0035   0.0062   0.0050   0.0054
intensity (km/mol)      23.19    42.97    21.58    69.09    44.05    51.66
intensity (  %   )      15.85    29.37    14.75    47.23    30.11    35.31
 
       RAMAN             YES      YES      YES      YES      YES      YES
 
  1   c           x   0.02593  0.00339  0.00353 -0.00178 -0.00108  0.00010
                  y   0.01071 -0.00393  0.00814 -0.00686 -0.00030  0.00297
                  z  -0.00657  0.00374  0.00210 -0.00091 -0.00100  0.00013
  2   c           x  -0.00300  0.01334 -0.00053  0.00157  0.00033 -0.00018
                  y  -0.00184  0.04095 -0.05698  0.03848  0.00010 -0.00807
                  z   0.00026 -0.04664 -0.05625  0.02506  0.00414 -0.00114
  3   o           x   0.00022 -0.00307  0.00065  0.00049 -0.00164 -0.00077
                  y   0.00033  0.00143  0.00016  0.00034 -0.00032 -0.00021
                  z   0.00001 -0.00160 -0.00042 -0.00023  0.00104  0.00004
  4   c           x  -0.00066 -0.00010  0.00135  0.00196 -0.01115 -0.01325
                  y  -0.00027  0.00173 -0.00224 -0.00333  0.00620  0.01609
                  z  -0.00016  0.00538 -0.00281 -0.00778  0.06747  0.01736
  5   c           x  -0.00008  0.00442 -0.01732 -0.02535 -0.01441  0.02301
                  y   0.00002 -0.00701  0.02555  0.03536  0.02286 -0.04475
                  z  -0.00010 -0.00040  0.01285  0.03463 -0.02054  0.07025
  6   o           x  -0.00016  0.00021 -0.00127 -0.00204  0.00015 -0.00012
                  y   0.00015 -0.00009 -0.00038 -0.00091  0.00003  0.00015
                  z   0.00025 -0.00012  0.00027  0.00021  0.00002 -0.00042
  7   n           x   0.01184 -0.00005  0.00002 -0.00007  0.00002  0.00003
                  y   0.02916 -0.00003  0.00035 -0.00023 -0.00004 -0.00006
                  z   0.06632  0.00006  0.00055 -0.00037 -0.00003  0.00004
  8   h           x  -0.03396  0.00203 -0.00694  0.00494  0.00060 -0.00156
                  y   0.00866  0.01552 -0.13465  0.09883  0.01101 -0.03498
                  z   0.05089  0.00334 -0.01539  0.01154  0.00133 -0.00424
  9   h           x  -0.02990 -0.04632 -0.03401  0.01600  0.01062 -0.00036
                  y  -0.00553  0.03134  0.02284 -0.01026 -0.00691  0.00005
                  z   0.05432 -0.04252 -0.02593  0.01043  0.00934  0.00069
 10   h           x   0.00308 -0.04919 -0.05489  0.02504 -0.00261 -0.00351
                  y  -0.00109  0.17872  0.14143 -0.05656 -0.01200  0.00050
                  z   0.00126  0.66906  0.62291 -0.25854 -0.05837  0.00239
 11   h           x  -0.00704 -0.06532  0.06204 -0.04390 -0.00056  0.00845
                  y  -0.00080 -0.68873  0.54269 -0.40561  0.00840  0.09559
                  z   0.00123 -0.09395  0.05065 -0.04120  0.00204  0.01081
 12   h           x   0.00328 -0.00353 -0.00525 -0.00206  0.03334  0.00591
                  y   0.00180  0.00998 -0.00802 -0.01495  0.11905  0.03787
                  z   0.00030 -0.07755  0.04919  0.10548 -0.88751 -0.27813
 13   h           x   0.00064  0.01561 -0.02392 -0.03142  0.12438  0.16477
                  y   0.00091 -0.02636  0.03175  0.04381 -0.17740 -0.22997
                  z   0.00038  0.01154 -0.01015 -0.01779  0.07077  0.07843
 14   h           x   0.00174 -0.06045  0.23303  0.34125  0.17445 -0.28592
                  y   0.00002  0.09052 -0.34501 -0.50296 -0.25808  0.42991
                  z  -0.00260 -0.02703  0.10480  0.15777  0.06968 -0.10884
 15   h           x   0.00314  0.00125 -0.00068  0.00114 -0.00595  0.01134
                  y  -0.00215 -0.00816  0.05040  0.10112 -0.02284  0.10132
                  z  -0.00108  0.03626 -0.26184 -0.57121  0.18095 -0.72615
 16   h           x   0.00128  0.00015 -0.00302 -0.00626  0.00183 -0.00064
                  y  -0.00005  0.00033 -0.00013  0.00125 -0.00041  0.00240
                  z  -0.00085 -0.00049  0.00178  0.00329 -0.00041 -0.00155
 17   h           x  -0.37030  0.00037 -0.00141  0.00132  0.00032 -0.00003
                  y   0.08866 -0.00143  0.00190 -0.00128  0.00001  0.00085
                  z  -0.57888 -0.00230  0.00315 -0.00186 -0.00021  0.00050
 18   h           x  -0.00187  0.00057 -0.00071  0.00077  0.00038 -0.00005
                  y  -0.60599 -0.00082 -0.00025  0.00047  0.00026  0.00039
                  z  -0.37237  0.00202  0.00122 -0.00008 -0.00069 -0.00042

reduced mass(g/mol)     1.087    1.054    1.092    1.067    1.073    1.099


       mode              49       50       51       52       53       54

     frequency        3031.82  3067.68  3080.33  3477.79  3555.15  3816.84

     symmetry            a        a        a        a        a        a   

        IR               YES      YES      YES      YES      YES      YES
|dDIP/dQ|   (a.u.)     0.0053   0.0043   0.0049   0.0007   0.0011   0.0044
intensity (km/mol)      50.51    32.22    41.90     0.78     1.97    34.37
intensity (  %   )      34.53    22.02    28.64     0.53     1.35    23.49
 
       RAMAN             YES      YES      YES      YES      YES      YES
 
  1   c           x  -0.04715  0.03716 -0.00025 -0.00259  0.00126 -0.00002
                  y  -0.03061 -0.08212 -0.00076 -0.00205 -0.00232  0.00001
                  z  -0.03795  0.02453 -0.00012  0.00027  0.00102 -0.00000
  2   c           x   0.00056 -0.00026 -0.00079 -0.00004  0.00013 -0.00001
                  y  -0.00884 -0.01055 -0.00094  0.00016  0.00015 -0.00005
                  z  -0.01139 -0.00140 -0.00080  0.00022 -0.00001 -0.00003
  3   o           x   0.00016 -0.00021  0.00091  0.00000  0.00003  0.00009
                  y   0.00006  0.00027  0.00069 -0.00001 -0.00002  0.00000
                  z   0.00009 -0.00016 -0.00007  0.00010 -0.00009 -0.00001
  4   c           x  -0.00032 -0.00083  0.04136  0.00006 -0.00004 -0.00008
                  y   0.00090  0.00092 -0.06502 -0.00002  0.00001  0.00025
                  z  -0.00075  0.00029  0.04455  0.00003 -0.00004  0.00019
  5   c           x   0.00095  0.00065  0.00718  0.00004 -0.00001  0.00081
                  y  -0.00145 -0.00105 -0.01228 -0.00004  0.00002 -0.00103
                  z   0.00061  0.00047  0.01471 -0.00000 -0.00004 -0.00130
  6   o           x  -0.00001  0.00004 -0.00025 -0.00001 -0.00000 -0.02761
                  y   0.00003  0.00006  0.00011  0.00001  0.00000 -0.04835
                  z   0.00002  0.00001 -0.00021  0.00001  0.00001 -0.02869
  7   n           x   0.00131 -0.00087  0.00012 -0.02622  0.04081  0.00002
                  y   0.00055  0.00223  0.00003 -0.03524 -0.06489 -0.00000
                  z  -0.00018 -0.00070 -0.00004 -0.03462  0.02531 -0.00001
  8   h           x   0.03667  0.05598  0.00109  0.00028 -0.00018  0.00006
                  y   0.66913  0.70826  0.00985  0.01706  0.01408  0.00009
                  z   0.06714  0.07977  0.00086 -0.00083  0.00158 -0.00003
  9   h           x   0.51847 -0.49983  0.00058  0.00693 -0.01153  0.00006
                  y  -0.30532  0.27583 -0.00048 -0.00487  0.00841 -0.00004
                  z   0.39366 -0.37611  0.00052  0.00400 -0.01035  0.00007
 10   h           x  -0.01701 -0.00298 -0.00228 -0.00139  0.00017 -0.00001
                  y   0.02839  0.00341  0.00070  0.00089  0.00012  0.00006
                  z   0.12821  0.01465  0.00051  0.00168  0.00065  0.00018
 11   h           x   0.00949  0.01350  0.00067  0.00218  0.00093 -0.00006
                  y   0.07669  0.10506  0.01119  0.00116 -0.00054  0.00042
                  z   0.00804  0.01190  0.00179 -0.00108 -0.00048  0.00002
 12   h           x  -0.00122  0.00061  0.01379 -0.00015  0.00011  0.00051
                  y  -0.00101  0.00091  0.02639  0.00002 -0.00001  0.00046
                  z   0.00674 -0.00611 -0.29549 -0.00015  0.00017  0.00060
 13   h           x   0.00522  0.00708 -0.51131 -0.00028  0.00011  0.00044
                  y  -0.00857 -0.01039  0.74010  0.00033 -0.00018  0.00046
                  z   0.00285  0.00350 -0.23170 -0.00008  0.00003  0.00007
 14   h           x  -0.01145 -0.00777 -0.07757 -0.00024  0.00007  0.00288
                  y   0.01704  0.01142  0.12242  0.00047 -0.00014  0.00104
                  z  -0.00491 -0.00331 -0.03211 -0.00021  0.00007 -0.00082
 15   h           x   0.00026  0.00005 -0.00085  0.00003  0.00006  0.00324
                  y   0.00019  0.00027  0.01734 -0.00012  0.00002  0.00084
                  z  -0.00289 -0.00298 -0.13418  0.00011  0.00031  0.00064
 16   h           x   0.00012  0.00026 -0.00138 -0.00002 -0.00003  0.42147
                  y  -0.00019 -0.00007  0.00128 -0.00013 -0.00005  0.77389
                  z  -0.00020 -0.00005 -0.00042 -0.00007 -0.00007  0.46852
 17   h           x  -0.00100 -0.00312 -0.00024 -0.05219 -0.00988 -0.00012
                  y  -0.01351 -0.01992 -0.00050  0.76548  0.61707  0.00015
                  z  -0.00101  0.00319  0.00014  0.10693  0.09589  0.00005
 18   h           x  -0.01237  0.01342 -0.00069  0.43945 -0.56348 -0.00007
                  y   0.00478 -0.00506  0.00014 -0.26753  0.28873 -0.00009
                  z  -0.00732  0.00310 -0.00017  0.36286 -0.44947  0.00008

reduced mass(g/mol)     1.061    1.105    1.100    1.049    1.093    1.067
 

         **************************************************************
         *                                                            *
         *  zero point VIBRATIONAL energy  :      0.1587528  Hartree  *
         *    SCF-energy                   :   -364.1571409           *
         *    SCF + E(vib0)                :   -363.9983881           *
         *                                                            *
         **************************************************************




 time elapsed for vibrational analysis     0.85 sec


    ------------------------------------------------------------------------
         total  cpu-time : 31 minutes and 19 seconds
         total wall-time :  2 minutes and 24 seconds
    ------------------------------------------------------------------------

   ****  force : all done  ****


    2026-04-16 23:35:32.033 

aoforce ended normally 
