
   OpenMP run-time library returned nthreads = 16

 ridft (s02r2b44) : TURBOMOLE rev. V7-8-1 compiled 26 Feb 2024 at 17:12:58
 Copyright (C) 2024 TURBOMOLE GmbH, Karlsruhe


    2026-04-17 18:30:15.654 



                                  r i d f t

                        DFT program with RI approximation 
                                for coulomb part 





                                 References:     
                                                 
          TURBOMOLE:                             
              R. Ahlrichs, M. Baer, M. Haeser, H. Horn, and
              C. Koelmel
              Electronic structure calculations on workstation
              computers: the program system TURBOMOLE
              Chem. Phys. Lett. 162: 165 (1989)
          Density Functional:                              
              O. Treutler and R. Ahlrichs                      
              Efficient Molecular Numerical Integration Schemes
              J. Chem. Phys. 102: 346 (1995)                   
          Parallel Version:                                
              Performance of parallel TURBOMOLE for Density    
              Functional Calculations                          
              M. v. Arnim and R. Ahlrichs                      
              J. Comp. Chem. 19: 1746 (1998)                   
          RI-J Method:                                     
              Auxiliary Basis Sets to approximate Coulomb      
              Potentials                                       
              Chem. Phys. Lett. 240: 283 (1995)                
              K. Eichkorn, O. Treutler, H. Oehm, M. Haeser     
              and R. Ahlrichs                                  
              Chem. Phys. Lett. 242: 652 (1995)                
                                                           
              Auxiliary Basis Sets for Main Row Atoms and their
              Use to approximate Coulomb Potentials            
              K. Eichkorn, F. Weigend, O. Treutler and         
              R. Ahlrichs                                      
              Theo. Chem. Acc. 97: 119 (1997)                  
                                                           
              Accurate Coulomb-fitting basis sets for H to Rn 
              F. Weigend                                       
              Phys. Chem. Chem. Phys. 8: 1057 (2006)           
                                                           
          Multipole accelerated RI-J (MARI-J):             
              Fast evaluation of the Coulomb potential for     
              electron densities using multipole accelerated   
              resolution of identity approximation             
              M. Sierka, A. Hogekamp and R. Ahlrichs           
              J. Chem. Phys. 118: 9136 (2003)                  
          RI-JK Method:                                     
              A fully direct RI-HF algorithm: Implementation,
              optimised auxiliary basis sets, demonstration of
              accuracy and efficiency                         
              F. Weigend                                      
              Phys. Chem. Chem. Phys. 4: 4285 (2002)           
          Two-component HF and DFT with spin-orbit coupling:  
              Self-consistent treatment of spin-orbit         
              interactions with efficient Hartree-Fock and    
              density functional methods                      
              M. K. Armbruster, F. Weigend, C. van Wüllen and 
              W. Klopper                                      
              Phys. Chem. Chem. Phys. 10: 1748 (2008)         
          Two-component difference density and DIIS algorithm 
              Efficient two-component self-consistent field   
              procedures and gradients: implementation in     
              TURBOMOLE and application to Au20-              
              A. Baldes, F. Weigend                           
              Mol. Phys. 111: 2617 (2013)                     
          Relativistic current density functional theory      
              Current density functional framework for        
              spin-orbit coupling                             
              C. Holzer, Y. J. Franzke, A. Pausch             
              J. Chem. Phys. 157: 204102 (2022)               
          Relativistic all-electron 2c calculations           
              An efficient implementation of two-component    
              relativistic exact-decoupling methods for large 
              molecules                                       
              D. Peng, N. Middendorf, F. Weigend, M. Reiher   
              J. Chem. Phys. 138: 184105 (2013)               
          Finite nucleus model and SNSO approximation         
              Efficient implementation of one- and two-       
              component analytical energy gradients in exact  
              two-component theory                            
              Y. J. Franzke, N. Middendorf, F. Weigend        
              J. Chem. Phys. 148: 104110 (2018)               
          Grids for all-electron relativistic methods         
              Error-consistent segmented contracted all-      
              electron relativistic basis sets of double-     
              and triple-zeta quality for NMR shielding       
              constants                                       
              Y. J. Franzke, R. Tress, T. M. Pazdera,         
              F. Weigend                                      
              Phys. Chem. Chem. Phys. 21: 166658 (2019)       
          Seminumerical exchange algorithms                   
              Seminumerical calculation of the Hartree-Fock   
              exchange matirx: Application to two-component   
              procedures and efficient evaluation of local    
              hybrid functionsl                               
              P. Plessow, F. Weigend,                         
              J. Comput. Chem. 33: 810 (2012)                 
          Improved seminumerical algorithms                   
              C. Holzer,                                      
              J. Chem. Phys. 153 (2020), 184115               






          OpenMP Shared-Memory Parallelization: 16 CPUs.

            By: Christof Holzer and Yannick J. Franzke


              +--------------------------------------------------+
              |      general information about current run       |
              +--------------------------------------------------+

 
 Becke-3-Parameter hybrid functional: B3-LYP
 exchange:    0.8*LDA + 0.72*B88 + 0.2*HF
 correlation: 0.19*LDA(VWN) + 0.81*LYP
 A Hybrid-DFT calculation using the RI-J approximation will be carried out.
 Allocatable memory for RI due to $ricore (MB):                  8000


              +--------------------------------------------------+
              | Atomic coordinate, charge and isotop information |
              +--------------------------------------------------+

                    atomic coordinates            atom    charge  isotop
          8.65522020   -0.65384957   -1.71443115    c      6.000     0
          9.41593709    1.85582880   -2.31469894    o      8.000     0
          8.18932572    3.81645601   -1.15510836    c      6.000     0
          9.11942015    6.21563648   -1.83740584    c      6.000     0
          8.03742441    8.36455093   -0.79807425    c      6.000     0
          6.05833405    8.12957692    0.89934991    c      6.000     0
          5.10329466    5.75409735    1.60625384    c      6.000     0
          6.21598647    3.58216542    0.53101047    c      6.000     0
          3.04122646    5.74650624    3.41146706    c      6.000     0
          1.63533363    3.96567903    4.61439389    c      6.000     0
          1.63091730    1.20006028    4.50463344    c      6.000     0
          2.87218670   -0.12234984    3.07058819    o      8.000     0
         -0.18273776   -0.06107597    6.38093798    c      6.000     0
         -2.94174056    0.23912947    5.55405087    c      6.000     0
         -4.34431829    1.68857096    6.66119370    o      8.000     0
         -3.72408878   -1.29914136    3.37019025    c      6.000     0
         -6.12225208   -1.26276007    2.52588941    c      6.000     0
         -7.20650993   -2.64947457    0.42302385    c      6.000     0
         -5.76891441   -4.26717868   -1.13165652    c      6.000     0
         -6.89109796   -5.54298925   -3.10779031    c      6.000     0
         -9.49599268   -5.24517000   -3.59626787    c      6.000     0
        -10.92289655   -3.66012061   -2.08037138    c      6.000     0
         -9.78396268   -2.37659669   -0.09471057    c      6.000     0
        -10.59218023   -6.50105242   -5.53747017    o      8.000     0
         -5.70398826   -7.15455985   -4.74460058    o      8.000     0
         -3.07416309   -7.59939103   -4.43179563    c      6.000     0
         11.05285900    6.42422533   -3.49728408    o      8.000     0
          8.90284648   -1.04139341    0.29836616    h      1.000     0
          9.87029480   -1.89269261   -2.81573856    h      1.000     0
          6.68115456   -0.97377410   -2.22790663    h      1.000     0
          8.76875231   10.19647756   -1.33666718    h      1.000     0
          5.23066822    9.81951324    1.70406010    h      1.000     0
          5.47814078    1.75498472    1.05030291    h      1.000     0
          2.51662204    7.65960627    3.94769508    h      1.000     0
          0.23545871    4.71175513    5.91143682    h      1.000     0
          0.31710713   -2.05797301    6.46253437    h      1.000     0
         -0.00267353    0.79602995    8.24455898    h      1.000     0
         -2.28027840   -2.45392088    2.49114124    h      1.000     0
         -7.42009299   -0.04459388    3.54990868    h      1.000     0
         -3.77325585   -4.49953526   -0.77272399    h      1.000     0
        -12.91750480   -3.45061161   -2.47860574    h      1.000     0
        -10.91157417   -1.13884305    1.08138894    h      1.000     0
         -9.30318547   -7.49939103   -6.36740239    h      1.000     0
         -2.67759958   -8.44040023   -2.58650220    h      1.000     0
         -2.53858731   -8.91652110   -5.91527514    h      1.000     0
         -1.99479166   -5.84984887   -4.63941083    h      1.000     0
         11.54587426    4.73435887   -3.99870665    h      1.000     0
 
       center of nuclear mass  :   -0.14183100    0.21523178    0.18040789
       center of nuclear charge:   -0.11977266    0.18203707    0.17497842

              +--------------------------------------------------+
              |               basis set information              |
              +--------------------------------------------------+

              we will work with the 1s 3p 5d 7f 9g ... basis set
              ...i.e. with spherical basis functions...

   type   atoms  prim   cont   basis
   ---------------------------------------------------------------------------
    c       21     46     31   def2-TZVP   [5s3p2d1f|11s6p2d1f]
    o        6     46     31   def2-TZVP   [5s3p2d1f|11s6p2d1f]
    h       20      8      6   def2-TZVP   [3s1p|5s1p]
   ---------------------------------------------------------------------------
   total:   47   1402    957
   ---------------------------------------------------------------------------

   total number of primitive shells          :   46
   total number of contracted shells         :  377
   total number of cartesian basis functions : 1092
   total number of SCF-basis functions       :  957


 integral neglect threshold       :  0.31E-11
 integral storage threshold THIZE :  0.10E-04
 integral storage threshold THIME :         5

 RI-J AUXILIARY BASIS SET information:

              we will work with the 1s 3p 5d 7f 9g ... basis set
              ...i.e. with spherical basis functions...

   type   atoms  prim   cont   basis
   ---------------------------------------------------------------------------
    c       21     70     49   def2-TZVP   [6s4p3d1f1g|12s5p4d2f1g]
    o        6     70     49   def2-TZVP   [6s4p3d1f1g|12s5p4d2f1g]
    h       20     16     11   def2-TZVP   [3s1p1d|5s2p1d]
   ---------------------------------------------------------------------------
   total:   47   2210   1543
   ---------------------------------------------------------------------------

   total number of primitive shells          :   56
   total number of contracted shells         :  505
   total number of cartesian basis functions : 1887
   total number of SCF-basis functions       : 1543


 symmetry group of the molecule :   c1 

 the group has the following generators :
   c1(z)

    1 symmetry operations found

 there are 1 real representations :   a   

 maximum number of shells which are related by symmetry :  1

 ==============================================================================
                      COSMO switched on
 ==============================================================================
 COSMO stati: segments per atom: H   32 other atoms   92
 COSMO statistics: nps   1749 npspher:    709
 COSMO surface:
   number of segments: 1749
   area (bohr**2):     1424.425375
   volume (bohr**3):   2934.446048
 COSMO: check number of disjunct cavities:

       ... OK contiguous cavity found
  
           ------------------
           density functional
           ------------------
 Becke-3-Parameter hybrid functional: B3-LYP
 exchange:    0.8*LDA + 0.72*B88 + 0.2*HF
 correlation: 0.19*LDA(VWN) + 0.81*LYP
 iterations will be done with small grid
  
 spherical integration : Lebedev's spherical grid
 spherical gridsize    :                     4
    i.e. gridpoints    :                   434
  maximum batchsize    :                   100
 value for diffuse not defined
 radial integration    : Chebyshev 2nd kind (scaling 3)
 radial gridsize       :                     6
 integration cells     :                    47
 partition function    : becke
 partition sharpness   :                     3
  

 biggest AO integral is expected to be     7.998976882

          ------------------------
          nuclear repulsion energy  :   2218.01017064    
          ------------------------


         -----------------
         -S,T+V- integrals
         -----------------

 1e-integrals will be neglected if expon. factor < 0.306040E-12
 
 Difference densities algorithm switched on.
 The maximal number of linear combinations of
 difference densities is  20.

 DIIS switched on: error vector is FDS-SDF
 Max. Iterations for DIIS is     :   4
 DIIS matrix (see manual) 
    Scaling factor of diagonals  :  1.200
    threshold for scaling factor :  0.000

 scf convergence criterion : increment of total energy < .1000000D-06
                  and increment of one-electron energy < .1000000D-03

 MOs are in ASCII format !


    mo occupation :
   irrep   mo's   occupied
    a      957       97
 
 number of basis functions   :   957
 number of occupied orbitals :    97
 

 reading orbital data $scfmo  from file mos
 orbital characterization : scfconv=7
 mo-orthogonalization by Cholesky decomposition

 automatic virtual orbital shift switched on 
      shift if e(lumo)-e(homo) < 0.10000000    

  
           ------------------------
               RI-J - INFORMATION
           ------------------------
 Contributions to RI integral batches: 
  neglected integral batches:                 35169
  direct contribution:                            0
  memory contribution:                 36084
 Memory core needed for (P|Q) and Cholesky     19 MByte
 Memory core minimum needed except of (P|Q)     4 MByte
 Total minimum memory core needed (sum)        22 MByte
  
 ****************************************
 Memory allocated for RI-J  4166 MByte
 ****************************************
                                            

 dump of DSCF restart information has been disabled !


 Starting SCF iterations

          Overall gridpoints after grid construction =        130016

 ITERATION  ENERGY          1e-ENERGY        2e-ENERGY     NORM[dD(SAO)]  TOL
   1  -1263.3760959528    -6128.7521257     2647.3658591    0.000D+00 0.305D-11
                            Exc = -139.446877905     Coul =  2819.90229753    
                            exK = -33.0895604719    
                              N = 194.00006761    
                          Ediel =-0.247951475721E-01
                            current damping = 0.700
 
          max. resid. norm for Fia-block=  7.506D-03 for orbital     95a         
          max. resid. fock norm         =  1.754D-02 for orbital    220a         

 ITERATION  ENERGY          1e-ENERGY        2e-ENERGY     NORM[dD(SAO)]  TOL
   2  -1263.3789424150    -6129.3689621     2647.9798490    0.458D+00 0.193D-11
                            Exc = -139.474109824      Eck =  2787.45395883    
                              N = 194.00006411    
                          Ediel =-0.298749262851E-01
                            current damping = 0.650
 
          Norm of current diis error: 0.77861E-01
          max. resid. norm for Fia-block=  5.707D-03 for orbital     92a         
          max. resid. fock norm         =  6.528D-03 for orbital    125a         

 ITERATION  ENERGY          1e-ENERGY        2e-ENERGY     NORM[dD(SAO)]  TOL
   3  -1263.3794972981    -6129.3205878     2647.9309199    0.198D+00 0.144D-11
                            Exc = -139.452597332      Eck =  2787.38351720    
                              N = 194.00006110    
                          Ediel =-0.310419612377E-01
                            current damping = 0.600
 
          Norm of current diis error: 0.47390E-01
          max. resid. norm for Fia-block=  2.087D-03 for orbital     92a         
          max. resid. fock norm         =  3.682D-03 for orbital    954a         

 ITERATION  ENERGY          1e-ENERGY        2e-ENERGY     NORM[dD(SAO)]  TOL
   4  -1263.3796948482    -6129.3089271     2647.9190616    0.258D-01 0.128D-11
                            Exc = -139.454597957      Eck =  2787.37365956    
                              N = 194.00006149    
                          Ediel =-0.321101506621E-01
                            current damping = 0.450
 
          Norm of current diis error: 0.14536E-01
          max. resid. norm for Fia-block=  6.461D-04 for orbital     67a         
          max. resid. fock norm         =  1.196D-03 for orbital    119a         

 ITERATION  ENERGY          1e-ENERGY        2e-ENERGY     NORM[dD(SAO)]  TOL
   5  -1263.3797232898    -6129.3719464     2647.9820525    0.962D-02 0.120D-11
                            Exc = -139.456749170      Eck =  2787.43880167    
                              N = 194.00006120    
                          Ediel =-0.326071197115E-01
                            current damping = 0.500
 
          Norm of current diis error: 0.60889E-02
          max. resid. norm for Fia-block=  2.698D-04 for orbital     92a         
          max. resid. fock norm         =  3.976D-04 for orbital    119a         
          mo-orthogonalization: Cholesky decomposition

 ITERATION  ENERGY          1e-ENERGY        2e-ENERGY     NORM[dD(SAO)]  TOL
   6  -1263.3797274871    -6129.3820896     2647.9921915    0.294D-02 0.115D-11
                            Exc = -139.456970640      Eck =  2787.44916215    
                              N = 194.00006114    
                          Ediel =-0.327701055224E-01
                            current damping = 0.350
 
          Norm of current diis error: 0.24990E-02
          max. resid. norm for Fia-block=  1.216D-04 for orbital     92a         
          max. resid. fock norm         =  1.363D-04 for orbital     93a         

 ITERATION  ENERGY          1e-ENERGY        2e-ENERGY     NORM[dD(SAO)]  TOL
   7  -1263.3797281696    -6129.3717635     2647.9818646    0.138D-02 0.112D-11
                            Exc = -139.456055530      Eck =  2787.43792017    
                              N = 194.00006112    
                          Ediel =-0.328244061771E-01
                            current damping = 0.400
 
          Norm of current diis error: 0.13803E-02
          max. resid. norm for Fia-block=  4.838D-05 for orbital     93a         
          max. resid. fock norm         =  6.274D-05 for orbital     93a         

 ITERATION  ENERGY          1e-ENERGY        2e-ENERGY     NORM[dD(SAO)]  TOL
   8  -1263.3797283050    -6129.3762827     2647.9863838    0.424D-03 0.110D-11
                            Exc = -139.456367906      Eck =  2787.44275166    
                              N = 194.00006113    
                          Ediel =-0.328537844460E-01
                            current damping = 0.450
 
          Norm of current diis error: 0.53521E-03
          max. resid. norm for Fia-block=  2.302D-05 for orbital     92a         
          max. resid. fock norm         =  3.323D-05 for orbital     93a         

 ITERATION  ENERGY          1e-ENERGY        2e-ENERGY     NORM[dD(SAO)]  TOL
   9  -1263.3797283220    -6129.3789129     2647.9890139    0.223D-03 0.109D-11
                            Exc = -139.456427667      Eck =  2787.44544161    
                              N = 194.00006112    
                          Ediel =-0.328588918243E-01
                            current damping = 0.300
 
          Norm of current diis error: 0.29954E-03
          max. resid. norm for Fia-block=  1.008D-05 for orbital     92a         
          max. resid. fock norm         =  1.434D-05 for orbital     92a         

 ITERATION  ENERGY          1e-ENERGY        2e-ENERGY     NORM[dD(SAO)]  TOL
  10  -1263.3797283262    -6129.3782136     2647.9883146    0.706D-04 0.107D-11
                            Exc = -139.456417557      Eck =  2787.44473220    
                              N = 194.00006113    
                          Ediel =-0.328625483454E-01
                            current damping = 0.350
 
          Norm of current diis error: 0.14081E-03
          max. resid. norm for Fia-block=  4.195D-06 for orbital     92a         
          max. resid. fock norm         =  8.228D-06 for orbital    947a         
          mo-orthogonalization: Cholesky decomposition

 ENERGY CONVERGED !

          Overall gridpoints after grid construction =        461955

 ITERATION  ENERGY          1e-ENERGY        2e-ENERGY     NORM[dD(SAO)]  TOL
  11  -1263.3796750555    -6129.3781407     2647.9882950    0.293D-04 0.106D-11
                            Exc = -139.456348420      Eck =  2787.44464345    
                              N = 193.99999585    
                          Ediel =-0.328633926572E-01
                            current damping = 0.200
 
          Norm of current diis error: 0.39416E-04
          max. resid. norm for Fia-block=  1.252D-06 for orbital     96a         
          max. resid. fock norm         =  5.246D-06 for orbital    311a         

 End of SCF iterations

   convergence criteria satisfied after    11 iterations


                  ------------------------------------------ 
                 |  total energy      =  -1263.37967505550  |
                  ------------------------------------------ 
                 :  kinetic energy    =   1257.95790139487  :
                 :  potential energy  =  -2521.33757645037  :
                 :  virial theorem    =      1.99570851600  :
                 :  wavefunction norm =      1.00000000000  :
                  .......................................... 


 <geterg> : there is no data group $energy 


 <skperg> : $end is missing 


 orbitals $scfmo  will be written to file mos

    irrep                 93a         94a         95a         96a         97a   
 eigenvalues H         -0.25485    -0.25098    -0.25011    -0.21987    -0.21843
            eV          -6.9349     -6.8296     -6.8059     -5.9831     -5.9439
 occupation              2.0000      2.0000      2.0000      2.0000      2.0000

    irrep                 98a         99a        100a        101a        102a   
 eigenvalues H         -0.09052    -0.07300    -0.01383    -0.01035    -0.00037
            eV          -2.4633     -1.9865     -0.3764     -0.2815     -0.0100
 
 ==============================================================================
                                  COSMO RESULTS
 ==============================================================================
  PARAMETER:
    nppa:      1082
    nspa:        92
    nsph:        32
    nps:       1749
    npspher:    709
    disex:   10.0000    
    disex2:  4411.23    
    rsolv [A]: 1.3000
    routf:     0.8500
    phsran:    0.0    
    ampran:   0.10E-04
    cavity:  closed
    solvent: not set
    source:  Custom values, not taken from cosmosolvent list!                                                                        
    epsilon: infinity
    refind:      1.300 ( 25.0 C)
    fepsi:       1.0000000
  CAVITY VOLUME/AREA [a.u.]:
    surface: V1.0, A matrix: V1.0
    area:  1424.43
    volume:  2934.45
  SCREENING CHARGE:
    cosmo      :  -0.042831
    correction :   0.041722
    total      :  -0.001108
  ENERGIES [a.u.]:
    Total energy            =     -1263.3796750555030
    Total energy + OC corr. =     -1263.3799605333
    Dielectric energy       =        -0.0328633927
    Diel. energy + OC corr. =        -0.0331488704
  ELEMENT RADIUS [A]: ATOM LIST
    c  2.00: 1,3-11,13,14,16-23,26
    o  1.72: 2,12,15,24,25,27
    h  1.30: 28-47
 ==============================================================================
 
 
 
 ==============================================================================
                           electrostatic moments
 ==============================================================================

 reference point for electrostatic moments:    0.00000   0.00000   0.00000

 
              nuc           elec       ->  total
 ------------------------------------------------------------------------------
                          charge      
 ------------------------------------------------------------------------------
         194.000000    -194.000000       0.000000
 
 ------------------------------------------------------------------------------
                       dipole moment  
 ------------------------------------------------------------------------------
   x     -23.235897      24.439621       1.203724
   y      35.315192     -37.000618      -1.685426
   z      33.945813     -35.419106      -1.473292
 
   | dipole moment | =     2.5417 a.u. =     6.4603 debye 
 
 ------------------------------------------------------------------------------
                     quadrupole moment
 ------------------------------------------------------------------------------
  xx    9500.023955   -9622.536498    -122.512543
  yy    4422.680824   -4526.601282    -103.920458
  zz    2537.070948   -2657.899699    -120.828752
  xy    4959.577208   -4963.965767      -4.388559
  xz     326.118271    -323.223548       2.894723
  yz    1321.392195   -1313.978705       7.413490
 
     1/3  trace=    -115.753917
     anisotropy=      23.769555
 
 ==============================================================================
 
HOMO-LUMO Separation
 HOMO         :   -0.21843134 H =     -5.94382 eV
 LUMO         :   -0.09052479 H =     -2.46331 eV
 HOMO-LUMO gap:    0.12790655 H =     +3.48052 eV
 
 ==============================================================================


    ------------------------------------------------------------------------
         total  cpu-time : 37 minutes and 42 seconds
         total wall-time :  2 minutes and 25 seconds
    ------------------------------------------------------------------------

   ****  ridft : all done  ****


    2026-04-17 18:32:40.135 

 ridft ended normally
