
   OpenMP run-time library returned nthreads = 16

 ridft (s02r2b28) : TURBOMOLE rev. V7-8-1 compiled 26 Feb 2024 at 17:12:58
 Copyright (C) 2024 TURBOMOLE GmbH, Karlsruhe


    2026-04-15 19:56:17.470 



                                  r i d f t

                        DFT program with RI approximation 
                                for coulomb part 





                                 References:     
                                                 
          TURBOMOLE:                             
              R. Ahlrichs, M. Baer, M. Haeser, H. Horn, and
              C. Koelmel
              Electronic structure calculations on workstation
              computers: the program system TURBOMOLE
              Chem. Phys. Lett. 162: 165 (1989)
          Density Functional:                              
              O. Treutler and R. Ahlrichs                      
              Efficient Molecular Numerical Integration Schemes
              J. Chem. Phys. 102: 346 (1995)                   
          Parallel Version:                                
              Performance of parallel TURBOMOLE for Density    
              Functional Calculations                          
              M. v. Arnim and R. Ahlrichs                      
              J. Comp. Chem. 19: 1746 (1998)                   
          RI-J Method:                                     
              Auxiliary Basis Sets to approximate Coulomb      
              Potentials                                       
              Chem. Phys. Lett. 240: 283 (1995)                
              K. Eichkorn, O. Treutler, H. Oehm, M. Haeser     
              and R. Ahlrichs                                  
              Chem. Phys. Lett. 242: 652 (1995)                
                                                           
              Auxiliary Basis Sets for Main Row Atoms and their
              Use to approximate Coulomb Potentials            
              K. Eichkorn, F. Weigend, O. Treutler and         
              R. Ahlrichs                                      
              Theo. Chem. Acc. 97: 119 (1997)                  
                                                           
              Accurate Coulomb-fitting basis sets for H to Rn 
              F. Weigend                                       
              Phys. Chem. Chem. Phys. 8: 1057 (2006)           
                                                           
          Multipole accelerated RI-J (MARI-J):             
              Fast evaluation of the Coulomb potential for     
              electron densities using multipole accelerated   
              resolution of identity approximation             
              M. Sierka, A. Hogekamp and R. Ahlrichs           
              J. Chem. Phys. 118: 9136 (2003)                  
          RI-JK Method:                                     
              A fully direct RI-HF algorithm: Implementation,
              optimised auxiliary basis sets, demonstration of
              accuracy and efficiency                         
              F. Weigend                                      
              Phys. Chem. Chem. Phys. 4: 4285 (2002)           
          Two-component HF and DFT with spin-orbit coupling:  
              Self-consistent treatment of spin-orbit         
              interactions with efficient Hartree-Fock and    
              density functional methods                      
              M. K. Armbruster, F. Weigend, C. van Wüllen and 
              W. Klopper                                      
              Phys. Chem. Chem. Phys. 10: 1748 (2008)         
          Two-component difference density and DIIS algorithm 
              Efficient two-component self-consistent field   
              procedures and gradients: implementation in     
              TURBOMOLE and application to Au20-              
              A. Baldes, F. Weigend                           
              Mol. Phys. 111: 2617 (2013)                     
          Relativistic current density functional theory      
              Current density functional framework for        
              spin-orbit coupling                             
              C. Holzer, Y. J. Franzke, A. Pausch             
              J. Chem. Phys. 157: 204102 (2022)               
          Relativistic all-electron 2c calculations           
              An efficient implementation of two-component    
              relativistic exact-decoupling methods for large 
              molecules                                       
              D. Peng, N. Middendorf, F. Weigend, M. Reiher   
              J. Chem. Phys. 138: 184105 (2013)               
          Finite nucleus model and SNSO approximation         
              Efficient implementation of one- and two-       
              component analytical energy gradients in exact  
              two-component theory                            
              Y. J. Franzke, N. Middendorf, F. Weigend        
              J. Chem. Phys. 148: 104110 (2018)               
          Grids for all-electron relativistic methods         
              Error-consistent segmented contracted all-      
              electron relativistic basis sets of double-     
              and triple-zeta quality for NMR shielding       
              constants                                       
              Y. J. Franzke, R. Tress, T. M. Pazdera,         
              F. Weigend                                      
              Phys. Chem. Chem. Phys. 21: 166658 (2019)       
          Seminumerical exchange algorithms                   
              Seminumerical calculation of the Hartree-Fock   
              exchange matirx: Application to two-component   
              procedures and efficient evaluation of local    
              hybrid functionsl                               
              P. Plessow, F. Weigend,                         
              J. Comput. Chem. 33: 810 (2012)                 
          Improved seminumerical algorithms                   
              C. Holzer,                                      
              J. Chem. Phys. 153 (2020), 184115               






          OpenMP Shared-Memory Parallelization: 16 CPUs.

            By: Christof Holzer and Yannick J. Franzke


              +--------------------------------------------------+
              |      general information about current run       |
              +--------------------------------------------------+

 
 Becke-3-Parameter hybrid functional: B3-LYP
 exchange:    0.8*LDA + 0.72*B88 + 0.2*HF
 correlation: 0.19*LDA(VWN) + 0.81*LYP
 A Hybrid-DFT calculation using the RI-J approximation will be carried out.
 Allocatable memory for RI due to $ricore (MB):                  5000


              +--------------------------------------------------+
              | Atomic coordinate, charge and isotop information |
              +--------------------------------------------------+

                    atomic coordinates            atom    charge  isotop
          8.37224548    2.73154399    1.42822618    c      6.000     0
          6.37826752    0.77527224    2.10164291    c      6.000     0
          4.02123546    1.06511822    0.45759139    c      6.000     0
          3.03198282    3.05093237   -0.02653160    o      8.000     0
          3.11841046   -1.20178742   -0.31858392    o      8.000     0
          0.75407797   -1.20416124   -1.63315925    c      6.000     0
          0.61066603   -3.63762577   -3.15995721    c      6.000     0
         -1.38771145   -0.98270261    0.29119019    c      6.000     0
         -1.14267635   -1.04867213    2.54411796    o      8.000     0
         -3.61733247   -0.73455046   -0.91395011    o      8.000     0
         -5.83349949   -0.47894250    0.64310289    c      6.000     0
         -8.11874842   -1.00299514   -1.02204103    c      6.000     0
         -6.03963270    2.12409742    1.86727949    c      6.000     0
         -7.50144911    2.55881649    3.55024522    o      8.000     0
         -4.50857244    3.85655988    0.82594364    o      8.000     0
          7.50062643   -1.64773071    1.96275769    o      8.000     0
          7.57899325    4.62724750    1.52234881    h      1.000     0
          9.08789921    2.39444872   -0.47593373    h      1.000     0
          9.94392907    2.58469195    2.75092809    h      1.000     0
          5.69439410    1.14482099    4.03195276    h      1.000     0
          0.65551337    0.44875906   -2.86135815    h      1.000     0
          2.18365722   -3.71482575   -4.48741727    h      1.000     0
         -1.15397180   -3.70448732   -4.21702217    h      1.000     0
          0.71289071   -5.28503069   -1.92461323    h      1.000     0
         -5.72753773   -1.82847492    2.19582244    h      1.000     0
         -9.83946896   -0.80545808    0.09088420    h      1.000     0
         -8.18768394    0.31460592   -2.60546145    h      1.000     0
         -8.01881238   -2.92251827   -1.76197389    h      1.000     0
         -4.75176201    5.42855547    1.73967254    h      1.000     0
          6.18407205   -2.90551098    2.02681432    h      1.000     0
 
       center of nuclear mass  :   -0.25804646    0.28071577    0.55365266
       center of nuclear charge:   -0.22619815    0.24824996    0.50693458

              +--------------------------------------------------+
              |               basis set information              |
              +--------------------------------------------------+

              we will work with the 1s 3p 5d 7f 9g ... basis set
              ...i.e. with spherical basis functions...

   type   atoms  prim   cont   basis
   ---------------------------------------------------------------------------
    c        9     46     31   def2-TZVP   [5s3p2d1f|11s6p2d1f]
    o        7     46     31   def2-TZVP   [5s3p2d1f|11s6p2d1f]
    h       14      8      6   def2-TZVP   [3s1p|5s1p]
   ---------------------------------------------------------------------------
   total:   30    848    580
   ---------------------------------------------------------------------------

   total number of primitive shells          :   46
   total number of contracted shells         :  232
   total number of cartesian basis functions :  660
   total number of SCF-basis functions       :  580


 integral neglect threshold       :  0.51E-11
 integral storage threshold THIZE :  0.10E-04
 integral storage threshold THIME :         5

 RI-J AUXILIARY BASIS SET information:

              we will work with the 1s 3p 5d 7f 9g ... basis set
              ...i.e. with spherical basis functions...

   type   atoms  prim   cont   basis
   ---------------------------------------------------------------------------
    c        9     70     49   def2-TZVP   [6s4p3d1f1g|12s5p4d2f1g]
    o        7     70     49   def2-TZVP   [6s4p3d1f1g|12s5p4d2f1g]
    h       14     16     11   def2-TZVP   [3s1p1d|5s2p1d]
   ---------------------------------------------------------------------------
   total:   30   1344    938
   ---------------------------------------------------------------------------

   total number of primitive shells          :   56
   total number of contracted shells         :  310
   total number of cartesian basis functions : 1144
   total number of SCF-basis functions       :  938


 symmetry group of the molecule :   c1 

 the group has the following generators :
   c1(z)

    1 symmetry operations found

 there are 1 real representations :   a   

 maximum number of shells which are related by symmetry :  1

  
           ------------------
           density functional
           ------------------
 Becke-3-Parameter hybrid functional: B3-LYP
 exchange:    0.8*LDA + 0.72*B88 + 0.2*HF
 correlation: 0.19*LDA(VWN) + 0.81*LYP
 iterations will be done with small grid
  
 spherical integration : Lebedev's spherical grid
 spherical gridsize    :                     3
    i.e. gridpoints    :                   302
  maximum batchsize    :                   100
 value for diffuse not defined
 radial integration    : Chebyshev 2nd kind (scaling 3)
 radial gridsize       :                     3
 integration cells     :                    30
 partition function    : becke
 partition sharpness   :                     3
  

 biggest AO integral is expected to be     7.998976882

          ------------------------
          nuclear repulsion energy  :   1192.30376580    
          ------------------------


         -----------------
         -S,T+V- integrals
         -----------------

 1e-integrals will be neglected if expon. factor < 0.506358E-12
 
 Difference densities algorithm switched on.
 The maximal number of linear combinations of
 difference densities is  20.

 DIIS switched on: error vector is FDS-SDF
 Max. Iterations for DIIS is     :   4
 DIIS matrix (see manual) 
    Scaling factor of diagonals  :  1.200
    threshold for scaling factor :  0.000

 scf convergence criterion : increment of total energy < .1000000D-06
                  and increment of one-electron energy < .1000000D-03

 MOs are in ASCII format !


    mo occupation :
   irrep   mo's   occupied
    a      580       62
 
 number of basis functions   :   580
 number of occupied orbitals :    62
 

 reading orbital data $scfmo  from file mos
 orbital characterization : scfconv=7
 mo-orthogonalization by Cholesky decomposition

 automatic virtual orbital shift switched on 
      shift if e(lumo)-e(homo) < 0.10000000    

  
           ------------------------
               RI-J - INFORMATION
           ------------------------
 Contributions to RI integral batches: 
  neglected integral batches:                  8336
  direct contribution:                            0
  memory contribution:                 18692
 Memory core needed for (P|Q) and Cholesky      7 MByte
 Memory core minimum needed except of (P|Q)     2 MByte
 Total minimum memory core needed (sum)         9 MByte
  
 ****************************************
 Memory allocated for RI-J  1316 MByte
 ****************************************
                                            

 DSCF restart information will be dumped onto file mos


 Starting SCF iterations

          Overall gridpoints after grid construction =         39705

 ITERATION  ENERGY          1e-ENERGY        2e-ENERGY     NORM[dD(SAO)]  TOL
   1  -877.89975390466    -3569.4358139     1499.2322942    0.000D+00 0.505D-11
                            Exc = -92.0696590344     Coul =  1613.16237508    
                            exK = -21.8604218804    
                              N = 124.00163225    
                            current damping = 0.300
 
          max. resid. norm for Fia-block=  2.719D-05 for orbital     60a         
          max. resid. fock norm         =  8.585D-05 for orbital    577a         

 ITERATION  ENERGY          1e-ENERGY        2e-ENERGY     NORM[dD(SAO)]  TOL
   2  -877.89975389520    -3569.4355002     1499.2319805    0.244D-03 0.320D-11
                            Exc = -92.0696998929      Eck =  1591.30168035    
                              N = 124.00163222    
                            current damping = 0.300
 
          Norm of current diis error: 0.56278E-03
          max. resid. norm for Fia-block=  1.165D-05 for orbital     57a         
          max. resid. fock norm         =  3.547D-05 for orbital    577a         

 ENERGY CONVERGED !

          Overall gridpoints after grid construction =        146415

 ITERATION  ENERGY          1e-ENERGY        2e-ENERGY     NORM[dD(SAO)]  TOL
   3  -877.89933151540    -3569.4356581     1499.2325608    0.255D-04 0.303D-11
                            Exc = -92.0692618840      Eck =  1591.30182271    
                              N = 123.99996734    
                            current damping = 0.350
 
          Norm of current diis error: 0.16620E-03
          max. resid. norm for Fia-block=  3.598D-06 for orbital     60a         
          max. resid. fock norm         =  1.077D-05 for orbital    577a         

 End of SCF iterations

   convergence criteria satisfied after     3 iterations


                  ------------------------------------------ 
                 |  total energy      =   -877.89933151540  |
                  ------------------------------------------ 
                 :  kinetic energy    =    874.34524932389  :
                 :  potential energy  =  -1752.24458083929  :
                 :  virial theorem    =      1.99595160622  :
                 :  wavefunction norm =      1.00000000000  :
                  .......................................... 


 <geterg> : there is no data group $energy 


 <skperg> : $end is missing 


 orbitals $scfmo  will be written to file mos

    irrep                 58a         59a         60a         61a         62a   
 eigenvalues H         -0.33164    -0.30579    -0.29838    -0.29191    -0.27116
            eV          -9.0246     -8.3210     -8.1194     -7.9434     -7.3786
 occupation              2.0000      2.0000      2.0000      2.0000      2.0000

    irrep                 63a         64a         65a         66a         67a   
 eigenvalues H         -0.01682    -0.01244    -0.00774     0.01973     0.03351
            eV          -0.4577     -0.3384     -0.2105      0.5368      0.9118
 
 
 
 
 ==============================================================================
                           electrostatic moments
 ==============================================================================

 reference point for electrostatic moments:    0.00000   0.00000   0.00000

 
              nuc           elec       ->  total
 ------------------------------------------------------------------------------
                          charge      
 ------------------------------------------------------------------------------
         124.000000    -124.000000      -0.000000
 
 ------------------------------------------------------------------------------
                       dipole moment  
 ------------------------------------------------------------------------------
   x     -28.048571      27.520041      -0.528530
   y      30.782995     -31.309897      -0.526902
   z      62.859888     -63.921141      -1.061254
 
   | dipole moment | =     1.2974 a.u. =     3.2976 debye 
 
 ------------------------------------------------------------------------------
                     quadrupole moment
 ------------------------------------------------------------------------------
  xx    3526.902937   -3601.070556     -74.167620
  yy     617.106863    -682.870405     -65.763542
  zz     440.518387    -512.887457     -72.369069
  xy     -68.793564      72.290098       3.496535
  xz      46.567503     -40.972536       5.594967
  yz     264.593693    -262.529350       2.064343
 
     1/3  trace=     -70.766744
     anisotropy=      14.216924
 
 ==============================================================================
 
HOMO-LUMO Separation
 HOMO         :   -0.27115651 H =     -7.37855 eV
 LUMO         :   -0.01682074 H =     -0.45772 eV
 HOMO-LUMO gap:    0.25433577 H =     +6.92083 eV
 
 ==============================================================================


    ------------------------------------------------------------------------
         total  cpu-time :  3 minutes and 21 seconds
         total wall-time :  12.77 seconds
    ------------------------------------------------------------------------

   ****  ridft : all done  ****


    2026-04-15 19:56:30.211 

 ridft ended normally
