
   OpenMP run-time library returned nthreads = 16

 force (s02r2b58) : TURBOMOLE rev. V7-8-1 compiled 26 Feb 2024 at 17:12:58
 Copyright (C) 2024 TURBOMOLE GmbH, Karlsruhe


    2026-04-15 19:55:52.851 



                             T U R B O M O L E   

                          a o f o r c e - program

                        using direct algorithms for

                       SCF level calculations of
                         * harmonic force constants
                         * hyperpolarizabilities
                         * IR and RAMAN intensities
                         * VCD intensities

                       DFT level calculations of
                         * harmonic force constants
                         * IR intensities
                                                   
       Stephan Boecker, Peter Deglmann, Filipp Furche and Marco Haeser
                          Quantum Chemistry Group
                          Universitaet  Karlsruhe
                                   Germany

 
 

          OpenMP Shared-Memory Parallelization: 16 CPUs.

            By: Erik P. Almaraz and Filipp Furche
            Copyright 2009-2011 by UCI and TURBOMOLE GmbH.

            Revised By: Christof Holzer and Yannick J. Franzke.

 
 
     References :
 
       RI-J implementation:
         Peter Deglmann, Klaus May, Filipp Furche, Reinhart Ahlrichs
                 Chem. Phys. Lett. 384:103 (2004)
 
       Efficiency, technical details:
         Peter Deglmann, Filipp Furche, Reinhart Ahlrichs
                 Chem. Phys. Lett. 362:511 (2002)
 
       Search of lowest eigenvalues by iterative diagonalization:
         Peter Deglmann, Filipp Furche
                 J. Chem. Phys. 117:9535 (2002)
 
       Vibrational circular dichroism implementation:
        Kevin Reiter, Michael Kuehn, Florian Weigend
                 J. Chem. Phys. 146:054102 (2017)  
 
 


              +--------------------------------------------------+
              | Atomic coordinate, charge and isotop information |
              +--------------------------------------------------+

                    atomic coordinates            atom    charge  isotop
         -1.57447917   -2.24455382   -0.11897630    c      6.000     0
          1.26396638   -2.33857106   -0.65386129    c      6.000     0
          2.83426738   -0.37725520    0.81533657    c      6.000     0
          2.77076657    2.25504792   -0.32134315    c      6.000     0
          4.59952980    3.24775796   -1.22993109    o      8.000     0
          0.54863391    3.53016577   -0.35822159    o      8.000     0
         -1.74116511    2.53797287    0.72273429    c      6.000     0
         -2.83681248    0.28902684   -0.70299551    c      6.000     0
         -1.89107882   -2.70036530    1.87698104    h      1.000     0
         -2.51390872   -3.73242104   -1.20270266    h      1.000     0
          1.61711166   -2.10949200   -2.67878628    h      1.000     0
          1.96517962   -4.21539291   -0.15586462    h      1.000     0
          4.81868078   -0.91735158    0.81454289    h      1.000     0
          2.21123122   -0.31436007    2.78722060    h      1.000     0
         -3.03644257    4.13431549    0.62841039    h      1.000     0
         -1.44241377    2.09105715    2.72023502    h      1.000     0
         -4.84288677    0.16381958   -0.21451046    h      1.000     0
         -2.75017802    0.70059938   -2.72826785    h      1.000     0
 
       center of nuclear mass  :    0.74521265    0.90191544   -0.23355880
       center of nuclear charge:    0.63903009    0.77506135   -0.20020316

              +--------------------------------------------------+
              |               basis set information              |
              +--------------------------------------------------+

              we will work with the 1s 3p 5d 7f 9g ... basis set
              ...i.e. with spherical basis functions...

   type   atoms  prim   cont   basis
   ---------------------------------------------------------------------------
    c        6     46     31   def2-TZVP   [5s3p2d1f|11s6p2d1f]
    o        2     46     31   def2-TZVP   [5s3p2d1f|11s6p2d1f]
    h       10      8      6   def2-TZVP   [3s1p|5s1p]
   ---------------------------------------------------------------------------
   total:   18    448    308
   ---------------------------------------------------------------------------

   total number of primitive shells          :   46
   total number of contracted shells         :  128
   total number of cartesian basis functions :  348
   total number of SCF-basis functions       :  308

 
             FOUND RI-J FLAG !
 

 NOTE: THIS IS A PRELIMINARY IMPLEMENTATION. THE RI APPROXIMATION IS
       PRESENTLY USED FOR CPKS CONTRIBUTIONS TO THE HESSIAN ONLY! SEE
       MANUAL FOR FURTHER DETAILS.

  
 AUXILIARY BASIS SET information:

              we will work with the 1s 3p 5d 7f 9g ... basis set
              ...i.e. with spherical basis functions...

   type   atoms  prim   cont   basis
   ---------------------------------------------------------------------------
    c        6     70     49   def2-TZVP   [6s4p3d1f1g|12s5p4d2f1g]
    o        2     70     49   def2-TZVP   [6s4p3d1f1g|12s5p4d2f1g]
    h       10     16     11   def2-TZVP   [3s1p1d|5s2p1d]
   ---------------------------------------------------------------------------
   total:   18    720    502
   ---------------------------------------------------------------------------

   total number of primitive shells          :   56
   total number of contracted shells         :  170
   total number of cartesian basis functions :  608
   total number of SCF-basis functions       :  502


 symmetry group of the molecule :   c1 

 the group has the following generators :
   c1(z)

    1 symmetry operations found

 there are 1 real representations :   a   

 maximum number of shells which are related by symmetry :  1


 determining totally symmetric integral contributions 
    - equivalent to irreducible tensor elements - 
 which can be formed within each triple of representations :

             representation triple      contributions

              a     a     a               1
  MOs are in ASCII format !

  MOs are in ASCII format !


    mo occupation :
   irrep   mo's   occupied
    a      308       31
 
 number of basis functions   :   308
 number of occupied orbitals :    31
 

 reading orbital data $scfmo  from file mos
 orbital characterization : scfconv=7
 time elapsed for calculating density matrices :   0.161 sec
 all orbitals will be included in the transformation

 number of non-frozen orbitals          :   308
 number of non-frozen occupied orbitals :    31


 Blocking parameters 
 shells:
    index      start shell   last shell  start bf    last bf    #bf 
       1             1         128             1        348    348
          size of I/O Block in Byte:               52316928
  
           ----------------------
               RI - INFORMATION
           ----------------------

 biggest AO integral is expected to be     7.998976882

 Threshold for integral neglect (rithr2):   0.72E-11
 Threshold for integral neglect (rithr1):   0.72E-11

 Contributions to RI integral batches: 
  neglected integral batches:                   551
  direct contribution:                            0
  memory contribution:                  7705
 Core memory available (ricore)            5000 MiB
 Core memory needed for (P|Q) and Cholesky 2 MiB
 Core memory used for integrals            270 MiB
  
 ****************************************
 Memory allocated for RIDFT 272 MiB
 ****************************************
                                            
  
           ------------------
           density functional
           ------------------
 Becke-3-Parameter hybrid functional: B3-LYP
 exchange:    0.8*LDA + 0.72*B88 + 0.2*HF
 correlation: 0.19*LDA(VWN) + 0.81*LYP
 iterations will be done with small grid
  
 spherical integration : Lebedev's spherical grid
 spherical gridsize    :                     3
    i.e. gridpoints    :                   302
  maximum batchsize    :                   100
 value for diffuse not defined
 radial integration    : Chebyshev 2nd kind (scaling 3)
 radial gridsize       :                     3
 integration cells     :                    18
 partition function    : becke
 partition sharpness   :                     3
  
 
 Derivatives of quadrature weights will be included
 
 preparing DFT   numerical integration ....
          Overall gridpoints after grid construction =         83526
 Ordering of quadrature gridpoints disabled.
 
 
 
 
 OCCUPIED-OCCUPIED TENSOR SPACES :

          IRREP   tensor space dimension   number of roots

           a                 961                     48
 
 OCCUPIED-VIRTUAL TENSOR SPACES :

          IRREP   tensor space dimension   number of roots

           a                8587                     48
 
 
 
 
 CONSTRUCTING integral bounds

 setting up bound for integral derivative estimation

 increment for numerical differentiation : 0.00050000
 
 machine precision:   2.220446049250313E-016

 integral neglect threshold       :  0.10E-09
 integral storage threshold THIZE :  0.10E-04
 integral storage threshold THIME :         5

 
 
 
 PREPARING NUMERICAL INTEGRATION
 
 Remaining core memory for DFT =                  7850 MB
 
 Memory needed per atom    =                  1423 KiB
 
     i. e.                    18 atoms per loop

 Calculating ground state density on molecular grid

 Integral of ground state density: N =   62.00003216198195    


 
 
 CONSTRUCTING first deriv. of <mu|x,y,z|nu> -> Dip. deriv.
  dipole integral derivatives will be neglected if
  expon. factor <0.143678E-11
      ...terminated. cpu:       0.39       wall:       0.02
 
 
 
 
 CONSTRUCTING first deriv. of  <mu|nu>
                               <mu|h|nu>    -> RHS
              second deriv. of <mu|nu>      -> Hessian
                               <mu|h|nu>    -> Hessian
                               nucl. rep.   -> Hessian
     integrals are neglected if expon. factor <  1.436781609195402E-013
      ...terminated. cpu:       2.07       wall:       0.13



 CONSTRUCTING second deriv. of 2e energy    -> Hessian
  treating Coulomb (and exchange) contribution
  integrals will be neglected if total contribution <  0.14367816E-08
      ...terminated. cpu:     468.91       wall:      34.82
  treating exchange-correlation contribution
      ...terminated. cpu:     103.21       wall:       6.63
 
 
 
 
 CONSTRUCTING S(i,j)xi
      ...terminated. cpu:       0.19       wall:       0.01
 
 
 
 
 CONSTRUCTING <i|x,y,z|j>*S(i,j)xi          -> Dip. deriv.
      ...terminated. cpu:       0.04       wall:       0.00
 
 
 
 
 CONSTRUCTING epsilon(i)*S(i,j)xi*S(i,j)chi -> Hessian
      ...terminated. cpu:       0.03       wall:       0.00
 
 
 
 
 CONSTRUCTING G(a,i)[S(k,l)xi]              -> RHS
              G(i,j)[S(k,l)xi]*S(i,j)chi    -> Hessian
 
         Maximum core memory set to                   8000 MB
         This corresponds to                  8633 vectors in CAO basis
      ...terminated. cpu:     414.51       wall:      33.17
 
 
 
 
 CONSTRUCTING G(mu,nu)[D(kap,lam)]xi
 
          Maximum core memory set to                   8000 MB
          Atoms treated simultaneously :                    18
 max of dfo   88.4770536874893     
      ...terminated. cpu:     411.25       wall:      25.72




 CONSTRUCTING F(a,i)xi                      -> RHS
              F(i,j)xi*S(i,j)chi            -> Hessian
 
        Maximum core memory set to                  8000 MB
        This corresponds to                 15128 vectors in CAO basis
      ...terminated. cpu:       1.21       wall:       0.08
 
 
 
 
 CONSTRUCTING epsilon(i)*S(a,i)xi           -> RHS
      ...terminated. cpu:       1.11       wall:       0.07





 SOLVING CPHF equations
 
 Residuum convergence criterium   :  1.000000000000000E-005
 
 Maximum number of Davidson iterations set to                    25

 logfile cphf_a    will be constructed


  Switching to small grid for DFT
        preparing DFT   numerical integration ....
          Overall gridpoints after grid construction =         22254

 Calculating ground state density on molecular grid

 Integral of ground state density: N =   61.99912075828694    




                       Nonorthonormal Krylov Space Iteration


 total number of roots to be determined: 48


 maximum core memory set to         8000 MB,
 corresponding to     8590 vectors in CAO basis


 maximum number of simultaneously treated vectors (including degeneracy):       48


 Iteration IRREP Converged      Max. Euclidean
                 roots          residual norm

    1       a        0        7.067402640358778D-02
 
    2       a        0        6.704017256560889D-03
 
    3       a        0        5.294531018313793D-04
 
    4       a       12        3.992943980164841D-05
 
    5       a       48        9.836782867012089D-06
 

 converged!

  Switching to fine grid
        preparing numerical DFT   integration ....
          Overall gridpoints after grid construction =         83526

 Calculating ground state density on molecular grid

 Integral of ground state density: N =   62.00003216198189    



 Iteration IRREP Converged      Max. Euclidean
                 roots          residual norm

    6       a        0        1.415049525930347D-04
 

 NOTE: Residual norms are larger than 1.00D-05 due to mgrid option!

      ...terminated. cpu:    1782.33       wall:     149.05
 
 
 
 
 CONSTRUCTING <a|x,y,z|i>*U(a,i)xi          -> Dip. deriv.
      ...terminated. cpu:       0.17       wall:       0.01
 
 
 
 
 CONSTRUCTING RHS(a,i)xi*U(a,i)chi          -> Hessian
      ...terminated. cpu:       0.18       wall:       0.01
 
 
 
 

            -----------------------
            permanent dipole moment
            -----------------------

                                   x                y                z
    electronic part       :  -40.9418119325   -49.2570335021    13.0898285404
     nuclear   part       :   39.6198657330    48.0538038954   -12.4125956895
     total                :   -1.3219461995    -1.2032296066     0.6772328509

 with reference to the point :   0.0000000        0.0000000        0.0000000
 (given in atomic units)
    | dipole |       :    4.8586617719  debye

   ***  dipole moment & cartesian dipole gradients written onto
        $dipole, $dipgrad,  file=<dipgrad>  ***

             -----------------------------------
             rotational and vibrational analysis
             -----------------------------------


            ==============================================================
            ATOMIC WEIGHTS (average over the natural occurance of isotops)
            ==============================================================
            ('*' denotes special isotop !)
              1     c                12.01115
              2     c                12.01115
              3     c                12.01115
              4     c                12.01115
              5     o                15.99940
              6     o                15.99940
              7     c                12.01115
              8     c                12.01115
              9     h                 1.00797
             10     h                 1.00797
             11     h                 1.00797
             12     h                 1.00797
             13     h                 1.00797
             14     h                 1.00797
             15     h                 1.00797
             16     h                 1.00797
             17     h                 1.00797
             18     h                 1.00797

          -------------------------------------------------
          CARTESIAN FORCE CONSTANT MATRIX (hartree/bohr**2)
         (translational & rotational space projected out)
          -------------------------------------------------

   ATOM              1 c                           2 c 
                  dx        dy        dz        dx        dy        dz
   1 c     dx  0.4737435
           dy  0.0399613 0.5117524
           dz  0.0146063 0.0263664 0.5773639
   2 c     dx -0.1761602 0.0023161 0.0232184 0.4549406
           dy  0.0040691-0.0832605 0.0001745-0.0385473 0.5350556
           dz  0.0202084-0.0007245-0.0853831-0.0141635-0.0456616 0.5529217
   3 c     dx -0.0210066-0.0244844-0.0192792-0.1020621-0.0322530-0.0231112
           dy -0.0028456 0.0015550 0.0012582-0.0236480-0.1175375-0.0270707
           dz -0.0007675 0.0040323 0.0023340-0.0269756-0.0358302-0.0994815
   4 c     dx  0.0018093-0.0036452 0.0008210 0.0018820-0.0177928 0.0103082
           dy -0.0021029 0.0022998 0.0010236-0.0069391-0.0277599-0.0010152
           dz  0.0010345-0.0001182-0.0007085 0.0089274-0.0173509 0.0135577
   5 o     dx -0.0004348 0.0009198-0.0005620 0.0020786 0.0009868 0.0013826
           dy  0.0003882-0.0007598-0.0006266 0.0014637 0.0002910 0.0044586
           dz -0.0001520 0.0003437 0.0009122-0.0025256 0.0036241-0.0064064
   6 o     dx -0.0017757 0.0017029-0.0006539-0.0027325 0.0000255-0.0021524
           dy  0.0004878 0.0007213 0.0004990 0.0022021 0.0025981 0.0009743
           dz  0.0001219 0.0011645 0.0004064-0.0009006 0.0025184-0.0015039
   7 c     dx  0.0104275 0.0104172 0.0111642 0.0030078 0.0015612 0.0009791
           dy -0.0101296-0.0302705-0.0165625-0.0000928 0.0007303-0.0000989
           dz  0.0049870 0.0014403 0.0035552-0.0003835-0.0006095-0.0002720
   8 c     dx -0.1012671 0.0373245-0.0111911-0.0168423 0.0326881-0.0072546
           dy  0.0350219-0.1569468 0.0219549 0.0059957 0.0010604-0.0012610
           dz -0.0103774 0.0200286-0.0874320 0.0018373-0.0067138 0.0022647
   9 h     dx -0.0524222-0.0091203 0.0340727-0.0091434-0.0066724 0.0340394
           dy -0.0090288-0.0592107 0.0486754 0.0001741-0.0001409-0.0011675
           dz  0.0347326 0.0499057-0.2774808 0.0019873 0.0006616-0.0076592
  10 h     dx -0.0988256-0.0821903-0.0606303-0.0164203-0.0240384-0.0183676
           dy -0.0821409-0.1770481-0.0962072 0.0002546 0.0006285 0.0009608
           dz -0.0614341-0.0977215-0.1218903 0.0044567 0.0059181 0.0033483
  11 h     dx -0.0073192-0.0050546 0.0340532-0.0548338-0.0039112 0.0399632
           dy -0.0000241-0.0003487-0.0012295-0.0038001-0.0524778 0.0317865
           dz  0.0018804 0.0013648-0.0058275 0.0403650 0.0301039-0.2888361
  12 h     dx -0.0138966 0.0316364-0.0088652-0.0743001 0.0798266-0.0207493
           dy  0.0002361-0.0003031 0.0002947 0.0799009-0.2586321 0.0593134
           dz  0.0037218-0.0071039 0.0009886-0.0215031 0.0604002-0.0655609
  13 h     dx  0.0000102-0.0026963-0.0025372-0.0149816 0.0028919 0.0004724
           dy -0.0015366-0.0029223-0.0033585-0.0239337 0.0043439 0.0010719
           dz -0.0003143-0.0022547-0.0019361-0.0175789 0.0040885 0.0004834
  14 h     dx  0.0012224 0.0008390-0.0011582 0.0040372-0.0015860-0.0189881
           dy  0.0012190 0.0015340 0.0001118 0.0056650-0.0002409-0.0234363
           dz  0.0012801 0.0009675 0.0010496 0.0033339-0.0017028-0.0183495
  15 h     dx -0.0002674-0.0014820-0.0019560-0.0003630-0.0002377-0.0001138
           dy -0.0032168-0.0019889-0.0040451-0.0005523 0.0002550 0.0000740
           dz -0.0020203-0.0015789-0.0018618-0.0001331-0.0000339-0.0000347
  16 h     dx  0.0001752 0.0007232 0.0004844 0.0000493-0.0000338-0.0002276
           dy  0.0002989 0.0020371-0.0009367 0.0000241-0.0002917-0.0001278
           dz  0.0004187 0.0015112 0.0007852 0.0002720-0.0003584 0.0001277
  17 h     dx -0.0145608-0.0002009 0.0036033 0.0008351 0.0035453-0.0012335
           dy  0.0311334 0.0005897-0.0073689 0.0007955-0.0057903 0.0018850
           dz -0.0083513 0.0003241 0.0009936-0.0003080 0.0011367 0.0004101
  18 h     dx  0.0005484 0.0030335-0.0151902 0.0010088-0.0005217-0.0009919
           dy -0.0017906-0.0074299 0.0299765-0.0012785 0.0011688 0.0000390
           dz  0.0004252 0.0020525-0.0058685 0.0000738-0.0003650 0.0003737

   ATOM              3 c                           4 c 
                  dx        dy        dz        dx        dy        dz
   3 c     dx  0.5839360
           dy -0.0423463 0.4329794
           dz -0.0468435-0.0113647 0.5103885
   4 c     dx -0.0834594 0.0083440-0.0079920 0.7647352
           dy  0.0151749-0.1522630 0.0289462 0.1548895 0.5794718
           dz -0.0088365 0.0280809-0.1053192-0.2025369-0.1967289 0.3705122
   5 o     dx -0.0053410-0.0129756 0.0144981-0.4759054-0.2418679 0.2093158
           dy -0.0346210-0.0192331 0.0298147-0.2254453-0.2444961 0.1321294
           dz  0.0232272 0.0239232 0.0109826 0.2021922 0.1369045-0.1887249
   6 o     dx -0.0078071 0.0096919 0.0022055-0.1632895 0.0939326-0.0157820
           dy  0.0349365-0.0121750 0.0036755 0.0553835-0.1655863 0.0415231
           dz -0.0091775 0.0093474 0.0149353 0.0045414 0.0318413-0.0630132
   7 c     dx  0.0013584-0.0001774-0.0015962-0.0492107-0.0010185 0.0122241
           dy  0.0029455-0.0010768 0.0010598 0.0030584 0.0125801-0.0115047
           dz -0.0008595 0.0012258 0.0011333 0.0108499-0.0125985-0.0084855
   8 c     dx  0.0014260 0.0003722-0.0000602 0.0037908-0.0060242-0.0021867
           dy -0.0008681 0.0006618-0.0001299-0.0012288 0.0016271-0.0003677
           dz -0.0002475 0.0000852 0.0000684-0.0034573 0.0021825 0.0021082
   9 h     dx  0.0018569 0.0007333 0.0014005-0.0005122 0.0001056 0.0001118
           dy -0.0000564 0.0000756 0.0008546 0.0002794-0.0003744 0.0000789
           dz -0.0004977-0.0000950 0.0007992-0.0002848-0.0001607 0.0000234
  10 h     dx -0.0062138 0.0014709 0.0022969-0.0013605 0.0018169-0.0007157
           dy  0.0002359 0.0016829 0.0002110 0.0015003-0.0004942 0.0002234
           dz  0.0012793-0.0000936 0.0002768-0.0000686-0.0000220 0.0000036
  11 h     dx  0.0026945 0.0008792-0.0173217 0.0016299 0.0012094-0.0004547
           dy  0.0027788-0.0004312-0.0241463 0.0009422 0.0014688-0.0020508
           dz  0.0015593-0.0007884-0.0158448 0.0007196 0.0021808-0.0007363
  12 h     dx  0.0030800-0.0198343 0.0035325-0.0022254-0.0001212-0.0042583
           dy  0.0044963-0.0231399 0.0045576-0.0028308 0.0011224-0.0049184
           dz  0.0040240-0.0186293 0.0038464-0.0021072-0.0003907-0.0033767
  13 h     dx -0.2978194 0.0734126 0.0016137-0.0054667 0.0002969 0.0012708
           dy  0.0675094-0.0638843-0.0003613 0.0341877-0.0113519-0.0008222
           dz  0.0047884-0.0016906-0.0495032-0.0150316 0.0050716-0.0011484
  14 h     dx -0.0701817 0.0066893 0.0758618-0.0018212-0.0030366-0.0022811
           dy  0.0062767-0.0476825-0.0009775-0.0120840 0.0076427 0.0311780
           dz  0.0745150-0.0034432-0.2731828 0.0069835-0.0024985-0.0126767
  15 h     dx  0.0000708 0.0001824-0.0002850 0.0026969-0.0036542 0.0024794
           dy -0.0001699 0.0001787-0.0000198-0.0012786-0.0002069 0.0010165
           dz -0.0002309-0.0000762-0.0006358-0.0003528 0.0019121-0.0012165
  16 h     dx -0.0008239 0.0002186 0.0004132 0.0062175-0.0027174 0.0023440
           dy  0.0005638 0.0002053-0.0000985 0.0030663-0.0010037-0.0003453
           dz -0.0004249-0.0005415-0.0007503-0.0046821 0.0038507-0.0004031
  17 h     dx  0.0003817-0.0000705 0.0001650 0.0015302-0.0003427-0.0003438
           dy -0.0002418 0.0000320-0.0000626 0.0029471-0.0027267-0.0002357
           dz  0.0001702-0.0000698-0.0000018 0.0004759-0.0007536-0.0002581
  18 h     dx -0.0000892-0.0000966-0.0001456-0.0010409 0.0003988-0.0003121
           dy  0.0001232 0.0000524-0.0001609-0.0002930 0.0000504 0.0002127
           dz -0.0000549-0.0000577-0.0000452-0.0003783 0.0002551-0.0001380

   ATOM              5 o                           6 o 
                  dx        dy        dz        dx        dy        dz
   5 o     dx  0.5906527
           dy  0.2527741 0.2356996
           dz -0.2545564-0.1565102 0.1639631
   6 o     dx -0.1148425 0.0062747 0.0294269 0.4960385
           dy -0.0020097 0.0336223-0.0087882-0.0428343 0.2473728
           dz  0.0326524-0.0107216 0.0104860-0.0938746-0.0775790 0.1244501
   7 c     dx  0.0080741 0.0031025-0.0021977-0.1355764-0.0240064 0.0366151
           dy  0.0097318 0.0009740 0.0001695-0.0342058-0.0997366 0.0319900
           dz -0.0050695 0.0022595 0.0072895 0.0410243 0.0279895-0.0862552
   8 c     dx -0.0023026 0.0010683 0.0016334-0.0277331-0.0294439-0.0102970
           dy  0.0006071-0.0001627 0.0003008-0.0113618-0.0070676-0.0009451
           dz  0.0017700-0.0001040-0.0013394 0.0100920 0.0126564 0.0082385
   9 h     dx  0.0002854 0.0000725-0.0002061 0.0003928-0.0001147 0.0000419
           dy -0.0000161 0.0001120-0.0000944-0.0002139 0.0000422-0.0005867
           dz  0.0000526-0.0000335-0.0000041-0.0000366-0.0000928 0.0002118
  10 h     dx  0.0003570-0.0006358 0.0004195 0.0013503-0.0004445 0.0000106
           dy -0.0005057 0.0000977 0.0000163-0.0012232 0.0005330 0.0001346
           dz -0.0001234-0.0001672 0.0000451 0.0000633-0.0002574 0.0000107
  11 h     dx -0.0004538-0.0000182 0.0004579 0.0001576-0.0002133-0.0001549
           dy -0.0002221 0.0001209 0.0003979 0.0000139-0.0000800 0.0002765
           dz -0.0008527-0.0009226 0.0008302 0.0002732-0.0005259 0.0002446
  12 h     dx -0.0001589-0.0007419 0.0012797 0.0018335-0.0007776 0.0007950
           dy -0.0003874-0.0010062 0.0015080 0.0009938-0.0002277 0.0004584
           dz -0.0004289-0.0006866 0.0013405 0.0009590-0.0002704 0.0005693
  13 h     dx  0.0024791-0.0022967 0.0004788 0.0012374 0.0001824-0.0002297
           dy -0.0015138 0.0021372-0.0010494 0.0019230-0.0066958 0.0032088
           dz  0.0001631-0.0009849 0.0000412-0.0003102 0.0040614 0.0002242
  14 h     dx  0.0014293-0.0011015 0.0002129-0.0006878 0.0001580 0.0013919
           dy -0.0019547-0.0078986-0.0012261 0.0008441-0.0006573-0.0034610
           dz -0.0008288 0.0027764 0.0002835-0.0010283 0.0014655 0.0006902
  15 h     dx -0.0031991-0.0000469 0.0005390-0.0388735 0.0184413 0.0048218
           dy -0.0011052 0.0000437 0.0001443-0.0139274 0.0118741 0.0009709
           dz  0.0014907-0.0001361-0.0000972 0.0190441-0.0100918 0.0002526
  16 h     dx -0.0024954-0.0000783-0.0005089-0.0090505-0.0112025 0.0356914
           dy -0.0009876-0.0000647-0.0000572-0.0070005-0.0030549 0.0132350
           dz  0.0017570-0.0005998 0.0001268 0.0121874 0.0055862-0.0124773
  17 h     dx -0.0005246-0.0001078 0.0003734-0.0006763-0.0020195-0.0020490
           dy -0.0014328 0.0004787 0.0005310-0.0065670-0.0035955-0.0032559
           dz -0.0004642 0.0001851 0.0002471-0.0021874-0.0022108-0.0004428
  18 h     dx  0.0003019-0.0000506-0.0000943 0.0020349 0.0012748-0.0000001
           dy -0.0000411 0.0000440-0.0001379 0.0019315 0.0021128 0.0014034
           dz -0.0001964-0.0001305 0.0000242 0.0007498 0.0013852 0.0029727

   ATOM              7 c                           8 c 
                  dx        dy        dz        dx        dy        dz
   7 c     dx  0.4668307
           dy -0.0967495 0.5376233
           dz  0.0401503-0.0251272 0.5468317
   8 c     dx -0.0866302-0.0185171-0.0177408 0.5496543
           dy -0.0210829-0.1434634-0.0437353 0.0065754 0.4560443
           dz -0.0220346-0.0453308-0.1150115-0.0352751-0.0230221 0.5611901
   9 h     dx -0.0000525-0.0009016 0.0001512 0.0009210 0.0045773-0.0152902
           dy -0.0001578 0.0018521 0.0022081-0.0025825-0.0097297 0.0304465
           dz -0.0001107-0.0007893 0.0004418 0.0001921 0.0023610-0.0078628
  10 h     dx -0.0017013 0.0025881-0.0008435 0.0066477 0.0114265 0.0087009
           dy  0.0053279-0.0037934 0.0023086-0.0129700-0.0228890-0.0163571
           dz -0.0009687 0.0010603 0.0000845 0.0036942 0.0073212 0.0039107
  11 h     dx -0.0002917 0.0001371 0.0000251 0.0018144-0.0008512 0.0003534
           dy  0.0000525-0.0001424-0.0003391-0.0001400 0.0003786-0.0009122
           dz  0.0001259-0.0000268-0.0000874-0.0003715-0.0001730 0.0004043
  12 h     dx -0.0010330-0.0008055-0.0000872-0.0061910-0.0022040 0.0023154
           dy -0.0007058 0.0001066 0.0002925 0.0004237 0.0014227-0.0003457
           dz -0.0003580 0.0000031 0.0000660 0.0012463 0.0001771 0.0003851
  13 h     dx  0.0003171-0.0001647 0.0000269 0.0005084-0.0000966 0.0000674
           dy -0.0021076-0.0004138 0.0007783 0.0001392-0.0003396 0.0000022
           dz  0.0010093-0.0003979-0.0010437 0.0001194-0.0000991 0.0000135
  14 h     dx -0.0002768 0.0012710-0.0011265-0.0002081-0.0000457 0.0000164
           dy  0.0002966-0.0006712 0.0010816-0.0001087 0.0001837-0.0001503
           dz  0.0005656-0.0003838-0.0009657-0.0003935-0.0001079 0.0000088
  15 h     dx -0.1413304 0.1275836-0.0117918 0.0079951-0.0113207 0.0006447
           dy  0.1365507-0.2143420 0.0122135 0.0137552-0.0210304 0.0028636
           dz -0.0173663 0.0156832-0.0534555 0.0108175-0.0161462 0.0019499
  16 h     dx -0.0584946 0.0144262-0.0491912 0.0012055 0.0030200-0.0120431
           dy  0.0108938-0.0619804 0.0504280-0.0039032 0.0049646-0.0263814
           dz -0.0433813 0.0490580-0.2774556-0.0043851 0.0031445-0.0159954
  17 h     dx -0.0136578-0.0000525 0.0048822-0.2839735-0.0174261 0.0587524
           dy -0.0230358-0.0017322 0.0087331-0.0166194-0.0470279 0.0024677
           dz -0.0157270-0.0009962 0.0038862 0.0597734 0.0033722-0.0633702
  18 h     dx -0.0017601-0.0001224-0.0150034-0.0488155-0.0007382 0.0141755
           dy  0.0008393 0.0037563-0.0285493-0.0020376-0.0576860 0.0485846
           dz  0.0009068 0.0021943-0.0202562 0.0116794 0.0473555-0.2895308

   ATOM              9 h                          10 h 
                  dx        dy        dz        dx        dy        dz
   9 h     dx  0.0614888
           dy  0.0051751 0.0645377
           dz -0.0392032-0.0564483 0.3033905
  10 h     dx  0.0019948 0.0039131 0.0021636 0.1111370
           dy  0.0035778 0.0052261 0.0030018 0.0874719 0.1946444
           dz -0.0140654-0.0223667-0.0173907 0.0670186 0.1060478 0.1284545
  11 h     dx -0.0065423 0.0004757 0.0013713 0.0013605-0.0002159-0.0004856
           dy  0.0000155 0.0009394-0.0004243-0.0001954 0.0000229 0.0003336
           dz  0.0010384 0.0000391 0.0014611 0.0004254 0.0002462 0.0006572
  12 h     dx  0.0014503-0.0000891 0.0004080 0.0010754-0.0002904-0.0006468
           dy  0.0001311 0.0003080-0.0005059 0.0004413 0.0006656 0.0000730
           dz -0.0004275-0.0005087 0.0005346-0.0005176 0.0002692 0.0000361
  13 h     dx  0.0002548 0.0000695-0.0000106-0.0010274 0.0000783 0.0001610
           dy  0.0002478-0.0000164 0.0000399-0.0014568-0.0000538 0.0000892
           dz -0.0001717-0.0001126 0.0002850-0.0008745-0.0001642 0.0004472
  14 h     dx  0.0000587-0.0001688 0.0004350 0.0003608 0.0000496 0.0002085
           dy -0.0003624-0.0000572 0.0005984 0.0003791-0.0001403 0.0001558
           dz -0.0010827-0.0000731 0.0005469 0.0002840-0.0000831 0.0004425
  15 h     dx -0.0000975 0.0000945 0.0000197 0.0002013-0.0007475 0.0000234
           dy -0.0001020 0.0003396 0.0000248 0.0007792-0.0014627 0.0002337
           dz -0.0000228-0.0002584 0.0003008 0.0002901-0.0008736 0.0004395
  16 h     dx  0.0001318-0.0004181 0.0004289-0.0000773 0.0000303 0.0000719
           dy -0.0000469-0.0001402 0.0006259-0.0001534 0.0003262 0.0003313
           dz  0.0003205-0.0010746 0.0005989-0.0001277 0.0001764 0.0004083
  17 h     dx  0.0004921-0.0002348-0.0006328 0.0007014 0.0002243 0.0003082
           dy -0.0005284 0.0012566 0.0002147-0.0005061 0.0010743-0.0006023
           dz -0.0002889-0.0005607 0.0005067 0.0004707-0.0003670 0.0000428
  18 h     dx -0.0005570 0.0027848-0.0010146 0.0004399-0.0006573 0.0005076
           dy  0.0032126-0.0050200 0.0011159-0.0006662 0.0009797-0.0003334
           dz -0.0004180 0.0009491 0.0012969-0.0000035 0.0004559 0.0006731

   ATOM             11 h                          12 h 
                  dx        dy        dz        dx        dy        dz
  11 h     dx  0.0614847
           dy  0.0083818 0.0561466
           dz -0.0439975-0.0308765 0.3157131
  12 h     dx  0.0016688-0.0050081 0.0009534 0.0881488
           dy  0.0009776-0.0033571 0.0019612-0.0837940 0.2816490
           dz -0.0111188 0.0292404-0.0081086 0.0248636-0.0630192 0.0672722
  13 h     dx  0.0001132 0.0000966-0.0003211 0.0009556-0.0002796 0.0004913
           dy  0.0005289 0.0003933-0.0000257-0.0003528 0.0011134 0.0005743
           dz  0.0001906 0.0005422-0.0000662 0.0005915 0.0005054 0.0010697
  14 h     dx -0.0015370-0.0028009-0.0021053 0.0001903 0.0003715 0.0006106
           dy -0.0026367-0.0028253-0.0019917 0.0007087 0.0003791 0.0003665
           dz -0.0017022-0.0030147-0.0003153 0.0001034-0.0002288 0.0003115
  15 h     dx  0.0000463-0.0000119-0.0000029 0.0001881 0.0001187 0.0000565
           dy  0.0000566-0.0000106-0.0000345 0.0000940 0.0000362 0.0000422
           dz  0.0000247 0.0000378 0.0000520 0.0000332 0.0000159 0.0000127
  16 h     dx -0.0001209-0.0000629-0.0000796 0.0001392 0.0000401 0.0000092
           dy -0.0000590 0.0000022 0.0001199 0.0000881 0.0000356 0.0000295
           dz -0.0001125 0.0001526 0.0000584 0.0000661-0.0000342 0.0000134
  17 h     dx  0.0002226-0.0000844 0.0000037-0.0010801-0.0000241 0.0001994
           dy -0.0002904 0.0000196-0.0000651 0.0019176-0.0002216-0.0001695
           dz -0.0004119 0.0001282 0.0002219-0.0002518 0.0001045 0.0003844
  18 h     dx -0.0000940 0.0000687 0.0003862 0.0001549-0.0001096 0.0002793
           dy  0.0006043 0.0001808-0.0005856-0.0002527 0.0000492-0.0003242
           dz -0.0006794 0.0000978 0.0001795-0.0000832-0.0000323 0.0002156

   ATOM             13 h                          14 h 
                  dx        dy        dz        dx        dy        dz
  13 h     dx  0.3211607
           dy -0.0738966 0.0777659
           dz -0.0019861 0.0004366 0.0496153
  14 h     dx -0.0077377 0.0003054 0.0295500 0.0760608
           dy  0.0023643-0.0005284-0.0090007-0.0016190 0.0511811
           dz  0.0006201-0.0004843 0.0006348-0.0826946 0.0069625 0.2999101
  15 h     dx  0.0000220 0.0000825-0.0000010-0.0000699 0.0001550 0.0000263
           dy  0.0000311 0.0000632-0.0000759-0.0000232 0.0000526-0.0001342
           dz -0.0000068-0.0000526 0.0003327-0.0000554-0.0000540 0.0005515
  16 h     dx  0.0000119-0.0001105-0.0001265-0.0008999 0.0008832-0.0000610
           dy -0.0000077 0.0001607-0.0000255 0.0007501-0.0001801-0.0000730
           dz -0.0001140-0.0000752 0.0005272-0.0000785-0.0001182 0.0009955
  17 h     dx -0.0000162 0.0000259-0.0000475 0.0000027-0.0000250-0.0000529
           dy -0.0000060 0.0001836 0.0000414-0.0000251 0.0000820 0.0000756
           dz  0.0000256 0.0000530-0.0000158 0.0000306-0.0000088 0.0000242
  18 h     dx -0.0000216-0.0000415 0.0000300 0.0000578-0.0000012 0.0001319
           dy  0.0000206 0.0000451 0.0000591-0.0000270-0.0001733-0.0000200
           dz -0.0000227-0.0000253 0.0000393 0.0001700-0.0000300 0.0000410

   ATOM             15 h                          16 h 
                  dx        dy        dz        dx        dy        dz
  15 h     dx  0.1733691
           dy -0.1343666 0.2291267
           dz  0.0072627-0.0140097 0.0529307
  16 h     dx -0.0016833 0.0036177-0.0195427 0.0661852
           dy  0.0050205-0.0041159 0.0241260-0.0062733 0.0664370
           dz -0.0019361 0.0006373-0.0008992 0.0425335-0.0585301 0.3051170
  17 h     dx  0.0012240-0.0002953 0.0002129 0.0000799-0.0000674-0.0005707
           dy -0.0002058 0.0004789 0.0010145 0.0004618 0.0004527-0.0005475
           dz  0.0001576 0.0004821 0.0011142 0.0006111 0.0006681-0.0004159
  18 h     dx  0.0000706 0.0001528 0.0005551-0.0005497-0.0022066-0.0017422
           dy  0.0003947 0.0007087 0.0005220-0.0025243-0.0037899-0.0022375
           dz  0.0000555-0.0003836 0.0002640-0.0008072-0.0029881-0.0003613

   ATOM             17 h                          18 h 
                  dx        dy        dz        dx        dy        dz
  17 h     dx  0.3100785
           dy  0.0174461 0.0574057
           dz -0.0647366-0.0037452 0.0636414
  18 h     dx -0.0010588-0.0052430 0.0310119 0.0493696
           dy -0.0002907-0.0009596 0.0022583 0.0020754 0.0659106
           dz  0.0011663 0.0010896-0.0069681-0.0125832-0.0518227 0.3170883
 

   *** projected hessian written onto $hessian (projected), file=<hessian> ***

 dipole moment in principle axis system (a.u.) :    -1.8133543355    -0.2127089810     0.5660817240
 norm :   1.911530166    

 rotational constants b for rotations around axis of inertia
 and optical intensities for (1 <-- 0) transition

   b   :     0.1068284238     0.0636063986     0.0445499283   (cm**(-1))

   b   :  3202.6355744223  1906.8718573065  1335.5732498316     (MHz)

   b   :     3.2882539462     0.0452451106     0.3204485182     (a.u.)

   x   :     0.8173678701    -0.5720780925     0.0680912697
   y   :     0.5724283097     0.8197949694     0.0161875976
   z   :    -0.0650814503     0.0257461483     0.9975477636

   ***  normal modes written onto $vibrational normal modes, file=<vib_normal_modes>  ***

  Keyword $vibrational reduced masses missing in file <control>


   ***  vibrational spectroscopic data written onto$vibrational spectrum   
        file=<vibspectrum>  ***

          ---------------------------------------------------
          NORMAL MODES and VIBRATIONAL FREQUENCIES (cm**(-1))
          ---------------------------------------------------

 imaginary wave numbers indicate a negative curvature of the energy surface.
 zero frequency modes have no physical meaning except being generators of
 translations and rotations. each vibrational normal mode - given in terms of
 cartesian displacement vectors of all atoms - has been normalized to unity.
 to obtain mass-weigthed normal coordinates in a.u. divide the tabulated
 modes by sqrt(reduced mass * 1822.88853).
 band intensities or cross sections refer to independent non-degenerate normal
 modes, that is, the intensities of degenerate modes have yet to be added.
 dDIP/dQ is the normal mode derivative of the dipole moment.


       mode               1        2        3        4        5        6

     frequency           0.00     0.00     0.00     0.00     0.00     0.00

     symmetry                                                             

        IR                -        -        -        -        -        - 
|dDIP/dQ|   (a.u.)     0.0000   0.0000   0.0000   0.0000   0.0000   0.0000
intensity (km/mol)       0.00     0.00     0.00     0.00     0.00     0.00
intensity (  %   )       0.00     0.00     0.00     0.00     0.00     0.00
 
       RAMAN              -        -        -        -        -        - 
 
  1   c           x   0.01487  0.01129 -0.03264 -0.09446  0.14434  0.24037
                  y   0.01662  0.03962 -0.00135 -0.11439 -0.23143 -0.00803
                  z   0.20971  0.12193  0.21743  0.01782  0.02117  0.02506
  2   c           x  -0.01754  0.00570 -0.02015 -0.08329  0.14026  0.25638
                  y   0.00833  0.11654 -0.06658 -0.03288 -0.14677  0.09619
                  z   0.03918  0.07874  0.29517  0.06272 -0.01534  0.09174
  3   c           x   0.07898 -0.04053 -0.03578 -0.15456  0.09665  0.15014
                  y  -0.01008  0.24401  0.00984 -0.03342 -0.07790  0.15229
                  z  -0.03941 -0.04202  0.20986  0.13960 -0.06067  0.13040
  4   c           x   0.02256 -0.15483  0.02183 -0.19837 -0.00313  0.08067
                  y  -0.00090  0.18702 -0.06192 -0.00555 -0.09414  0.15097
                  z  -0.01501 -0.16759  0.04048  0.20658 -0.09269  0.13123
  5   o           x  -0.02743 -0.20600  0.05569 -0.20689 -0.04713  0.06575
                  y  -0.00183  0.20944 -0.13988  0.06154 -0.04664  0.21861
                  z  -0.11664 -0.24609  0.02344  0.26274 -0.12936  0.17511
  6   o           x   0.02596 -0.20156  0.03675 -0.22816 -0.04465  0.03493
                  y   0.00916  0.10489 -0.03989 -0.05758 -0.16610  0.06978
                  z   0.12790 -0.19158 -0.09696  0.20249 -0.07911  0.08008
  7   c           x   0.08626 -0.14751 -0.00146 -0.22253  0.00162  0.04577
                  y   0.01077  0.07409  0.05412 -0.14012 -0.22628 -0.01486
                  z   0.25712 -0.10536 -0.09160  0.13865 -0.03633  0.02535
  8   c           x  -0.00892 -0.09015  0.00991 -0.14513  0.05506  0.16150
                  y   0.02675 -0.03412 -0.02473 -0.12939 -0.27934 -0.05365
                  z   0.30506  0.02126  0.02404  0.06225  0.00629 -0.00240
  9   h           x   0.13227  0.06132 -0.08810 -0.11687  0.18550  0.21008
                  y   0.00239  0.12420  0.12933 -0.17353 -0.21669 -0.02136
                  z   0.22509  0.14918  0.23848  0.00075  0.03106  0.01721
 10   h           x  -0.05650  0.04688 -0.02157 -0.04091  0.17783  0.32024
                  y   0.02924 -0.04649 -0.06012 -0.10878 -0.27518 -0.04141
                  z   0.25427  0.20930  0.28851 -0.03631  0.05221  0.00165
 11   h           x  -0.13767 -0.03662  0.03354 -0.05499  0.10601  0.29564
                  y   0.02262  0.03189 -0.19951  0.02788 -0.16069  0.11088
                  z   0.01984  0.06178  0.28950  0.07453 -0.02288  0.10025
 12   h           x   0.00400  0.08194 -0.05333 -0.04685  0.20726  0.31327
                  y   0.00135  0.16585 -0.04253 -0.02904 -0.11799  0.12138
                  z  -0.01746  0.15725  0.43252  0.02590 -0.00121  0.10658
 13   h           x   0.07656 -0.02101 -0.04168 -0.14167  0.11402  0.16990
                  y  -0.01880  0.31573 -0.01198  0.01392 -0.01406  0.22482
                  z  -0.16235 -0.04939  0.29444  0.15874 -0.08026  0.17660
 14   h           x   0.19722 -0.00966 -0.08493 -0.18894  0.12080  0.10146
                  y  -0.02277  0.31634  0.14235 -0.09924 -0.07333  0.12778
                  z  -0.00165 -0.03457  0.19010  0.13084 -0.05318  0.11580
 15   h           x   0.08764 -0.20682  0.01844 -0.25902 -0.05099 -0.01036
                  y   0.01720  0.02271  0.06232 -0.16857 -0.26914 -0.06212
                  z   0.34710 -0.16038 -0.22609  0.15832 -0.03907 -0.00371
 16   h           x   0.20379 -0.09777 -0.05685 -0.24518  0.04252  0.01512
                  y  -0.00618  0.18100  0.17816 -0.18463 -0.19173 -0.00570
                  z   0.23575 -0.08888 -0.05556  0.13208 -0.03472  0.03198
 17   h           x   0.01975 -0.07741 -0.00381 -0.15029  0.06558  0.15459
                  y   0.03174 -0.08316  0.02841 -0.18985 -0.33779 -0.12741
                  z   0.42409  0.06100 -0.01869  0.02556  0.03448 -0.04969
 18   h           x  -0.12827 -0.13908  0.06562 -0.12117  0.01494  0.19409
                  y   0.04222 -0.12842 -0.15476 -0.07498 -0.30183 -0.04870
                  z   0.30310  0.00000  0.00000  0.07434  0.00000  0.00000

reduced mass(g/mol)     3.929    7.114    3.789    7.387    5.014    5.551


       mode               7        8        9       10       11       12

     frequency          88.14   174.36   241.91   313.48   339.91   382.73

     symmetry            a        a        a        a        a        a   

        IR               YES      YES      YES      YES      YES      YES
|dDIP/dQ|   (a.u.)     0.0007   0.0014   0.0009   0.0009   0.0003   0.0013
intensity (km/mol)       0.94     3.73     1.44     1.40     0.12     2.86
intensity (  %   )       0.25     1.00     0.39     0.38     0.03     0.77
 
       RAMAN             YES      YES      YES      YES      YES      YES
 
  1   c           x  -0.03892 -0.04266  0.08219 -0.00939  0.05347 -0.13247
                  y  -0.01623  0.00624 -0.00118  0.18093  0.03539 -0.12443
                  z   0.13471  0.12236  0.10155  0.02523 -0.09653 -0.04426
  2   c           x  -0.08285 -0.06316  0.02543  0.01297  0.08626 -0.09400
                  y   0.02004 -0.11840  0.05599  0.17393 -0.10509  0.07264
                  z  -0.09982  0.05778 -0.14185  0.03263  0.04355  0.06889
  3   c           x   0.03239  0.05914 -0.02147  0.23632  0.08351  0.01410
                  y  -0.04402 -0.05664 -0.03032 -0.04235 -0.06319  0.07873
                  z  -0.13866 -0.16372  0.00925  0.08194 -0.04255  0.00889
  4   c           x   0.05225 -0.00423 -0.01106  0.07351 -0.01974  0.14872
                  y   0.01619  0.01128 -0.02659 -0.06960 -0.04137  0.05579
                  z  -0.00561 -0.03451  0.04603  0.08441 -0.00354 -0.01832
  5   o           x   0.12394 -0.01384 -0.00871 -0.05197 -0.03544  0.11035
                  y   0.15434  0.09536 -0.08923  0.02095  0.00934  0.08537
                  z   0.28956  0.03503 -0.01673 -0.07056  0.02072 -0.08458
  6   o           x  -0.01044  0.01829  0.02309 -0.02010 -0.00666  0.12295
                  y  -0.09811  0.05307  0.04191 -0.23627 -0.01372  0.02166
                  z  -0.25597  0.12751  0.09126  0.01370  0.02206  0.16106
  7   c           x   0.02269 -0.03281 -0.09057 -0.09818 -0.08921 -0.01178
                  y   0.01301 -0.00275  0.08576 -0.06205  0.13253 -0.06715
                  z  -0.07850 -0.04387 -0.09864 -0.01352 -0.03831 -0.11565
  8   c           x  -0.11191  0.06813  0.02107 -0.14509 -0.04920 -0.14738
                  y  -0.05510 -0.00256 -0.05029  0.06610  0.04878 -0.12653
                  z   0.14089 -0.12383  0.01947 -0.11892  0.08655  0.01995
  9   h           x   0.13573 -0.02718  0.27251 -0.00236 -0.02440 -0.24682
                  y   0.04659  0.23384  0.11896  0.31822 -0.12914 -0.29373
                  z   0.17692  0.17698  0.15939  0.05864 -0.14607 -0.10253
 10   h           x  -0.10553 -0.10862 -0.00278  0.08609  0.05796  0.02842
                  y  -0.06692 -0.07685 -0.07277  0.03862  0.13245 -0.09300
                  z   0.26206  0.29392  0.27418  0.13868 -0.23568 -0.22928
 11   h           x  -0.25527 -0.12891 -0.12609 -0.01527  0.23963 -0.09745
                  y   0.09898 -0.31072  0.29720  0.30656 -0.32373  0.07547
                  z  -0.12113  0.02409 -0.14073  0.04113  0.04600  0.06783
 12   h           x  -0.03380 -0.09114  0.10927 -0.09179 -0.04999 -0.02748
                  y   0.00336 -0.09122  0.02195  0.08903 -0.09651  0.09346
                  z  -0.23174  0.20334 -0.39354 -0.14051  0.27633  0.05190
 13   h           x   0.02242  0.06134 -0.01659  0.22156  0.10185 -0.03120
                  y  -0.08060 -0.05150 -0.00890 -0.10021 -0.00010 -0.09296
                  z  -0.23998 -0.36905  0.08732 -0.17993 -0.12557  0.01851
 14   h           x   0.13833  0.27646 -0.13885  0.43909  0.15915  0.03669
                  y  -0.09092 -0.05771 -0.10487 -0.12296 -0.07660  0.21509
                  z  -0.10168 -0.09076 -0.02604  0.14810 -0.01475  0.01329
 15   h           x   0.04955 -0.04053 -0.09493  0.04265 -0.05694  0.01925
                  y   0.03338 -0.01223  0.06535  0.05768  0.14669 -0.05418
                  z  -0.11039 -0.09344 -0.39769  0.05900 -0.29450 -0.30770
 16   h           x   0.12597 -0.14779 -0.31240 -0.14721 -0.23375 -0.22236
                  y   0.13998 -0.03847  0.27692 -0.20353  0.32699  0.02115
                  z  -0.06594 -0.03236 -0.02024 -0.03584  0.03010 -0.06308
 17   h           x  -0.06384  0.00958  0.02790 -0.15336  0.01003 -0.08695
                  y  -0.03148  0.06315 -0.07365  0.01008 -0.07225 -0.02608
                  z   0.34679 -0.35021  0.04589 -0.16955  0.30971  0.30706
 18   h           x  -0.30980  0.31189 -0.01312 -0.07119 -0.31080 -0.42021
                  y  -0.15707 -0.07407 -0.16682  0.08143  0.07775 -0.22201
                  z   0.11188 -0.12858 -0.00674 -0.11083  0.08106 -0.01077

reduced mass(g/mol)     5.132    2.513    2.106    4.175    2.013    3.592


       mode              13       14       15       16       17       18

     frequency         486.97   490.54   573.73   696.59   736.55   819.11

     symmetry            a        a        a        a        a        a   

        IR               YES      YES      YES      YES      YES      YES
|dDIP/dQ|   (a.u.)     0.0009   0.0009   0.0021   0.0015   0.0016   0.0009
intensity (km/mol)       1.38     1.49     7.68     4.15     4.74     1.41
intensity (  %   )       0.37     0.40     2.07     1.12     1.28     0.38
 
       RAMAN             YES      YES      YES      YES      YES      YES
 
  1   c           x   0.03015 -0.05559  0.01564 -0.05588  0.01077  0.09259
                  y   0.02677 -0.09331  0.00606 -0.06833  0.03744  0.17265
                  z  -0.01080 -0.00198  0.00954 -0.01152 -0.04475 -0.04587
  2   c           x   0.03394 -0.05113  0.01566  0.01411 -0.06955 -0.13779
                  y   0.05633  0.05321  0.07972 -0.15632  0.08352  0.01393
                  z   0.03771  0.04017  0.01957 -0.11252 -0.04193  0.06053
  3   c           x   0.05851  0.07066 -0.01292  0.05162 -0.10270 -0.04918
                  y   0.05199 -0.01941  0.13494 -0.06882  0.11745 -0.13096
                  z  -0.06267  0.02061 -0.12573  0.07530 -0.09572  0.06161
  4   c           x  -0.07782 -0.02658  0.02903  0.17194  0.00363  0.05157
                  y   0.05641  0.01735 -0.01604  0.22213  0.08256  0.03640
                  z   0.02538  0.05842 -0.14914  0.23136  0.20159 -0.05685
  5   o           x   0.07694 -0.03473  0.18311  0.13631 -0.04199  0.08495
                  y  -0.20645 -0.03008 -0.09182  0.01841 -0.04942  0.03947
                  z   0.05769 -0.00413  0.04494 -0.14046 -0.03114 -0.03376
  6   o           x  -0.04748 -0.01582 -0.06923 -0.06347  0.01820 -0.08256
                  y   0.16936  0.02730 -0.10624  0.07462 -0.13066  0.05344
                  z  -0.00403 -0.05225  0.02733 -0.10151  0.00056 -0.01926
  7   c           x  -0.01798  0.00473 -0.19002 -0.15888  0.07635 -0.08333
                  y  -0.06580  0.05572  0.00730  0.03915 -0.05050 -0.12234
                  z  -0.02792  0.00215  0.14331  0.11088 -0.02534  0.00377
  8   c           x  -0.10189  0.08730  0.00116 -0.10311  0.09821  0.18227
                  y  -0.04253 -0.01847 -0.00414 -0.01583 -0.02736 -0.05297
                  z  -0.04506  0.04136  0.04104 -0.00039  0.03872  0.03888
  9   h           x   0.04796 -0.22970 -0.04563  0.12561  0.15765 -0.02936
                  y   0.12003 -0.36219 -0.15111  0.06021  0.12638  0.14690
                  z   0.01425 -0.09366 -0.03713  0.04838  0.00087 -0.06854
 10   h           x   0.09508  0.04044  0.09191 -0.19695 -0.05945  0.04106
                  y  -0.07720  0.06216  0.06714 -0.12365 -0.01383  0.25087
                  z   0.07651 -0.30251 -0.14144  0.18436  0.08933 -0.10789
 11   h           x   0.07408 -0.16204 -0.01475  0.09883  0.13161 -0.10894
                  y  -0.03394  0.26014 -0.04929 -0.31479 -0.39376  0.12650
                  z   0.03307  0.04154 -0.00101 -0.11012 -0.05680  0.07587
 12   h           x   0.02015  0.04841  0.05723 -0.03824 -0.08346 -0.32614
                  y   0.07266  0.02799  0.12459 -0.12564  0.22102 -0.09459
                  z   0.12535 -0.19735  0.12637  0.09497  0.50355 -0.08443
 13   h           x   0.09041  0.07438 -0.02811  0.04330 -0.12326 -0.09534
                  y   0.17228 -0.00862  0.08630 -0.11498  0.04972 -0.30438
                  z  -0.45555 -0.34007  0.02759  0.14198 -0.30875 -0.05898
 14   h           x   0.41008  0.39150 -0.10810 -0.07758  0.04873  0.08012
                  y  -0.11497 -0.13349  0.33294 -0.39765 -0.16409 -0.06716
                  z   0.05355  0.12552 -0.15842  0.04238 -0.03878  0.10107
 15   h           x  -0.07241 -0.04422 -0.12874 -0.14930  0.05362 -0.24808
                  y  -0.09690  0.00807  0.04352  0.04908 -0.08539 -0.26651
                  z   0.25547 -0.14540 -0.09230  0.14717 -0.30836 -0.14391
 16   h           x   0.14953 -0.00905 -0.27193 -0.02227 -0.08722 -0.13914
                  y  -0.28529  0.21602  0.18371  0.05630  0.17297 -0.01916
                  z  -0.10455  0.03991  0.19199  0.08625  0.05085  0.03426
 17   h           x  -0.04078  0.02662 -0.10158 -0.17719  0.11484  0.25960
                  y  -0.08923  0.06410 -0.08686 -0.07793  0.03158 -0.28358
                  z   0.20204 -0.19402 -0.41248 -0.31937  0.12134  0.31030
 18   h           x  -0.34678  0.31572  0.42771  0.19338  0.02539 -0.14067
                  y  -0.06967 -0.03139  0.11623  0.08465  0.01674  0.02876
                  z  -0.05862  0.04564  0.08130  0.03198  0.04401  0.04421

reduced mass(g/mol)     2.768    1.557    3.276    4.534    2.656    2.995


       mode              19       20       21       22       23       24

     frequency         858.11   872.28   897.68   972.44  1000.42  1023.10

     symmetry            a        a        a        a        a        a   

        IR               YES      YES      YES      YES      YES      YES
|dDIP/dQ|   (a.u.)     0.0020   0.0018   0.0011   0.0027   0.0028   0.0032
intensity (km/mol)       6.92     6.04     2.14    12.75    13.51    18.09
intensity (  %   )       1.86     1.63     0.57     3.43     3.64     4.87
 
       RAMAN             YES      YES      YES      YES      YES      YES
 
  1   c           x  -0.04827  0.03960 -0.15696  0.00854 -0.02807  0.03504
                  y  -0.08272 -0.01550  0.06626  0.07501 -0.07458  0.10269
                  z  -0.08865 -0.07988 -0.02836  0.03608 -0.01083 -0.04546
  2   c           x   0.00029 -0.03684  0.02342  0.06741 -0.07017 -0.10874
                  y  -0.06761  0.12122  0.01602 -0.08060  0.04848 -0.12341
                  z   0.00855  0.00677 -0.09606 -0.04530 -0.08048 -0.04320
  3   c           x  -0.01706 -0.05360  0.18896 -0.13065  0.05109  0.05708
                  y   0.05844 -0.08305  0.02429  0.01533  0.03490  0.14029
                  z   0.06946  0.04810  0.05726  0.08333  0.07158  0.03337
  4   c           x  -0.01953  0.00515 -0.04099 -0.03165  0.02807 -0.02321
                  y   0.01519 -0.08241 -0.01982  0.04808 -0.05418 -0.01247
                  z  -0.05366 -0.06829 -0.05214 -0.05451 -0.03822  0.03588
  5   o           x   0.03091 -0.02955 -0.01687  0.04072  0.01714 -0.04593
                  y   0.00302  0.03928 -0.02783  0.02230  0.00474 -0.01600
                  z   0.00547  0.01225  0.03357 -0.01142  0.00659  0.01623
  6   o           x  -0.01574  0.06950 -0.04312  0.03112 -0.06032  0.10997
                  y  -0.03727  0.07051  0.06518 -0.03517 -0.02474 -0.00689
                  z   0.00734 -0.02353  0.00481  0.03322  0.02867 -0.01827
  7   c           x   0.00851  0.01633  0.06074 -0.00969 -0.05932 -0.02198
                  y   0.00686  0.03474 -0.13120 -0.07423  0.11501  0.05259
                  z   0.05766  0.06919 -0.03856 -0.08773 -0.06018  0.04994
  8   c           x   0.04331 -0.09182  0.01885 -0.06073  0.10666 -0.01270
                  y   0.03437 -0.10211 -0.03493  0.03722  0.01664 -0.13876
                  z  -0.03529  0.02008  0.09423  0.09240  0.01535 -0.00557
  9   h           x   0.10521  0.35523  0.04348  0.17166  0.27654 -0.00983
                  y   0.38399  0.12427  0.09289 -0.22614 -0.14603  0.06916
                  z   0.04676  0.00675  0.01046 -0.00821  0.02066 -0.06039
 10   h           x  -0.25965  0.11728 -0.26754 -0.17985 -0.26758 -0.11102
                  y  -0.25439 -0.25981  0.05453  0.29349  0.02666  0.19252
                  z   0.33490  0.19124  0.08511 -0.10077  0.05715 -0.05161
 11   h           x   0.08403  0.32953  0.18925  0.28709  0.23233 -0.20867
                  y   0.21840 -0.06816 -0.18990  0.09473 -0.17881 -0.01067
                  z   0.05227  0.04974 -0.08779  0.01207 -0.05005 -0.04934
 12   h           x   0.14017 -0.21638 -0.23583  0.00247 -0.11244 -0.25614
                  y  -0.06944  0.11934 -0.02395 -0.11929  0.11674 -0.20828
                  z  -0.19980  0.26405  0.11508 -0.09752  0.24298 -0.17067
 13   h           x  -0.00827 -0.09390  0.22257 -0.08844  0.00586  0.10022
                  y   0.08679 -0.23693  0.14483  0.16136 -0.13395  0.30509
                  z  -0.21936 -0.17641  0.34762 -0.37886 -0.02230  0.02695
 14   h           x   0.29709  0.13899 -0.13943  0.32673  0.11882  0.11959
                  y   0.14250 -0.06627  0.08676 -0.10669  0.12825  0.33429
                  z   0.16551  0.10574 -0.04902  0.22763  0.08782  0.04896
 15   h           x  -0.01078  0.01609 -0.11377  0.09195 -0.06467  0.08924
                  y  -0.02013  0.02470 -0.29370  0.00687  0.14475  0.14111
                  z  -0.17932 -0.05182 -0.35891 -0.02605  0.42622  0.11882
 16   h           x  -0.11150  0.09456 -0.04809 -0.01156  0.06375  0.12466
                  y   0.18174  0.23270  0.20175 -0.15303 -0.36782  0.03418
                  z   0.11521  0.09836  0.05220 -0.10770 -0.17795  0.02010
 17   h           x   0.09193 -0.16824 -0.04094 -0.14078  0.13466 -0.01596
                  y   0.02419 -0.11663  0.26440  0.17278  0.02113 -0.54356
                  z   0.17488 -0.31489 -0.07486 -0.21662  0.13789 -0.13119
 18   h           x  -0.17878  0.23681  0.22214  0.26868 -0.03864  0.03917
                  y   0.27258  0.01872  0.01526 -0.16768 -0.32157 -0.19994
                  z   0.00523  0.05412  0.10916  0.06074 -0.05766 -0.01668

reduced mass(g/mol)     1.504    2.009    2.421    1.945    1.822    2.269


       mode              25       26       27       28       29       30

     frequency        1074.46  1101.82  1111.56  1180.63  1187.65  1246.25

     symmetry            a        a        a        a        a        a   

        IR               YES      YES      YES      YES      YES      YES
|dDIP/dQ|   (a.u.)     0.0051   0.0037   0.0047   0.0061   0.0072   0.0030
intensity (km/mol)      45.48    24.27    39.65    65.18    91.41    16.43
intensity (  %   )      12.24     6.53    10.67    17.55    24.61     4.42
 
       RAMAN             YES      YES      YES      YES      YES      YES
 
  1   c           x   0.10978 -0.08977 -0.11336  0.00513 -0.03285  0.05305
                  y  -0.00408  0.03486  0.08699  0.03361 -0.01255 -0.03179
                  z  -0.01445  0.06713 -0.06176  0.09348 -0.01445 -0.00510
  2   c           x  -0.10727  0.07172  0.11150  0.00986  0.01006 -0.04932
                  y  -0.03728  0.05433  0.00671 -0.03746  0.02591  0.00886
                  z  -0.00419 -0.06376  0.08272 -0.07472  0.05841  0.02986
  3   c           x   0.04247 -0.02237 -0.03801 -0.02913  0.01267  0.06425
                  y  -0.02173 -0.02677 -0.05777  0.02243 -0.06177 -0.01382
                  z   0.05949  0.07579 -0.10484  0.00547 -0.06562  0.00233
  4   c           x  -0.05975 -0.06332  0.04187  0.08074 -0.07538 -0.06744
                  y   0.13418  0.03331  0.01575 -0.07632  0.10405  0.07887
                  z  -0.06119 -0.09761  0.05054  0.04708  0.01437 -0.02818
  5   o           x   0.08151  0.03547  0.01586 -0.02135 -0.00515 -0.00738
                  y  -0.01837  0.01973 -0.00807 -0.00143 -0.01460 -0.01995
                  z  -0.00792  0.00221 -0.01491  0.00172 -0.00022  0.01245
  6   o           x  -0.18978  0.02694 -0.09970 -0.06326  0.07473  0.00518
                  y  -0.08514 -0.02995 -0.02682  0.04800 -0.02045  0.00594
                  z   0.10006  0.00222  0.04096 -0.03475 -0.03654 -0.00290
  7   c           x   0.21884  0.01601  0.08711  0.07736 -0.05310  0.03513
                  y   0.10703  0.04656  0.10321 -0.01643 -0.00938 -0.04739
                  z  -0.03439  0.10309 -0.03068  0.10578  0.06788  0.00930
  8   c           x  -0.08436  0.03897  0.00410 -0.03365  0.03955 -0.03454
                  y  -0.02235 -0.08248 -0.12723  0.00939 -0.00163  0.04513
                  z  -0.04548 -0.09739  0.03347 -0.11547 -0.02448 -0.01721
  9   h           x   0.19249 -0.35174 -0.11615  0.04504  0.27264  0.20461
                  y  -0.12588  0.00519  0.24886 -0.29385 -0.12577 -0.11601
                  z  -0.02994  0.01485 -0.02144  0.01736  0.01017  0.00069
 10   h           x   0.44764 -0.06185 -0.33777  0.05226  0.02884 -0.46863
                  y  -0.20687  0.12887  0.13436  0.16185 -0.08786  0.29435
                  z  -0.03662 -0.09186  0.07041 -0.13227  0.03929 -0.00045
 11   h           x  -0.18522  0.01384  0.32037  0.24578  0.32197 -0.02502
                  y  -0.08268 -0.18730  0.33985 -0.01291  0.21210  0.01917
                  z  -0.02390 -0.09783  0.15103 -0.03086  0.13093  0.03569
 12   h           x  -0.46216  0.06411  0.21171  0.03026 -0.43684  0.30353
                  y  -0.19423  0.10922 -0.01412 -0.00350 -0.19801  0.15153
                  z  -0.08190  0.16182 -0.15276  0.02670 -0.14888  0.07254
 13   h           x   0.07537  0.04680 -0.07187 -0.09709  0.06068 -0.04821
                  y   0.10195  0.21686 -0.18274 -0.23133  0.11769 -0.41006
                  z   0.08624 -0.07758  0.02786 -0.10877  0.13500  0.10110
 14   h           x  -0.02300 -0.04751 -0.05072  0.22100 -0.09237 -0.08566
                  y  -0.06742 -0.60448  0.17836  0.50552  0.12204 -0.02766
                  z   0.04304  0.07830 -0.11205  0.06886 -0.09670 -0.04098
 15   h           x   0.18318  0.10769 -0.04003 -0.02586  0.15490  0.32412
                  y   0.08798  0.11096  0.01726 -0.11162  0.14621  0.17364
                  z  -0.09658 -0.04736  0.13616 -0.19202 -0.01964 -0.14333
 16   h           x   0.10682 -0.07388  0.22062 -0.29252 -0.23679 -0.14683
                  y   0.24660  0.10999  0.09228  0.13974 -0.14773 -0.00359
                  z   0.02501  0.13139 -0.04456  0.20479  0.06208  0.04442
 17   h           x  -0.09726  0.09890 -0.01708  0.00813  0.05191 -0.02522
                  y   0.14831 -0.19719 -0.24532  0.13371  0.31517 -0.32571
                  z  -0.08917  0.14375 -0.09491  0.10574  0.12972 -0.08598
 18   h           x   0.05422 -0.20585  0.10104 -0.15843 -0.04914 -0.01127
                  y  -0.12109 -0.24246 -0.34465 -0.25500 -0.32949 -0.00842
                  z  -0.06456 -0.13383 -0.00921 -0.16929 -0.08887 -0.02820

reduced mass(g/mol)     3.305    1.920    2.306    1.842    1.565    1.351


       mode              31       32       33       34       35       36

     frequency        1276.37  1309.44  1318.18  1357.78  1383.23  1394.45

     symmetry            a        a        a        a        a        a   

        IR               YES      YES      YES      YES      YES      YES
|dDIP/dQ|   (a.u.)     0.0043   0.0028   0.0049   0.0027   0.0030   0.0009
intensity (km/mol)      32.49    13.54    43.16    12.50    16.06     1.60
intensity (  %   )       8.75     3.64    11.62     3.37     4.32     0.43
 
       RAMAN             YES      YES      YES      YES      YES      YES
 
  1   c           x   0.01529  0.00432 -0.01981 -0.01266 -0.01292 -0.05565
                  y   0.03683  0.02527 -0.02381  0.01189 -0.02051 -0.02795
                  z  -0.09703 -0.01936  0.00509  0.03021 -0.00331 -0.01907
  2   c           x  -0.01673  0.04002  0.01619 -0.03129  0.14044  0.06463
                  y  -0.03127 -0.01719  0.02906 -0.05613  0.04464  0.01827
                  z   0.05889 -0.04880 -0.02384  0.00220  0.04065  0.00322
  3   c           x   0.00282  0.01362 -0.02452  0.04014 -0.02536 -0.01048
                  y   0.04673  0.01260 -0.04565  0.14685  0.05530  0.02042
                  z   0.00386  0.03395 -0.00152 -0.01330  0.00076  0.00518
  4   c           x   0.04705 -0.05402  0.03215  0.01891  0.02945 -0.00548
                  y  -0.06976  0.06906 -0.02037 -0.03719 -0.02476  0.01313
                  z  -0.00543 -0.01705  0.01574 -0.01487  0.00306 -0.00356
  5   o           x  -0.00236 -0.01191  0.00118 -0.01178 -0.01075 -0.00595
                  y   0.01128 -0.01816  0.00308 -0.00268 -0.00153 -0.00512
                  z   0.00050  0.01163 -0.00427  0.00989  0.00332  0.00338
  6   o           x  -0.02347  0.02458 -0.04299 -0.01065 -0.01819  0.01272
                  y   0.02758 -0.00995  0.03128  0.01252  0.00945 -0.00492
                  z  -0.02387 -0.00557 -0.01576 -0.00335 -0.00202  0.00374
  7   c           x   0.02658 -0.02622  0.04969  0.01448  0.01217  0.00333
                  y   0.00834  0.00772 -0.00527  0.00596  0.01483 -0.04230
                  z   0.03966  0.00032 -0.02259 -0.00783 -0.00279  0.00223
  8   c           x  -0.01645  0.00923  0.00817  0.00483  0.00414  0.01070
                  y  -0.00108 -0.04982  0.01642  0.00232 -0.05132  0.17169
                  z   0.03636  0.04310  0.05239  0.00683 -0.02505  0.03519
  9   h           x   0.20082 -0.35832 -0.21684 -0.12402  0.19846  0.04023
                  y   0.10124  0.28196  0.11984 -0.05979 -0.13681  0.05372
                  z  -0.05070 -0.02097  0.01068  0.00275  0.00751  0.01736
 10   h           x  -0.01664  0.24383  0.09635  0.18428 -0.32341  0.19904
                  y  -0.04910 -0.13315 -0.11313 -0.11958  0.15394 -0.21792
                  z   0.05142 -0.00922  0.02782  0.03335  0.02262  0.01966
 11   h           x  -0.37773 -0.14094  0.05417  0.45442 -0.47390 -0.16429
                  y  -0.00224 -0.16690 -0.04760  0.25460 -0.14010 -0.13102
                  z  -0.00091 -0.10247 -0.02574  0.12034 -0.08306 -0.05783
 12   h           x   0.27396  0.09251 -0.13211 -0.17710 -0.52753 -0.20288
                  y   0.06492  0.01137 -0.01764 -0.14255 -0.23933 -0.11023
                  z  -0.00468 -0.00939  0.01372 -0.11629 -0.09145 -0.08583
 13   h           x   0.02336 -0.15450  0.06398 -0.11020 -0.11051 -0.06561
                  y   0.11984 -0.58725  0.26585 -0.38283 -0.24544 -0.17657
                  z  -0.03069 -0.02215 -0.01212 -0.11717 -0.09135 -0.01628
 14   h           x  -0.08899  0.11068  0.06058 -0.24336  0.01493  0.04768
                  y  -0.33486  0.24015  0.15836 -0.49787 -0.07664  0.01660
                  z  -0.01697  0.05850  0.01855 -0.09523  0.01432  0.02417
 15   h           x   0.02383  0.15162  0.38066  0.03844  0.05556 -0.13726
                  y   0.00215  0.14979  0.25774  0.02466  0.05308 -0.16243
                  z  -0.02726  0.03896 -0.05360 -0.00972  0.01653 -0.06190
 16   h           x  -0.38979 -0.07076 -0.49823 -0.12485 -0.07152  0.12838
                  y  -0.19523 -0.10945 -0.35176 -0.10509 -0.04919  0.15208
                  z   0.06989 -0.01671 -0.00374 -0.00796 -0.00116  0.01919
 17   h           x  -0.04200 -0.01360  0.01267  0.01592 -0.00209  0.01507
                  y   0.29870  0.30650 -0.37677 -0.12330  0.06494 -0.54244
                  z   0.00688  0.04473 -0.04514  0.01343 -0.00563 -0.13674
 18   h           x   0.10539  0.09376  0.10507  0.03241 -0.06327 -0.05183
                  y  -0.50052 -0.11455  0.15083  0.11735  0.27297 -0.54861
                  z  -0.05863  0.03590  0.08639  0.03405  0.03238 -0.11112

reduced mass(g/mol)     1.357    1.248    1.199    1.357    1.377    1.476


       mode              37       38       39       40       41       42

     frequency        1396.18  1417.71  1475.67  1481.02  1490.26  1498.70

     symmetry            a        a        a        a        a        a   

        IR               YES      YES      YES      YES      YES      YES
|dDIP/dQ|   (a.u.)     0.0015   0.0026   0.0018   0.0030   0.0018   0.0020
intensity (km/mol)       4.21    12.14     5.63    16.15     5.95     6.89
intensity (  %   )       1.13     3.27     1.52     4.35     1.60     1.85
 
       RAMAN             YES      YES      YES      YES      YES      YES
 
  1   c           x   0.14010  0.03433 -0.00467 -0.00160  0.04103 -0.01723
                  y  -0.10150 -0.01499  0.00908  0.02443  0.04575 -0.03472
                  z  -0.00266  0.00642 -0.00834 -0.01079 -0.02838  0.01056
  2   c           x  -0.01488 -0.00216  0.00215  0.01301  0.01635  0.03082
                  y   0.03859  0.01270  0.01626 -0.00342 -0.01590 -0.04855
                  z  -0.00352 -0.00376  0.01484 -0.00042 -0.02468 -0.04359
  3   c           x   0.00027  0.00713 -0.00320  0.03664 -0.00925  0.00576
                  y   0.01140 -0.01827  0.00051 -0.03555 -0.00278 -0.00589
                  z  -0.00539  0.00466  0.00060  0.06381 -0.01548 -0.00112
  4   c           x   0.02291 -0.04021 -0.00024 -0.00989  0.00190 -0.00938
                  y  -0.02970  0.05386  0.00062  0.01182 -0.00482  0.00860
                  z   0.00967 -0.01549 -0.00025  0.00806  0.00045 -0.00255
  5   o           x   0.00034 -0.00230 -0.00053  0.00569  0.00050  0.00127
                  y   0.00522 -0.00801 -0.00008  0.00197  0.00056 -0.00075
                  z  -0.00279  0.00483  0.00001 -0.00279 -0.00044  0.00040
  6   o           x  -0.01214  0.05227  0.00409  0.00822 -0.00777  0.00684
                  y   0.00897 -0.03309 -0.00093 -0.00438  0.00284 -0.00290
                  z   0.00017 -0.01419  0.00146 -0.00231  0.00331 -0.00078
  7   c           x  -0.00616  0.07594 -0.00927  0.00273 -0.01443  0.00463
                  y  -0.02908  0.09730  0.00128 -0.01079  0.00064  0.00137
                  z   0.00400  0.02295 -0.00140 -0.01427  0.01716 -0.00500
  8   c           x  -0.03706 -0.03795 -0.06088  0.00455  0.00472 -0.02092
                  y   0.03592  0.00018  0.01324  0.00285  0.01340  0.00818
                  z   0.00838  0.01161 -0.05044 -0.00056  0.00267 -0.01037
  9   h           x  -0.54201 -0.13052 -0.00599 -0.05168 -0.32955  0.12552
                  y   0.37113 -0.00282 -0.09856 -0.17238 -0.43878  0.24724
                  z  -0.00315 -0.01151 -0.03007 -0.05659 -0.18002  0.08823
 10   h           x  -0.38342 -0.12349 -0.03898 -0.02762 -0.16194  0.08071
                  y   0.23209  0.05382 -0.04371 -0.09355 -0.24131  0.10329
                  z  -0.00639  0.04248  0.08362  0.16380  0.50694 -0.25572
 11   h           x   0.16165  0.02754  0.01601 -0.07308 -0.12117 -0.20872
                  y  -0.00019 -0.03328 -0.16859  0.03039  0.27875  0.57582
                  z   0.02340 -0.00447 -0.01044 -0.01011 -0.00627  0.00329
 12   h           x  -0.31120 -0.02895  0.03170  0.02628 -0.08568 -0.16761
                  y  -0.08471 -0.00080 -0.02301  0.01636  0.04517  0.06059
                  z  -0.04754 -0.01107 -0.15637  0.05622  0.29753  0.57991
 13   h           x   0.02466 -0.00319 -0.00431  0.04350 -0.00407  0.00141
                  y   0.10785 -0.04988 -0.00251  0.04197  0.00031 -0.02760
                  z  -0.06929  0.00977  0.00738 -0.65427  0.14714 -0.01502
 14   h           x  -0.08636 -0.00448  0.01529 -0.57878  0.13469 -0.01896
                  y  -0.04043  0.04635  0.00032  0.25544 -0.01764  0.01812
                  z  -0.03827  0.00031  0.00652 -0.16095  0.03365 -0.00920
 15   h           x   0.00961 -0.60847 -0.03285 -0.01787  0.05088 -0.04349
                  y  -0.00741 -0.46998 -0.01577 -0.01243  0.03474 -0.03171
                  z   0.05232 -0.09725 -0.01676  0.16683 -0.19782  0.05270
 16   h           x   0.04969 -0.32328  0.05785 -0.08384  0.16487 -0.04595
                  y   0.18209 -0.43995  0.00750  0.12037 -0.09831  0.02451
                  z   0.04897 -0.03926 -0.01229  0.03388 -0.04290  0.01031
 17   h           x  -0.04692 -0.05590  0.13495  0.00716  0.00235  0.03149
                  y   0.19040 -0.09422 -0.13380 -0.01587  0.01472 -0.05877
                  z   0.00984 -0.08173  0.64592 -0.00160 -0.01345  0.17357
 18   h           x   0.05831  0.01578  0.67679 -0.00613 -0.01546  0.19208
                  y  -0.29001  0.08473  0.00580 -0.00491 -0.06393 -0.00723
                  z  -0.05311  0.02688 -0.00465 -0.00247 -0.01508 -0.00142

reduced mass(g/mol)     1.419    1.335    1.087    1.101    1.084    1.094


       mode              43       44       45       46       47       48

     frequency        1512.65  1804.48  3003.74  3019.58  3021.37  3025.40

     symmetry            a        a        a        a        a        a   

        IR               YES      YES      YES      YES      YES      YES
|dDIP/dQ|   (a.u.)     0.0025   0.0145   0.0032   0.0031   0.0023   0.0025
intensity (km/mol)      11.14   371.48    17.93    16.84     9.00    10.78
intensity (  %   )       3.00   100.00     4.83     4.53     2.42     2.90
 
       RAMAN             YES      YES      YES      YES      YES      YES
 
  1   c           x  -0.00513 -0.00205  0.02273  0.00307  0.00975  0.00527
                  y  -0.01810 -0.00024  0.03434  0.00408  0.01620  0.00828
                  z   0.00549 -0.00153 -0.05782  0.01054  0.01184  0.00161
  2   c           x   0.00105  0.01300 -0.00112 -0.00316  0.01435  0.01605
                  y   0.00095  0.00898 -0.00625  0.00257 -0.01350 -0.01872
                  z   0.00319  0.00097  0.01543  0.01138 -0.03684 -0.03659
  3   c           x   0.00957  0.03284  0.00002  0.00220 -0.00489 -0.00276
                  y  -0.00290  0.04947 -0.00029  0.00112 -0.00143  0.00044
                  z   0.01829 -0.03264 -0.00046 -0.02167  0.03216  0.00415
  4   c           x   0.01048 -0.59658 -0.00000  0.00136 -0.00115  0.00092
                  y  -0.01732 -0.38762 -0.00018 -0.00096  0.00128 -0.00032
                  z   0.00942  0.32692  0.00011 -0.00025  0.00004 -0.00033
  5   o           x   0.00384  0.40277  0.00005 -0.00042  0.00021 -0.00037
                  y   0.00431  0.23248  0.00007  0.00002 -0.00016 -0.00010
                  z  -0.00313 -0.20655 -0.00006  0.00008  0.00010  0.00023
  6   o           x  -0.02156  0.00095 -0.00004 -0.00112  0.00118 -0.00166
                  y   0.00657  0.03378  0.00003  0.00007 -0.00004 -0.00033
                  z   0.00564 -0.01809 -0.00001  0.00030 -0.00009  0.00046
  7   c           x  -0.02783  0.03625 -0.00014  0.00431  0.00147 -0.00091
                  y   0.03027 -0.00341 -0.00068 -0.00420 -0.00276  0.00236
                  z   0.05907 -0.00469  0.00375  0.03955 -0.02589  0.04892
  8   c           x  -0.00220 -0.00564 -0.00950 -0.03527 -0.03330  0.02662
                  y   0.00205  0.00160 -0.00258  0.00655  0.00249 -0.00044
                  z  -0.00022  0.00432  0.01009 -0.04007 -0.01361  0.00322
  9   h           x   0.06855  0.00615 -0.13212  0.01206  0.00439 -0.00692
                  y   0.14208 -0.00098 -0.18887  0.01991  0.00367 -0.00501
                  z   0.05115 -0.00117  0.88135 -0.07511  0.00220  0.04413
 10   h           x   0.03281 -0.00332 -0.13818 -0.04824 -0.12170 -0.05360
                  y   0.07355 -0.00208 -0.21877 -0.06860 -0.19470 -0.09072
                  z  -0.14304  0.00610 -0.18352 -0.05262 -0.14660 -0.06848
 11   h           x   0.00084 -0.03409  0.03089  0.02487 -0.08649 -0.08639
                  y  -0.02304 -0.04264  0.01975  0.01935 -0.06728 -0.06996
                  z   0.00061 -0.00807 -0.18172 -0.15311  0.51867  0.52864
 12   h           x  -0.00399 -0.03846 -0.01645  0.01545 -0.08202 -0.10547
                  y  -0.01050 -0.01247  0.05357 -0.04778  0.22672  0.29089
                  z  -0.02407 -0.03582 -0.01100  0.01579 -0.07183 -0.09026
 13   h           x   0.01214 -0.08117  0.00144  0.06079 -0.07176  0.01734
                  y   0.02382 -0.25340  0.00110 -0.01611  0.01833 -0.00573
                  z  -0.21219  0.11082  0.00129 -0.00610  0.00699 -0.00192
 14   h           x  -0.19115  0.04265 -0.00094 -0.08949  0.13327  0.01746
                  y   0.06964  0.12236  0.00183  0.00680 -0.00964 -0.00006
                  z  -0.05272 -0.01047  0.00811  0.26645 -0.39675 -0.05135
 15   h           x   0.08988  0.01743  0.00542  0.04119 -0.08624  0.13224
                  y   0.06294 -0.03629 -0.00419 -0.05093  0.10241 -0.15760
                  z  -0.65057  0.01161  0.00238  0.01076 -0.01563  0.02372
 16   h           x   0.44935 -0.09976 -0.00658 -0.08462  0.05739 -0.10753
                  y  -0.43388 -0.02382  0.01235  0.11284 -0.07720  0.14476
                  z  -0.14047  0.00677 -0.04290 -0.48775  0.32487 -0.61186
 17   h           x  -0.00683 -0.00331  0.11169  0.45748  0.41560 -0.32529
                  y   0.02181 -0.03838  0.01194  0.03507  0.02773 -0.02046
                  z   0.00449 -0.01701 -0.02611 -0.12218 -0.10883  0.08528
 18   h           x  -0.00303  0.00806  0.00164 -0.03744 -0.02027  0.01197
                  y  -0.03891  0.00824  0.01929 -0.12108 -0.05403  0.02092
                  z  -0.00781  0.00735 -0.10232  0.60399  0.27151 -0.11889

reduced mass(g/mol)     1.088   11.726    1.069    1.066    1.066    1.065


       mode              49       50       51       52       53       54

     frequency        3032.93  3051.38  3059.80  3066.69  3102.70  3113.33

     symmetry            a        a        a        a        a        a   

        IR               YES      YES      YES      YES      YES      YES
|dDIP/dQ|   (a.u.)     0.0041   0.0047   0.0042   0.0054   0.0039   0.0022
intensity (km/mol)      29.68    39.96    31.68    52.69    27.11     8.35
intensity (  %   )       7.99    10.76     8.53    14.18     7.30     2.25
 
       RAMAN             YES      YES      YES      YES      YES      YES
 
  1   c           x  -0.00522 -0.02820 -0.00811 -0.00195  0.00015  0.00080
                  y  -0.00830 -0.04471 -0.01424 -0.00321  0.00118  0.00065
                  z  -0.00971 -0.05275 -0.02739 -0.02744  0.00132  0.00083
  2   c           x  -0.01317  0.00781  0.00993 -0.01265 -0.00002 -0.00259
                  y   0.02335 -0.01227 -0.03433  0.05680 -0.00019  0.00524
                  z   0.01171 -0.01150  0.02062 -0.05504  0.00040  0.00191
  3   c           x   0.00007 -0.00201 -0.00290  0.00310  0.00619 -0.08284
                  y  -0.00440  0.00110  0.00037  0.00059 -0.00172  0.02247
                  z   0.06074 -0.00124  0.00493 -0.01533 -0.00012  0.01910
  4   c           x  -0.00026  0.00033 -0.00054 -0.00016 -0.00108 -0.00268
                  y  -0.00013  0.00020  0.00058 -0.00038 -0.00009 -0.00047
                  z   0.00045 -0.00015  0.00004 -0.00022  0.00017  0.00112
  5   o           x   0.00024 -0.00017  0.00013 -0.00009  0.00012  0.00097
                  y   0.00022 -0.00014 -0.00002 -0.00010  0.00014  0.00016
                  z  -0.00002  0.00012 -0.00004  0.00008 -0.00008 -0.00029
  6   o           x  -0.00069  0.00001  0.00014  0.00013  0.00097  0.00041
                  y  -0.00033  0.00005 -0.00013 -0.00001  0.00061 -0.00024
                  z   0.00042 -0.00012  0.00025  0.00013 -0.00043 -0.00001
  7   c           x  -0.00043  0.00168  0.00128  0.00109  0.05316  0.00407
                  y   0.00131 -0.00199 -0.00035 -0.00090 -0.06721 -0.00496
                  z   0.02301  0.00829 -0.01473 -0.00813  0.02408  0.00257
  8   c           x   0.00339 -0.03373  0.04071  0.01749  0.00566  0.00070
                  y   0.00125 -0.00523  0.01291  0.00526 -0.00084 -0.00011
                  z  -0.00878  0.02182 -0.05995 -0.02687  0.00435  0.00050
  9   h           x  -0.00370 -0.03931 -0.02681 -0.04183  0.00128  0.00185
                  y  -0.00880 -0.05464 -0.04507 -0.05828  0.00343  0.00162
                  z   0.03166  0.20436  0.17493  0.24969 -0.00940 -0.00543
 10   h           x   0.06716  0.37149  0.13213  0.06488 -0.00575 -0.00529
                  y   0.10956  0.58712  0.21038  0.10338 -0.01102 -0.00737
                  z   0.07937  0.43175  0.15322  0.07445 -0.00783 -0.00588
 11   h           x   0.03389 -0.02955  0.02407 -0.08846  0.00093  0.00418
                  y   0.03291 -0.02388  0.01145 -0.04894  0.00035  0.00414
                  z  -0.22444  0.17600 -0.14233  0.48978 -0.00378 -0.03475
 12   h           x   0.11603 -0.06240 -0.14853  0.23753 -0.00111  0.02442
                  y  -0.31091  0.16403  0.39604 -0.62962  0.00287 -0.06698
                  z   0.09184 -0.04727 -0.10611  0.16703 -0.00077  0.01658
 13   h           x  -0.24173  0.03326  0.01680  0.02192 -0.07397  0.92410
                  y   0.06859 -0.01055 -0.00528 -0.00660  0.02046 -0.25775
                  z   0.01623 -0.00143  0.00057 -0.00140  0.00023 -0.00439
 14   h           x   0.25155 -0.00550  0.01902 -0.05895  0.00004  0.06625
                  y  -0.02095  0.00144 -0.00163  0.00725 -0.00009 -0.00297
                  z  -0.74983  0.01998 -0.05640  0.18533  0.00099 -0.23467
 15   h           x   0.05954 -0.00709 -0.03846 -0.02625 -0.59968 -0.04236
                  y  -0.07203  0.00831  0.04409  0.03092  0.74558  0.05276
                  z   0.00897  0.00027 -0.00525 -0.00268 -0.05106 -0.00381
 16   h           x  -0.05045 -0.01618  0.03175  0.01780 -0.03636 -0.00420
                  y   0.06816  0.02112 -0.03784 -0.02079  0.04215  0.00521
                  z  -0.28819 -0.09006  0.17197  0.09644 -0.23615 -0.02809
 17   h           x  -0.03469  0.39919 -0.47302 -0.20082 -0.06937 -0.00760
                  y  -0.00083  0.02552 -0.03182 -0.01229 -0.00568 -0.00059
                  z   0.00820 -0.09453  0.10828  0.04636  0.01563  0.00167
 18   h           x  -0.00432  0.00363 -0.02217 -0.00886  0.00341  0.00026
                  y  -0.01989  0.03238 -0.12016 -0.05641  0.01076  0.00129
                  z   0.09710 -0.17574  0.60926  0.27690 -0.05954 -0.00665

reduced mass(g/mol)     1.067    1.092    1.100    1.102    1.096    1.094
 

         **************************************************************
         *                                                            *
         *  zero point VIBRATIONAL energy  :      0.1560168  Hartree  *
         *    SCF-energy                   :   -385.0421120           *
         *    SCF + E(vib0)                :   -384.8860952           *
         *                                                            *
         **************************************************************




 time elapsed for vibrational analysis     0.84 sec


    ------------------------------------------------------------------------
         total  cpu-time : 53 minutes and 25 seconds
         total wall-time :  4 minutes and 11 seconds
    ------------------------------------------------------------------------

   ****  force : all done  ****


    2026-04-15 20:00:04.024 

aoforce ended normally 
