
   OpenMP run-time library returned nthreads = 16

 ridft (s02r2b58) : TURBOMOLE rev. V7-8-1 compiled 26 Feb 2024 at 17:12:58
 Copyright (C) 2024 TURBOMOLE GmbH, Karlsruhe


    2026-04-15 19:55:48.513 



                                  r i d f t

                        DFT program with RI approximation 
                                for coulomb part 





                                 References:     
                                                 
          TURBOMOLE:                             
              R. Ahlrichs, M. Baer, M. Haeser, H. Horn, and
              C. Koelmel
              Electronic structure calculations on workstation
              computers: the program system TURBOMOLE
              Chem. Phys. Lett. 162: 165 (1989)
          Density Functional:                              
              O. Treutler and R. Ahlrichs                      
              Efficient Molecular Numerical Integration Schemes
              J. Chem. Phys. 102: 346 (1995)                   
          Parallel Version:                                
              Performance of parallel TURBOMOLE for Density    
              Functional Calculations                          
              M. v. Arnim and R. Ahlrichs                      
              J. Comp. Chem. 19: 1746 (1998)                   
          RI-J Method:                                     
              Auxiliary Basis Sets to approximate Coulomb      
              Potentials                                       
              Chem. Phys. Lett. 240: 283 (1995)                
              K. Eichkorn, O. Treutler, H. Oehm, M. Haeser     
              and R. Ahlrichs                                  
              Chem. Phys. Lett. 242: 652 (1995)                
                                                           
              Auxiliary Basis Sets for Main Row Atoms and their
              Use to approximate Coulomb Potentials            
              K. Eichkorn, F. Weigend, O. Treutler and         
              R. Ahlrichs                                      
              Theo. Chem. Acc. 97: 119 (1997)                  
                                                           
              Accurate Coulomb-fitting basis sets for H to Rn 
              F. Weigend                                       
              Phys. Chem. Chem. Phys. 8: 1057 (2006)           
                                                           
          Multipole accelerated RI-J (MARI-J):             
              Fast evaluation of the Coulomb potential for     
              electron densities using multipole accelerated   
              resolution of identity approximation             
              M. Sierka, A. Hogekamp and R. Ahlrichs           
              J. Chem. Phys. 118: 9136 (2003)                  
          RI-JK Method:                                     
              A fully direct RI-HF algorithm: Implementation,
              optimised auxiliary basis sets, demonstration of
              accuracy and efficiency                         
              F. Weigend                                      
              Phys. Chem. Chem. Phys. 4: 4285 (2002)           
          Two-component HF and DFT with spin-orbit coupling:  
              Self-consistent treatment of spin-orbit         
              interactions with efficient Hartree-Fock and    
              density functional methods                      
              M. K. Armbruster, F. Weigend, C. van Wüllen and 
              W. Klopper                                      
              Phys. Chem. Chem. Phys. 10: 1748 (2008)         
          Two-component difference density and DIIS algorithm 
              Efficient two-component self-consistent field   
              procedures and gradients: implementation in     
              TURBOMOLE and application to Au20-              
              A. Baldes, F. Weigend                           
              Mol. Phys. 111: 2617 (2013)                     
          Relativistic current density functional theory      
              Current density functional framework for        
              spin-orbit coupling                             
              C. Holzer, Y. J. Franzke, A. Pausch             
              J. Chem. Phys. 157: 204102 (2022)               
          Relativistic all-electron 2c calculations           
              An efficient implementation of two-component    
              relativistic exact-decoupling methods for large 
              molecules                                       
              D. Peng, N. Middendorf, F. Weigend, M. Reiher   
              J. Chem. Phys. 138: 184105 (2013)               
          Finite nucleus model and SNSO approximation         
              Efficient implementation of one- and two-       
              component analytical energy gradients in exact  
              two-component theory                            
              Y. J. Franzke, N. Middendorf, F. Weigend        
              J. Chem. Phys. 148: 104110 (2018)               
          Grids for all-electron relativistic methods         
              Error-consistent segmented contracted all-      
              electron relativistic basis sets of double-     
              and triple-zeta quality for NMR shielding       
              constants                                       
              Y. J. Franzke, R. Tress, T. M. Pazdera,         
              F. Weigend                                      
              Phys. Chem. Chem. Phys. 21: 166658 (2019)       
          Seminumerical exchange algorithms                   
              Seminumerical calculation of the Hartree-Fock   
              exchange matirx: Application to two-component   
              procedures and efficient evaluation of local    
              hybrid functionsl                               
              P. Plessow, F. Weigend,                         
              J. Comput. Chem. 33: 810 (2012)                 
          Improved seminumerical algorithms                   
              C. Holzer,                                      
              J. Chem. Phys. 153 (2020), 184115               






          OpenMP Shared-Memory Parallelization: 16 CPUs.

            By: Christof Holzer and Yannick J. Franzke


              +--------------------------------------------------+
              |      general information about current run       |
              +--------------------------------------------------+

 
 Becke-3-Parameter hybrid functional: B3-LYP
 exchange:    0.8*LDA + 0.72*B88 + 0.2*HF
 correlation: 0.19*LDA(VWN) + 0.81*LYP
 A Hybrid-DFT calculation using the RI-J approximation will be carried out.
 Allocatable memory for RI due to $ricore (MB):                  5000


              +--------------------------------------------------+
              | Atomic coordinate, charge and isotop information |
              +--------------------------------------------------+

                    atomic coordinates            atom    charge  isotop
         -1.57447917   -2.24455382   -0.11897630    c      6.000     0
          1.26396638   -2.33857106   -0.65386129    c      6.000     0
          2.83426738   -0.37725520    0.81533657    c      6.000     0
          2.77076657    2.25504792   -0.32134315    c      6.000     0
          4.59952980    3.24775796   -1.22993109    o      8.000     0
          0.54863391    3.53016577   -0.35822159    o      8.000     0
         -1.74116511    2.53797287    0.72273429    c      6.000     0
         -2.83681248    0.28902684   -0.70299551    c      6.000     0
         -1.89107882   -2.70036530    1.87698104    h      1.000     0
         -2.51390872   -3.73242104   -1.20270266    h      1.000     0
          1.61711166   -2.10949200   -2.67878628    h      1.000     0
          1.96517962   -4.21539291   -0.15586462    h      1.000     0
          4.81868078   -0.91735158    0.81454289    h      1.000     0
          2.21123122   -0.31436007    2.78722060    h      1.000     0
         -3.03644257    4.13431549    0.62841039    h      1.000     0
         -1.44241377    2.09105715    2.72023502    h      1.000     0
         -4.84288677    0.16381958   -0.21451046    h      1.000     0
         -2.75017802    0.70059938   -2.72826785    h      1.000     0
 
       center of nuclear mass  :    0.74521265    0.90191544   -0.23355880
       center of nuclear charge:    0.63903009    0.77506135   -0.20020316

              +--------------------------------------------------+
              |               basis set information              |
              +--------------------------------------------------+

              we will work with the 1s 3p 5d 7f 9g ... basis set
              ...i.e. with spherical basis functions...

   type   atoms  prim   cont   basis
   ---------------------------------------------------------------------------
    c        6     46     31   def2-TZVP   [5s3p2d1f|11s6p2d1f]
    o        2     46     31   def2-TZVP   [5s3p2d1f|11s6p2d1f]
    h       10      8      6   def2-TZVP   [3s1p|5s1p]
   ---------------------------------------------------------------------------
   total:   18    448    308
   ---------------------------------------------------------------------------

   total number of primitive shells          :   46
   total number of contracted shells         :  128
   total number of cartesian basis functions :  348
   total number of SCF-basis functions       :  308


 integral neglect threshold       :  0.96E-11
 integral storage threshold THIZE :  0.10E-04
 integral storage threshold THIME :         5

 RI-J AUXILIARY BASIS SET information:

              we will work with the 1s 3p 5d 7f 9g ... basis set
              ...i.e. with spherical basis functions...

   type   atoms  prim   cont   basis
   ---------------------------------------------------------------------------
    c        6     70     49   def2-TZVP   [6s4p3d1f1g|12s5p4d2f1g]
    o        2     70     49   def2-TZVP   [6s4p3d1f1g|12s5p4d2f1g]
    h       10     16     11   def2-TZVP   [3s1p1d|5s2p1d]
   ---------------------------------------------------------------------------
   total:   18    720    502
   ---------------------------------------------------------------------------

   total number of primitive shells          :   56
   total number of contracted shells         :  170
   total number of cartesian basis functions :  608
   total number of SCF-basis functions       :  502


 symmetry group of the molecule :   c1 

 the group has the following generators :
   c1(z)

    1 symmetry operations found

 there are 1 real representations :   a   

 maximum number of shells which are related by symmetry :  1

  
           ------------------
           density functional
           ------------------
 Becke-3-Parameter hybrid functional: B3-LYP
 exchange:    0.8*LDA + 0.72*B88 + 0.2*HF
 correlation: 0.19*LDA(VWN) + 0.81*LYP
 iterations will be done with small grid
  
 spherical integration : Lebedev's spherical grid
 spherical gridsize    :                     3
    i.e. gridpoints    :                   302
  maximum batchsize    :                   100
 value for diffuse not defined
 radial integration    : Chebyshev 2nd kind (scaling 3)
 radial gridsize       :                     3
 integration cells     :                    18
 partition function    : becke
 partition sharpness   :                     3
  

 biggest AO integral is expected to be     7.998976882

          ------------------------
          nuclear repulsion energy  :   395.985177884    
          ------------------------


         -----------------
         -S,T+V- integrals
         -----------------

 1e-integrals will be neglected if expon. factor < 0.960334E-12
 
 Difference densities algorithm switched on.
 The maximal number of linear combinations of
 difference densities is  20.

 DIIS switched on: error vector is FDS-SDF
 Max. Iterations for DIIS is     :   4
 DIIS matrix (see manual) 
    Scaling factor of diagonals  :  1.200
    threshold for scaling factor :  0.000

 scf convergence criterion : increment of total energy < .1000000D-06
                  and increment of one-electron energy < .1000000D-03

 MOs are in ASCII format !


    mo occupation :
   irrep   mo's   occupied
    a      308       31
 
 number of basis functions   :   308
 number of occupied orbitals :    31
 

 reading orbital data $scfmo  from file mos
 orbital characterization : scfconv=7
 mo-orthogonalization by Cholesky decomposition

 automatic virtual orbital shift switched on 
      shift if e(lumo)-e(homo) < 0.10000000    

  
           ------------------------
               RI-J - INFORMATION
           ------------------------
 Contributions to RI integral batches: 
  neglected integral batches:                   659
  direct contribution:                            0
  memory contribution:                  7597
 Memory core needed for (P|Q) and Cholesky      2 MByte
 Memory core minimum needed except of (P|Q)     1 MByte
 Total minimum memory core needed (sum)         3 MByte
  
 ****************************************
 Memory allocated for RI-J   269 MByte
 ****************************************
                                            

 DSCF restart information will be dumped onto file mos


 Starting SCF iterations

          Overall gridpoints after grid construction =         22254

 ITERATION  ENERGY          1e-ENERGY        2e-ENERGY     NORM[dD(SAO)]  TOL
   1  -385.04204997816    -1307.6278644     526.60063658    0.000D+00 0.958D-11
                            Exc = -43.1339569788     Coul =  579.970124820    
                            exK = -10.2355312570    
                              N = 61.999120762    
                            current damping = 0.300
 
          max. resid. norm for Fia-block=  3.707D-06 for orbital     31a         
          max. resid. fock norm         =  4.799D-06 for orbital     31a         

 ITERATION  ENERGY          1e-ENERGY        2e-ENERGY     NORM[dD(SAO)]  TOL
   2  -385.04204997822    -1307.6278804     526.60065252    0.278D-04 0.607D-11
                            Exc = -43.1339678370      Eck =  569.734620353    
                              N = 61.999120756    
                            current damping = 0.300
 
          Norm of current diis error: 0.50293E-04
          max. resid. norm for Fia-block=  1.853D-06 for orbital     31a         
          max. resid. fock norm         =  2.452D-06 for orbital     22a         

 ENERGY CONVERGED !

          Overall gridpoints after grid construction =         83526

 ITERATION  ENERGY          1e-ENERGY        2e-ENERGY     NORM[dD(SAO)]  TOL
   3  -385.04211197138    -1307.6278813     526.60059140    0.591D-05 0.576D-11
                            Exc = -43.1340250896      Eck =  569.734616486    
                              N = 62.000032162    
                            current damping = 0.350
 
          Norm of current diis error: 0.84192E-05
          max. resid. norm for Fia-block=  5.529D-07 for orbital     30a         
          max. resid. fock norm         =  9.031D-07 for orbital    276a         

 End of SCF iterations

   convergence criteria satisfied after     3 iterations


                  ------------------------------------------ 
                 |  total energy      =   -385.04211197138  |
                  ------------------------------------------ 
                 :  kinetic energy    =    383.35470131403  :
                 :  potential energy  =   -768.39681328541  :
                 :  virial theorem    =      1.99561759453  :
                 :  wavefunction norm =      1.00000000000  :
                  .......................................... 


 <geterg> : there is no data group $energy 


 <skperg> : $end is missing 


 orbitals $scfmo  will be written to file mos

    irrep                 27a         28a         29a         30a         31a   
 eigenvalues H         -0.34706    -0.34148    -0.32867    -0.29657    -0.26753
            eV          -9.4442     -9.2923     -8.9436     -8.0701     -7.2799
 occupation              2.0000      2.0000      2.0000      2.0000      2.0000

    irrep                 32a         33a         34a         35a         36a   
 eigenvalues H          0.00334     0.02452     0.04298     0.05880     0.06405
            eV           0.0909      0.6673      1.1695      1.6000      1.7429
 
 
 
 
 ==============================================================================
                           electrostatic moments
 ==============================================================================

 reference point for electrostatic moments:    0.00000   0.00000   0.00000

 
              nuc           elec       ->  total
 ------------------------------------------------------------------------------
                          charge      
 ------------------------------------------------------------------------------
          62.000000     -62.000000       0.000000
 
 ------------------------------------------------------------------------------
                       dipole moment  
 ------------------------------------------------------------------------------
   x      39.619866     -40.941812      -1.321946
   y      48.053804     -49.257034      -1.203230
   z     -12.412596      13.089829       0.677233
 
   | dipole moment | =     1.9115 a.u. =     4.8586 debye 
 
 ------------------------------------------------------------------------------
                     quadrupole moment
 ------------------------------------------------------------------------------
  xx     443.648940    -484.335476     -40.686536
  yy     384.001619    -424.985123     -40.983505
  zz      62.371920     -98.352331     -35.980412
  xy     117.497161    -123.828896      -6.331735
  xz     -30.091391      32.512902       2.421511
  yz     -17.258130      19.859290       2.601161
 
     1/3  trace=     -39.216817
     anisotropy=      13.483146
 
 ==============================================================================
 
HOMO-LUMO Separation
 HOMO         :   -0.26752766 H =     -7.27980 eV
 LUMO         :    0.00334061 H =     +0.09090 eV
 HOMO-LUMO gap:    0.27086827 H =     +7.37070 eV
 
 ==============================================================================


    ------------------------------------------------------------------------
         total  cpu-time :  58.79 seconds
         total wall-time :   4.18 seconds
    ------------------------------------------------------------------------

   ****  ridft : all done  ****


    2026-04-15 19:55:52.664 

 ridft ended normally
