
   OpenMP run-time library returned nthreads = 16

 ridft (s02r2b44) : TURBOMOLE rev. V7-8-1 compiled 26 Feb 2024 at 17:12:58
 Copyright (C) 2024 TURBOMOLE GmbH, Karlsruhe


    2026-04-17 16:59:02.660 



                                  r i d f t

                        DFT program with RI approximation 
                                for coulomb part 





                                 References:     
                                                 
          TURBOMOLE:                             
              R. Ahlrichs, M. Baer, M. Haeser, H. Horn, and
              C. Koelmel
              Electronic structure calculations on workstation
              computers: the program system TURBOMOLE
              Chem. Phys. Lett. 162: 165 (1989)
          Density Functional:                              
              O. Treutler and R. Ahlrichs                      
              Efficient Molecular Numerical Integration Schemes
              J. Chem. Phys. 102: 346 (1995)                   
          Parallel Version:                                
              Performance of parallel TURBOMOLE for Density    
              Functional Calculations                          
              M. v. Arnim and R. Ahlrichs                      
              J. Comp. Chem. 19: 1746 (1998)                   
          RI-J Method:                                     
              Auxiliary Basis Sets to approximate Coulomb      
              Potentials                                       
              Chem. Phys. Lett. 240: 283 (1995)                
              K. Eichkorn, O. Treutler, H. Oehm, M. Haeser     
              and R. Ahlrichs                                  
              Chem. Phys. Lett. 242: 652 (1995)                
                                                           
              Auxiliary Basis Sets for Main Row Atoms and their
              Use to approximate Coulomb Potentials            
              K. Eichkorn, F. Weigend, O. Treutler and         
              R. Ahlrichs                                      
              Theo. Chem. Acc. 97: 119 (1997)                  
                                                           
              Accurate Coulomb-fitting basis sets for H to Rn 
              F. Weigend                                       
              Phys. Chem. Chem. Phys. 8: 1057 (2006)           
                                                           
          Multipole accelerated RI-J (MARI-J):             
              Fast evaluation of the Coulomb potential for     
              electron densities using multipole accelerated   
              resolution of identity approximation             
              M. Sierka, A. Hogekamp and R. Ahlrichs           
              J. Chem. Phys. 118: 9136 (2003)                  
          RI-JK Method:                                     
              A fully direct RI-HF algorithm: Implementation,
              optimised auxiliary basis sets, demonstration of
              accuracy and efficiency                         
              F. Weigend                                      
              Phys. Chem. Chem. Phys. 4: 4285 (2002)           
          Two-component HF and DFT with spin-orbit coupling:  
              Self-consistent treatment of spin-orbit         
              interactions with efficient Hartree-Fock and    
              density functional methods                      
              M. K. Armbruster, F. Weigend, C. van Wüllen and 
              W. Klopper                                      
              Phys. Chem. Chem. Phys. 10: 1748 (2008)         
          Two-component difference density and DIIS algorithm 
              Efficient two-component self-consistent field   
              procedures and gradients: implementation in     
              TURBOMOLE and application to Au20-              
              A. Baldes, F. Weigend                           
              Mol. Phys. 111: 2617 (2013)                     
          Relativistic current density functional theory      
              Current density functional framework for        
              spin-orbit coupling                             
              C. Holzer, Y. J. Franzke, A. Pausch             
              J. Chem. Phys. 157: 204102 (2022)               
          Relativistic all-electron 2c calculations           
              An efficient implementation of two-component    
              relativistic exact-decoupling methods for large 
              molecules                                       
              D. Peng, N. Middendorf, F. Weigend, M. Reiher   
              J. Chem. Phys. 138: 184105 (2013)               
          Finite nucleus model and SNSO approximation         
              Efficient implementation of one- and two-       
              component analytical energy gradients in exact  
              two-component theory                            
              Y. J. Franzke, N. Middendorf, F. Weigend        
              J. Chem. Phys. 148: 104110 (2018)               
          Grids for all-electron relativistic methods         
              Error-consistent segmented contracted all-      
              electron relativistic basis sets of double-     
              and triple-zeta quality for NMR shielding       
              constants                                       
              Y. J. Franzke, R. Tress, T. M. Pazdera,         
              F. Weigend                                      
              Phys. Chem. Chem. Phys. 21: 166658 (2019)       
          Seminumerical exchange algorithms                   
              Seminumerical calculation of the Hartree-Fock   
              exchange matirx: Application to two-component   
              procedures and efficient evaluation of local    
              hybrid functionsl                               
              P. Plessow, F. Weigend,                         
              J. Comput. Chem. 33: 810 (2012)                 
          Improved seminumerical algorithms                   
              C. Holzer,                                      
              J. Chem. Phys. 153 (2020), 184115               






          OpenMP Shared-Memory Parallelization: 16 CPUs.

            By: Christof Holzer and Yannick J. Franzke


              +--------------------------------------------------+
              |      general information about current run       |
              +--------------------------------------------------+

 
 Becke-3-Parameter hybrid functional: B3-LYP
 exchange:    0.8*LDA + 0.72*B88 + 0.2*HF
 correlation: 0.19*LDA(VWN) + 0.81*LYP
 A Hybrid-DFT calculation using the RI-J approximation will be carried out.
 Allocatable memory for RI due to $ricore (MB):                  8000


              +--------------------------------------------------+
              | Atomic coordinate, charge and isotop information |
              +--------------------------------------------------+

                    atomic coordinates            atom    charge  isotop
          5.67710932   -1.32480372    3.23533486    c      6.000     0
          5.56853275   -0.93537996    0.37278585    c      6.000     0
          3.27201399    0.57589987   -0.56994171    c      6.000     0
          0.81500336   -0.99003632   -0.58909682    c      6.000     0
          0.48086631   -2.79824289    0.80949205    o      8.000     0
         -0.96202127   -0.13782236   -2.22560935    n      7.000     0
         -3.50729574   -1.08185996   -2.23556256    c      6.000     0
         -5.39452717    1.08564774   -2.47725956    c      6.000     0
         -4.77732028    3.21307301   -3.09648767    o      8.000     0
         -7.84380806    0.45276622   -1.99694489    n      7.000     0
         -9.85527068    2.28436607   -2.24404553    c      6.000     0
        -12.25565540    1.37186854   -0.87134038    c      6.000     0
        -11.72678924    0.76576086    1.86894202    c      6.000     0
        -11.54742926   -1.33539959    2.72181282    o      8.000     0
        -11.43033769    2.87193872    3.27208616    o      8.000     0
        -10.57062461    2.96415275   -4.96721976    c      6.000     0
        -11.85178852    4.76625113   -5.48477791    o      8.000     0
         -9.69546119    1.31647250   -6.69390416    o      8.000     0
          3.61736635    1.82219879   -3.02873163    n      7.000     0
          8.15188466   -2.52284570    4.11880919    c      6.000     0
         10.29187819   -0.88169805    3.61281221    n      7.000     0
         12.44889613   -1.43483636    4.52485293    c      6.000     0
         13.10868939   -3.63477432    5.79718476    n      7.000     0
         14.46291961    0.25422018    4.30313074    n      7.000     0
          4.09296828   -2.49898668    3.83402118    h      1.000     0
          5.48162963    0.50865725    4.17812667    h      1.000     0
          5.62210015   -2.77069143   -0.58426025    h      1.000     0
          7.26364528    0.09762198   -0.19751166    h      1.000     0
          2.90505448    2.09516438    0.79198308    h      1.000     0
         -0.55356187    1.43641881   -3.22926674    h      1.000     0
         -3.84259060   -2.38207816   -3.81858805    h      1.000     0
         -3.81490747   -2.15678796   -0.50120551    h      1.000     0
         -8.28097124   -1.34513330   -1.54521423    h      1.000     0
         -9.22864873    4.06016290   -1.40503850    h      1.000     0
        -13.67320491    2.85884936   -1.00668407    h      1.000     0
        -12.98683369   -0.33977660   -1.75510448    h      1.000     0
        -11.02995760    2.34564633    4.98334245    h      1.000     0
        -10.23557825    1.92713442   -8.33739144    h      1.000     0
          4.90725213    3.22868841   -2.88120643    h      1.000     0
          4.29460808    0.57669403   -4.32122189    h      1.000     0
          8.38399629   -4.35704420    3.16380352    h      1.000     0
          7.98029129   -2.93458045    6.15372703    h      1.000     0
         14.44648690   -3.43971389    7.14041154    h      1.000     0
         11.65846679   -4.74316862    6.33397642    h      1.000     0
         14.00869074    1.71839108    3.16765780    h      1.000     0
         16.12423527   -0.55238482    3.81692510    h      1.000     0
 
       center of nuclear mass  :   -1.43893511    0.29207375   -0.08357149
       center of nuclear charge:   -1.26404218    0.25694382   -0.04110057

              +--------------------------------------------------+
              |               basis set information              |
              +--------------------------------------------------+

              we will work with the 1s 3p 5d 7f 9g ... basis set
              ...i.e. with spherical basis functions...

   type   atoms  prim   cont   basis
   ---------------------------------------------------------------------------
    c       12     46     31   def2-TZVP   [5s3p2d1f|11s6p2d1f]
    o        6     46     31   def2-TZVP   [5s3p2d1f|11s6p2d1f]
    n        6     46     31   def2-TZVP   [5s3p2d1f|11s6p2d1f]
    h       22      8      6   def2-TZVP   [3s1p|5s1p]
   ---------------------------------------------------------------------------
   total:   46   1280    876
   ---------------------------------------------------------------------------

   total number of primitive shells          :   66
   total number of contracted shells         :  352
   total number of cartesian basis functions :  996
   total number of SCF-basis functions       :  876


 integral neglect threshold       :  0.33E-11
 integral storage threshold THIZE :  0.10E-04
 integral storage threshold THIME :         5

 RI-J AUXILIARY BASIS SET information:

              we will work with the 1s 3p 5d 7f 9g ... basis set
              ...i.e. with spherical basis functions...

   type   atoms  prim   cont   basis
   ---------------------------------------------------------------------------
    c       12     70     49   def2-TZVP   [6s4p3d1f1g|12s5p4d2f1g]
    o        6     70     49   def2-TZVP   [6s4p3d1f1g|12s5p4d2f1g]
    n        6     70     49   def2-TZVP   [6s4p3d1f1g|12s5p4d2f1g]
    h       22     16     11   def2-TZVP   [3s1p1d|5s2p1d]
   ---------------------------------------------------------------------------
   total:   46   2032   1418
   ---------------------------------------------------------------------------

   total number of primitive shells          :   80
   total number of contracted shells         :  470
   total number of cartesian basis functions : 1728
   total number of SCF-basis functions       : 1418


 symmetry group of the molecule :   c1 

 the group has the following generators :
   c1(z)

    1 symmetry operations found

 there are 1 real representations :   a   

 maximum number of shells which are related by symmetry :  1

  
           ------------------
           density functional
           ------------------
 Becke-3-Parameter hybrid functional: B3-LYP
 exchange:    0.8*LDA + 0.72*B88 + 0.2*HF
 correlation: 0.19*LDA(VWN) + 0.81*LYP
 iterations will be done with small grid
  
 spherical integration : Lebedev's spherical grid
 spherical gridsize    :                     4
    i.e. gridpoints    :                   434
  maximum batchsize    :                   100
 value for diffuse not defined
 radial integration    : Chebyshev 2nd kind (scaling 3)
 radial gridsize       :                     6
 integration cells     :                    46
 partition function    : becke
 partition sharpness   :                     3
  

 biggest AO integral is expected to be     7.998976882

          ------------------------
          nuclear repulsion energy  :   2013.36913949    
          ------------------------


         -----------------
         -S,T+V- integrals
         -----------------

 1e-integrals will be neglected if expon. factor < 0.335538E-12
 
 Difference densities algorithm switched on.
 The maximal number of linear combinations of
 difference densities is  20.

 DIIS switched on: error vector is FDS-SDF
 Max. Iterations for DIIS is     :   4
 DIIS matrix (see manual) 
    Scaling factor of diagonals  :  1.200
    threshold for scaling factor :  0.000

 scf convergence criterion : increment of total energy < .1000000D-06
                  and increment of one-electron energy < .1000000D-03

 MOs are in ASCII format !


    mo occupation :
   irrep   mo's   occupied
    a      876       92
 
 number of basis functions   :   876
 number of occupied orbitals :    92
 

 reading orbital data $scfmo  from file mos
 orbital characterization : scfconv=7
 mo-orthogonalization by Cholesky decomposition

 automatic virtual orbital shift switched on 
      shift if e(lumo)-e(homo) < 0.10000000    

  
           ------------------------
               RI-J - INFORMATION
           ------------------------
 Contributions to RI integral batches: 
  neglected integral batches:                 31511
  direct contribution:                            0
  memory contribution:                 30617
 Memory core needed for (P|Q) and Cholesky     16 MByte
 Memory core minimum needed except of (P|Q)     3 MByte
 Total minimum memory core needed (sum)        18 MByte
  
 ****************************************
 Memory allocated for RI-J  3082 MByte
 ****************************************
                                            

 dump of DSCF restart information has been disabled !


 Starting SCF iterations

          Overall gridpoints after grid construction =        123317

 ITERATION  ENERGY          1e-ENERGY        2e-ENERGY     NORM[dD(SAO)]  TOL
   1  -1250.2842308756    -5709.2233285     2445.5699581    0.000D+00 0.335D-11
                            Exc = -134.205623505     Coul =  2611.62488318    
                            exK = -31.8493015301    
                              N = 183.99921830    
                            current damping = 0.700
 
          max. resid. norm for Fia-block=  6.899D-06 for orbital     79a         
          max. resid. fock norm         =  2.892D-05 for orbital    872a         

 ITERATION  ENERGY          1e-ENERGY        2e-ENERGY     NORM[dD(SAO)]  TOL
   2  -1250.2842308763    -5709.2234302     2445.5700598    0.479D-04 0.212D-11
                            Exc = -134.205636196      Eck =  2579.77569599    
                              N = 183.99921830    
                            current damping = 0.700
 
          Norm of current diis error: 0.69774E-04
          max. resid. norm for Fia-block=  2.615D-06 for orbital     79a         
          max. resid. fock norm         =  1.183D-05 for orbital    872a         

 ENERGY CONVERGED !

          Overall gridpoints after grid construction =        443872

 ITERATION  ENERGY          1e-ENERGY        2e-ENERGY     NORM[dD(SAO)]  TOL
   3  -1250.2843351677    -5709.2234467     2445.5699720    0.133D-04 0.197D-11
                            Exc = -134.205739438      Eck =  2579.77571145    
                              N = 183.99996803    
                            current damping = 0.750
 
          Norm of current diis error: 0.18821E-04
          max. resid. norm for Fia-block=  7.009D-07 for orbital     54a         
          max. resid. fock norm         =  4.589D-06 for orbital    872a         

 End of SCF iterations

   convergence criteria satisfied after     3 iterations


                  ------------------------------------------ 
                 |  total energy      =  -1250.28433516773  |
                  ------------------------------------------ 
                 :  kinetic energy    =   1245.14133104377  :
                 :  potential energy  =  -2495.42566621150  :
                 :  virial theorem    =      1.99588653238  :
                 :  wavefunction norm =      1.00000000000  :
                  .......................................... 


 <geterg> : there is no data group $energy 


 <skperg> : $end is missing 


 orbitals $scfmo  will be written to file mos

    irrep                 88a         89a         90a         91a         92a   
 eigenvalues H         -0.25988    -0.25111    -0.24653    -0.23737    -0.22498
            eV          -7.0717     -6.8330     -6.7086     -6.4591     -6.1220
 occupation              2.0000      2.0000      2.0000      2.0000      2.0000

    irrep                 93a         94a         95a         96a         97a   
 eigenvalues H         -0.03019    -0.00624     0.00469     0.01653     0.01822
            eV          -0.8215     -0.1697      0.1278      0.4499      0.4957
 
 
 
 
 ==============================================================================
                           electrostatic moments
 ==============================================================================

 reference point for electrostatic moments:    0.00000   0.00000   0.00000

 
              nuc           elec       ->  total
 ------------------------------------------------------------------------------
                          charge      
 ------------------------------------------------------------------------------
         184.000000    -184.000000       0.000000
 
 ------------------------------------------------------------------------------
                       dipole moment  
 ------------------------------------------------------------------------------
   x    -232.583760     233.328753       0.744993
   y      47.277662     -47.831581      -0.553919
   z      -7.562504       7.535894      -0.026611
 
   | dipole moment | =     0.9287 a.u. =     2.3606 debye 
 
 ------------------------------------------------------------------------------
                     quadrupole moment
 ------------------------------------------------------------------------------
  xx   14995.947222  -15073.051667     -77.104445
  yy     874.102403    -989.447595    -115.345192
  zz    2323.696666   -2417.322086     -93.625420
  xy   -2204.323034    2205.557309       1.234275
  xz    3514.526124   -3508.604094       5.922030
  yz    -886.944814     891.550934       4.606120
 
     1/3  trace=     -95.358352
     anisotropy=      35.734487
 
 ==============================================================================
 
HOMO-LUMO Separation
 HOMO         :   -0.22497924 H =     -6.12200 eV
 LUMO         :   -0.03018964 H =     -0.82150 eV
 HOMO-LUMO gap:    0.19478960 H =     +5.30050 eV
 
 ==============================================================================


    ------------------------------------------------------------------------
         total  cpu-time :  6 minutes and  4 seconds
         total wall-time :  24.01 seconds
    ------------------------------------------------------------------------

   ****  ridft : all done  ****


    2026-04-17 16:59:26.645 

 ridft ended normally
