
   OpenMP run-time library returned nthreads = 16

 ridft (s02r2b46) : TURBOMOLE rev. V7-8-1 compiled 26 Feb 2024 at 17:12:58
 Copyright (C) 2024 TURBOMOLE GmbH, Karlsruhe


    2026-04-15 19:55:31.024 



                                  r i d f t

                        DFT program with RI approximation 
                                for coulomb part 





                                 References:     
                                                 
          TURBOMOLE:                             
              R. Ahlrichs, M. Baer, M. Haeser, H. Horn, and
              C. Koelmel
              Electronic structure calculations on workstation
              computers: the program system TURBOMOLE
              Chem. Phys. Lett. 162: 165 (1989)
          Density Functional:                              
              O. Treutler and R. Ahlrichs                      
              Efficient Molecular Numerical Integration Schemes
              J. Chem. Phys. 102: 346 (1995)                   
          Parallel Version:                                
              Performance of parallel TURBOMOLE for Density    
              Functional Calculations                          
              M. v. Arnim and R. Ahlrichs                      
              J. Comp. Chem. 19: 1746 (1998)                   
          RI-J Method:                                     
              Auxiliary Basis Sets to approximate Coulomb      
              Potentials                                       
              Chem. Phys. Lett. 240: 283 (1995)                
              K. Eichkorn, O. Treutler, H. Oehm, M. Haeser     
              and R. Ahlrichs                                  
              Chem. Phys. Lett. 242: 652 (1995)                
                                                           
              Auxiliary Basis Sets for Main Row Atoms and their
              Use to approximate Coulomb Potentials            
              K. Eichkorn, F. Weigend, O. Treutler and         
              R. Ahlrichs                                      
              Theo. Chem. Acc. 97: 119 (1997)                  
                                                           
              Accurate Coulomb-fitting basis sets for H to Rn 
              F. Weigend                                       
              Phys. Chem. Chem. Phys. 8: 1057 (2006)           
                                                           
          Multipole accelerated RI-J (MARI-J):             
              Fast evaluation of the Coulomb potential for     
              electron densities using multipole accelerated   
              resolution of identity approximation             
              M. Sierka, A. Hogekamp and R. Ahlrichs           
              J. Chem. Phys. 118: 9136 (2003)                  
          RI-JK Method:                                     
              A fully direct RI-HF algorithm: Implementation,
              optimised auxiliary basis sets, demonstration of
              accuracy and efficiency                         
              F. Weigend                                      
              Phys. Chem. Chem. Phys. 4: 4285 (2002)           
          Two-component HF and DFT with spin-orbit coupling:  
              Self-consistent treatment of spin-orbit         
              interactions with efficient Hartree-Fock and    
              density functional methods                      
              M. K. Armbruster, F. Weigend, C. van Wüllen and 
              W. Klopper                                      
              Phys. Chem. Chem. Phys. 10: 1748 (2008)         
          Two-component difference density and DIIS algorithm 
              Efficient two-component self-consistent field   
              procedures and gradients: implementation in     
              TURBOMOLE and application to Au20-              
              A. Baldes, F. Weigend                           
              Mol. Phys. 111: 2617 (2013)                     
          Relativistic current density functional theory      
              Current density functional framework for        
              spin-orbit coupling                             
              C. Holzer, Y. J. Franzke, A. Pausch             
              J. Chem. Phys. 157: 204102 (2022)               
          Relativistic all-electron 2c calculations           
              An efficient implementation of two-component    
              relativistic exact-decoupling methods for large 
              molecules                                       
              D. Peng, N. Middendorf, F. Weigend, M. Reiher   
              J. Chem. Phys. 138: 184105 (2013)               
          Finite nucleus model and SNSO approximation         
              Efficient implementation of one- and two-       
              component analytical energy gradients in exact  
              two-component theory                            
              Y. J. Franzke, N. Middendorf, F. Weigend        
              J. Chem. Phys. 148: 104110 (2018)               
          Grids for all-electron relativistic methods         
              Error-consistent segmented contracted all-      
              electron relativistic basis sets of double-     
              and triple-zeta quality for NMR shielding       
              constants                                       
              Y. J. Franzke, R. Tress, T. M. Pazdera,         
              F. Weigend                                      
              Phys. Chem. Chem. Phys. 21: 166658 (2019)       
          Seminumerical exchange algorithms                   
              Seminumerical calculation of the Hartree-Fock   
              exchange matirx: Application to two-component   
              procedures and efficient evaluation of local    
              hybrid functionsl                               
              P. Plessow, F. Weigend,                         
              J. Comput. Chem. 33: 810 (2012)                 
          Improved seminumerical algorithms                   
              C. Holzer,                                      
              J. Chem. Phys. 153 (2020), 184115               






          OpenMP Shared-Memory Parallelization: 16 CPUs.

            By: Christof Holzer and Yannick J. Franzke


              +--------------------------------------------------+
              |      general information about current run       |
              +--------------------------------------------------+

 
 Becke-3-Parameter hybrid functional: B3-LYP
 exchange:    0.8*LDA + 0.72*B88 + 0.2*HF
 correlation: 0.19*LDA(VWN) + 0.81*LYP
 A Hybrid-DFT calculation using the RI-J approximation will be carried out.
 Allocatable memory for RI due to $ricore (MB):                  5000


              +--------------------------------------------------+
              | Atomic coordinate, charge and isotop information |
              +--------------------------------------------------+

                    atomic coordinates            atom    charge  isotop
          1.85398942   -1.68021202    1.05637549    c      6.000     0
          3.90865481    0.18508639    0.29503735    c      6.000     0
          3.69061351    1.88454046   -1.19062129    o      8.000     0
          6.07530547   -0.32839989    1.54701287    o      8.000     0
         -0.41654445   -1.36905100   -0.25771174    o      8.000     0
         -1.84628841    0.75747132    0.48100139    c      6.000     0
         -4.42300923    0.81663454   -0.75934549    c      6.000     0
         -5.98696935    2.37363344   -0.20663636    o      8.000     0
         -4.78150132   -0.97621574   -2.51577815    o      8.000     0
          2.54017769   -3.58222364    0.64680002    h      1.000     0
          1.59673891   -1.55073109    3.11386639    h      1.000     0
          7.32712974    0.89946805    1.00856383    h      1.000     0
         -0.89542513    2.52487464   -0.02374876    h      1.000     0
         -2.16999345    0.76960687    2.52987127    h      1.000     0
         -6.47288201   -0.72448233   -3.18242126    h      1.000     0
 
       center of nuclear mass  :   -0.20023267    0.18363167   -0.18617307
       center of nuclear charge:   -0.17809920    0.16409217   -0.14940762

              +--------------------------------------------------+
              |               basis set information              |
              +--------------------------------------------------+

              we will work with the 1s 3p 5d 7f 9g ... basis set
              ...i.e. with spherical basis functions...

   type   atoms  prim   cont   basis
   ---------------------------------------------------------------------------
    c        4     46     31   def2-TZVP   [5s3p2d1f|11s6p2d1f]
    o        5     46     31   def2-TZVP   [5s3p2d1f|11s6p2d1f]
    h        6      8      6   def2-TZVP   [3s1p|5s1p]
   ---------------------------------------------------------------------------
   total:   15    462    315
   ---------------------------------------------------------------------------

   total number of primitive shells          :   46
   total number of contracted shells         :  123
   total number of cartesian basis functions :  360
   total number of SCF-basis functions       :  315


 integral neglect threshold       :  0.93E-11
 integral storage threshold THIZE :  0.10E-04
 integral storage threshold THIME :         5

 RI-J AUXILIARY BASIS SET information:

              we will work with the 1s 3p 5d 7f 9g ... basis set
              ...i.e. with spherical basis functions...

   type   atoms  prim   cont   basis
   ---------------------------------------------------------------------------
    c        4     70     49   def2-TZVP   [6s4p3d1f1g|12s5p4d2f1g]
    o        5     70     49   def2-TZVP   [6s4p3d1f1g|12s5p4d2f1g]
    h        6     16     11   def2-TZVP   [3s1p1d|5s2p1d]
   ---------------------------------------------------------------------------
   total:   15    726    507
   ---------------------------------------------------------------------------

   total number of primitive shells          :   56
   total number of contracted shells         :  165
   total number of cartesian basis functions :  621
   total number of SCF-basis functions       :  507


 symmetry group of the molecule :   c1 

 the group has the following generators :
   c1(z)

    1 symmetry operations found

 there are 1 real representations :   a   

 maximum number of shells which are related by symmetry :  1

 ==============================================================================
                      COSMO switched on
 ==============================================================================
 COSMO stati: segments per atom: H   32 other atoms   92
 COSMO statistics: nps    623 npspher:    308
 COSMO surface:
   number of segments:  623
   area (bohr**2):      555.225793
   volume (bohr**3):    967.750308
 COSMO: check number of disjunct cavities:

       ... OK contiguous cavity found
  
           ------------------
           density functional
           ------------------
 Becke-3-Parameter hybrid functional: B3-LYP
 exchange:    0.8*LDA + 0.72*B88 + 0.2*HF
 correlation: 0.19*LDA(VWN) + 0.81*LYP
 iterations will be done with small grid
  
 spherical integration : Lebedev's spherical grid
 spherical gridsize    :                     3
    i.e. gridpoints    :                   302
  maximum batchsize    :                   100
 value for diffuse not defined
 radial integration    : Chebyshev 2nd kind (scaling 3)
 radial gridsize       :                     3
 integration cells     :                    15
 partition function    : becke
 partition sharpness   :                     3
  

 biggest AO integral is expected to be     7.998976882

          ------------------------
          nuclear repulsion energy  :   453.997545594    
          ------------------------


         -----------------
         -S,T+V- integrals
         -----------------

 1e-integrals will be neglected if expon. factor < 0.928323E-12
 
 Difference densities algorithm switched on.
 The maximal number of linear combinations of
 difference densities is  20.

 DIIS switched on: error vector is FDS-SDF
 Max. Iterations for DIIS is     :   4
 DIIS matrix (see manual) 
    Scaling factor of diagonals  :  1.200
    threshold for scaling factor :  0.000

 scf convergence criterion : increment of total energy < .1000000D-06
                  and increment of one-electron energy < .1000000D-03

 MOs are in ASCII format !


    mo occupation :
   irrep   mo's   occupied
    a      315       35
 
 number of basis functions   :   315
 number of occupied orbitals :    35
 

 reading orbital data $scfmo  from file mos
 orbital characterization : scfconv=7
 mo-orthogonalization by Cholesky decomposition

 automatic virtual orbital shift switched on 
      shift if e(lumo)-e(homo) < 0.10000000    

  
           ------------------------
               RI-J - INFORMATION
           ------------------------
 Contributions to RI integral batches: 
  neglected integral batches:                  1380
  direct contribution:                            0
  memory contribution:                  6246
 Memory core needed for (P|Q) and Cholesky      2 MByte
 Memory core minimum needed except of (P|Q)     1 MByte
 Total minimum memory core needed (sum)         3 MByte
  
 ****************************************
 Memory allocated for RI-J   253 MByte
 ****************************************
                                            

 DSCF restart information will be dumped onto file mos


 Starting SCF iterations

          Overall gridpoints after grid construction =         21093

 ITERATION  ENERGY          1e-ENERGY        2e-ENERGY     NORM[dD(SAO)]  TOL
   1  -532.15721121028    -1629.2510266     643.09626978    0.000D+00 0.926D-11
                            Exc = -53.9126945938     Coul =  709.813744547    
                            exK = -12.8047801678    
                              N = 70.000269351    
                          Ediel =-0.223750152743E-01
                            current damping = 0.300
 
          max. resid. norm for Fia-block=  1.007D-02 for orbital     31a         
          max. resid. fock norm         =  2.069D-02 for orbital     67a         

 ITERATION  ENERGY          1e-ENERGY        2e-ENERGY     NORM[dD(SAO)]  TOL
   2  -532.15984577218    -1629.5738491     643.41645777    0.188D+00 0.589D-11
                            Exc = -53.9384465767      Eck =  697.354904352    
                              N = 70.000285419    
                          Ediel =-0.285769630853E-01
                            current damping = 0.250
 
          Norm of current diis error: 0.91994E-01
          max. resid. norm for Fia-block=  5.559D-03 for orbital     22a         
          max. resid. fock norm         =  8.387D-03 for orbital    311a         

 ITERATION  ENERGY          1e-ENERGY        2e-ENERGY     NORM[dD(SAO)]  TOL
   3  -532.16024387041    -1629.4063443     643.24855483    0.465D-01 0.486D-11
                            Exc = -53.9106146346      Eck =  697.159169460    
                              N = 70.000296857    
                          Ediel =-0.285827527069E-01
                            current damping = 0.200
 
          Norm of current diis error: 0.60349E-01
          max. resid. norm for Fia-block=  2.726D-03 for orbital     31a         
          max. resid. fock norm         =  4.383D-03 for orbital    311a         

 ITERATION  ENERGY          1e-ENERGY        2e-ENERGY     NORM[dD(SAO)]  TOL
   4  -532.16044972942    -1629.4205989     643.26260357    0.130D-01 0.448D-11
                            Exc = -53.9169651255      Eck =  697.179568695    
                              N = 70.000298985    
                          Ediel =-0.293079388091E-01
                            current damping = 0.250
 
          Norm of current diis error: 0.12202E-01
          max. resid. norm for Fia-block=  6.911D-04 for orbital     17a         
          max. resid. fock norm         =  1.381D-03 for orbital    311a         

 ITERATION  ENERGY          1e-ENERGY        2e-ENERGY     NORM[dD(SAO)]  TOL
   5  -532.16045665857    -1629.4666744     643.30867219    0.492D-02 0.422D-11
                            Exc = -53.9209299388      Eck =  697.229602125    
                              N = 70.000298098    
                          Ediel =-0.294393228697E-01
                            current damping = 0.100
 
          Norm of current diis error: 0.73690E-02
          max. resid. norm for Fia-block=  2.957D-04 for orbital     31a         
          max. resid. fock norm         =  5.675D-04 for orbital    311a         
          mo-orthogonalization: Cholesky decomposition

 ITERATION  ENERGY          1e-ENERGY        2e-ENERGY     NORM[dD(SAO)]  TOL
   6  -532.16045947609    -1629.4512643     643.29325922    0.155D-02 0.407D-11
                            Exc = -53.9190248245      Eck =  697.212284040    
                              N = 70.000299294    
                          Ediel =-0.294940535096E-01
                            current damping = 0.150
 
          Norm of current diis error: 0.24394E-02
          max. resid. norm for Fia-block=  8.833D-05 for orbital     17a         
          max. resid. fock norm         =  1.691D-04 for orbital    314a         

 ITERATION  ENERGY          1e-ENERGY        2e-ENERGY     NORM[dD(SAO)]  TOL
   7  -532.16045977127    -1629.4483869     643.29038149    0.434D-03 0.395D-11
                            Exc = -53.9189811095      Eck =  697.209362600    
                              N = 70.000299135    
                          Ediel =-0.294917164951E-01
                            current damping = 0.100
 
          Norm of current diis error: 0.63377E-03
          max. resid. norm for Fia-block=  3.064D-05 for orbital     34a         
          max. resid. fock norm         =  5.133D-05 for orbital    307a         

 ITERATION  ENERGY          1e-ENERGY        2e-ENERGY     NORM[dD(SAO)]  TOL
   8  -532.16045979211    -1629.4514143     643.29340892    0.101D-03 0.386D-11
                            Exc = -53.9192156154      Eck =  697.212624534    
                              N = 70.000299167    
                          Ediel =-0.295014555738E-01
                            current damping = 0.150
 
          Norm of current diis error: 0.31283E-03
          max. resid. norm for Fia-block=  1.477D-05 for orbital     34a         
          max. resid. fock norm         =  2.494D-05 for orbital    314a         

 ITERATION  ENERGY          1e-ENERGY        2e-ENERGY     NORM[dD(SAO)]  TOL
   9  -532.16045979569    -1629.4509341     643.29292867    0.230D-04 0.378D-11
                            Exc = -53.9191394692      Eck =  697.212068137    
                              N = 70.000299171    
                          Ediel =-0.294994739797E-01
                            current damping = 0.200
 
          Norm of current diis error: 0.19102E-03
          max. resid. norm for Fia-block=  7.327D-06 for orbital     31a         
          max. resid. fock norm         =  1.199D-05 for orbital    311a         

 ENERGY CONVERGED !

          Overall gridpoints after grid construction =         77022

 ITERATION  ENERGY          1e-ENERGY        2e-ENERGY     NORM[dD(SAO)]  TOL
  10  -532.16043768144    -1629.4507841     643.29280085    0.640D-05 0.372D-11
                            Exc = -53.9191278191      Eck =  697.211928666    
                              N = 69.999979091    
                          Ediel =-0.295011965877E-01
                            current damping = 0.100
 
          Norm of current diis error: 0.32876E-04
          max. resid. norm for Fia-block=  1.208D-06 for orbital     33a         
          max. resid. fock norm         =  2.636D-06 for orbital    307a         

 End of SCF iterations

   convergence criteria satisfied after    10 iterations


                  ------------------------------------------ 
                 |  total energy      =   -532.16043768144  |
                  ------------------------------------------ 
                 :  kinetic energy    =    530.05471538490  :
                 :  potential energy  =  -1062.21515306634  :
                 :  virial theorem    =      1.99604306869  :
                 :  wavefunction norm =      1.00000000000  :
                  .......................................... 


 <geterg> : there is no data group $energy 


 <skperg> : $end is missing 


 orbitals $scfmo  will be written to file mos

    irrep                 31a         32a         33a         34a         35a   
 eigenvalues H         -0.34225    -0.34114    -0.31331    -0.30097    -0.27860
            eV          -9.3131     -9.2831     -8.5256     -8.1897     -7.5811
 occupation              2.0000      2.0000      2.0000      2.0000      2.0000

    irrep                 36a         37a         38a         39a         40a   
 eigenvalues H         -0.00850    -0.00614     0.03749     0.05002     0.06621
            eV          -0.2313     -0.1670      1.0201      1.3611      1.8017
 
 ==============================================================================
                                  COSMO RESULTS
 ==============================================================================
  PARAMETER:
    nppa:      1082
    nspa:        92
    nsph:        32
    nps:        623
    npspher:    308
    disex:   10.0000    
    disex2:  4060.00    
    rsolv [A]: 1.3000
    routf:     0.8500
    phsran:    0.0    
    ampran:   0.10E-04
    cavity:  closed
    solvent: not set
    source:  Custom values, not taken from cosmosolvent list!                                                                        
    epsilon: infinity
    refind:      1.300 ( 25.0 C)
    fepsi:       1.0000000
  CAVITY VOLUME/AREA [a.u.]:
    surface: V1.0, A matrix: V1.0
    area:   555.23
    volume:   967.75
  SCREENING CHARGE:
    cosmo      :  -0.022406
    correction :   0.021694
    total      :  -0.000713
  ENERGIES [a.u.]:
    Total energy            =      -532.1604376814414
    Total energy + OC corr. =      -532.1609286995
    Dielectric energy       =        -0.0295011966
    Diel. energy + OC corr. =        -0.0299922146
  ELEMENT RADIUS [A]: ATOM LIST
    c  2.00: 1,2,6,7
    o  1.72: 3-5,8,9
    h  1.30: 10-15
 ==============================================================================
 
 
 
 ==============================================================================
                           electrostatic moments
 ==============================================================================

 reference point for electrostatic moments:    0.00000   0.00000   0.00000

 
              nuc           elec       ->  total
 ------------------------------------------------------------------------------
                          charge      
 ------------------------------------------------------------------------------
          70.000000     -70.000000      -0.000000
 
 ------------------------------------------------------------------------------
                       dipole moment  
 ------------------------------------------------------------------------------
   x     -12.466944      13.407945       0.941002
   y      11.486452     -12.272379      -0.785927
   z     -10.458533      11.192342       0.733808
 
   | dipole moment | =     1.4289 a.u. =     3.6318 debye 
 
 ------------------------------------------------------------------------------
                     quadrupole moment
 ------------------------------------------------------------------------------
  xx    1235.497918   -1269.047744     -33.549827
  yy     145.092624    -186.721452     -41.628828
  zz     121.718650    -158.630729     -36.912079
  xy     -80.742101      85.417190       4.675088
  xz     209.654178    -204.334293       5.319885
  yz     -17.370704      18.099053       0.728348
 
     1/3  trace=     -37.363578
     anisotropy=      14.194214
 
 ==============================================================================
 
HOMO-LUMO Separation
 HOMO         :   -0.27859699 H =     -7.58101 eV
 LUMO         :   -0.00850186 H =     -0.23135 eV
 HOMO-LUMO gap:    0.27009513 H =     +7.34967 eV
 
 ==============================================================================


    ------------------------------------------------------------------------
         total  cpu-time :  3 minutes and  0 seconds
         total wall-time :  12.46 seconds
    ------------------------------------------------------------------------

   ****  ridft : all done  ****


    2026-04-15 19:55:43.400 

 ridft ended normally
