AutoDock Vina v1.2.5
#################################################################
# If you used AutoDock Vina in your work, please cite:          #
#                                                               #
# J. Eberhardt, D. Santos-Martins, A. F. Tillack, and S. Forli  #
# AutoDock Vina 1.2.0: New Docking Methods, Expanded Force      #
# Field, and Python Bindings, J. Chem. Inf. Model. (2021)       #
# DOI 10.1021/acs.jcim.1c00203                                  #
#                                                               #
# O. Trott, A. J. Olson,                                        #
# AutoDock Vina: improving the speed and accuracy of docking    #
# with a new scoring function, efficient optimization and       #
# multithreading, J. Comp. Chem. (2010)                         #
# DOI 10.1002/jcc.21334                                         #
#                                                               #
# Please see https://github.com/ccsb-scripps/AutoDock-Vina for  #
# more information.                                             #
#################################################################

Scoring function : vina
Rigid receptor: /lusitania_homes/ubu-iccram/ubu-iccram01/MASTER_SALUD_2026/DIEGO/Archivos_Trabajo/docking/receptores/7A65.pdbqt
Ligand: /lusitania_homes/ubu-iccram/ubu-iccram01/MASTER_SALUD_2026/DIEGO/Archivos_Trabajo/docking/ligandos/Doxorubicin.pdbqt
Grid center: X 160 Y 177 Z 144
Grid size  : X 60 Y 60 Z 60
Grid space : 0.375
Exhaustiveness: 32
CPU: 8
Verbosity: 1

Computing Vina grid ... done.
Performing docking (random seed: -191532069) ... 
0%   10   20   30   40   50   60   70   80   90   100%
|----|----|----|----|----|----|----|----|----|----|
***************************************************

mode |   affinity | dist from best mode
     | (kcal/mol) | rmsd l.b.| rmsd u.b.
-----+------------+----------+----------
   1       -8.363          0          0
   2       -8.023      3.901      6.153
   3       -7.883      3.372      4.938
   4       -7.631      1.871      2.801
   5       -7.601         27       30.9
   6       -7.511      3.637      8.243
   7       -7.378      27.11      31.56
   8       -7.346      4.689       9.37
   9       -7.249      30.24       33.1
DONE: 7A65 x Doxorubicin
