AutoDock Vina v1.2.5
#################################################################
# If you used AutoDock Vina in your work, please cite:          #
#                                                               #
# J. Eberhardt, D. Santos-Martins, A. F. Tillack, and S. Forli  #
# AutoDock Vina 1.2.0: New Docking Methods, Expanded Force      #
# Field, and Python Bindings, J. Chem. Inf. Model. (2021)       #
# DOI 10.1021/acs.jcim.1c00203                                  #
#                                                               #
# O. Trott, A. J. Olson,                                        #
# AutoDock Vina: improving the speed and accuracy of docking    #
# with a new scoring function, efficient optimization and       #
# multithreading, J. Comp. Chem. (2010)                         #
# DOI 10.1002/jcc.21334                                         #
#                                                               #
# Please see https://github.com/ccsb-scripps/AutoDock-Vina for  #
# more information.                                             #
#################################################################

Scoring function : vina
Rigid receptor: /lusitania_homes/ubu-iccram/ubu-iccram01/MASTER_SALUD_2026/DIEGO/Archivos_Trabajo/docking/receptores/1AO6.pdbqt
Ligand: /lusitania_homes/ubu-iccram/ubu-iccram01/MASTER_SALUD_2026/DIEGO/Archivos_Trabajo/docking/ligandos/Glutaric_acid.pdbqt
Grid center: X 7 Y 10 Z 18
Grid size  : X 25 Y 25 Z 25
Grid space : 0.375
Exhaustiveness: 32
CPU: 8
Verbosity: 1

Computing Vina grid ... done.
Performing docking (random seed: -922111740) ... 
0%   10   20   30   40   50   60   70   80   90   100%
|----|----|----|----|----|----|----|----|----|----|
***************************************************

mode |   affinity | dist from best mode
     | (kcal/mol) | rmsd l.b.| rmsd u.b.
-----+------------+----------+----------
   1       -4.049          0          0
   2       -4.048    0.08874      4.048
   3       -4.012      1.098      1.325
   4       -3.883       1.61      2.036
   5       -3.829      1.972      4.353
   6       -3.711      2.142      2.419
   7       -3.711      2.045      2.279
   8       -3.671      2.261      4.277
   9        -3.67      1.755      4.494
DONE: 1AO6 x Glutaric_acid
