
   OpenMP run-time library returned nthreads = 16

 force (s02r2b53) : TURBOMOLE rev. V7-8-1 compiled 26 Feb 2024 at 17:12:58
 Copyright (C) 2024 TURBOMOLE GmbH, Karlsruhe


    2026-04-15 19:55:50.828 



                             T U R B O M O L E   

                          a o f o r c e - program

                        using direct algorithms for

                       SCF level calculations of
                         * harmonic force constants
                         * hyperpolarizabilities
                         * IR and RAMAN intensities
                         * VCD intensities

                       DFT level calculations of
                         * harmonic force constants
                         * IR intensities
                                                   
       Stephan Boecker, Peter Deglmann, Filipp Furche and Marco Haeser
                          Quantum Chemistry Group
                          Universitaet  Karlsruhe
                                   Germany

 
 

          OpenMP Shared-Memory Parallelization: 16 CPUs.

            By: Erik P. Almaraz and Filipp Furche
            Copyright 2009-2011 by UCI and TURBOMOLE GmbH.

            Revised By: Christof Holzer and Yannick J. Franzke.

 
 
     References :
 
       RI-J implementation:
         Peter Deglmann, Klaus May, Filipp Furche, Reinhart Ahlrichs
                 Chem. Phys. Lett. 384:103 (2004)
 
       Efficiency, technical details:
         Peter Deglmann, Filipp Furche, Reinhart Ahlrichs
                 Chem. Phys. Lett. 362:511 (2002)
 
       Search of lowest eigenvalues by iterative diagonalization:
         Peter Deglmann, Filipp Furche
                 J. Chem. Phys. 117:9535 (2002)
 
       Vibrational circular dichroism implementation:
        Kevin Reiter, Michael Kuehn, Florian Weigend
                 J. Chem. Phys. 146:054102 (2017)  
 
 


              +--------------------------------------------------+
              | Atomic coordinate, charge and isotop information |
              +--------------------------------------------------+

                    atomic coordinates            atom    charge  isotop
         -1.14637238    0.90775645    1.10273088    c      6.000     0
          1.08582662   -0.90546718    0.76516251    c      6.000     0
          2.86249158    0.04524480   -1.29708739    c      6.000     0
          3.39577425    2.23977641   -1.60858974    o      8.000     0
          3.85688326   -1.83687867   -2.67443535    o      8.000     0
          2.64326968   -1.23651712    3.02988499    n      7.000     0
         -2.85350730    1.04791638   -1.21271148    c      6.000     0
         -2.76667498   -0.50569881   -2.90576825    o      8.000     0
         -4.54275704    2.99022405   -1.21321146    n      7.000     0
         -2.28875713    0.25820158    2.70045307    h      1.000     0
         -0.44026109    2.79028517    1.57683532    h      1.000     0
          0.39230860   -2.75440908    0.18985246    h      1.000     0
          5.00978036   -1.07920106   -3.88366404    h      1.000     0
          3.18507106    0.45624643    3.74642738    h      1.000     0
          1.68613987   -2.18333973    4.38934994    h      1.000     0
         -4.43603740    4.40870770    0.04374624    h      1.000     0
         -5.64317797    3.21779541   -2.74897131    h      1.000     0
 
       center of nuclear mass  :    0.31784016    0.31207668   -0.69042438
       center of nuclear charge:    0.28210209    0.33057899   -0.60901480

              +--------------------------------------------------+
              |               basis set information              |
              +--------------------------------------------------+

              we will work with the 1s 3p 5d 7f 9g ... basis set
              ...i.e. with spherical basis functions...

   type   atoms  prim   cont   basis
   ---------------------------------------------------------------------------
    c        4     46     31   def2-TZVP   [5s3p2d1f|11s6p2d1f]
    o        3     46     31   def2-TZVP   [5s3p2d1f|11s6p2d1f]
    n        2     46     31   def2-TZVP   [5s3p2d1f|11s6p2d1f]
    h        8      8      6   def2-TZVP   [3s1p|5s1p]
   ---------------------------------------------------------------------------
   total:   17    478    327
   ---------------------------------------------------------------------------

   total number of primitive shells          :   66
   total number of contracted shells         :  131
   total number of cartesian basis functions :  372
   total number of SCF-basis functions       :  327

 
             FOUND RI-J FLAG !
 

 NOTE: THIS IS A PRELIMINARY IMPLEMENTATION. THE RI APPROXIMATION IS
       PRESENTLY USED FOR CPKS CONTRIBUTIONS TO THE HESSIAN ONLY! SEE
       MANUAL FOR FURTHER DETAILS.

  
 AUXILIARY BASIS SET information:

              we will work with the 1s 3p 5d 7f 9g ... basis set
              ...i.e. with spherical basis functions...

   type   atoms  prim   cont   basis
   ---------------------------------------------------------------------------
    c        4     70     49   def2-TZVP   [6s4p3d1f1g|12s5p4d2f1g]
    o        3     70     49   def2-TZVP   [6s4p3d1f1g|12s5p4d2f1g]
    n        2     70     49   def2-TZVP   [6s4p3d1f1g|12s5p4d2f1g]
    h        8     16     11   def2-TZVP   [3s1p1d|5s2p1d]
   ---------------------------------------------------------------------------
   total:   17    758    529
   ---------------------------------------------------------------------------

   total number of primitive shells          :   80
   total number of contracted shells         :  175
   total number of cartesian basis functions :  645
   total number of SCF-basis functions       :  529


 symmetry group of the molecule :   c1 

 the group has the following generators :
   c1(z)

    1 symmetry operations found

 there are 1 real representations :   a   

 maximum number of shells which are related by symmetry :  1


 determining totally symmetric integral contributions 
    - equivalent to irreducible tensor elements - 
 which can be formed within each triple of representations :

             representation triple      contributions

              a     a     a               1
  MOs are in ASCII format !

  MOs are in ASCII format !


    mo occupation :
   irrep   mo's   occupied
    a      327       35
 
 number of basis functions   :   327
 number of occupied orbitals :    35
 

 reading orbital data $scfmo  from file mos
 orbital characterization : scfconv=7
 time elapsed for calculating density matrices :   0.176 sec
 all orbitals will be included in the transformation

 number of non-frozen orbitals          :   327
 number of non-frozen occupied orbitals :    35


 Blocking parameters 
 shells:
    index      start shell   last shell  start bf    last bf    #bf 
       1             1         131             1        372    372
          size of I/O Block in Byte:               56460672
  
           ----------------------
               RI - INFORMATION
           ----------------------

 biggest AO integral is expected to be     7.998976882

 Threshold for integral neglect (rithr2):   0.67E-11
 Threshold for integral neglect (rithr1):   0.67E-11

 Contributions to RI integral batches: 
  neglected integral batches:                  1032
  direct contribution:                            0
  memory contribution:                  7614
 Core memory available (ricore)            5000 MiB
 Core memory needed for (P|Q) and Cholesky 3 MiB
 Core memory used for integrals            307 MiB
  
 ****************************************
 Memory allocated for RIDFT 309 MiB
 ****************************************
                                            
  
           ------------------
           density functional
           ------------------
 Becke-3-Parameter hybrid functional: B3-LYP
 exchange:    0.8*LDA + 0.72*B88 + 0.2*HF
 correlation: 0.19*LDA(VWN) + 0.81*LYP
 iterations will be done with small grid
  
 spherical integration : Lebedev's spherical grid
 spherical gridsize    :                     3
    i.e. gridpoints    :                   302
  maximum batchsize    :                   100
 value for diffuse not defined
 radial integration    : Chebyshev 2nd kind (scaling 3)
 radial gridsize       :                     3
 integration cells     :                    17
 partition function    : becke
 partition sharpness   :                     3
  
 
 Derivatives of quadrature weights will be included
 
 preparing DFT   numerical integration ....
          Overall gridpoints after grid construction =         83671
 Ordering of quadrature gridpoints disabled.
 
 
 
 
 OCCUPIED-OCCUPIED TENSOR SPACES :

          IRREP   tensor space dimension   number of roots

           a                1225                     45
 
 OCCUPIED-VIRTUAL TENSOR SPACES :

          IRREP   tensor space dimension   number of roots

           a               10220                     45
 
 
 
 
 CONSTRUCTING integral bounds

 setting up bound for integral derivative estimation

 increment for numerical differentiation : 0.00050000
 
 machine precision:   2.220446049250313E-016

 integral neglect threshold       :  0.10E-09
 integral storage threshold THIZE :  0.10E-04
 integral storage threshold THIME :         5

 
 
 
 PREPARING NUMERICAL INTEGRATION
 
 Remaining core memory for DFT =                  7838 MB
 
 Memory needed per atom    =                  1626 KiB
 
     i. e.                    17 atoms per loop

 Calculating ground state density on molecular grid

 Integral of ground state density: N =   69.99981962728961    


 
 
 CONSTRUCTING first deriv. of <mu|x,y,z|nu> -> Dip. deriv.
  dipole integral derivatives will be neglected if
  expon. factor <0.134409E-11
      ...terminated. cpu:       0.40       wall:       0.03
 
 
 
 
 CONSTRUCTING first deriv. of  <mu|nu>
                               <mu|h|nu>    -> RHS
              second deriv. of <mu|nu>      -> Hessian
                               <mu|h|nu>    -> Hessian
                               nucl. rep.   -> Hessian
     integrals are neglected if expon. factor <  1.344086021505376E-013
      ...terminated. cpu:       2.00       wall:       0.13



 CONSTRUCTING second deriv. of 2e energy    -> Hessian
  treating Coulomb (and exchange) contribution
  integrals will be neglected if total contribution <  0.13440860E-08
      ...terminated. cpu:     425.04       wall:      31.72
  treating exchange-correlation contribution
      ...terminated. cpu:     100.63       wall:       6.49
 
 
 
 
 CONSTRUCTING S(i,j)xi
      ...terminated. cpu:       0.23       wall:       0.01
 
 
 
 
 CONSTRUCTING <i|x,y,z|j>*S(i,j)xi          -> Dip. deriv.
      ...terminated. cpu:       0.04       wall:       0.00
 
 
 
 
 CONSTRUCTING epsilon(i)*S(i,j)xi*S(i,j)chi -> Hessian
      ...terminated. cpu:       0.02       wall:       0.00
 
 
 
 
 CONSTRUCTING G(a,i)[S(k,l)xi]              -> RHS
              G(i,j)[S(k,l)xi]*S(i,j)chi    -> Hessian
 
         Maximum core memory set to                   8000 MB
         This corresponds to                  7556 vectors in CAO basis
      ...terminated. cpu:     386.48       wall:      27.15
 
 
 
 
 CONSTRUCTING G(mu,nu)[D(kap,lam)]xi
 
          Maximum core memory set to                   8000 MB
          Atoms treated simultaneously :                    17
 max of dfo   85.4663228485802     
      ...terminated. cpu:     407.15       wall:      25.46




 CONSTRUCTING F(a,i)xi                      -> RHS
              F(i,j)xi*S(i,j)chi            -> Hessian
 
        Maximum core memory set to                  8000 MB
        This corresponds to                 13173 vectors in CAO basis
      ...terminated. cpu:       1.27       wall:       0.08
 
 
 
 
 CONSTRUCTING epsilon(i)*S(a,i)xi           -> RHS
      ...terminated. cpu:       1.35       wall:       0.08





 SOLVING CPHF equations
 
 Residuum convergence criterium   :  1.000000000000000E-005
 
 Maximum number of Davidson iterations set to                    25

 logfile cphf_a    will be constructed


  Switching to small grid for DFT
        preparing DFT   numerical integration ....
          Overall gridpoints after grid construction =         22641

 Calculating ground state density on molecular grid

 Integral of ground state density: N =   69.99869234652577    




                       Nonorthonormal Krylov Space Iteration


 total number of roots to be determined: 45


 maximum core memory set to         8000 MB,
 corresponding to     7522 vectors in CAO basis


 maximum number of simultaneously treated vectors (including degeneracy):       45


 Iteration IRREP Converged      Max. Euclidean
                 roots          residual norm

    1       a        0        8.730869776717760D-02
 
    2       a        0        9.631891842580925D-03
 
    3       a        0        8.351254908727148D-04
 
    4       a        0        6.800262193243549D-05
 
    5       a       45        3.511812114591830D-06
 

 converged!

  Switching to fine grid
        preparing numerical DFT   integration ....
          Overall gridpoints after grid construction =         83671

 Calculating ground state density on molecular grid

 Integral of ground state density: N =   69.99981962728955    



 Iteration IRREP Converged      Max. Euclidean
                 roots          residual norm

    6       a        0        8.916768911929011D-05
 

 NOTE: Residual norms are larger than 1.00D-05 due to mgrid option!

      ...terminated. cpu:    1712.86       wall:     127.70
 
 
 
 
 CONSTRUCTING <a|x,y,z|i>*U(a,i)xi          -> Dip. deriv.
      ...terminated. cpu:       0.13       wall:       0.01
 
 
 
 
 CONSTRUCTING RHS(a,i)xi*U(a,i)chi          -> Hessian
      ...terminated. cpu:       0.24       wall:       0.02
 
 
 
 

            -----------------------
            permanent dipole moment
            -----------------------

                                   x                y                z
    electronic part       :  -20.4650156203   -22.3590500328    43.6645913035
     nuclear   part       :   19.7471462356    23.1405290900   -42.6310357033
     total                :   -0.7178693848     0.7814790572     1.0335556002

 with reference to the point :   0.0000000        0.0000000        0.0000000
 (given in atomic units)
    | dipole |       :    3.7651462080  debye

   ***  dipole moment & cartesian dipole gradients written onto
        $dipole, $dipgrad,  file=<dipgrad>  ***

             -----------------------------------
             rotational and vibrational analysis
             -----------------------------------


            ==============================================================
            ATOMIC WEIGHTS (average over the natural occurance of isotops)
            ==============================================================
            ('*' denotes special isotop !)
              1     c                12.01115
              2     c                12.01115
              3     c                12.01115
              4     o                15.99940
              5     o                15.99940
              6     n                14.00670
              7     c                12.01115
              8     o                15.99940
              9     n                14.00670
             10     h                 1.00797
             11     h                 1.00797
             12     h                 1.00797
             13     h                 1.00797
             14     h                 1.00797
             15     h                 1.00797
             16     h                 1.00797
             17     h                 1.00797

          -------------------------------------------------
          CARTESIAN FORCE CONSTANT MATRIX (hartree/bohr**2)
         (translational & rotational space projected out)
          -------------------------------------------------

   ATOM              1 c                           2 c 
                  dx        dy        dz        dx        dy        dz
   1 c     dx  0.4814798
           dy  0.0399077 0.5470024
           dz -0.0331018 0.0083667 0.5019010
   2 c     dx -0.1226609 0.0378838 0.0222300 0.4612859
           dy  0.0355647-0.1222724-0.0182928 0.0621938 0.6045134
           dz  0.0147842-0.0148785-0.0798068-0.0067212 0.0448957 0.4751771
   3 c     dx -0.0232274-0.0019484 0.0203482-0.1234247-0.0230224 0.0481289
           dy  0.0127183 0.0098896-0.0159785-0.0158373-0.0812523 0.0145469
           dz  0.0099751-0.0058581-0.0036830 0.0407873 0.0148016-0.1218773
   4 o     dx  0.0016332-0.0010628-0.0002770 0.0061821-0.0259792 0.0065465
           dy  0.0023068-0.0028386-0.0008212-0.0122997-0.0278950 0.0066668
           dz  0.0000022 0.0014733-0.0005374 0.0144622 0.0299962 0.0096874
   5 o     dx -0.0017112-0.0018875 0.0031681-0.0079293 0.0180236 0.0186642
           dy -0.0009087-0.0000904 0.0010776-0.0024481 0.0052869 0.0017703
           dz  0.0017338 0.0032749-0.0036199 0.0212846-0.0213164-0.0148478
   6 n     dx -0.0241917 0.0063180-0.0337490-0.1072482-0.0074525-0.0305853
           dy  0.0168051-0.0007669 0.0224021-0.0122184-0.0922533 0.0096780
           dz -0.0106080 0.0031794-0.0060264-0.0853521 0.0303881-0.1588965
   7 c     dx -0.1221054 0.0064962-0.0380487-0.0188407 0.0036984-0.0221699
           dy  0.0116529-0.0919183 0.0134961 0.0077188 0.0027384 0.0208840
           dz -0.0315788 0.0070913-0.1255131-0.0080658 0.0143262 0.0051443
   8 o     dx  0.0148828-0.0091396-0.0193570 0.0005671 0.0003787 0.0010282
           dy -0.0016209 0.0073309-0.0210235 0.0027115-0.0045849 0.0002129
           dz -0.0120836-0.0348205-0.0336387 0.0042825-0.0036346-0.0003552
   9 n     dx -0.0156665 0.0218656-0.0102965 0.0011964-0.0017186-0.0028630
           dy  0.0105383 0.0010376 0.0043054-0.0010650 0.0013881-0.0009551
           dz -0.0275697 0.0234578 0.0017613-0.0000163-0.0033819-0.0048386
  10 h     dx -0.1201013-0.0446125 0.1046942-0.0168768-0.0083024 0.0199939
           dy -0.0462162-0.0701567 0.0652788 0.0156697 0.0056842-0.0169190
           dz  0.1101851 0.0665184-0.1978630 0.0028548 0.0015584-0.0048606
  11 h     dx -0.0799429-0.0820266-0.0232465 0.0087790 0.0258972 0.0058638
           dy -0.0805490-0.2594432-0.0527083-0.0062121-0.0218310-0.0065829
           dz -0.0226383-0.0516978-0.0565204-0.0020670-0.0041972-0.0018597
  12 h     dx  0.0079692 0.0250917 0.0065258-0.0793556-0.0771876-0.0192476
           dy -0.0037811-0.0188017-0.0040482-0.0836683-0.2693710-0.0636961
           dz  0.0004335-0.0060018-0.0002226-0.0188758-0.0627422-0.0659796
  13 h     dx -0.0000356-0.0000256 0.0001629 0.0028081 0.0025199 0.0020173
           dy  0.0006047 0.0005441-0.0004111 0.0010632-0.0031028-0.0023368
           dz  0.0003736 0.0007913-0.0012761 0.0039767-0.0050944 0.0023633
  14 h     dx  0.0018729-0.0024147 0.0016751-0.0111914-0.0197000-0.0121988
           dy  0.0008033 0.0023715 0.0014497 0.0062682 0.0039912 0.0027712
           dz  0.0010856-0.0002466 0.0014319-0.0078876-0.0308465-0.0135916
  15 h     dx  0.0013373 0.0000900-0.0013907 0.0066178 0.0157500-0.0219750
           dy -0.0011167-0.0005370-0.0004379-0.0004372-0.0017262 0.0027324
           dz  0.0007098-0.0002249 0.0014293 0.0186329 0.0141510-0.0251413
  16 h     dx  0.0003566 0.0006695 0.0000399-0.0005222-0.0005861-0.0000053
           dy -0.0007692 0.0011227 0.0005503 0.0003419-0.0004000 0.0000689
           dz -0.0004207 0.0003302-0.0008318 0.0002012-0.0001152-0.0003666
  17 h     dx  0.0001113 0.0047951 0.0006230 0.0006134-0.0000774-0.0012610
           dy  0.0040600-0.0024738-0.0032053 0.0003352 0.0010865 0.0011414
           dz -0.0012820-0.0007549 0.0030157 0.0002737-0.0004958 0.0000497

   ATOM              3 c                           4 o 
                  dx        dy        dz        dx        dy        dz
   3 c     dx  0.4185991
           dy  0.1138109 0.9239916
           dz -0.1963353-0.0434009 0.4529148
   4 o     dx -0.1373336-0.1454034 0.0483833 0.1018064
           dy -0.1556797-0.6578910 0.0996538 0.1616379 0.7843065
           dz  0.0463015 0.0884279-0.1180581-0.0569475-0.0852609 0.0844866
   5 o     dx -0.1225243 0.0487791 0.0739317 0.0324491 0.0138285-0.0008710
           dy  0.0329971-0.1895423-0.0531345 0.0204283-0.0994681-0.0405604
           dz  0.0703377-0.0718559-0.1542682-0.0000597-0.0330597 0.0251871
   6 n     dx  0.0134766 0.0000565 0.0082876-0.0014864-0.0017765-0.0003419
           dy  0.0108626-0.0046749 0.0156035-0.0030974 0.0003680-0.0005197
           dz -0.0154510 0.0077418-0.0372996 0.0031977-0.0001607 0.0019268
   7 c     dx -0.0045881 0.0013227 0.0023216 0.0018410-0.0000186-0.0009870
           dy  0.0039692 0.0040094 0.0022869-0.0009042-0.0025418 0.0001428
           dz  0.0011343 0.0004240 0.0083230 0.0008698-0.0003523-0.0036567
   8 o     dx  0.0028884 0.0007990 0.0004659-0.0011287-0.0004290-0.0002334
           dy -0.0014206-0.0029959-0.0011701 0.0001683 0.0020573-0.0001428
           dz  0.0000488-0.0008971-0.0055833-0.0003442 0.0004368 0.0026049
   9 n     dx  0.0019628 0.0005201-0.0011881-0.0009060-0.0006302 0.0004693
           dy -0.0018792-0.0027466-0.0001729 0.0004992 0.0018871-0.0004714
           dz  0.0005850 0.0008839-0.0022972-0.0003502-0.0006807 0.0010637
  10 h     dx -0.0020103 0.0034913-0.0013257-0.0000441 0.0002013 0.0005094
           dy  0.0020629-0.0045735 0.0016748-0.0007358 0.0016244-0.0001393
           dz -0.0008292-0.0006907 0.0006094-0.0000395-0.0000070 0.0001459
  11 h     dx  0.0011486 0.0015809 0.0000144-0.0008381-0.0009002 0.0000329
           dy -0.0015381-0.0025170 0.0013378-0.0006954 0.0022914 0.0006211
           dz -0.0004747-0.0029151 0.0000417-0.0002493 0.0013494-0.0001565
  12 h     dx -0.0060843-0.0195151-0.0080738-0.0019352-0.0019401 0.0044370
           dy -0.0030735-0.0131478-0.0033552-0.0021350 0.0003468 0.0022904
           dz  0.0074727 0.0228854 0.0103897 0.0034890 0.0033713-0.0058378
  13 h     dx -0.0172252-0.0047826 0.0241645-0.0007185-0.0042115-0.0070209
           dy  0.0260874 0.0204417-0.0280275-0.0036226-0.0030115 0.0045231
           dz  0.0279361 0.0076243-0.0266544-0.0067413 0.0054034 0.0021880
  14 h     dx  0.0013872 0.0011684 0.0007118-0.0008704-0.0000176-0.0002229
           dy  0.0000181 0.0010154-0.0004422 0.0000700-0.0003017-0.0004814
           dz -0.0019301-0.0053453 0.0001553 0.0009482 0.0020958 0.0009642
  15 h     dx -0.0029251 0.0001303-0.0020932 0.0011218 0.0007043 0.0001924
           dy -0.0013118-0.0003122 0.0005119 0.0009662 0.0013179-0.0001241
           dz -0.0072097-0.0010031-0.0030458 0.0015751 0.0010504 0.0002868
  16 h     dx -0.0001264 0.0007507 0.0002174 0.0001639-0.0004605-0.0000277
           dy  0.0001059 0.0002440-0.0005667-0.0001561-0.0002040 0.0002471
           dz  0.0000426-0.0005028 0.0002633-0.0000531 0.0002909-0.0002185
  17 h     dx  0.0000064 0.0004101-0.0002445 0.0000634-0.0003150 0.0002455
           dy -0.0000404 0.0000617 0.0002577 0.0000218-0.0000477-0.0000220
           dz -0.0001057 0.0000552 0.0000697 0.0000523 0.0000239-0.0000763

   ATOM              5 o                           6 n 
                  dx        dy        dz        dx        dy        dz
   5 o     dx  0.2964309
           dy  0.0555447 0.4099103
           dz -0.2836985-0.0143867 0.3639355
   6 n     dx -0.0000517-0.0000769 0.0003160 0.3026555
           dy -0.0017684 0.0018373 0.0006675 0.2196875 0.5563267
           dz  0.0020044-0.0000916-0.0009160 0.0028204-0.0456193 0.5566937
   7 c     dx  0.0013454-0.0009437-0.0018456-0.0011564 0.0020650 0.0000707
           dy -0.0007549-0.0014014-0.0018185 0.0066177-0.0044663-0.0002742
           dz  0.0011170-0.0014447-0.0041863 0.0071137-0.0060102 0.0022966
   8 o     dx -0.0011277 0.0000646-0.0000470-0.0001760-0.0008728-0.0006486
           dy  0.0001106 0.0012349 0.0014459-0.0012812 0.0025213 0.0005912
           dz -0.0004565 0.0011759 0.0030601-0.0026312 0.0014818 0.0001853
   9 n     dx -0.0008532 0.0002591 0.0006063-0.0027599 0.0013973-0.0009669
           dy  0.0006479 0.0007802 0.0005043 0.0007261 0.0000174 0.0006170
           dz -0.0004037 0.0000846 0.0010799-0.0032597 0.0020745-0.0007349
  10 h     dx -0.0012990 0.0000471 0.0016262 0.0032518-0.0013356-0.0002985
           dy  0.0006962 0.0004891-0.0010191-0.0020404 0.0009031-0.0012604
           dz  0.0003786-0.0000094-0.0002230-0.0013621-0.0003678 0.0016325
  11 h     dx  0.0003207-0.0007861-0.0003427 0.0018785-0.0010465 0.0015128
           dy  0.0001679 0.0006307-0.0000797-0.0006639 0.0022586 0.0001730
           dz -0.0001396 0.0009434 0.0004613 0.0007450 0.0009008 0.0002634
  12 h     dx  0.0003197 0.0009009 0.0007413-0.0093217-0.0170122-0.0084064
           dy  0.0014121 0.0016437-0.0009791 0.0025973 0.0074169 0.0014518
           dz  0.0001216-0.0004771-0.0011730-0.0165118-0.0267219-0.0128944
  13 h     dx -0.1954457-0.1045799 0.1890391-0.0003537-0.0004772 0.0009750
           dy -0.1354654-0.1306030 0.1391784 0.0001068 0.0000165-0.0001273
           dz  0.1848216 0.1041843-0.2136034-0.0009399-0.0002454 0.0009708
  14 h     dx -0.0003578-0.0000745 0.0003228-0.0425162-0.0763793-0.0308846
           dy  0.0000961-0.0002390-0.0001176-0.1210532-0.3440737-0.1112469
           dz  0.0001810 0.0009256-0.0001107-0.0495999-0.1141843-0.1087150
  15 h     dx  0.0002101 0.0000825 0.0002230-0.1315554-0.1368176 0.1419359
           dy  0.0006384-0.0003845-0.0005384-0.1020139-0.1251339 0.1145310
           dz  0.0011800-0.0001884-0.0006898 0.1198247 0.1406777-0.2382533
  16 h     dx  0.0001552-0.0003467-0.0002271 0.0001469-0.0000764 0.0001049
           dy -0.0001272 0.0000000 0.0002523-0.0003892 0.0001876-0.0001084
           dz -0.0000202 0.0001487-0.0000504-0.0000377 0.0000804-0.0000736
  17 h     dx  0.0000688-0.0001597-0.0000102-0.0005920 0.0002844-0.0000056
           dy  0.0000583-0.0000845-0.0001522 0.0006378-0.0004847 0.0002155
           dz  0.0000212-0.0000177-0.0000354-0.0000889 0.0001024-0.0001594

   ATOM              7 c                           8 o 
                  dx        dy        dz        dx        dy        dz
   7 c     dx  0.4308595
           dy -0.1607746 0.6519690
           dz  0.1004950 0.2707609 0.6769916
   8 o     dx -0.0975062 0.0189005-0.0050289 0.0739058
           dy  0.0138298-0.3436217-0.2880879-0.0485036 0.3995833
           dz -0.0109058-0.2815740-0.4184230-0.0010488 0.3605445 0.4538527
   9 n     dx -0.1865847 0.1110130-0.0493308 0.0112937 0.0348118 0.0262342
           dy  0.1318599-0.2043357-0.0057487 0.0404404-0.0621757-0.0408796
           dz -0.0462407-0.0078625-0.1160718 0.0338651-0.0527399 0.0028314
  10 h     dx  0.0137538 0.0080050-0.0149878-0.0026286-0.0021468-0.0004876
           dy -0.0013747-0.0010292-0.0005930-0.0008159-0.0006960-0.0004105
           dz  0.0173365 0.0087271-0.0222893-0.0046723-0.0018299-0.0006291
  11 h     dx -0.0046059-0.0199763-0.0002801-0.0006649 0.0014409-0.0037046
           dy  0.0023247 0.0013904-0.0012730-0.0009905 0.0010137 0.0014964
           dz -0.0072385-0.0283140-0.0047453-0.0024842 0.0014045-0.0067097
  12 h     dx  0.0006671 0.0012256 0.0011715-0.0009047-0.0008808-0.0011034
           dy -0.0002224-0.0023888-0.0028828-0.0011746 0.0025568 0.0005744
           dz -0.0003486 0.0007953 0.0004893-0.0005112-0.0000002-0.0007653
  13 h     dx -0.0002813 0.0006773 0.0007190 0.0003651-0.0002516-0.0006660
           dy  0.0001577-0.0000948-0.0001131-0.0001151-0.0000149 0.0000199
           dz  0.0001238-0.0000348-0.0000357-0.0002109 0.0000749-0.0001396
  14 h     dx -0.0004056-0.0003117-0.0020528-0.0000124 0.0007313 0.0011541
           dy  0.0002623-0.0002007 0.0001446 0.0001200-0.0000942 0.0000429
           dz  0.0002237-0.0004194-0.0006450-0.0003129 0.0005169 0.0001046
  15 h     dx -0.0007829-0.0003122-0.0004874 0.0000758 0.0002338 0.0003316
           dy  0.0007740 0.0005579 0.0006759-0.0003211-0.0004286-0.0004521
           dz -0.0000733-0.0003985-0.0003383-0.0000737 0.0000401 0.0002806
  16 h     dx  0.0034777 0.0101400 0.0223308-0.0006005 0.0077884-0.0016538
           dy -0.0133062-0.0130154-0.0156719 0.0069384-0.0013971-0.0007545
           dz  0.0074088 0.0005440-0.0007045-0.0027335 0.0001855 0.0053843
  17 h     dx -0.0150873 0.0031137-0.0231386 0.0007709-0.0057211 0.0030342
           dy  0.0138495 0.0043489 0.0287549-0.0052794-0.0002893-0.0023496
           dz -0.0001217 0.0030586 0.0033642 0.0020033-0.0000222-0.0020600

   ATOM              9 n                          10 h 
                  dx        dy        dz        dx        dy        dz
   9 n     dx  0.3905162
           dy -0.2308252 0.5990332
           dz  0.2863810 0.2277245 0.6440469
  10 h     dx -0.0019250 0.0001624 0.0002373 0.1343094
           dy  0.0017901 0.0002352 0.0002483 0.0473151 0.0761958
           dz -0.0016994-0.0007350 0.0014680-0.1180592-0.0710026 0.2149330
  11 h     dx -0.0000460 0.0018703 0.0000000-0.0063471-0.0155070-0.0041740
           dy  0.0008776-0.0001417 0.0005623-0.0034121-0.0088621-0.0019300
           dz  0.0011282 0.0014937 0.0007031 0.0085811 0.0234281 0.0064946
  12 h     dx  0.0001819-0.0004871-0.0003028 0.0011928-0.0007263 0.0001580
           dy -0.0002158 0.0006139 0.0005032 0.0001158 0.0008111-0.0002351
           dz  0.0003556-0.0005497-0.0002464-0.0003157-0.0000484 0.0001695
  13 h     dx  0.0002455-0.0002698-0.0001505-0.0000049 0.0000755 0.0000207
           dy -0.0000857-0.0000212 0.0000443 0.0002044-0.0001362-0.0000299
           dz -0.0000765 0.0000038 0.0000164 0.0002706-0.0004200-0.0000149
  14 h     dx  0.0004154-0.0001689 0.0005226-0.0005716-0.0000716-0.0000130
           dy  0.0000186-0.0000581 0.0000353-0.0001934-0.0000325-0.0000277
           dz  0.0000181 0.0001301 0.0000852 0.0000051 0.0002122 0.0000922
  15 h     dx  0.0001912-0.0000589 0.0001340-0.0005217-0.0000124 0.0003361
           dy -0.0003285 0.0000729-0.0002578 0.0007200-0.0000142 0.0000311
           dz  0.0001416-0.0000330 0.0001467-0.0007272 0.0005191 0.0004198
  16 h     dx -0.0387820 0.0017151-0.0501245-0.0000734-0.0002805 0.0002437
           dy  0.0084619-0.2722687-0.2128720 0.0001416-0.0004593 0.0004317
           dz -0.0461320-0.2031357-0.2220348-0.0002209 0.0006716-0.0003969
  17 h     dx -0.1584798 0.0462945-0.1933066-0.0001041 0.0001713-0.0006647
           dy  0.0527889-0.0633181 0.0221763-0.0004011 0.0000169-0.0004014
           dz -0.2027812 0.0179024-0.3069789 0.0005049-0.0002204 0.0003119

   ATOM             11 h                          12 h 
                  dx        dy        dz        dx        dy        dz
  11 h     dx  0.0856745
           dy  0.0862702 0.2853698
           dz  0.0250408 0.0575436 0.0616516
  12 h     dx -0.0042254 0.0036850 0.0003922 0.0910060
           dy  0.0029933-0.0010392-0.0004871 0.0857608 0.2888264
           dz  0.0005426-0.0001558 0.0000277 0.0266747 0.0696072 0.0792822
  13 h     dx -0.0001265 0.0000522 0.0000899 0.0003702 0.0003603-0.0004101
           dy -0.0000634 0.0000238-0.0000565 0.0001234 0.0000920 0.0000486
           dz  0.0001072-0.0000934-0.0001353-0.0003446 0.0001579 0.0004578
  14 h     dx -0.0001837 0.0009921-0.0003925-0.0010276 0.0012720-0.0029873
           dy -0.0005029-0.0000417 0.0000086 0.0009693 0.0016325 0.0007614
           dz -0.0006748 0.0008638 0.0002859-0.0030047 0.0017846-0.0048015
  15 h     dx -0.0000429-0.0000370 0.0000549 0.0009100-0.0001671 0.0008169
           dy -0.0000089-0.0000528 0.0001238 0.0001827 0.0006638-0.0007724
           dz -0.0000553-0.0000154 0.0000163 0.0003373-0.0007596 0.0010349
  16 h     dx -0.0011334-0.0002659-0.0008875 0.0003339-0.0001790 0.0000568
           dy  0.0005731 0.0004877 0.0002683-0.0001083 0.0001701-0.0000268
           dz -0.0007913 0.0005970 0.0003097 0.0001243 0.0000144 0.0000807
  17 h     dx  0.0003554-0.0000056 0.0005396-0.0000964 0.0001051-0.0000028
           dy  0.0001921 0.0004626 0.0002035-0.0000822-0.0000254 0.0000271
           dz  0.0001548-0.0003564-0.0001283-0.0000789 0.0000594-0.0000113

   ATOM             13 h                          14 h 
                  dx        dy        dz        dx        dy        dz
  13 h     dx  0.2102744
           dy  0.1109309 0.1157887
           dz -0.2094029-0.1124993 0.2358294
  14 h     dx  0.0001462 0.0000071 0.0002010 0.0614386
           dy -0.0000671 0.0000571 0.0000198 0.1129884 0.3539258
           dz  0.0000950-0.0000793-0.0001529 0.0510676 0.1178281 0.1136706
  15 h     dx  0.0001063-0.0000204-0.0001375-0.0081066 0.0001295 0.0098140
           dy  0.0000701 0.0000002 0.0001157-0.0180795-0.0179089 0.0267987
           dz  0.0003010-0.0001028 0.0001700-0.0068958-0.0107578 0.0111752
  16 h     dx -0.0000426 0.0000456 0.0000424-0.0000832 0.0000611-0.0000372
           dy -0.0000313 0.0000132 0.0000157 0.0001222-0.0000199-0.0000010
           dz  0.0000585-0.0000294-0.0000148-0.0000367 0.0000045 0.0000529
  17 h     dx -0.0000818 0.0000414 0.0000005 0.0000660 0.0000117 0.0000090
           dy  0.0000103 0.0000071-0.0000038-0.0000638-0.0000231-0.0000336
           dz  0.0000075-0.0000011 0.0000313 0.0000293 0.0000073-0.0000013

   ATOM             15 h                          16 h 
                  dx        dy        dz        dx        dy        dz
  15 h     dx  0.1333856
           dy  0.1202427 0.1439182
           dz -0.1277144-0.1429650 0.2525254
  16 h     dx -0.0000204 0.0000462-0.0000017 0.0369909
           dy  0.0000635-0.0000712 0.0000270-0.0008017 0.2787430
           dz -0.0000145 0.0000223-0.0000025 0.0373926 0.2192347 0.2289469
  17 h     dx -0.0000011-0.0000227 0.0000485-0.0002409-0.0010594 0.0052329
           dy -0.0000009 0.0000385-0.0000170-0.0182196 0.0068673-0.0183410
           dz -0.0000258 0.0000048-0.0000143-0.0074635 0.0089052-0.0103433

   ATOM             17 h 
                  dx        dy        dz
  17 h     dx  0.1726277
           dy -0.0478662 0.0538571
           dz  0.2089007-0.0282507 0.3129659
 

   *** projected hessian written onto $hessian (projected), file=<hessian> ***

 dipole moment in principle axis system (a.u.) :    -0.7935349551     0.6006919780     1.0971574964
 norm :   1.481311294    

 rotational constants b for rotations around axis of inertia
 and optical intensities for (1 <-- 0) transition

   b   :     0.0813868063     0.0325044951     0.0374098918   (cm**(-1))

   b   :  2439.9150721420   974.4602487580  1121.5203429674     (MHz)

   b   :     0.6296977250     0.3608308524     1.2037545718     (a.u.)

   x   :     0.9422040130     0.3045750219    -0.1395910236
   y   :    -0.3118618494     0.9495486701    -0.0331588586
   z   :     0.1224491107     0.0747755244     0.9896538972

   ***  normal modes written onto $vibrational normal modes, file=<vib_normal_modes>  ***

  Keyword $vibrational reduced masses missing in file <control>


   ***  vibrational spectroscopic data written onto$vibrational spectrum   
        file=<vibspectrum>  ***

          ---------------------------------------------------
          NORMAL MODES and VIBRATIONAL FREQUENCIES (cm**(-1))
          ---------------------------------------------------

 imaginary wave numbers indicate a negative curvature of the energy surface.
 zero frequency modes have no physical meaning except being generators of
 translations and rotations. each vibrational normal mode - given in terms of
 cartesian displacement vectors of all atoms - has been normalized to unity.
 to obtain mass-weigthed normal coordinates in a.u. divide the tabulated
 modes by sqrt(reduced mass * 1822.88853).
 band intensities or cross sections refer to independent non-degenerate normal
 modes, that is, the intensities of degenerate modes have yet to be added.
 dDIP/dQ is the normal mode derivative of the dipole moment.


       mode               1        2        3        4        5        6

     frequency           0.00     0.00     0.00     0.00     0.00     0.00

     symmetry                                                             

        IR                -        -        -        -        -        - 
|dDIP/dQ|   (a.u.)     0.0000   0.0000   0.0000   0.0000   0.0000   0.0000
intensity (km/mol)       0.00     0.00     0.00     0.00     0.00     0.00
intensity (  %   )       0.00     0.00     0.00     0.00     0.00     0.00
 
       RAMAN              -        -        -        -        -        - 
 
  1   c           x   0.07092  0.02932  0.05858 -0.09348 -0.01563  0.22632
                  y  -0.05417  0.10494 -0.05371 -0.12289  0.22444  0.03332
                  z   0.17620 -0.09977  0.05818 -0.07146  0.04496 -0.05959
  2   c           x   0.05844 -0.04117  0.08473 -0.00037  0.00123  0.24032
                  y  -0.04297  0.02264 -0.03466  0.00083  0.23570  0.05595
                  z   0.03352 -0.12381  0.12874 -0.12028  0.09593 -0.08853
  3   c           x  -0.02396 -0.09786  0.02808 -0.06173 -0.03469  0.20221
                  y   0.01938 -0.11142 -0.13162  0.13522  0.16755  0.07225
                  z  -0.00873 -0.23445  0.03522 -0.11119  0.03358 -0.11385
  4   o           x  -0.03746 -0.04266 -0.01738 -0.17845 -0.06380  0.17536
                  y   0.02893 -0.13990 -0.14151  0.16941  0.16032  0.07744
                  z   0.03546 -0.34064 -0.11221 -0.07021 -0.06723 -0.12328
  5   o           x  -0.07771 -0.21397  0.03552  0.02917 -0.02960  0.20263
                  y   0.06092 -0.19498 -0.19985  0.21492  0.11982  0.08116
                  z  -0.10430 -0.20410  0.13382 -0.15446  0.10248 -0.12572
  6   n           x   0.14857  0.04325  0.13412  0.02966  0.03243  0.27485
                  y  -0.10963  0.06078  0.13496  0.03706  0.35107  0.07413
                  z  -0.03821 -0.17629  0.11957 -0.13564  0.09134 -0.10962
  7   c           x  -0.02112 -0.06316  0.01165 -0.11379 -0.04525  0.19306
                  y   0.01393  0.06951 -0.22919 -0.16595  0.10516  0.01355
                  z   0.24818 -0.03373  0.08216 -0.05909  0.05957 -0.03626
  8   o           x  -0.08758 -0.18226  0.00714 -0.04187 -0.04777  0.18577
                  y   0.06441  0.00210 -0.33348 -0.12748  0.03337  0.01283
                  z   0.19845  0.02202  0.17763 -0.09070  0.12532 -0.03597
  9   n           x  -0.02214 -0.00279 -0.02330 -0.21556 -0.06769  0.17308
                  y   0.01308  0.12201 -0.25962 -0.25444  0.08563 -0.00382
                  z   0.37314 -0.03732 -0.00688 -0.01072 -0.00352 -0.01490
 10   h           x   0.13472  0.07594  0.10091 -0.05050  0.01118  0.25495
                  y  -0.10235  0.20152  0.02562 -0.21475  0.27994  0.02310
                  z   0.20223 -0.02716  0.12070 -0.07807  0.08670 -0.04327
 11   h           x   0.08879  0.10767  0.03380 -0.18946 -0.03165  0.21347
                  y  -0.06793  0.10111 -0.01137 -0.09539  0.25298  0.04103
                  z   0.20423 -0.20125 -0.07306 -0.03770 -0.04452 -0.07109
 12   h           x   0.03654 -0.12271  0.10697  0.09328  0.01563  0.25143
                  y  -0.02618  0.02221 -0.08310 -0.02398  0.20296  0.04827
                  z   0.00599 -0.02414  0.25764 -0.15344  0.18382 -0.07723
 13   h           x  -0.12613 -0.24099 -0.00130 -0.01730 -0.05297  0.17823
                  y   0.09753 -0.27704 -0.25471  0.29954  0.08114  0.09186
                  z  -0.12752 -0.28128  0.06434 -0.14574  0.05596 -0.14229
 14   h           x   0.17617  0.12584  0.11741 -0.05502  0.02154  0.26729
                  y  -0.13070  0.07133  0.18951  0.05109  0.38813  0.08039
                  z  -0.00930 -0.26365  0.00334 -0.10476  0.01200 -0.11868
 15   h           x   0.20306  0.07067  0.17723  0.08688  0.05980  0.30327
                  y  -0.15062  0.14250  0.20273 -0.04032  0.39847  0.06559
                  z  -0.02839 -0.10007  0.19712 -0.14924  0.14362 -0.09556
 16   h           x   0.02706  0.09387 -0.02472 -0.28284 -0.06887  0.17576
                  y  -0.02431  0.16674 -0.17911 -0.27403  0.14091 -0.00152
                  z   0.41116 -0.09600 -0.09761  0.01710 -0.06580 -0.01773
 17   h           x  -0.08326 -0.05995 -0.05685 -0.23608 -0.08888  0.14963
                  y   0.05826  0.09752 -0.37544 -0.28133  0.00689 -0.01660
                  z   0.42363  0.00000  0.00000  0.00000  0.00000  0.00000

reduced mass(g/mol)     5.613    7.532    7.317    6.502    5.883    7.327


       mode               7        8        9       10       11       12

     frequency           3.85    54.60    68.02   145.99   245.41   250.64

     symmetry            a        a        a        a        a        a   

        IR               YES      YES      YES      YES      YES      YES
|dDIP/dQ|   (a.u.)     0.0025   0.0016   0.0004   0.0013   0.0042   0.0014
intensity (km/mol)      10.83     4.32     0.26     3.10    30.98     3.70
intensity (  %   )       3.84     1.53     0.09     1.10    10.98     1.31
 
       RAMAN             YES      YES      YES      YES      YES      YES
 
  1   c           x  -0.02123 -0.01096  0.07255  0.08454  0.02669 -0.15421
                  y  -0.07187 -0.05699  0.15253  0.20069  0.04703 -0.04440
                  z   0.01568  0.05399 -0.10780  0.05002 -0.01681  0.12636
  2   c           x   0.00815 -0.01848 -0.01052 -0.03941 -0.04021 -0.07509
                  y  -0.02870 -0.04702  0.05396  0.05689 -0.04733  0.06588
                  z  -0.02723 -0.00545 -0.10206  0.01895 -0.01215 -0.05347
  3   c           x   0.00109 -0.07105  0.12759 -0.05427 -0.03737 -0.03814
                  y   0.05828 -0.03411  0.01144  0.04743 -0.04856  0.04700
                  z   0.00594 -0.04752 -0.00609 -0.00430  0.00932 -0.01456
  4   o           x  -0.08876 -0.43597  0.17332 -0.07418 -0.07533  0.13792
                  y   0.08191  0.00779 -0.00163  0.04754 -0.02512  0.00708
                  z   0.01602 -0.36760 -0.01729 -0.04798  0.09994  0.01040
  5   o           x   0.09464  0.33997  0.20703 -0.09330  0.05305 -0.02218
                  y   0.10557 -0.08045 -0.02685  0.04171  0.01595 -0.05528
                  z   0.00733  0.30753  0.09968 -0.02100 -0.00122  0.13133
  6   n           x   0.00133  0.00700 -0.10188 -0.05513  0.04442  0.14147
                  y  -0.08146 -0.09445 -0.10549 -0.22349 -0.02282 -0.01582
                  z  -0.03146 -0.02950 -0.06063 -0.02057 -0.06377 -0.22104
  7   c           x  -0.01643  0.04257 -0.10389  0.07941 -0.00027 -0.06265
                  y  -0.04353  0.07605  0.02050  0.02356  0.01644  0.02043
                  z   0.01321  0.02465  0.01229  0.04231 -0.00117  0.05421
  8   o           x  -0.24665  0.09671 -0.19656  0.19158  0.00326  0.05905
                  y  -0.21883  0.18190 -0.03336 -0.07429  0.00073  0.01781
                  z   0.16161 -0.06986  0.05784  0.13535  0.01251  0.06259
  9   n           x   0.24530  0.02180 -0.17061 -0.01624 -0.01266 -0.06575
                  y   0.18269  0.05855 -0.03539 -0.06642  0.00552  0.01745
                  z  -0.15116  0.11016  0.08763 -0.11429 -0.02375 -0.09865
 10   h           x  -0.02881 -0.04321  0.16322  0.10413  0.03272 -0.15773
                  y  -0.15907 -0.13160  0.31565  0.37840  0.15992 -0.29500
                  z  -0.02497  0.00012  0.02356  0.13486  0.03347  0.02292
 11   h           x  -0.05928 -0.01278  0.15972  0.18601  0.11500 -0.28995
                  y  -0.07976 -0.08256  0.16998  0.21013  0.03640 -0.04969
                  z   0.09799  0.15692 -0.30533 -0.14133 -0.11298  0.35043
 12   h           x   0.03227 -0.02322 -0.09093 -0.18975 -0.09507 -0.06989
                  y  -0.01794 -0.04151  0.10964  0.14695 -0.03986  0.07610
                  z  -0.09035 -0.02308 -0.18493 -0.08571  0.02861 -0.08747
 13   h           x   0.08732  0.27419  0.30890 -0.13509  0.06593  0.17762
                  y   0.15721 -0.06753 -0.06200  0.03615  0.07986 -0.17521
                  z   0.03261  0.25407  0.17501 -0.06389  0.05057  0.24846
 14   h           x  -0.05847 -0.08424 -0.08434  0.00058  0.54093  0.19841
                  y  -0.09826 -0.11078 -0.15943 -0.32816 -0.00702 -0.04879
                  z   0.05305  0.07740  0.05317  0.18226 -0.46979 -0.18939
 15   h           x   0.02255  0.06468 -0.17691 -0.07844 -0.12570  0.34543
                  y  -0.17711 -0.22902 -0.15556 -0.36031  0.54826 -0.14035
                  z  -0.08344 -0.08350 -0.14866 -0.13359  0.21868 -0.16648
 16   h           x   0.48114  0.01480 -0.12472 -0.12559 -0.03918 -0.17651
                  y   0.30900  0.00143  0.00313  0.01027  0.01256  0.03887
                  z  -0.31385  0.17566  0.04050 -0.19126 -0.02947 -0.11332
 17   h           x   0.25635  0.08831 -0.30723  0.01001 -0.02439  0.07939
                  y   0.17944  0.16600 -0.12346 -0.21764 -0.02954 -0.00575
                  z  -0.15997  0.07814  0.17263 -0.15568 -0.02045 -0.20697

reduced mass(g/mol)     5.312   10.458    4.629    3.913    1.520    3.531


       mode              13       14       15       16       17       18

     frequency         279.57   295.90   335.75   381.42   494.75   529.99

     symmetry            a        a        a        a        a        a   

        IR               YES      YES      YES      YES      YES      YES
|dDIP/dQ|   (a.u.)     0.0104   0.0036   0.0024   0.0009   0.0023   0.0039
intensity (km/mol)     190.61    22.57    10.17     1.48     9.52    26.53
intensity (  %   )      67.59     8.00     3.60     0.53     3.37     9.41
 
       RAMAN             YES      YES      YES      YES      YES      YES
 
  1   c           x   0.00597 -0.04193 -0.04237  0.01457 -0.03916  0.13425
                  y   0.00071 -0.05570 -0.03740  0.01546  0.01651 -0.10876
                  z  -0.00487  0.04053  0.06953 -0.05812  0.04649 -0.03099
  2   c           x   0.00362  0.02517 -0.09024 -0.12086 -0.02842  0.08199
                  y  -0.00671  0.04263 -0.06856  0.03327  0.00191 -0.11434
                  z   0.00350 -0.01131 -0.11807 -0.11511  0.04182 -0.11383
  3   c           x   0.00187  0.05125 -0.00474 -0.09006 -0.00737  0.04231
                  y  -0.00857  0.06086 -0.10815  0.06267 -0.00331  0.06468
                  z   0.00229 -0.01500 -0.11517 -0.02844 -0.00759  0.00757
  4   o           x  -0.00389  0.07503  0.01158  0.01757  0.03784 -0.03356
                  y  -0.00516  0.04070 -0.09389  0.04836 -0.01743  0.08902
                  z   0.00969 -0.12475  0.03077  0.03763 -0.03942  0.03197
  5   o           x   0.00294 -0.01919  0.17996 -0.08304  0.03122 -0.08697
                  y   0.00082  0.00790  0.01538 -0.01557  0.03130 -0.04920
                  z  -0.00793  0.00271 -0.18320  0.11053 -0.02913  0.09364
  6   n           x   0.00843 -0.11218 -0.20444 -0.11427  0.00948 -0.02737
                  y   0.00257 -0.07190  0.17336  0.08529 -0.01159  0.02927
                  z   0.00203  0.06339 -0.02009 -0.14790  0.02163 -0.02084
  7   c           x   0.01169  0.00137 -0.00473  0.06963 -0.10854 -0.01748
                  y   0.01253 -0.01588  0.06096 -0.10276 -0.10425  0.00410
                  z  -0.00670  0.02410  0.13753 -0.01754  0.06091  0.09854
  8   o           x   0.00832  0.02447  0.15911  0.08706  0.00329 -0.02526
                  y   0.01496 -0.01060 -0.00280 -0.09952  0.01574  0.07433
                  z  -0.00333  0.02098  0.20680 -0.02402 -0.04402  0.03883
  9   n           x  -0.10590  0.00731 -0.02827  0.16416  0.01849 -0.03290
                  y  -0.05517 -0.01103  0.03663 -0.04653  0.00658 -0.00395
                  z   0.05821  0.02241 -0.02340  0.18825 -0.01447 -0.07584
 10   h           x  -0.00985 -0.05239  0.02200  0.04631  0.11894  0.28789
                  y   0.01435 -0.24941 -0.17297  0.16132  0.27949  0.03191
                  z  -0.01238 -0.04375  0.06094  0.02085  0.26253  0.13326
 11   h           x   0.01364 -0.16594  0.01780  0.08561  0.04855  0.32693
                  y  -0.00409 -0.05486 -0.09831  0.03345  0.07783 -0.14259
                  z   0.00695  0.22124  0.22021 -0.23116 -0.31780 -0.17453
 12   h           x   0.00287  0.04328 -0.09264 -0.11734 -0.03218  0.21068
                  y  -0.00906  0.06516 -0.09596  0.04237 -0.00042 -0.13659
                  z   0.01194 -0.11092 -0.01757 -0.14389  0.04981 -0.18631
 13   h           x   0.00381 -0.07575  0.26595  0.13900  0.03347 -0.11300
                  y   0.00785 -0.04228  0.19975 -0.16084  0.10578 -0.29379
                  z  -0.00288 -0.08273  0.01277  0.23264  0.01867 -0.08146
 14   h           x  -0.01272  0.37571 -0.54840 -0.17978  0.04963 -0.23573
                  y   0.00541 -0.10802  0.28037  0.12091 -0.02374  0.12846
                  z   0.01100 -0.21140 -0.01390 -0.18129  0.01882 -0.08617
 15   h           x   0.02264 -0.49658 -0.18969 -0.09694  0.03856 -0.15822
                  y  -0.01842  0.51127  0.06706  0.09403 -0.01873  0.13212
                  z  -0.00280  0.20579 -0.08485 -0.12965  0.03657 -0.03533
 16   h           x   0.57649  0.06104 -0.17816  0.47343 -0.12014 -0.32356
                  y   0.40127  0.01359  0.04871 -0.12425 -0.20324  0.00681
                  z  -0.50364 -0.00919 -0.02431  0.25085  0.23488 -0.06330
 17   h           x   0.36463  0.06579  0.06415  0.12366  0.51268  0.28387
                  y   0.18931  0.03352 -0.03090  0.25053  0.44497 -0.05103
                  z  -0.25139 -0.01371 -0.09980  0.26255 -0.30388 -0.31146

reduced mass(g/mol)     1.252    1.847    5.051    3.693    1.512    2.547


       mode              19       20       21       22       23       24

     frequency         589.21   616.99   631.36   661.78   772.89   798.43

     symmetry            a        a        a        a        a        a   

        IR               YES      YES      YES      YES      YES      YES
|dDIP/dQ|   (a.u.)     0.0045   0.0062   0.0010   0.0014   0.0078   0.0087
intensity (km/mol)      35.97    67.92     1.84     3.44   108.01   133.11
intensity (  %   )      12.76    24.08     0.65     1.22    38.30    47.20
 
       RAMAN             YES      YES      YES      YES      YES      YES
 
  1   c           x  -0.02547 -0.03294  0.04099  0.06648  0.02150  0.06167
                  y   0.03436 -0.02967  0.09039  0.00908 -0.01370  0.02434
                  z  -0.07046  0.02226  0.14761 -0.01123 -0.07292  0.00295
  2   c           x   0.04116 -0.05842  0.00429 -0.07784  0.04097  0.06573
                  y   0.05102 -0.05578  0.18076 -0.07667  0.05639  0.07679
                  z  -0.03262  0.00811 -0.02209  0.02851 -0.00672 -0.07871
  3   c           x   0.08184  0.00501  0.02840 -0.07369  0.21945 -0.07491
                  y  -0.02129  0.00145 -0.03667 -0.00916 -0.08888 -0.06114
                  z   0.03856  0.04689 -0.03686  0.05142  0.30684  0.04786
  4   o           x  -0.05508  0.05022 -0.06156  0.07398 -0.08050  0.00130
                  y   0.00997 -0.01914 -0.00630 -0.05973 -0.09121 -0.11011
                  z   0.05653 -0.03889  0.09132 -0.07337 -0.07887 -0.00493
  5   o           x   0.03070  0.03855  0.06335 -0.00591 -0.10093 -0.02747
                  y  -0.05810  0.04204 -0.08284  0.10899  0.07557  0.07932
                  z   0.01527  0.05107 -0.03137  0.05584 -0.03717  0.05247
  6   n           x   0.00201 -0.01515 -0.06990 -0.01955 -0.12408  0.10536
                  y   0.00321  0.01656  0.03367  0.01816  0.06644 -0.04192
                  z  -0.03270 -0.04059 -0.06655 -0.03067 -0.12274 -0.00811
  7   c           x  -0.03038 -0.03465  0.08765  0.18224 -0.03944 -0.06233
                  y   0.02993 -0.03413 -0.07453  0.11277 -0.04133 -0.03798
                  z  -0.05217  0.03822  0.09118 -0.06691  0.06521  0.00992
  8   o           x   0.04945  0.02297 -0.13842 -0.09906  0.01864  0.01734
                  y  -0.06973  0.02660  0.09876 -0.01402  0.03244 -0.00317
                  z   0.04612 -0.01572 -0.09240  0.03553  0.00917 -0.02074
  9   n           x  -0.05261  0.02907  0.11980 -0.01547  0.02271 -0.00855
                  y   0.04487  0.01312 -0.15566 -0.09132  0.00316  0.02309
                  z   0.03037 -0.00856 -0.02139  0.01683 -0.00245 -0.01298
 10   h           x  -0.03899  0.02320  0.09554 -0.17218  0.16336  0.16416
                  y  -0.15401  0.16860 -0.19495 -0.08584 -0.16815 -0.20487
                  z  -0.15233  0.13942  0.07179 -0.21642 -0.03346 -0.01432
 11   h           x  -0.14190  0.08805 -0.21865  0.13753 -0.09651 -0.10788
                  y   0.03211 -0.02190  0.15093 -0.08697  0.01290  0.06020
                  z   0.09741 -0.17377  0.27583  0.24612 -0.01403  0.10716
 12   h           x   0.01819 -0.02244 -0.18718 -0.09170  0.07111 -0.00794
                  y   0.06412 -0.05892  0.24362 -0.06796  0.08747  0.10090
                  z  -0.04331 -0.02314 -0.00526  0.01962 -0.15380 -0.06611
 13   h           x  -0.50783 -0.60347 -0.25834 -0.23261  0.25241 -0.11540
                  y  -0.06478  0.18835 -0.08455  0.32331  0.26192  0.32143
                  z  -0.50092 -0.47033 -0.33796 -0.02915  0.41331  0.11719
 14   h           x   0.04480 -0.03518  0.02329 -0.04900  0.36121 -0.49045
                  y  -0.03221  0.04495 -0.04484  0.06115 -0.10375  0.13242
                  z   0.01430 -0.09640  0.04172 -0.11493 -0.14568  0.10185
 15   h           x   0.01855  0.11379 -0.11941  0.13396  0.34075 -0.53296
                  y  -0.04727 -0.02252 -0.02067 -0.01618 -0.23150  0.29962
                  z  -0.05903  0.02014 -0.14376  0.05017 -0.03862 -0.18036
 16   h           x  -0.06409  0.15951 -0.07974 -0.33865 -0.01708  0.05782
                  y  -0.16329  0.15855 -0.04997 -0.23074  0.05101  0.01386
                  z   0.26893 -0.18520 -0.12837  0.20346 -0.05519 -0.00802
 17   h           x   0.17611 -0.24851  0.29740  0.43298  0.02800 -0.05499
                  y   0.44750 -0.24781 -0.36315  0.13141 -0.10072  0.05340
                  z  -0.07387  0.15248 -0.17995 -0.27362 -0.02084  0.02468

reduced mass(g/mol)     1.679    1.392    3.562    2.591    3.920    1.943


       mode              25       26       27       28       29       30

     frequency         829.03   869.73   969.88  1066.83  1082.63  1111.39

     symmetry            a        a        a        a        a        a   

        IR               YES      YES      YES      YES      YES      YES
|dDIP/dQ|   (a.u.)     0.0039   0.0025   0.0017   0.0025   0.0041   0.0042
intensity (km/mol)      26.56    10.96     4.93    11.05    29.70    30.61
intensity (  %   )       9.42     3.89     1.75     3.92    10.53    10.85
 
       RAMAN             YES      YES      YES      YES      YES      YES
 
  1   c           x   0.06594 -0.17586 -0.10694  0.12546 -0.00340 -0.07641
                  y  -0.06693 -0.00869 -0.12715 -0.13639  0.10266  0.09132
                  z  -0.15207 -0.23225  0.09067 -0.02992  0.00111  0.08053
  2   c           x   0.08894 -0.03787  0.08880 -0.14106  0.19653  0.08005
                  y   0.08431  0.02491  0.10477  0.11268 -0.13681 -0.06165
                  z   0.00077 -0.01349  0.00632  0.11256  0.20852 -0.15319
  3   c           x  -0.19482  0.02601 -0.01225  0.00493 -0.01405  0.00368
                  y  -0.01379 -0.00123 -0.01872  0.02264  0.00411 -0.02622
                  z  -0.12063  0.01965  0.01850  0.03502 -0.04084 -0.04469
  4   o           x   0.03420 -0.00702 -0.01438  0.00473  0.01474 -0.01021
                  y  -0.05774  0.00395 -0.03967  0.03781  0.01215 -0.04524
                  z   0.03775 -0.00233  0.01417 -0.00748 -0.00136  0.01139
  5   o           x   0.01493  0.00237  0.00508  0.02568 -0.00424 -0.02354
                  y   0.03885 -0.01001 -0.00926 -0.04462  0.02395  0.04801
                  z   0.06358 -0.01415 -0.00616 -0.04143  0.01757  0.03847
  6   n           x  -0.08445  0.10206 -0.01910  0.01804 -0.08761 -0.01078
                  y   0.04051 -0.04889  0.02186 -0.02202  0.00107  0.00601
                  z   0.03137  0.03241 -0.06567 -0.03442 -0.17509  0.08624
  7   c           x  -0.04058  0.04372  0.11119  0.04650 -0.01598  0.05405
                  y  -0.02914  0.00933  0.08078 -0.04931 -0.06310 -0.02154
                  z   0.06582  0.10318 -0.07604 -0.01135  0.03557 -0.01836
  8   o           x   0.02369 -0.00021 -0.02108  0.02444  0.01107  0.00824
                  y   0.02500  0.07372 -0.02468 -0.08106 -0.02129 -0.08377
                  z   0.02676  0.08675  0.01664 -0.05714 -0.03356 -0.07198
  9   n           x   0.00489  0.09152 -0.02781 -0.05554 -0.00643 -0.00830
                  y   0.02254 -0.05901  0.00519  0.14280  0.05260  0.08691
                  z   0.00082  0.05124  0.01387  0.08331  0.03376  0.09563
 10   h           x   0.18566 -0.33519 -0.07647  0.16471 -0.34829 -0.00694
                  y  -0.21065  0.16829  0.40633 -0.11310  0.10463  0.05315
                  z  -0.12699 -0.27135  0.31580  0.00836 -0.22880  0.10979
 11   h           x  -0.06769 -0.32501  0.19521 -0.01904 -0.26568 -0.23494
                  y  -0.04145  0.08231 -0.10375 -0.05863  0.17267  0.18315
                  z  -0.06718 -0.37770 -0.40412 -0.12943  0.11164 -0.05367
 12   h           x   0.13151  0.03282  0.38544 -0.35016  0.17054  0.07509
                  y   0.02044 -0.00292 -0.00405  0.17086 -0.19679  0.02430
                  z   0.14941 -0.00427 -0.00577  0.17439  0.42561 -0.42830
 13   h           x  -0.13337  0.00831 -0.02570  0.00783  0.04760 -0.00735
                  y   0.16442 -0.00908  0.10950  0.02401 -0.11811 -0.04938
                  z  -0.00113 -0.00784  0.03713 -0.01835 -0.01998 -0.00271
 14   h           x   0.63769 -0.19642  0.12764 -0.16033 -0.22255  0.07439
                  y  -0.28783  0.04808 -0.13086  0.04298  0.02842  0.05494
                  z   0.19010  0.07238  0.18336 -0.01790 -0.13857 -0.12558
 15   h           x   0.17297 -0.16580 -0.33021 -0.04978 -0.25622  0.27909
                  y  -0.30505  0.13550  0.02627  0.09981  0.08107 -0.10890
                  z  -0.06504 -0.00288 -0.28145  0.02039 -0.23958  0.19169
 16   h           x  -0.07029 -0.20837 -0.08996 -0.53590 -0.18044 -0.44020
                  y   0.07636  0.07913  0.01473  0.39824  0.14723  0.32649
                  z  -0.05467 -0.08541  0.01159 -0.15538 -0.05694 -0.13286
 17   h           x   0.05259  0.29255 -0.01472  0.16620  0.07586  0.19960
                  y  -0.08483 -0.36572  0.00175 -0.24762 -0.09018 -0.27368
                  z  -0.04903 -0.13585  0.00180 -0.14482 -0.04932 -0.11707

reduced mass(g/mol)     2.518    2.686    2.023    2.631    2.909    2.276


       mode              31       32       33       34       35       36

     frequency        1159.64  1172.29  1235.11  1279.31  1324.87  1364.35

     symmetry            a        a        a        a        a        a   

        IR               YES      YES      YES      YES      YES      YES
|dDIP/dQ|   (a.u.)     0.0099   0.0051   0.0045   0.0054   0.0022   0.0048
intensity (km/mol)     172.56    45.39    35.81    52.03     8.72    41.09
intensity (  %   )      61.19    16.09    12.70    18.45     3.09    14.57
 
       RAMAN             YES      YES      YES      YES      YES      YES
 
  1   c           x   0.01515  0.00501 -0.05341  0.07638 -0.02378 -0.02018
                  y   0.01368  0.06968  0.04061 -0.03934 -0.03072  0.04035
                  z  -0.00895  0.00824 -0.00679  0.04739  0.00763 -0.01647
  2   c           x   0.06974 -0.07013  0.00649 -0.01314  0.07172 -0.06764
                  y   0.00862 -0.02791 -0.08664 -0.04318  0.03672  0.08043
                  z   0.04803 -0.07169 -0.03872 -0.08175 -0.02102 -0.01922
  3   c           x  -0.13384 -0.00680 -0.01544  0.02933  0.09934  0.04306
                  y   0.06817  0.02055  0.01764 -0.00747 -0.06601 -0.02773
                  z   0.08389  0.05919  0.04170 -0.00434 -0.11838 -0.05520
  4   o           x   0.01787  0.00372  0.01543  0.00021 -0.00812 -0.00642
                  y   0.04124  0.02577  0.06001  0.02711  0.04895  0.00547
                  z  -0.00044 -0.01032 -0.01323 -0.00232  0.01486  0.00860
  5   o           x   0.04416  0.00869  0.00033 -0.01301 -0.04500 -0.01466
                  y  -0.14646 -0.04809 -0.06024 -0.02813 -0.02704 -0.00050
                  z  -0.05976 -0.02203 -0.01073  0.00769  0.04749  0.01661
  6   n           x  -0.02586  0.03493  0.00651  0.01082 -0.01967 -0.01775
                  y  -0.02030  0.03949  0.01288  0.03484 -0.02429 -0.06186
                  z  -0.00551  0.01248 -0.00278  0.02389  0.00578 -0.00266
  7   c           x  -0.01048 -0.05882  0.02763  0.11573 -0.06974  0.09174
                  y  -0.00744 -0.03234  0.04598 -0.09577  0.03710 -0.06730
                  z   0.00650  0.01774 -0.03771  0.07449 -0.02334  0.05051
  8   o           x   0.00045  0.01250 -0.00510 -0.01521  0.00938 -0.01194
                  y   0.00668 -0.02696 -0.00700  0.02330 -0.00895  0.00573
                  z   0.00357 -0.03814  0.00463  0.00200 -0.00056 -0.00971
  9   n           x   0.00038  0.02072  0.00940 -0.06630  0.02735 -0.03501
                  y  -0.00248  0.01826 -0.01329  0.03900 -0.01463  0.02395
                  z  -0.00530  0.03367  0.01313 -0.05046  0.01777 -0.02064
 10   h           x  -0.08002 -0.26058  0.54810 -0.45051 -0.18836  0.12153
                  y   0.04535  0.07495 -0.27812  0.18417  0.15104 -0.11958
                  z  -0.06405 -0.17361  0.28616 -0.23625 -0.03311  0.01259
 11   h           x  -0.03708  0.40656 -0.30309 -0.39618  0.28154  0.06203
                  y   0.03123 -0.16975  0.16410  0.20027 -0.16010 -0.00430
                  z   0.00965  0.34130 -0.13107 -0.23379  0.08626  0.03178
 12   h           x   0.25796  0.28378 -0.12846 -0.25778 -0.38163  0.68094
                  y   0.12894 -0.21492 -0.17407  0.00341  0.11731 -0.30296
                  z  -0.56688  0.11287  0.39851  0.05061  0.27715  0.33877
 13   h           x  -0.10918 -0.04600 -0.07619 -0.08027 -0.16709 -0.05187
                  y   0.53307  0.17440  0.31236  0.27548  0.58200  0.15631
                  z   0.19920  0.05823  0.13235  0.11714  0.27100  0.06761
 14   h           x  -0.17062  0.26175  0.08970  0.17098 -0.10323 -0.19480
                  y   0.13013 -0.16501 -0.05883 -0.07231  0.06765  0.07695
                  z  -0.25065  0.31486  0.09404  0.13443 -0.14464 -0.17290
 15   h           x   0.19388 -0.24661 -0.11579 -0.08999  0.13525  0.20541
                  y   0.01630 -0.02842 -0.01794 -0.05305 -0.00693  0.04749
                  z   0.17049 -0.23159 -0.11121 -0.11614  0.12287  0.24152
 16   h           x   0.02307 -0.12322 -0.01393  0.04409 -0.00218 -0.01759
                  y  -0.01304  0.09794  0.00672 -0.01896 -0.00668  0.02486
                  z   0.00442 -0.04455 -0.00873  0.01559  0.00635 -0.01517
 17   h           x  -0.00775  0.11348  0.02312 -0.20699  0.08929 -0.10819
                  y   0.01929 -0.14668 -0.04322  0.31468 -0.13626  0.17147
                  z   0.00423 -0.06059 -0.00211  0.09411 -0.04564  0.05472

reduced mass(g/mol)     1.871    1.431    1.356    1.702    1.635    1.488


       mode              37       38       39       40       41       42

     frequency        1403.56  1438.36  1452.20  1626.10  1650.79  1759.05

     symmetry            a        a        a        a        a        a   

        IR               YES      YES      YES      YES      YES      YES
|dDIP/dQ|   (a.u.)     0.0069   0.0024   0.0041   0.0074   0.0052   0.0126
intensity (km/mol)      84.03    10.01    29.38    97.85    47.87   282.01
intensity (  %   )      29.80     3.55    10.42    34.70    16.98   100.00
 
       RAMAN             YES      YES      YES      YES      YES      YES
 
  1   c           x  -0.15258 -0.01850 -0.00163 -0.00522  0.00026  0.01247
                  y   0.05746  0.00755  0.04182  0.00124  0.00094 -0.03762
                  z  -0.08051  0.05720  0.06212 -0.00483 -0.00253 -0.02709
  2   c           x   0.06539  0.08700 -0.03784 -0.00251 -0.02152 -0.00897
                  y  -0.02699  0.04894 -0.02367  0.00012  0.01522  0.01466
                  z   0.04297 -0.11264  0.06452 -0.00221  0.01841  0.01349
  3   c           x  -0.01104 -0.08814  0.03945 -0.00057  0.00285 -0.01047
                  y   0.00006  0.05123 -0.03150  0.00197 -0.02692 -0.03648
                  z   0.00250  0.11844 -0.05692  0.00160 -0.00207  0.01582
  4   o           x   0.00311  0.01132 -0.00302  0.00004  0.00250  0.00661
                  y   0.00488 -0.01211  0.01139 -0.00102  0.01656  0.02398
                  z  -0.00159 -0.01570  0.00663 -0.00029 -0.00250 -0.00583
  5   o           x   0.00145  0.02811 -0.01288  0.00046 -0.00121  0.00201
                  y  -0.00175 -0.00588  0.00286 -0.00050  0.00330  0.00244
                  z  -0.00056 -0.03351  0.01571 -0.00072  0.00128 -0.00455
  6   n           x   0.01444 -0.02423  0.00842  0.00058  0.01916  0.00576
                  y   0.01589 -0.03451  0.01719 -0.00079  0.00290 -0.00690
                  z  -0.00388  0.01581 -0.01241 -0.00035  0.07153  0.00056
  7   c           x   0.14661 -0.00874 -0.01977  0.03901  0.00098 -0.03781
                  y  -0.09809 -0.00636  0.00946  0.00462 -0.00446  0.46942
                  z   0.10028 -0.00093 -0.01618  0.04495 -0.00279  0.49153
  8   o           x  -0.01763  0.00162  0.00321 -0.00124  0.00008  0.01054
                  y  -0.00093  0.00328  0.00462 -0.02219  0.00241 -0.27314
                  z  -0.02798  0.00289  0.00843 -0.02594  0.00259 -0.30304
  9   n           x  -0.05085  0.00137  0.00526 -0.07415 -0.00131  0.03237
                  y   0.03745  0.00065 -0.00286  0.08625  0.00178 -0.09325
                  z  -0.02581  0.00146  0.00487 -0.01331 -0.00010 -0.04729
 10   h           x   0.22921 -0.25292 -0.07356  0.00280  0.01083 -0.07987
                  y  -0.18344 -0.25308 -0.61012  0.00034 -0.02522 -0.03906
                  z   0.08944 -0.23794 -0.27402  0.00182 -0.00576 -0.08788
 11   h           x   0.57771  0.31416  0.23883 -0.01789  0.01748 -0.11383
                  y  -0.28716 -0.02039  0.09481  0.01047 -0.00397  0.06895
                  z   0.17216 -0.36585 -0.57542 -0.00823 -0.00744 -0.20768
 12   h           x  -0.42867 -0.20853  0.10677  0.01334  0.05627  0.06525
                  y   0.22786 -0.02943  0.01967 -0.00736 -0.00757 -0.00136
                  z  -0.18533  0.55001 -0.27348  0.00409 -0.00051  0.02034
 13   h           x   0.00889  0.07390 -0.03132  0.00037  0.00120  0.01547
                  y  -0.00569 -0.23665  0.10423 -0.00011 -0.00958 -0.03468
                  z   0.00307 -0.11307  0.05091 -0.00050 -0.00482 -0.01058
 14   h           x   0.01902 -0.09437  0.04511 -0.00484  0.11077 -0.01842
                  y  -0.00934  0.08104 -0.04833 -0.00126  0.25326  0.01841
                  z   0.05712 -0.20731  0.11731  0.00641 -0.65628 -0.03540
 15   h           x  -0.08217  0.16393 -0.07027  0.00170 -0.26549 -0.01625
                  y   0.00938 -0.03547  0.03157  0.00610 -0.43328 -0.00882
                  z  -0.07590  0.13796 -0.05240  0.00626 -0.47162 -0.01358
 16   h           x  -0.03636  0.00016  0.01063  0.51559  0.00485  0.01940
                  y   0.04536  0.00366  0.00065 -0.34380 -0.00280 -0.01365
                  z  -0.02212 -0.00156 -0.00074  0.41343  0.00452 -0.11639
 17   h           x  -0.15068  0.00802  0.02095  0.15704  0.00185 -0.17218
                  y   0.23200 -0.01362 -0.04450 -0.57030 -0.00790  0.43262
                  z   0.07496 -0.00653 -0.01361 -0.27626 -0.00380  0.19177

reduced mass(g/mol)     1.985    1.631    1.227    1.236    1.104    8.820


       mode              43       44       45       46       47       48

     frequency        1801.37  3029.31  3069.99  3110.13  3485.82  3570.57

     symmetry            a        a        a        a        a        a   

        IR               YES      YES      YES      YES      YES      YES
|dDIP/dQ|   (a.u.)     0.0125   0.0027   0.0018   0.0016   0.0008   0.0015
intensity (km/mol)     275.85    13.03     5.64     4.36     1.21     3.83
intensity (  %   )      97.82     4.62     2.00     1.55     0.43     1.36
 
       RAMAN             YES      YES      YES      YES      YES      YES
 
  1   c           x  -0.00212  0.02205  0.04675 -0.00904 -0.00034  0.00007
                  y   0.00590 -0.01884  0.07466 -0.01561 -0.00022  0.00011
                  z  -0.00814 -0.06280 -0.01764  0.00288 -0.00049 -0.00008
  2   c           x  -0.03208  0.00015 -0.00523 -0.02797 -0.00161 -0.00140
                  y  -0.04102  0.00152 -0.01463 -0.07461  0.00249 -0.00172
                  z   0.03037 -0.00094 -0.00464 -0.02112  0.00073 -0.00035
  3   c           x   0.19483 -0.00076 -0.00010  0.00035  0.00032  0.00013
                  y   0.63445 -0.00035  0.00060 -0.00200  0.00026  0.00007
                  z  -0.13474  0.00058 -0.00028 -0.00058 -0.00015 -0.00026
  4   o           x  -0.10586 -0.00001  0.00013  0.00003 -0.00002  0.00005
                  y  -0.40365  0.00023 -0.00040  0.00088 -0.00007  0.00008
                  z   0.06572  0.00001 -0.00007 -0.00017  0.00003 -0.00001
  5   o           x  -0.01119  0.00011 -0.00004 -0.00009 -0.00001  0.00000
                  y  -0.06161 -0.00001 -0.00010  0.00028 -0.00001  0.00001
                  z   0.00406 -0.00009  0.00006  0.00015  0.00000  0.00000
  6   n           x   0.00753 -0.00005 -0.00017  0.00081 -0.00162 -0.03982
                  y  -0.00001  0.00004  0.00021  0.00241  0.02447 -0.06703
                  z   0.01798  0.00055  0.00014  0.00009  0.05005  0.02361
  7   c           x  -0.00354  0.00119 -0.00008  0.00023  0.00002  0.00003
                  y   0.03002 -0.00104  0.00124 -0.00103  0.00012  0.00001
                  z   0.02567 -0.00051 -0.00049 -0.00089  0.00021 -0.00001
  8   o           x   0.00147 -0.00016  0.00007 -0.00030 -0.00001 -0.00001
                  y  -0.01628  0.00053 -0.00010  0.00056 -0.00006  0.00000
                  z  -0.01605  0.00046 -0.00030  0.00024 -0.00009  0.00000
  9   n           x   0.00391 -0.00031  0.00001  0.00003 -0.00007 -0.00015
                  y  -0.00835  0.00025 -0.00038  0.00021 -0.00000  0.00019
                  z  -0.00106 -0.00013 -0.00004  0.00024 -0.00010 -0.00006
 10   h           x   0.03924 -0.45888 -0.28663  0.05410  0.00210  0.00061
                  y  -0.09392 -0.27675 -0.15961  0.02783 -0.00045 -0.00073
                  z  -0.02035  0.63939  0.41580 -0.07428 -0.00070  0.00014
 11   h           x   0.04308  0.19513 -0.27820  0.05533  0.00166 -0.00101
                  y   0.01353  0.49904 -0.74505  0.16305 -0.00110  0.00070
                  z  -0.05351  0.10881 -0.19228  0.04038  0.00030 -0.00003
 12   h           x  -0.11980 -0.00486  0.07124  0.32694 -0.00431  0.00739
                  y  -0.03686 -0.01375  0.18278  0.88037 -0.01372  0.01572
                  z   0.18945 -0.00263  0.05595  0.26424 -0.00372  0.00443
 13   h           x  -0.10459  0.00035  0.00043  0.00051 -0.00033 -0.00046
                  y   0.39598 -0.00017  0.00080  0.00140 -0.00008 -0.00007
                  z   0.17026 -0.00042  0.00014  0.00049  0.00008  0.00042
 14   h           x   0.04205  0.00169 -0.00272 -0.00263 -0.25176  0.17010
                  y   0.07166 -0.00136 -0.00416 -0.02311 -0.69283  0.53673
                  z  -0.19133  0.00053 -0.00312 -0.00392 -0.27284  0.23411
 15   h           x  -0.09241  0.00228  0.00065 -0.00553  0.29578  0.39016
                  y  -0.12180 -0.00048 -0.00068 -0.00109  0.33842  0.39590
                  z  -0.14366  0.00088  0.00084  0.00095 -0.42047 -0.55878
 16   h           x   0.00211 -0.00114  0.00316 -0.00069  0.00004 -0.00011
                  y   0.00539 -0.00079  0.00203 -0.00088  0.00020 -0.00222
                  z  -0.01553 -0.00322  0.00171 -0.00086  0.00024 -0.00198
 17   h           x  -0.00612  0.00178 -0.00078  0.00017  0.00017  0.00205
                  y   0.02620  0.00136 -0.00153 -0.00024  0.00010 -0.00041
                  z   0.01163  0.00357 -0.00061 -0.00016  0.00039  0.00287

reduced mass(g/mol)     8.861    1.061    1.100    1.087    1.048    1.094


       mode              49       50       51

     frequency        3574.81  3703.63  3717.73

     symmetry            a        a        a   

        IR               YES      YES      YES
|dDIP/dQ|   (a.u.)     0.0046   0.0046   0.0058
intensity (km/mol)      37.45    37.18    60.26
intensity (  %   )      13.28    13.18    21.37
 
       RAMAN             YES      YES      YES
 
  1   c           x   0.00010  0.00005  0.00002
                  y   0.00027 -0.00009 -0.00005
                  z   0.00072  0.00039  0.00010
  2   c           x   0.00003  0.00010  0.00020
                  y   0.00002 -0.00013  0.00040
                  z  -0.00007 -0.00005 -0.00050
  3   c           x  -0.00005 -0.00001 -0.00224
                  y   0.00003  0.00002 -0.00009
                  z   0.00003 -0.00000  0.00254
  4   o           x   0.00003 -0.00000  0.00015
                  y  -0.00001 -0.00001 -0.00083
                  z  -0.00000  0.00000 -0.00030
  5   o           x  -0.00003 -0.00011 -0.03865
                  y  -0.00005 -0.00007 -0.02376
                  z   0.00004  0.00011  0.04084
  6   n           x   0.00017 -0.00004  0.00004
                  y   0.00030  0.00001 -0.00004
                  z  -0.00011 -0.00005 -0.00000
  7   c           x   0.00125 -0.00115 -0.00005
                  y  -0.00063 -0.00004  0.00008
                  z  -0.00018 -0.00144  0.00006
  8   o           x   0.00010  0.00002  0.00004
                  y  -0.00070  0.00041 -0.00003
                  z  -0.00057  0.00049 -0.00004
  9   n           x  -0.03121 -0.02855  0.00014
                  y   0.04127 -0.03616  0.00001
                  z  -0.01384 -0.07273  0.00019
 10   h           x   0.00189  0.00097  0.00017
                  y   0.00020  0.00016  0.00056
                  z  -0.00160 -0.00072 -0.00027
 11   h           x  -0.00012  0.00034 -0.00036
                  y  -0.00476  0.00156  0.00028
                  z  -0.00087  0.00077  0.00030
 12   h           x  -0.00038  0.00015  0.00093
                  y  -0.00014  0.00078 -0.00034
                  z  -0.00021  0.00025 -0.00129
 13   h           x   0.00068  0.00169  0.63297
                  y   0.00054  0.00106  0.38700
                  z  -0.00080 -0.00175 -0.66771
 14   h           x  -0.00075  0.00025  0.00000
                  y  -0.00224  0.00037  0.00004
                  z  -0.00102  0.00021  0.00027
 15   h           x  -0.00188 -0.00012  0.00062
                  y  -0.00174 -0.00018  0.00018
                  z   0.00252  0.00022 -0.00039
 16   h           x  -0.03699  0.04344 -0.00016
                  y  -0.46515  0.57877 -0.00098
                  z  -0.42426  0.51499 -0.00079
 17   h           x   0.45142  0.36412 -0.00149
                  y  -0.08879 -0.08253  0.00033
                  z   0.62265  0.50110 -0.00199

reduced mass(g/mol)     1.045    1.104    1.064
 

         **************************************************************
         *                                                            *
         *  zero point VIBRATIONAL energy  :      0.1344461  Hartree  *
         *    SCF-energy                   :   -492.3977498           *
         *    SCF + E(vib0)                :   -492.2633037           *
         *                                                            *
         **************************************************************




 time elapsed for vibrational analysis     0.82 sec


    ------------------------------------------------------------------------
         total  cpu-time : 50 minutes and 58 seconds
         total wall-time :  3 minutes and 40 seconds
    ------------------------------------------------------------------------

   ****  force : all done  ****


    2026-04-15 19:59:31.205 

aoforce ended normally 
