
   OpenMP run-time library returned nthreads = 16

 ridft (s02r2b31) : TURBOMOLE rev. V7-8-1 compiled 26 Feb 2024 at 17:12:58
 Copyright (C) 2024 TURBOMOLE GmbH, Karlsruhe


    2026-04-15 22:05:15.344 



                                  r i d f t

                        DFT program with RI approximation 
                                for coulomb part 





                                 References:     
                                                 
          TURBOMOLE:                             
              R. Ahlrichs, M. Baer, M. Haeser, H. Horn, and
              C. Koelmel
              Electronic structure calculations on workstation
              computers: the program system TURBOMOLE
              Chem. Phys. Lett. 162: 165 (1989)
          Density Functional:                              
              O. Treutler and R. Ahlrichs                      
              Efficient Molecular Numerical Integration Schemes
              J. Chem. Phys. 102: 346 (1995)                   
          Parallel Version:                                
              Performance of parallel TURBOMOLE for Density    
              Functional Calculations                          
              M. v. Arnim and R. Ahlrichs                      
              J. Comp. Chem. 19: 1746 (1998)                   
          RI-J Method:                                     
              Auxiliary Basis Sets to approximate Coulomb      
              Potentials                                       
              Chem. Phys. Lett. 240: 283 (1995)                
              K. Eichkorn, O. Treutler, H. Oehm, M. Haeser     
              and R. Ahlrichs                                  
              Chem. Phys. Lett. 242: 652 (1995)                
                                                           
              Auxiliary Basis Sets for Main Row Atoms and their
              Use to approximate Coulomb Potentials            
              K. Eichkorn, F. Weigend, O. Treutler and         
              R. Ahlrichs                                      
              Theo. Chem. Acc. 97: 119 (1997)                  
                                                           
              Accurate Coulomb-fitting basis sets for H to Rn 
              F. Weigend                                       
              Phys. Chem. Chem. Phys. 8: 1057 (2006)           
                                                           
          Multipole accelerated RI-J (MARI-J):             
              Fast evaluation of the Coulomb potential for     
              electron densities using multipole accelerated   
              resolution of identity approximation             
              M. Sierka, A. Hogekamp and R. Ahlrichs           
              J. Chem. Phys. 118: 9136 (2003)                  
          RI-JK Method:                                     
              A fully direct RI-HF algorithm: Implementation,
              optimised auxiliary basis sets, demonstration of
              accuracy and efficiency                         
              F. Weigend                                      
              Phys. Chem. Chem. Phys. 4: 4285 (2002)           
          Two-component HF and DFT with spin-orbit coupling:  
              Self-consistent treatment of spin-orbit         
              interactions with efficient Hartree-Fock and    
              density functional methods                      
              M. K. Armbruster, F. Weigend, C. van Wüllen and 
              W. Klopper                                      
              Phys. Chem. Chem. Phys. 10: 1748 (2008)         
          Two-component difference density and DIIS algorithm 
              Efficient two-component self-consistent field   
              procedures and gradients: implementation in     
              TURBOMOLE and application to Au20-              
              A. Baldes, F. Weigend                           
              Mol. Phys. 111: 2617 (2013)                     
          Relativistic current density functional theory      
              Current density functional framework for        
              spin-orbit coupling                             
              C. Holzer, Y. J. Franzke, A. Pausch             
              J. Chem. Phys. 157: 204102 (2022)               
          Relativistic all-electron 2c calculations           
              An efficient implementation of two-component    
              relativistic exact-decoupling methods for large 
              molecules                                       
              D. Peng, N. Middendorf, F. Weigend, M. Reiher   
              J. Chem. Phys. 138: 184105 (2013)               
          Finite nucleus model and SNSO approximation         
              Efficient implementation of one- and two-       
              component analytical energy gradients in exact  
              two-component theory                            
              Y. J. Franzke, N. Middendorf, F. Weigend        
              J. Chem. Phys. 148: 104110 (2018)               
          Grids for all-electron relativistic methods         
              Error-consistent segmented contracted all-      
              electron relativistic basis sets of double-     
              and triple-zeta quality for NMR shielding       
              constants                                       
              Y. J. Franzke, R. Tress, T. M. Pazdera,         
              F. Weigend                                      
              Phys. Chem. Chem. Phys. 21: 166658 (2019)       
          Seminumerical exchange algorithms                   
              Seminumerical calculation of the Hartree-Fock   
              exchange matirx: Application to two-component   
              procedures and efficient evaluation of local    
              hybrid functionsl                               
              P. Plessow, F. Weigend,                         
              J. Comput. Chem. 33: 810 (2012)                 
          Improved seminumerical algorithms                   
              C. Holzer,                                      
              J. Chem. Phys. 153 (2020), 184115               






          OpenMP Shared-Memory Parallelization: 16 CPUs.

            By: Christof Holzer and Yannick J. Franzke


              +--------------------------------------------------+
              |      general information about current run       |
              +--------------------------------------------------+

 
 Becke-3-Parameter hybrid functional: B3-LYP
 exchange:    0.8*LDA + 0.72*B88 + 0.2*HF
 correlation: 0.19*LDA(VWN) + 0.81*LYP
 A Hybrid-DFT calculation using the RI-J approximation will be carried out.
 Allocatable memory for RI due to $ricore (MB):                  8000


              +--------------------------------------------------+
              | Atomic coordinate, charge and isotop information |
              +--------------------------------------------------+

                    atomic coordinates            atom    charge  isotop
          9.33935224    1.06973779   -0.66479937    c      6.000     0
          8.52663908   -0.86805146    1.31361093    c      6.000     0
          6.28710484   -0.06299297    2.71071768    n      7.000     0
          3.87448339   -0.62325133    1.50862624    c      6.000     0
          1.67789615    0.33267363    3.13941475    c      6.000     0
         -0.85820045   -0.16099289    2.18676306    n      7.000     0
         -1.52169927    1.08084282   -0.18854425    c      6.000     0
         -4.37879947    1.12811712   -0.57169511    c      6.000     0
         -5.43301295   -1.42258665   -0.54340184    n      7.000     0
         -7.80279051   -1.87122458   -1.88065287    c      6.000     0
        -10.23446599   -0.79154404   -0.73476041    c      6.000     0
        -10.42885836    1.95751553   -1.01543603    n      7.000     0
         11.57137185    0.15525248   -2.02471420    n      7.000     0
          7.73427272    1.51214980   -1.90806400    h      1.000     0
          9.84120669    2.81914483    0.30794481    h      1.000     0
          8.24231859   -2.71396319    0.38140892    h      1.000     0
         10.08568034   -1.11133812    2.64289288    h      1.000     0
          6.31547443   -0.82614111    4.46479946    h      1.000     0
          3.82575145    0.31017615   -0.33197942    h      1.000     0
          3.61842521   -2.66587356    1.14541166    h      1.000     0
          1.82235803   -0.52691611    5.01858518    h      1.000     0
          1.89271434    2.36945910    3.41150793    h      1.000     0
         -1.13632091   -2.04818197    2.00906809    h      1.000     0
         -0.83510298    3.02976485   -0.09990342    h      1.000     0
         -0.64469500    0.18818196   -1.84835260    h      1.000     0
         -5.20048623    2.36674345    0.88440093    h      1.000     0
         -4.79513802    1.97694512   -2.40693629    h      1.000     0
         -5.55301689   -2.06312829    1.25632413    h      1.000     0
         -7.60169368   -1.14548102   -3.80485776    h      1.000     0
         -8.04064771   -3.92184577   -2.02914855    h      1.000     0
        -10.38291744   -1.44023330    1.23992915    h      1.000     0
        -11.83100402   -1.62735505   -1.74980837    h      1.000     0
         -9.19316177    2.85986475    0.13384650    h      1.000     0
        -12.17961381    2.56319263   -0.53149138    h      1.000     0
         11.12603372   -1.34257977   -3.13430876    h      1.000     0
         12.27054051    1.51392108   -3.17713003    h      1.000     0
 
       center of nuclear mass  :    0.04798018    0.00046763    0.22909310
       center of nuclear charge:    0.03993873    0.00078938    0.21319660

              +--------------------------------------------------+
              |               basis set information              |
              +--------------------------------------------------+

              we will work with the 1s 3p 5d 7f 9g ... basis set
              ...i.e. with spherical basis functions...

   type   atoms  prim   cont   basis
   ---------------------------------------------------------------------------
    c        8     46     31   def2-TZVP   [5s3p2d1f|11s6p2d1f]
    n        5     46     31   def2-TZVP   [5s3p2d1f|11s6p2d1f]
    h       23      8      6   def2-TZVP   [3s1p|5s1p]
   ---------------------------------------------------------------------------
   total:   36    782    541
   ---------------------------------------------------------------------------

   total number of primitive shells          :   46
   total number of contracted shells         :  235
   total number of cartesian basis functions :  606
   total number of SCF-basis functions       :  541


 integral neglect threshold       :  0.55E-11
 integral storage threshold THIZE :  0.10E-04
 integral storage threshold THIME :         5

 RI-J AUXILIARY BASIS SET information:

              we will work with the 1s 3p 5d 7f 9g ... basis set
              ...i.e. with spherical basis functions...

   type   atoms  prim   cont   basis
   ---------------------------------------------------------------------------
    c        8     70     49   def2-TZVP   [6s4p3d1f1g|12s5p4d2f1g]
    n        5     70     49   def2-TZVP   [6s4p3d1f1g|12s5p4d2f1g]
    h       23     16     11   def2-TZVP   [3s1p1d|5s2p1d]
   ---------------------------------------------------------------------------
   total:   36   1278    890
   ---------------------------------------------------------------------------

   total number of primitive shells          :   56
   total number of contracted shells         :  310
   total number of cartesian basis functions : 1069
   total number of SCF-basis functions       :  890


 symmetry group of the molecule :   c1 

 the group has the following generators :
   c1(z)

    1 symmetry operations found

 there are 1 real representations :   a   

 maximum number of shells which are related by symmetry :  1

 ==============================================================================
                      COSMO switched on
 ==============================================================================
 COSMO stati: segments per atom: H   32 other atoms   92
 COSMO statistics: nps   1219 npspher:    440
 COSMO surface:
   number of segments: 1219
   area (bohr**2):      941.207212
   volume (bohr**3):   1793.959826
 COSMO: check number of disjunct cavities:

       ... OK contiguous cavity found
  
           ------------------
           density functional
           ------------------
 Becke-3-Parameter hybrid functional: B3-LYP
 exchange:    0.8*LDA + 0.72*B88 + 0.2*HF
 correlation: 0.19*LDA(VWN) + 0.81*LYP
 iterations will be done with small grid
  
 spherical integration : Lebedev's spherical grid
 spherical gridsize    :                     4
    i.e. gridpoints    :                   434
  maximum batchsize    :                   100
 value for diffuse not defined
 radial integration    : Chebyshev 2nd kind (scaling 3)
 radial gridsize       :                     6
 integration cells     :                    36
 partition function    : becke
 partition sharpness   :                     3
  

 biggest AO integral is expected to be     6.862573055

          ------------------------
          nuclear repulsion energy  :   810.962587979    
          ------------------------


         -----------------
         -S,T+V- integrals
         -----------------

 1e-integrals will be neglected if expon. factor < 0.551479E-12
 
 Difference densities algorithm switched on.
 The maximal number of linear combinations of
 difference densities is  20.

 DIIS switched on: error vector is FDS-SDF
 Max. Iterations for DIIS is     :   4
 DIIS matrix (see manual) 
    Scaling factor of diagonals  :  1.200
    threshold for scaling factor :  0.000

 scf convergence criterion : increment of total energy < .1000000D-06
                  and increment of one-electron energy < .1000000D-03

 MOs are in ASCII format !


    mo occupation :
   irrep   mo's   occupied
    a      541       53
 
 number of basis functions   :   541
 number of occupied orbitals :    53
 

 reading orbital data $scfmo  from file mos
 orbital characterization : scfconv=7
 mo-orthogonalization by Cholesky decomposition

 automatic virtual orbital shift switched on 
      shift if e(lumo)-e(homo) < 0.10000000    

  
           ------------------------
               RI-J - INFORMATION
           ------------------------
 Contributions to RI integral batches: 
  neglected integral batches:                 10048
  direct contribution:                            0
  memory contribution:                 17682
 Memory core needed for (P|Q) and Cholesky      7 MByte
 Memory core minimum needed except of (P|Q)     2 MByte
 Total minimum memory core needed (sum)         8 MByte
  
 ****************************************
 Memory allocated for RI-J   928 MByte
 ****************************************
                                            

 dump of DSCF restart information has been disabled !


 Starting SCF iterations

          Overall gridpoints after grid construction =         86082

 ITERATION  ENERGY          1e-ENERGY        2e-ENERGY     NORM[dD(SAO)]  TOL
   1  -592.28285289589    -2410.6425631     1007.3971223    0.000D+00 0.550D-11
                            Exc = -69.8672783002     Coul =  1093.82840484    
                            exK = -16.5640042914    
                              N = 106.00019807    
                          Ediel =-0.202250097750E-01
                            current damping = 0.300
 
          max. resid. norm for Fia-block=  1.130D-02 for orbital     50a         
          max. resid. fock norm         =  1.396D-02 for orbital    115a         

 ITERATION  ENERGY          1e-ENERGY        2e-ENERGY     NORM[dD(SAO)]  TOL
   2  -592.28540646956    -2411.0827623     1007.8347678    0.269D+00 0.350D-11
                            Exc = -69.8864739354      Eck =  1077.72124178    
                              N = 106.00020656    
                          Ediel =-0.252009180581E-01
                            current damping = 0.250
 
          Norm of current diis error: 0.48093E-01
          max. resid. norm for Fia-block=  4.522D-03 for orbital     50a         
          max. resid. fock norm         =  4.588D-03 for orbital     50a         

 ITERATION  ENERGY          1e-ENERGY        2e-ENERGY     NORM[dD(SAO)]  TOL
   3  -592.28568156815    -2410.7581778     1007.5099083    0.597D-01 0.278D-11
                            Exc = -69.8603782274      Eck =  1077.37028648    
                              N = 106.00020832    
                          Ediel =-0.259540577476E-01
                            current damping = 0.200
 
          Norm of current diis error: 0.33410E-01
          max. resid. norm for Fia-block=  1.144D-03 for orbital     49a         
          max. resid. fock norm         =  1.272D-03 for orbital     49a         

 ITERATION  ENERGY          1e-ENERGY        2e-ENERGY     NORM[dD(SAO)]  TOL
   4  -592.28575192755    -2410.8969200     1007.6485801    0.119D-01 0.254D-11
                            Exc = -69.8703689170      Eck =  1077.51894906    
                              N = 106.00020991    
                          Ediel =-0.264646077380E-01
                            current damping = 0.250
 
          Norm of current diis error: 0.70926E-02
          max. resid. norm for Fia-block=  4.896D-04 for orbital     49a         
          max. resid. fock norm         =  5.251D-04 for orbital     50a         

 ITERATION  ENERGY          1e-ENERGY        2e-ENERGY     NORM[dD(SAO)]  TOL
   5  -592.28575653988    -2410.8995360     1007.6511915    0.289D-02 0.236D-11
                            Exc = -69.8699729995      Eck =  1077.52116448    
                              N = 106.00021023    
                          Ediel =-0.266333346891E-01
                            current damping = 0.100
 
          Norm of current diis error: 0.27330E-02
          max. resid. norm for Fia-block=  1.529D-04 for orbital     50a         
          max. resid. fock norm         =  1.763D-04 for orbital     50a         
          mo-orthogonalization: Cholesky decomposition

 ITERATION  ENERGY          1e-ENERGY        2e-ENERGY     NORM[dD(SAO)]  TOL
   6  -592.28575702415    -2410.8938929     1007.6455479    0.117D-02 0.226D-11
                            Exc = -69.8697412647      Eck =  1077.51528920    
                              N = 106.00021031    
                          Ediel =-0.266915338732E-01
                            current damping = 0.150
 
          Norm of current diis error: 0.16097E-02
          max. resid. norm for Fia-block=  5.326D-05 for orbital     53a         
          max. resid. fock norm         =  8.541D-05 for orbital    541a         

 ITERATION  ENERGY          1e-ENERGY        2e-ENERGY     NORM[dD(SAO)]  TOL
   7  -592.28575716233    -2410.8974129     1007.6490678    0.240D-03 0.221D-11
                            Exc = -69.8698931503      Eck =  1077.51896095    
                              N = 106.00021038    
                          Ediel =-0.266970677617E-01
                            current damping = 0.200
 
          Norm of current diis error: 0.25461E-03
          max. resid. norm for Fia-block=  1.521D-05 for orbital     53a         
          max. resid. fock norm         =  3.012D-05 for orbital    541a         

 ITERATION  ENERGY          1e-ENERGY        2e-ENERGY     NORM[dD(SAO)]  TOL
   8  -592.28575716491    -2410.8985219     1007.6501768    0.127D-03 0.218D-11
                            Exc = -69.8699505352      Eck =  1077.52012731    
                              N = 106.00021038    
                          Ediel =-0.267013574463E-01
                            current damping = 0.100
 
          Norm of current diis error: 0.20320E-03
          max. resid. norm for Fia-block=  7.748D-06 for orbital     53a         
          max. resid. fock norm         =  1.340D-05 for orbital    541a         

 ITERATION  ENERGY          1e-ENERGY        2e-ENERGY     NORM[dD(SAO)]  TOL
   9  -592.28575716786    -2410.8977852     1007.6494401    0.168D-04 0.215D-11
                            Exc = -69.8699072289      Eck =  1077.51934728    
                              N = 106.00021039    
                          Ediel =-0.267018728325E-01
                            current damping = 0.150
 
          Norm of current diis error: 0.36816E-04
          max. resid. norm for Fia-block=  1.585D-06 for orbital     50a         
          max. resid. fock norm         =  2.181D-06 for orbital    475a         

 ENERGY CONVERGED !

          Overall gridpoints after grid construction =        324579

 ITERATION  ENERGY          1e-ENERGY        2e-ENERGY     NORM[dD(SAO)]  TOL
  10  -592.28568168146    -2410.8979527     1007.6496830    0.613D-05 0.212D-11
                            Exc = -69.8698447464      Eck =  1077.51952779    
                              N = 105.99997514    
                          Ediel =-0.267022859658E-01
                            current damping = 0.200
 
          Norm of current diis error: 0.25551E-04
          max. resid. norm for Fia-block=  8.981D-07 for orbital     50a         
          max. resid. fock norm         =  1.136D-06 for orbital    475a         

 End of SCF iterations

   convergence criteria satisfied after    10 iterations


                  ------------------------------------------ 
                 |  total energy      =   -592.28568168146  |
                  ------------------------------------------ 
                 :  kinetic energy    =    589.51639226355  :
                 :  potential energy  =  -1181.80207394501  :
                 :  virial theorem    =      1.99532440256  :
                 :  wavefunction norm =      1.00000000000  :
                  .......................................... 


 <geterg> : there is no data group $energy 


 <skperg> : $end is missing 


 orbitals $scfmo  will be written to file mos

    irrep                 49a         50a         51a         52a         53a   
 eigenvalues H         -0.24520    -0.24456    -0.22934    -0.22485    -0.21344
            eV          -6.6722     -6.6548     -6.2408     -6.1186     -5.8080
 occupation              2.0000      2.0000      2.0000      2.0000      2.0000

    irrep                 54a         55a         56a         57a         58a   
 eigenvalues H          0.03713     0.04305     0.04796     0.05654     0.05721
            eV           1.0103      1.1716      1.3049      1.5386      1.5568
 
 ==============================================================================
                                  COSMO RESULTS
 ==============================================================================
  PARAMETER:
    nppa:      1082
    nspa:        92
    nsph:        32
    nps:       1219
    npspher:    440
    disex:   10.0000    
    disex2:  3545.23    
    rsolv [A]: 1.3000
    routf:     0.8500
    phsran:    0.0    
    ampran:   0.10E-04
    cavity:  closed
    solvent: not set
    source:  Custom values, not taken from cosmosolvent list!                                                                        
    epsilon: infinity
    refind:      1.300 ( 25.0 C)
    fepsi:       1.0000000
  CAVITY VOLUME/AREA [a.u.]:
    surface: V1.0, A matrix: V1.0
    area:   941.21
    volume:  1793.96
  SCREENING CHARGE:
    cosmo      :  -0.045611
    correction :   0.044668
    total      :  -0.000943
  ENERGIES [a.u.]:
    Total energy            =      -592.2856816814623
    Total energy + OC corr. =      -592.2864491550
    Dielectric energy       =        -0.0267022860
    Diel. energy + OC corr. =        -0.0274697595
  ELEMENT RADIUS [A]: ATOM LIST
    c  2.00: 1,2,4,5,7,8,10,11
    n  1.83: 3,6,9,12,13
    h  1.30: 14-36
 ==============================================================================
 
 
 
 ==============================================================================
                           electrostatic moments
 ==============================================================================

 reference point for electrostatic moments:    0.00000   0.00000   0.00000

 
              nuc           elec       ->  total
 ------------------------------------------------------------------------------
                          charge      
 ------------------------------------------------------------------------------
         106.000000    -106.000000      -0.000000
 
 ------------------------------------------------------------------------------
                       dipole moment  
 ------------------------------------------------------------------------------
   x       4.233506      -4.888027      -0.654522
   y       0.083675      -0.528485      -0.444810
   z      22.598839     -22.491743       0.107096
 
   | dipole moment | =     0.7986 a.u. =     2.0298 debye 
 
 ------------------------------------------------------------------------------
                     quadrupole moment
 ------------------------------------------------------------------------------
  xx    5737.853912   -5802.516052     -64.662140
  yy     195.209884    -256.887641     -61.677757
  zz     363.397414    -425.437322     -62.039908
  xy      28.700141     -28.039854       0.660287
  xz     331.646819    -341.914725     -10.267906
  yz     -10.956012       8.892597      -2.063415
 
     1/3  trace=     -62.793268
     anisotropy=      18.393683
 
 ==============================================================================
 
HOMO-LUMO Separation
 HOMO         :   -0.21344006 H =     -5.80800 eV
 LUMO         :    0.03712858 H =     +1.01032 eV
 HOMO-LUMO gap:    0.25056864 H =     +6.81832 eV
 
 ==============================================================================


    ------------------------------------------------------------------------
         total  cpu-time :  8 minutes and 44 seconds
         total wall-time :  34.11 seconds
    ------------------------------------------------------------------------

   ****  ridft : all done  ****


    2026-04-15 22:05:49.418 

 ridft ended normally
