
   OpenMP run-time library returned nthreads = 16

 force (s02r2b15) : TURBOMOLE rev. V7-8-1 compiled 26 Feb 2024 at 17:12:58
 Copyright (C) 2024 TURBOMOLE GmbH, Karlsruhe


    2026-04-15 19:55:50.980 



                             T U R B O M O L E   

                          a o f o r c e - program

                        using direct algorithms for

                       SCF level calculations of
                         * harmonic force constants
                         * hyperpolarizabilities
                         * IR and RAMAN intensities
                         * VCD intensities

                       DFT level calculations of
                         * harmonic force constants
                         * IR intensities
                                                   
       Stephan Boecker, Peter Deglmann, Filipp Furche and Marco Haeser
                          Quantum Chemistry Group
                          Universitaet  Karlsruhe
                                   Germany

 
 

          OpenMP Shared-Memory Parallelization: 16 CPUs.

            By: Erik P. Almaraz and Filipp Furche
            Copyright 2009-2011 by UCI and TURBOMOLE GmbH.

            Revised By: Christof Holzer and Yannick J. Franzke.

 
 
     References :
 
       RI-J implementation:
         Peter Deglmann, Klaus May, Filipp Furche, Reinhart Ahlrichs
                 Chem. Phys. Lett. 384:103 (2004)
 
       Efficiency, technical details:
         Peter Deglmann, Filipp Furche, Reinhart Ahlrichs
                 Chem. Phys. Lett. 362:511 (2002)
 
       Search of lowest eigenvalues by iterative diagonalization:
         Peter Deglmann, Filipp Furche
                 J. Chem. Phys. 117:9535 (2002)
 
       Vibrational circular dichroism implementation:
        Kevin Reiter, Michael Kuehn, Florian Weigend
                 J. Chem. Phys. 146:054102 (2017)  
 
 


              +--------------------------------------------------+
              | Atomic coordinate, charge and isotop information |
              +--------------------------------------------------+

                    atomic coordinates            atom    charge  isotop
         -1.43729508    0.09785712    0.16198942    c      6.000     0
          1.37148711   -0.48786773   -0.17074296    c      6.000     0
          3.05027244    1.76333532    0.47545874    c      6.000     0
          5.83312396    1.22817622    0.15282534    c      6.000     0
          6.74992359   -0.72837953   -0.55534570    o      8.000     0
          7.25601667    3.26739727    0.76703905    o      8.000     0
         -3.10970796   -2.19082263   -0.48457239    c      6.000     0
         -5.86967349   -1.61283368   -0.08488637    c      6.000     0
         -7.05379513   -2.04804619    1.80786417    o      8.000     0
         -6.91511892   -0.45081001   -2.11726020    o      8.000     0
         -1.81023865    0.67155514    2.11343057    h      1.000     0
         -1.97158252    1.69214869   -1.04092895    h      1.000     0
          1.74041128   -1.07503844   -2.11656741    h      1.000     0
          1.89904616   -2.09268640    1.01808137    h      1.000     0
          2.59467339    3.40342586   -0.70072212    h      1.000     0
          2.75799173    2.38545495    2.42670184    h      1.000     0
          9.00953156    2.79333543    0.51448283    h      1.000     0
         -2.63235441   -3.77903738    0.73784591    h      1.000     0
         -2.80132440   -2.74743502   -2.44709824    h      1.000     0
         -8.66138543   -0.08972711   -1.68763087    h      1.000     0
 
       center of nuclear mass  :   -0.00838323   -0.08639037   -0.01473609
       center of nuclear charge:   -0.00704846   -0.07345698   -0.02132815

              +--------------------------------------------------+
              |               basis set information              |
              +--------------------------------------------------+

              we will work with the 1s 3p 5d 7f 9g ... basis set
              ...i.e. with spherical basis functions...

   type   atoms  prim   cont   basis
   ---------------------------------------------------------------------------
    c        6     46     31   def2-TZVP   [5s3p2d1f|11s6p2d1f]
    o        4     46     31   def2-TZVP   [5s3p2d1f|11s6p2d1f]
    h       10      8      6   def2-TZVP   [3s1p|5s1p]
   ---------------------------------------------------------------------------
   total:   20    540    370
   ---------------------------------------------------------------------------

   total number of primitive shells          :   46
   total number of contracted shells         :  150
   total number of cartesian basis functions :  420
   total number of SCF-basis functions       :  370

 
             FOUND RI-J FLAG !
 

 NOTE: THIS IS A PRELIMINARY IMPLEMENTATION. THE RI APPROXIMATION IS
       PRESENTLY USED FOR CPKS CONTRIBUTIONS TO THE HESSIAN ONLY! SEE
       MANUAL FOR FURTHER DETAILS.

  
 AUXILIARY BASIS SET information:

              we will work with the 1s 3p 5d 7f 9g ... basis set
              ...i.e. with spherical basis functions...

   type   atoms  prim   cont   basis
   ---------------------------------------------------------------------------
    c        6     70     49   def2-TZVP   [6s4p3d1f1g|12s5p4d2f1g]
    o        4     70     49   def2-TZVP   [6s4p3d1f1g|12s5p4d2f1g]
    h       10     16     11   def2-TZVP   [3s1p1d|5s2p1d]
   ---------------------------------------------------------------------------
   total:   20    860    600
   ---------------------------------------------------------------------------

   total number of primitive shells          :   56
   total number of contracted shells         :  200
   total number of cartesian basis functions :  730
   total number of SCF-basis functions       :  600


 symmetry group of the molecule :   c1 

 the group has the following generators :
   c1(z)

    1 symmetry operations found

 there are 1 real representations :   a   

 maximum number of shells which are related by symmetry :  1


 determining totally symmetric integral contributions 
    - equivalent to irreducible tensor elements - 
 which can be formed within each triple of representations :

             representation triple      contributions

              a     a     a               1
  MOs are in ASCII format !

  MOs are in ASCII format !


    mo occupation :
   irrep   mo's   occupied
    a      370       39
 
 number of basis functions   :   370
 number of occupied orbitals :    39
 

 reading orbital data $scfmo  from file mos
 orbital characterization : scfconv=7
 time elapsed for calculating density matrices :   0.231 sec
 all orbitals will be included in the transformation

 number of non-frozen orbitals          :   370
 number of non-frozen occupied orbitals :    39


 Blocking parameters 
 shells:
    index      start shell   last shell  start bf    last bf    #bf 
       1             1         150             1        420    420
          size of I/O Block in Byte:               84672000
  
           ----------------------
               RI - INFORMATION
           ----------------------

 biggest AO integral is expected to be     7.998976882

 Threshold for integral neglect (rithr2):   0.60E-11
 Threshold for integral neglect (rithr1):   0.60E-11

 Contributions to RI integral batches: 
  neglected integral batches:                  2449
  direct contribution:                            0
  memory contribution:                  8876
 Core memory available (ricore)            5000 MiB
 Core memory needed for (P|Q) and Cholesky 3 MiB
 Core memory used for integrals            375 MiB
  
 ****************************************
 Memory allocated for RIDFT 378 MiB
 ****************************************
                                            
  
           ------------------
           density functional
           ------------------
 Becke-3-Parameter hybrid functional: B3-LYP
 exchange:    0.8*LDA + 0.72*B88 + 0.2*HF
 correlation: 0.19*LDA(VWN) + 0.81*LYP
 iterations will be done with small grid
  
 spherical integration : Lebedev's spherical grid
 spherical gridsize    :                     3
    i.e. gridpoints    :                   302
  maximum batchsize    :                   100
 value for diffuse not defined
 radial integration    : Chebyshev 2nd kind (scaling 3)
 radial gridsize       :                     3
 integration cells     :                    20
 partition function    : becke
 partition sharpness   :                     3
  
 
 Derivatives of quadrature weights will be included
 
 preparing DFT   numerical integration ....
          Overall gridpoints after grid construction =         96662
 Ordering of quadrature gridpoints disabled.
 
 
 
 
 OCCUPIED-OCCUPIED TENSOR SPACES :

          IRREP   tensor space dimension   number of roots

           a                1521                     54
 
 OCCUPIED-VIRTUAL TENSOR SPACES :

          IRREP   tensor space dimension   number of roots

           a               12909                     54
 
 
 
 
 CONSTRUCTING integral bounds

 setting up bound for integral derivative estimation

 increment for numerical differentiation : 0.00050000
 
 machine precision:   2.220446049250313E-016

 integral neglect threshold       :  0.10E-09
 integral storage threshold THIZE :  0.10E-04
 integral storage threshold THIME :         5

 
 
 
 PREPARING NUMERICAL INTEGRATION
 
 Remaining core memory for DFT =                  7757 MB
 
 Memory needed per atom    =                  2072 KiB
 
     i. e.                    20 atoms per loop

 Calculating ground state density on molecular grid

 Integral of ground state density: N =   77.99997411344833    


 
 
 CONSTRUCTING first deriv. of <mu|x,y,z|nu> -> Dip. deriv.
  dipole integral derivatives will be neglected if
  expon. factor <0.119048E-11
      ...terminated. cpu:       0.46       wall:       0.03
 
 
 
 
 CONSTRUCTING first deriv. of  <mu|nu>
                               <mu|h|nu>    -> RHS
              second deriv. of <mu|nu>      -> Hessian
                               <mu|h|nu>    -> Hessian
                               nucl. rep.   -> Hessian
     integrals are neglected if expon. factor <  1.190476190476190E-013
      ...terminated. cpu:       2.94       wall:       0.19



 CONSTRUCTING second deriv. of 2e energy    -> Hessian
  treating Coulomb (and exchange) contribution
  integrals will be neglected if total contribution <  0.11904762E-08
      ...terminated. cpu:     519.56       wall:      33.23
  treating exchange-correlation contribution
      ...terminated. cpu:     113.02       wall:       7.31
 
 
 
 
 CONSTRUCTING S(i,j)xi
      ...terminated. cpu:       0.31       wall:       0.02
 
 
 
 
 CONSTRUCTING <i|x,y,z|j>*S(i,j)xi          -> Dip. deriv.
      ...terminated. cpu:       0.05       wall:       0.00
 
 
 
 
 CONSTRUCTING epsilon(i)*S(i,j)xi*S(i,j)chi -> Hessian
      ...terminated. cpu:       0.03       wall:       0.00
 
 
 
 
 CONSTRUCTING G(a,i)[S(k,l)xi]              -> RHS
              G(i,j)[S(k,l)xi]*S(i,j)chi    -> Hessian
 
         Maximum core memory set to                   8000 MB
         This corresponds to                  5930 vectors in CAO basis
      ...terminated. cpu:     525.92       wall:      33.89
 
 
 
 
 CONSTRUCTING G(mu,nu)[D(kap,lam)]xi
 
          Maximum core memory set to                   8000 MB
          Atoms treated simultaneously :                    20
 max of dfo   73.7242201677656     
      ...terminated. cpu:     491.88       wall:      30.75




 CONSTRUCTING F(a,i)xi                      -> RHS
              F(i,j)xi*S(i,j)chi            -> Hessian
 
        Maximum core memory set to                  8000 MB
        This corresponds to                 10349 vectors in CAO basis
      ...terminated. cpu:       2.03       wall:       0.13
 
 
 
 
 CONSTRUCTING epsilon(i)*S(a,i)xi           -> RHS
      ...terminated. cpu:       2.04       wall:       0.13





 SOLVING CPHF equations
 
 Residuum convergence criterium   :  1.000000000000000E-005
 
 Maximum number of Davidson iterations set to                    25

 logfile cphf_a    will be constructed


  Switching to small grid for DFT
        preparing DFT   numerical integration ....
          Overall gridpoints after grid construction =         26012

 Calculating ground state density on molecular grid

 Integral of ground state density: N =   77.99960062818906    




                       Nonorthonormal Krylov Space Iteration


 total number of roots to be determined: 54


 maximum core memory set to         8000 MB,
 corresponding to     5905 vectors in CAO basis


 maximum number of simultaneously treated vectors (including degeneracy):       54


 Iteration IRREP Converged      Max. Euclidean
                 roots          residual norm

    1       a        0        1.115431439063543D-01
 
    2       a        0        1.359847454697408D-02
 
    3       a        0        9.662325040364678D-04
 
    4       a        6        6.449064945394257D-05
 
    5       a       54        9.691278025611881D-06
 

 converged!

  Switching to fine grid
        preparing numerical DFT   integration ....
          Overall gridpoints after grid construction =         96662

 Calculating ground state density on molecular grid

 Integral of ground state density: N =   77.99997411344840    



 Iteration IRREP Converged      Max. Euclidean
                 roots          residual norm

    6       a        0        8.862805865754459D-05
 

 NOTE: Residual norms are larger than 1.00D-05 due to mgrid option!

      ...terminated. cpu:    2398.92       wall:     160.54
 
 
 
 
 CONSTRUCTING <a|x,y,z|i>*U(a,i)xi          -> Dip. deriv.
      ...terminated. cpu:       0.23       wall:       0.02
 
 
 
 
 CONSTRUCTING RHS(a,i)xi*U(a,i)chi          -> Hessian
      ...terminated. cpu:       0.20       wall:       0.01
 
 
 
 

            -----------------------
            permanent dipole moment
            -----------------------

                                   x                y                z
    electronic part       :    0.7148202255     6.4732693365     1.3213611144
     nuclear   part       :   -0.5497797795    -5.7296442161    -1.6635958325
     total                :    0.1650404460     0.7436251203    -0.3422347181

 with reference to the point :   0.0000000        0.0000000        0.0000000
 (given in atomic units)
    | dipole |       :    2.1225513012  debye

   ***  dipole moment & cartesian dipole gradients written onto
        $dipole, $dipgrad,  file=<dipgrad>  ***

             -----------------------------------
             rotational and vibrational analysis
             -----------------------------------


            ==============================================================
            ATOMIC WEIGHTS (average over the natural occurance of isotops)
            ==============================================================
            ('*' denotes special isotop !)
              1     c                12.01115
              2     c                12.01115
              3     c                12.01115
              4     c                12.01115
              5     o                15.99940
              6     o                15.99940
              7     c                12.01115
              8     c                12.01115
              9     o                15.99940
             10     o                15.99940
             11     h                 1.00797
             12     h                 1.00797
             13     h                 1.00797
             14     h                 1.00797
             15     h                 1.00797
             16     h                 1.00797
             17     h                 1.00797
             18     h                 1.00797
             19     h                 1.00797
             20     h                 1.00797

          -------------------------------------------------
          CARTESIAN FORCE CONSTANT MATRIX (hartree/bohr**2)
         (translational & rotational space projected out)
          -------------------------------------------------

   ATOM              1 c                           2 c 
                  dx        dy        dz        dx        dy        dz
   1 c     dx  0.4510193
           dy -0.0349563 0.5114695
           dz -0.0044084-0.0239288 0.5816613
   2 c     dx -0.1719558 0.0261599 0.0130956 0.4634589
           dy  0.0269715-0.0842719-0.0024129-0.0259110 0.5295880
           dz  0.0134399-0.0023812-0.0825678-0.0020256-0.0192193 0.5866124
   3 c     dx -0.0244064-0.0277580-0.0078015-0.1087127-0.0449222-0.0130299
           dy -0.0004449 0.0058644 0.0024057-0.0440061-0.1512919-0.0209889
           dz  0.0010101 0.0037958-0.0003096-0.0127149-0.0209223-0.0863642
   4 c     dx -0.0005697-0.0004436-0.0000859-0.0250443-0.0067230-0.0011077
           dy -0.0015179-0.0066788-0.0020785-0.0252717 0.0099683 0.0054587
           dz -0.0005052-0.0021418-0.0008253-0.0070116 0.0044469-0.0006435
   5 o     dx  0.0003630 0.0002924 0.0001344 0.0018527 0.0032764 0.0008369
           dy  0.0001295 0.0016801 0.0003137-0.0032761-0.0027682-0.0002601
           dz  0.0000508 0.0003041 0.0008568-0.0012917-0.0006213-0.0017625
   6 o     dx -0.0001629-0.0027602-0.0008860-0.0060898 0.0055475 0.0021938
           dy  0.0002469 0.0002608 0.0000588 0.0003805 0.0005509-0.0003328
           dz  0.0000303 0.0001656 0.0001161 0.0005963-0.0005190 0.0012485
   7 c     dx -0.0979717-0.0300462-0.0094095-0.0246922-0.0307832-0.0086680
           dy -0.0429542-0.1346054-0.0163360-0.0008273 0.0036264 0.0012759
           dz -0.0136626-0.0169239-0.0794910 0.0009323 0.0025091 0.0004056
   8 c     dx -0.0274407-0.0128565-0.0018089-0.0010730 0.0012631 0.0005590
           dy -0.0281101 0.0134727 0.0058491-0.0023827-0.0078748-0.0018373
           dz -0.0066052 0.0056657 0.0012409-0.0007630-0.0021487-0.0020535
   9 o     dx  0.0009659 0.0048929 0.0030056-0.0000730-0.0020150-0.0005548
           dy  0.0035799-0.0020042-0.0025068 0.0003845 0.0014380 0.0005843
           dz  0.0003757-0.0049484-0.0032842 0.0001086 0.0020088 0.0013374
  10 o     dx  0.0000127 0.0036800-0.0001783-0.0000171-0.0012024-0.0007091
           dy  0.0008935-0.0044559 0.0005871 0.0002574 0.0018413 0.0001506
           dz  0.0007578 0.0021136 0.0002226 0.0001514-0.0007724 0.0000417
  11 h     dx -0.0558079 0.0127692 0.0419839-0.0081228 0.0083484 0.0326772
           dy  0.0122064-0.0665766-0.0600059 0.0020482-0.0024533-0.0074227
           dz  0.0414112-0.0616037-0.2757614 0.0013966-0.0010610-0.0034818
  12 h     dx -0.0634199 0.0502096-0.0377372-0.0108952 0.0255847-0.0206942
           dy  0.0490733-0.1937789 0.1129571 0.0028011-0.0059540 0.0041150
           dz -0.0375526 0.1144872-0.1401328 0.0012418-0.0037318 0.0028299
  13 h     dx -0.0088095 0.0085894 0.0322767-0.0547198 0.0116475 0.0423430
           dy  0.0021170-0.0026832-0.0070573 0.0112343-0.0676210-0.0631901
           dz  0.0013026-0.0010613-0.0032635 0.0409220-0.0644010-0.2777732
  14 h     dx -0.0114706 0.0255302-0.0201466-0.0623800 0.0494931-0.0383389
           dy  0.0027971-0.0058546 0.0036913 0.0483287-0.1981605 0.1144061
           dz  0.0013352-0.0037779 0.0026383-0.0375714 0.1155167-0.1383542
  15 h     dx  0.0015976-0.0007886 0.0008507 0.0040180-0.0158000 0.0122470
           dy  0.0013314 0.0007406 0.0002101 0.0049072-0.0212764 0.0146997
           dz  0.0002333 0.0000344 0.0002264 0.0024147-0.0066480 0.0051295
  16 h     dx  0.0015315-0.0000556-0.0012616 0.0022866-0.0054844-0.0193988
           dy  0.0012570 0.0007093-0.0000280 0.0034407-0.0082694-0.0254290
           dz  0.0004820 0.0003246 0.0003524 0.0000502-0.0025505-0.0059892
  17 h     dx -0.0001010-0.0005296-0.0001686-0.0006739 0.0011821 0.0004540
           dy -0.0001233-0.0004048-0.0001322-0.0012536 0.0007472 0.0000156
           dz -0.0000381-0.0001199-0.0000174-0.0003482-0.0000894 0.0008751
  18 h     dx  0.0038978-0.0158193 0.0119629 0.0015113-0.0006749 0.0009644
           dy  0.0042625-0.0230354 0.0154271 0.0015048 0.0009523 0.0002994
           dz  0.0017559-0.0068890 0.0053376 0.0002356 0.0000209 0.0001710
  19 h     dx  0.0023559-0.0060424-0.0194118 0.0014462 0.0002094-0.0012474
           dy  0.0022457-0.0095404-0.0271507 0.0014037 0.0009578 0.0000528
           dz  0.0002388-0.0030690-0.0070055 0.0006510 0.0005393 0.0003642
  20 h     dx  0.0003722-0.0000674-0.0000058-0.0001241-0.0000079 0.0000591
           dy  0.0009950-0.0003075 0.0001367 0.0000776 0.0002714 0.0000032
           dz  0.0003485-0.0000462 0.0000059-0.0000699 0.0000560-0.0000253

   ATOM              3 c                           4 c 
                  dx        dy        dz        dx        dy        dz
   3 c     dx  0.4692097
           dy -0.0041217 0.5332482
           dz  0.0025760-0.0034581 0.5462326
   4 c     dx -0.1765331 0.0127329 0.0087121 0.6645224
           dy  0.0066333-0.0794604 0.0040131-0.1593329 0.8070676
           dz  0.0066036 0.0036773-0.0917093-0.0762610 0.2018505 0.3056814
   5 o     dx -0.0137989 0.0381378 0.0149818-0.2364274 0.2178202 0.0817725
           dy  0.0190306-0.0142005-0.0144874 0.2323240-0.5488016-0.1706297
           dz  0.0084056-0.0154051 0.0204082 0.0866756-0.1698466-0.1410741
   6 o     dx -0.0355942-0.0335064-0.0088824-0.1789194-0.0717869-0.0182387
           dy -0.0049784 0.0041642-0.0020002-0.0465474-0.1799561-0.0364349
           dz  0.0006945-0.0005039 0.0104387-0.0096873-0.0350965-0.0762895
   7 c     dx -0.0065961 0.0034330 0.0014295 0.0013861-0.0022692-0.0007661
           dy  0.0016183-0.0004275-0.0000509 0.0003176 0.0004320-0.0000671
           dz  0.0007123-0.0000857-0.0004918 0.0000685 0.0000227 0.0006164
   8 c     dx  0.0014120-0.0010711-0.0003504-0.0025750-0.0003302 0.0000186
           dy -0.0024642 0.0016238 0.0004306 0.0007902-0.0006905-0.0003149
           dz -0.0008524 0.0003542 0.0008326 0.0003959-0.0003205-0.0000186
   9 o     dx -0.0008313 0.0007607 0.0001285 0.0013532 0.0000843-0.0000448
           dy  0.0003774-0.0003374-0.0000766-0.0000698 0.0000381 0.0000476
           dz  0.0007901-0.0005762-0.0002406-0.0006373 0.0001514 0.0000309
  10 o     dx -0.0005669 0.0004887 0.0002975 0.0010366 0.0001077-0.0000214
           dy  0.0005222-0.0004378-0.0001517-0.0003541-0.0000089 0.0000150
           dz -0.0002891 0.0002946 0.0000393 0.0004726 0.0000123-0.0000666
  11 h     dx  0.0019183 0.0008815 0.0010117-0.0002466 0.0009346-0.0000291
           dy -0.0004457 0.0003601 0.0006736 0.0000372-0.0001177 0.0000596
           dz -0.0006418 0.0000317 0.0004923 0.0002841-0.0002021 0.0002394
  12 h     dx  0.0018071 0.0013541-0.0004404-0.0002327 0.0006768 0.0006473
           dy -0.0007637 0.0007665-0.0004372 0.0001537-0.0000396-0.0002751
           dz  0.0000536 0.0000350 0.0001362-0.0001731-0.0000970 0.0001541
  13 h     dx  0.0021751-0.0059182-0.0197241 0.0012776-0.0014984-0.0016416
           dy  0.0027197-0.0092713-0.0266763 0.0012244-0.0003222-0.0006154
           dz -0.0003414-0.0022975-0.0066390 0.0016907-0.0023199-0.0007475
  14 h     dx  0.0038775-0.0163785 0.0122235 0.0012530-0.0019094 0.0003923
           dy  0.0041805-0.0225321 0.0154650 0.0020213-0.0018050-0.0004060
           dz  0.0023322-0.0073641 0.0048789-0.0007132 0.0016498 0.0008327
  15 h     dx -0.0608613 0.0451643-0.0361912-0.0055484 0.0289463-0.0236549
           dy  0.0440724-0.2003137 0.1170129 0.0043550-0.0092242 0.0032279
           dz -0.0353015 0.1159507-0.1280359 0.0024100-0.0037042 0.0026719
  16 h     dx -0.0533759 0.0087222 0.0377880-0.0023455 0.0092025 0.0364737
           dy  0.0083437-0.0639266-0.0704432 0.0041343-0.0049019-0.0083134
           dz  0.0365728-0.0695245-0.2732048 0.0007394-0.0029914-0.0047479
  17 h     dx  0.0007925-0.0059324-0.0017988-0.0421403-0.0003422 0.0023172
           dy -0.0022733-0.0038307-0.0024501-0.0445336 0.0143072 0.0057978
           dz -0.0006104-0.0023104 0.0030303-0.0126403 0.0034562 0.0059061
  18 h     dx -0.0000050-0.0000814-0.0000763-0.0000269-0.0000444-0.0000863
           dy -0.0000199 0.0001762-0.0003638-0.0000265 0.0000261-0.0000661
           dz  0.0002261-0.0002336 0.0000854-0.0000343 0.0001479 0.0000130
  19 h     dx  0.0000242-0.0001320 0.0000264-0.0000310-0.0000904 0.0000311
           dy  0.0001742-0.0001642 0.0001773-0.0000470 0.0000597 0.0001091
           dz -0.0001551 0.0000769 0.0004207 0.0000340-0.0001128-0.0000408
  20 h     dx  0.0000655-0.0000826-0.0000065-0.0001888-0.0000121 0.0000045
           dy  0.0000748-0.0000093-0.0000504-0.0000128 0.0001079 0.0000327
           dz  0.0000562-0.0000780-0.0000000-0.0001428 0.0000069 0.0000173

   ATOM              5 o                           6 o 
                  dx        dy        dz        dx        dy        dz
   5 o     dx  0.2171213
           dy -0.2472797 0.6565485
           dz -0.0931617 0.2239611 0.1115630
   6 o     dx  0.0373926-0.0121094-0.0045224 0.6187481
           dy -0.0217515-0.0955084-0.0411688-0.0206661 0.3490494
           dz -0.0077647-0.0416307 0.0160946-0.0375555 0.1060947 0.0760937
   7 c     dx -0.0005306 0.0004205 0.0002065-0.0016765-0.0002700-0.0000299
           dy  0.0000460 0.0000288 0.0000658 0.0003426 0.0000446 0.0000387
           dz  0.0000283 0.0000789-0.0002069 0.0001605 0.0000482-0.0000011
   8 c     dx  0.0013196 0.0001388-0.0000179 0.0017583 0.0009655 0.0002332
           dy -0.0004068 0.0000753 0.0000802-0.0009054-0.0002977-0.0000004
           dz -0.0002002 0.0000913-0.0000518-0.0003555-0.0000657-0.0001146
   9 o     dx -0.0006932-0.0000559-0.0000168-0.0009573-0.0005026-0.0001294
           dy  0.0000345 0.0000476-0.0000286 0.0001433 0.0000808 0.0000069
           dz  0.0003186-0.0000332 0.0000394 0.0005015 0.0001928 0.0000916
  10 o     dx -0.0005286-0.0000803 0.0000430-0.0007362-0.0004014-0.0000757
           dy  0.0001572 0.0000919 0.0000128 0.0003399 0.0002119-0.0000046
           dz -0.0002398-0.0000301 0.0000976-0.0003250-0.0001739 0.0000002
  11 h     dx -0.0000958-0.0005130-0.0003447 0.0000287-0.0002173 0.0000124
           dy  0.0000228 0.0000263 0.0000341 0.0000105 0.0000391 0.0000261
           dz -0.0001921 0.0002997 0.0000518 0.0000932 0.0001007-0.0000015
  12 h     dx -0.0000531-0.0006618-0.0000449 0.0000392-0.0002188-0.0000954
           dy -0.0000916 0.0001485 0.0000688 0.0000798 0.0000548 0.0000478
           dz  0.0001627-0.0001294-0.0001681-0.0000678-0.0000427-0.0000044
  13 h     dx -0.0004268 0.0007735 0.0007235 0.0000885 0.0005265 0.0002338
           dy -0.0002724 0.0006820 0.0005110-0.0000488 0.0000253 0.0001541
           dz  0.0001553 0.0016065 0.0011096-0.0003239 0.0006682 0.0001713
  14 h     dx -0.0004897 0.0009202-0.0000794 0.0000737 0.0005343 0.0000323
           dy -0.0002339 0.0018323 0.0000880-0.0002474 0.0004844 0.0000569
           dz -0.0001754-0.0011716 0.0000512 0.0002020-0.0004560-0.0003522
  15 h     dx -0.0050548-0.0003568 0.0048990-0.0006385-0.0022021 0.0018408
           dy  0.0014492 0.0014604-0.0002261-0.0019697 0.0003232-0.0002758
           dz  0.0013533-0.0007043-0.0015568-0.0005510-0.0005660 0.0001815
  16 h     dx -0.0056972 0.0026855-0.0035414-0.0008335-0.0006305-0.0026423
           dy  0.0019316 0.0001348 0.0009560-0.0019357-0.0002065 0.0001459
           dz  0.0002322 0.0015729 0.0003545-0.0006379 0.0004130 0.0009663
  17 h     dx  0.0056418 0.0076989 0.0019881-0.4327833 0.0955300 0.0542530
           dy  0.0069027-0.0014882 0.0012110 0.1393886-0.0793239-0.0287009
           dz  0.0017065 0.0011752-0.0058380 0.0690940-0.0263661-0.0286325
  18 h     dx -0.0000020 0.0001224-0.0000053 0.0000657 0.0000752 0.0000243
           dy -0.0000407 0.0000615 0.0000217 0.0000317 0.0000381-0.0000004
           dz  0.0000291-0.0000797 0.0000108 0.0000294-0.0000366-0.0000133
  19 h     dx  0.0000055 0.0000985 0.0000458 0.0000838 0.0000739 0.0000166
           dy -0.0000124 0.0000096-0.0000004 0.0000643 0.0000072 0.0000027
           dz -0.0000564 0.0000713 0.0000355-0.0000119 0.0000299 0.0000061
  20 h     dx  0.0001016-0.0000094-0.0000118 0.0001129 0.0000533 0.0000128
           dy  0.0000182-0.0000606-0.0000176-0.0000121-0.0000421-0.0000071
           dz  0.0000787-0.0000143-0.0000148 0.0000836 0.0000374 0.0000004

   ATOM              7 c                           8 c 
                  dx        dy        dz        dx        dy        dz
   7 c     dx  0.4548507
           dy -0.0543032 0.4966508
           dz -0.0050496-0.0445157 0.6032960
   8 c     dx -0.1744569 0.0313605 0.0123904 0.6945023
           dy  0.0242709-0.0968911-0.0095960-0.0375869 0.3111889
           dz  0.0034351-0.0077726-0.0804117-0.2254398-0.1553462 0.7673005
   9 o     dx -0.0214467-0.0052312 0.0428813-0.3018068-0.0476890 0.2714385
           dy  0.0040546 0.0199513 0.0036494-0.0518350-0.1055272 0.1017338
           dz  0.0218549 0.0091731-0.0076192 0.2843246 0.0989629-0.5164744
  10 o     dx -0.0238495 0.0236061-0.0305614-0.1549202 0.0475240-0.0505282
           dy  0.0122666 0.0033059 0.0124187 0.0387271-0.1014150 0.0622162
           dz -0.0050864 0.0040036 0.0007926-0.0281034 0.0542529-0.1750846
  11 h     dx  0.0011020-0.0063650-0.0191435 0.0017508-0.0001747-0.0027285
           dy  0.0017626-0.0091760-0.0258456 0.0020645 0.0005487-0.0018972
           dz -0.0007214-0.0026560-0.0067170 0.0016897-0.0003213-0.0014897
  12 h     dx  0.0031548-0.0162844 0.0117354 0.0017320-0.0013372 0.0016590
           dy  0.0036352-0.0223394 0.0151920 0.0024519-0.0014892 0.0017552
           dz  0.0022833-0.0067138 0.0046138-0.0004060 0.0011324-0.0003198
  13 h     dx  0.0017988 0.0007557 0.0010758-0.0000839 0.0003006 0.0003302
           dy -0.0003619 0.0004028 0.0006602-0.0000509-0.0000394-0.0000097
           dz -0.0003384 0.0002747 0.0003878 0.0000801 0.0001688 0.0003028
  14 h     dx  0.0016454 0.0013216-0.0005993-0.0000175 0.0004635-0.0000698
           dy -0.0005674 0.0008359-0.0002835-0.0000308 0.0000829-0.0000642
           dz -0.0001291-0.0000267 0.0000076-0.0000605-0.0002937 0.0000868
  15 h     dx  0.0000254-0.0000379-0.0000136-0.0000472 0.0000301 0.0000485
           dy -0.0000474 0.0001863-0.0002361 0.0000715-0.0000203 0.0000365
           dz  0.0002454-0.0001787 0.0000860-0.0000250 0.0001176 0.0000010
  16 h     dx  0.0000062-0.0000286 0.0000294-0.0000269 0.0000472-0.0000129
           dy  0.0001231-0.0000408 0.0001325 0.0000498 0.0000772 0.0000122
           dz -0.0001902 0.0000819 0.0003356 0.0000526-0.0000738-0.0000711
  17 h     dx -0.0001250 0.0000809 0.0000275-0.0001142-0.0000365-0.0000049
           dy -0.0001142 0.0000327 0.0000218-0.0000894-0.0000127-0.0000303
           dz -0.0000343 0.0000156-0.0000136-0.0000187-0.0000353 0.0000623
  18 h     dx -0.0611342 0.0479404-0.0327707-0.0078420 0.0273246-0.0220555
           dy  0.0519925-0.1997508 0.1194403-0.0003866-0.0065734 0.0063080
           dz -0.0369807 0.1218842-0.1468314 0.0005417-0.0040826 0.0002366
  19 h     dx -0.0541038 0.0154019 0.0352897-0.0006020 0.0084485 0.0350106
           dy  0.0153763-0.0648051-0.0604335-0.0018438-0.0030618-0.0071151
           dz  0.0386673-0.0626869-0.2850392 0.0005936 0.0012966-0.0068763
  20 h     dx  0.0026138 0.0032403-0.0035308-0.0314686 0.0118940-0.0027018
           dy  0.0014275 0.0025387 0.0037462 0.0289886-0.0031764-0.0034030
           dz -0.0007182 0.0041909-0.0037185-0.0442528 0.0096105 0.0129026

   ATOM              9 o                          10 o 
                  dx        dy        dz        dx        dy        dz
   9 o     dx  0.2888228
           dy  0.0580549 0.0755395
           dz -0.3226603-0.1484492 0.6153762
  10 o     dx  0.0390686-0.0061337 0.0074519 0.5790827
           dy -0.0021264 0.0105117 0.0481102-0.1415699 0.1267357
           dz -0.0011205 0.0509205-0.0915882-0.0555091-0.1057712 0.3353579
  11 h     dx -0.0000630 0.0001488 0.0008987-0.0003500 0.0001219 0.0003481
           dy -0.0001921-0.0000415 0.0011644-0.0002430 0.0000392 0.0002543
           dz -0.0009419 0.0003480 0.0012881-0.0004634 0.0000276 0.0001843
  12 h     dx -0.0004787 0.0003065-0.0002208-0.0002552 0.0003313-0.0004752
           dy -0.0006780 0.0004682-0.0002814-0.0002376 0.0011248-0.0008247
           dz  0.0003212-0.0001188 0.0002018 0.0002185-0.0008171 0.0002840
  13 h     dx  0.0002829-0.0000994-0.0004326 0.0000588-0.0000219-0.0001351
           dy -0.0000765 0.0000210 0.0000829 0.0000349-0.0000606 0.0000666
           dz -0.0002160-0.0000692 0.0000714 0.0000429-0.0000067 0.0000444
  14 h     dx  0.0000952-0.0001440 0.0001603 0.0001798-0.0003859 0.0002075
           dy  0.0000624 0.0000118-0.0001246-0.0001587 0.0000645-0.0000642
           dz -0.0000405 0.0000255 0.0000026 0.0001219-0.0000295-0.0000051
  15 h     dx  0.0000138 0.0000360-0.0000640-0.0000303 0.0000508-0.0000404
           dy -0.0000364 0.0000185-0.0000396-0.0001005 0.0000787-0.0000700
           dz  0.0000481-0.0000476-0.0000245 0.0000091-0.0000397 0.0000100
  16 h     dx -0.0000415 0.0000151 0.0000565 0.0000118-0.0000184 0.0000365
           dy -0.0000741-0.0000264 0.0000698-0.0000013-0.0000282 0.0000289
           dz -0.0000721 0.0000342 0.0000708-0.0000351 0.0000197 0.0000081
  17 h     dx  0.0000584 0.0000133-0.0000127 0.0000454-0.0000011 0.0000160
           dy  0.0000364 0.0000042 0.0000090 0.0000415-0.0000156 0.0000226
           dz  0.0000265-0.0000003-0.0000453-0.0000132 0.0000277-0.0000299
  18 h     dx  0.0022931-0.0028035-0.0000161-0.0074759 0.0015996 0.0008599
           dy -0.0008266 0.0015310-0.0013760 0.0011663 0.0003216-0.0007023
           dz  0.0005867-0.0006109 0.0005998 0.0003130 0.0002181 0.0011446
  19 h     dx -0.0091636-0.0006838 0.0004894-0.0000878-0.0007866-0.0019222
           dy  0.0008701 0.0011982-0.0002498 0.0004278 0.0001016 0.0009084
           dz  0.0013616-0.0015624 0.0014799-0.0016805 0.0003972 0.0013179
  20 h     dx  0.0026013-0.0053795 0.0067130-0.4306787 0.0899967 0.0903966
           dy -0.0052577-0.0029234-0.0038467 0.0730518-0.0380067-0.0044697
           dz  0.0059992-0.0038799-0.0013136 0.1312776-0.0173806-0.0727707

   ATOM             11 h                          12 h 
                  dx        dy        dz        dx        dy        dz
  11 h     dx  0.0651141
           dy -0.0109867 0.0719024
           dz -0.0456889 0.0708092 0.2988107
  12 h     dx  0.0012975-0.0047805 0.0032239 0.0737729
           dy -0.0025866 0.0074805-0.0044838-0.0524335 0.2144079
           dz -0.0079310 0.0236661-0.0182638 0.0420593-0.1250736 0.1469584
  13 h     dx -0.0061565 0.0013223 0.0004270 0.0014694-0.0001267-0.0005233
           dy  0.0011472 0.0003560-0.0002478-0.0003525-0.0000100-0.0003505
           dz  0.0003133-0.0002494 0.0016557 0.0003780-0.0002122 0.0007645
  14 h     dx  0.0014493-0.0003823 0.0002914-0.0060805 0.0010622 0.0011373
           dy -0.0000459-0.0000223-0.0001881 0.0008481 0.0006287-0.0006149
           dz -0.0005631-0.0003323 0.0007777 0.0011277-0.0006332 0.0012949
  15 h     dx -0.0000727 0.0000526 0.0000422-0.0002339 0.0003631-0.0004312
           dy -0.0000530 0.0000240-0.0000337-0.0008840 0.0005289-0.0001696
           dz -0.0000106 0.0001346-0.0001475 0.0002448 0.0001564 0.0001326
  16 h     dx -0.0002213 0.0000066 0.0005514-0.0000829 0.0000512-0.0000183
           dy -0.0005818 0.0003517 0.0004001-0.0000372 0.0000140 0.0001545
           dz -0.0006960-0.0000006 0.0002849-0.0000297-0.0000294-0.0001318
  17 h     dx  0.0000312-0.0000018 0.0000036 0.0000271 0.0000041-0.0000078
           dy  0.0000270 0.0000015 0.0000092 0.0000439-0.0000096-0.0000052
           dz  0.0000416-0.0000140-0.0000205-0.0000200 0.0000236-0.0000089
  18 h     dx  0.0006055 0.0008883-0.0000532-0.0021071-0.0032733-0.0010708
           dy  0.0007026 0.0008882-0.0001866-0.0033470-0.0030652-0.0018421
           dz  0.0006462 0.0001221 0.0008060-0.0011751-0.0017910 0.0008376
  19 h     dx -0.0020777-0.0033877-0.0006451 0.0006032 0.0006967 0.0006020
           dy -0.0034882-0.0036719-0.0009498 0.0009380 0.0009198 0.0001485
           dz -0.0007163-0.0011184 0.0013434-0.0000809-0.0001711 0.0008322
  20 h     dx -0.0000833-0.0000022-0.0000665-0.0000639-0.0001813 0.0001022
           dy -0.0000689 0.0000416-0.0000922 0.0000439 0.0001434 0.0000829
           dz -0.0000815-0.0000578-0.0000512-0.0000615-0.0001035-0.0000104

   ATOM             13 h                          14 h 
                  dx        dy        dz        dx        dy        dz
  13 h     dx  0.0639768
           dy -0.0105582 0.0736677
           dz -0.0463978 0.0734929 0.3004216
  14 h     dx  0.0011553-0.0043196 0.0031416 0.0727983
           dy -0.0022695 0.0072064-0.0045861-0.0522960 0.2189494
           dz -0.0076341 0.0239450-0.0188548 0.0424707-0.1254764 0.1452327
  15 h     dx  0.0006993 0.0009099-0.0001420-0.0024821-0.0032214-0.0010661
           dy  0.0005296 0.0007843-0.0003311-0.0032255-0.0029966-0.0018372
           dz  0.0005345 0.0000518 0.0007508-0.0009804-0.0017362 0.0008505
  16 h     dx -0.0024646-0.0033081-0.0006457 0.0007071 0.0006573 0.0006710
           dy -0.0032621-0.0035586-0.0009739 0.0007541 0.0006801 0.0001944
           dz -0.0007070-0.0010336 0.0013858-0.0001029-0.0001933 0.0008391
  17 h     dx -0.0000828-0.0000394-0.0001101-0.0000730-0.0000999 0.0000704
           dy -0.0000261 0.0000311-0.0000752 0.0000126 0.0000131 0.0000976
           dz  0.0000425 0.0000730-0.0000166-0.0000412-0.0000436 0.0000003
  18 h     dx -0.0000615 0.0000255 0.0000048-0.0002510 0.0003072-0.0004131
           dy -0.0000908 0.0000146-0.0000464-0.0009114 0.0005878-0.0001828
           dz -0.0000660 0.0001219-0.0000857 0.0002715 0.0001543 0.0001415
  19 h     dx -0.0002038-0.0000268 0.0004974-0.0000652 0.0000081 0.0000056
           dy -0.0005964 0.0003819 0.0004368-0.0000922 0.0000108 0.0001334
           dz -0.0007542 0.0000206 0.0003234-0.0000089-0.0000544-0.0000935
  20 h     dx  0.0000268 0.0000022-0.0000132 0.0000747-0.0000398 0.0000299
           dy  0.0000225-0.0000069-0.0000180-0.0000470-0.0000171 0.0000191
           dz  0.0000289 0.0000008-0.0000087 0.0000390-0.0000263 0.0000249

   ATOM             15 h                          16 h 
                  dx        dy        dz        dx        dy        dz
  15 h     dx  0.0664261
           dy -0.0484423 0.2223284
           dz  0.0377651-0.1268335 0.1389181
  16 h     dx  0.0016559-0.0025092-0.0081928 0.0583540
           dy -0.0047441 0.0070846 0.0242423-0.0097852 0.0720964
           dz  0.0033101-0.0046264-0.0190986-0.0394281 0.0784591 0.2982505
  17 h     dx  0.0005465 0.0003763-0.0001011 0.0005183 0.0002914 0.0002807
           dy -0.0001368 0.0001106-0.0001685 0.0003128-0.0002390-0.0000291
           dz  0.0006676-0.0004949-0.0000112-0.0006093 0.0002913 0.0003863
  18 h     dx -0.0000144 0.0001753-0.0000709 0.0000203-0.0000122 0.0000220
           dy  0.0001833 0.0002124-0.0000303 0.0000113-0.0000544 0.0000202
           dz -0.0000721-0.0000225-0.0000607-0.0000159-0.0000316-0.0000173
  19 h     dx  0.0000184 0.0000059-0.0000272 0.0000077 0.0001049 0.0001597
           dy -0.0000036-0.0000491-0.0000445 0.0001160 0.0001020 0.0001365
           dz  0.0000167 0.0000098-0.0000266 0.0001697 0.0001306 0.0000320
  20 h     dx -0.0000175-0.0000056 0.0000023-0.0000101 0.0000032-0.0000028
           dy -0.0000027-0.0000006 0.0000134-0.0000079 0.0000019-0.0000095
           dz -0.0000122-0.0000007 0.0000035-0.0000090 0.0000016-0.0000057

   ATOM             17 h                          18 h 
                  dx        dy        dz        dx        dy        dz
  17 h     dx  0.4684489
           dy -0.0982007 0.0700652
           dz -0.0572011 0.0244094 0.0243753
  18 h     dx -0.0000017-0.0000051 0.0000042 0.0706305
           dy  0.0000009-0.0000051 0.0000132-0.0511769 0.2191653
           dz  0.0000060 0.0000078 0.0000030 0.0413064-0.1320474 0.1531233
  19 h     dx -0.0000021-0.0000021-0.0000067 0.0010211-0.0029878-0.0075877
           dy  0.0000037 0.0000081-0.0000106-0.0049774 0.0083409 0.0228427
           dz -0.0000036-0.0000048-0.0000109 0.0028411-0.0050714-0.0159124
  20 h     dx -0.0000130-0.0000071-0.0000014-0.0011236-0.0000416-0.0000158
           dy  0.0000019 0.0000088-0.0000006 0.0004099 0.0001682 0.0003050
           dz -0.0000080-0.0000055 0.0000063-0.0013717 0.0003858 0.0004108

   ATOM             19 h                          20 h 
                  dx        dy        dz        dx        dy        dz
  19 h     dx  0.0602020
           dy -0.0103282 0.0691253
           dz -0.0414068 0.0709548 0.3086039
  20 h     dx  0.0005690-0.0002306 0.0003010 0.4572336
           dy -0.0005799 0.0000697 0.0003242-0.0991224 0.0411989
           dz  0.0000807 0.0000515 0.0002462-0.0912648 0.0072514 0.0643012
 

   *** projected hessian written onto $hessian (projected), file=<hessian> ***

 dipole moment in principle axis system (a.u.) :     0.3170685218     0.6333543734    -0.4423472176
 norm :  0.8350696203    

 rotational constants b for rotations around axis of inertia
 and optical intensities for (1 <-- 0) transition

   b   :     0.1514249488     0.0124777724     0.0123147219   (cm**(-1))

   b   :  4539.6057606287   374.0742059070   369.1860762575     (MHz)

   b   :     0.1005324475     0.4011377623     0.1956710609     (a.u.)

   x   :     0.9740526440    -0.2263191588     0.0010416183
   y   :     0.2242525284     0.9645167493    -0.1393493592
   z   :     0.0305327714     0.1359671973     0.9902427334

   ***  normal modes written onto $vibrational normal modes, file=<vib_normal_modes>  ***

  Keyword $vibrational reduced masses missing in file <control>


   ***  vibrational spectroscopic data written onto$vibrational spectrum   
        file=<vibspectrum>  ***

          ---------------------------------------------------
          NORMAL MODES and VIBRATIONAL FREQUENCIES (cm**(-1))
          ---------------------------------------------------

 imaginary wave numbers indicate a negative curvature of the energy surface.
 zero frequency modes have no physical meaning except being generators of
 translations and rotations. each vibrational normal mode - given in terms of
 cartesian displacement vectors of all atoms - has been normalized to unity.
 to obtain mass-weigthed normal coordinates in a.u. divide the tabulated
 modes by sqrt(reduced mass * 1822.88853).
 band intensities or cross sections refer to independent non-degenerate normal
 modes, that is, the intensities of degenerate modes have yet to be added.
 dDIP/dQ is the normal mode derivative of the dipole moment.


       mode               1        2        3        4        5        6

     frequency           0.00     0.00     0.00     0.00     0.00     0.00

     symmetry                                                             

        IR                -        -        -        -        -        - 
|dDIP/dQ|   (a.u.)     0.0000   0.0000   0.0000   0.0000   0.0000   0.0000
intensity (km/mol)       0.00     0.00     0.00     0.00     0.00     0.00
intensity (  %   )       0.00     0.00     0.00     0.00     0.00     0.00
 
       RAMAN              -        -        -        -        -        - 
 
  1   c           x   0.03451  0.03627  0.04320  0.17713 -0.12098  0.00690
                  y  -0.17219  0.11191  0.06255  0.03850  0.07402 -0.01428
                  z   0.01797 -0.06625  0.01028  0.08399  0.11532  0.17153
  2   c           x   0.05240  0.03762  0.05559  0.17469 -0.11223 -0.00560
                  y  -0.07320  0.15798  0.09370  0.00998  0.09512  0.01285
                  z  -0.00525 -0.13595  0.06005  0.11358  0.15209  0.01822
  3   c           x  -0.01554  0.02554  0.01000  0.19135 -0.13598  0.01639
                  y  -0.05280  0.12912  0.17105 -0.01100  0.09737 -0.02516
                  z   0.10018 -0.00404 -0.09099  0.14337  0.20595  0.09352
  4   c           x   0.00083  0.02657  0.02138  0.18934 -0.12769  0.00420
                  y   0.04495  0.17430  0.20241 -0.03928  0.11819  0.00128
                  z   0.07924 -0.07009 -0.04481  0.17290  0.24293 -0.05548
  5   o           x   0.06007  0.03547  0.06148  0.17654 -0.10475 -0.02095
                  y   0.10476  0.22934  0.17090 -0.04580  0.13243  0.04861
                  z  -0.00931 -0.21064  0.09412  0.17434  0.23329 -0.21881
  6   o           x  -0.06075  0.01594 -0.02000  0.20410 -0.14966  0.02530
                  y   0.05919  0.14540  0.27259 -0.05737  0.11929 -0.03521
                  z   0.17462  0.05047 -0.18194  0.19875  0.29018  0.01676
  7   c           x   0.10357  0.04867  0.08951  0.16007 -0.09699 -0.01502
                  y  -0.19238  0.14084 -0.01470  0.05941  0.07180  0.02376
                  z  -0.08917 -0.20073  0.16394  0.05410  0.06111  0.09357
  8   c           x   0.08582  0.04811  0.07705  0.16166 -0.10675  0.00025
                  y  -0.29298  0.09072 -0.04025  0.08709  0.05018 -0.00757
                  z  -0.06624 -0.13207  0.11486  0.02504  0.02501  0.24437
  9   o           x   0.09634  0.07245  0.07935  0.13523 -0.13373  0.07913
                  y  -0.41509 -0.04564  0.06841  0.09096  0.01980 -0.13147
                  z  -0.08774 -0.14820  0.14129  0.00939  0.00115  0.26523
 10   o           x   0.05382  0.01608  0.06115  0.19748 -0.08200 -0.08587
                  y  -0.23093  0.21746 -0.20170  0.10773  0.06875  0.12070
                  z  -0.01430 -0.04313  0.03073  0.01841  0.02290  0.36201
 11   h           x   0.01488  0.05267  0.02581  0.16082 -0.15499  0.08612
                  y  -0.27281 -0.02147  0.19097  0.03341  0.04784 -0.14028
                  z   0.04380 -0.02390 -0.03080  0.08237  0.11652  0.22371
 12   h           x  -0.01145  0.00961  0.01627  0.20804 -0.11182 -0.04594
                  y  -0.13294  0.18764 -0.03137  0.04981  0.08552  0.06181
                  z   0.09040  0.04596 -0.10225  0.08526  0.12651  0.29585
 13   h           x   0.07243  0.02139  0.07321  0.19079 -0.07822 -0.08456
                  y   0.02704  0.29095 -0.03440  0.01508  0.12120  0.13848
                  z  -0.03170 -0.17916  0.10205  0.11509  0.15067 -0.03466
 14   h           x   0.09869  0.06422  0.08276  0.14384 -0.12110  0.04668
                  y  -0.11200  0.08313  0.18652 -0.00120  0.08374 -0.06235
                  z  -0.07817 -0.24879  0.17328  0.11219  0.14067 -0.10650
 15   h           x  -0.06290 -0.00122 -0.01790  0.22244 -0.12752 -0.03545
                  y  -0.01243  0.20374  0.08051 -0.00065  0.10903  0.04938
                  z   0.17481  0.11037 -0.20644  0.14575  0.21892  0.21754
 16   h           x  -0.03662  0.04152 -0.00832  0.17556 -0.17028  0.09550
                  y  -0.15101 -0.00356  0.30101 -0.01694  0.07168 -0.15097
                  z   0.12834  0.04066 -0.13517  0.14290  0.20900  0.14548
 17   h           x  -0.04629  0.01721 -0.01003  0.20193 -0.14283  0.01587
                  y   0.12304  0.17715  0.28892 -0.07497  0.13301 -0.01539
                  z   0.15515 -0.00028 -0.14334  0.21672  0.31181 -0.08591
 18   h           x   0.14932  0.07549  0.11625  0.12901 -0.10649  0.03861
                  y  -0.23422  0.06333  0.07948  0.04861  0.05971 -0.05370
                  z  -0.16140 -0.31191  0.27585  0.05221  0.04911 -0.02802
 19   h           x   0.12270  0.03200  0.10660  0.17670 -0.06292 -0.09473
                  y  -0.09318  0.27442 -0.14513  0.06523  0.09773  0.15034
                  z  -0.11430 -0.24124  0.20362  0.05506  0.05911  0.04514
 20   h           x   0.04250  0.01770  0.05279  0.19641 -0.09091 -0.06892
                  y  -0.30269  0.17395 -0.20558  0.12443  0.05290  0.08953
                  z   0.00000  0.00000  0.00000  0.00000  0.00000  0.45713

reduced mass(g/mol)     7.830    6.296    6.137    7.411    7.495    6.737


       mode               7        8        9       10       11       12

     frequency          10.71    28.40    48.42    78.47   103.90   126.37

     symmetry            a        a        a        a        a        a   

        IR               YES      YES      YES      YES      YES      YES
|dDIP/dQ|   (a.u.)     0.0010   0.0009   0.0003   0.0007   0.0004   0.0001
intensity (km/mol)       1.63     1.53     0.19     0.95     0.22     0.04
intensity (  %   )       0.46     0.44     0.05     0.27     0.06     0.01
 
       RAMAN             YES      YES      YES      YES      YES      YES
 
  1   c           x   0.00396  0.00024 -0.01044  0.04786  0.00004  0.00838
                  y  -0.01357 -0.01291  0.07268 -0.22119 -0.00889 -0.07154
                  z   0.02100  0.05796 -0.19455 -0.08203  0.03009  0.22176
  2   c           x  -0.00083  0.00498 -0.00497  0.04644 -0.01470 -0.00161
                  y   0.01977 -0.04669  0.03633 -0.22994  0.08320  0.00144
                  z  -0.07692  0.15766 -0.08484 -0.07724 -0.25324  0.01705
  3   c           x   0.00516  0.00039 -0.00771 -0.05101 -0.00202 -0.01284
                  y  -0.03384 -0.00760  0.07320 -0.15693  0.00350  0.06765
                  z   0.09446  0.03383 -0.20618 -0.07445 -0.00899 -0.18421
  4   c           x   0.00235 -0.00590  0.00265 -0.01069 -0.00121 -0.00622
                  y  -0.00694  0.02426 -0.00490  0.02866 -0.00296  0.01142
                  z   0.02670 -0.07373  0.01050  0.00650  0.00966 -0.03416
  5   o           x  -0.00252 -0.02388 -0.00162  0.15793  0.00004 -0.00953
                  y   0.04560  0.11727 -0.00400  0.10175 -0.01256 -0.00847
                  z  -0.12480 -0.35410  0.00242  0.02494  0.03778  0.01634
  6   o           x   0.00630  0.00988  0.01729 -0.18426 -0.00026  0.00379
                  y  -0.05058 -0.05750 -0.07659  0.13471 -0.00835 -0.01948
                  z   0.16245  0.16079  0.21425  0.06572  0.02531  0.04424
  7   c           x  -0.00654  0.00772  0.00283 -0.05467  0.00444  0.00249
                  y   0.04105 -0.06485  0.00486 -0.15368 -0.03878  0.00082
                  z  -0.14903  0.22365  0.01145 -0.04422  0.12477 -0.01975
  8   c           x   0.01040 -0.00912  0.00365 -0.00194 -0.00198  0.00332
                  y   0.03264  0.00232 -0.01944  0.05869 -0.01074  0.00340
                  z  -0.01830  0.01021  0.05162  0.02395  0.03988 -0.02035
  9   o           x   0.18954 -0.15723  0.03147  0.01645 -0.07759  0.00052
                  y   0.31372  0.08996 -0.04687  0.17401  0.02051  0.01091
                  z   0.15890 -0.06249  0.06285  0.06173 -0.00056 -0.02080
 10   o           x  -0.19399  0.16154 -0.03332  0.04492  0.08594  0.00961
                  y  -0.31975 -0.04927 -0.01258  0.15589 -0.01992  0.00547
                  z  -0.11292 -0.10781  0.07488  0.05531 -0.01191 -0.02354
 11   h           x   0.03114 -0.03941 -0.03722  0.07301  0.16448  0.08530
                  y  -0.18534  0.16119  0.26317 -0.19493 -0.08411 -0.32644
                  z   0.07539 -0.00048 -0.25504 -0.08447  0.08375  0.31024
 12   h           x  -0.01571  0.03034  0.00452  0.07706 -0.15859 -0.06014
                  y   0.09196 -0.11831 -0.04607 -0.21348  0.01513  0.07800
                  z   0.16699 -0.09443 -0.35747 -0.08529  0.13300  0.44854
 13   h           x  -0.03046  0.04365  0.04580  0.06905 -0.14363 -0.13751
                  y   0.18973 -0.18197 -0.11922 -0.23539  0.38433 -0.03617
                  z  -0.13375  0.20703 -0.02777 -0.07122 -0.36920  0.00233
 14   h           x   0.01949 -0.02591 -0.04735  0.06843  0.09476  0.13924
                  y  -0.08324  0.03273  0.12678 -0.20416 -0.08942  0.04645
                  z  -0.22502  0.28064  0.05699 -0.05235 -0.53590  0.01471
 15   h           x  -0.00607 -0.05892  0.09707 -0.11687  0.03218  0.03616
                  y   0.06487 -0.05826 -0.04006 -0.19390  0.13869 -0.07033
                  z   0.23668 -0.01765 -0.40727 -0.10112  0.16917 -0.39693
 16   h           x   0.02276  0.05782 -0.12128 -0.13378 -0.02305 -0.07366
                  y  -0.19770  0.06557  0.28044 -0.14618 -0.21088  0.30231
                  z   0.14945  0.01675 -0.29083 -0.09019  0.05800 -0.26902
 17   h           x   0.00445  0.00259  0.02191 -0.13979  0.00212  0.00663
                  y  -0.03121 -0.01880 -0.11520  0.27146 -0.02371 -0.05164
                  z   0.11325  0.03748  0.31860  0.11919  0.07067  0.12412
 18   h           x   0.02322 -0.07351  0.06069 -0.12738 -0.01300 -0.03227
                  y  -0.05350  0.05789  0.09631 -0.17253  0.01804 -0.12236
                  z  -0.28066  0.41392  0.10691 -0.04076  0.20429 -0.16506
 19   h           x  -0.04750  0.10099 -0.04488 -0.13062  0.02524  0.03227
                  y   0.19880 -0.27530 -0.12773 -0.18015 -0.13237  0.19111
                  z  -0.19741  0.29710  0.04083 -0.04828  0.15375 -0.06794
 20   h           x  -0.16355  0.13650 -0.03177  0.09065  0.07407  0.01140
                  y  -0.28564 -0.00269 -0.03469  0.31564  0.00478  0.01557
                  z  -0.01575 -0.24949  0.09935  0.10671 -0.08193 -0.02440

reduced mass(g/mol)     6.864    5.709    3.133    5.386    2.262    2.119


       mode              13       14       15       16       17       18

     frequency         162.95   277.30   340.22   428.77   487.19   523.49

     symmetry            a        a        a        a        a        a   

        IR               YES      YES      YES      YES      YES      YES
|dDIP/dQ|   (a.u.)     0.0007   0.0009   0.0013   0.0014   0.0039   0.0037
intensity (km/mol)       0.82     1.53     3.14     3.52    26.47    24.98
intensity (  %   )       0.23     0.43     0.89     1.00     7.52     7.09
 
       RAMAN             YES      YES      YES      YES      YES      YES
 
  1   c           x   0.03532  0.01730 -0.27464  0.01328 -0.10273 -0.00043
                  y   0.09303 -0.22870  0.02440  0.02704  0.05923 -0.00180
                  z   0.06179 -0.07552  0.01042 -0.05182  0.03094  0.00711
  2   c           x   0.03084  0.12392 -0.21167  0.01171 -0.16122 -0.00002
                  y  -0.06872  0.03041  0.16200 -0.02595 -0.20197 -0.01018
                  z  -0.02480  0.00217  0.06458 -0.00640 -0.05841  0.02424
  3   c           x   0.14771  0.04716  0.03932 -0.00382 -0.12315 -0.00371
                  y  -0.12898  0.16547  0.02349 -0.01136 -0.15836  0.00905
                  z  -0.06244  0.05083  0.00770  0.00220 -0.04645 -0.02959
  4   c           x   0.18959  0.08010  0.08950 -0.00155 -0.00921 -0.01025
                  y  -0.02487  0.13651 -0.05731  0.01245  0.13513  0.06402
                  z  -0.02069  0.04087 -0.02274  0.01057  0.05050 -0.18714
  5   o           x   0.36523 -0.07366  0.22224 -0.01708 -0.02505  0.00414
                  y   0.05183  0.06944 -0.00111  0.00926  0.13734 -0.01620
                  z  -0.00230  0.02804 -0.01283  0.00148  0.04602  0.05309
  6   o           x   0.03306  0.30826  0.03269  0.01808  0.25772  0.00259
                  y   0.08123  0.00274 -0.00906  0.00419  0.00570 -0.00412
                  z   0.02936 -0.01517 -0.00568 -0.00109 -0.01201  0.00941
  7   c           x  -0.11368 -0.10977 -0.04863 -0.03141 -0.04336 -0.00093
                  y   0.18218 -0.20551 -0.15890  0.08316  0.07289  0.00175
                  z   0.08172 -0.05536 -0.07504 -0.14557  0.04187 -0.00141
  8   c           x  -0.18037 -0.12420 -0.01077 -0.02389  0.01286 -0.00019
                  y   0.04104 -0.03358 -0.11375 -0.03195  0.01739  0.00039
                  z   0.01818 -0.00625 -0.02528  0.14969 -0.01455  0.00031
  9   o           x  -0.23304 -0.14406  0.03110 -0.17034  0.10393  0.00071
                  y  -0.11518  0.04523  0.05210  0.00630 -0.03889 -0.00069
                  z  -0.04861  0.00283  0.03749  0.07235  0.02369  0.00056
 10   o           x  -0.24578 -0.12953  0.07699  0.18832  0.04828  0.00106
                  y  -0.09173  0.02279  0.02220 -0.07888  0.00823 -0.00015
                  z  -0.02531  0.02523  0.00898  0.02431 -0.04159 -0.00079
 11   h           x   0.13419 -0.03251 -0.41318  0.01739 -0.03718 -0.01931
                  y   0.10086 -0.22793 -0.04132 -0.02554  0.07111  0.02295
                  z   0.07784 -0.08447  0.00222 -0.03520  0.03880 -0.00367
 12   h           x   0.10794 -0.03470 -0.40206  0.06273 -0.04066  0.01878
                  y   0.14068 -0.24152 -0.03219  0.07980  0.07320 -0.01428
                  z   0.09238 -0.07068 -0.00503 -0.00298  0.02369 -0.01784
 13   h           x  -0.06294  0.24403 -0.25034  0.05700 -0.28309 -0.00656
                  y  -0.08365  0.07078  0.12098 -0.06804 -0.21881 -0.10304
                  z  -0.03898  0.01388  0.06714  0.01515 -0.07466  0.05083
 14   h           x  -0.02704  0.24572 -0.26558 -0.03596 -0.27210  0.01069
                  y  -0.09765  0.07355  0.13525 -0.00393 -0.23793  0.04967
                  z  -0.03692  0.00455  0.05630  0.04368 -0.06066  0.09995
 15   h           x   0.15763  0.01637  0.15708 -0.01585 -0.27379 -0.26057
                  y  -0.12677  0.15024  0.06609 -0.01963 -0.20372  0.18192
                  z  -0.06419  0.04212  0.02046 -0.00497 -0.05438  0.32005
 16   h           x   0.15110  0.01572  0.15604 -0.02918 -0.29030  0.27148
                  y  -0.10251  0.14622  0.06625 -0.01075 -0.17769 -0.32919
                  z  -0.06988  0.05204  0.01201 -0.00186 -0.06371  0.12475
 17   h           x   0.07297  0.23990  0.04473  0.01058  0.14694  0.03713
                  y   0.20669 -0.21895  0.03134 -0.01329 -0.34946 -0.23651
                  z   0.07402 -0.08429  0.00407 -0.02168 -0.13912  0.68490
 18   h           x  -0.13801 -0.20151  0.04039  0.23696 -0.03731 -0.00174
                  y   0.16324 -0.23170 -0.14384 -0.13073  0.11866 -0.00959
                  z   0.06935 -0.05216 -0.09377 -0.52717  0.09660 -0.01573
 19   h           x  -0.11565 -0.19265 -0.00786 -0.33377  0.03924 -0.00049
                  y   0.16377 -0.24416 -0.08034  0.46489  0.04054  0.01972
                  z   0.08481 -0.05824 -0.08838 -0.29921  0.06511 -0.00631
 20   h           x  -0.30592 -0.09262  0.14617  0.15413  0.02519  0.00068
                  y  -0.30889  0.11162  0.29058  0.02950  0.00220  0.00085
                  z  -0.08526  0.10281  0.06227 -0.21379 -0.13400 -0.00325

reduced mass(g/mol)     7.320    5.495    4.278    2.804    4.325    1.507


       mode              19       20       21       22       23       24

     frequency         592.18   621.32   639.15   656.82   740.90   757.36

     symmetry            a        a        a        a        a        a   

        IR               YES      YES      YES      YES      YES      YES
|dDIP/dQ|   (a.u.)     0.0058   0.0056   0.0045   0.0068   0.0021   0.0044
intensity (km/mol)      58.84    55.39    35.52    81.98     7.63    33.96
intensity (  %   )      16.70    15.72    10.08    23.27     2.16     9.64
 
       RAMAN             YES      YES      YES      YES      YES      YES
 
  1   c           x   0.02213  0.00873  0.06512  0.00105 -0.00134  0.05669
                  y   0.08595 -0.01475 -0.01270  0.00112 -0.02269  0.11739
                  z   0.02521 -0.00903 -0.00521 -0.00451  0.04784  0.03994
  2   c           x  -0.00530 -0.03154  0.04659  0.00105 -0.00256  0.08653
                  y  -0.03652  0.01429  0.02317 -0.00046 -0.01588 -0.02695
                  z  -0.01240  0.00538  0.00534  0.00462  0.05276  0.00964
  3   c           x   0.01072 -0.09627 -0.12177  0.00082  0.00005  0.01670
                  y  -0.05736  0.02095  0.08542 -0.01684 -0.00364 -0.00929
                  z  -0.01963  0.01170  0.03329  0.05689  0.01173  0.00473
  4   c           x   0.00626 -0.06801 -0.10921  0.00316 -0.00031 -0.03575
                  y   0.01993  0.00044 -0.01073 -0.03449  0.01716  0.02184
                  z   0.00587  0.00388  0.00089  0.10177 -0.05366 -0.01831
  5   o           x  -0.03997  0.09576  0.14663 -0.00007  0.00028  0.00547
                  y   0.00331  0.06757  0.09185  0.02013 -0.00794  0.03115
                  z   0.00325  0.01822  0.02473 -0.05385  0.01588  0.01851
  6   o           x   0.02027  0.00319 -0.03386 -0.00577  0.00239 -0.02315
                  y   0.02458 -0.09321 -0.15687  0.02722 -0.00281 -0.04319
                  z   0.00719 -0.03064 -0.04832 -0.09148  0.01770 -0.00543
  7   c           x   0.11809  0.10799 -0.02634  0.00026  0.00126  0.00957
                  y  -0.01092 -0.03023  0.04772  0.00100 -0.00695 -0.01727
                  z  -0.00847 -0.02437  0.02401 -0.00197  0.02039 -0.03136
  8   c           x   0.03145  0.09594 -0.03906 -0.00028  0.01180 -0.20094
                  y  -0.13751  0.02158  0.00369 -0.00021  0.01960 -0.34622
                  z  -0.05327  0.00658  0.00436  0.00054  0.00411 -0.10977
  9   o           x  -0.09244 -0.07381  0.01942 -0.00119  0.00467  0.01359
                  y   0.08431  0.07056 -0.04139  0.00002 -0.00379  0.06743
                  z  -0.07625 -0.08857  0.03093  0.00038 -0.00928  0.14226
 10   o           x  -0.06143 -0.01627 -0.00981  0.00071 -0.00710  0.01584
                  y  -0.04665  0.01834 -0.03899 -0.00086 -0.00262  0.14995
                  z   0.07873  0.11330 -0.06021  0.00088 -0.00564 -0.03283
 11   h           x   0.03503 -0.02189  0.11247 -0.01067 -0.19997  0.06490
                  y   0.08879 -0.03290  0.02298  0.00539  0.39848  0.15377
                  z   0.02490 -0.00972 -0.00562 -0.00799 -0.11707  0.02765
 12   h           x   0.03175 -0.02373  0.11130  0.01334  0.16009  0.19119
                  y   0.07164 -0.02422  0.00330  0.00058 -0.26536  0.13186
                  z   0.00506 -0.00702 -0.00641 -0.01068 -0.35109  0.00359
 13   h           x  -0.06352 -0.01067  0.12660  0.00545 -0.21010  0.03477
                  y  -0.05363  0.01443  0.06217  0.13423  0.37544  0.11388
                  z  -0.01759  0.00899  0.00907 -0.03550 -0.10932 -0.04289
 14   h           x  -0.06402 -0.01993  0.13486 -0.00866  0.17757  0.12261
                  y  -0.05370  0.02483  0.05816 -0.08541 -0.23338 -0.09744
                  z  -0.01065  0.01515  0.01263 -0.10631 -0.32832 -0.10603
 15   h           x  -0.02693 -0.10523 -0.12245  0.14542 -0.08033 -0.04491
                  y  -0.06407  0.01590  0.07496 -0.15595 -0.10963 -0.06697
                  z  -0.01484  0.00870  0.02089 -0.20267 -0.10697 -0.05188
 16   h           x  -0.02682 -0.10434 -0.11626 -0.16032  0.07337  0.02319
                  y  -0.06407  0.00700  0.06201  0.24229  0.15484  0.05095
                  z  -0.02283  0.01480  0.04077 -0.05563 -0.02905 -0.01465
 17   h           x   0.01880 -0.05475 -0.11175  0.04110 -0.00027 -0.04786
                  y   0.01841 -0.27653 -0.39652 -0.28652  0.03012 -0.10818
                  z   0.00816 -0.10433 -0.16052  0.82212 -0.06214 -0.06074
 18   h           x   0.24898  0.13693 -0.04382  0.00191 -0.03186  0.18523
                  y   0.00692 -0.04631  0.03850  0.00808 -0.15571  0.09017
                  z  -0.03662 -0.05599  0.01951  0.00658 -0.16088  0.04319
 19   h           x   0.21878  0.07598 -0.02970 -0.00105  0.00047  0.29359
                  y   0.05654  0.00925  0.03475 -0.01021  0.21875 -0.05027
                  z  -0.01271 -0.03996  0.02565  0.00096 -0.04409  0.02362
 20   h           x   0.19823 -0.21379  0.19647  0.00173  0.00130 -0.20832
                  y   0.57818 -0.84208  0.72035  0.00376  0.00655 -0.37273
                  z   0.61885  0.04381  0.13632  0.00109  0.02173 -0.51371

reduced mass(g/mol)     2.115    2.268    2.534    1.361    1.133    4.030


       mode              25       26       27       28       29       30

     frequency         803.90   877.95   887.87   924.44  1018.87  1050.98

     symmetry            a        a        a        a        a        a   

        IR               YES      YES      YES      YES      YES      YES
|dDIP/dQ|   (a.u.)     0.0022   0.0017   0.0016   0.0011   0.0009   0.0055
intensity (km/mol)       8.24     4.96     4.28     2.10     1.37    54.44
intensity (  %   )       2.34     1.41     1.22     0.60     0.39    15.45
 
       RAMAN             YES      YES      YES      YES      YES      YES
 
  1   c           x  -0.00598  0.02526  0.05917  0.01456  0.17025 -0.24347
                  y   0.01120 -0.04488 -0.01153 -0.01885  0.24389  0.13213
                  z  -0.05829 -0.00534 -0.03916  0.03959  0.07201  0.03244
  2   c           x   0.00016 -0.03426 -0.08263 -0.01376  0.04905  0.25782
                  y  -0.01878 -0.05963  0.03789 -0.00176  0.11908 -0.10924
                  z   0.05878 -0.01759  0.01075  0.05126  0.03292 -0.01844
  3   c           x   0.00071 -0.28933 -0.11819 -0.01138 -0.10242 -0.02795
                  y  -0.01463  0.17778 -0.02246  0.01905 -0.10396  0.04723
                  z   0.05770  0.05997  0.04314 -0.10225 -0.02630 -0.01110
  4   c           x  -0.00309  0.10720  0.02757  0.00358 -0.00455  0.05431
                  y   0.03300 -0.10138 -0.01799 -0.03357 -0.01744  0.01699
                  z  -0.10332 -0.02145 -0.05584  0.09531 -0.00732  0.02772
  5   o           x   0.00236  0.07437  0.02003 -0.00199  0.00962  0.00550
                  y  -0.01248 -0.16476 -0.05773  0.00714 -0.02388 -0.01007
                  z   0.02746 -0.06396 -0.00840 -0.02343 -0.00813 -0.00903
  6   o           x   0.00215  0.07492  0.04524  0.00392  0.03167 -0.02843
                  y  -0.00646  0.10155  0.04891  0.01086  0.03220 -0.04799
                  z   0.02522  0.02686  0.02333 -0.01545  0.00951 -0.01830
  7   c           x  -0.01332 -0.06243  0.30880  0.05157 -0.13502  0.00270
                  y   0.03208  0.10388 -0.10363  0.01699 -0.25007 -0.05786
                  z  -0.07361  0.02420 -0.00372 -0.11717 -0.07434  0.00897
  8   c           x   0.00744 -0.01161 -0.03134 -0.01941  0.02228  0.06484
                  y   0.01745 -0.09511  0.09247  0.03680  0.06676  0.03619
                  z   0.00856 -0.06488  0.13935  0.02561  0.01241  0.05860
  9   o           x  -0.01573  0.02165 -0.07136 -0.03164  0.00767 -0.00762
                  y  -0.00141  0.03341 -0.05859 -0.01311 -0.01583 -0.01283
                  z  -0.00492 -0.02290  0.11628  0.02716 -0.01733 -0.00040
 10   o           x   0.02298  0.03604 -0.11743  0.00689  0.00932 -0.02683
                  y  -0.02693 -0.00767  0.08121 -0.01371 -0.02100  0.02071
                  z   0.03094  0.05340 -0.17476  0.00914  0.00812 -0.05673
 11   h           x  -0.06370  0.11872  0.09085 -0.34633  0.17025 -0.40343
                  y  -0.33890  0.04159 -0.14422  0.00476  0.24487 -0.01639
                  z   0.03678 -0.01356  0.00810 -0.03734  0.07203  0.04799
 12   h           x   0.07684  0.18446 -0.14739  0.33278  0.15764 -0.30159
                  y   0.24675 -0.00587 -0.01616  0.00391  0.23189  0.14375
                  z   0.22105 -0.02562  0.04960 -0.07488  0.05939  0.07653
 13   h           x   0.03441  0.06109  0.00072 -0.37070 -0.05445  0.26025
                  y   0.31545 -0.00256  0.05260  0.02958  0.09753 -0.00570
                  z  -0.03934 -0.01631  0.02157 -0.02823  0.02447 -0.04952
 14   h           x  -0.04947  0.13613 -0.24741  0.31046 -0.07285  0.38361
                  y  -0.23291  0.01925 -0.01349  0.01895  0.09794 -0.10415
                  z  -0.21435  0.01245  0.01661 -0.06784  0.05113 -0.07071
 15   h           x  -0.13067 -0.39787 -0.21178  0.02782 -0.26774 -0.30604
                  y  -0.22629  0.13648 -0.14418  0.23267 -0.16441 -0.02639
                  z  -0.19257  0.05159 -0.09405  0.19208 -0.04508  0.00606
 16   h           x   0.11456 -0.41911 -0.15340 -0.03024 -0.26924 -0.23231
                  y   0.30607  0.03732  0.10786 -0.32271 -0.15649 -0.12859
                  z  -0.03117  0.08303 -0.00670  0.01120 -0.03574  0.01200
 17   h           x   0.00001  0.19092  0.07235  0.00311  0.02541  0.03478
                  y   0.02755  0.47388  0.14497 -0.00736  0.00890  0.15567
                  z  -0.05301  0.15305  0.03534  0.01266  0.00151  0.05106
 18   h           x  -0.00562 -0.05296  0.48891 -0.00668 -0.33254  0.28446
                  y   0.29099  0.11751 -0.12715  0.24917 -0.29158  0.03458
                  z   0.26128  0.03769 -0.09753  0.21384 -0.05419  0.01013
 19   h           x  -0.03031  0.02618  0.24317  0.14271 -0.28722 -0.09674
                  y  -0.38698  0.08603  0.00085 -0.36479 -0.26879  0.01335
                  z   0.04352  0.04296 -0.04604  0.00797 -0.09082 -0.02198
 20   h           x   0.03496  0.02684 -0.12246 -0.00040  0.01049 -0.00203
                  y   0.03011 -0.07857  0.22076  0.07343 -0.04154 -0.04950
                  z   0.03162  0.07831 -0.32210 -0.09736  0.02975  0.10910

reduced mass(g/mol)     1.396    3.857    4.095    1.553    3.546    3.069


       mode              31       32       33       34       35       36

     frequency        1069.04  1080.34  1142.78  1145.10  1209.44  1257.87

     symmetry            a        a        a        a        a        a   

        IR               YES      YES      YES      YES      YES      YES
|dDIP/dQ|   (a.u.)     0.0068   0.0055   0.0077   0.0099   0.0085   0.0035
intensity (km/mol)      82.76    53.87   105.54   173.23   128.92    21.87
intensity (  %   )      23.50    15.29    29.96    49.18    36.60     6.21
 
       RAMAN             YES      YES      YES      YES      YES      YES
 
  1   c           x  -0.06832  0.00341  0.03010  0.03989 -0.00843  0.05287
                  y  -0.06267 -0.07297 -0.01233 -0.05287  0.02738  0.00778
                  z   0.03860 -0.08877 -0.05705  0.02641 -0.06157  0.02354
  2   c           x   0.10985  0.04060 -0.01317 -0.02464  0.00257  0.05690
                  y   0.13735  0.14467  0.02756  0.08117 -0.01685 -0.00212
                  z  -0.02507  0.11685  0.07472 -0.03073  0.03067 -0.01902
  3   c           x  -0.05304 -0.05497  0.00633  0.01038  0.00109  0.04976
                  y  -0.15216 -0.14317  0.01104 -0.05981 -0.00146  0.05735
                  z   0.01141 -0.10932 -0.09347  0.06888  0.01883  0.01849
  4   c           x  -0.02107 -0.04624  0.12472  0.12301 -0.00226 -0.00397
                  y   0.00201 -0.04586  0.04497  0.10854  0.01333 -0.00627
                  z  -0.04767  0.04288  0.10956 -0.06347 -0.03945  0.00446
  5   o           x   0.00038 -0.00098 -0.02588 -0.02659  0.00062  0.01299
                  y  -0.01357 -0.00523  0.03970  0.03174 -0.00250 -0.03365
                  z   0.00597 -0.01351 -0.00437  0.02983  0.00639 -0.01295
  6   o           x   0.02556  0.04062 -0.04361 -0.04296 -0.00027 -0.01366
                  y   0.03154  0.06554 -0.10531 -0.11796 -0.00300  0.03735
                  z   0.01627  0.01226 -0.04620 -0.02555  0.00438  0.01258
  7   c           x   0.05015 -0.02679  0.02056 -0.01344  0.02814  0.05440
                  y   0.07232  0.07625  0.00683  0.04480 -0.05442  0.05179
                  z  -0.05403  0.11356  0.02683 -0.00264  0.09202  0.00653
  8   c           x  -0.07754  0.04428 -0.04785  0.03454 -0.08243  0.00473
                  y   0.04343 -0.09417  0.01730 -0.04931  0.05411 -0.04080
                  z  -0.04454  0.00638 -0.03631  0.01812 -0.06076 -0.00502
  9   o           x  -0.00583  0.01818  0.01026 -0.00454  0.04594  0.00547
                  y  -0.00034  0.01567  0.00349  0.00337  0.01224  0.00996
                  z   0.00490 -0.01020 -0.00908  0.00859 -0.06222 -0.01136
 10   o           x   0.03165 -0.02000  0.01015 -0.00630 -0.00782 -0.01032
                  y  -0.04391  0.04264 -0.02148  0.02341 -0.04189  0.00120
                  z   0.08264 -0.06015  0.04753 -0.04128  0.10560  0.01542
 11   h           x  -0.11433 -0.12293  0.16099 -0.20078 -0.10727 -0.32184
                  y   0.10581 -0.28822 -0.09326 -0.01211 -0.19253 -0.08301
                  z  -0.02060 -0.04352 -0.00570 -0.03130 -0.01196 -0.01981
 12   h           x  -0.27677  0.00591 -0.20999  0.16446  0.14711 -0.31182
                  y  -0.23265  0.06338 -0.01417 -0.07243  0.19872 -0.16945
                  z  -0.10597  0.09579  0.04595 -0.05723  0.09905 -0.05160
 13   h           x   0.30764  0.05010  0.04563 -0.25734 -0.22221 -0.29915
                  y   0.01041  0.32692  0.22938 -0.17528 -0.01795 -0.14615
                  z   0.05246  0.05994  0.02123  0.00686 -0.01226 -0.04016
 14   h           x   0.10437  0.23521 -0.28012  0.06803  0.22280 -0.35415
                  y   0.23404  0.07944 -0.18519  0.21235  0.01527 -0.11846
                  z   0.11343 -0.06120 -0.10125  0.11047 -0.02369  0.00354
 15   h           x  -0.06317 -0.15687 -0.59673  0.12148  0.26293 -0.27128
                  y  -0.24315 -0.07804 -0.05526 -0.12690  0.06734 -0.06111
                  z  -0.11658  0.03120  0.06465 -0.08117  0.00737 -0.01634
 16   h           x  -0.24172  0.07887  0.14483 -0.58370 -0.26467 -0.16920
                  y  -0.07189 -0.25067 -0.14129 -0.04807 -0.05937 -0.01983
                  z  -0.04926 -0.05009 -0.01562 -0.03281 -0.00559  0.00762
 17   h           x  -0.00711 -0.03003  0.09864  0.10570  0.00254 -0.11023
                  y  -0.07533 -0.17459  0.36678  0.38480  0.00863 -0.30432
                  z  -0.02595 -0.05607  0.11555  0.12633  0.00445 -0.09743
 18   h           x  -0.29423  0.30669 -0.14066  0.06775  0.35015 -0.21149
                  y   0.05741  0.04366 -0.11008  0.10114 -0.11580 -0.05763
                  z   0.06569 -0.06352 -0.06144  0.04138 -0.12097 -0.02266
 19   h           x   0.48825 -0.51139  0.13735 -0.25395 -0.17976 -0.39159
                  y   0.03314  0.10914  0.11494 -0.11187  0.13888 -0.16681
                  z   0.02730  0.02434  0.01144  0.00388 -0.00119 -0.00705
 20   h           x  -0.00982  0.01710 -0.01913  0.02157 -0.09160 -0.02997
                  y   0.11936 -0.10220  0.07860 -0.07227  0.25147  0.08388
                  z  -0.23766  0.22736 -0.17155  0.16714 -0.55317 -0.15985

reduced mass(g/mol)     2.188    2.535    1.913    1.975    1.665    1.292


       mode              37       38       39       40       41       42

     frequency        1270.01  1297.80  1322.16  1333.78  1343.17  1372.28

     symmetry            a        a        a        a        a        a   

        IR               YES      YES      YES      YES      YES      YES
|dDIP/dQ|   (a.u.)     0.0013   0.0004   0.0021   0.0017   0.0039   0.0044
intensity (km/mol)       2.95     0.32     8.15     5.15    26.44    34.31
intensity (  %   )       0.84     0.09     2.31     1.46     7.51     9.74
 
       RAMAN             YES      YES      YES      YES      YES      YES
 
  1   c           x   0.01060 -0.01597  0.01662  0.00927  0.04569  0.00357
                  y   0.02889 -0.04030  0.01926 -0.01855 -0.01455  0.02993
                  z  -0.09221 -0.00588 -0.03136  0.04549  0.00581  0.03331
  2   c           x   0.01944 -0.01156  0.02162  0.02372  0.06696 -0.05285
                  y  -0.02598  0.03655  0.01817  0.00810  0.01304 -0.04050
                  z   0.08484 -0.01712 -0.06902 -0.00500  0.02551  0.00087
  3   c           x   0.01446  0.06797 -0.00841 -0.00480  0.01047 -0.04214
                  y   0.01978  0.02525 -0.00849  0.01603  0.01266 -0.01496
                  z  -0.01008  0.01371  0.03309 -0.04037  0.00764 -0.00756
  4   c           x   0.00171  0.07624 -0.04355 -0.02765 -0.09202  0.08004
                  y   0.01416  0.04139 -0.03419 -0.01175 -0.05494  0.04981
                  z  -0.03675  0.01964  0.01570 -0.01797 -0.01565  0.01062
  5   o           x   0.00359  0.00246  0.00219  0.00195  0.00709 -0.00694
                  y  -0.01284 -0.04735  0.01765  0.00783  0.02645 -0.01935
                  z   0.00151 -0.01743  0.00251  0.00496  0.00865 -0.00594
  6   o           x  -0.00567 -0.04416  0.01961  0.01124  0.03564 -0.02754
                  y   0.00929  0.03274 -0.00613 -0.00302 -0.00536 -0.00128
                  z   0.00825  0.01230 -0.00587  0.00002 -0.00343  0.00122
  7   c           x   0.00760 -0.06458  0.02591 -0.00507 -0.06222  0.11577
                  y   0.00478 -0.03932 -0.01082 -0.00933 -0.01317  0.01503
                  z   0.01856  0.00669  0.05303  0.01736 -0.02357  0.00208
  8   c           x  -0.00702 -0.03370 -0.05250 -0.02671 -0.06862 -0.17245
                  y   0.00344  0.04763  0.02877  0.01851  0.05416  0.08325
                  z  -0.00729 -0.01633 -0.04085 -0.01860 -0.03976 -0.11990
  9   o           x  -0.01920  0.00332 -0.00407  0.00296  0.01005  0.01117
                  y  -0.01005 -0.00927 -0.01005 -0.00389 -0.00949 -0.01890
                  z   0.03929  0.00764  0.02862  0.00551  0.00822  0.04406
 10   o           x   0.01956  0.01744  0.02546  0.00993  0.02811  0.06318
                  y   0.00655 -0.00553 -0.00375 -0.00280 -0.00990 -0.01786
                  z  -0.03097 -0.00652 -0.00931 -0.00075 -0.00045  0.00091
 11   h           x   0.04694  0.05520 -0.49170 -0.35890  0.13310  0.05044
                  y  -0.19480  0.01319 -0.25554 -0.04477  0.05245  0.09387
                  z  -0.01793 -0.00749 -0.05015 -0.01388  0.00424  0.02578
 12   h           x  -0.20064  0.29942  0.26822  0.29278 -0.42440 -0.19554
                  y   0.09393  0.08090  0.16826  0.02127 -0.20995 -0.08115
                  z   0.08960  0.01083  0.04791 -0.02413 -0.04557 -0.02721
 13   h           x  -0.23679 -0.07276 -0.21401  0.41801 -0.40505  0.25906
                  y   0.10011 -0.05825 -0.22185  0.16184 -0.09111  0.08185
                  z  -0.00281 -0.00202 -0.04419  0.02357 -0.02972  0.02469
 14   h           x   0.04662 -0.08361  0.05123 -0.59733 -0.15678  0.22542
                  y  -0.14272  0.04536  0.13866 -0.22153 -0.08771  0.03773
                  z  -0.08837  0.02815  0.07329 -0.03979 -0.00812 -0.01364
 15   h           x   0.28264 -0.39866 -0.21595  0.22477  0.00674  0.13299
                  y   0.13537 -0.12505 -0.13824  0.13959 -0.02259  0.07858
                  z   0.04411 -0.01379 -0.06264  0.03647 -0.03010  0.04690
 16   h           x  -0.42331 -0.21448  0.33010 -0.19211 -0.01183  0.08115
                  y  -0.17644 -0.02018  0.16571 -0.15196 -0.03449  0.05991
                  z  -0.01653 -0.01387  0.02822 -0.02099  0.01620 -0.00765
 17   h           x  -0.03768 -0.19105  0.07101  0.03713  0.11375 -0.07677
                  y  -0.10358 -0.50053  0.18289  0.09465  0.28681 -0.18931
                  z  -0.03086 -0.15977  0.05667  0.02870  0.09169 -0.05980
 18   h           x  -0.40999  0.38200 -0.19139  0.10763  0.52502  0.07252
                  y  -0.18198  0.11663 -0.19055  0.00082  0.23247 -0.09764
                  z  -0.05771  0.02552 -0.09109 -0.00990  0.05350 -0.12424
 19   h           x   0.34614  0.29983  0.13569  0.00743  0.07277 -0.48130
                  y   0.17802  0.15672  0.14643  0.03352 -0.00680 -0.31005
                  z   0.02156  0.01189  0.02286  0.00925 -0.00704 -0.01608
 20   h           x   0.05600  0.03708  0.05165  0.01897  0.05155  0.11023
                  y  -0.13322 -0.09037 -0.11090 -0.03951 -0.11277 -0.22340
                  z   0.28366  0.17585  0.23544  0.08371  0.22555  0.47276

reduced mass(g/mol)     1.290    1.393    1.272    1.103    1.426    2.032


       mode              43       44       45       46       47       48

     frequency        1391.58  1417.94  1459.76  1484.56  1491.99  1510.73

     symmetry            a        a        a        a        a        a   

        IR               YES      YES      YES      YES      YES      YES
|dDIP/dQ|   (a.u.)     0.0050   0.0046   0.0030   0.0014   0.0004   0.0027
intensity (km/mol)      44.83    37.18    16.06     3.57     0.33    12.52
intensity (  %   )      12.73    10.55     4.56     1.01     0.09     3.55
 
       RAMAN             YES      YES      YES      YES      YES      YES
 
  1   c           x  -0.14522  0.04946 -0.00857  0.01565  0.01883  0.02542
                  y  -0.05198  0.02754  0.00349 -0.02372 -0.03746 -0.05647
                  z  -0.00841  0.00859  0.00143 -0.00946 -0.01277 -0.01899
  2   c           x   0.05232 -0.14343  0.01805 -0.00062 -0.01566  0.00652
                  y   0.03440 -0.03436  0.01255 -0.00317  0.05860 -0.05062
                  z   0.01300 -0.00304  0.00308 -0.00138  0.01960 -0.01652
  3   c           x   0.06629  0.17477  0.01539  0.00227 -0.01370  0.01124
                  y   0.02244  0.03843 -0.07213 -0.00533  0.00761 -0.00792
                  z   0.00419  0.00156 -0.02398 -0.00179  0.00339 -0.00332
  4   c           x  -0.07691 -0.11861 -0.01322 -0.00160  0.00537 -0.00362
                  y  -0.04663 -0.06147 -0.00058 -0.00001  0.00217 -0.00100
                  z  -0.01227 -0.01538  0.00058  0.00010  0.00047 -0.00017
  5   o           x   0.00720  0.01451  0.00588  0.00068 -0.00020  0.00047
                  y   0.01523  0.01600 -0.00617 -0.00057 -0.00043 -0.00015
                  z   0.00483  0.00473 -0.00244 -0.00026 -0.00018 -0.00005
  6   o           x   0.02301  0.03015  0.00438  0.00053 -0.00066  0.00045
                  y   0.00278  0.00663 -0.00111  0.00004  0.00025 -0.00026
                  z  -0.00014  0.00068 -0.00059 -0.00001  0.00015 -0.00012
  7   c           x   0.09007  0.00237  0.00182 -0.05058  0.01226  0.01976
                  y   0.01673 -0.00117 -0.00363  0.06189 -0.01841 -0.02377
                  z  -0.00082  0.00051 -0.00133  0.02109 -0.00658 -0.00846
  8   c           x  -0.03004 -0.00724 -0.00000  0.01769 -0.00366 -0.00570
                  y   0.00523  0.00300 -0.00058 -0.00070 -0.00136 -0.00092
                  z  -0.01787 -0.00699  0.00002  0.02085 -0.00338 -0.00601
  9   o           x   0.00079 -0.00006 -0.00008  0.00207 -0.00027 -0.00062
                  y  -0.00129 -0.00112  0.00006  0.00164 -0.00002 -0.00025
                  z   0.00872  0.00277  0.00002 -0.00878  0.00152  0.00268
 10   o           x   0.00893  0.00277 -0.00007 -0.00507  0.00073  0.00127
                  y  -0.00032 -0.00116  0.00013  0.00139  0.00001 -0.00027
                  z  -0.00203  0.00048 -0.00012 -0.00234  0.00020  0.00060
 11   h           x   0.53787 -0.15345  0.02658 -0.11421 -0.11612 -0.17356
                  y   0.24708 -0.06205 -0.03994  0.23597  0.34235  0.45400
                  z   0.03658 -0.00258  0.01907 -0.10029 -0.13685 -0.19032
 12   h           x   0.44538 -0.13683  0.02277 -0.08577 -0.09492 -0.14407
                  y   0.19872 -0.05704 -0.02019  0.13628  0.19170  0.24803
                  z   0.05739 -0.02232 -0.04087  0.23103  0.31978  0.43275
 13   h           x  -0.20054  0.46003 -0.01853  0.00856  0.12528 -0.08870
                  y  -0.03840  0.08271 -0.09580 -0.00157 -0.51592  0.37201
                  z  -0.01147  0.07170  0.02594 -0.00039  0.20018 -0.14890
 14   h           x  -0.16389  0.40966 -0.02057  0.00669  0.09398 -0.06579
                  y  -0.04432  0.10256 -0.06138 -0.00069 -0.29363  0.20865
                  z   0.00126 -0.05641 -0.07480 -0.00119 -0.47295  0.34442
 15   h           x  -0.17672 -0.42196 -0.13762 -0.01069  0.02963 -0.02285
                  y  -0.08254 -0.12704  0.34694  0.02874 -0.01521  0.03531
                  z  -0.04214  0.01218  0.58361  0.04822 -0.04383  0.06757
 16   h           x  -0.18783 -0.45363 -0.18250 -0.01412  0.03448 -0.02938
                  y  -0.10094 -0.12341  0.62143  0.05164 -0.03617  0.06678
                  z   0.00243 -0.04741 -0.25303 -0.02096  0.02373 -0.03167
 17   h           x   0.06197  0.07904  0.01293  0.00125 -0.00273  0.00193
                  y   0.15406  0.19835  0.03439  0.00311 -0.00788  0.00577
                  z   0.04883  0.06264  0.01115  0.00102 -0.00251  0.00186
 18   h           x  -0.19260 -0.00531 -0.01099  0.17980 -0.04395 -0.05779
                  y  -0.13709  0.00222  0.01907 -0.30822  0.07326  0.10862
                  z  -0.08060  0.00441  0.03189 -0.52734  0.13000  0.18766
 19   h           x  -0.25531 -0.02557 -0.01312  0.26933 -0.06178 -0.08605
                  y  -0.18562  0.00192  0.03369 -0.54358  0.13232  0.19333
                  z  -0.00566 -0.00281 -0.01332  0.22827 -0.05779 -0.08234
 20   h           x   0.01624  0.00474  0.00010 -0.00754  0.00149  0.00228
                  y  -0.03522 -0.00740 -0.00018  0.01358 -0.00068 -0.00113
                  z   0.07714  0.01894  0.00079 -0.02798  0.00480  0.00692

reduced mass(g/mol)     1.581    1.858    1.084    1.104    1.083    1.100


       mode              49       50       51       52       53       54

     frequency        1811.12  1812.90  3020.42  3027.36  3040.05  3045.45

     symmetry            a        a        a        a        a        a   

        IR               YES      YES      YES      YES      YES      YES
|dDIP/dQ|   (a.u.)     0.0141   0.0121   0.0020   0.0014   0.0038   0.0013
intensity (km/mol)     352.25   260.58     7.18     3.29    25.19     2.86
intensity (  %   )     100.00    73.98     2.04     0.94     7.15     0.81
 
       RAMAN             YES      YES      YES      YES      YES      YES
 
  1   c           x  -0.00614 -0.00712  0.02364 -0.00089 -0.00542 -0.00450
                  y  -0.00265 -0.01306 -0.05538  0.00265  0.01280  0.02281
                  z   0.00297 -0.00097 -0.02262  0.00171  0.01049 -0.05790
  2   c           x   0.00455 -0.00089 -0.00678 -0.00938 -0.02112  0.00074
                  y  -0.00268  0.01027  0.01540  0.02496  0.05301 -0.01144
                  z   0.00015  0.00450  0.00594  0.00712  0.01513  0.05012
  3   c           x  -0.02431  0.03143 -0.00159  0.01980 -0.00882 -0.00204
                  y   0.02045 -0.02570  0.00406 -0.05738  0.02481  0.01278
                  z   0.00799 -0.01061  0.00122 -0.01654  0.00812 -0.03975
  4   c           x   0.22630 -0.26859 -0.00007 -0.00040 -0.00066 -0.00011
                  y  -0.37491  0.43800  0.00055 -0.00155  0.00215  0.00031
                  z  -0.13844  0.16187  0.00018 -0.00043  0.00074 -0.00060
  5   o           x  -0.12239  0.14406  0.00001 -0.00022  0.00026  0.00000
                  y   0.24606 -0.28769 -0.00018  0.00063 -0.00107 -0.00000
                  z   0.08947 -0.10460 -0.00006  0.00023 -0.00036 -0.00020
  6   o           x  -0.01525  0.01938  0.00010  0.00045  0.00005  0.00002
                  y   0.03333 -0.03815 -0.00003  0.00002 -0.00022 -0.00003
                  z   0.01212 -0.01388 -0.00002 -0.00002 -0.00008  0.00006
  7   c           x  -0.04036 -0.03797 -0.00314  0.00061  0.00438 -0.00084
                  y   0.00275  0.00308  0.00664 -0.00182 -0.00999  0.00003
                  z   0.03188  0.02745  0.00391 -0.00105 -0.00687  0.01168
  8   c           x   0.32364  0.27844  0.00101 -0.00001 -0.00049  0.00006
                  y   0.08084  0.06713 -0.00072 -0.00010  0.00006  0.00009
                  z  -0.42071 -0.35905 -0.00028 -0.00005 -0.00006 -0.00004
  9   o           x  -0.18164 -0.15554 -0.00033 -0.00002  0.00011 -0.00001
                  y  -0.06124 -0.05206  0.00013  0.00001 -0.00004  0.00006
                  z   0.27653  0.23624  0.00032  0.00002 -0.00006  0.00009
 10   o           x  -0.02525 -0.02205 -0.00020  0.00001  0.00010 -0.00000
                  y  -0.00799 -0.00648  0.00023  0.00001 -0.00007 -0.00013
                  z   0.03681  0.03101 -0.00008 -0.00001  0.00002  0.00003
 11   h           x   0.02427  0.04646 -0.11840  0.00491  0.03791 -0.07787
                  y   0.02203  0.02008  0.17626 -0.01015 -0.05519  0.12296
                  z  -0.00649 -0.00639  0.66395 -0.03596 -0.20267  0.40409
 12   h           x  -0.01218  0.01473 -0.16153  0.00487  0.03225  0.13282
                  y  -0.00439 -0.00234  0.48899 -0.01987 -0.09433 -0.39799
                  z   0.00706  0.00519 -0.39253  0.01579  0.07709  0.29810
 13   h           x   0.01507 -0.03558  0.03223  0.04604  0.09775  0.07950
                  y  -0.00309  0.00280 -0.04939 -0.06999 -0.15072 -0.12761
                  z  -0.00693  0.01292 -0.18279 -0.26169 -0.55583 -0.41596
 14   h           x   0.02088 -0.03098  0.04516  0.07340  0.15536 -0.08818
                  y  -0.00938  0.00600 -0.13905 -0.22549 -0.48102  0.26791
                  z   0.00127 -0.00628  0.11016  0.17760  0.37628 -0.19231
 15   h           x  -0.09122  0.10318  0.01247 -0.14882  0.06312  0.07643
                  y   0.02641 -0.03257 -0.03643  0.51762 -0.22253 -0.25840
                  z   0.06105 -0.06869  0.02831 -0.39309  0.16842  0.18058
 16   h           x  -0.09830  0.11190  0.00807 -0.08740  0.03910 -0.05163
                  y   0.05412 -0.06425 -0.01152  0.16881 -0.07741  0.10109
                  z  -0.02539  0.02617 -0.04256  0.58992 -0.26660  0.30633
 17   h           x  -0.09814  0.11634  0.00018 -0.00281  0.00114  0.00004
                  y  -0.27368  0.32097  0.00019  0.00246 -0.00004 -0.00012
                  z  -0.08766  0.10183  0.00006  0.00096 -0.00008  0.00064
 18   h           x   0.14524  0.12377  0.01752 -0.00509 -0.02643 -0.01212
                  y   0.01111  0.01412 -0.05675  0.01545  0.07840  0.03423
                  z  -0.06584 -0.05335  0.04723 -0.01280 -0.06559 -0.02532
 19   h           x  -0.13791 -0.11590  0.01506 -0.00422 -0.02519  0.02078
                  y  -0.02153 -0.01277 -0.02375  0.00655  0.03748 -0.03310
                  z   0.00945  0.00854 -0.09491  0.02570  0.14785 -0.12091
 20   h           x  -0.06253 -0.05340  0.00031 -0.00016 -0.00028 -0.00028
                  y   0.15371  0.13290  0.00002  0.00009  0.00022 -0.00017
                  z  -0.32201 -0.27441 -0.00069  0.00018  0.00060 -0.00014

reduced mass(g/mol)     9.545    9.578    1.058    1.060    1.060    1.101


       mode              55       56       57       58       59       60

     frequency        3054.24  3057.02  3080.43  3109.81  3719.74  3722.40

     symmetry            a        a        a        a        a        a   

        IR               YES      YES      YES      YES      YES      YES
|dDIP/dQ|   (a.u.)     0.0017   0.0029   0.0040   0.0033   0.0060   0.0058
intensity (km/mol)       5.06    14.67    28.62    18.81    63.82    60.05
intensity (  %   )       1.44     4.16     8.12     5.34    18.12    17.05
 
       RAMAN             YES      YES      YES      YES      YES      YES
 
  1   c           x  -0.00496  0.00219  0.00161 -0.00148  0.00000 -0.00001
                  y   0.02077  0.00081 -0.01039  0.00789 -0.00000 -0.00005
                  z  -0.04249 -0.03145  0.03237 -0.02143 -0.00003 -0.00001
  2   c           x  -0.00265  0.00300  0.00340 -0.00063 -0.00003  0.00001
                  y   0.00876 -0.00779 -0.02288  0.00368  0.00001  0.00014
                  z  -0.00973  0.00021  0.07269 -0.01042  0.00001  0.00004
  3   c           x   0.00218  0.00178  0.00174 -0.00009  0.00003  0.00071
                  y  -0.01684 -0.01053 -0.01130  0.00068 -0.00003 -0.00057
                  z   0.06213  0.02925  0.03646 -0.00214 -0.00001 -0.00022
  4   c           x  -0.00001  0.00016  0.00001 -0.00001 -0.00010 -0.00330
                  y  -0.00009 -0.00041 -0.00007  0.00001 -0.00002 -0.00048
                  z   0.00116  0.00042  0.00039  0.00002 -0.00000  0.00001
  5   o           x   0.00005 -0.00004  0.00000  0.00000  0.00002  0.00018
                  y  -0.00018  0.00012 -0.00002 -0.00001  0.00002  0.00079
                  z   0.00008  0.00010 -0.00004  0.00001  0.00000  0.00026
  6   o           x   0.00000 -0.00003  0.00000  0.00000 -0.00116 -0.05889
                  y  -0.00000  0.00004 -0.00000 -0.00000  0.00030  0.01443
                  z  -0.00010 -0.00003 -0.00001 -0.00000  0.00016  0.00798
  7   c           x  -0.00937  0.02045 -0.00279 -0.00875  0.00076 -0.00002
                  y   0.01969 -0.04875  0.01009  0.03761  0.00002  0.00001
                  z   0.02587 -0.02484 -0.01564 -0.08190 -0.00032  0.00001
  8   c           x   0.00056 -0.00115  0.00012  0.00046 -0.00311  0.00003
                  y  -0.00001  0.00003  0.00014  0.00110  0.00116 -0.00002
                  z   0.00042 -0.00045 -0.00047 -0.00292 -0.00053  0.00001
  9   o           x   0.00001 -0.00006  0.00001 -0.00037  0.00005  0.00001
                  y   0.00010 -0.00007 -0.00008 -0.00043 -0.00032  0.00001
                  z  -0.00002  0.00014  0.00004  0.00091  0.00077 -0.00002
 10   o           x  -0.00001  0.00004 -0.00001  0.00028 -0.05837  0.00117
                  y  -0.00008 -0.00007  0.00006 -0.00021  0.01260 -0.00025
                  z  -0.00001  0.00002  0.00004  0.00050  0.01298 -0.00025
 11   h           x  -0.05114 -0.05575  0.05026 -0.02614 -0.00006  0.00003
                  y   0.08040  0.08776 -0.07039  0.04484  0.00006  0.00001
                  z   0.26309  0.30154 -0.23925  0.14811  0.00003  0.00002
 12   h           x   0.10936  0.03357 -0.06995  0.04312  0.00002  0.00002
                  y  -0.32702 -0.10086  0.19440 -0.13726 -0.00074  0.00003
                  z   0.24717  0.07261 -0.14647  0.10236  0.00044 -0.00003
 13   h           x  -0.00881 -0.01387  0.10384 -0.01689  0.00003 -0.00012
                  y   0.00984  0.01415 -0.16729  0.02327 -0.00002 -0.00018
                  z   0.02877  0.05762 -0.54360  0.07589 -0.00008 -0.00038
 14   h           x   0.04199 -0.02500 -0.14406  0.02501  0.00017 -0.00008
                  y  -0.11442  0.07888  0.43919 -0.06733 -0.00015 -0.00036
                  z   0.08706 -0.06044 -0.32062  0.04941  0.00010  0.00021
 15   h           x  -0.10953 -0.05813 -0.06347  0.00304 -0.00002  0.00061
                  y   0.36541  0.19888  0.22879 -0.01553  0.00007  0.00237
                  z  -0.25567 -0.14005 -0.15887  0.01004 -0.00004 -0.00101
 16   h           x   0.08239  0.03649  0.04258 -0.00180 -0.00000  0.00081
                  y  -0.16190 -0.06964 -0.09305  0.00641  0.00004  0.00132
                  z  -0.49707 -0.21250 -0.27907  0.01735  0.00007  0.00211
 17   h           x   0.00008 -0.00009 -0.00000 -0.00000  0.01918  0.96154
                  y   0.00031  0.00004  0.00010  0.00003 -0.00468 -0.23344
                  z  -0.00098 -0.00050 -0.00032 -0.00005 -0.00259 -0.12959
 18   h           x   0.03631 -0.13053  0.04749  0.18665 -0.00076  0.00001
                  y  -0.12317  0.41772 -0.14225 -0.60362 -0.00054  0.00000
                  z   0.10279 -0.33878  0.11245  0.46499 -0.00040  0.00002
 19   h           x   0.06811 -0.09916 -0.01560 -0.08588  0.00106 -0.00003
                  y  -0.11125  0.16669  0.02107  0.15147 -0.00028  0.00001
                  z  -0.41894  0.63578  0.07645  0.52413  0.00163 -0.00003
 20   h           x   0.00020 -0.00103  0.00017 -0.00064  0.95334 -0.01902
                  y  -0.00028  0.00016  0.00015  0.00065 -0.20739  0.00413
                  z  -0.00064  0.00125 -0.00001  0.00106 -0.20970  0.00416

reduced mass(g/mol)     1.093    1.068    1.105    1.105    1.064    1.064
 

         **************************************************************
         *                                                            *
         *  zero point VIBRATIONAL energy  :      0.1624087  Hartree  *
         *    SCF-energy                   :   -535.5373504           *
         *    SCF + E(vib0)                :   -535.3749417           *
         *                                                            *
         **************************************************************




 time elapsed for vibrational analysis     1.03 sec


    ------------------------------------------------------------------------
         total  cpu-time :  1 hours  8 minutes and  1 seconds
         total wall-time :  4 minutes and 28 seconds
    ------------------------------------------------------------------------

   ****  force : all done  ****


    2026-04-15 20:00:18.889 

aoforce ended normally 
