
   OpenMP run-time library returned nthreads = 16

 ridft (s02r2b15) : TURBOMOLE rev. V7-8-1 compiled 26 Feb 2024 at 17:12:58
 Copyright (C) 2024 TURBOMOLE GmbH, Karlsruhe


    2026-04-15 19:55:46.352 



                                  r i d f t

                        DFT program with RI approximation 
                                for coulomb part 





                                 References:     
                                                 
          TURBOMOLE:                             
              R. Ahlrichs, M. Baer, M. Haeser, H. Horn, and
              C. Koelmel
              Electronic structure calculations on workstation
              computers: the program system TURBOMOLE
              Chem. Phys. Lett. 162: 165 (1989)
          Density Functional:                              
              O. Treutler and R. Ahlrichs                      
              Efficient Molecular Numerical Integration Schemes
              J. Chem. Phys. 102: 346 (1995)                   
          Parallel Version:                                
              Performance of parallel TURBOMOLE for Density    
              Functional Calculations                          
              M. v. Arnim and R. Ahlrichs                      
              J. Comp. Chem. 19: 1746 (1998)                   
          RI-J Method:                                     
              Auxiliary Basis Sets to approximate Coulomb      
              Potentials                                       
              Chem. Phys. Lett. 240: 283 (1995)                
              K. Eichkorn, O. Treutler, H. Oehm, M. Haeser     
              and R. Ahlrichs                                  
              Chem. Phys. Lett. 242: 652 (1995)                
                                                           
              Auxiliary Basis Sets for Main Row Atoms and their
              Use to approximate Coulomb Potentials            
              K. Eichkorn, F. Weigend, O. Treutler and         
              R. Ahlrichs                                      
              Theo. Chem. Acc. 97: 119 (1997)                  
                                                           
              Accurate Coulomb-fitting basis sets for H to Rn 
              F. Weigend                                       
              Phys. Chem. Chem. Phys. 8: 1057 (2006)           
                                                           
          Multipole accelerated RI-J (MARI-J):             
              Fast evaluation of the Coulomb potential for     
              electron densities using multipole accelerated   
              resolution of identity approximation             
              M. Sierka, A. Hogekamp and R. Ahlrichs           
              J. Chem. Phys. 118: 9136 (2003)                  
          RI-JK Method:                                     
              A fully direct RI-HF algorithm: Implementation,
              optimised auxiliary basis sets, demonstration of
              accuracy and efficiency                         
              F. Weigend                                      
              Phys. Chem. Chem. Phys. 4: 4285 (2002)           
          Two-component HF and DFT with spin-orbit coupling:  
              Self-consistent treatment of spin-orbit         
              interactions with efficient Hartree-Fock and    
              density functional methods                      
              M. K. Armbruster, F. Weigend, C. van Wüllen and 
              W. Klopper                                      
              Phys. Chem. Chem. Phys. 10: 1748 (2008)         
          Two-component difference density and DIIS algorithm 
              Efficient two-component self-consistent field   
              procedures and gradients: implementation in     
              TURBOMOLE and application to Au20-              
              A. Baldes, F. Weigend                           
              Mol. Phys. 111: 2617 (2013)                     
          Relativistic current density functional theory      
              Current density functional framework for        
              spin-orbit coupling                             
              C. Holzer, Y. J. Franzke, A. Pausch             
              J. Chem. Phys. 157: 204102 (2022)               
          Relativistic all-electron 2c calculations           
              An efficient implementation of two-component    
              relativistic exact-decoupling methods for large 
              molecules                                       
              D. Peng, N. Middendorf, F. Weigend, M. Reiher   
              J. Chem. Phys. 138: 184105 (2013)               
          Finite nucleus model and SNSO approximation         
              Efficient implementation of one- and two-       
              component analytical energy gradients in exact  
              two-component theory                            
              Y. J. Franzke, N. Middendorf, F. Weigend        
              J. Chem. Phys. 148: 104110 (2018)               
          Grids for all-electron relativistic methods         
              Error-consistent segmented contracted all-      
              electron relativistic basis sets of double-     
              and triple-zeta quality for NMR shielding       
              constants                                       
              Y. J. Franzke, R. Tress, T. M. Pazdera,         
              F. Weigend                                      
              Phys. Chem. Chem. Phys. 21: 166658 (2019)       
          Seminumerical exchange algorithms                   
              Seminumerical calculation of the Hartree-Fock   
              exchange matirx: Application to two-component   
              procedures and efficient evaluation of local    
              hybrid functionsl                               
              P. Plessow, F. Weigend,                         
              J. Comput. Chem. 33: 810 (2012)                 
          Improved seminumerical algorithms                   
              C. Holzer,                                      
              J. Chem. Phys. 153 (2020), 184115               






          OpenMP Shared-Memory Parallelization: 16 CPUs.

            By: Christof Holzer and Yannick J. Franzke


              +--------------------------------------------------+
              |      general information about current run       |
              +--------------------------------------------------+

 
 Becke-3-Parameter hybrid functional: B3-LYP
 exchange:    0.8*LDA + 0.72*B88 + 0.2*HF
 correlation: 0.19*LDA(VWN) + 0.81*LYP
 A Hybrid-DFT calculation using the RI-J approximation will be carried out.
 Allocatable memory for RI due to $ricore (MB):                  5000


              +--------------------------------------------------+
              | Atomic coordinate, charge and isotop information |
              +--------------------------------------------------+

                    atomic coordinates            atom    charge  isotop
         -1.43729508    0.09785712    0.16198942    c      6.000     0
          1.37148711   -0.48786773   -0.17074296    c      6.000     0
          3.05027244    1.76333532    0.47545874    c      6.000     0
          5.83312396    1.22817622    0.15282534    c      6.000     0
          6.74992359   -0.72837953   -0.55534570    o      8.000     0
          7.25601667    3.26739727    0.76703905    o      8.000     0
         -3.10970796   -2.19082263   -0.48457239    c      6.000     0
         -5.86967349   -1.61283368   -0.08488637    c      6.000     0
         -7.05379513   -2.04804619    1.80786417    o      8.000     0
         -6.91511892   -0.45081001   -2.11726020    o      8.000     0
         -1.81023865    0.67155514    2.11343057    h      1.000     0
         -1.97158252    1.69214869   -1.04092895    h      1.000     0
          1.74041128   -1.07503844   -2.11656741    h      1.000     0
          1.89904616   -2.09268640    1.01808137    h      1.000     0
          2.59467339    3.40342586   -0.70072212    h      1.000     0
          2.75799173    2.38545495    2.42670184    h      1.000     0
          9.00953156    2.79333543    0.51448283    h      1.000     0
         -2.63235441   -3.77903738    0.73784591    h      1.000     0
         -2.80132440   -2.74743502   -2.44709824    h      1.000     0
         -8.66138543   -0.08972711   -1.68763087    h      1.000     0
 
       center of nuclear mass  :   -0.00838323   -0.08639037   -0.01473609
       center of nuclear charge:   -0.00704846   -0.07345698   -0.02132815

              +--------------------------------------------------+
              |               basis set information              |
              +--------------------------------------------------+

              we will work with the 1s 3p 5d 7f 9g ... basis set
              ...i.e. with spherical basis functions...

   type   atoms  prim   cont   basis
   ---------------------------------------------------------------------------
    c        6     46     31   def2-TZVP   [5s3p2d1f|11s6p2d1f]
    o        4     46     31   def2-TZVP   [5s3p2d1f|11s6p2d1f]
    h       10      8      6   def2-TZVP   [3s1p|5s1p]
   ---------------------------------------------------------------------------
   total:   20    540    370
   ---------------------------------------------------------------------------

   total number of primitive shells          :   46
   total number of contracted shells         :  150
   total number of cartesian basis functions :  420
   total number of SCF-basis functions       :  370


 integral neglect threshold       :  0.79E-11
 integral storage threshold THIZE :  0.10E-04
 integral storage threshold THIME :         5

 RI-J AUXILIARY BASIS SET information:

              we will work with the 1s 3p 5d 7f 9g ... basis set
              ...i.e. with spherical basis functions...

   type   atoms  prim   cont   basis
   ---------------------------------------------------------------------------
    c        6     70     49   def2-TZVP   [6s4p3d1f1g|12s5p4d2f1g]
    o        4     70     49   def2-TZVP   [6s4p3d1f1g|12s5p4d2f1g]
    h       10     16     11   def2-TZVP   [3s1p1d|5s2p1d]
   ---------------------------------------------------------------------------
   total:   20    860    600
   ---------------------------------------------------------------------------

   total number of primitive shells          :   56
   total number of contracted shells         :  200
   total number of cartesian basis functions :  730
   total number of SCF-basis functions       :  600


 symmetry group of the molecule :   c1 

 the group has the following generators :
   c1(z)

    1 symmetry operations found

 there are 1 real representations :   a   

 maximum number of shells which are related by symmetry :  1

  
           ------------------
           density functional
           ------------------
 Becke-3-Parameter hybrid functional: B3-LYP
 exchange:    0.8*LDA + 0.72*B88 + 0.2*HF
 correlation: 0.19*LDA(VWN) + 0.81*LYP
 iterations will be done with small grid
  
 spherical integration : Lebedev's spherical grid
 spherical gridsize    :                     3
    i.e. gridpoints    :                   302
  maximum batchsize    :                   100
 value for diffuse not defined
 radial integration    : Chebyshev 2nd kind (scaling 3)
 radial gridsize       :                     3
 integration cells     :                    20
 partition function    : becke
 partition sharpness   :                     3
  

 biggest AO integral is expected to be     7.998976882

          ------------------------
          nuclear repulsion energy  :   509.309811954    
          ------------------------


         -----------------
         -S,T+V- integrals
         -----------------

 1e-integrals will be neglected if expon. factor < 0.795705E-12
 
 Difference densities algorithm switched on.
 The maximal number of linear combinations of
 difference densities is  20.

 DIIS switched on: error vector is FDS-SDF
 Max. Iterations for DIIS is     :   4
 DIIS matrix (see manual) 
    Scaling factor of diagonals  :  1.200
    threshold for scaling factor :  0.000

 scf convergence criterion : increment of total energy < .1000000D-06
                  and increment of one-electron energy < .1000000D-03

 MOs are in ASCII format !


    mo occupation :
   irrep   mo's   occupied
    a      370       39
 
 number of basis functions   :   370
 number of occupied orbitals :    39
 

 reading orbital data $scfmo  from file mos
 orbital characterization : scfconv=7
 mo-orthogonalization by Cholesky decomposition

 automatic virtual orbital shift switched on 
      shift if e(lumo)-e(homo) < 0.10000000    

  
           ------------------------
               RI-J - INFORMATION
           ------------------------
 Contributions to RI integral batches: 
  neglected integral batches:                  2682
  direct contribution:                            0
  memory contribution:                  8643
 Memory core needed for (P|Q) and Cholesky      3 MByte
 Memory core minimum needed except of (P|Q)     1 MByte
 Total minimum memory core needed (sum)         4 MByte
  
 ****************************************
 Memory allocated for RI-J   367 MByte
 ****************************************
                                            

 DSCF restart information will be dumped onto file mos


 Starting SCF iterations

          Overall gridpoints after grid construction =         26012

 ITERATION  ENERGY          1e-ENERGY        2e-ENERGY     NORM[dD(SAO)]  TOL
   1  -535.53746256318    -1740.5582887     695.71101419    0.000D+00 0.794D-11
                            Exc = -56.9633864524     Coul =  766.198223110    
                            exK = -13.5238224679    
                              N = 77.999600635    
                            current damping = 0.300
 
          max. resid. norm for Fia-block=  3.068D-05 for orbital     37a         
          max. resid. fock norm         =  1.141D-04 for orbital    364a         

 ITERATION  ENERGY          1e-ENERGY        2e-ENERGY     NORM[dD(SAO)]  TOL
   2  -535.53746255739    -1740.5579485     695.71067401    0.283D-03 0.503D-11
                            Exc = -56.9634141361      Eck =  752.674088144    
                              N = 77.999600627    
                            current damping = 0.300
 
          Norm of current diis error: 0.51162E-03
          max. resid. norm for Fia-block=  1.332D-05 for orbital     37a         
          max. resid. fock norm         =  2.640D-05 for orbital    370a         

 ENERGY CONVERGED !

          Overall gridpoints after grid construction =         96662

 ITERATION  ENERGY          1e-ENERGY        2e-ENERGY     NORM[dD(SAO)]  TOL
   3  -535.53735041910    -1740.5579959     695.71083354    0.352D-04 0.472D-11
                            Exc = -56.9632820985      Eck =  752.674115641    
                              N = 77.999974113    
                            current damping = 0.350
 
          Norm of current diis error: 0.14536E-03
          max. resid. norm for Fia-block=  4.068D-06 for orbital     37a         
          max. resid. fock norm         =  7.069D-06 for orbital    342a         

 End of SCF iterations

   convergence criteria satisfied after     3 iterations


                  ------------------------------------------ 
                 |  total energy      =   -535.53735041910  |
                  ------------------------------------------ 
                 :  kinetic energy    =    533.34518528287  :
                 :  potential energy  =  -1068.88253570197  :
                 :  virial theorem    =      1.99590660645  :
                 :  wavefunction norm =      1.00000000000  :
                  .......................................... 


 <geterg> : there is no data group $energy 


 <skperg> : $end is missing 


 orbitals $scfmo  will be written to file mos

    irrep                 35a         36a         37a         38a         39a   
 eigenvalues H         -0.34754    -0.33440    -0.32942    -0.29041    -0.28425
            eV          -9.4572     -9.0995     -8.9640     -7.9025     -7.7348
 occupation              2.0000      2.0000      2.0000      2.0000      2.0000

    irrep                 40a         41a         42a         43a         44a   
 eigenvalues H         -0.00385    -0.00365     0.02202     0.02729     0.04106
            eV          -0.1048     -0.0992      0.5991      0.7427      1.1173
 
 
 
 
 ==============================================================================
                           electrostatic moments
 ==============================================================================

 reference point for electrostatic moments:    0.00000   0.00000   0.00000

 
              nuc           elec       ->  total
 ------------------------------------------------------------------------------
                          charge      
 ------------------------------------------------------------------------------
          78.000000     -78.000000       0.000000
 
 ------------------------------------------------------------------------------
                       dipole moment  
 ------------------------------------------------------------------------------
   x      -0.549780       0.714820       0.165040
   y      -5.729644       6.473269       0.743625
   z      -1.663596       1.321361      -0.342235
 
   | dipole moment | =     0.8351 a.u. =     2.1225 debye 
 
 ------------------------------------------------------------------------------
                     quadrupole moment
 ------------------------------------------------------------------------------
  xx    2313.793307   -2358.214443     -44.421136
  yy     254.194326    -299.918192     -45.723866
  zz      99.556189    -145.820647     -46.264458
  xy     507.522130    -506.470062       1.052068
  xz      78.442601     -72.148528       6.294072
  yz      23.973622     -23.324448       0.649174
 
     1/3  trace=     -45.469820
     anisotropy=      11.230514
 
 ==============================================================================
 
HOMO-LUMO Separation
 HOMO         :   -0.28424594 H =     -7.73473 eV
 LUMO         :   -0.00384994 H =     -0.10476 eV
 HOMO-LUMO gap:    0.28039601 H =     +7.62997 eV
 
 ==============================================================================


    ------------------------------------------------------------------------
         total  cpu-time :  1 minutes and 10 seconds
         total wall-time :   4.46 seconds
    ------------------------------------------------------------------------

   ****  ridft : all done  ****


    2026-04-15 19:55:50.781 

 ridft ended normally
