AutoDock Vina v1.2.5
#################################################################
# If you used AutoDock Vina in your work, please cite:          #
#                                                               #
# J. Eberhardt, D. Santos-Martins, A. F. Tillack, and S. Forli  #
# AutoDock Vina 1.2.0: New Docking Methods, Expanded Force      #
# Field, and Python Bindings, J. Chem. Inf. Model. (2021)       #
# DOI 10.1021/acs.jcim.1c00203                                  #
#                                                               #
# O. Trott, A. J. Olson,                                        #
# AutoDock Vina: improving the speed and accuracy of docking    #
# with a new scoring function, efficient optimization and       #
# multithreading, J. Comp. Chem. (2010)                         #
# DOI 10.1002/jcc.21334                                         #
#                                                               #
# Please see https://github.com/ccsb-scripps/AutoDock-Vina for  #
# more information.                                             #
#################################################################

Scoring function : vina
Rigid receptor: /lusitania_homes/ubu-iccram/ubu-iccram01/MASTER_SALUD_2026/DIEGO/Archivos_Trabajo/docking/receptores/4LRH.pdbqt
Ligand: /lusitania_homes/ubu-iccram/ubu-iccram01/MASTER_SALUD_2026/DIEGO/Archivos_Trabajo/docking/ligandos/Ibuprofen.pdbqt
Grid center: X 5.2 Y 25.8 Z -1.4
Grid size  : X 22 Y 22 Z 22
Grid space : 0.375
Exhaustiveness: 32
CPU: 8
Verbosity: 1

Computing Vina grid ... done.
Performing docking (random seed: -809788441) ... 
0%   10   20   30   40   50   60   70   80   90   100%
|----|----|----|----|----|----|----|----|----|----|
***************************************************

mode |   affinity | dist from best mode
     | (kcal/mol) | rmsd l.b.| rmsd u.b.
-----+------------+----------+----------
   1       -8.798          0          0
   2       -8.722      3.041      6.135
   3       -8.689      3.497      6.388
   4       -8.565       3.21      6.317
   5       -8.349      3.222      6.127
   6       -8.227      4.328      5.957
   7         -8.2      1.358      2.187
   8       -8.065      5.125       6.78
   9       -7.974      3.698      5.182
DONE: 4LRH x Ibuprofen
