
   OpenMP run-time library returned nthreads = 16

 ridft (s02r2b68) : TURBOMOLE rev. V7-8-1 compiled 26 Feb 2024 at 17:12:58
 Copyright (C) 2024 TURBOMOLE GmbH, Karlsruhe


    2026-04-15 19:55:29.428 



                                  r i d f t

                        DFT program with RI approximation 
                                for coulomb part 





                                 References:     
                                                 
          TURBOMOLE:                             
              R. Ahlrichs, M. Baer, M. Haeser, H. Horn, and
              C. Koelmel
              Electronic structure calculations on workstation
              computers: the program system TURBOMOLE
              Chem. Phys. Lett. 162: 165 (1989)
          Density Functional:                              
              O. Treutler and R. Ahlrichs                      
              Efficient Molecular Numerical Integration Schemes
              J. Chem. Phys. 102: 346 (1995)                   
          Parallel Version:                                
              Performance of parallel TURBOMOLE for Density    
              Functional Calculations                          
              M. v. Arnim and R. Ahlrichs                      
              J. Comp. Chem. 19: 1746 (1998)                   
          RI-J Method:                                     
              Auxiliary Basis Sets to approximate Coulomb      
              Potentials                                       
              Chem. Phys. Lett. 240: 283 (1995)                
              K. Eichkorn, O. Treutler, H. Oehm, M. Haeser     
              and R. Ahlrichs                                  
              Chem. Phys. Lett. 242: 652 (1995)                
                                                           
              Auxiliary Basis Sets for Main Row Atoms and their
              Use to approximate Coulomb Potentials            
              K. Eichkorn, F. Weigend, O. Treutler and         
              R. Ahlrichs                                      
              Theo. Chem. Acc. 97: 119 (1997)                  
                                                           
              Accurate Coulomb-fitting basis sets for H to Rn 
              F. Weigend                                       
              Phys. Chem. Chem. Phys. 8: 1057 (2006)           
                                                           
          Multipole accelerated RI-J (MARI-J):             
              Fast evaluation of the Coulomb potential for     
              electron densities using multipole accelerated   
              resolution of identity approximation             
              M. Sierka, A. Hogekamp and R. Ahlrichs           
              J. Chem. Phys. 118: 9136 (2003)                  
          RI-JK Method:                                     
              A fully direct RI-HF algorithm: Implementation,
              optimised auxiliary basis sets, demonstration of
              accuracy and efficiency                         
              F. Weigend                                      
              Phys. Chem. Chem. Phys. 4: 4285 (2002)           
          Two-component HF and DFT with spin-orbit coupling:  
              Self-consistent treatment of spin-orbit         
              interactions with efficient Hartree-Fock and    
              density functional methods                      
              M. K. Armbruster, F. Weigend, C. van Wüllen and 
              W. Klopper                                      
              Phys. Chem. Chem. Phys. 10: 1748 (2008)         
          Two-component difference density and DIIS algorithm 
              Efficient two-component self-consistent field   
              procedures and gradients: implementation in     
              TURBOMOLE and application to Au20-              
              A. Baldes, F. Weigend                           
              Mol. Phys. 111: 2617 (2013)                     
          Relativistic current density functional theory      
              Current density functional framework for        
              spin-orbit coupling                             
              C. Holzer, Y. J. Franzke, A. Pausch             
              J. Chem. Phys. 157: 204102 (2022)               
          Relativistic all-electron 2c calculations           
              An efficient implementation of two-component    
              relativistic exact-decoupling methods for large 
              molecules                                       
              D. Peng, N. Middendorf, F. Weigend, M. Reiher   
              J. Chem. Phys. 138: 184105 (2013)               
          Finite nucleus model and SNSO approximation         
              Efficient implementation of one- and two-       
              component analytical energy gradients in exact  
              two-component theory                            
              Y. J. Franzke, N. Middendorf, F. Weigend        
              J. Chem. Phys. 148: 104110 (2018)               
          Grids for all-electron relativistic methods         
              Error-consistent segmented contracted all-      
              electron relativistic basis sets of double-     
              and triple-zeta quality for NMR shielding       
              constants                                       
              Y. J. Franzke, R. Tress, T. M. Pazdera,         
              F. Weigend                                      
              Phys. Chem. Chem. Phys. 21: 166658 (2019)       
          Seminumerical exchange algorithms                   
              Seminumerical calculation of the Hartree-Fock   
              exchange matirx: Application to two-component   
              procedures and efficient evaluation of local    
              hybrid functionsl                               
              P. Plessow, F. Weigend,                         
              J. Comput. Chem. 33: 810 (2012)                 
          Improved seminumerical algorithms                   
              C. Holzer,                                      
              J. Chem. Phys. 153 (2020), 184115               






          OpenMP Shared-Memory Parallelization: 16 CPUs.

            By: Christof Holzer and Yannick J. Franzke


              +--------------------------------------------------+
              |      general information about current run       |
              +--------------------------------------------------+

 
 Becke-3-Parameter hybrid functional: B3-LYP
 exchange:    0.8*LDA + 0.72*B88 + 0.2*HF
 correlation: 0.19*LDA(VWN) + 0.81*LYP
 A Hybrid-DFT calculation using the RI-J approximation will be carried out.
 Allocatable memory for RI due to $ricore (MB):                  1000


              +--------------------------------------------------+
              | Atomic coordinate, charge and isotop information |
              +--------------------------------------------------+

                    atomic coordinates            atom    charge  isotop
          0.00770400    0.00812455    0.52678934    n      7.000     0
          1.73952419   -0.37836174   -0.19529936    h      1.000     0
         -1.19850589   -1.32342418   -0.13786661    h      1.000     0
         -0.54872230    1.69366138   -0.19362336    h      1.000     0
 
       center of nuclear mass  :    0.00588013    0.00620112    0.40207558
       center of nuclear charge:    0.00462240    0.00487473    0.31607360

              +--------------------------------------------------+
              |               basis set information              |
              +--------------------------------------------------+

              we will work with the 1s 3p 5d 7f 9g ... basis set
              ...i.e. with spherical basis functions...

   type   atoms  prim   cont   basis
   ---------------------------------------------------------------------------
    n        1     46     31   def2-TZVP   [5s3p2d1f|11s6p2d1f]
    h        3      8      6   def2-TZVP   [3s1p|5s1p]
   ---------------------------------------------------------------------------
   total:    4     70     49
   ---------------------------------------------------------------------------

   total number of primitive shells          :   26
   total number of contracted shells         :   23
   total number of cartesian basis functions :   54
   total number of SCF-basis functions       :   49


 integral neglect threshold       :  0.62E-10
 integral storage threshold THIZE :  0.10E-04
 integral storage threshold THIME :         5

 RI-J AUXILIARY BASIS SET information:

              we will work with the 1s 3p 5d 7f 9g ... basis set
              ...i.e. with spherical basis functions...

   type   atoms  prim   cont   basis
   ---------------------------------------------------------------------------
    n        1     70     49   def2-TZVP   [6s4p3d1f1g|12s5p4d2f1g]
    h        3     16     11   def2-TZVP   [3s1p1d|5s2p1d]
   ---------------------------------------------------------------------------
   total:    4    118     82
   ---------------------------------------------------------------------------

   total number of primitive shells          :   32
   total number of contracted shells         :   30
   total number of cartesian basis functions :   97
   total number of SCF-basis functions       :   82


 symmetry group of the molecule :   c1 

 the group has the following generators :
   c1(z)

    1 symmetry operations found

 there are 1 real representations :   a   

 maximum number of shells which are related by symmetry :  1

 ==============================================================================
                      COSMO switched on
 ==============================================================================
 COSMO stati: segments per atom: H   32 other atoms   92
 COSMO statistics: nps    169 npspher:    106
 COSMO surface:
   number of segments:  169
   area (bohr**2):      174.270799
   volume (bohr**3):    206.793107
 COSMO: check number of disjunct cavities:

       ... OK contiguous cavity found
  
           ------------------
           density functional
           ------------------
 Becke-3-Parameter hybrid functional: B3-LYP
 exchange:    0.8*LDA + 0.72*B88 + 0.2*HF
 correlation: 0.19*LDA(VWN) + 0.81*LYP
 iterations will be done with small grid
  
 spherical integration : Lebedev's spherical grid
 spherical gridsize    :                     3
    i.e. gridpoints    :                   302
  maximum batchsize    :                   100
 value for diffuse not defined
 radial integration    : Chebyshev 2nd kind (scaling 3)
 radial gridsize       :                     3
 integration cells     :                     4
 partition function    : becke
 partition sharpness   :                     3
  

 biggest AO integral is expected to be     6.862573055

          ------------------------
          nuclear repulsion energy  :   11.9340956354    
          ------------------------


         -----------------
         -S,T+V- integrals
         -----------------

 1e-integrals will be neglected if expon. factor < 0.618882E-11
 
 Difference densities algorithm switched on.
 The maximal number of linear combinations of
 difference densities is  20.

 DIIS switched on: error vector is FDS-SDF
 Max. Iterations for DIIS is     :   4
 DIIS matrix (see manual) 
    Scaling factor of diagonals  :  1.200
    threshold for scaling factor :  0.000

 scf convergence criterion : increment of total energy < .1000000D-06
                  and increment of one-electron energy < .1000000D-03

 MOs are in ASCII format !


    mo occupation :
   irrep   mo's   occupied
    a       49        5
 
 number of basis functions   :    49
 number of occupied orbitals :     5
 

 reading orbital data $scfmo  from file mos
 orbital characterization : scfconv=7
 mo-orthogonalization by Cholesky decomposition

 automatic virtual orbital shift switched on 
      shift if e(lumo)-e(homo) < 0.10000000    

  
           ------------------------
               RI-J - INFORMATION
           ------------------------
 Contributions to RI integral batches: 
  neglected integral batches:                     0
  direct contribution:                            0
  memory contribution:                   276
 Memory core needed for (P|Q) and Cholesky      1 MByte
 Memory core minimum needed except of (P|Q)     1 MByte
 Total minimum memory core needed (sum)         1 MByte
  
 ****************************************
 Memory allocated for RI-J     2 MByte
 ****************************************
                                            

 DSCF restart information will be dumped onto file mos


 Starting SCF iterations

          Overall gridpoints after grid construction =          4380

 ITERATION  ENERGY          1e-ENERGY        2e-ENERGY     NORM[dD(SAO)]  TOL
   1  -56.557242100529    -99.687468970     31.196131234    0.000D+00 0.617D-10
                            Exc = -6.46635397641     Coul =  39.1946275638    
                            exK = -1.53214235375    
                              N = 10.000233303    
                          Ediel =-0.784384718410E-02
                            current damping = 0.300
 
          max. resid. norm for Fia-block=  1.511D-02 for orbital      5a         
          max. resid. fock norm         =  2.108D-02 for orbital     13a         

 ITERATION  ENERGY          1e-ENERGY        2e-ENERGY     NORM[dD(SAO)]  TOL
   2  -56.558260768231    -99.756180886     31.263824482    0.562D-01 0.392D-10
                            Exc = -6.47087666569      Eck =  37.7347011481    
                              N = 10.000245451    
                          Ediel =-0.971587983827E-02
                            current damping = 0.250
 
          Norm of current diis error: 0.25121E-01
          max. resid. norm for Fia-block=  6.589D-03 for orbital      5a         
          max. resid. fock norm         =  7.713D-03 for orbital     11a         

 ITERATION  ENERGY          1e-ENERGY        2e-ENERGY     NORM[dD(SAO)]  TOL
   3  -56.558371378634    -99.686114828     31.193647814    0.152D-01 0.309D-10
                            Exc = -6.46259094943      Eck =  37.6562387635    
                              N = 10.000254497    
                          Ediel =-0.100908316566E-01
                            current damping = 0.200
 
          Norm of current diis error: 0.23588E-01
          max. resid. norm for Fia-block=  1.556D-03 for orbital      4a         
          max. resid. fock norm         =  1.872D-03 for orbital     14a         

 ITERATION  ENERGY          1e-ENERGY        2e-ENERGY     NORM[dD(SAO)]  TOL
   4  -56.558407648715    -99.714906695     31.222403411    0.388D-02 0.287D-10
                            Exc = -6.46556657989      Eck =  37.6879699910    
                              N = 10.000255890    
                          Ediel =-0.103141124968E-01
                            current damping = 0.250
 
          Norm of current diis error: 0.44209E-02
          max. resid. norm for Fia-block=  6.289D-04 for orbital      5a         
          max. resid. fock norm         =  6.948D-04 for orbital      5a         

 ITERATION  ENERGY          1e-ENERGY        2e-ENERGY     NORM[dD(SAO)]  TOL
   5  -56.558409577173    -99.718540223     31.226035011    0.493D-03 0.266D-10
                            Exc = -6.46590569926      Eck =  37.6919407100    
                              N = 10.000256439    
                          Ediel =-0.103922923690E-01
                            current damping = 0.100
 
          Norm of current diis error: 0.76019E-03
          max. resid. norm for Fia-block=  1.648D-04 for orbital      5a         
          max. resid. fock norm         =  1.735D-04 for orbital      5a         
          mo-orthogonalization: Cholesky decomposition

 ENERGY CONVERGED !

          Overall gridpoints after grid construction =         17358

 ITERATION  ENERGY          1e-ENERGY        2e-ENERGY     NORM[dD(SAO)]  TOL
   6  -56.558330798937    -99.718814538     31.226388103    0.790D-04 0.250D-10
                            Exc = -6.46583606212      Eck =  37.6922241654    
                              N = 10.000006632    
                          Ediel =-0.104138702708E-01
                            current damping = 0.100
 
          Norm of current diis error: 0.77330E-04
          max. resid. norm for Fia-block=  2.095D-05 for orbital      5a         
          max. resid. fock norm         =  2.112D-05 for orbital      5a         

 End of SCF iterations

   convergence criteria satisfied after     6 iterations


                  ------------------------------------------ 
                 |  total energy      =    -56.55833079894  |
                  ------------------------------------------ 
                 :  kinetic energy    =     56.29194366434  :
                 :  potential energy  =   -112.85027446328  :
                 :  virial theorem    =      1.99529004603  :
                 :  wavefunction norm =      1.00000000000  :
                  .......................................... 


 <geterg> : there is no data group $energy 


 <skperg> : $end is missing 


 orbitals $scfmo  will be written to file mos

    irrep                  1a          2a          3a          4a          5a   
 eigenvalues H        -14.28498    -0.84479    -0.45521    -0.45519    -0.27102
            eV        -388.7171    -22.9882    -12.3869    -12.3866     -7.3748
 occupation              2.0000      2.0000      2.0000      2.0000      2.0000

    irrep                  6a          7a          8a          9a         10a   
 eigenvalues H          0.04010     0.12544     0.12554     0.29669     0.29706
            eV           1.0912      3.4134      3.4162      8.0734      8.0834
 
 ==============================================================================
                                  COSMO RESULTS
 ==============================================================================
  PARAMETER:
    nppa:      1082
    nspa:        92
    nsph:        32
    nps:        169
    npspher:    106
    disex:   10.0000    
    disex2:  3611.20    
    rsolv [A]: 1.3000
    routf:     0.8500
    phsran:    0.0    
    ampran:   0.10E-04
    cavity:  closed
    solvent: not set
    source:  Custom values, not taken from cosmosolvent list!                                                                        
    epsilon: infinity
    refind:      1.300 ( 25.0 C)
    fepsi:       1.0000000
  CAVITY VOLUME/AREA [a.u.]:
    surface: V1.0, A matrix: V1.0
    area:   174.27
    volume:   206.79
  SCREENING CHARGE:
    cosmo      :  -0.017247
    correction :   0.016849
    total      :  -0.000398
  ENERGIES [a.u.]:
    Total energy            =       -56.5583307989367
    Total energy + OC corr. =       -56.5587618243
    Dielectric energy       =        -0.0104138703
    Diel. energy + OC corr. =        -0.0108448956
  ELEMENT RADIUS [A]: ATOM LIST
    n  1.83: 1
    h  1.30: 2-4
 ==============================================================================
 
 
 
 ==============================================================================
                           electrostatic moments
 ==============================================================================

 reference point for electrostatic moments:    0.00000   0.00000   0.00000

 
              nuc           elec       ->  total
 ------------------------------------------------------------------------------
                          charge      
 ------------------------------------------------------------------------------
          10.000000     -10.000000       0.000000
 
 ------------------------------------------------------------------------------
                       dipole moment  
 ------------------------------------------------------------------------------
   x       0.046224      -0.057949      -0.011725
   y       0.048747      -0.061005      -0.012258
   z       3.160736      -3.972408      -0.811672
 
   | dipole moment | =     0.8118 a.u. =     2.0635 debye 
 
 ------------------------------------------------------------------------------
                     quadrupole moment
 ------------------------------------------------------------------------------
  xx       4.763872      -9.344141      -4.580268
  yy       4.763560      -9.343808      -4.580248
  zz       2.037188      -9.557248      -7.520059
  xy      -0.000949      -0.000148      -0.001097
  xz      -0.039840      -0.002373      -0.042213
  yz      -0.041623      -0.002629      -0.044252
 
     1/3  trace=      -5.560192
     anisotropy=       2.941709
 
 ==============================================================================
 
HOMO-LUMO Separation
 HOMO         :   -0.27101672 H =     -7.37474 eV
 LUMO         :    0.04010189 H =     +1.09123 eV
 HOMO-LUMO gap:    0.31111861 H =     +8.46597 eV
 
 ==============================================================================


    ------------------------------------------------------------------------
         total  cpu-time :   7.73 seconds
         total wall-time :   0.66 seconds
    ------------------------------------------------------------------------

   ****  ridft : all done  ****


    2026-04-15 19:55:30.017 

 ridft ended normally
