
   OpenMP run-time library returned nthreads = 16

 ridft (s02r2b21) : TURBOMOLE rev. V7-8-1 compiled 26 Feb 2024 at 17:12:58
 Copyright (C) 2024 TURBOMOLE GmbH, Karlsruhe


    2026-04-15 19:55:31.788 



                                  r i d f t

                        DFT program with RI approximation 
                                for coulomb part 





                                 References:     
                                                 
          TURBOMOLE:                             
              R. Ahlrichs, M. Baer, M. Haeser, H. Horn, and
              C. Koelmel
              Electronic structure calculations on workstation
              computers: the program system TURBOMOLE
              Chem. Phys. Lett. 162: 165 (1989)
          Density Functional:                              
              O. Treutler and R. Ahlrichs                      
              Efficient Molecular Numerical Integration Schemes
              J. Chem. Phys. 102: 346 (1995)                   
          Parallel Version:                                
              Performance of parallel TURBOMOLE for Density    
              Functional Calculations                          
              M. v. Arnim and R. Ahlrichs                      
              J. Comp. Chem. 19: 1746 (1998)                   
          RI-J Method:                                     
              Auxiliary Basis Sets to approximate Coulomb      
              Potentials                                       
              Chem. Phys. Lett. 240: 283 (1995)                
              K. Eichkorn, O. Treutler, H. Oehm, M. Haeser     
              and R. Ahlrichs                                  
              Chem. Phys. Lett. 242: 652 (1995)                
                                                           
              Auxiliary Basis Sets for Main Row Atoms and their
              Use to approximate Coulomb Potentials            
              K. Eichkorn, F. Weigend, O. Treutler and         
              R. Ahlrichs                                      
              Theo. Chem. Acc. 97: 119 (1997)                  
                                                           
              Accurate Coulomb-fitting basis sets for H to Rn 
              F. Weigend                                       
              Phys. Chem. Chem. Phys. 8: 1057 (2006)           
                                                           
          Multipole accelerated RI-J (MARI-J):             
              Fast evaluation of the Coulomb potential for     
              electron densities using multipole accelerated   
              resolution of identity approximation             
              M. Sierka, A. Hogekamp and R. Ahlrichs           
              J. Chem. Phys. 118: 9136 (2003)                  
          RI-JK Method:                                     
              A fully direct RI-HF algorithm: Implementation,
              optimised auxiliary basis sets, demonstration of
              accuracy and efficiency                         
              F. Weigend                                      
              Phys. Chem. Chem. Phys. 4: 4285 (2002)           
          Two-component HF and DFT with spin-orbit coupling:  
              Self-consistent treatment of spin-orbit         
              interactions with efficient Hartree-Fock and    
              density functional methods                      
              M. K. Armbruster, F. Weigend, C. van Wüllen and 
              W. Klopper                                      
              Phys. Chem. Chem. Phys. 10: 1748 (2008)         
          Two-component difference density and DIIS algorithm 
              Efficient two-component self-consistent field   
              procedures and gradients: implementation in     
              TURBOMOLE and application to Au20-              
              A. Baldes, F. Weigend                           
              Mol. Phys. 111: 2617 (2013)                     
          Relativistic current density functional theory      
              Current density functional framework for        
              spin-orbit coupling                             
              C. Holzer, Y. J. Franzke, A. Pausch             
              J. Chem. Phys. 157: 204102 (2022)               
          Relativistic all-electron 2c calculations           
              An efficient implementation of two-component    
              relativistic exact-decoupling methods for large 
              molecules                                       
              D. Peng, N. Middendorf, F. Weigend, M. Reiher   
              J. Chem. Phys. 138: 184105 (2013)               
          Finite nucleus model and SNSO approximation         
              Efficient implementation of one- and two-       
              component analytical energy gradients in exact  
              two-component theory                            
              Y. J. Franzke, N. Middendorf, F. Weigend        
              J. Chem. Phys. 148: 104110 (2018)               
          Grids for all-electron relativistic methods         
              Error-consistent segmented contracted all-      
              electron relativistic basis sets of double-     
              and triple-zeta quality for NMR shielding       
              constants                                       
              Y. J. Franzke, R. Tress, T. M. Pazdera,         
              F. Weigend                                      
              Phys. Chem. Chem. Phys. 21: 166658 (2019)       
          Seminumerical exchange algorithms                   
              Seminumerical calculation of the Hartree-Fock   
              exchange matirx: Application to two-component   
              procedures and efficient evaluation of local    
              hybrid functionsl                               
              P. Plessow, F. Weigend,                         
              J. Comput. Chem. 33: 810 (2012)                 
          Improved seminumerical algorithms                   
              C. Holzer,                                      
              J. Chem. Phys. 153 (2020), 184115               






          OpenMP Shared-Memory Parallelization: 16 CPUs.

            By: Christof Holzer and Yannick J. Franzke


              +--------------------------------------------------+
              |      general information about current run       |
              +--------------------------------------------------+

 
 Becke-3-Parameter hybrid functional: B3-LYP
 exchange:    0.8*LDA + 0.72*B88 + 0.2*HF
 correlation: 0.19*LDA(VWN) + 0.81*LYP
 A Hybrid-DFT calculation using the RI-J approximation will be carried out.
 Allocatable memory for RI due to $ricore (MB):                  5000


              +--------------------------------------------------+
              | Atomic coordinate, charge and isotop information |
              +--------------------------------------------------+

                    atomic coordinates            atom    charge  isotop
          4.38279649   -2.76127450   -0.30171830    c      6.000     0
          1.79552813   -1.56659256    0.14896888    c      6.000     0
          1.93480550    1.24316110    0.83502817    c      6.000     0
         -0.68152020    2.52897634    0.68311679    c      6.000     0
         -2.80205153    0.60999362    0.20550274    c      6.000     0
         -2.16661994   -1.09593848   -2.03977656    c      6.000     0
          0.40617620   -1.76938840   -2.15316751    o      8.000     0
         -3.73839804   -3.24783219   -1.80310204    o      8.000     0
         -5.15645073    1.96894752   -0.32840112    n      7.000     0
         -0.62571189    4.37764956   -1.25643322    o      8.000     0
          3.03388932    1.40155442    3.30698106    o      8.000     0
          5.75826290   -3.09220354    1.97107837    o      8.000     0
          5.43800530   -1.61432282   -1.67350569    h      1.000     0
          4.10960557   -4.63251158   -1.12311312    h      1.000     0
          0.86871023   -2.61763993    1.67455135    h      1.000     0
          3.14411848    2.19050084   -0.55052586    h      1.000     0
         -1.03869043    3.43325195    2.52126701    h      1.000     0
         -2.95397131   -0.61864394    1.86733403    h      1.000     0
         -2.55770908   -0.12582697   -3.82345963    h      1.000     0
         -3.47329104   -4.31098353   -3.26001472    h      1.000     0
         -5.89182264    2.70602810    1.28118628    h      1.000     0
         -6.46471087    0.76363289   -1.04082428    h      1.000     0
         -2.37583440    4.64688791   -1.73890160    h      1.000     0
          3.46234550    3.13877187    3.64983173    h      1.000     0
          5.59254035   -1.55619957    2.94809534    h      1.000     0
 
       center of nuclear mass  :    0.18163716   -0.11609511   -0.04715054
       center of nuclear charge:    0.15849499   -0.10110657   -0.04018024

              +--------------------------------------------------+
              |               basis set information              |
              +--------------------------------------------------+

              we will work with the 1s 3p 5d 7f 9g ... basis set
              ...i.e. with spherical basis functions...

   type   atoms  prim   cont   basis
   ---------------------------------------------------------------------------
    c        6     46     31   def2-TZVP   [5s3p2d1f|11s6p2d1f]
    o        5     46     31   def2-TZVP   [5s3p2d1f|11s6p2d1f]
    n        1     46     31   def2-TZVP   [5s3p2d1f|11s6p2d1f]
    h       13      8      6   def2-TZVP   [3s1p|5s1p]
   ---------------------------------------------------------------------------
   total:   25    656    450
   ---------------------------------------------------------------------------

   total number of primitive shells          :   66
   total number of contracted shells         :  184
   total number of cartesian basis functions :  510
   total number of SCF-basis functions       :  450


 integral neglect threshold       :  0.65E-11
 integral storage threshold THIZE :  0.10E-04
 integral storage threshold THIME :         5

 RI-J AUXILIARY BASIS SET information:

              we will work with the 1s 3p 5d 7f 9g ... basis set
              ...i.e. with spherical basis functions...

   type   atoms  prim   cont   basis
   ---------------------------------------------------------------------------
    c        6     70     49   def2-TZVP   [6s4p3d1f1g|12s5p4d2f1g]
    o        5     70     49   def2-TZVP   [6s4p3d1f1g|12s5p4d2f1g]
    n        1     70     49   def2-TZVP   [6s4p3d1f1g|12s5p4d2f1g]
    h       13     16     11   def2-TZVP   [3s1p1d|5s2p1d]
   ---------------------------------------------------------------------------
   total:   25   1048    731
   ---------------------------------------------------------------------------

   total number of primitive shells          :   80
   total number of contracted shells         :  245
   total number of cartesian basis functions :  888
   total number of SCF-basis functions       :  731


 symmetry group of the molecule :   c1 

 the group has the following generators :
   c1(z)

    1 symmetry operations found

 there are 1 real representations :   a   

 maximum number of shells which are related by symmetry :  1

 ==============================================================================
                      COSMO switched on
 ==============================================================================
 COSMO stati: segments per atom: H   32 other atoms   92
 COSMO statistics: nps    822 npspher:    338
 COSMO surface:
   number of segments:  822
   area (bohr**2):      676.608717
   volume (bohr**3):   1337.383258
 COSMO: check number of disjunct cavities:

       ... OK contiguous cavity found
  
           ------------------
           density functional
           ------------------
 Becke-3-Parameter hybrid functional: B3-LYP
 exchange:    0.8*LDA + 0.72*B88 + 0.2*HF
 correlation: 0.19*LDA(VWN) + 0.81*LYP
 iterations will be done with small grid
  
 spherical integration : Lebedev's spherical grid
 spherical gridsize    :                     3
    i.e. gridpoints    :                   302
  maximum batchsize    :                   100
 value for diffuse not defined
 radial integration    : Chebyshev 2nd kind (scaling 3)
 radial gridsize       :                     3
 integration cells     :                    25
 partition function    : becke
 partition sharpness   :                     3
  

 biggest AO integral is expected to be     7.998976882

          ------------------------
          nuclear repulsion energy  :   830.896120015    
          ------------------------


         -----------------
         -S,T+V- integrals
         -----------------

 1e-integrals will be neglected if expon. factor < 0.655287E-12
 
 Difference densities algorithm switched on.
 The maximal number of linear combinations of
 difference densities is  20.

 DIIS switched on: error vector is FDS-SDF
 Max. Iterations for DIIS is     :   4
 DIIS matrix (see manual) 
    Scaling factor of diagonals  :  1.200
    threshold for scaling factor :  0.000

 scf convergence criterion : increment of total energy < .1000000D-06
                  and increment of one-electron energy < .1000000D-03

 MOs are in ASCII format !


    mo occupation :
   irrep   mo's   occupied
    a      450       48
 
 number of basis functions   :   450
 number of occupied orbitals :    48
 

 reading orbital data $scfmo  from file mos
 orbital characterization : scfconv=7
 mo-orthogonalization by Cholesky decomposition

 automatic virtual orbital shift switched on 
      shift if e(lumo)-e(homo) < 0.10000000    

  
           ------------------------
               RI-J - INFORMATION
           ------------------------
 Contributions to RI integral batches: 
  neglected integral batches:                  2913
  direct contribution:                            0
  memory contribution:                 14107
 Memory core needed for (P|Q) and Cholesky      5 MByte
 Memory core minimum needed except of (P|Q)     2 MByte
 Total minimum memory core needed (sum)         6 MByte
  
 ****************************************
 Memory allocated for RI-J   741 MByte
 ****************************************
                                            

 DSCF restart information will be dumped onto file mos


 Starting SCF iterations

          Overall gridpoints after grid construction =         31600

 ITERATION  ENERGY          1e-ENERGY        2e-ENERGY     NORM[dD(SAO)]  TOL
   1  -667.25341699979    -2563.3727759     1065.2232388    0.000D+00 0.654D-11
                            Exc = -70.4371439505     Coul =  1152.38286167    
                            exK = -16.7224788778    
                              N = 96.002013458    
                          Ediel =-0.245276221887E-01
                            current damping = 0.300
 
          max. resid. norm for Fia-block=  8.331D-03 for orbital     40a         
          max. resid. fock norm         =  2.129D-02 for orbital    112a         

 ITERATION  ENERGY          1e-ENERGY        2e-ENERGY     NORM[dD(SAO)]  TOL
   2  -667.25605107471    -2563.8287825     1065.6766114    0.367D+00 0.416D-11
                            Exc = -70.4617489871      Eck =  1136.13836037    
                              N = 96.002011568    
                          Ediel =-0.295917363277E-01
                            current damping = 0.250
 
          Norm of current diis error: 0.50189E-01
          max. resid. norm for Fia-block=  3.855D-03 for orbital     40a         
          max. resid. fock norm         =  4.727D-03 for orbital    112a         

 ITERATION  ENERGY          1e-ENERGY        2e-ENERGY     NORM[dD(SAO)]  TOL
   3  -667.25629664829    -2563.4861474     1065.3337307    0.724D-01 0.331D-11
                            Exc = -70.4300023619      Eck =  1135.76373307    
                              N = 96.002008734    
                          Ediel =-0.302777073890E-01
                            current damping = 0.200
 
          Norm of current diis error: 0.37564E-01
          max. resid. norm for Fia-block=  1.410D-03 for orbital     40a         
          max. resid. fock norm         =  2.163D-03 for orbital    446a         

 ITERATION  ENERGY          1e-ENERGY        2e-ENERGY     NORM[dD(SAO)]  TOL
   4  -667.25637985386    -2563.6047572     1065.4522574    0.130D-01 0.306D-11
                            Exc = -70.4423773701      Eck =  1135.89463473    
                              N = 96.002004744    
                          Ediel =-0.307790287855E-01
                            current damping = 0.250
 
          Norm of current diis error: 0.82047E-02
          max. resid. norm for Fia-block=  3.441D-04 for orbital     40a         
          max. resid. fock norm         =  5.135D-04 for orbital     47a         

 ITERATION  ENERGY          1e-ENERGY        2e-ENERGY     NORM[dD(SAO)]  TOL
   5  -667.25638380881    -2563.6370232     1065.4845194    0.500D-02 0.288D-11
                            Exc = -70.4428451485      Eck =  1135.92736456    
                              N = 96.002005838    
                          Ediel =-0.309122736919E-01
                            current damping = 0.100
 
          Norm of current diis error: 0.37293E-02
          max. resid. norm for Fia-block=  1.498D-04 for orbital     40a         
          max. resid. fock norm         =  2.329D-04 for orbital     40a         
          mo-orthogonalization: Cholesky decomposition

 ITERATION  ENERGY          1e-ENERGY        2e-ENERGY     NORM[dD(SAO)]  TOL
   6  -667.25638454487    -2563.6214548     1065.4689502    0.160D-02 0.280D-11
                            Exc = -70.4424226570      Eck =  1135.91137286    
                              N = 96.002005122    
                          Ediel =-0.309565906760E-01
                            current damping = 0.150
 
          Norm of current diis error: 0.11843E-02
          max. resid. norm for Fia-block=  4.037D-05 for orbital     40a         
          max. resid. fock norm         =  7.876D-05 for orbital    449a         

 ITERATION  ENERGY          1e-ENERGY        2e-ENERGY     NORM[dD(SAO)]  TOL
   7  -667.25638461706    -2563.6258450     1065.4733403    0.304D-03 0.273D-11
                            Exc = -70.4425848716      Eck =  1135.91592522    
                              N = 96.002005223    
                          Ediel =-0.309601613417E-01
                            current damping = 0.200
 
          Norm of current diis error: 0.30904E-03
          max. resid. norm for Fia-block=  1.747D-05 for orbital     40a         
          max. resid. fock norm         =  3.794D-05 for orbital    449a         

 ITERATION  ENERGY          1e-ENERGY        2e-ENERGY     NORM[dD(SAO)]  TOL
   8  -667.25638462169    -2563.6264245     1065.4739198    0.113D-03 0.268D-11
                            Exc = -70.4426174227      Eck =  1135.91653727    
                              N = 96.002005177    
                          Ediel =-0.309635757976E-01
                            current damping = 0.100
 
          Norm of current diis error: 0.18384E-03
          max. resid. norm for Fia-block=  8.143D-06 for orbital     40a         
          max. resid. fock norm         =  1.882D-05 for orbital    449a         

 ITERATION  ENERGY          1e-ENERGY        2e-ENERGY     NORM[dD(SAO)]  TOL
   9  -667.25638462313    -2563.6258951     1065.4733904    0.300D-04 0.264D-11
                            Exc = -70.4425815042      Eck =  1135.91597193    
                              N = 96.002005202    
                          Ediel =-0.309638407519E-01
                            current damping = 0.150
 
          Norm of current diis error: 0.49930E-04
          max. resid. norm for Fia-block=  2.754D-06 for orbital     40a         
          max. resid. fock norm         =  5.472D-06 for orbital    449a         

 ENERGY CONVERGED !

          Overall gridpoints after grid construction =        117587

 ITERATION  ENERGY          1e-ENERGY        2e-ENERGY     NORM[dD(SAO)]  TOL
  10  -667.25636117265    -2563.6260150     1065.4735338    0.913D-05 0.261D-11
                            Exc = -70.4425706387      Eck =  1135.91610445    
                              N = 95.999825578    
                          Ediel =-0.309642226182E-01
                            current damping = 0.200
 
          Norm of current diis error: 0.23338E-04
          max. resid. norm for Fia-block=  6.599D-07 for orbital     40a         
          max. resid. fock norm         =  1.385D-06 for orbital    439a         

 End of SCF iterations

   convergence criteria satisfied after    10 iterations


                  ------------------------------------------ 
                 |  total energy      =   -667.25636117265  |
                  ------------------------------------------ 
                 :  kinetic energy    =    664.48875053223  :
                 :  potential energy  =  -1331.74511170488  :
                 :  virial theorem    =      1.99585225289  :
                 :  wavefunction norm =      1.00000000000  :
                  .......................................... 


 <geterg> : there is no data group $energy 


 <skperg> : $end is missing 


 orbitals $scfmo  will be written to file mos

    irrep                 44a         45a         46a         47a         48a   
 eigenvalues H         -0.29042    -0.28794    -0.28331    -0.27366    -0.25961
            eV          -7.9029     -7.8354     -7.7092     -7.4468     -7.0644
 occupation              2.0000      2.0000      2.0000      2.0000      2.0000

    irrep                 49a         50a         51a         52a         53a   
 eigenvalues H          0.03469     0.03885     0.05194     0.06278     0.06938
            eV           0.9440      1.0572      1.4135      1.7082      1.8880
 
 ==============================================================================
                                  COSMO RESULTS
 ==============================================================================
  PARAMETER:
    nppa:      1082
    nspa:        92
    nsph:        32
    nps:        822
    npspher:    338
    disex:   10.0000    
    disex2:  3609.19    
    rsolv [A]: 1.3000
    routf:     0.8500
    phsran:    0.0    
    ampran:   0.10E-04
    cavity:  closed
    solvent: not set
    source:  Custom values, not taken from cosmosolvent list!                                                                        
    epsilon: infinity
    refind:      1.300 ( 25.0 C)
    fepsi:       1.0000000
  CAVITY VOLUME/AREA [a.u.]:
    surface: V1.0, A matrix: V1.0
    area:   676.61
    volume:  1337.38
  SCREENING CHARGE:
    cosmo      :  -0.029123
    correction :   0.028289
    total      :  -0.000834
  ENERGIES [a.u.]:
    Total energy            =      -667.2563611726467
    Total energy + OC corr. =      -667.2569626424
    Dielectric energy       =        -0.0309642226
    Diel. energy + OC corr. =        -0.0315656923
  ELEMENT RADIUS [A]: ATOM LIST
    c  2.00: 1-6
    o  1.72: 7,8,10-12
    n  1.83: 9
    h  1.30: 13-25
 ==============================================================================
 
 
 
 ==============================================================================
                           electrostatic moments
 ==============================================================================

 reference point for electrostatic moments:    0.00000   0.00000   0.00000

 
              nuc           elec       ->  total
 ------------------------------------------------------------------------------
                          charge      
 ------------------------------------------------------------------------------
          96.000000     -96.000000       0.000000
 
 ------------------------------------------------------------------------------
                       dipole moment  
 ------------------------------------------------------------------------------
   x      15.215519     -16.653645      -1.438126
   y      -9.706230      10.577385       0.871155
   z      -3.857303       3.998660       0.141357
 
   | dipole moment | =     1.6873 a.u. =     4.2888 debye 
 
 ------------------------------------------------------------------------------
                     quadrupole moment
 ------------------------------------------------------------------------------
  xx    1087.321774   -1140.435907     -53.114133
  yy     607.908602    -664.352208     -56.443606
  zz     297.953509    -349.775518     -51.822009
  xy    -230.837721     236.193722       5.356001
  xz     291.179634    -291.934764      -0.755129
  yz      77.287425     -68.129928       9.157497
 
     1/3  trace=     -53.793249
     anisotropy=      18.878750
 
 ==============================================================================
 
HOMO-LUMO Separation
 HOMO         :   -0.25961032 H =     -7.06436 eV
 LUMO         :    0.03469224 H =     +0.94402 eV
 HOMO-LUMO gap:    0.29430256 H =     +8.00838 eV
 
 ==============================================================================


    ------------------------------------------------------------------------
         total  cpu-time :  8 minutes and 29 seconds
         total wall-time :  32.48 seconds
    ------------------------------------------------------------------------

   ****  ridft : all done  ****


    2026-04-15 19:56:04.211 

 ridft ended normally
