
   OpenMP run-time library returned nthreads = 16

 ridft (s02r2b16) : TURBOMOLE rev. V7-8-1 compiled 26 Feb 2024 at 17:12:58
 Copyright (C) 2024 TURBOMOLE GmbH, Karlsruhe


    2026-04-15 19:55:30.457 



                                  r i d f t

                        DFT program with RI approximation 
                                for coulomb part 





                                 References:     
                                                 
          TURBOMOLE:                             
              R. Ahlrichs, M. Baer, M. Haeser, H. Horn, and
              C. Koelmel
              Electronic structure calculations on workstation
              computers: the program system TURBOMOLE
              Chem. Phys. Lett. 162: 165 (1989)
          Density Functional:                              
              O. Treutler and R. Ahlrichs                      
              Efficient Molecular Numerical Integration Schemes
              J. Chem. Phys. 102: 346 (1995)                   
          Parallel Version:                                
              Performance of parallel TURBOMOLE for Density    
              Functional Calculations                          
              M. v. Arnim and R. Ahlrichs                      
              J. Comp. Chem. 19: 1746 (1998)                   
          RI-J Method:                                     
              Auxiliary Basis Sets to approximate Coulomb      
              Potentials                                       
              Chem. Phys. Lett. 240: 283 (1995)                
              K. Eichkorn, O. Treutler, H. Oehm, M. Haeser     
              and R. Ahlrichs                                  
              Chem. Phys. Lett. 242: 652 (1995)                
                                                           
              Auxiliary Basis Sets for Main Row Atoms and their
              Use to approximate Coulomb Potentials            
              K. Eichkorn, F. Weigend, O. Treutler and         
              R. Ahlrichs                                      
              Theo. Chem. Acc. 97: 119 (1997)                  
                                                           
              Accurate Coulomb-fitting basis sets for H to Rn 
              F. Weigend                                       
              Phys. Chem. Chem. Phys. 8: 1057 (2006)           
                                                           
          Multipole accelerated RI-J (MARI-J):             
              Fast evaluation of the Coulomb potential for     
              electron densities using multipole accelerated   
              resolution of identity approximation             
              M. Sierka, A. Hogekamp and R. Ahlrichs           
              J. Chem. Phys. 118: 9136 (2003)                  
          RI-JK Method:                                     
              A fully direct RI-HF algorithm: Implementation,
              optimised auxiliary basis sets, demonstration of
              accuracy and efficiency                         
              F. Weigend                                      
              Phys. Chem. Chem. Phys. 4: 4285 (2002)           
          Two-component HF and DFT with spin-orbit coupling:  
              Self-consistent treatment of spin-orbit         
              interactions with efficient Hartree-Fock and    
              density functional methods                      
              M. K. Armbruster, F. Weigend, C. van Wüllen and 
              W. Klopper                                      
              Phys. Chem. Chem. Phys. 10: 1748 (2008)         
          Two-component difference density and DIIS algorithm 
              Efficient two-component self-consistent field   
              procedures and gradients: implementation in     
              TURBOMOLE and application to Au20-              
              A. Baldes, F. Weigend                           
              Mol. Phys. 111: 2617 (2013)                     
          Relativistic current density functional theory      
              Current density functional framework for        
              spin-orbit coupling                             
              C. Holzer, Y. J. Franzke, A. Pausch             
              J. Chem. Phys. 157: 204102 (2022)               
          Relativistic all-electron 2c calculations           
              An efficient implementation of two-component    
              relativistic exact-decoupling methods for large 
              molecules                                       
              D. Peng, N. Middendorf, F. Weigend, M. Reiher   
              J. Chem. Phys. 138: 184105 (2013)               
          Finite nucleus model and SNSO approximation         
              Efficient implementation of one- and two-       
              component analytical energy gradients in exact  
              two-component theory                            
              Y. J. Franzke, N. Middendorf, F. Weigend        
              J. Chem. Phys. 148: 104110 (2018)               
          Grids for all-electron relativistic methods         
              Error-consistent segmented contracted all-      
              electron relativistic basis sets of double-     
              and triple-zeta quality for NMR shielding       
              constants                                       
              Y. J. Franzke, R. Tress, T. M. Pazdera,         
              F. Weigend                                      
              Phys. Chem. Chem. Phys. 21: 166658 (2019)       
          Seminumerical exchange algorithms                   
              Seminumerical calculation of the Hartree-Fock   
              exchange matirx: Application to two-component   
              procedures and efficient evaluation of local    
              hybrid functionsl                               
              P. Plessow, F. Weigend,                         
              J. Comput. Chem. 33: 810 (2012)                 
          Improved seminumerical algorithms                   
              C. Holzer,                                      
              J. Chem. Phys. 153 (2020), 184115               






          OpenMP Shared-Memory Parallelization: 16 CPUs.

            By: Christof Holzer and Yannick J. Franzke


              +--------------------------------------------------+
              |      general information about current run       |
              +--------------------------------------------------+

 
 Becke-3-Parameter hybrid functional: B3-LYP
 exchange:    0.8*LDA + 0.72*B88 + 0.2*HF
 correlation: 0.19*LDA(VWN) + 0.81*LYP
 A Hybrid-DFT calculation using the RI-J approximation will be carried out.
 Allocatable memory for RI due to $ricore (MB):                  5000


              +--------------------------------------------------+
              | Atomic coordinate, charge and isotop information |
              +--------------------------------------------------+

                    atomic coordinates            atom    charge  isotop
         -4.71365738   -0.61099668    0.61111602    c      6.000     0
         -1.95933011    0.10523185    1.06020323    c      6.000     0
         -0.30001265   -1.19248372   -0.72402903    n      7.000     0
          2.37305823   -1.24337964   -0.06292951    c      6.000     0
          3.73004877    1.31765159   -0.00958685    c      6.000     0
          6.39390741    0.97032195    0.64935012    n      7.000     0
         -5.47801718   -0.01091718   -1.98800919    n      7.000     0
         -4.96916564   -2.61602757    1.08327883    h      1.000     0
         -5.89528299    0.48964151    1.89901404    h      1.000     0
         -1.78989045    2.17605568    0.97651766    h      1.000     0
         -1.42297012   -0.48067965    2.96941664    h      1.000     0
         -0.52820088   -0.42872746   -2.46642154    h      1.000     0
          2.57871128   -2.13936536    1.78718843    h      1.000     0
          3.33750109   -2.47643633   -1.41918990    h      1.000     0
          3.43201463    2.26921439   -1.83883391    h      1.000     0
          2.87964890    2.52548786    1.43343019    h      1.000     0
          7.27676687    2.65507311    0.86161052    h      1.000     0
          7.32060471    0.02083578   -0.73370009    h      1.000     0
         -4.88159610   -1.38822611   -3.17839113    h      1.000     0
         -7.38413652    0.05772786   -2.14007614    h      1.000     0
 
       center of nuclear mass  :    0.01681845   -0.07538674   -0.10139019
       center of nuclear charge:    0.01458388   -0.06130924   -0.09676131

              +--------------------------------------------------+
              |               basis set information              |
              +--------------------------------------------------+

              we will work with the 1s 3p 5d 7f 9g ... basis set
              ...i.e. with spherical basis functions...

   type   atoms  prim   cont   basis
   ---------------------------------------------------------------------------
    c        4     46     31   def2-TZVP   [5s3p2d1f|11s6p2d1f]
    n        3     46     31   def2-TZVP   [5s3p2d1f|11s6p2d1f]
    h       13      8      6   def2-TZVP   [3s1p|5s1p]
   ---------------------------------------------------------------------------
   total:   20    426    295
   ---------------------------------------------------------------------------

   total number of primitive shells          :   46
   total number of contracted shells         :  129
   total number of cartesian basis functions :  330
   total number of SCF-basis functions       :  295


 integral neglect threshold       :  0.10E-10
 integral storage threshold THIZE :  0.10E-04
 integral storage threshold THIME :         5

 RI-J AUXILIARY BASIS SET information:

              we will work with the 1s 3p 5d 7f 9g ... basis set
              ...i.e. with spherical basis functions...

   type   atoms  prim   cont   basis
   ---------------------------------------------------------------------------
    c        4     70     49   def2-TZVP   [6s4p3d1f1g|12s5p4d2f1g]
    n        3     70     49   def2-TZVP   [6s4p3d1f1g|12s5p4d2f1g]
    h       13     16     11   def2-TZVP   [3s1p1d|5s2p1d]
   ---------------------------------------------------------------------------
   total:   20    698    486
   ---------------------------------------------------------------------------

   total number of primitive shells          :   56
   total number of contracted shells         :  170
   total number of cartesian basis functions :  583
   total number of SCF-basis functions       :  486


 symmetry group of the molecule :   c1 

 the group has the following generators :
   c1(z)

    1 symmetry operations found

 there are 1 real representations :   a   

 maximum number of shells which are related by symmetry :  1

 ==============================================================================
                      COSMO switched on
 ==============================================================================
 COSMO stati: segments per atom: H   32 other atoms   92
 COSMO statistics: nps    707 npspher:    281
 COSMO surface:
   number of segments:  707
   area (bohr**2):      567.100756
   volume (bohr**3):   1002.456180
 COSMO: check number of disjunct cavities:

       ... OK contiguous cavity found
  
           ------------------
           density functional
           ------------------
 Becke-3-Parameter hybrid functional: B3-LYP
 exchange:    0.8*LDA + 0.72*B88 + 0.2*HF
 correlation: 0.19*LDA(VWN) + 0.81*LYP
 iterations will be done with small grid
  
 spherical integration : Lebedev's spherical grid
 spherical gridsize    :                     3
    i.e. gridpoints    :                   302
  maximum batchsize    :                   100
 value for diffuse not defined
 radial integration    : Chebyshev 2nd kind (scaling 3)
 radial gridsize       :                     3
 integration cells     :                    20
 partition function    : becke
 partition sharpness   :                     3
  

 biggest AO integral is expected to be     6.862573055

          ------------------------
          nuclear repulsion energy  :   321.765525663    
          ------------------------


         -----------------
         -S,T+V- integrals
         -----------------

 1e-integrals will be neglected if expon. factor < 0.101272E-11
 
 Difference densities algorithm switched on.
 The maximal number of linear combinations of
 difference densities is  20.

 DIIS switched on: error vector is FDS-SDF
 Max. Iterations for DIIS is     :   4
 DIIS matrix (see manual) 
    Scaling factor of diagonals  :  1.200
    threshold for scaling factor :  0.000

 scf convergence criterion : increment of total energy < .1000000D-06
                  and increment of one-electron energy < .1000000D-03

 MOs are in ASCII format !


    mo occupation :
   irrep   mo's   occupied
    a      295       29
 
 number of basis functions   :   295
 number of occupied orbitals :    29
 

 reading orbital data $scfmo  from file mos
 orbital characterization : scfconv=7
 mo-orthogonalization by Cholesky decomposition

 automatic virtual orbital shift switched on 
      shift if e(lumo)-e(homo) < 0.10000000    

  
           ------------------------
               RI-J - INFORMATION
           ------------------------
 Contributions to RI integral batches: 
  neglected integral batches:                  1211
  direct contribution:                            0
  memory contribution:                  7174
 Memory core needed for (P|Q) and Cholesky      2 MByte
 Memory core minimum needed except of (P|Q)     1 MByte
 Total minimum memory core needed (sum)         3 MByte
  
 ****************************************
 Memory allocated for RI-J   210 MByte
 ****************************************
                                            

 DSCF restart information will be dumped onto file mos


 Starting SCF iterations

          Overall gridpoints after grid construction =         23135

 ITERATION  ENERGY          1e-ENERGY        2e-ENERGY     NORM[dD(SAO)]  TOL
   1  -324.42043807561    -1075.8858330     429.69986923    0.000D+00 0.101D-10
                            Exc = -38.1669355493     Coul =  476.915079193    
                            exK = -9.04827440896    
                              N = 58.001892228    
                          Ediel =-0.138465630001E-01
                            current damping = 0.300
 
          max. resid. norm for Fia-block=  1.139D-02 for orbital     28a         
          max. resid. fock norm         =  1.544D-02 for orbital     58a         

 ITERATION  ENERGY          1e-ENERGY        2e-ENERGY     NORM[dD(SAO)]  TOL
   2  -324.42211066231    -1076.1768143     429.98917796    0.184D+00 0.642D-11
                            Exc = -38.1788370023      Eck =  468.168014967    
                              N = 58.001903912    
                          Ediel =-0.170496836728E-01
                            current damping = 0.250
 
          Norm of current diis error: 0.38716E-01
          max. resid. norm for Fia-block=  4.577D-03 for orbital     28a         
          max. resid. fock norm         =  4.704D-03 for orbital     28a         

 ITERATION  ENERGY          1e-ENERGY        2e-ENERGY     NORM[dD(SAO)]  TOL
   3  -324.42229377585    -1075.9713529     429.78353345    0.452D-01 0.517D-11
                            Exc = -38.1614626869      Eck =  467.944996133    
                              N = 58.001909101    
                          Ediel =-0.175595366519E-01
                            current damping = 0.200
 
          Norm of current diis error: 0.28494E-01
          max. resid. norm for Fia-block=  1.134D-03 for orbital     28a         
          max. resid. fock norm         =  1.392D-03 for orbital     78a         

 ITERATION  ENERGY          1e-ENERGY        2e-ENERGY     NORM[dD(SAO)]  TOL
   4  -324.42234414043    -1076.0584712     429.87060140    0.804D-02 0.472D-11
                            Exc = -38.1680085625      Eck =  468.038609962    
                              N = 58.001909082    
                          Ediel =-0.179074777657E-01
                            current damping = 0.250
 
          Norm of current diis error: 0.53979E-02
          max. resid. norm for Fia-block=  4.824D-04 for orbital     28a         
          max. resid. fock norm         =  5.207D-04 for orbital     28a         

 ITERATION  ENERGY          1e-ENERGY        2e-ENERGY     NORM[dD(SAO)]  TOL
   5  -324.42234689778    -1076.0639505     429.87607794    0.196D-02 0.438D-11
                            Exc = -38.1679336921      Eck =  468.044011633    
                              N = 58.001909532    
                          Ediel =-0.180190966458E-01
                            current damping = 0.100
 
          Norm of current diis error: 0.22103E-02
          max. resid. norm for Fia-block=  1.468D-04 for orbital     28a         
          max. resid. fock norm         =  1.691D-04 for orbital     28a         
          mo-orthogonalization: Cholesky decomposition

 ITERATION  ENERGY          1e-ENERGY        2e-ENERGY     NORM[dD(SAO)]  TOL
   6  -324.42234721108    -1076.0614491     429.87357623    0.800D-03 0.418D-11
                            Exc = -38.1678706272      Eck =  468.041446855    
                              N = 58.001909657    
                          Ediel =-0.180565779450E-01
                            current damping = 0.150
 
          Norm of current diis error: 0.12252E-02
          max. resid. norm for Fia-block=  4.416D-05 for orbital     29a         
          max. resid. fock norm         =  6.225D-05 for orbital     29a         

 ITERATION  ENERGY          1e-ENERGY        2e-ENERGY     NORM[dD(SAO)]  TOL
   7  -324.42234729278    -1076.0633729     429.87549990    0.149D-03 0.409D-11
                            Exc = -38.1679385744      Eck =  468.043438479    
                              N = 58.001909667    
                          Ediel =-0.180599395295E-01
                            current damping = 0.200
 
          Norm of current diis error: 0.16019E-03
          max. resid. norm for Fia-block=  1.311D-05 for orbital     28a         
          max. resid. fock norm         =  1.876D-05 for orbital    269a         

 ITERATION  ENERGY          1e-ENERGY        2e-ENERGY     NORM[dD(SAO)]  TOL
   8  -324.42234729455    -1076.0637683     429.87589530    0.778D-04 0.401D-11
                            Exc = -38.1679583824      Eck =  468.043853684    
                              N = 58.001909640    
                          Ediel =-0.180625430299E-01
                            current damping = 0.100
 
          Norm of current diis error: 0.12263E-03
          max. resid. norm for Fia-block=  5.743D-06 for orbital     29a         
          max. resid. fock norm         =  9.272D-06 for orbital    269a         

 ENERGY CONVERGED !

          Overall gridpoints after grid construction =         88712

 ITERATION  ENERGY          1e-ENERGY        2e-ENERGY     NORM[dD(SAO)]  TOL
   9  -324.42194869956    -1076.0635141     429.87603971    0.144D-04 0.396D-11
                            Exc = -38.1675444580      Eck =  468.043584168    
                              N = 57.999967303    
                          Ediel =-0.180629105428E-01
                            current damping = 0.150
 
          Norm of current diis error: 0.25725E-04
          max. resid. norm for Fia-block=  1.094D-06 for orbital     21a         
          max. resid. fock norm         =  1.578D-06 for orbital    292a         

 End of SCF iterations

   convergence criteria satisfied after     9 iterations


                  ------------------------------------------ 
                 |  total energy      =   -324.42194869956  |
                  ------------------------------------------ 
                 :  kinetic energy    =    322.90232955727  :
                 :  potential energy  =   -647.32427825683  :
                 :  virial theorem    =      1.99531591759  :
                 :  wavefunction norm =      1.00000000000  :
                  .......................................... 


 <geterg> : there is no data group $energy 


 <skperg> : $end is missing 


 orbitals $scfmo  will be written to file mos

    irrep                 25a         26a         27a         28a         29a   
 eigenvalues H         -0.34542    -0.32966    -0.24859    -0.24352    -0.22018
            eV          -9.3995     -8.9706     -6.7645     -6.6267     -5.9915
 occupation              2.0000      2.0000      2.0000      2.0000      2.0000

    irrep                 30a         31a         32a         33a         34a   
 eigenvalues H          0.03952     0.04537     0.06284     0.07056     0.07714
            eV           1.0755      1.2347      1.7100      1.9201      2.0991
 
 ==============================================================================
                                  COSMO RESULTS
 ==============================================================================
  PARAMETER:
    nppa:      1082
    nspa:        92
    nsph:        32
    nps:        707
    npspher:    281
    disex:   10.0000    
    disex2:  3569.94    
    rsolv [A]: 1.3000
    routf:     0.8500
    phsran:    0.0    
    ampran:   0.10E-04
    cavity:  closed
    solvent: not set
    source:  Custom values, not taken from cosmosolvent list!                                                                        
    epsilon: infinity
    refind:      1.300 ( 25.0 C)
    fepsi:       1.0000000
  CAVITY VOLUME/AREA [a.u.]:
    surface: V1.0, A matrix: V1.0
    area:   567.10
    volume:  1002.46
  SCREENING CHARGE:
    cosmo      :  -0.033884
    correction :   0.033165
    total      :  -0.000719
  ENERGIES [a.u.]:
    Total energy            =      -324.4219486995602
    Total energy + OC corr. =      -324.4225657935
    Dielectric energy       =        -0.0180629105
    Diel. energy + OC corr. =        -0.0186800044
  ELEMENT RADIUS [A]: ATOM LIST
    c  2.00: 1,2,4,5
    n  1.83: 3,6,7
    h  1.30: 8-20
 ==============================================================================
 
 
 
 ==============================================================================
                           electrostatic moments
 ==============================================================================

 reference point for electrostatic moments:    0.00000   0.00000   0.00000

 
              nuc           elec       ->  total
 ------------------------------------------------------------------------------
                          charge      
 ------------------------------------------------------------------------------
          58.000000     -58.000000       0.000000
 
 ------------------------------------------------------------------------------
                       dipole moment  
 ------------------------------------------------------------------------------
   x       0.845865      -0.980899      -0.135034
   y      -3.555936       3.844801       0.288865
   z      -5.612156       5.147094      -0.465062
 
   | dipole moment | =     0.5639 a.u. =     1.4332 debye 
 
 ------------------------------------------------------------------------------
                     quadrupole moment
 ------------------------------------------------------------------------------
  xx    1058.190706   -1086.287681     -28.096975
  yy      81.995988    -117.359009     -35.363021
  zz      90.536617    -124.335959     -33.799342
  xy     108.411212    -104.093917       4.317295
  xz      84.615420     -88.886847      -4.271427
  yz      14.979579     -13.068052       1.911527
 
     1/3  trace=     -32.419780
     anisotropy=      12.864405
 
 ==============================================================================
 
HOMO-LUMO Separation
 HOMO         :   -0.22018159 H =     -5.99145 eV
 LUMO         :    0.03952343 H =     +1.07549 eV
 HOMO-LUMO gap:    0.25970502 H =     +7.06694 eV
 
 ==============================================================================


    ------------------------------------------------------------------------
         total  cpu-time :  2 minutes and 42 seconds
         total wall-time :  10.82 seconds
    ------------------------------------------------------------------------

   ****  ridft : all done  ****


    2026-04-15 19:55:41.208 

 ridft ended normally
