
   OpenMP run-time library returned nthreads = 16

 ridft (s02r2b69) : TURBOMOLE rev. V7-8-1 compiled 26 Feb 2024 at 17:12:58
 Copyright (C) 2024 TURBOMOLE GmbH, Karlsruhe


    2026-04-16 07:11:52.284 



                                  r i d f t

                        DFT program with RI approximation 
                                for coulomb part 





                                 References:     
                                                 
          TURBOMOLE:                             
              R. Ahlrichs, M. Baer, M. Haeser, H. Horn, and
              C. Koelmel
              Electronic structure calculations on workstation
              computers: the program system TURBOMOLE
              Chem. Phys. Lett. 162: 165 (1989)
          Density Functional:                              
              O. Treutler and R. Ahlrichs                      
              Efficient Molecular Numerical Integration Schemes
              J. Chem. Phys. 102: 346 (1995)                   
          Parallel Version:                                
              Performance of parallel TURBOMOLE for Density    
              Functional Calculations                          
              M. v. Arnim and R. Ahlrichs                      
              J. Comp. Chem. 19: 1746 (1998)                   
          RI-J Method:                                     
              Auxiliary Basis Sets to approximate Coulomb      
              Potentials                                       
              Chem. Phys. Lett. 240: 283 (1995)                
              K. Eichkorn, O. Treutler, H. Oehm, M. Haeser     
              and R. Ahlrichs                                  
              Chem. Phys. Lett. 242: 652 (1995)                
                                                           
              Auxiliary Basis Sets for Main Row Atoms and their
              Use to approximate Coulomb Potentials            
              K. Eichkorn, F. Weigend, O. Treutler and         
              R. Ahlrichs                                      
              Theo. Chem. Acc. 97: 119 (1997)                  
                                                           
              Accurate Coulomb-fitting basis sets for H to Rn 
              F. Weigend                                       
              Phys. Chem. Chem. Phys. 8: 1057 (2006)           
                                                           
          Multipole accelerated RI-J (MARI-J):             
              Fast evaluation of the Coulomb potential for     
              electron densities using multipole accelerated   
              resolution of identity approximation             
              M. Sierka, A. Hogekamp and R. Ahlrichs           
              J. Chem. Phys. 118: 9136 (2003)                  
          RI-JK Method:                                     
              A fully direct RI-HF algorithm: Implementation,
              optimised auxiliary basis sets, demonstration of
              accuracy and efficiency                         
              F. Weigend                                      
              Phys. Chem. Chem. Phys. 4: 4285 (2002)           
          Two-component HF and DFT with spin-orbit coupling:  
              Self-consistent treatment of spin-orbit         
              interactions with efficient Hartree-Fock and    
              density functional methods                      
              M. K. Armbruster, F. Weigend, C. van Wüllen and 
              W. Klopper                                      
              Phys. Chem. Chem. Phys. 10: 1748 (2008)         
          Two-component difference density and DIIS algorithm 
              Efficient two-component self-consistent field   
              procedures and gradients: implementation in     
              TURBOMOLE and application to Au20-              
              A. Baldes, F. Weigend                           
              Mol. Phys. 111: 2617 (2013)                     
          Relativistic current density functional theory      
              Current density functional framework for        
              spin-orbit coupling                             
              C. Holzer, Y. J. Franzke, A. Pausch             
              J. Chem. Phys. 157: 204102 (2022)               
          Relativistic all-electron 2c calculations           
              An efficient implementation of two-component    
              relativistic exact-decoupling methods for large 
              molecules                                       
              D. Peng, N. Middendorf, F. Weigend, M. Reiher   
              J. Chem. Phys. 138: 184105 (2013)               
          Finite nucleus model and SNSO approximation         
              Efficient implementation of one- and two-       
              component analytical energy gradients in exact  
              two-component theory                            
              Y. J. Franzke, N. Middendorf, F. Weigend        
              J. Chem. Phys. 148: 104110 (2018)               
          Grids for all-electron relativistic methods         
              Error-consistent segmented contracted all-      
              electron relativistic basis sets of double-     
              and triple-zeta quality for NMR shielding       
              constants                                       
              Y. J. Franzke, R. Tress, T. M. Pazdera,         
              F. Weigend                                      
              Phys. Chem. Chem. Phys. 21: 166658 (2019)       
          Seminumerical exchange algorithms                   
              Seminumerical calculation of the Hartree-Fock   
              exchange matirx: Application to two-component   
              procedures and efficient evaluation of local    
              hybrid functionsl                               
              P. Plessow, F. Weigend,                         
              J. Comput. Chem. 33: 810 (2012)                 
          Improved seminumerical algorithms                   
              C. Holzer,                                      
              J. Chem. Phys. 153 (2020), 184115               






          OpenMP Shared-Memory Parallelization: 16 CPUs.

            By: Christof Holzer and Yannick J. Franzke


              +--------------------------------------------------+
              |      general information about current run       |
              +--------------------------------------------------+

 
 Becke-3-Parameter hybrid functional: B3-LYP
 exchange:    0.8*LDA + 0.72*B88 + 0.2*HF
 correlation: 0.19*LDA(VWN) + 0.81*LYP
 A Hybrid-DFT calculation using the RI-J approximation will be carried out.
 Allocatable memory for RI due to $ricore (MB):                  8000


              +--------------------------------------------------+
              | Atomic coordinate, charge and isotop information |
              +--------------------------------------------------+

                    atomic coordinates            atom    charge  isotop
         -9.62088381   -3.10461892   -1.07631796    c      6.000     0
         -8.08546676   -5.54463935   -1.18621738    c      6.000     0
         -8.23269259   -7.29088000    1.14960735    c      6.000     0
         -6.66579441   -6.37962005    3.40581767    c      6.000     0
         -3.98017410   -5.76886744    2.50993003    c      6.000     0
         -4.00003017   -4.04597973    0.21475673    c      6.000     0
         -5.47455251   -5.13227664   -1.77798581    o      8.000     0
         -1.52266716   -3.82184527   -0.66008669    o      8.000     0
         -1.10026031   -1.95159560   -2.57865008    c      6.000     0
         -0.85918565   -3.29342136   -5.13836361    c      6.000     0
          0.82245258   -1.92792681   -7.02893495    c      6.000     0
          3.45265546   -1.62938358   -5.89230384    c      6.000     0
          3.35707611   -0.34418920   -3.35206267    c      6.000     0
          1.22697851   -0.43846636   -1.84296338    c      6.000     0
          1.15113220    0.95158112    0.46004719    c      6.000     0
          3.27249288    2.30934846    1.28463481    c      6.000     0
          5.48467465    2.32114916   -0.23075699    c      6.000     0
          5.51454380    1.02128276   -2.53445284    c      6.000     0
          7.54373911    1.01386000   -4.04194581    o      8.000     0
          7.70750912    3.71136683    0.56910180    c      6.000     0
          9.65749875    3.76498162   -0.73825785    o      8.000     0
          7.62586124    5.09510682    3.00923099    c      6.000     0
          5.43586473    5.09016749    4.53095143    c      6.000     0
          3.15526133    3.70681738    3.67396779    c      6.000     0
          1.17055892    3.71435724    4.92444699    o      8.000     0
          5.50974953    6.44687033    6.84854975    c      6.000     0
          7.71051323    7.74307234    7.53351984    c      6.000     0
          9.82433771    7.71484679    5.98488302    c      6.000     0
          9.79698106    6.39516550    3.72810671    c      6.000     0
          3.44070967    6.43191115    8.32033281    o      8.000     0
          3.44611430    7.76820059   10.64995305    c      6.000     0
         -1.00719264    0.94278785    1.76058720    o      8.000     0
         -0.34460746    0.59879151   -7.91896890    c      6.000     0
         -2.57758871    1.04065508   -7.65170534    o      8.000     0
          1.29562698    2.48371433   -9.32690138    c      6.000     0
         -0.15192052    4.43547836  -10.38502337    o      8.000     0
          1.13027114   -3.38734204   -9.29640571    o      8.000     0
         -7.82497031   -4.15075146    4.57126259    n      7.000     0
        -10.76031035   -7.67660609    2.01129109    o      8.000     0
         -9.04695936   -1.89364947    0.48155869    h      1.000     0
         -9.40210928   -2.08984486   -2.85905866    h      1.000     0
        -11.62056238   -3.54065641   -0.82209142    h      1.000     0
         -8.77192479   -6.64321575   -2.80180499    h      1.000     0
         -7.40892099   -9.10370479    0.56987536    h      1.000     0
         -6.56435622   -7.98127329    4.72755802    h      1.000     0
         -2.90799789   -4.87150545    4.02876692    h      1.000     0
         -2.99318282   -7.50690637    1.98981121    h      1.000     0
         -4.75617728   -2.18136028    0.68763744    h      1.000     0
         -2.71196078   -0.66022322   -2.61855321    h      1.000     0
         -0.01296122   -5.14417481   -4.80249108    h      1.000     0
         -2.74661174   -3.59613904   -5.90470564    h      1.000     0
          4.71113763   -0.60066485   -7.15332967    h      1.000     0
          4.26518109   -3.52361634   -5.71573430    h      1.000     0
          8.84966364    2.05466842   -3.16986504    h      1.000     0
          7.77431877    8.78173200    9.28790125    h      1.000     0
         11.50216169    8.73604484    6.55886476    h      1.000     0
         11.42359716    6.34464281    2.49615291    h      1.000     0
          1.58561645    7.45348768   11.46211120    h      1.000     0
          3.73424350    9.79372095   10.35863393    h      1.000     0
          4.88960070    7.04018581   11.93733099    h      1.000     0
         -0.69368054    2.02465284    3.27993361    h      1.000     0
          2.35558725    1.48701136  -10.79897989    h      1.000     0
          2.68882508    3.24929439   -7.98892333    h      1.000     0
         -1.86121828    4.20150228   -9.76070957    h      1.000     0
         -0.51727807   -3.94220374   -9.85174719    h      1.000     0
         -6.91141403   -3.69763549    6.19218418    h      1.000     0
         -9.65004551   -4.52731747    5.01461557    h      1.000     0
        -11.72688113   -8.47595458    0.69238746    h      1.000     0
 
       center of nuclear mass  :    0.72129211    0.37533960   -0.22357259
       center of nuclear charge:    0.62130645    0.32365974   -0.20309394

              +--------------------------------------------------+
              |               basis set information              |
              +--------------------------------------------------+

              we will work with the 1s 3p 5d 7f 9g ... basis set
              ...i.e. with spherical basis functions...

   type   atoms  prim   cont   basis
   ---------------------------------------------------------------------------
    c       27     46     31   def2-TZVP   [5s3p2d1f|11s6p2d1f]
    o       11     46     31   def2-TZVP   [5s3p2d1f|11s6p2d1f]
    n        1     46     31   def2-TZVP   [5s3p2d1f|11s6p2d1f]
    h       29      8      6   def2-TZVP   [3s1p|5s1p]
   ---------------------------------------------------------------------------
   total:   68   2026   1383
   ---------------------------------------------------------------------------

   total number of primitive shells          :   66
   total number of contracted shells         :  545
   total number of cartesian basis functions : 1578
   total number of SCF-basis functions       : 1383


 integral neglect threshold       :  0.21E-11
 integral storage threshold THIZE :  0.10E-04
 integral storage threshold THIME :         5

 RI-J AUXILIARY BASIS SET information:

              we will work with the 1s 3p 5d 7f 9g ... basis set
              ...i.e. with spherical basis functions...

   type   atoms  prim   cont   basis
   ---------------------------------------------------------------------------
    c       27     70     49   def2-TZVP   [6s4p3d1f1g|12s5p4d2f1g]
    o       11     70     49   def2-TZVP   [6s4p3d1f1g|12s5p4d2f1g]
    n        1     70     49   def2-TZVP   [6s4p3d1f1g|12s5p4d2f1g]
    h       29     16     11   def2-TZVP   [3s1p1d|5s2p1d]
   ---------------------------------------------------------------------------
   total:   68   3194   2230
   ---------------------------------------------------------------------------

   total number of primitive shells          :   80
   total number of contracted shells         :  730
   total number of cartesian basis functions : 2727
   total number of SCF-basis functions       : 2230


 symmetry group of the molecule :   c1 

 the group has the following generators :
   c1(z)

    1 symmetry operations found

 there are 1 real representations :   a   

 maximum number of shells which are related by symmetry :  1

 ==============================================================================
                      COSMO switched on
 ==============================================================================
 COSMO stati: segments per atom: H   32 other atoms   92
 COSMO statistics: nps   2130 npspher:    810
 COSMO surface:
   number of segments: 2130
   area (bohr**2):     1694.245281
   volume (bohr**3):   3927.663274
 COSMO: check number of disjunct cavities:

       ... OK contiguous cavity found
  
           ------------------
           density functional
           ------------------
 Becke-3-Parameter hybrid functional: B3-LYP
 exchange:    0.8*LDA + 0.72*B88 + 0.2*HF
 correlation: 0.19*LDA(VWN) + 0.81*LYP
 iterations will be done with small grid
  
 spherical integration : Lebedev's spherical grid
 spherical gridsize    :                     4
    i.e. gridpoints    :                   434
  maximum batchsize    :                   100
 value for diffuse not defined
 radial integration    : Chebyshev 2nd kind (scaling 3)
 radial gridsize       :                     6
 integration cells     :                    68
 partition function    : becke
 partition sharpness   :                     3
  

 biggest AO integral is expected to be     7.998976882

          ------------------------
          nuclear repulsion energy  :   4624.16719518    
          ------------------------


         -----------------
         -S,T+V- integrals
         -----------------

 1e-integrals will be neglected if expon. factor < 0.211785E-12
 
 Difference densities algorithm switched on.
 The maximal number of linear combinations of
 difference densities is  20.

 DIIS switched on: error vector is FDS-SDF
 Max. Iterations for DIIS is     :   4
 DIIS matrix (see manual) 
    Scaling factor of diagonals  :  1.200
    threshold for scaling factor :  0.000

 scf convergence criterion : increment of total energy < .1000000D-06
                  and increment of one-electron energy < .1000000D-03

 MOs are in ASCII format !


    mo occupation :
   irrep   mo's   occupied
    a     1383      143
 
 number of basis functions   :  1383
 number of occupied orbitals :   143
 

 reading orbital data $scfmo  from file mos
 orbital characterization : scfconv=7
 mo-orthogonalization by Cholesky decomposition

 automatic virtual orbital shift switched on 
      shift if e(lumo)-e(homo) < 0.10000000    

  
           ------------------------
               RI-J - INFORMATION
           ------------------------
 Contributions to RI integral batches: 
  neglected integral batches:                 77494
  direct contribution:                        14460
  memory contribution:                 56831
 Memory core needed for (P|Q) and Cholesky     38 MByte
 Memory core minimum needed except of (P|Q)     5 MByte
 Total minimum memory core needed (sum)        43 MByte
  
 ****************************************
 Memory allocated for RI-J  7496 MByte
 ****************************************
                                            

 dump of DSCF restart information has been disabled !


 Starting SCF iterations

          Overall gridpoints after grid construction =        184822

 ITERATION  ENERGY          1e-ENERGY        2e-ENERGY     NORM[dD(SAO)]  TOL
   1  -1928.2767046096    -11840.211927     5287.7680274    0.000D+00 0.211D-11
                            Exc = -208.789378604     Coul =  5546.11097786    
                            exK = -49.5535718780    
                              N = 285.99766149    
                          Ediel =-0.359997123708E-01
                            current damping = 0.300
 
          max. resid. norm for Fia-block=  7.515D-03 for orbital    123a         
          max. resid. fock norm         =  1.686D-02 for orbital    150a         

 ITERATION  ENERGY          1e-ENERGY        2e-ENERGY     NORM[dD(SAO)]  TOL
   2  -1928.2806549250    -11841.402713     5288.9548629    0.801D+00 0.135D-11
                            Exc = -208.841876673      Eck =  5497.79673954    
                              N = 285.99766804    
                          Ediel =-0.452621796048E-01
                            current damping = 0.250
 
          Norm of current diis error: 0.11198    
          max. resid. norm for Fia-block=  4.006D-03 for orbital     96a         
          max. resid. fock norm         =  5.460D-03 for orbital    138a         

 ITERATION  ENERGY          1e-ENERGY        2e-ENERGY     NORM[dD(SAO)]  TOL
   3  -1928.2812330357    -11841.122854     5288.6744254    0.265D+00 0.106D-11
                            Exc = -208.782192340      Eck =  5497.45661778    
                              N = 285.99767031    
                          Ediel =-0.453964346133E-01
                            current damping = 0.200
 
          Norm of current diis error: 0.74184E-01
          max. resid. norm for Fia-block=  1.920D-03 for orbital    134a         
          max. resid. fock norm         =  3.426D-03 for orbital   1374a         

 ITERATION  ENERGY          1e-ENERGY        2e-ENERGY     NORM[dD(SAO)]  TOL
   4  -1928.2815141802    -11841.169330     5288.7206206    0.438D-01 0.972D-12
                            Exc = -208.801680871      Eck =  5497.52230151    
                              N = 285.99767338    
                          Ediel =-0.464667198507E-01
                            current damping = 0.250
 
          Norm of current diis error: 0.19728E-01
          max. resid. norm for Fia-block=  6.790D-04 for orbital    134a         
          max. resid. fock norm         =  1.735D-03 for orbital   1375a         

 ITERATION  ENERGY          1e-ENERGY        2e-ENERGY     NORM[dD(SAO)]  TOL
   5  -1928.2815304169    -11841.300940     5288.8522146    0.243D-01 0.932D-12
                            Exc = -208.804479630      Eck =  5497.65669418    
                              N = 285.99767389    
                          Ediel =-0.467087266758E-01
                            current damping = 0.100
 
          Norm of current diis error: 0.11570E-01
          max. resid. norm for Fia-block=  3.128D-04 for orbital    134a         
          max. resid. fock norm         =  7.541D-04 for orbital   1374a         
          mo-orthogonalization: Cholesky decomposition

 ITERATION  ENERGY          1e-ENERGY        2e-ENERGY     NORM[dD(SAO)]  TOL
   6  -1928.2815370620    -11841.271765     5288.8230331    0.596D-02 0.901D-12
                            Exc = -208.803241904      Eck =  5497.62627505    
                              N = 285.99767393    
                          Ediel =-0.467900089799E-01
                            current damping = 0.150
 
          Norm of current diis error: 0.38969E-02
          max. resid. norm for Fia-block=  1.159D-04 for orbital    134a         
          max. resid. fock norm         =  3.293D-04 for orbital   1374a         

 ITERATION  ENERGY          1e-ENERGY        2e-ENERGY     NORM[dD(SAO)]  TOL
   7  -1928.2815376910    -11841.265791     5288.8170586    0.260D-02 0.881D-12
                            Exc = -208.802878934      Eck =  5497.61993752    
                              N = 285.99767406    
                          Ediel =-0.467975442621E-01
                            current damping = 0.100
 
          Norm of current diis error: 0.18785E-02
          max. resid. norm for Fia-block=  4.195D-05 for orbital    134a         
          max. resid. fock norm         =  1.419D-04 for orbital   1374a         

 ITERATION  ENERGY          1e-ENERGY        2e-ENERGY     NORM[dD(SAO)]  TOL
   8  -1928.2815378492    -11841.271289     5288.8225562    0.774D-03 0.867D-12
                            Exc = -208.803139888      Eck =  5497.62569611    
                              N = 285.99767410    
                          Ediel =-0.468107887209E-01
                            current damping = 0.150
 
          Norm of current diis error: 0.71940E-03
          max. resid. norm for Fia-block=  2.108D-05 for orbital    134a         
          max. resid. fock norm         =  6.392D-05 for orbital   1374a         

 ITERATION  ENERGY          1e-ENERGY        2e-ENERGY     NORM[dD(SAO)]  TOL
   9  -1928.2815378699    -11841.272520     5288.8237871    0.356D-03 0.854D-12
                            Exc = -208.803098975      Eck =  5497.62688612    
                              N = 285.99767409    
                          Ediel =-0.468117123034E-01
                            current damping = 0.100
 
          Norm of current diis error: 0.39267E-03
          max. resid. norm for Fia-block=  1.042D-05 for orbital    134a         
          max. resid. fock norm         =  2.624D-05 for orbital   1374a         

 ITERATION  ENERGY          1e-ENERGY        2e-ENERGY     NORM[dD(SAO)]  TOL
  10  -1928.2815378738    -11841.271627     5288.8228940    0.169D-03 0.842D-12
                            Exc = -208.803101691      Eck =  5497.62599566    
                              N = 285.99767410    
                          Ediel =-0.468144048713E-01
                            current damping = 0.150
 
          Norm of current diis error: 0.13487E-03
          max. resid. norm for Fia-block=  4.159D-06 for orbital    134a         
          max. resid. fock norm         =  1.560D-05 for orbital    463a         
          mo-orthogonalization: Cholesky decomposition

 ENERGY CONVERGED !

          Overall gridpoints after grid construction =        654327

 ITERATION  ENERGY          1e-ENERGY        2e-ENERGY     NORM[dD(SAO)]  TOL
  11  -1928.2818772816    -11841.271800     5288.8227277    0.151D-03 0.816D-12
                            Exc = -208.803429111      Eck =  5497.62615678    
                              N = 286.00009205    
                          Ediel =-0.468142612793E-01
                            current damping = 0.200
 
          Norm of current diis error: 0.61546E-04
          max. resid. norm for Fia-block=  1.486D-06 for orbital    134a         
          max. resid. fock norm         =  1.206D-05 for orbital    401a         

 End of SCF iterations

   convergence criteria satisfied after    11 iterations


                  ------------------------------------------ 
                 |  total energy      =  -1928.28187728156  |
                  ------------------------------------------ 
                 :  kinetic energy    =   1920.14914766150  :
                 :  potential energy  =  -3848.43102494307  :
                 :  virial theorem    =      1.99578239586  :
                 :  wavefunction norm =      1.00000000000  :
                  .......................................... 


 <geterg> : there is no data group $energy 


 <skperg> : $end is missing 


 orbitals $scfmo  will be written to file mos

    irrep                139a        140a        141a        142a        143a   
 eigenvalues H         -0.26504    -0.26004    -0.24565    -0.23417    -0.22404
            eV          -7.2123     -7.0761     -6.6846     -6.3721     -6.0965
 occupation              2.0000      2.0000      2.0000      2.0000      2.0000

    irrep                144a        145a        146a        147a        148a   
 eigenvalues H         -0.11562    -0.06046    -0.04533    -0.03554    -0.00254
            eV          -3.1463     -1.6453     -1.2334     -0.9671     -0.0691
 
 ==============================================================================
                                  COSMO RESULTS
 ==============================================================================
  PARAMETER:
    nppa:      1082
    nspa:        92
    nsph:        32
    nps:       2130
    npspher:    810
    disex:   10.0000    
    disex2:  4097.03    
    rsolv [A]: 1.3000
    routf:     0.8500
    phsran:    0.0    
    ampran:   0.10E-04
    cavity:  closed
    solvent: not set
    source:  Custom values, not taken from cosmosolvent list!                                                                        
    epsilon: infinity
    refind:      1.300 ( 25.0 C)
    fepsi:       1.0000000
  CAVITY VOLUME/AREA [a.u.]:
    surface: V1.0, A matrix: V1.0
    area:  1694.25
    volume:  3927.66
  SCREENING CHARGE:
    cosmo      :  -0.046521
    correction :   0.045466
    total      :  -0.001055
  ENERGIES [a.u.]:
    Total energy            =     -1928.2818772815649
    Total energy + OC corr. =     -1928.2822574901
    Dielectric energy       =        -0.0468142613
    Diel. energy + OC corr. =        -0.0471944698
  ELEMENT RADIUS [A]: ATOM LIST
    c  2.00: 1-6,9-18,20,22-24,26-29,31,33,35
    o  1.72: 7,8,19,21,25,30,32,34,36,37,39
    n  1.83: 38
    h  1.30: 40-68
 ==============================================================================
 
 
 
 ==============================================================================
                           electrostatic moments
 ==============================================================================

 reference point for electrostatic moments:    0.00000   0.00000   0.00000

 
              nuc           elec       ->  total
 ------------------------------------------------------------------------------
                          charge      
 ------------------------------------------------------------------------------
         286.000000    -286.000000       0.000000
 
 ------------------------------------------------------------------------------
                       dipole moment  
 ------------------------------------------------------------------------------
   x     177.693645    -177.393775       0.299870
   y      92.566685     -92.517302       0.049383
   z     -58.084867      60.708127       2.623260
 
   | dipole moment | =     2.6408 a.u. =     6.7123 debye 
 
 ------------------------------------------------------------------------------
                     quadrupole moment
 ------------------------------------------------------------------------------
  xx    9434.086675   -9591.654598    -157.567923
  yy    6047.715538   -6196.649982    -148.934444
  zz    8052.104809   -8205.408187    -153.303378
  xy    6129.734949   -6105.820560      23.914389
  xz    1109.044713   -1087.588512      21.456201
  yz    2298.634959   -2268.584433      30.050526
 
     1/3  trace=    -153.268582
     anisotropy=      76.562442
 
 ==============================================================================
 
HOMO-LUMO Separation
 HOMO         :   -0.22403966 H =     -6.09643 eV
 LUMO         :   -0.11562239 H =     -3.14625 eV
 HOMO-LUMO gap:    0.10841727 H =     +2.95019 eV
 
 ==============================================================================


    ------------------------------------------------------------------------
         total  cpu-time :  1 hours 57 minutes and 49 seconds
         total wall-time :  7 minutes and 28 seconds
    ------------------------------------------------------------------------

   ****  ridft : all done  ****


    2026-04-16 07:19:20.027 

 ridft ended normally
