
   OpenMP run-time library returned nthreads = 16

 force (s02r2b55) : TURBOMOLE rev. V7-8-1 compiled 26 Feb 2024 at 17:12:58
 Copyright (C) 2024 TURBOMOLE GmbH, Karlsruhe


    2026-04-15 19:55:58.286 



                             T U R B O M O L E   

                          a o f o r c e - program

                        using direct algorithms for

                       SCF level calculations of
                         * harmonic force constants
                         * hyperpolarizabilities
                         * IR and RAMAN intensities
                         * VCD intensities

                       DFT level calculations of
                         * harmonic force constants
                         * IR intensities
                                                   
       Stephan Boecker, Peter Deglmann, Filipp Furche and Marco Haeser
                          Quantum Chemistry Group
                          Universitaet  Karlsruhe
                                   Germany

 
 

          OpenMP Shared-Memory Parallelization: 16 CPUs.

            By: Erik P. Almaraz and Filipp Furche
            Copyright 2009-2011 by UCI and TURBOMOLE GmbH.

            Revised By: Christof Holzer and Yannick J. Franzke.

 
 
     References :
 
       RI-J implementation:
         Peter Deglmann, Klaus May, Filipp Furche, Reinhart Ahlrichs
                 Chem. Phys. Lett. 384:103 (2004)
 
       Efficiency, technical details:
         Peter Deglmann, Filipp Furche, Reinhart Ahlrichs
                 Chem. Phys. Lett. 362:511 (2002)
 
       Search of lowest eigenvalues by iterative diagonalization:
         Peter Deglmann, Filipp Furche
                 J. Chem. Phys. 117:9535 (2002)
 
       Vibrational circular dichroism implementation:
        Kevin Reiter, Michael Kuehn, Florian Weigend
                 J. Chem. Phys. 146:054102 (2017)  
 
 


              +--------------------------------------------------+
              | Atomic coordinate, charge and isotop information |
              +--------------------------------------------------+

                    atomic coordinates            atom    charge  isotop
          0.83242708   -1.98568655   -0.29288676    c      6.000     0
         -1.77701227   -2.09090446   -0.31722890    c      6.000     0
         -3.21871143    0.00874740    0.42342583    c      6.000     0
         -1.95286220    2.21797160    1.17371898    c      6.000     0
          0.65361336    2.30757560    1.19258551    c      6.000     0
          2.09218149    0.21185866    0.46454998    c      6.000     0
          4.86886927    0.40456954    0.54440340    c      6.000     0
          6.05034890    2.25222056    1.19171782    o      8.000     0
          6.06150527   -1.75176547   -0.19219222    o      8.000     0
         -5.82401155   -0.06418656    0.32964286    n      7.000     0
          1.91535086   -3.62214364   -0.86173307    h      1.000     0
         -2.72484491   -3.80739873   -0.91056722    h      1.000     0
         -3.03916009    3.85914570    1.74280864    h      1.000     0
          1.62631924    4.00797374    1.77897687    h      1.000     0
          7.85512233   -1.40657942   -0.05642036    h      1.000     0
         -6.77002130    1.23617155    1.34500938    h      1.000     0
         -6.64911408   -1.77757140    0.30483388    h      1.000     0
 
       center of nuclear mass  :    0.89221360    0.13480492    0.45411432
       center of nuclear charge:    0.79626995    0.11789894    0.45525030

              +--------------------------------------------------+
              |               basis set information              |
              +--------------------------------------------------+

              we will work with the 1s 3p 5d 7f 9g ... basis set
              ...i.e. with spherical basis functions...

   type   atoms  prim   cont   basis
   ---------------------------------------------------------------------------
    c        7     46     31   def2-TZVP   [5s3p2d1f|11s6p2d1f]
    o        2     46     31   def2-TZVP   [5s3p2d1f|11s6p2d1f]
    n        1     46     31   def2-TZVP   [5s3p2d1f|11s6p2d1f]
    h        7      8      6   def2-TZVP   [3s1p|5s1p]
   ---------------------------------------------------------------------------
   total:   17    516    352
   ---------------------------------------------------------------------------

   total number of primitive shells          :   66
   total number of contracted shells         :  138
   total number of cartesian basis functions :  402
   total number of SCF-basis functions       :  352

 
             FOUND RI-J FLAG !
 

 NOTE: THIS IS A PRELIMINARY IMPLEMENTATION. THE RI APPROXIMATION IS
       PRESENTLY USED FOR CPKS CONTRIBUTIONS TO THE HESSIAN ONLY! SEE
       MANUAL FOR FURTHER DETAILS.

  
 AUXILIARY BASIS SET information:

              we will work with the 1s 3p 5d 7f 9g ... basis set
              ...i.e. with spherical basis functions...

   type   atoms  prim   cont   basis
   ---------------------------------------------------------------------------
    c        7     70     49   def2-TZVP   [6s4p3d1f1g|12s5p4d2f1g]
    o        2     70     49   def2-TZVP   [6s4p3d1f1g|12s5p4d2f1g]
    n        1     70     49   def2-TZVP   [6s4p3d1f1g|12s5p4d2f1g]
    h        7     16     11   def2-TZVP   [3s1p1d|5s2p1d]
   ---------------------------------------------------------------------------
   total:   17    812    567
   ---------------------------------------------------------------------------

   total number of primitive shells          :   80
   total number of contracted shells         :  185
   total number of cartesian basis functions :  694
   total number of SCF-basis functions       :  567


 symmetry group of the molecule :   c1 

 the group has the following generators :
   c1(z)

    1 symmetry operations found

 there are 1 real representations :   a   

 maximum number of shells which are related by symmetry :  1


 determining totally symmetric integral contributions 
    - equivalent to irreducible tensor elements - 
 which can be formed within each triple of representations :

             representation triple      contributions

              a     a     a               1
  MOs are in ASCII format !

  MOs are in ASCII format !


    mo occupation :
   irrep   mo's   occupied
    a      352       36
 
 number of basis functions   :   352
 number of occupied orbitals :    36
 

 reading orbital data $scfmo  from file mos
 orbital characterization : scfconv=7
 time elapsed for calculating density matrices :   0.223 sec
 all orbitals will be included in the transformation

 number of non-frozen orbitals          :   352
 number of non-frozen occupied orbitals :    36


 Blocking parameters 
 shells:
    index      start shell   last shell  start bf    last bf    #bf 
       1             1         138             1        402    402
          size of I/O Block in Byte:               65934432
  
           ----------------------
               RI - INFORMATION
           ----------------------

 biggest AO integral is expected to be     7.998976882

 Threshold for integral neglect (rithr2):   0.62E-11
 Threshold for integral neglect (rithr1):   0.62E-11

 Contributions to RI integral batches: 
  neglected integral batches:                  1317
  direct contribution:                            0
  memory contribution:                  8274
 Core memory available (ricore)            5000 MiB
 Core memory needed for (P|Q) and Cholesky 3 MiB
 Core memory used for integrals            378 MiB
  
 ****************************************
 Memory allocated for RIDFT 381 MiB
 ****************************************
                                            
  
           ------------------
           density functional
           ------------------
 Becke-3-Parameter hybrid functional: B3-LYP
 exchange:    0.8*LDA + 0.72*B88 + 0.2*HF
 correlation: 0.19*LDA(VWN) + 0.81*LYP
 iterations will be done with small grid
  
 spherical integration : Lebedev's spherical grid
 spherical gridsize    :                     3
    i.e. gridpoints    :                   302
  maximum batchsize    :                   100
 value for diffuse not defined
 radial integration    : Chebyshev 2nd kind (scaling 3)
 radial gridsize       :                     3
 integration cells     :                    17
 partition function    : becke
 partition sharpness   :                     3
  
 
 Derivatives of quadrature weights will be included
 
 preparing DFT   numerical integration ....
          Overall gridpoints after grid construction =         86016
 Ordering of quadrature gridpoints disabled.
 
 
 
 
 OCCUPIED-OCCUPIED TENSOR SPACES :

          IRREP   tensor space dimension   number of roots

           a                1296                     45
 
 OCCUPIED-VIRTUAL TENSOR SPACES :

          IRREP   tensor space dimension   number of roots

           a               11376                     45
 
 
 
 
 CONSTRUCTING integral bounds

 setting up bound for integral derivative estimation

 increment for numerical differentiation : 0.00050000
 
 machine precision:   2.220446049250313E-016

 integral neglect threshold       :  0.10E-09
 integral storage threshold THIZE :  0.10E-04
 integral storage threshold THIME :         5

 
 
 
 PREPARING NUMERICAL INTEGRATION
 
 Remaining core memory for DFT =                  7811 MB
 
 Memory needed per atom    =                  1898 KiB
 
     i. e.                    17 atoms per loop

 Calculating ground state density on molecular grid

 Integral of ground state density: N =   71.99998388633711    


 
 
 CONSTRUCTING first deriv. of <mu|x,y,z|nu> -> Dip. deriv.
  dipole integral derivatives will be neglected if
  expon. factor <0.124378E-11
      ...terminated. cpu:       0.47       wall:       0.03
 
 
 
 
 CONSTRUCTING first deriv. of  <mu|nu>
                               <mu|h|nu>    -> RHS
              second deriv. of <mu|nu>      -> Hessian
                               <mu|h|nu>    -> Hessian
                               nucl. rep.   -> Hessian
     integrals are neglected if expon. factor <  1.243781094527363E-013
      ...terminated. cpu:       2.27       wall:       0.14



 CONSTRUCTING second deriv. of 2e energy    -> Hessian
  treating Coulomb (and exchange) contribution
  integrals will be neglected if total contribution <  0.12437811E-08
      ...terminated. cpu:     635.82       wall:      47.82
  treating exchange-correlation contribution
      ...terminated. cpu:     111.94       wall:       7.21
 
 
 
 
 CONSTRUCTING S(i,j)xi
      ...terminated. cpu:       0.24       wall:       0.02
 
 
 
 
 CONSTRUCTING <i|x,y,z|j>*S(i,j)xi          -> Dip. deriv.
      ...terminated. cpu:       0.05       wall:       0.00
 
 
 
 
 CONSTRUCTING epsilon(i)*S(i,j)xi*S(i,j)chi -> Hessian
      ...terminated. cpu:       0.03       wall:       0.00
 
 
 
 
 CONSTRUCTING G(a,i)[S(k,l)xi]              -> RHS
              G(i,j)[S(k,l)xi]*S(i,j)chi    -> Hessian
 
         Maximum core memory set to                   8000 MB
         This corresponds to                  6472 vectors in CAO basis
      ...terminated. cpu:     493.34       wall:      34.85
 
 
 
 
 CONSTRUCTING G(mu,nu)[D(kap,lam)]xi
 
          Maximum core memory set to                   8000 MB
          Atoms treated simultaneously :                    17
 max of dfo   67.4505835827775     
      ...terminated. cpu:     515.41       wall:      32.22




 CONSTRUCTING F(a,i)xi                      -> RHS
              F(i,j)xi*S(i,j)chi            -> Hessian
 
        Maximum core memory set to                  8000 MB
        This corresponds to                 11350 vectors in CAO basis
      ...terminated. cpu:       1.51       wall:       0.10
 
 
 
 
 CONSTRUCTING epsilon(i)*S(a,i)xi           -> RHS
      ...terminated. cpu:       1.59       wall:       0.10





 SOLVING CPHF equations
 
 Residuum convergence criterium   :  1.000000000000000E-005
 
 Maximum number of Davidson iterations set to                    25

 logfile cphf_a    will be constructed


  Switching to small grid for DFT
        preparing DFT   numerical integration ....
          Overall gridpoints after grid construction =         23515

 Calculating ground state density on molecular grid

 Integral of ground state density: N =   72.00203010269369    




                       Nonorthonormal Krylov Space Iteration


 total number of roots to be determined: 45


 maximum core memory set to         8000 MB,
 corresponding to     6444 vectors in CAO basis


 maximum number of simultaneously treated vectors (including degeneracy):       45


 Iteration IRREP Converged      Max. Euclidean
                 roots          residual norm

    1       a        0        1.150590751215710D-01
 
    2       a        0        1.389900158156844D-02
 
    3       a        0        1.427447077440130D-03
 
    4       a        0        1.060994322504193D-04
 
    5       a       45        5.872518857916971D-06
 

 converged!

  Switching to fine grid
        preparing numerical DFT   integration ....
          Overall gridpoints after grid construction =         86016

 Calculating ground state density on molecular grid

 Integral of ground state density: N =   71.99998388633706    



 Iteration IRREP Converged      Max. Euclidean
                 roots          residual norm

    6       a        0        7.642842096747084D-05
 

 NOTE: Residual norms are larger than 1.00D-05 due to mgrid option!

      ...terminated. cpu:    2351.13       wall:     173.10
 
 
 
 
 CONSTRUCTING <a|x,y,z|i>*U(a,i)xi          -> Dip. deriv.
      ...terminated. cpu:       0.15       wall:       0.01
 
 
 
 
 CONSTRUCTING RHS(a,i)xi*U(a,i)chi          -> Hessian
      ...terminated. cpu:       0.25       wall:       0.02
 
 
 
 

            -----------------------
            permanent dipole moment
            -----------------------

                                   x                y                z
    electronic part       :  -58.8229178317    -9.1544122826   -32.6723481829
     nuclear   part       :   57.3314364262     8.4887233225    32.7780212447
     total                :   -1.4914814056    -0.6656889601     0.1056730618

 with reference to the point :   0.0000000        0.0000000        0.0000000
 (given in atomic units)
    | dipole |       :    4.1601377683  debye

   ***  dipole moment & cartesian dipole gradients written onto
        $dipole, $dipgrad,  file=<dipgrad>  ***

             -----------------------------------
             rotational and vibrational analysis
             -----------------------------------


            ==============================================================
            ATOMIC WEIGHTS (average over the natural occurance of isotops)
            ==============================================================
            ('*' denotes special isotop !)
              1     c                12.01115
              2     c                12.01115
              3     c                12.01115
              4     c                12.01115
              5     c                12.01115
              6     c                12.01115
              7     c                12.01115
              8     o                15.99940
              9     o                15.99940
             10     n                14.00670
             11     h                 1.00797
             12     h                 1.00797
             13     h                 1.00797
             14     h                 1.00797
             15     h                 1.00797
             16     h                 1.00797
             17     h                 1.00797

          -------------------------------------------------
          CARTESIAN FORCE CONSTANT MATRIX (hartree/bohr**2)
         (translational & rotational space projected out)
          -------------------------------------------------

   ATOM              1 c                           2 c 
                  dx        dy        dz        dx        dy        dz
   1 c     dx  0.7022245
           dy -0.0380503 0.6443505
           dz -0.0148964 0.1753748 0.1998187
   2 c     dx -0.3541299 0.0190162 0.0073055 0.7101407
           dy -0.0386196-0.1202573-0.0223559 0.0384059 0.6292931
           dz -0.0128720-0.0231529-0.0628112 0.0115010 0.1774727 0.1805589
   3 c     dx -0.0373773 0.0267134 0.0104421-0.1615412 0.0931847 0.0338534
           dy  0.0710065 0.0375837 0.0116421 0.0334446-0.2371148-0.0585470
           dz  0.0240147 0.0126347 0.0058536 0.0129717-0.0608091-0.0906886
   4 c     dx -0.0409192-0.0271724-0.0094406 0.0543707-0.0103544-0.0038045
           dy -0.0201897-0.0158490-0.0031233 0.0178830-0.0403482-0.0177843
           dz -0.0064229-0.0030631-0.0066056 0.0058251-0.0175195 0.0038751
   5 c     dx  0.0550792 0.0235178 0.0077908-0.0444588 0.0174077 0.0066986
           dy -0.0148895-0.0528738-0.0216427 0.0254651-0.0123020-0.0024562
           dz -0.0054008-0.0218350 0.0018010 0.0089059-0.0024177-0.0063212
   6 c     dx -0.1541377-0.0926099-0.0315755-0.0332187-0.0239917-0.0080384
           dy -0.0449416-0.2498414-0.0643771-0.0660260 0.0214351 0.0050758
           dz -0.0154584-0.0642956-0.0861376-0.0224739 0.0042716 0.0110929
   7 c     dx -0.0248189-0.0189691-0.0065318 0.0119772-0.0053556-0.0022021
           dy -0.0275746 0.0056079 0.0029806-0.0038750-0.0048467-0.0040661
           dz -0.0095500 0.0030196-0.0020852-0.0012220-0.0041646 0.0056880
   8 o     dx -0.0030245 0.0077152 0.0026098-0.0050019-0.0001022 0.0000924
           dy  0.0017854 0.0038038-0.0000557-0.0024316 0.0016654 0.0011637
           dz  0.0005518-0.0000074 0.0038703-0.0008800 0.0011031-0.0011393
   9 o     dx -0.0023597 0.0023028 0.0007756-0.0013480 0.0013667 0.0005383
           dy -0.0034644-0.0044668-0.0017890 0.0028238-0.0002345 0.0000670
           dz -0.0011987-0.0018013 0.0000967 0.0009658 0.0001615-0.0006114
  10 n     dx  0.0099413 0.0018647 0.0010268-0.0457067 0.0141906 0.0039712
           dy -0.0057739-0.0081607-0.0036499 0.0438810 0.0032541-0.0008984
           dz  0.0010807-0.0048096 0.0033420 0.0126042 0.0021978 0.0097053
  11 h     dx -0.1364808 0.1197583 0.0416825-0.0120710 0.0254725 0.0087944
           dy  0.1179832-0.2391389-0.0697163-0.0025507 0.0053400 0.0006317
           dz  0.0410351-0.0697951-0.0626880-0.0006403 0.0005633 0.0036724
  12 h     dx -0.0111068-0.0286808-0.0099034-0.1153202-0.1040047-0.0356106
           dy  0.0005154 0.0020367 0.0003795-0.1036986-0.2482659-0.0750234
           dz  0.0002028 0.0006885 0.0010804-0.0357564-0.0754013-0.0576130
  13 h     dx -0.0007968-0.0007360-0.0002342-0.0007206-0.0028592-0.0009831
           dy -0.0011069-0.0000830 0.0000658-0.0037871-0.0023936-0.0024361
           dz -0.0002369 0.0000644-0.0001609-0.0013515-0.0022980 0.0038092
  14 h     dx -0.0018352 0.0032810 0.0011356-0.0007401 0.0005490 0.0001849
           dy  0.0038075-0.0021322-0.0025210 0.0006231 0.0003141 0.0003062
           dz  0.0013392-0.0024388 0.0042327 0.0001614 0.0003172-0.0004240
  15 h     dx  0.0005576 0.0000144 0.0000186 0.0003240-0.0002795-0.0001073
           dy -0.0005655-0.0004702-0.0000799-0.0002518 0.0004035 0.0000997
           dz -0.0001868-0.0000678-0.0002896-0.0000854 0.0000945 0.0001570
  16 h     dx -0.0002130 0.0018896 0.0003029-0.0050194-0.0036013-0.0006001
           dy  0.0010527 0.0003485-0.0004483-0.0019947 0.0023050-0.0007444
           dz -0.0013712-0.0006010 0.0015545-0.0000126-0.0013451 0.0021082
  17 h     dx -0.0006026 0.0001452-0.0005083 0.0024639-0.0014088-0.0014159
           dy -0.0009747-0.0004577-0.0006837 0.0030729 0.0017527 0.0002921
           dz -0.0006304 0.0000857-0.0008718 0.0021813 0.0001298-0.0010584

   ATOM              3 c                           4 c 
                  dx        dy        dz        dx        dy        dz
   3 c     dx  0.7052759
           dy  0.0038114 0.6238839
           dz -0.0110575 0.1570081 0.2226906
   4 c     dx -0.1506757-0.0255496-0.0076688 0.7196227
           dy -0.0856984-0.2469567-0.0583895-0.0369019 0.6233425
           dz -0.0279045-0.0605393-0.0894710-0.0146878 0.1733909 0.1799538
   5 c     dx -0.0292539-0.0755410-0.0266866-0.3593704 0.0218481 0.0078714
           dy -0.0326567 0.0303085 0.0095433-0.0354183-0.1208206-0.0221437
           dz -0.0103944 0.0105234 0.0053849-0.0113083-0.0229149-0.0636531
   6 c     dx  0.0154643 0.0028096 0.0023069-0.0403081 0.0187371 0.0070549
           dy  0.0029246-0.0601363-0.0183857 0.0606637 0.0288854 0.0057994
           dz  0.0005452-0.0183802-0.0132363 0.0213686 0.0066546 0.0112416
   7 c     dx -0.0143155-0.0001576-0.0012163 0.0110304 0.0072275 0.0021912
           dy -0.0008175-0.0046561-0.0013720 0.0066536-0.0036825-0.0037047
           dz -0.0003252-0.0013420-0.0012962 0.0024258-0.0035186 0.0053781
   8 o     dx  0.0050083-0.0015940-0.0001499-0.0018176-0.0022785-0.0007207
           dy  0.0038701 0.0002674 0.0003352-0.0038165-0.0002755 0.0002352
           dz  0.0013480 0.0000533 0.0001976-0.0013545 0.0000868-0.0005073
   9 o     dx  0.0034182 0.0013755 0.0007390-0.0034705 0.0001485 0.0001442
           dy -0.0028883 0.0001027-0.0002442 0.0013486 0.0018802 0.0007539
           dz -0.0009928 0.0000195-0.0000166 0.0004280 0.0008036-0.0001338
  10 n     dx -0.3104883-0.0027254-0.0134641-0.0409753-0.0167171-0.0066009
           dy -0.0158649-0.1174492-0.0270896-0.0455660 0.0020605-0.0033179
           dz  0.0246502-0.0255504-0.0493533-0.0180180-0.0064507 0.0060136
  11 h     dx -0.0050239-0.0013719-0.0005019-0.0006353-0.0005987-0.0001913
           dy -0.0014148 0.0021429-0.0021935-0.0006494 0.0002985 0.0002807
           dz -0.0004836-0.0020898 0.0076851-0.0002433 0.0001725-0.0004214
  12 h     dx  0.0093263 0.0144775 0.0050101-0.0013035 0.0029844 0.0010474
           dy -0.0154350-0.0176197-0.0072744 0.0039515-0.0018723-0.0022651
           dz -0.0054263-0.0071571 0.0010722 0.0012878-0.0022935 0.0038502
  13 h     dx  0.0090353-0.0123300-0.0042781-0.1331836 0.1140809 0.0398657
           dy  0.0175831-0.0172488-0.0072659 0.1138955-0.2324896-0.0693340
           dz  0.0059427-0.0074022 0.0010211 0.0395717-0.0690824-0.0558848
  14 h     dx -0.0050189 0.0009153 0.0002977-0.0099686-0.0259984-0.0089934
           dy  0.0009827 0.0022889-0.0021382 0.0014737 0.0040503 0.0000995
           dz  0.0004111-0.0022139 0.0077617 0.0006937 0.0002774 0.0037473
  15 h     dx -0.0005211-0.0000919-0.0000844 0.0004286 0.0007026 0.0002321
           dy  0.0001609-0.0001336-0.0000753 0.0000473-0.0005215-0.0000290
           dz  0.0000386-0.0000978 0.0001240 0.0000187-0.0000325-0.0004173
  16 h     dx -0.0180740 0.0285000 0.0211515 0.0025607 0.0020660-0.0002535
           dy  0.0054482 0.0021271 0.0032314-0.0037041 0.0007796 0.0011719
           dz -0.0095437 0.0064388-0.0022008-0.0002293 0.0014319-0.0002371
  17 h     dx -0.0152384-0.0369790-0.0013838-0.0053852 0.0027046 0.0015429
           dy  0.0000965 0.0026102 0.0024847 0.0010988 0.0015190 0.0001847
           dz -0.0111035-0.0023655-0.0055281 0.0009610 0.0007719 0.0032718

   ATOM              5 c                           6 c 
                  dx        dy        dz        dx        dy        dz
   5 c     dx  0.7077111
           dy  0.0382124 0.6456428
           dz  0.0116928 0.1740236 0.2017145
   6 c     dx -0.1642132 0.0999980 0.0348953 0.6408207
           dy  0.0522167-0.2378706-0.0591586 0.0014993 0.6284530
           dz  0.0181690-0.0593092-0.0865850 0.0007367 0.1698054 0.1959908
   7 c     dx -0.0376768 0.0179118 0.0061525-0.1964926-0.0054344-0.0023558
           dy  0.0219936 0.0114909 0.0043200 0.0071664-0.0974672-0.0073793
           dz  0.0075411 0.0043133 0.0005617 0.0015788-0.0074710-0.0785199
   8 o     dx  0.0030528-0.0045966-0.0015927-0.0365400-0.0442519-0.0156379
           dy  0.0081011-0.0070529-0.0025038-0.0327311-0.0055269-0.0090197
           dz  0.0028487-0.0025496-0.0006387-0.0115522-0.0091242 0.0168037
   9 o     dx -0.0032433-0.0059645-0.0021216-0.0333212 0.0392111 0.0132858
           dy -0.0022297 0.0021628 0.0000840 0.0163146-0.0006172-0.0038815
           dz -0.0008419 0.0000425 0.0019403 0.0054651-0.0036838 0.0097146
  10 n     dx  0.0098430-0.0010200 0.0001093-0.0159807-0.0003892 0.0000577
           dy  0.0051304-0.0077562-0.0050423 0.0006807 0.0057537 0.0023262
           dz  0.0048856-0.0037971 0.0031483-0.0046520 0.0023246-0.0002444
  11 h     dx -0.0010909-0.0033131-0.0011571 0.0120555-0.0114320-0.0039580
           dy -0.0038381-0.0026190-0.0027570 0.0154214-0.0164618-0.0068961
           dz -0.0012758-0.0027265 0.0043923 0.0051996-0.0067955 0.0010488
  12 h     dx -0.0009201 0.0006619 0.0002313-0.0052320 0.0014564 0.0005210
           dy  0.0009811 0.0000667 0.0001143 0.0001844 0.0027607-0.0017172
           dz  0.0004730 0.0000350-0.0002826 0.0001862-0.0016395 0.0070704
  13 h     dx -0.0133739 0.0275638 0.0095444-0.0050252-0.0019494-0.0006578
           dy -0.0015626 0.0042763 0.0010679-0.0008045 0.0026156-0.0017373
           dz -0.0004379 0.0008512 0.0014730-0.0002189-0.0017916 0.0071107
  14 h     dx -0.1201729-0.1102012-0.0379603 0.0127607 0.0130935 0.0045486
           dy -0.1087429-0.2525980-0.0733961-0.0129017-0.0171717-0.0074445
           dz -0.0375204-0.0734314-0.0649872-0.0045333-0.0075784 0.0017682
  15 h     dx -0.0011961-0.0002727-0.0001043 0.0020012 0.0033753 0.0011396
           dy  0.0013289 0.0005871-0.0001442 0.0011256-0.0051746-0.0030871
           dz  0.0004540-0.0001471 0.0009579 0.0004085-0.0030902 0.0027013
  16 h     dx -0.0006646 0.0002244-0.0005432 0.0007488-0.0003474-0.0000290
           dy  0.0011904-0.0008329 0.0006235-0.0017366-0.0000074-0.0000136
           dz  0.0001030-0.0000995-0.0004036 0.0008951 0.0005500 0.0002230
  17 h     dx -0.0000511-0.0017050-0.0009490 0.0006182 0.0003313 0.0001985
           dy -0.0000139 0.0001908-0.0005871 0.0008384 0.0003716 0.0001037
           dz -0.0017656-0.0005060 0.0014974 0.0018432-0.0004596-0.0000427

   ATOM              7 c                           8 o 
                  dx        dy        dz        dx        dy        dz
   7 c     dx  0.7082359
           dy  0.1662541 0.7423473
           dz  0.0606467 0.1848223 0.2751810
   8 o     dx -0.2792853-0.2404999-0.0846021 0.2841047
           dy -0.2424916-0.4708829-0.1373500 0.2854237 0.5687491
           dz -0.0853153-0.1372374-0.1265785 0.1003428 0.1869303 0.0989873
   9 o     dx -0.1583948 0.0638183 0.0213745 0.0367770-0.0059253-0.0019779
           dy  0.0305021-0.1830854-0.0411969 0.0082722-0.0938501-0.0423276
           dz  0.0098387-0.0409183-0.0774609 0.0029136-0.0423893 0.0140686
  10 n     dx  0.0146741 0.0006806 0.0001638-0.0052907-0.0035789-0.0012177
           dy -0.0008977 0.0001307 0.0002315 0.0005212 0.0005785 0.0001840
           dz  0.0042814 0.0004823-0.0003872-0.0014360-0.0009900-0.0002108
  11 h     dx  0.0015411-0.0008861-0.0003157 0.0001410 0.0007577 0.0002644
           dy  0.0025070-0.0022919 0.0004935-0.0003653 0.0008723 0.0001011
           dz  0.0009166 0.0004863-0.0035424-0.0001323 0.0000928 0.0006131
  12 h     dx  0.0009090-0.0015535-0.0005171-0.0010338-0.0002461-0.0001002
           dy  0.0005213 0.0001442-0.0003393-0.0001710-0.0001249 0.0001379
           dz  0.0001505-0.0003036 0.0009989-0.0000280 0.0001448-0.0004600
  13 h     dx  0.0006903 0.0015843 0.0005695-0.0003299-0.0003220-0.0001153
           dy -0.0003841 0.0002080-0.0002454 0.0001918 0.0000344 0.0000206
           dz -0.0001553-0.0002869 0.0008457 0.0000698 0.0000181-0.0000054
  14 h     dx  0.0007958 0.0021013 0.0007069-0.0013491-0.0008626-0.0002881
           dy -0.0026572-0.0028423 0.0002544-0.0004454 0.0024608 0.0009378
           dz -0.0008575 0.0002774-0.0035021-0.0001564 0.0009263 0.0000762
  15 h     dx -0.0377449 0.0050586 0.0014432 0.0041277-0.0078739-0.0026434
           dy  0.0505483 0.0097669 0.0023933-0.0075025-0.0004315 0.0018072
           dz  0.0171242 0.0019708 0.0049128-0.0025028 0.0018137-0.0052520
  16 h     dx -0.0005976-0.0000657 0.0000422 0.0002203 0.0000815 0.0000255
           dy  0.0016374 0.0001504-0.0001035-0.0005603-0.0004682-0.0001355
           dz -0.0009163 0.0000535-0.0001469 0.0003490 0.0002055 0.0001030
  17 h     dx -0.0005273-0.0000385 0.0000396 0.0002410 0.0002602 0.0000633
           dy -0.0007620-0.0000911 0.0002034 0.0002434 0.0001813 0.0000198
           dz -0.0017514-0.0001248-0.0000469 0.0005813 0.0004428 0.0000720

   ATOM              9 o                          10 n 
                  dx        dy        dz        dx        dy        dz
   9 o     dx  0.6288353
           dy  0.0181500 0.3380164
           dz  0.0113223 0.1047783 0.0723444
  10 n     dx -0.0037432 0.0029715 0.0010295 0.6663321
           dy -0.0000119 0.0000776 0.0000009 0.0421344 0.7343909
           dz -0.0011328 0.0009466 0.0003951-0.1387073 0.2137127 0.1712251
  11 h     dx -0.0034184-0.0003471-0.0001358-0.0003328 0.0012595 0.0006372
           dy  0.0002672 0.0015085 0.0003916 0.0000943 0.0001184 0.0001150
           dz  0.0000762 0.0003992 0.0005086-0.0000981 0.0000477-0.0000497
  12 h     dx -0.0002687 0.0002853 0.0001029 0.0022118 0.0006815-0.0000252
           dy -0.0001923 0.0000842 0.0000381-0.0007250 0.0015497 0.0017715
           dz -0.0000640 0.0000417-0.0000327-0.0005364 0.0007653-0.0023134
  13 h     dx -0.0008827 0.0001135 0.0000375 0.0022037-0.0005225-0.0004192
           dy  0.0000476-0.0000532 0.0000674 0.0009447 0.0013507 0.0010642
           dz  0.0000388 0.0000633-0.0002482-0.0000132 0.0020461-0.0020522
  14 h     dx  0.0004412-0.0012964-0.0004502-0.0002733-0.0013581-0.0002896
           dy  0.0000997 0.0007252 0.0002113 0.0000215 0.0000623 0.0000352
           dz  0.0000301 0.0002149 0.0001833-0.0001211 0.0000751-0.0000856
  15 h     dx -0.4593708-0.0703379-0.0283928 0.0006049-0.0000294 0.0001755
           dy -0.1145137-0.0623601-0.0177497-0.0003120 0.0000594-0.0000436
           dz -0.0436948-0.0173391-0.0205391-0.0001084 0.0000344-0.0000773
  16 h     dx  0.0002126-0.0001901-0.0000738-0.1523737 0.1180211 0.1066554
           dy -0.0003426 0.0002943 0.0001064 0.1137027-0.2356936-0.1539448
           dz  0.0002226-0.0001997-0.0000524 0.1275470-0.1801343-0.1313214
  17 h     dx  0.0001370-0.0000276-0.0000176-0.1306461-0.1422853 0.0097097
           dy  0.0001630-0.0001846-0.0000786-0.1511372-0.3803267-0.0270637
           dz  0.0004438-0.0003711-0.0001568 0.0269618 0.0007085-0.0077343

   ATOM             11 h                          12 h 
                  dx        dy        dz        dx        dy        dz
  11 h     dx  0.1438876
           dy -0.1285695 0.2503115
           dz -0.0447720 0.0778249 0.0532501
  12 h     dx  0.0011615 0.0002956 0.0000958 0.1210413
           dy -0.0002352 0.0003080 0.0016099 0.1136300 0.2621291
           dz -0.0001083 0.0015845-0.0037164 0.0388899 0.0830974 0.0513682
  13 h     dx  0.0000242 0.0001024 0.0000316 0.0005193-0.0006458-0.0002483
           dy  0.0000667-0.0001032 0.0003013 0.0007773-0.0009224-0.0003850
           dz  0.0000243 0.0003037-0.0008829 0.0002407-0.0003708 0.0000462
  14 h     dx  0.0005921 0.0008998 0.0003133 0.0000242-0.0000655-0.0000161
           dy -0.0007300-0.0008030-0.0004873-0.0000960-0.0001040 0.0002722
           dz -0.0002451-0.0004854 0.0004493-0.0000342 0.0002753-0.0008092
  15 h     dx  0.0000459-0.0000716-0.0000215 0.0000107 0.0000220 0.0000065
           dy  0.0000920 0.0005353 0.0002639-0.0000394-0.0000174-0.0000093
           dz  0.0000348 0.0002643-0.0001390-0.0000132-0.0000090 0.0000086
  16 h     dx -0.0004383-0.0000975-0.0000411 0.0001509 0.0001146 0.0000934
           dy  0.0000178-0.0000025 0.0001124-0.0001468 0.0002607 0.0002187
           dz -0.0000821 0.0000963-0.0002562-0.0000523 0.0002083-0.0006171
  17 h     dx  0.0000426-0.0000140 0.0000397-0.0001697 0.0012481 0.0008936
           dy  0.0000591-0.0000149 0.0000199-0.0004827-0.0004135 0.0003411
           dz  0.0000298-0.0000389 0.0000762 0.0001170-0.0006331 0.0003493

   ATOM             13 h                          14 h 
                  dx        dy        dz        dx        dy        dz
  13 h     dx  0.1405791
           dy -0.1243965 0.2447657
           dz -0.0434704 0.0766660 0.0491673
  14 h     dx  0.0012203 0.0002612 0.0000533 0.1240002
           dy -0.0002814 0.0002619 0.0016275 0.1186543 0.2655368
           dz -0.0000968 0.0015999-0.0038470 0.0408157 0.0822285 0.0555423
  15 h     dx -0.0000660-0.0000370-0.0000117-0.0000878 0.0001344 0.0000452
           dy  0.0001074 0.0000053 0.0000422 0.0000995-0.0000642-0.0000691
           dz  0.0000368 0.0000417-0.0001057 0.0000339-0.0000713 0.0001199
  16 h     dx -0.0000429-0.0015339-0.0000365 0.0000412-0.0000178 0.0000461
           dy  0.0003500-0.0003605-0.0008216-0.0000750 0.0000095-0.0000674
           dz  0.0003810 0.0001309 0.0001905-0.0000107-0.0000182 0.0000536
  17 h     dx  0.0001494-0.0001551-0.0000091-0.0004298 0.0000756 0.0000224
           dy  0.0001406 0.0001365 0.0003710 0.0000022 0.0000057 0.0000924
           dz  0.0000368 0.0003782-0.0004766-0.0000816 0.0001041-0.0002797

   ATOM             15 h                          16 h 
                  dx        dy        dz        dx        dy        dz
  15 h     dx  0.4909407
           dy  0.0696541 0.0578330
           dz  0.0284200 0.0166318 0.0178006
  16 h     dx -0.0000271 0.0000004 0.0000049 0.1627920
           dy  0.0000619-0.0000361 0.0000091-0.1332773 0.2475073
           dz -0.0000414 0.0000238-0.0000034-0.1157642 0.1678058 0.1334667
  17 h     dx -0.0000272 0.0000204 0.0000170 0.0107241 0.0183763-0.0014738
           dy -0.0000294 0.0000187-0.0000056-0.0117666-0.0163811 0.0054532
           dz -0.0000738 0.0000254 0.0000414-0.0109805-0.0170001-0.0024606

   ATOM             17 h 
                  dx        dy        dz
  17 h     dx  0.1387012
           dy  0.1594515 0.3910830
           dz -0.0067693 0.0188526 0.0133479
 

   *** projected hessian written onto $hessian (projected), file=<hessian> ***

 dipole moment in principle axis system (a.u.) :    -1.5073317575    -0.5540820194     0.3158630387
 norm :   1.636711756    

 rotational constants b for rotations around axis of inertia
 and optical intensities for (1 <-- 0) transition

   b   :     0.1285874143     0.0264456946     0.0219428316   (cm**(-1))

   b   :  3854.9536991960   792.8219777509   657.8295417851     (MHz)

   b   :     2.2720490273     0.3070068842     0.0997694592     (a.u.)

   x   :     0.9996337853    -0.0270426288     0.0009957183
   y   :     0.0258840342     0.9447774174    -0.3266889168
   z   :     0.0078937950     0.3265950518     0.9451313984

   ***  normal modes written onto $vibrational normal modes, file=<vib_normal_modes>  ***

  Keyword $vibrational reduced masses missing in file <control>


   ***  vibrational spectroscopic data written onto$vibrational spectrum   
        file=<vibspectrum>  ***

          ---------------------------------------------------
          NORMAL MODES and VIBRATIONAL FREQUENCIES (cm**(-1))
          ---------------------------------------------------

 imaginary wave numbers indicate a negative curvature of the energy surface.
 zero frequency modes have no physical meaning except being generators of
 translations and rotations. each vibrational normal mode - given in terms of
 cartesian displacement vectors of all atoms - has been normalized to unity.
 to obtain mass-weigthed normal coordinates in a.u. divide the tabulated
 modes by sqrt(reduced mass * 1822.88853).
 band intensities or cross sections refer to independent non-degenerate normal
 modes, that is, the intensities of degenerate modes have yet to be added.
 dDIP/dQ is the normal mode derivative of the dipole moment.


       mode               1        2        3        4        5        6

     frequency           0.00     0.00     0.00     0.00     0.00     0.00

     symmetry                                                             

        IR                -        -        -        -        -        - 
|dDIP/dQ|   (a.u.)     0.0000   0.0000   0.0000   0.0000   0.0000   0.0000
intensity (km/mol)       0.00     0.00     0.00     0.00     0.00     0.00
intensity (  %   )       0.00     0.00     0.00     0.00     0.00     0.00
 
       RAMAN              -        -        -        -        -        - 
 
  1   c           x  -0.11320  0.13035 -0.04107 -0.11576  0.15443 -0.00508
                  y  -0.10920 -0.09529 -0.03816  0.16989  0.12527  0.00589
                  z   0.13663  0.01241  0.18671 -0.07289  0.13044 -0.16198
  2   c           x  -0.11164  0.13414 -0.04183 -0.11401  0.15714 -0.00384
                  y  -0.15002 -0.19011 -0.00763  0.12059  0.06917  0.00076
                  z   0.14541  0.01560  0.13627 -0.04766  0.08288 -0.27220
  3   c           x  -0.14201  0.05832 -0.03243 -0.14651  0.09861 -0.03875
                  y  -0.17083 -0.21060  0.07152  0.09252  0.02939 -0.03828
                  z   0.14528 -0.07390 -0.06981 -0.03137  0.08172 -0.22948
  4   c           x  -0.17407 -0.02145 -0.02188 -0.18099  0.03755 -0.07432
                  y  -0.14932 -0.13337  0.11770  0.11564  0.04801 -0.07125
                  z   0.13604 -0.16673 -0.22359 -0.04127  0.12992 -0.07239
  5   c           x  -0.17541 -0.02468 -0.02119 -0.18250  0.03528 -0.07530
                  y  -0.10856 -0.03889  0.08676  0.16490  0.10412 -0.06587
                  z   0.12731 -0.16926 -0.17193 -0.06648  0.17725  0.03696
  6   c           x  -0.14505  0.05100 -0.03083 -0.14995  0.09349 -0.04090
                  y  -0.08777 -0.01797  0.00869  0.19289  0.14368 -0.02744
                  z   0.12744 -0.07993  0.03375 -0.08273  0.17840 -0.00569
  7   c           x  -0.14780  0.04403 -0.03023 -0.15282  0.08791 -0.04458
                  y  -0.04421  0.08521 -0.01935  0.24530  0.20275 -0.02458
                  z   0.11791 -0.08674  0.08075 -0.10949  0.22995  0.11546
  8   o           x  -0.17455 -0.02269 -0.02186 -0.18147  0.03649 -0.07513
                  y  -0.02426  0.15505  0.01938  0.26693  0.22075 -0.05281
                  z   0.10978 -0.16432 -0.04508 -0.11896  0.27244  0.25179
  9   o           x  -0.11652  0.12189 -0.04044 -0.11921  0.14759 -0.00970
                  y  -0.02728  0.09692 -0.09506  0.26865  0.23710  0.01366
                  z   0.11898  0.00504  0.28587 -0.12342  0.22603  0.05999
 10   n           x  -0.14118  0.06098 -0.03121 -0.14604  0.10185 -0.03480
                  y  -0.21175 -0.30821  0.09627  0.04337 -0.02581 -0.04006
                  z   0.15397 -0.07207 -0.12282 -0.00615  0.03460 -0.33798
 11   h           x  -0.08950  0.18944 -0.04859 -0.09035  0.19989  0.02180
                  y  -0.09359 -0.08042 -0.09865  0.19099  0.15530  0.03581
                  z   0.13686  0.08215  0.34641 -0.08518  0.13062 -0.19692
 12   h           x  -0.08676  0.19612 -0.04979 -0.08732  0.20477  0.02421
                  y  -0.16619 -0.24927 -0.04482  0.10331  0.05560  0.02696
                  z   0.15247  0.08775  0.25657 -0.04032  0.04606 -0.39281
 13   h           x  -0.19784 -0.08071 -0.01431 -0.20650 -0.00802 -0.10121
                  y  -0.16498 -0.14834  0.17825  0.09449  0.01791 -0.10120
                  z   0.13581 -0.23667 -0.38376 -0.02893  0.12973 -0.03736
 14   h           x  -0.20005 -0.08608 -0.01327 -0.20896 -0.01188 -0.10303
                  y  -0.09202  0.02088  0.12306  0.18265  0.11831 -0.09168
                  z   0.12020 -0.24071 -0.29034 -0.07408  0.21432  0.15781
 15   h           x  -0.12147  0.10942 -0.03921 -0.12441  0.13772 -0.01600
                  y   0.00105  0.16713 -0.10621  0.30241  0.27428  0.01147
                  z   0.11232 -0.00870  0.29801 -0.14046  0.26190  0.14884
 16   h           x  -0.15817  0.01376 -0.03800 -0.16077  0.05572 -0.07886
                  y  -0.22418 -0.29926  0.19193  0.02438 -0.05808 -0.09110
                  z   0.15407 -0.12753 -0.25165  0.00445  0.03294 -0.31366
 17   h           x  -0.11450  0.12258 -0.05202 -0.11389  0.13932 -0.02967
                  y  -0.22469 -0.33891  0.10451  0.02780 -0.04335 -0.04086
                  z   0.16062  0.00000  0.00000  0.00000  0.00000 -0.45350

reduced mass(g/mol)     7.440    6.100    4.760    8.824    8.676    5.883


       mode               7        8        9       10       11       12

     frequency          73.54   105.63   191.05   278.82   352.67   356.16

     symmetry            a        a        a        a        a        a   

        IR               YES      YES      YES      YES      YES      YES
|dDIP/dQ|   (a.u.)     0.0008   0.0011   0.0010   0.0011   0.0005   0.0028
intensity (km/mol)       1.04     2.06     1.84     2.27     0.42    13.68
intensity (  %   )       0.26     0.51     0.46     0.56     0.10     3.40
 
       RAMAN             YES      YES      YES      YES      YES      YES
 
  1   c           x  -0.00048 -0.00004 -0.07966  0.00106 -0.09197  0.00100
                  y   0.05877 -0.07329 -0.16392  0.03005  0.06106 -0.01392
                  z  -0.16892  0.21122 -0.05921 -0.08858  0.02514  0.00987
  2   c           x  -0.00052 -0.00041 -0.10268  0.00320 -0.12452  0.00675
                  y   0.06561 -0.04196 -0.04447 -0.07624  0.07961  0.01562
                  z  -0.18994  0.12059 -0.01807  0.21590  0.03833  0.01456
  3   c           x   0.00008 -0.00188 -0.00541  0.00245 -0.21795  0.02660
                  y  -0.00124  0.00429  0.02249 -0.05156  0.02578  0.02731
                  z   0.00093 -0.01291  0.00800  0.14744  0.01437  0.00876
  4   c           x   0.00056 -0.00030  0.09696  0.00302 -0.11586  0.02091
                  y  -0.06468 -0.04235 -0.03787 -0.07432 -0.01486  0.03687
                  z   0.18691  0.12242 -0.01059  0.21684 -0.00808 -0.00080
  5   c           x   0.00044 -0.00000  0.08439  0.00066 -0.07120  0.01873
                  y  -0.05445 -0.07301 -0.15886  0.03145 -0.03487  0.00943
                  z   0.15855  0.21066 -0.05318 -0.08908 -0.02400 -0.01131
  6   c           x  -0.00008 -0.00017  0.00292 -0.00056  0.05700 -0.00806
                  y   0.00208 -0.06735 -0.20510  0.10614  0.00838 -0.01294
                  z  -0.00501  0.19413 -0.07154 -0.30668 -0.00359 -0.00135
  7   c           x   0.00005  0.00081 -0.01006 -0.00301  0.18082 -0.02481
                  y   0.01044  0.01001 -0.02658  0.03851 -0.02022 -0.01272
                  z  -0.02992 -0.02887 -0.00928 -0.11081 -0.00900 -0.00311
  8   o           x   0.00217  0.00156 -0.25722 -0.00416  0.24521 -0.05152
                  y   0.12170  0.06027  0.11829 -0.02851 -0.05365  0.00175
                  z  -0.35167 -0.17376  0.04106  0.08312 -0.01558  0.00051
  9   o           x  -0.00226  0.00192  0.26673 -0.00460  0.29858 -0.01579
                  y  -0.12628  0.04865  0.12435 -0.01925  0.02315 -0.00705
                  z   0.36594 -0.14010  0.04367  0.05488  0.00974 -0.00393
 10   n           x  -0.00009  0.00646 -0.01360  0.01583 -0.24720  0.03390
                  y   0.00279  0.10663  0.21321  0.05628 -0.04304 -0.00512
                  z   0.00816 -0.30563  0.07386 -0.15703 -0.02353  0.00377
 11   h           x  -0.00082  0.00013 -0.15622  0.00221 -0.18286 -0.00368
                  y   0.10421 -0.08411 -0.21335  0.03524 -0.00376 -0.02815
                  z  -0.30031  0.24265 -0.07813 -0.10117  0.02194  0.04319
 12   h           x  -0.00114  0.00014 -0.18778  0.00464 -0.06629 -0.01698
                  y   0.11914 -0.03093 -0.00202 -0.12250  0.03710  0.00681
                  z  -0.34380  0.08762 -0.00490  0.34716  0.06127  0.07564
 13   h           x   0.00096  0.00025  0.17774  0.00379 -0.03455  0.02548
                  y  -0.11779 -0.03064  0.00926 -0.12101  0.04449  0.05898
                  z   0.34093  0.08974  0.00786  0.35314 -0.02086 -0.05966
 14   h           x   0.00094  0.00026  0.17758  0.00164 -0.15421  0.04844
                  y  -0.09498 -0.08134 -0.20975  0.03262  0.01824  0.00578
                  z   0.27531  0.23439 -0.06880 -0.09417 -0.02890 -0.05172
 15   h           x  -0.00155  0.00353  0.22130 -0.00716  0.26942 -0.01674
                  y  -0.09141  0.11375  0.33951 -0.11877  0.16553 -0.00509
                  z   0.26786 -0.32700  0.11696  0.34115  0.06946  0.00148
 16   h           x   0.00231 -0.06216  0.12769 -0.08255 -0.31586 -0.03455
                  y  -0.08637  0.14084  0.29883  0.11433 -0.33683 -0.44637
                  z   0.12448 -0.41328  0.09632 -0.32387  0.29294  0.50375
 17   h           x   0.00161 -0.06346 -0.16084 -0.08481 -0.13998  0.10540
                  y   0.00419  0.14194  0.28379  0.10804 -0.09227 -0.02817
                  z  -0.13965 -0.42372  0.10785 -0.35230 -0.37134 -0.70869

reduced mass(g/mol)     6.879    5.145    5.815    4.469    5.686    1.131


       mode              13       14       15       16       17       18

     frequency         383.90   422.00   451.64   507.78   511.64   580.60

     symmetry            a        a        a        a        a        a   

        IR               YES      YES      YES      YES      YES      YES
|dDIP/dQ|   (a.u.)     0.0010   0.0007   0.0150   0.0026   0.0041   0.0054
intensity (km/mol)       1.90     0.90   398.30    11.83    30.41    52.08
intensity (  %   )       0.47     0.23    99.11     2.94     7.57    12.96
 
       RAMAN             YES      YES      YES      YES      YES      YES
 
  1   c           x   0.05172 -0.00108 -0.01069  0.05650  0.01658 -0.00351
                  y  -0.00050 -0.07371  0.01026  0.15197  0.06241 -0.00330
                  z   0.00843  0.21158 -0.01780  0.09452 -0.09376 -0.00005
  2   c           x   0.02643 -0.00193 -0.00541  0.07633  0.01745 -0.00256
                  y  -0.13522  0.07223  0.00141 -0.04094 -0.00936 -0.00582
                  z  -0.04613 -0.20465 -0.02357 -0.02270  0.02027  0.00800
  3   c           x  -0.01448  0.00007 -0.01357  0.03758  0.01471  0.00109
                  y  -0.14773  0.00376 -0.01432 -0.06006 -0.08644  0.02181
                  z  -0.05021 -0.00611  0.03992 -0.10456  0.20585 -0.06151
  4   c           x  -0.03266  0.00224 -0.00826 -0.08407 -0.00751 -0.00201
                  y  -0.14785 -0.06914  0.01252 -0.00321 -0.01727 -0.00367
                  z  -0.05497  0.20212 -0.01183 -0.00902  0.03191  0.01906
  5   c           x  -0.06115  0.00175 -0.01237 -0.09920 -0.00800 -0.00309
                  y  -0.01130  0.07010  0.00969  0.18713  0.07461  0.00523
                  z  -0.01426 -0.20287 -0.02522  0.11012 -0.10857 -0.01388
  6   c           x   0.01001  0.00003 -0.00068 -0.05635 -0.00691 -0.00414
                  y   0.03592  0.00095 -0.01193  0.16844 -0.02101  0.02390
                  z   0.01471 -0.00329  0.04157  0.00531  0.14005 -0.07200
  7   c           x   0.02259  0.00016 -0.00449 -0.06318 -0.00756 -0.00343
                  y   0.06971  0.00072 -0.01021 -0.17886 -0.06138 -0.01502
                  z   0.02530 -0.00090  0.02123 -0.09672  0.07729  0.04623
  8   o           x   0.11225 -0.00003  0.00714 -0.20077 -0.04000  0.00579
                  y   0.02287 -0.00238 -0.00434 -0.13854 -0.01280 -0.00707
                  z   0.00853  0.00819 -0.00779 -0.04302 -0.02127  0.00871
  9   o           x  -0.07742 -0.00041  0.01354  0.24328  0.03289  0.00079
                  y   0.02714  0.00564  0.00115 -0.10714 -0.02399 -0.01445
                  z   0.00803 -0.01555 -0.00137 -0.03883  0.00351  0.05609
 10   n           x  -0.03017 -0.00147  0.05695  0.04956 -0.01799  0.00675
                  y   0.21946 -0.00340 -0.03629  0.04530  0.04563 -0.00486
                  z   0.08042 -0.00122  0.10483  0.04645 -0.10630  0.01501
 11   h           x   0.11750 -0.00162 -0.01162  0.22193  0.04324 -0.00216
                  y   0.03124 -0.16387  0.02939  0.21091  0.18344 -0.04345
                  z   0.04399  0.47010 -0.07615  0.23940 -0.39037  0.11779
 12   h           x   0.12800 -0.00499 -0.00254  0.19939  0.03382 -0.00476
                  y  -0.19888  0.13568  0.02174 -0.13927  0.09087 -0.05635
                  z  -0.02321 -0.38288 -0.08645  0.07412 -0.29374  0.15743
 13   h           x  -0.11353  0.00506 -0.00749 -0.25771 -0.03876 -0.00244
                  y  -0.18026 -0.13647  0.03096 -0.13746  0.06882 -0.05883
                  z  -0.11342  0.40228 -0.06385  0.05350 -0.27574  0.17752
 14   h           x  -0.15659  0.00209 -0.01659 -0.21102 -0.02605 -0.00021
                  y   0.04642  0.14854  0.03422  0.20633  0.19295 -0.03364
                  z  -0.02205 -0.43082 -0.08825  0.23599 -0.42319  0.09431
 15   h           x  -0.05846 -0.00112  0.00847  0.16626  0.02811  0.00713
                  y  -0.06488 -0.03097  0.05083  0.20193  0.17661  0.32432
                  z  -0.02011  0.08694 -0.06245  0.23578 -0.43616 -0.88813
 16   h           x   0.27756  0.00599 -0.21630  0.20001  0.07546  0.00627
                  y   0.15418 -0.00761  0.29162  0.12946 -0.07564  0.00520
                  z   0.45217  0.01208 -0.60873  0.07543  0.15746 -0.00074
 17   h           x  -0.35730  0.00722 -0.21246 -0.10494  0.02347  0.00829
                  y   0.38426 -0.00840  0.12689  0.12339  0.00925 -0.00377
                  z  -0.30199  0.02531 -0.61488  0.01432  0.16721 -0.01183

reduced mass(g/mol)     2.976    3.094    1.290    5.300    2.482    1.209


       mode              19       20       21       22       23       24

     frequency         604.10   653.36   717.06   739.72   790.16   825.68

     symmetry            a        a        a        a        a        a   

        IR               YES      YES      YES      YES      YES      YES
|dDIP/dQ|   (a.u.)     0.0045   0.0009   0.0044   0.0026   0.0054   0.0003
intensity (km/mol)      35.99     1.41    34.27    11.88    51.65     0.20
intensity (  %   )       8.96     0.35     8.53     2.96    12.85     0.05
 
       RAMAN             YES      YES      YES      YES      YES      YES
 
  1   c           x   0.11736  0.30737  0.00795 -0.13403 -0.00186  0.00203
                  y   0.13333 -0.18469 -0.05431 -0.02780 -0.01724 -0.01782
                  z   0.05203 -0.06382  0.15213  0.00048  0.01912  0.05518
  2   c           x   0.08947  0.28437  0.00595 -0.12656 -0.00416  0.00126
                  y   0.11336  0.19354  0.03517 -0.07104  0.03145 -0.03383
                  z   0.03085  0.06332 -0.09323 -0.02125 -0.11578  0.09172
  3   c           x  -0.13943 -0.00609  0.00147  0.07539  0.01111 -0.00063
                  y  -0.01553  0.10628 -0.06352  0.00077 -0.08258  0.00353
                  z  -0.01539  0.03668  0.18407  0.00546  0.24023 -0.00956
  4   c           x   0.08152 -0.29621  0.00554 -0.12660 -0.00465 -0.00053
                  y  -0.10576  0.16652  0.02944  0.05683  0.04774  0.02420
                  z  -0.04339  0.06167 -0.09178  0.02245 -0.11428 -0.08109
  5   c           x   0.11143 -0.28855  0.00711 -0.12994 -0.00238 -0.00191
                  y  -0.05630 -0.20885 -0.04800  0.01810 -0.00246  0.01532
                  z  -0.01466 -0.07286  0.14310  0.01512  0.03697 -0.04813
  6   c           x   0.19848  0.00633 -0.00159 -0.01141 -0.00620  0.00056
                  y   0.03243 -0.10042  0.04546  0.00258  0.07952  0.00384
                  z  -0.00214 -0.03462 -0.13205 -0.00548 -0.23064 -0.00702
  7   c           x   0.12836 -0.00676 -0.00907  0.19360  0.00421 -0.00069
                  y  -0.01851 -0.00601  0.07199  0.06362 -0.12745 -0.00382
                  z  -0.00392 -0.00193 -0.21709 -0.00155  0.37764  0.01009
  8   o           x  -0.20126 -0.01041  0.00085 -0.00283  0.00239 -0.00042
                  y   0.15750 -0.01565 -0.03499  0.19081  0.04457  0.00020
                  z   0.05477 -0.00559  0.06631  0.07372 -0.10718 -0.00270
  9   o           x  -0.05839  0.01543 -0.00329  0.05931  0.00430  0.00015
                  y  -0.18011 -0.03885 -0.01401 -0.19323  0.02587  0.00107
                  z  -0.05673 -0.01327  0.07482 -0.05860 -0.09657 -0.00315
 10   n           x  -0.20907 -0.00601 -0.00947  0.17910  0.00066 -0.00008
                  y  -0.01428  0.07723  0.00688  0.00946  0.01499  0.00562
                  z   0.02319  0.02626 -0.02003 -0.00792 -0.04370  0.00458
 11   h           x   0.03868  0.22056  0.01085 -0.16388  0.00522  0.00396
                  y   0.07919 -0.23521 -0.02008 -0.03875 -0.18455  0.11950
                  z   0.06514 -0.08094  0.05955 -0.03230  0.51330 -0.33632
 12   h           x   0.28251  0.18328  0.00267 -0.25589 -0.01684 -0.00322
                  y   0.00401  0.24093  0.19637  0.01547 -0.01751  0.21019
                  z   0.03522  0.08401 -0.55352 -0.06346  0.04615 -0.60687
 13   h           x   0.21304 -0.19377  0.00298 -0.25257 -0.01666  0.00499
                  y  -0.03754  0.22663  0.18437  0.00166 -0.01185 -0.18824
                  z   0.01780  0.07992 -0.54449 -0.06007  0.03470  0.54235
 14   h           x  -0.01340 -0.20924  0.01111 -0.17824  0.00513 -0.00514
                  y  -0.00353 -0.24869 -0.02468  0.05352 -0.17244 -0.10270
                  z   0.03385 -0.08780  0.06843 -0.00035  0.51838  0.29921
 15   h           x   0.02476  0.01121 -0.00480  0.15057  0.00506 -0.00036
                  y  -0.55006 -0.02413  0.14948 -0.61984 -0.10179 -0.00045
                  z  -0.27477 -0.00825 -0.31677 -0.24720  0.21516  0.00757
 16   h           x  -0.24066  0.06691 -0.02899  0.20263 -0.02403 -0.00965
                  y   0.05443  0.11996 -0.01149 -0.01619 -0.01348 -0.03528
                  z  -0.09722  0.04085 -0.01132  0.04399 -0.02054  0.04867
 17   h           x  -0.27552 -0.08053 -0.03025  0.20505 -0.02630  0.01379
                  y   0.02158  0.11333  0.01472 -0.00215  0.02164  0.00087
                  z  -0.11164  0.04444 -0.00973  0.04792 -0.00707 -0.05882

reduced mass(g/mol)     5.053    6.967    3.146    4.092    4.853    1.261


       mode              25       26       27       28       29       30

     frequency         849.65   858.69   964.95   981.79  1027.31  1067.38

     symmetry            a        a        a        a        a        a   

        IR               YES      YES      YES      YES      YES      YES
|dDIP/dQ|   (a.u.)     0.0015   0.0037   0.0001   0.0005   0.0015   0.0042
intensity (km/mol)       4.18    24.74     0.04     0.47     4.14    32.02
intensity (  %   )       1.04     6.16     0.01     0.12     1.03     7.97
 
       RAMAN             YES      YES      YES      YES      YES      YES
 
  1   c           x   0.11691  0.02235  0.00142  0.00025  0.03638  0.03619
                  y  -0.23231 -0.05147  0.04615  0.00986 -0.18714 -0.01067
                  z  -0.09714  0.02725 -0.12974 -0.03132 -0.06740 -0.00407
  2   c           x   0.02309  0.00589  0.00021  0.00022  0.01870 -0.00553
                  y  -0.21144 -0.07033 -0.03053 -0.00450  0.19367 -0.07423
                  z  -0.11155  0.08681  0.07871  0.01662  0.06926 -0.02974
  3   c           x  -0.00889 -0.01015 -0.00044 -0.00064 -0.00098 -0.00469
                  y  -0.01470  0.04876  0.00107  0.00017  0.00878  0.08600
                  z   0.04018 -0.14283 -0.00267 -0.00154 -0.00152  0.03016
  4   c           x   0.00948  0.00376 -0.00017  0.00013  0.04347  0.03537
                  y   0.23777 -0.00453  0.00914 -0.02551 -0.20369 -0.07398
                  z   0.03356  0.13173 -0.02284  0.07442 -0.07094 -0.02130
  5   c           x   0.09874  0.01974 -0.00039  0.00127  0.01927 -0.03823
                  y   0.24833  0.02257 -0.01456  0.04630  0.17904 -0.04837
                  z   0.06413  0.05961  0.03788 -0.13020  0.06382 -0.01678
  6   c           x  -0.08193 -0.01006  0.00121  0.00071 -0.05347 -0.03209
                  y  -0.02024  0.04044 -0.00836 -0.01670  0.00285  0.04643
                  z   0.05001 -0.11838  0.02520  0.04792  0.00157  0.01618
  7   c           x   0.02683  0.00119  0.00000  0.00029 -0.02237 -0.04185
                  y   0.04883 -0.03787  0.00667  0.01161  0.02554  0.03618
                  z  -0.04432  0.12279 -0.02029 -0.03456  0.00837  0.01218
  8   o           x   0.01766  0.00238 -0.00036 -0.00022  0.01335  0.00965
                  y   0.04638  0.01712 -0.00198 -0.00244  0.01551  0.01019
                  z   0.03203 -0.02852  0.00433  0.00651  0.00553  0.00356
  9   o           x   0.02725  0.00353 -0.00038 -0.00034  0.01805  0.02274
                  y  -0.06063  0.00135 -0.00094 -0.00145 -0.03115 -0.04781
                  z  -0.00770 -0.02770  0.00392  0.00548 -0.01059 -0.01638
 10   n           x  -0.21361 -0.03781 -0.00096 -0.00041  0.00221 -0.00693
                  y  -0.00738 -0.01443  0.00070 -0.00195  0.00294  0.09153
                  z  -0.00345  0.03554  0.00282  0.00269  0.00767  0.03120
 11   h           x   0.34355  0.05892  0.00871 -0.00130 -0.19114  0.27906
                  y  -0.13366  0.05711 -0.26717 -0.07303 -0.32936  0.13070
                  z   0.01859 -0.22110  0.78535  0.20409 -0.10255  0.04539
 12   h           x  -0.07282 -0.01036 -0.00419 -0.00267 -0.31894 -0.01028
                  y  -0.25626  0.14861  0.15192  0.03929  0.36342 -0.08496
                  z   0.13490 -0.52724 -0.44226 -0.10541  0.12255 -0.01219
 13   h           x  -0.08008 -0.01281  0.00397 -0.00783 -0.25635  0.13009
                  y   0.09110  0.25267 -0.03476  0.14007 -0.38687 -0.01939
                  z   0.32326 -0.63515  0.11171 -0.41838 -0.12465 -0.02721
 14   h           x   0.34656  0.06066 -0.00109  0.00547 -0.26091 -0.21765
                  y   0.09772  0.10600  0.07159 -0.27631  0.32717  0.03519
                  z   0.12712 -0.24370 -0.21097  0.79907  0.10116  0.01517
 15   h           x   0.04704  0.00506 -0.00045 -0.00025  0.00964 -0.00569
                  y  -0.14805 -0.03223  0.00418  0.00195  0.00975  0.09114
                  z  -0.07350  0.03315 -0.00823 -0.00425  0.00330  0.03182
 16   h           x  -0.26304 -0.02928 -0.00709  0.00096 -0.03481 -0.57471
                  y  -0.00333  0.01319 -0.00247  0.00246  0.00664 -0.16953
                  z  -0.04594  0.00059  0.00125 -0.00270 -0.03527 -0.16730
 17   h           x  -0.26107 -0.03052  0.00340 -0.00639  0.03500  0.58708
                  y   0.01095 -0.01317 -0.00065  0.00119 -0.01040 -0.19730
                  z  -0.04644  0.00223 -0.00447 -0.00101 -0.02836  0.04342

reduced mass(g/mol)     4.853    2.102    1.333    1.346    2.936    1.555


       mode              31       32       33       34       35       36

     frequency        1099.65  1152.69  1183.60  1219.75  1324.89  1339.56

     symmetry            a        a        a        a        a        a   

        IR               YES      YES      YES      YES      YES      YES
|dDIP/dQ|   (a.u.)     0.0097   0.0026   0.0129   0.0048   0.0074   0.0020
intensity (km/mol)     168.79    11.58   293.72    41.11    97.27     7.36
intensity (  %   )      42.00     2.88    73.09    10.23    24.20     1.83
 
       RAMAN             YES      YES      YES      YES      YES      YES
 
  1   c           x  -0.03315  0.05160  0.02955  0.04611 -0.08504 -0.00144
                  y   0.04119 -0.02444  0.03100  0.01777  0.07163  0.02553
                  z   0.01407 -0.00817  0.01085  0.00625  0.02592  0.00892
  2   c           x   0.04864 -0.06617 -0.01708 -0.06422  0.09891 -0.06816
                  y   0.07346 -0.01815  0.03755 -0.01750 -0.03495  0.05865
                  z   0.02784 -0.00618  0.01304 -0.00640 -0.00997  0.02057
  3   c           x  -0.00237 -0.00389  0.02837  0.00637  0.34237 -0.01267
                  y  -0.03085  0.00123  0.00241  0.00212  0.02920 -0.01471
                  z  -0.01104  0.00092 -0.00221  0.00039 -0.00492 -0.00450
  4   c           x   0.08860  0.05539  0.00855 -0.06426  0.08753  0.05909
                  y  -0.01747  0.01405 -0.04143  0.00747  0.04202  0.05876
                  z  -0.00761  0.00465 -0.01406  0.00234  0.01668  0.01992
  5   c           x   0.00676 -0.04933 -0.00102  0.04746 -0.05269  0.00606
                  y  -0.07057 -0.01480 -0.02597 -0.02536 -0.08589  0.02770
                  z  -0.02468 -0.00544 -0.00890 -0.00871 -0.02885  0.00935
  6   c           x  -0.21947  0.04431 -0.12874  0.12910 -0.02963  0.00230
                  y   0.00783  0.03008 -0.00716  0.02035 -0.00677 -0.19799
                  z   0.00299  0.01041 -0.00260  0.00712 -0.00280 -0.06845
  7   c           x  -0.18847  0.00034  0.05078 -0.02170  0.01527 -0.00588
                  y   0.17565 -0.00446 -0.02433  0.00684 -0.00282  0.00221
                  z   0.05921 -0.00147 -0.00834  0.00252 -0.00067  0.00074
  8   o           x   0.08532 -0.00928 -0.00599 -0.00049  0.00367  0.02136
                  y   0.08380 -0.00855 -0.02165  0.01966  0.00605  0.02469
                  z   0.02963 -0.00303 -0.00749  0.00676  0.00207  0.00866
  9   o           x   0.09495 -0.00633  0.01257 -0.02320 -0.00135 -0.01442
                  y  -0.20922  0.00217  0.06415 -0.05443 -0.00576 -0.01031
                  z  -0.07174  0.00070  0.02236 -0.01909 -0.00204 -0.00369
 10   n           x  -0.01230  0.00464 -0.01360  0.00131 -0.17981  0.00629
                  y  -0.05685 -0.04137 -0.00549 -0.00122 -0.01383 -0.00645
                  z  -0.02001 -0.01535  0.00322 -0.00067  0.00710 -0.00276
 11   h           x   0.14061  0.26875  0.50791  0.20018 -0.33510  0.47334
                  y   0.15598  0.09916  0.31831  0.10458 -0.06122  0.30848
                  z   0.05611  0.03074  0.10758  0.03293 -0.02319  0.10489
 12   h           x   0.11786 -0.45035 -0.32786 -0.48338 -0.25815  0.37885
                  y   0.05226  0.16469  0.19110  0.18126  0.15913 -0.15442
                  z   0.00586  0.06196  0.07029  0.07206  0.05421 -0.05876
 13   h           x   0.32816  0.46874 -0.12151 -0.43957 -0.32783 -0.36243
                  y   0.11821  0.25656 -0.12218 -0.21244 -0.21919 -0.18532
                  z   0.04063  0.08399 -0.04090 -0.06547 -0.07626 -0.05869
 14   h           x   0.34162 -0.47700  0.31963  0.28858 -0.43714 -0.42497
                  y  -0.24950  0.19621 -0.19160 -0.14148  0.09461  0.24469
                  z  -0.08398  0.07253 -0.06797 -0.05213  0.03178  0.08697
 15   h           x  -0.02202 -0.01524  0.11697 -0.12747 -0.01221 -0.03911
                  y   0.37040  0.04559 -0.47810  0.49544  0.06112  0.12050
                  z   0.12854  0.01573 -0.16529  0.17119  0.02088  0.04167
 16   h           x   0.31794  0.21116 -0.01596 -0.00258 -0.30564  0.02415
                  y   0.09296  0.04993  0.00746 -0.00524 -0.05417  0.00477
                  z   0.09959  0.06115 -0.01786  0.00188 -0.04125 -0.00074
 17   h           x  -0.34630 -0.20710 -0.04196 -0.01779 -0.35123 -0.00081
                  y   0.10454  0.06052  0.00964  0.00744  0.05938 -0.00275
                  z  -0.02443 -0.01300 -0.02120  0.00276 -0.01060  0.00426

reduced mass(g/mol)     3.744    1.224    1.391    1.423    3.238    1.711


       mode              37       38       39       40       41       42

     frequency        1361.92  1370.45  1474.19  1551.81  1608.15  1647.79

     symmetry            a        a        a        a        a        a   

        IR               YES      YES      YES      YES      YES      YES
|dDIP/dQ|   (a.u.)     0.0039   0.0088   0.0028   0.0042   0.0024   0.0077
intensity (km/mol)      27.19   136.38    14.19    31.36    10.64   105.44
intensity (  %   )       6.77    33.94     3.53     7.80     2.65    26.24
 
       RAMAN             YES      YES      YES      YES      YES      YES
 
  1   c           x  -0.11456 -0.10462  0.15571 -0.10657 -0.11436  0.17040
                  y  -0.08204 -0.06905 -0.04857 -0.09597 -0.19629  0.05082
                  z  -0.02842 -0.02381 -0.01735 -0.03264 -0.06748  0.01744
  2   c           x   0.06070  0.08342 -0.20747 -0.08902 -0.06779 -0.17068
                  y  -0.05889 -0.00097  0.00370  0.08682  0.19563  0.02747
                  z  -0.01960  0.00002  0.00262  0.03151  0.06825  0.01136
  3   c           x  -0.03285  0.00265  0.00584  0.19989  0.01376  0.09819
                  y   0.20682  0.10951  0.12593  0.00286 -0.36748  0.00892
                  z   0.07262  0.03712  0.04308 -0.00544 -0.12685 -0.01076
  4   c           x  -0.08794 -0.04699  0.20164 -0.08468  0.04790 -0.17465
                  y  -0.03400 -0.07150  0.00851 -0.08955  0.19905 -0.04404
                  z  -0.01285 -0.02485  0.00178 -0.02943  0.06800 -0.01338
  5   c           x   0.16711  0.03703 -0.16056 -0.10603  0.13770  0.17815
                  y  -0.08765 -0.01138 -0.05205  0.08862 -0.18824 -0.03360
                  z  -0.03046 -0.00389 -0.01737  0.03112 -0.06536 -0.01180
  6   c           x   0.06485 -0.13478 -0.01920  0.17617 -0.02919 -0.11186
                  y   0.10917  0.06235  0.14517  0.00155  0.30389 -0.01076
                  z   0.03797  0.02114  0.05013  0.00034  0.10496 -0.00382
  7   c           x  -0.10318  0.23141  0.04394 -0.03909  0.05712  0.01860
                  y   0.08542 -0.17594 -0.01912  0.03624  0.01716  0.01603
                  z   0.02881 -0.05927 -0.00633  0.01233  0.00632  0.00581
  8   o           x  -0.01620  0.00086 -0.01873 -0.01069 -0.03520 -0.00348
                  y  -0.05392  0.08342 -0.01352 -0.02303 -0.03414 -0.00547
                  z  -0.01870  0.02880 -0.00482 -0.00803 -0.01204 -0.00195
  9   o           x   0.04581 -0.08335 -0.00278  0.00415  0.00156  0.00010
                  y   0.00866 -0.00524  0.00350 -0.00147 -0.00008 -0.00613
                  z   0.00338 -0.00251  0.00120 -0.00046 -0.00001 -0.00214
 10   n           x   0.01287  0.00113 -0.00010 -0.04902 -0.00243  0.06289
                  y  -0.05414 -0.02371 -0.05610 -0.00156  0.06540  0.00464
                  z  -0.02054 -0.00546 -0.01868  0.00351  0.02342 -0.00558
 11   h           x   0.27244  0.29575 -0.12669  0.41136  0.32670 -0.16492
                  y   0.14395  0.16592 -0.23752  0.19853  0.05187 -0.14984
                  z   0.04996  0.05825 -0.08227  0.06675  0.01720 -0.05360
 12   h           x   0.18023  0.21726  0.43615  0.41838  0.26328  0.16467
                  y  -0.11957 -0.06154 -0.32574 -0.14188  0.04807 -0.13512
                  z  -0.04388 -0.02532 -0.11927 -0.05498  0.01355 -0.04961
 13   h           x  -0.33906  0.17015 -0.34433  0.40922 -0.26083  0.16133
                  y  -0.18036  0.05325 -0.33309  0.18577  0.03158  0.15494
                  z  -0.05651  0.01582 -0.11016  0.05804  0.01444  0.05082
 14   h           x  -0.35055 -0.01319  0.16122  0.40267 -0.32602 -0.16714
                  y   0.17496  0.01205 -0.23459 -0.15449  0.03504  0.14722
                  z   0.06010  0.00409 -0.08136 -0.05506  0.01250  0.04912
 15   h           x   0.11089 -0.19907 -0.00519  0.00600 -0.00352 -0.00450
                  y  -0.37726  0.69708  0.02567 -0.03084  0.03643  0.03063
                  z  -0.13019  0.24040  0.00878 -0.01075  0.01249  0.01045
 16   h           x   0.31207  0.13991  0.19897 -0.14166 -0.25727 -0.44202
                  y   0.07856  0.04841  0.04368 -0.04699 -0.05451 -0.35366
                  z   0.09797  0.03234  0.04522 -0.02082 -0.07672 -0.00553
 17   h           x  -0.28836 -0.12875 -0.21458 -0.13318  0.28746 -0.46473
                  y   0.09606  0.04383  0.05141  0.03627 -0.08176  0.24858
                  z  -0.02183 -0.02903 -0.01799  0.00997  0.01721  0.20223

reduced mass(g/mol)     2.892    2.960    3.082    2.681    6.259    2.719


       mode              43       44       45       46       47       48

     frequency        1662.73  1772.95  3161.50  3162.43  3198.95  3206.60

     symmetry            a        a        a        a        a        a   

        IR               YES      YES      YES      YES      YES      YES
|dDIP/dQ|   (a.u.)     0.0130   0.0150   0.0026   0.0029   0.0012   0.0010
intensity (km/mol)     298.15   401.86    11.59    15.28     2.36     1.79
intensity (  %   )      74.19   100.00     2.88     3.80     0.59     0.44
 
       RAMAN             YES      YES      YES      YES      YES      YES
 
  1   c           x  -0.06472  0.03430  0.00155  0.00465 -0.00298  0.04544
                  y  -0.02309 -0.01744 -0.00359 -0.01129  0.00343 -0.06858
                  z  -0.00761 -0.00605 -0.00124 -0.00391  0.00119 -0.02385
  2   c           x   0.07388 -0.05396  0.01595  0.03535 -0.00005 -0.01007
                  y  -0.01118  0.02374  0.02799  0.06555 -0.00090 -0.01261
                  z  -0.00322  0.00858  0.00967  0.02266 -0.00031 -0.00434
  3   c           x  -0.08706  0.04194 -0.00136  0.00375 -0.00101 -0.00108
                  y  -0.00136 -0.01923 -0.00246 -0.00082 -0.00094  0.00074
                  z  -0.01263 -0.00615 -0.00081 -0.00038 -0.00032  0.00026
  4   c           x   0.07590 -0.03191 -0.04097  0.01672 -0.01232 -0.00119
                  y   0.01916  0.00859  0.06237 -0.02683  0.01326  0.00195
                  z   0.00723  0.00319  0.02162 -0.00930  0.00462  0.00067
  5   c           x  -0.06717  0.03488 -0.00447  0.00245  0.04069  0.00156
                  y   0.01407 -0.04100 -0.01212  0.00679  0.07091  0.00411
                  z   0.00529 -0.01421 -0.00419  0.00235  0.02443  0.00142
  6   c           x   0.03819  0.05894 -0.00010  0.00034  0.00179  0.00202
                  y   0.00639  0.08839 -0.00070 -0.00029 -0.00183  0.00203
                  z   0.00228  0.03075 -0.00025 -0.00009 -0.00064  0.00070
  7   c           x  -0.00880 -0.42632  0.00002 -0.00017  0.00051  0.00040
                  y  -0.01407 -0.52150 -0.00012 -0.00004  0.00099 -0.00074
                  z  -0.00485 -0.18315 -0.00004 -0.00001  0.00034 -0.00026
  8   o           x   0.00381  0.22816 -0.00006  0.00009  0.00003 -0.00021
                  y   0.00663  0.33934  0.00009  0.00002 -0.00050  0.00002
                  z   0.00230  0.11889  0.00003  0.00001 -0.00017  0.00000
  9   o           x  -0.00026  0.03491  0.00002  0.00007 -0.00023  0.00018
                  y   0.00349  0.05272  0.00004  0.00001 -0.00003  0.00030
                  z   0.00121  0.01852  0.00002  0.00000 -0.00001  0.00010
 10   n           x   0.10410 -0.01663  0.00012 -0.00035  0.00014  0.00016
                  y   0.00980  0.00236  0.00031  0.00010  0.00011 -0.00012
                  z  -0.01484  0.00038  0.00010  0.00006  0.00008  0.00001
 11   h           x   0.06848  0.01329 -0.02815 -0.08533  0.03031 -0.51849
                  y   0.05717 -0.04025  0.04450  0.13407 -0.04509  0.78520
                  z   0.01766 -0.01415  0.01544  0.04655 -0.01568  0.27290
 12   h           x  -0.05991  0.05741 -0.17929 -0.41266  0.00422  0.08149
                  y   0.05939 -0.02980 -0.32620 -0.75623  0.00823  0.14258
                  z   0.02008 -0.01070 -0.11291 -0.26171  0.00285  0.04930
 13   h           x  -0.06104 -0.02213  0.47331 -0.19979  0.10492  0.01336
                  y  -0.06619  0.01189 -0.72196  0.30682 -0.15439 -0.02020
                  z  -0.02314  0.00466 -0.24993  0.10625 -0.05349 -0.00700
 14   h           x   0.06556 -0.07443  0.07988 -0.04374 -0.45765 -0.02258
                  y  -0.05444  0.00023  0.14706 -0.08033 -0.81429 -0.04166
                  z  -0.02121 -0.00024  0.05075 -0.02771 -0.28075 -0.01437
 15   h           x   0.00256  0.12920 -0.00021  0.00053  0.00004  0.00068
                  y  -0.01657 -0.49359  0.00005  0.00051  0.00053  0.00140
                  z  -0.00584 -0.16971  0.00002  0.00018  0.00019  0.00049
 16   h           x  -0.50984  0.00276  0.00354 -0.00353  0.00115  0.00097
                  y  -0.45307  0.01747  0.00107 -0.00254 -0.00011 -0.00012
                  z   0.03213  0.00183 -0.00067 -0.00075 -0.00053 -0.00030
 17   h           x  -0.53467  0.02633  0.00002 -0.00506  0.00087  0.00104
                  y   0.29700 -0.02079 -0.00139  0.00168  0.00025  0.00056
                  z   0.29180 -0.00734  0.00018  0.00141 -0.00012 -0.00030

reduced mass(g/mol)     1.493    9.417    1.089    1.089    1.092    1.092


       mode              49       50       51

     frequency        3572.32  3674.20  3739.60

     symmetry            a        a        a   

        IR               YES      YES      YES
|dDIP/dQ|   (a.u.)     0.0053   0.0036   0.0072
intensity (km/mol)      49.94    22.94    92.95
intensity (  %   )      12.43     5.71    23.13
 
       RAMAN             YES      YES      YES
 
  1   c           x   0.00037  0.00007  0.00007
                  y  -0.00011  0.00005  0.00001
                  z   0.00012  0.00003  0.00000
  2   c           x  -0.00081  0.00004  0.00004
                  y   0.00035 -0.00053 -0.00006
                  z   0.00018 -0.00008 -0.00002
  3   c           x  -0.00099 -0.00005 -0.00012
                  y   0.00042  0.00122 -0.00004
                  z  -0.00130  0.00042 -0.00002
  4   c           x  -0.00079  0.00001  0.00010
                  y  -0.00044 -0.00047  0.00011
                  z  -0.00009 -0.00026  0.00004
  5   c           x   0.00037 -0.00008 -0.00014
                  y   0.00003  0.00005  0.00001
                  z   0.00017  0.00001  0.00000
  6   c           x  -0.00046  0.00000  0.00082
                  y  -0.00000 -0.00005 -0.00003
                  z  -0.00001 -0.00001 -0.00001
  7   c           x   0.00042  0.00000 -0.00326
                  y   0.00006 -0.00001  0.00084
                  z  -0.00003 -0.00000  0.00027
  8   o           x  -0.00011  0.00000  0.00010
                  y  -0.00010  0.00000 -0.00075
                  z  -0.00002  0.00000 -0.00026
  9   o           x   0.00004  0.00001 -0.06028
                  y   0.00007  0.00000 -0.01009
                  z   0.00003  0.00000 -0.00404
 10   n           x   0.04828 -0.00340  0.00018
                  y   0.01012  0.07984  0.00003
                  z  -0.02281  0.02765 -0.00001
 11   h           x  -0.00022 -0.00019  0.00082
                  y   0.00076 -0.00009 -0.00038
                  z   0.00006  0.00002 -0.00013
 12   h           x   0.00087  0.00171  0.00009
                  y  -0.00000  0.00067  0.00022
                  z  -0.00134 -0.00038  0.00007
 13   h           x   0.00082 -0.00174  0.00010
                  y   0.00084  0.00017 -0.00025
                  z  -0.00104  0.00069 -0.00009
 14   h           x  -0.00019  0.00021  0.00001
                  y  -0.00064 -0.00003  0.00046
                  z  -0.00042 -0.00006  0.00016
 15   h           x  -0.00174 -0.00016  0.98276
                  y  -0.00035 -0.00004  0.16186
                  z  -0.00012 -0.00002  0.06489
 16   h           x  -0.34511  0.35491 -0.00057
                  y   0.49572 -0.48239  0.00085
                  z   0.36088 -0.37600  0.00045
 17   h           x  -0.30165 -0.30761 -0.00059
                  y  -0.64038 -0.63094 -0.00120
                  z  -0.02970 -0.00965 -0.00020

reduced mass(g/mol)     1.046    1.101    1.064
 

         **************************************************************
         *                                                            *
         *  zero point VIBRATIONAL energy  :      0.1316348  Hartree  *
         *    SCF-energy                   :   -476.1140020           *
         *    SCF + E(vib0)                :   -475.9823672           *
         *                                                            *
         **************************************************************




 time elapsed for vibrational analysis     0.91 sec


    ------------------------------------------------------------------------
         total  cpu-time :  1 hours  8 minutes and 57 seconds
         total wall-time :  4 minutes and 57 seconds
    ------------------------------------------------------------------------

   ****  force : all done  ****


    2026-04-15 20:00:55.537 

aoforce ended normally 
