
   OpenMP run-time library returned nthreads = 16

 ridft (s02r2b55) : TURBOMOLE rev. V7-8-1 compiled 26 Feb 2024 at 17:12:58
 Copyright (C) 2024 TURBOMOLE GmbH, Karlsruhe


    2026-04-15 19:55:52.160 



                                  r i d f t

                        DFT program with RI approximation 
                                for coulomb part 





                                 References:     
                                                 
          TURBOMOLE:                             
              R. Ahlrichs, M. Baer, M. Haeser, H. Horn, and
              C. Koelmel
              Electronic structure calculations on workstation
              computers: the program system TURBOMOLE
              Chem. Phys. Lett. 162: 165 (1989)
          Density Functional:                              
              O. Treutler and R. Ahlrichs                      
              Efficient Molecular Numerical Integration Schemes
              J. Chem. Phys. 102: 346 (1995)                   
          Parallel Version:                                
              Performance of parallel TURBOMOLE for Density    
              Functional Calculations                          
              M. v. Arnim and R. Ahlrichs                      
              J. Comp. Chem. 19: 1746 (1998)                   
          RI-J Method:                                     
              Auxiliary Basis Sets to approximate Coulomb      
              Potentials                                       
              Chem. Phys. Lett. 240: 283 (1995)                
              K. Eichkorn, O. Treutler, H. Oehm, M. Haeser     
              and R. Ahlrichs                                  
              Chem. Phys. Lett. 242: 652 (1995)                
                                                           
              Auxiliary Basis Sets for Main Row Atoms and their
              Use to approximate Coulomb Potentials            
              K. Eichkorn, F. Weigend, O. Treutler and         
              R. Ahlrichs                                      
              Theo. Chem. Acc. 97: 119 (1997)                  
                                                           
              Accurate Coulomb-fitting basis sets for H to Rn 
              F. Weigend                                       
              Phys. Chem. Chem. Phys. 8: 1057 (2006)           
                                                           
          Multipole accelerated RI-J (MARI-J):             
              Fast evaluation of the Coulomb potential for     
              electron densities using multipole accelerated   
              resolution of identity approximation             
              M. Sierka, A. Hogekamp and R. Ahlrichs           
              J. Chem. Phys. 118: 9136 (2003)                  
          RI-JK Method:                                     
              A fully direct RI-HF algorithm: Implementation,
              optimised auxiliary basis sets, demonstration of
              accuracy and efficiency                         
              F. Weigend                                      
              Phys. Chem. Chem. Phys. 4: 4285 (2002)           
          Two-component HF and DFT with spin-orbit coupling:  
              Self-consistent treatment of spin-orbit         
              interactions with efficient Hartree-Fock and    
              density functional methods                      
              M. K. Armbruster, F. Weigend, C. van Wüllen and 
              W. Klopper                                      
              Phys. Chem. Chem. Phys. 10: 1748 (2008)         
          Two-component difference density and DIIS algorithm 
              Efficient two-component self-consistent field   
              procedures and gradients: implementation in     
              TURBOMOLE and application to Au20-              
              A. Baldes, F. Weigend                           
              Mol. Phys. 111: 2617 (2013)                     
          Relativistic current density functional theory      
              Current density functional framework for        
              spin-orbit coupling                             
              C. Holzer, Y. J. Franzke, A. Pausch             
              J. Chem. Phys. 157: 204102 (2022)               
          Relativistic all-electron 2c calculations           
              An efficient implementation of two-component    
              relativistic exact-decoupling methods for large 
              molecules                                       
              D. Peng, N. Middendorf, F. Weigend, M. Reiher   
              J. Chem. Phys. 138: 184105 (2013)               
          Finite nucleus model and SNSO approximation         
              Efficient implementation of one- and two-       
              component analytical energy gradients in exact  
              two-component theory                            
              Y. J. Franzke, N. Middendorf, F. Weigend        
              J. Chem. Phys. 148: 104110 (2018)               
          Grids for all-electron relativistic methods         
              Error-consistent segmented contracted all-      
              electron relativistic basis sets of double-     
              and triple-zeta quality for NMR shielding       
              constants                                       
              Y. J. Franzke, R. Tress, T. M. Pazdera,         
              F. Weigend                                      
              Phys. Chem. Chem. Phys. 21: 166658 (2019)       
          Seminumerical exchange algorithms                   
              Seminumerical calculation of the Hartree-Fock   
              exchange matirx: Application to two-component   
              procedures and efficient evaluation of local    
              hybrid functionsl                               
              P. Plessow, F. Weigend,                         
              J. Comput. Chem. 33: 810 (2012)                 
          Improved seminumerical algorithms                   
              C. Holzer,                                      
              J. Chem. Phys. 153 (2020), 184115               






          OpenMP Shared-Memory Parallelization: 16 CPUs.

            By: Christof Holzer and Yannick J. Franzke


              +--------------------------------------------------+
              |      general information about current run       |
              +--------------------------------------------------+

 
 Becke-3-Parameter hybrid functional: B3-LYP
 exchange:    0.8*LDA + 0.72*B88 + 0.2*HF
 correlation: 0.19*LDA(VWN) + 0.81*LYP
 A Hybrid-DFT calculation using the RI-J approximation will be carried out.
 Allocatable memory for RI due to $ricore (MB):                  5000


              +--------------------------------------------------+
              | Atomic coordinate, charge and isotop information |
              +--------------------------------------------------+

                    atomic coordinates            atom    charge  isotop
          0.83242708   -1.98568655   -0.29288676    c      6.000     0
         -1.77701227   -2.09090446   -0.31722890    c      6.000     0
         -3.21871143    0.00874740    0.42342583    c      6.000     0
         -1.95286220    2.21797160    1.17371898    c      6.000     0
          0.65361336    2.30757560    1.19258551    c      6.000     0
          2.09218149    0.21185866    0.46454998    c      6.000     0
          4.86886927    0.40456954    0.54440340    c      6.000     0
          6.05034890    2.25222056    1.19171782    o      8.000     0
          6.06150527   -1.75176547   -0.19219222    o      8.000     0
         -5.82401155   -0.06418656    0.32964286    n      7.000     0
          1.91535086   -3.62214364   -0.86173307    h      1.000     0
         -2.72484491   -3.80739873   -0.91056722    h      1.000     0
         -3.03916009    3.85914570    1.74280864    h      1.000     0
          1.62631924    4.00797374    1.77897687    h      1.000     0
          7.85512233   -1.40657942   -0.05642036    h      1.000     0
         -6.77002130    1.23617155    1.34500938    h      1.000     0
         -6.64911408   -1.77757140    0.30483388    h      1.000     0
 
       center of nuclear mass  :    0.89221360    0.13480492    0.45411432
       center of nuclear charge:    0.79626995    0.11789894    0.45525030

              +--------------------------------------------------+
              |               basis set information              |
              +--------------------------------------------------+

              we will work with the 1s 3p 5d 7f 9g ... basis set
              ...i.e. with spherical basis functions...

   type   atoms  prim   cont   basis
   ---------------------------------------------------------------------------
    c        7     46     31   def2-TZVP   [5s3p2d1f|11s6p2d1f]
    o        2     46     31   def2-TZVP   [5s3p2d1f|11s6p2d1f]
    n        1     46     31   def2-TZVP   [5s3p2d1f|11s6p2d1f]
    h        7      8      6   def2-TZVP   [3s1p|5s1p]
   ---------------------------------------------------------------------------
   total:   17    516    352
   ---------------------------------------------------------------------------

   total number of primitive shells          :   66
   total number of contracted shells         :  138
   total number of cartesian basis functions :  402
   total number of SCF-basis functions       :  352


 integral neglect threshold       :  0.83E-11
 integral storage threshold THIZE :  0.10E-04
 integral storage threshold THIME :         5

 RI-J AUXILIARY BASIS SET information:

              we will work with the 1s 3p 5d 7f 9g ... basis set
              ...i.e. with spherical basis functions...

   type   atoms  prim   cont   basis
   ---------------------------------------------------------------------------
    c        7     70     49   def2-TZVP   [6s4p3d1f1g|12s5p4d2f1g]
    o        2     70     49   def2-TZVP   [6s4p3d1f1g|12s5p4d2f1g]
    n        1     70     49   def2-TZVP   [6s4p3d1f1g|12s5p4d2f1g]
    h        7     16     11   def2-TZVP   [3s1p1d|5s2p1d]
   ---------------------------------------------------------------------------
   total:   17    812    567
   ---------------------------------------------------------------------------

   total number of primitive shells          :   80
   total number of contracted shells         :  185
   total number of cartesian basis functions :  694
   total number of SCF-basis functions       :  567


 symmetry group of the molecule :   c1 

 the group has the following generators :
   c1(z)

    1 symmetry operations found

 there are 1 real representations :   a   

 maximum number of shells which are related by symmetry :  1

  
           ------------------
           density functional
           ------------------
 Becke-3-Parameter hybrid functional: B3-LYP
 exchange:    0.8*LDA + 0.72*B88 + 0.2*HF
 correlation: 0.19*LDA(VWN) + 0.81*LYP
 iterations will be done with small grid
  
 spherical integration : Lebedev's spherical grid
 spherical gridsize    :                     3
    i.e. gridpoints    :                   302
  maximum batchsize    :                   100
 value for diffuse not defined
 radial integration    : Chebyshev 2nd kind (scaling 3)
 radial gridsize       :                     3
 integration cells     :                    17
 partition function    : becke
 partition sharpness   :                     3
  

 biggest AO integral is expected to be     7.998976882

          ------------------------
          nuclear repulsion energy  :   488.088414076    
          ------------------------


         -----------------
         -S,T+V- integrals
         -----------------

 1e-integrals will be neglected if expon. factor < 0.831334E-12
 
 Difference densities algorithm switched on.
 The maximal number of linear combinations of
 difference densities is  20.

 DIIS switched on: error vector is FDS-SDF
 Max. Iterations for DIIS is     :   4
 DIIS matrix (see manual) 
    Scaling factor of diagonals  :  1.200
    threshold for scaling factor :  0.000

 scf convergence criterion : increment of total energy < .1000000D-06
                  and increment of one-electron energy < .1000000D-03

 MOs are in ASCII format !


    mo occupation :
   irrep   mo's   occupied
    a      352       36
 
 number of basis functions   :   352
 number of occupied orbitals :    36
 

 reading orbital data $scfmo  from file mos
 orbital characterization : scfconv=7
 mo-orthogonalization by Cholesky decomposition

 automatic virtual orbital shift switched on 
      shift if e(lumo)-e(homo) < 0.10000000    

  
           ------------------------
               RI-J - INFORMATION
           ------------------------
 Contributions to RI integral batches: 
  neglected integral batches:                  1482
  direct contribution:                            0
  memory contribution:                  8109
 Memory core needed for (P|Q) and Cholesky      3 MByte
 Memory core minimum needed except of (P|Q)     1 MByte
 Total minimum memory core needed (sum)         4 MByte
  
 ****************************************
 Memory allocated for RI-J   374 MByte
 ****************************************
                                            

 DSCF restart information will be dumped onto file mos


 Starting SCF iterations

          Overall gridpoints after grid construction =         23515

 ITERATION  ENERGY          1e-ENERGY        2e-ENERGY     NORM[dD(SAO)]  TOL
   1  -476.11426764862    -1614.8429479     650.64026619    0.000D+00 0.829D-11
                            Exc = -52.1689205728     Coul =  715.189933666    
                            exK = -12.3807469017    
                              N = 72.002030119    
                            current damping = 0.300
 
          max. resid. norm for Fia-block=  1.829D-05 for orbital     25a         
          max. resid. fock norm         =  2.017D-04 for orbital    347a         

 ITERATION  ENERGY          1e-ENERGY        2e-ENERGY     NORM[dD(SAO)]  TOL
   2  -476.11426764830    -1614.8430327     650.64035096    0.363D-03 0.526D-11
                            Exc = -52.1689664864      Eck =  702.809317448    
                              N = 72.002030083    
                            current damping = 0.300
 
          Norm of current diis error: 0.33243E-03
          max. resid. norm for Fia-block=  7.953D-06 for orbital     33a         
          max. resid. fock norm         =  4.744D-05 for orbital    347a         

 ENERGY CONVERGED !

          Overall gridpoints after grid construction =         86016

 ITERATION  ENERGY          1e-ENERGY        2e-ENERGY     NORM[dD(SAO)]  TOL
   3  -476.11400197407    -1614.8430139     650.64059785    0.114D-03 0.441D-11
                            Exc = -52.1686807425      Eck =  702.809278596    
                              N = 71.999983886    
                            current damping = 0.350
 
          Norm of current diis error: 0.82611E-04
          max. resid. norm for Fia-block=  2.607D-06 for orbital     22a         
          max. resid. fock norm         =  1.289D-05 for orbital    347a         

 End of SCF iterations

   convergence criteria satisfied after     3 iterations


                  ------------------------------------------ 
                 |  total energy      =   -476.11400197407  |
                  ------------------------------------------ 
                 :  kinetic energy    =    474.11032818307  :
                 :  potential energy  =   -950.22433015714  :
                 :  virial theorem    =      1.99579160919  :
                 :  wavefunction norm =      1.00000000000  :
                  .......................................... 


 <geterg> : there is no data group $energy 


 <skperg> : $end is missing 


 orbitals $scfmo  will be written to file mos

    irrep                 32a         33a         34a         35a         36a   
 eigenvalues H         -0.32967    -0.31441    -0.27491    -0.26494    -0.22251
            eV          -8.9709     -8.5555     -7.4807     -7.2093     -6.0550
 occupation              2.0000      2.0000      2.0000      2.0000      2.0000

    irrep                 37a         38a         39a         40a         41a   
 eigenvalues H         -0.04001    -0.01715     0.02004     0.04277     0.05773
            eV          -1.0888     -0.4666      0.5454      1.1638      1.5708
 
 
 
 
 ==============================================================================
                           electrostatic moments
 ==============================================================================

 reference point for electrostatic moments:    0.00000   0.00000   0.00000

 
              nuc           elec       ->  total
 ------------------------------------------------------------------------------
                          charge      
 ------------------------------------------------------------------------------
          72.000000     -72.000000       0.000000
 
 ------------------------------------------------------------------------------
                       dipole moment  
 ------------------------------------------------------------------------------
   x      57.331436     -58.822918      -1.491481
   y       8.488723      -9.154412      -0.665689
   z      32.778021     -32.672348       0.105673
 
   | dipole moment | =     1.6367 a.u. =     4.1601 debye 
 
 ------------------------------------------------------------------------------
                     quadrupole moment
 ------------------------------------------------------------------------------
  xx    1278.152747   -1313.806195     -35.653448
  yy     243.004328    -285.106743     -42.102414
  zz      44.163286     -89.339895     -45.176609
  xy      27.058215     -30.995732      -3.937517
  xz      28.176850     -32.687023      -4.510172
  yz      87.196633     -86.307839       0.888794
 
     1/3  trace=     -40.977490
     anisotropy=      13.445154
 
 ==============================================================================
 
HOMO-LUMO Separation
 HOMO         :   -0.22251384 H =     -6.05491 eV
 LUMO         :   -0.04001228 H =     -1.08879 eV
 HOMO-LUMO gap:    0.18250157 H =     +4.96612 eV
 
 ==============================================================================


    ------------------------------------------------------------------------
         total  cpu-time :  1 minutes and 32 seconds
         total wall-time :   5.97 seconds
    ------------------------------------------------------------------------

   ****  ridft : all done  ****


    2026-04-15 19:55:58.103 

 ridft ended normally
