
   OpenMP run-time library returned nthreads = 16

 ridft (s02r2b80) : TURBOMOLE rev. V7-8-1 compiled 26 Feb 2024 at 17:12:58
 Copyright (C) 2024 TURBOMOLE GmbH, Karlsruhe


    2026-04-15 19:55:30.131 



                                  r i d f t

                        DFT program with RI approximation 
                                for coulomb part 





                                 References:     
                                                 
          TURBOMOLE:                             
              R. Ahlrichs, M. Baer, M. Haeser, H. Horn, and
              C. Koelmel
              Electronic structure calculations on workstation
              computers: the program system TURBOMOLE
              Chem. Phys. Lett. 162: 165 (1989)
          Density Functional:                              
              O. Treutler and R. Ahlrichs                      
              Efficient Molecular Numerical Integration Schemes
              J. Chem. Phys. 102: 346 (1995)                   
          Parallel Version:                                
              Performance of parallel TURBOMOLE for Density    
              Functional Calculations                          
              M. v. Arnim and R. Ahlrichs                      
              J. Comp. Chem. 19: 1746 (1998)                   
          RI-J Method:                                     
              Auxiliary Basis Sets to approximate Coulomb      
              Potentials                                       
              Chem. Phys. Lett. 240: 283 (1995)                
              K. Eichkorn, O. Treutler, H. Oehm, M. Haeser     
              and R. Ahlrichs                                  
              Chem. Phys. Lett. 242: 652 (1995)                
                                                           
              Auxiliary Basis Sets for Main Row Atoms and their
              Use to approximate Coulomb Potentials            
              K. Eichkorn, F. Weigend, O. Treutler and         
              R. Ahlrichs                                      
              Theo. Chem. Acc. 97: 119 (1997)                  
                                                           
              Accurate Coulomb-fitting basis sets for H to Rn 
              F. Weigend                                       
              Phys. Chem. Chem. Phys. 8: 1057 (2006)           
                                                           
          Multipole accelerated RI-J (MARI-J):             
              Fast evaluation of the Coulomb potential for     
              electron densities using multipole accelerated   
              resolution of identity approximation             
              M. Sierka, A. Hogekamp and R. Ahlrichs           
              J. Chem. Phys. 118: 9136 (2003)                  
          RI-JK Method:                                     
              A fully direct RI-HF algorithm: Implementation,
              optimised auxiliary basis sets, demonstration of
              accuracy and efficiency                         
              F. Weigend                                      
              Phys. Chem. Chem. Phys. 4: 4285 (2002)           
          Two-component HF and DFT with spin-orbit coupling:  
              Self-consistent treatment of spin-orbit         
              interactions with efficient Hartree-Fock and    
              density functional methods                      
              M. K. Armbruster, F. Weigend, C. van Wüllen and 
              W. Klopper                                      
              Phys. Chem. Chem. Phys. 10: 1748 (2008)         
          Two-component difference density and DIIS algorithm 
              Efficient two-component self-consistent field   
              procedures and gradients: implementation in     
              TURBOMOLE and application to Au20-              
              A. Baldes, F. Weigend                           
              Mol. Phys. 111: 2617 (2013)                     
          Relativistic current density functional theory      
              Current density functional framework for        
              spin-orbit coupling                             
              C. Holzer, Y. J. Franzke, A. Pausch             
              J. Chem. Phys. 157: 204102 (2022)               
          Relativistic all-electron 2c calculations           
              An efficient implementation of two-component    
              relativistic exact-decoupling methods for large 
              molecules                                       
              D. Peng, N. Middendorf, F. Weigend, M. Reiher   
              J. Chem. Phys. 138: 184105 (2013)               
          Finite nucleus model and SNSO approximation         
              Efficient implementation of one- and two-       
              component analytical energy gradients in exact  
              two-component theory                            
              Y. J. Franzke, N. Middendorf, F. Weigend        
              J. Chem. Phys. 148: 104110 (2018)               
          Grids for all-electron relativistic methods         
              Error-consistent segmented contracted all-      
              electron relativistic basis sets of double-     
              and triple-zeta quality for NMR shielding       
              constants                                       
              Y. J. Franzke, R. Tress, T. M. Pazdera,         
              F. Weigend                                      
              Phys. Chem. Chem. Phys. 21: 166658 (2019)       
          Seminumerical exchange algorithms                   
              Seminumerical calculation of the Hartree-Fock   
              exchange matirx: Application to two-component   
              procedures and efficient evaluation of local    
              hybrid functionsl                               
              P. Plessow, F. Weigend,                         
              J. Comput. Chem. 33: 810 (2012)                 
          Improved seminumerical algorithms                   
              C. Holzer,                                      
              J. Chem. Phys. 153 (2020), 184115               






          OpenMP Shared-Memory Parallelization: 16 CPUs.

            By: Christof Holzer and Yannick J. Franzke


              +--------------------------------------------------+
              |      general information about current run       |
              +--------------------------------------------------+

 
 Becke-3-Parameter hybrid functional: B3-LYP
 exchange:    0.8*LDA + 0.72*B88 + 0.2*HF
 correlation: 0.19*LDA(VWN) + 0.81*LYP
 A Hybrid-DFT calculation using the RI-J approximation will be carried out.
 Allocatable memory for RI due to $ricore (MB):                  1000


              +--------------------------------------------------+
              | Atomic coordinate, charge and isotop information |
              +--------------------------------------------------+

                    atomic coordinates            atom    charge  isotop
         -1.52886715   -0.42669918   -0.40362093    c      6.000     0
          1.21708214    0.09959736    0.17758810    c      6.000     0
          1.92578042    1.91754118    1.35305213    o      8.000     0
          2.77405180   -1.67550503   -0.75527476    o      8.000     0
         -3.10275555    1.46639466    0.57745652    o      8.000     0
         -2.01417995   -2.27830135    0.39054519    h      1.000     0
         -1.74055197   -0.57120936   -2.45964611    h      1.000     0
          4.49010693   -1.20656713   -0.30802752    h      1.000     0
         -2.02066478    2.67474885    1.42792549    h      1.000     0
 
       center of nuclear mass  :    0.26970673    0.28944079    0.19895965
       center of nuclear charge:    0.24051534    0.25808766    0.17741178

              +--------------------------------------------------+
              |               basis set information              |
              +--------------------------------------------------+

              we will work with the 1s 3p 5d 7f 9g ... basis set
              ...i.e. with spherical basis functions...

   type   atoms  prim   cont   basis
   ---------------------------------------------------------------------------
    c        2     46     31   def2-TZVP   [5s3p2d1f|11s6p2d1f]
    o        3     46     31   def2-TZVP   [5s3p2d1f|11s6p2d1f]
    h        4      8      6   def2-TZVP   [3s1p|5s1p]
   ---------------------------------------------------------------------------
   total:    9    262    179
   ---------------------------------------------------------------------------

   total number of primitive shells          :   46
   total number of contracted shells         :   71
   total number of cartesian basis functions :  204
   total number of SCF-basis functions       :  179


 integral neglect threshold       :  0.16E-10
 integral storage threshold THIZE :  0.10E-04
 integral storage threshold THIME :         5

 RI-J AUXILIARY BASIS SET information:

              we will work with the 1s 3p 5d 7f 9g ... basis set
              ...i.e. with spherical basis functions...

   type   atoms  prim   cont   basis
   ---------------------------------------------------------------------------
    c        2     70     49   def2-TZVP   [6s4p3d1f1g|12s5p4d2f1g]
    o        3     70     49   def2-TZVP   [6s4p3d1f1g|12s5p4d2f1g]
    h        4     16     11   def2-TZVP   [3s1p1d|5s2p1d]
   ---------------------------------------------------------------------------
   total:    9    414    289
   ---------------------------------------------------------------------------

   total number of primitive shells          :   56
   total number of contracted shells         :   95
   total number of cartesian basis functions :  353
   total number of SCF-basis functions       :  289


 symmetry group of the molecule :   c1 

 the group has the following generators :
   c1(z)

    1 symmetry operations found

 there are 1 real representations :   a   

 maximum number of shells which are related by symmetry :  1

 ==============================================================================
                      COSMO switched on
 ==============================================================================
 COSMO stati: segments per atom: H   32 other atoms   92
 COSMO statistics: nps    386 npspher:    209
 COSMO surface:
   number of segments:  386
   area (bohr**2):      358.678284
   volume (bohr**3):    563.372934
 COSMO: check number of disjunct cavities:

       ... OK contiguous cavity found
  
           ------------------
           density functional
           ------------------
 Becke-3-Parameter hybrid functional: B3-LYP
 exchange:    0.8*LDA + 0.72*B88 + 0.2*HF
 correlation: 0.19*LDA(VWN) + 0.81*LYP
 iterations will be done with small grid
  
 spherical integration : Lebedev's spherical grid
 spherical gridsize    :                     3
    i.e. gridpoints    :                   302
  maximum batchsize    :                   100
 value for diffuse not defined
 radial integration    : Chebyshev 2nd kind (scaling 3)
 radial gridsize       :                     3
 integration cells     :                     9
 partition function    : becke
 partition sharpness   :                     3
  

 biggest AO integral is expected to be     7.998976882

          ------------------------
          nuclear repulsion energy  :   179.921280806    
          ------------------------


         -----------------
         -S,T+V- integrals
         -----------------

 1e-integrals will be neglected if expon. factor < 0.163822E-11
 
 Difference densities algorithm switched on.
 The maximal number of linear combinations of
 difference densities is  20.

 DIIS switched on: error vector is FDS-SDF
 Max. Iterations for DIIS is     :   4
 DIIS matrix (see manual) 
    Scaling factor of diagonals  :  1.200
    threshold for scaling factor :  0.000

 scf convergence criterion : increment of total energy < .1000000D-06
                  and increment of one-electron energy < .1000000D-03

 MOs are in ASCII format !


    mo occupation :
   irrep   mo's   occupied
    a      179       20
 
 number of basis functions   :   179
 number of occupied orbitals :    20
 

 reading orbital data $scfmo  from file mos
 orbital characterization : scfconv=7
 mo-orthogonalization by Cholesky decomposition

 automatic virtual orbital shift switched on 
      shift if e(lumo)-e(homo) < 0.10000000    

  
           ------------------------
               RI-J - INFORMATION
           ------------------------
 Contributions to RI integral batches: 
  neglected integral batches:                   142
  direct contribution:                            0
  memory contribution:                  2414
 Memory core needed for (P|Q) and Cholesky      1 MByte
 Memory core minimum needed except of (P|Q)     1 MByte
 Total minimum memory core needed (sum)         1 MByte
  
 ****************************************
 Memory allocated for RI-J    55 MByte
 ****************************************
                                            

 DSCF restart information will be dumped onto file mos


 Starting SCF iterations

          Overall gridpoints after grid construction =         12361

 ITERATION  ENERGY          1e-ENERGY        2e-ENERGY     NORM[dD(SAO)]  TOL
   1  -304.29884177108    -772.69982918     288.47970661    0.000D+00 0.163D-10
                            Exc = -30.7190498250     Coul =  326.494970905    
                            exK = -7.29621447365    
                              N = 40.000194458    
                          Ediel =-0.136002064324E-01
                            current damping = 0.300
 
          max. resid. norm for Fia-block=  9.693D-03 for orbital     17a         
          max. resid. fock norm         =  2.304D-02 for orbital     40a         

 ITERATION  ENERGY          1e-ENERGY        2e-ENERGY     NORM[dD(SAO)]  TOL
   2  -304.30016190238    -772.80871362     288.58727092    0.111D+00 0.104D-10
                            Exc = -30.7324039934      Eck =  319.319674909    
                              N = 40.000193199    
                          Ediel =-0.165392364363E-01
                            current damping = 0.250
 
          Norm of current diis error: 0.62086E-01
          max. resid. norm for Fia-block=  5.317D-03 for orbital     12a         
          max. resid. fock norm         =  7.259D-03 for orbital    178a         

 ITERATION  ENERGY          1e-ENERGY        2e-ENERGY     NORM[dD(SAO)]  TOL
   3  -304.30035101424    -772.71357155     288.49193973    0.275D-01 0.856D-11
                            Exc = -30.7169209213      Eck =  319.208860650    
                              N = 40.000198183    
                          Ediel =-0.166147004740E-01
                            current damping = 0.200
 
          Norm of current diis error: 0.42624E-01
          max. resid. norm for Fia-block=  2.303D-03 for orbital     18a         
          max. resid. fock norm         =  4.615D-03 for orbital    178a         

 ITERATION  ENERGY          1e-ENERGY        2e-ENERGY     NORM[dD(SAO)]  TOL
   4  -304.30045328237    -772.73193877     288.51020468    0.675D-02 0.794D-11
                            Exc = -30.7207527101      Eck =  319.230957394    
                              N = 40.000196901    
                          Ediel =-0.169980134896E-01
                            current damping = 0.250
 
          Norm of current diis error: 0.89790E-02
          max. resid. norm for Fia-block=  6.671D-04 for orbital     17a         
          max. resid. fock norm         =  1.920D-03 for orbital    179a         

 ITERATION  ENERGY          1e-ENERGY        2e-ENERGY     NORM[dD(SAO)]  TOL
   5  -304.30045656048    -772.75147152     288.52973416    0.338D-02 0.754D-11
                            Exc = -30.7229037654      Eck =  319.252637921    
                              N = 40.000197268    
                          Ediel =-0.170665087398E-01
                            current damping = 0.100
 
          Norm of current diis error: 0.58238E-02
          max. resid. norm for Fia-block=  2.816D-04 for orbital     18a         
          max. resid. fock norm         =  7.811D-04 for orbital    179a         
          mo-orthogonalization: Cholesky decomposition

 ITERATION  ENERGY          1e-ENERGY        2e-ENERGY     NORM[dD(SAO)]  TOL
   6  -304.30045846917    -772.74425834     288.52251907    0.743D-03 0.726D-11
                            Exc = -30.7219871977      Eck =  319.244506267    
                              N = 40.000197161    
                          Ediel =-0.170928860383E-01
                            current damping = 0.150
 
          Norm of current diis error: 0.13349E-02
          max. resid. norm for Fia-block=  6.921D-05 for orbital     14a         
          max. resid. fock norm         =  1.351D-04 for orbital    178a         

 ITERATION  ENERGY          1e-ENERGY        2e-ENERGY     NORM[dD(SAO)]  TOL
   7  -304.30045855400    -772.74350955     288.52177019    0.257D-03 0.706D-11
                            Exc = -30.7219740654      Eck =  319.243744257    
                              N = 40.000197214    
                          Ediel =-0.170935553054E-01
                            current damping = 0.100
 
          Norm of current diis error: 0.50436E-03
          max. resid. norm for Fia-block=  2.583D-05 for orbital     14a         
          max. resid. fock norm         =  3.959D-05 for orbital     31a         

 ITERATION  ENERGY          1e-ENERGY        2e-ENERGY     NORM[dD(SAO)]  TOL
   8  -304.30045856822    -772.74428911     288.52254973    0.666D-04 0.692D-11
                            Exc = -30.7220227374      Eck =  319.244572472    
                              N = 40.000197216    
                          Ediel =-0.170967239995E-01
                            current damping = 0.150
 
          Norm of current diis error: 0.13014E-03
          max. resid. norm for Fia-block=  6.789D-06 for orbital     10a         
          max. resid. fock norm         =  1.449D-05 for orbital    177a         

 ENERGY CONVERGED !

          Overall gridpoints after grid construction =         45588

 ITERATION  ENERGY          1e-ENERGY        2e-ENERGY     NORM[dD(SAO)]  TOL
   9  -304.30043247218    -772.74429711     288.52258383    0.175D-04 0.680D-11
                            Exc = -30.7220050925      Eck =  319.244588926    
                              N = 40.000021248    
                          Ediel =-0.170973045750E-01
                            current damping = 0.100
 
          Norm of current diis error: 0.51660E-04
          max. resid. norm for Fia-block=  2.588D-06 for orbital     12a         
          max. resid. fock norm         =  6.064D-06 for orbital    177a         

 End of SCF iterations

   convergence criteria satisfied after     9 iterations


                  ------------------------------------------ 
                 |  total energy      =   -304.30043247218  |
                  ------------------------------------------ 
                 :  kinetic energy    =    303.10037608220  :
                 :  potential energy  =   -607.40080855438  :
                 :  virial theorem    =      1.99605634346  :
                 :  wavefunction norm =      1.00000000000  :
                  .......................................... 


 <geterg> : there is no data group $energy 


 <skperg> : $end is missing 


 orbitals $scfmo  will be written to file mos

    irrep                 16a         17a         18a         19a         20a   
 eigenvalues H         -0.42619    -0.36713    -0.34533    -0.30889    -0.29190
            eV         -11.5973     -9.9901     -9.3971     -8.4054     -7.9432
 occupation              2.0000      2.0000      2.0000      2.0000      2.0000

    irrep                 21a         22a         23a         24a         25a   
 eigenvalues H         -0.00880     0.04267     0.05969     0.08403     0.12673
            eV          -0.2396      1.1612      1.6244      2.2866      3.4485
 
 ==============================================================================
                                  COSMO RESULTS
 ==============================================================================
  PARAMETER:
    nppa:      1082
    nspa:        92
    nsph:        32
    nps:        386
    npspher:    209
    disex:   10.0000    
    disex2:  4027.46    
    rsolv [A]: 1.3000
    routf:     0.8500
    phsran:    0.0    
    ampran:   0.10E-04
    cavity:  closed
    solvent: not set
    source:  Custom values, not taken from cosmosolvent list!                                                                        
    epsilon: infinity
    refind:      1.300 ( 25.0 C)
    fepsi:       1.0000000
  CAVITY VOLUME/AREA [a.u.]:
    surface: V1.0, A matrix: V1.0
    area:   358.68
    volume:   563.37
  SCREENING CHARGE:
    cosmo      :  -0.018363
    correction :   0.017850
    total      :  -0.000512
  ENERGIES [a.u.]:
    Total energy            =      -304.3004324721781
    Total energy + OC corr. =      -304.3008322564
    Dielectric energy       =        -0.0170973046
    Diel. energy + OC corr. =        -0.0174970888
  ELEMENT RADIUS [A]: ATOM LIST
    c  2.00: 1,2
    o  1.72: 3-5
    h  1.30: 6-9
 ==============================================================================
 
 
 
 ==============================================================================
                           electrostatic moments
 ==============================================================================

 reference point for electrostatic moments:    0.00000   0.00000   0.00000

 
              nuc           elec       ->  total
 ------------------------------------------------------------------------------
                          charge      
 ------------------------------------------------------------------------------
          40.000000     -40.000000       0.000000
 
 ------------------------------------------------------------------------------
                       dipole moment  
 ------------------------------------------------------------------------------
   x       9.620614      -8.795450       0.825164
   y      10.323507     -11.065978      -0.742471
   z       7.096471      -7.460594      -0.364123
 
   | dipole moment | =     1.1682 a.u. =     2.9693 debye 
 
 ------------------------------------------------------------------------------
                     quadrupole moment
 ------------------------------------------------------------------------------
  xx     222.491616    -243.919264     -21.427649
  yy      84.355730    -107.175152     -22.819422
  zz      31.380089     -53.189331     -21.809242
  xy     -44.638060      44.170041      -0.468019
  xz      -6.024160       5.670037      -0.354123
  yz      43.499895     -44.554248      -1.054353
 
     1/3  trace=     -22.018771
     anisotropy=       2.433078
 
 ==============================================================================
 
HOMO-LUMO Separation
 HOMO         :   -0.29190476 H =     -7.94314 eV
 LUMO         :   -0.00880385 H =     -0.23957 eV
 HOMO-LUMO gap:    0.28310091 H =     +7.70357 eV
 
 ==============================================================================


    ------------------------------------------------------------------------
         total  cpu-time :  1 minutes and  3 seconds
         total wall-time :   4.34 seconds
    ------------------------------------------------------------------------

   ****  ridft : all done  ****


    2026-04-15 19:55:34.422 

 ridft ended normally
