
   OpenMP run-time library returned nthreads = 16

 force (s02r2b56) : TURBOMOLE rev. V7-8-1 compiled 26 Feb 2024 at 17:12:58
 Copyright (C) 2024 TURBOMOLE GmbH, Karlsruhe


    2026-04-15 19:55:56.053 



                             T U R B O M O L E   

                          a o f o r c e - program

                        using direct algorithms for

                       SCF level calculations of
                         * harmonic force constants
                         * hyperpolarizabilities
                         * IR and RAMAN intensities
                         * VCD intensities

                       DFT level calculations of
                         * harmonic force constants
                         * IR intensities
                                                   
       Stephan Boecker, Peter Deglmann, Filipp Furche and Marco Haeser
                          Quantum Chemistry Group
                          Universitaet  Karlsruhe
                                   Germany

 
 

          OpenMP Shared-Memory Parallelization: 16 CPUs.

            By: Erik P. Almaraz and Filipp Furche
            Copyright 2009-2011 by UCI and TURBOMOLE GmbH.

            Revised By: Christof Holzer and Yannick J. Franzke.

 
 
     References :
 
       RI-J implementation:
         Peter Deglmann, Klaus May, Filipp Furche, Reinhart Ahlrichs
                 Chem. Phys. Lett. 384:103 (2004)
 
       Efficiency, technical details:
         Peter Deglmann, Filipp Furche, Reinhart Ahlrichs
                 Chem. Phys. Lett. 362:511 (2002)
 
       Search of lowest eigenvalues by iterative diagonalization:
         Peter Deglmann, Filipp Furche
                 J. Chem. Phys. 117:9535 (2002)
 
       Vibrational circular dichroism implementation:
        Kevin Reiter, Michael Kuehn, Florian Weigend
                 J. Chem. Phys. 146:054102 (2017)  
 
 


              +--------------------------------------------------+
              | Atomic coordinate, charge and isotop information |
              +--------------------------------------------------+

                    atomic coordinates            atom    charge  isotop
          4.94993864    0.50196824    0.52169134    c      6.000     0
          2.10429135    0.20414526    0.55222781    c      6.000     0
          1.24658645   -2.34193478   -0.49691320    c      6.000     0
          2.53299180   -4.20249405   -0.43488271    o      8.000     0
         -1.09253624   -2.41738732   -1.49770679    o      8.000     0
         -2.76279941   -0.26959900   -1.28437831    c      6.000     0
         -1.39670781    2.24632730   -1.55049531    c      6.000     0
         -2.41968499    4.09206744   -2.36892582    o      8.000     0
          1.04462486    2.30658758   -0.83712181    o      8.000     0
         -4.33852715   -0.40757818    1.12601416    c      6.000     0
          5.66597509    0.40493177   -1.40687087    h      1.000     0
          5.81704148   -1.00743555    1.61662293    h      1.000     0
          5.46314152    2.32177396    1.33669017    h      1.000     0
          1.41403503    0.32230731    2.50263817    h      1.000     0
         -3.99860768   -0.42297593   -2.92161762    h      1.000     0
         -3.17377223   -0.25541452    2.82094152    h      1.000     0
         -5.71163287    1.12862108    1.13897694    h      1.000     0
         -5.34436350   -2.20391061    1.18310561    h      1.000     0
 
       center of nuclear mass  :   -0.00825417   -0.02810062   -0.62090190
       center of nuclear charge:   -0.00695167   -0.02476237   -0.54775962

              +--------------------------------------------------+
              |               basis set information              |
              +--------------------------------------------------+

              we will work with the 1s 3p 5d 7f 9g ... basis set
              ...i.e. with spherical basis functions...

   type   atoms  prim   cont   basis
   ---------------------------------------------------------------------------
    c        6     46     31   def2-TZVP   [5s3p2d1f|11s6p2d1f]
    o        4     46     31   def2-TZVP   [5s3p2d1f|11s6p2d1f]
    h        8      8      6   def2-TZVP   [3s1p|5s1p]
   ---------------------------------------------------------------------------
   total:   18    524    358
   ---------------------------------------------------------------------------

   total number of primitive shells          :   46
   total number of contracted shells         :  142
   total number of cartesian basis functions :  408
   total number of SCF-basis functions       :  358

 
             FOUND RI-J FLAG !
 

 NOTE: THIS IS A PRELIMINARY IMPLEMENTATION. THE RI APPROXIMATION IS
       PRESENTLY USED FOR CPKS CONTRIBUTIONS TO THE HESSIAN ONLY! SEE
       MANUAL FOR FURTHER DETAILS.

  
 AUXILIARY BASIS SET information:

              we will work with the 1s 3p 5d 7f 9g ... basis set
              ...i.e. with spherical basis functions...

   type   atoms  prim   cont   basis
   ---------------------------------------------------------------------------
    c        6     70     49   def2-TZVP   [6s4p3d1f1g|12s5p4d2f1g]
    o        4     70     49   def2-TZVP   [6s4p3d1f1g|12s5p4d2f1g]
    h        8     16     11   def2-TZVP   [3s1p1d|5s2p1d]
   ---------------------------------------------------------------------------
   total:   18    828    578
   ---------------------------------------------------------------------------

   total number of primitive shells          :   56
   total number of contracted shells         :  190
   total number of cartesian basis functions :  706
   total number of SCF-basis functions       :  578


 symmetry group of the molecule :   c1 

 the group has the following generators :
   c1(z)

    1 symmetry operations found

 there are 1 real representations :   a   

 maximum number of shells which are related by symmetry :  1


 determining totally symmetric integral contributions 
    - equivalent to irreducible tensor elements - 
 which can be formed within each triple of representations :

             representation triple      contributions

              a     a     a               1
  MOs are in ASCII format !

  MOs are in ASCII format !


    mo occupation :
   irrep   mo's   occupied
    a      358       38
 
 number of basis functions   :   358
 number of occupied orbitals :    38
 

 reading orbital data $scfmo  from file mos
 orbital characterization : scfconv=7
 time elapsed for calculating density matrices :   0.348 sec
 all orbitals will be included in the transformation

 number of non-frozen orbitals          :   358
 number of non-frozen occupied orbitals :    38


 Blocking parameters 
 shells:
    index      start shell   last shell  start bf    last bf    #bf 
       1             1         142             1        408    408
          size of I/O Block in Byte:               71912448
  
           ----------------------
               RI - INFORMATION
           ----------------------

 biggest AO integral is expected to be     7.998976882

 Threshold for integral neglect (rithr2):   0.61E-11
 Threshold for integral neglect (rithr1):   0.61E-11

 Contributions to RI integral batches: 
  neglected integral batches:                  1105
  direct contribution:                            0
  memory contribution:                  9048
 Core memory available (ricore)            5000 MiB
 Core memory needed for (P|Q) and Cholesky 3 MiB
 Core memory used for integrals            413 MiB
  
 ****************************************
 Memory allocated for RIDFT 415 MiB
 ****************************************
                                            
  
           ------------------
           density functional
           ------------------
 Becke-3-Parameter hybrid functional: B3-LYP
 exchange:    0.8*LDA + 0.72*B88 + 0.2*HF
 correlation: 0.19*LDA(VWN) + 0.81*LYP
 iterations will be done with small grid
  
 spherical integration : Lebedev's spherical grid
 spherical gridsize    :                     3
    i.e. gridpoints    :                   302
  maximum batchsize    :                   100
 value for diffuse not defined
 radial integration    : Chebyshev 2nd kind (scaling 3)
 radial gridsize       :                     3
 integration cells     :                    18
 partition function    : becke
 partition sharpness   :                     3
  
 
 Derivatives of quadrature weights will be included
 
 preparing DFT   numerical integration ....
          Overall gridpoints after grid construction =         89093
 Ordering of quadrature gridpoints disabled.
 
 
 
 
 OCCUPIED-OCCUPIED TENSOR SPACES :

          IRREP   tensor space dimension   number of roots

           a                1444                     48
 
 OCCUPIED-VIRTUAL TENSOR SPACES :

          IRREP   tensor space dimension   number of roots

           a               12160                     48
 
 
 
 
 CONSTRUCTING integral bounds

 setting up bound for integral derivative estimation

 increment for numerical differentiation : 0.00050000
 
 machine precision:   2.220446049250313E-016

 integral neglect threshold       :  0.10E-09
 integral storage threshold THIZE :  0.10E-04
 integral storage threshold THIME :         5

 
 
 
 PREPARING NUMERICAL INTEGRATION
 
 Remaining core memory for DFT =                  7793 MB
 
 Memory needed per atom    =                  1955 KiB
 
     i. e.                    18 atoms per loop

 Calculating ground state density on molecular grid

 Integral of ground state density: N =   75.99995928983631    


 
 
 CONSTRUCTING first deriv. of <mu|x,y,z|nu> -> Dip. deriv.
  dipole integral derivatives will be neglected if
  expon. factor <0.122549E-11
      ...terminated. cpu:       0.48       wall:       0.03
 
 
 
 
 CONSTRUCTING first deriv. of  <mu|nu>
                               <mu|h|nu>    -> RHS
              second deriv. of <mu|nu>      -> Hessian
                               <mu|h|nu>    -> Hessian
                               nucl. rep.   -> Hessian
     integrals are neglected if expon. factor <  1.225490196078431E-013
      ...terminated. cpu:       2.41       wall:       0.15



 CONSTRUCTING second deriv. of 2e energy    -> Hessian
  treating Coulomb (and exchange) contribution
  integrals will be neglected if total contribution <  0.12254902E-08
      ...terminated. cpu:     649.98       wall:      46.21
  treating exchange-correlation contribution
      ...terminated. cpu:     129.76       wall:       8.36
 
 
 
 
 CONSTRUCTING S(i,j)xi
      ...terminated. cpu:       0.24       wall:       0.02
 
 
 
 
 CONSTRUCTING <i|x,y,z|j>*S(i,j)xi          -> Dip. deriv.
      ...terminated. cpu:       0.05       wall:       0.00
 
 
 
 
 CONSTRUCTING epsilon(i)*S(i,j)xi*S(i,j)chi -> Hessian
      ...terminated. cpu:       0.03       wall:       0.00
 
 
 
 
 CONSTRUCTING G(a,i)[S(k,l)xi]              -> RHS
              G(i,j)[S(k,l)xi]*S(i,j)chi    -> Hessian
 
         Maximum core memory set to                   8000 MB
         This corresponds to                  6283 vectors in CAO basis
      ...terminated. cpu:     599.39       wall:      41.98
 
 
 
 
 CONSTRUCTING G(mu,nu)[D(kap,lam)]xi
 
          Maximum core memory set to                   8000 MB
          Atoms treated simultaneously :                    18
 max of dfo   94.1284318712206     
      ...terminated. cpu:     594.02       wall:      37.14




 CONSTRUCTING F(a,i)xi                      -> RHS
              F(i,j)xi*S(i,j)chi            -> Hessian
 
        Maximum core memory set to                  8000 MB
        This corresponds to                 10968 vectors in CAO basis
      ...terminated. cpu:       1.67       wall:       0.10
 
 
 
 
 CONSTRUCTING epsilon(i)*S(a,i)xi           -> RHS
      ...terminated. cpu:       1.74       wall:       0.11





 SOLVING CPHF equations
 
 Residuum convergence criterium   :  1.000000000000000E-005
 
 Maximum number of Davidson iterations set to                    25

 logfile cphf_a    will be constructed


  Switching to small grid for DFT
        preparing DFT   numerical integration ....
          Overall gridpoints after grid construction =         24250

 Calculating ground state density on molecular grid

 Integral of ground state density: N =   76.00183749995138    




                       Nonorthonormal Krylov Space Iteration


 total number of roots to be determined: 48


 maximum core memory set to         8000 MB,
 corresponding to     6257 vectors in CAO basis


 maximum number of simultaneously treated vectors (including degeneracy):       48


 Iteration IRREP Converged      Max. Euclidean
                 roots          residual norm

    1       a        0        7.338461662084203D-02
 
    2       a        0        8.317062144507434D-03
 
    3       a        0        8.047907560128358D-04
 
    4       a        2        6.369712939109967D-05
 
    5       a       48        9.131077783596182D-06
 

 converged!

  Switching to fine grid
        preparing numerical DFT   integration ....
          Overall gridpoints after grid construction =         89093

 Calculating ground state density on molecular grid

 Integral of ground state density: N =   75.99995928983627    



 Iteration IRREP Converged      Max. Euclidean
                 roots          residual norm

    6       a        0        9.797287420237176D-05
 

 NOTE: Residual norms are larger than 1.00D-05 due to mgrid option!

      ...terminated. cpu:    2718.11       wall:     200.58
 
 
 
 
 CONSTRUCTING <a|x,y,z|i>*U(a,i)xi          -> Dip. deriv.
      ...terminated. cpu:       0.17       wall:       0.01
 
 
 
 
 CONSTRUCTING RHS(a,i)xi*U(a,i)chi          -> Hessian
      ...terminated. cpu:       0.17       wall:       0.01
 
 
 
 

            -----------------------
            permanent dipole moment
            -----------------------

                                   x                y                z
    electronic part       :    0.2307961310     1.8854452832    42.5625459589
     nuclear   part       :   -0.5283272973    -1.8819402206   -41.6297312639
     total                :   -0.2975311662     0.0035050626     0.9328146949

 with reference to the point :   0.0000000        0.0000000        0.0000000
 (given in atomic units)
    | dipole |       :    2.4886992732  debye

   ***  dipole moment & cartesian dipole gradients written onto
        $dipole, $dipgrad,  file=<dipgrad>  ***

             -----------------------------------
             rotational and vibrational analysis
             -----------------------------------


            ==============================================================
            ATOMIC WEIGHTS (average over the natural occurance of isotops)
            ==============================================================
            ('*' denotes special isotop !)
              1     c                12.01115
              2     c                12.01115
              3     c                12.01115
              4     o                15.99940
              5     o                15.99940
              6     c                12.01115
              7     c                12.01115
              8     o                15.99940
              9     o                15.99940
             10     c                12.01115
             11     h                 1.00797
             12     h                 1.00797
             13     h                 1.00797
             14     h                 1.00797
             15     h                 1.00797
             16     h                 1.00797
             17     h                 1.00797
             18     h                 1.00797

          -------------------------------------------------
          CARTESIAN FORCE CONSTANT MATRIX (hartree/bohr**2)
         (translational & rotational space projected out)
          -------------------------------------------------

   ATOM              1 c                           2 c 
                  dx        dy        dz        dx        dy        dz
   1 c     dx  0.4748670
           dy -0.0126854 0.5901995
           dz  0.0005882-0.0028832 0.5825411
   2 c     dx -0.1889081-0.0268000 0.0172281 0.5102590
           dy -0.0135535-0.0785400-0.0015561 0.0233255 0.4255802
           dz  0.0103119-0.0014370-0.0757989-0.0371893 0.0249152 0.5131416
   3 c     dx -0.0124651-0.0309263-0.0149175-0.0890674-0.0429072-0.0025070
           dy -0.0147230-0.0013994-0.0043915-0.0227171-0.1305640-0.0217671
           dz -0.0045230 0.0015085 0.0003709-0.0037260-0.0406115-0.1022386
   4 o     dx -0.0020838-0.0012092-0.0014879 0.0072899 0.0095160-0.0035042
           dy  0.0037664 0.0006305 0.0006319 0.0249658-0.0372614-0.0066197
           dz -0.0010961-0.0009095-0.0013538 0.0026121-0.0089461 0.0214946
   5 o     dx  0.0014188-0.0048045-0.0022442-0.0236727 0.0042472-0.0202872
           dy  0.0004433-0.0046137-0.0027647-0.0257975 0.0023424-0.0127386
           dz  0.0021752-0.0046275-0.0018908-0.0288481 0.0010623 0.0048074
   6 c     dx -0.0005652 0.0022274 0.0002358 0.0036361-0.0071553 0.0018506
           dy  0.0002905-0.0017751-0.0002282-0.0066826 0.0025596-0.0032109
           dz -0.0001202 0.0002757-0.0004523 0.0009840-0.0027264 0.0013544
   7 c     dx  0.0014251-0.0035602 0.0017652-0.0286795 0.0308270-0.0173568
           dy  0.0011154-0.0046275 0.0026769 0.0322657-0.0003150 0.0046641
           dz  0.0005183-0.0004095 0.0003274-0.0179756 0.0033266-0.0177640
   8 o     dx -0.0007203 0.0034060-0.0022336 0.0004829-0.0113765 0.0047500
           dy -0.0000629-0.0009989 0.0008779-0.0040668 0.0080442-0.0020869
           dz -0.0002006 0.0016973-0.0011367-0.0010386-0.0023756 0.0078263
   9 o     dx -0.0232548 0.0411412-0.0298067-0.0766907 0.0109709-0.0186621
           dy  0.0077013-0.0028380 0.0037479-0.0021710-0.1368586 0.0479299
           dz -0.0086499 0.0082812-0.0035395-0.0117149 0.0486493-0.0872887
  10 c     dx  0.0000430-0.0000846-0.0000329-0.0008450 0.0002857-0.0001137
           dy -0.0001084 0.0004208-0.0000967 0.0010518-0.0015789 0.0014341
           dz  0.0001086 0.0001173-0.0006608 0.0015589-0.0004468 0.0017488
  11 h     dx -0.0765440 0.0040845 0.0814886-0.0157271 0.0004212 0.0338399
           dy  0.0035093-0.0479642-0.0136740-0.0007267-0.0014224 0.0046623
           dz  0.0855106-0.0127224-0.2845755-0.0002917 0.0010813 0.0003954
  12 h     dx -0.0957601 0.0809586-0.0587769-0.0099701 0.0238456-0.0175781
           dy  0.0851927-0.1931052 0.1088307-0.0007037 0.0018117-0.0021152
           dz -0.0610820 0.1070593-0.1243876 0.0002040-0.0016266-0.0020190
  13 h     dx -0.0626572-0.0545289-0.0242845-0.0119748-0.0327337-0.0139243
           dy -0.0589459-0.2570905-0.0949891 0.0005570-0.0032665-0.0003019
           dz -0.0247196-0.0951318-0.0914633-0.0008292 0.0014906-0.0009290
  14 h     dx -0.0147968 0.0028128 0.0324293-0.0756982 0.0044816 0.0796672
           dy -0.0019332 0.0014735 0.0038017 0.0063971-0.0499574-0.0340620
           dz  0.0011657-0.0008062 0.0011069 0.0798728-0.0229331-0.2629197
  15 h     dx  0.0000158-0.0000191-0.0001443 0.0005205-0.0000631 0.0003868
           dy -0.0000474 0.0002683-0.0000007 0.0014166-0.0009993 0.0007296
           dz -0.0000222 0.0000057 0.0000674 0.0001024 0.0001177-0.0001649
  16 h     dx -0.0000197-0.0000288-0.0000129-0.0009388-0.0002185 0.0002863
           dy  0.0000320-0.0000546 0.0000065-0.0003272 0.0002737-0.0000701
           dz  0.0000132-0.0000142 0.0005188-0.0004411 0.0002826-0.0007317
  17 h     dx  0.0000423-0.0001040 0.0000926-0.0002788 0.0005040-0.0002553
           dy -0.0000094 0.0000133 0.0000342-0.0000731 0.0000300 0.0000315
           dz -0.0000111 0.0001026 0.0001224 0.0000242-0.0002199-0.0000667
  18 h     dx -0.0000366 0.0001207 0.0001137 0.0002627-0.0004169 0.0002854
           dy  0.0000183 0.0000012-0.0000235 0.0000861 0.0001219 0.0000425
           dz  0.0000331-0.0001062 0.0002042-0.0005320 0.0005167-0.0008472

   ATOM              3 c                           4 o 
                  dx        dy        dz        dx        dy        dz
   3 c     dx  0.6167054
           dy -0.2511070 0.8487610
           dz  0.0975133 0.0630714 0.2813705
   4 o     dx -0.2776649 0.3029369-0.0067096 0.3477514
           dy  0.2875732-0.5716177-0.0064961-0.3648367 0.6155715
           dz -0.0105446-0.0021965-0.0789638 0.0369239-0.0042031 0.0433325
   5 o     dx -0.2090049-0.0562767-0.0801228-0.0792707 0.0551191-0.0250805
           dy -0.0191095-0.1123400-0.0324667 0.0649475 0.0023778 0.0254843
           dz -0.0698679-0.0475061-0.0866536-0.0205812 0.0206625 0.0102368
   6 c     dx -0.0388421 0.0289520-0.0042064 0.0037923-0.0036869-0.0006336
           dy  0.0280551 0.0001028 0.0191526-0.0110149 0.0085973-0.0058451
           dz -0.0047934 0.0187569-0.0075130-0.0063603-0.0014831 0.0037338
   7 c     dx  0.0301502 0.0107925 0.0151165-0.0086310-0.0059414-0.0048552
           dy  0.0105548-0.0040264 0.0034816-0.0041763 0.0032619-0.0006431
           dz  0.0039174 0.0050680 0.0060843-0.0009077-0.0029612-0.0017030
   8 o     dx -0.0089718-0.0038634-0.0047646 0.0026256 0.0021561 0.0014749
           dy -0.0065597 0.0032573-0.0017107 0.0029987-0.0031510 0.0001540
           dz -0.0007074-0.0025631-0.0016646-0.0000204 0.0018036 0.0007030
   9 o     dx -0.0166414-0.0045107-0.0056208 0.0069403 0.0027165 0.0020014
           dy  0.0203276-0.0292586 0.0284393-0.0003670-0.0105687-0.0068055
           dz -0.0041190-0.0022749 0.0013130 0.0018293 0.0001256 0.0002293
  10 c     dx  0.0029422 0.0001497 0.0052951-0.0013287 0.0010508-0.0015482
           dy -0.0063396-0.0000604-0.0065724 0.0024423-0.0018336 0.0022724
           dz  0.0009905-0.0003198 0.0018781-0.0007767 0.0010303-0.0004149
  11 h     dx  0.0006475 0.0026040 0.0012501 0.0007266-0.0008811-0.0001974
           dy -0.0012221 0.0009631 0.0011810 0.0007399-0.0002907-0.0007131
           dz  0.0004700-0.0012871 0.0006485-0.0006541 0.0006315 0.0003410
  12 h     dx -0.0013859 0.0020510-0.0006123 0.0013228-0.0012696 0.0006593
           dy  0.0001030-0.0002217-0.0002946-0.0014095-0.0015029-0.0008122
           dz -0.0015804 0.0019127 0.0000609 0.0015317-0.0006564 0.0001916
  13 h     dx -0.0059856 0.0038065 0.0013889 0.0011676-0.0004696-0.0002713
           dy  0.0012374-0.0005263 0.0007244-0.0012480 0.0003915-0.0003127
           dz  0.0009459 0.0000570 0.0011246-0.0000238 0.0001159 0.0003453
  14 h     dx  0.0055741-0.0008152-0.0105322-0.0002681-0.0012649 0.0010306
           dy  0.0134928 0.0006931-0.0288581-0.0022408-0.0036277 0.0033337
           dz  0.0061477-0.0043736-0.0134463-0.0012282-0.0016885 0.0010672
  15 h     dx  0.0033534 0.0029895 0.0002341-0.0020998 0.0006711-0.0002921
           dy -0.0033368-0.0041245-0.0000694 0.0031206-0.0009271 0.0001690
           dz  0.0014248-0.0006055 0.0007218 0.0004418-0.0001983-0.0000298
  16 h     dx -0.0001468 0.0003596-0.0004105 0.0000262-0.0002471 0.0001125
           dy  0.0005440 0.0004771-0.0002781-0.0001517-0.0001769 0.0000507
           dz -0.0006446-0.0009869-0.0009491 0.0005517-0.0000449 0.0001540
  17 h     dx  0.0020612-0.0001616 0.0011042-0.0006178 0.0004501-0.0004160
           dy -0.0004588 0.0000558-0.0001254 0.0000570-0.0000197-0.0000852
           dz -0.0023428-0.0002659-0.0026573 0.0010904-0.0007789 0.0008159
  18 h     dx -0.0012583-0.0004669-0.0006739 0.0003221 0.0001280 0.0001201
           dy  0.0000791-0.0001712-0.0000759-0.0001047 0.0001469 0.0000079
           dz  0.0006149-0.0003280 0.0005138-0.0001146 0.0001288-0.0001795

   ATOM              5 o                           6 c 
                  dx        dy        dz        dx        dy        dz
   5 o     dx  0.4526902
           dy -0.0945643 0.2980403
           dz  0.1169117 0.0494351 0.1232976
   6 c     dx -0.1019546 0.0298324-0.0082134 0.5041787
           dy  0.0408399-0.1429459-0.0170029 0.0363062 0.4344754
           dz -0.0026308-0.0236473-0.0625302 0.0993962-0.0017146 0.5283947
   7 c     dx -0.0136091 0.0342609-0.0082862-0.0990659-0.0652673 0.0012735
           dy -0.0053941-0.0289359-0.0023232-0.0361039-0.1367114-0.0031569
           dz -0.0041774-0.0047271-0.0017413 0.0071200 0.0009079-0.0908932
   8 o     dx  0.0065863-0.0048607 0.0033086 0.0121716 0.0011223-0.0030695
           dy  0.0016317-0.0117182 0.0026341 0.0146809-0.0376641 0.0224013
           dz  0.0024209 0.0049951 0.0015226-0.0101233 0.0131297 0.0146976
   9 o     dx  0.0159109-0.0013022 0.0070496-0.0360755 0.0052540-0.0147307
           dy  0.0007400 0.0082807-0.0021853-0.0277147 0.0024562-0.0057269
           dz  0.0037942 0.0018014 0.0024387-0.0059209 0.0021222 0.0179762
  10 c     dx -0.0244909 0.0112168 0.0212102-0.0968165-0.0064650 0.0383946
           dy  0.0319028-0.0066967-0.0234817-0.0173086-0.0761330 0.0213488
           dz  0.0031774-0.0047349 0.0014471 0.0383758 0.0044851-0.1560952
  11 h     dx -0.0000244-0.0000281-0.0002743 0.0001211-0.0000103 0.0002018
           dy  0.0006063-0.0001220 0.0001205-0.0001897 0.0002230-0.0000308
           dz  0.0000985 0.0003250-0.0000044-0.0000088 0.0000462-0.0000854
  12 h     dx  0.0011300-0.0003882 0.0002551-0.0003119 0.0004397-0.0000382
           dy  0.0005380 0.0000530 0.0001637-0.0000313 0.0001385 0.0000330
           dz  0.0008497-0.0004202 0.0002335-0.0000890 0.0002111-0.0000439
  13 h     dx -0.0019554-0.0018457-0.0017002 0.0009542-0.0007864 0.0000340
           dy -0.0004604 0.0001449-0.0002247 0.0003271-0.0000736 0.0000353
           dz -0.0000483 0.0002406 0.0000298 0.0001534-0.0001217 0.0000513
  14 h     dx -0.0014002-0.0002780 0.0012817 0.0001297 0.0000236-0.0003535
           dy -0.0041582-0.0010516 0.0016093 0.0008592-0.0007450-0.0001836
           dz -0.0010592-0.0008936 0.0007737-0.0003190 0.0000277-0.0007121
  15 h     dx -0.0236938 0.0080480-0.0145721-0.1386306-0.0187771-0.1279609
           dy  0.0316528-0.0057930 0.0213333-0.0224527-0.0494848-0.0248325
           dz  0.0025674 0.0010747 0.0070136-0.1330724-0.0198657-0.2210113
  16 h     dx  0.0020303-0.0010183-0.0015813 0.0120772 0.0018227 0.0179366
           dy -0.0009435 0.0000393-0.0002139 0.0024881-0.0016893 0.0016869
           dz  0.0007419 0.0002392 0.0031717-0.0167912-0.0000899-0.0245605
  17 h     dx -0.0030434 0.0002609 0.0031491-0.0125298 0.0119955-0.0020585
           dy -0.0005363 0.0014771 0.0006268-0.0016792 0.0002480-0.0005399
           dz  0.0077443-0.0010120-0.0036913 0.0153395-0.0202045 0.0022734
  18 h     dx  0.0023534 0.0001827-0.0014165-0.0122689-0.0171459 0.0038954
           dy -0.0001397 0.0014614-0.0000825 0.0006490-0.0015786-0.0004959
           dz -0.0026556-0.0001904 0.0015392 0.0169069 0.0282011-0.0045843

   ATOM              7 c                           8 o 
                  dx        dy        dz        dx        dy        dz
   7 c     dx  0.5792643
           dy -0.1434264 0.8417736
           dz  0.1466408-0.2216707 0.3345049
   8 o     dx -0.2032700 0.2265209-0.1028847 0.2530979
           dy  0.2137290-0.5635446 0.2006432-0.2801186 0.6063241
           dz -0.0979891 0.2050015-0.1616626 0.1463005-0.2419446 0.1421146
   9 o     dx -0.2367687-0.0740312-0.0348373-0.0627404 0.0550641-0.0391466
           dy -0.0348469-0.1112395 0.0145733 0.0652265 0.0030237 0.0215423
           dz -0.0488369 0.0039143-0.0657412-0.0431811 0.0187555-0.0036253
  10 c     dx -0.0116864-0.0093635 0.0183380-0.0007393 0.0014077-0.0009756
           dy -0.0126361 0.0048314 0.0280476 0.0008687-0.0031588-0.0031357
           dz  0.0058884 0.0121418-0.0015132 0.0013294-0.0031012 0.0004822
  11 h     dx -0.0004970-0.0001101-0.0002393 0.0002375-0.0000646 0.0000940
           dy  0.0006066 0.0000395 0.0001322-0.0002526 0.0000474-0.0000053
           dz -0.0002671-0.0001555 0.0000877 0.0001379-0.0000706 0.0000632
  12 h     dx  0.0021953 0.0014903 0.0004123-0.0013808 0.0004576-0.0006412
           dy -0.0002493 0.0007586-0.0002904-0.0001758-0.0001062-0.0000360
           dz  0.0005158 0.0000372 0.0007372-0.0000213-0.0000562-0.0000971
  13 h     dx -0.0007413-0.0001609-0.0001278 0.0003034 0.0000507 0.0001367
           dy -0.0001436 0.0001652 0.0000579-0.0000639 0.0001010-0.0000732
           dz -0.0002843 0.0000910-0.0001400 0.0001451-0.0000110 0.0000334
  14 h     dx  0.0032026-0.0006337-0.0015419-0.0010412 0.0010305 0.0002180
           dy -0.0072560 0.0007359 0.0005204 0.0022626-0.0015199-0.0003006
           dz  0.0061590 0.0008321 0.0005721-0.0021033 0.0009922-0.0005305
  15 h     dx -0.0129004-0.0044670-0.0160138 0.0015621 0.0023820 0.0022809
           dy -0.0187418-0.0023465-0.0241116 0.0003931 0.0010055 0.0021606
           dz  0.0004654 0.0019533 0.0028481 0.0013080-0.0000613 0.0007658
  16 h     dx  0.0014708 0.0005777-0.0006966 0.0000262 0.0000824-0.0000568
           dy  0.0009209 0.0004253 0.0007343-0.0002209-0.0003588-0.0000163
           dz -0.0024820-0.0017773-0.0000009 0.0005373 0.0005527 0.0001500
  17 h     dx -0.0018220 0.0022009-0.0008193 0.0012800-0.0012937-0.0001163
           dy -0.0002320-0.0002919-0.0000883-0.0004791-0.0000012 0.0001234
           dz  0.0011449-0.0009536 0.0011200-0.0007923 0.0005116-0.0002152
  18 h     dx -0.0000371 0.0031414 0.0032746 0.0004902-0.0013491-0.0004351
           dy  0.0011641 0.0000474 0.0002474-0.0005447 0.0004185-0.0000031
           dz  0.0013881-0.0041136-0.0051221-0.0002414 0.0015201 0.0005732

   ATOM              9 o                          10 c 
                  dx        dy        dz        dx        dy        dz
   9 o     dx  0.4316216
           dy -0.0282822 0.2885971
           dz  0.1375811-0.1131469 0.1551732
  10 c     dx  0.0003311-0.0007859-0.0024235 0.5319282
           dy -0.0035761-0.0019860-0.0045876-0.0045016 0.5821134
           dz -0.0030258-0.0010683-0.0016169 0.0572673 0.0014620 0.4965553
  11 h     dx  0.0035099-0.0007213-0.0003340-0.0000235-0.0000051 0.0001418
           dy -0.0002556 0.0001927-0.0007287 0.0000254-0.0000820 0.0000011
           dz  0.0004328-0.0005397 0.0012314-0.0000280-0.0000007-0.0000074
  12 h     dx -0.0100361-0.0005374-0.0017006 0.0000368-0.0001583-0.0000791
           dy -0.0016362 0.0006079-0.0006121 0.0000239-0.0000142 0.0000267
           dz  0.0002037-0.0002596 0.0013209 0.0000475-0.0000484 0.0000209
  13 h     dx  0.0031108-0.0001110 0.0011972-0.0000377 0.0001413-0.0000217
           dy  0.0003737 0.0009493 0.0001113-0.0000303 0.0000550-0.0000305
           dz  0.0003091-0.0001642 0.0001343-0.0000047 0.0000538 0.0000649
  14 h     dx  0.0022015 0.0049797-0.0182644-0.0004480-0.0000945-0.0003131
           dy  0.0024682-0.0077658 0.0358296-0.0001787 0.0000672-0.0002321
           dz -0.0064507 0.0114722-0.0190353 0.0000546-0.0001853-0.0008205
  15 h     dx -0.0016155-0.0029646 0.0012381 0.0119234 0.0014929 0.0173071
           dy -0.0045220-0.0037275 0.0013956 0.0008021 0.0016723 0.0024832
           dz  0.0017461 0.0004073-0.0001903-0.0137142-0.0036002-0.0256795
  16 h     dx  0.0000093 0.0001361-0.0000930-0.1361324-0.0118366-0.1235418
           dy  0.0001594-0.0000589-0.0000164-0.0126212-0.0494022-0.0159256
           dz  0.0015751 0.0005192 0.0001641-0.1216642-0.0165127-0.2204174
  17 h     dx  0.0008985-0.0003139 0.0004232-0.1652416 0.1319386 0.0011938
           dy  0.0000980 0.0001193 0.0001379 0.1339535-0.1962319-0.0006895
           dz -0.0005031 0.0001212-0.0002051-0.0005054 0.0016709-0.0482195
  18 h     dx -0.0007108-0.0002953-0.0008248-0.1094149-0.1132736 0.0004194
           dy -0.0001297 0.0000747 0.0002426-0.1148850-0.2519823 0.0048013
           dz  0.0018852 0.0011438 0.0012612 0.0004031 0.0019319-0.0467519

   ATOM             11 h                          12 h 
                  dx        dy        dz        dx        dy        dz
  11 h     dx  0.0861024
           dy -0.0030565 0.0457620
           dz -0.0933515 0.0141002 0.3059540
  12 h     dx  0.0052469-0.0092317 0.0053938 0.1039784
           dy -0.0020153 0.0018826-0.0018576-0.0918495 0.2073311
           dz -0.0135092 0.0218466-0.0148971 0.0659467-0.1180103 0.1309103
  13 h     dx  0.0025654 0.0104050 0.0032305 0.0037206 0.0118597 0.0074137
           dy  0.0006962 0.0000060 0.0002235-0.0060241-0.0182278-0.0096932
           dz -0.0082066-0.0267397-0.0104513 0.0060969 0.0151753 0.0076835
  14 h     dx -0.0062712-0.0009593-0.0006642 0.0012166 0.0003418-0.0004451
           dy -0.0008978 0.0008245 0.0002309 0.0002826 0.0005957-0.0002485
           dz -0.0005587-0.0001034 0.0012963 0.0006006-0.0001680 0.0003228
  15 h     dx  0.0000147 0.0000128 0.0000008-0.0000067 0.0000015 0.0000209
           dy  0.0000085-0.0000495 0.0000013-0.0000878-0.0000056-0.0000495
           dz -0.0000247-0.0000008 0.0000013 0.0000130-0.0000102-0.0000058
  16 h     dx -0.0000023-0.0000058-0.0000023 0.0000046 0.0000058-0.0000039
           dy -0.0000092 0.0000008-0.0000039 0.0000323 0.0000079 0.0000052
           dz -0.0001873-0.0000221 0.0000014 0.0000250-0.0000043-0.0000084
  17 h     dx -0.0000435 0.0000145-0.0000073 0.0000441 0.0000077 0.0000124
           dy -0.0000156-0.0000046-0.0000040-0.0000035-0.0000071-0.0000031
           dz -0.0000542-0.0000298-0.0000014-0.0000262-0.0000091-0.0000237
  18 h     dx -0.0000390-0.0000199 0.0000002-0.0000445-0.0000036-0.0000150
           dy  0.0000007-0.0000062 0.0000018-0.0000077 0.0000037 0.0000001
           dz -0.0000790 0.0000040 0.0000021 0.0000499-0.0000094 0.0000010

   ATOM             13 h                          14 h 
                  dx        dy        dz        dx        dy        dz
  13 h     dx  0.0698092
           dy  0.0640455 0.2770383
           dz  0.0268878 0.1041551 0.0930628
  14 h     dx  0.0017377-0.0002956-0.0004241 0.0865601
           dy  0.0002654 0.0003200 0.0007492-0.0093084 0.0594887
           dz  0.0000371 0.0003007 0.0004915-0.0827940 0.0175533 0.2905378
  15 h     dx -0.0000229-0.0000242 0.0000106-0.0000631-0.0000714-0.0000519
           dy  0.0000953 0.0000344 0.0000342 0.0000133 0.0001489-0.0000570
           dz  0.0000041 0.0000058-0.0000091 0.0000841-0.0000093 0.0000962
  16 h     dx  0.0000166 0.0000036-0.0000023-0.0008603-0.0000649 0.0002753
           dy -0.0000369-0.0000154-0.0000004-0.0000969 0.0002840 0.0000178
           dz -0.0000067-0.0000005-0.0000122 0.0004463 0.0001512 0.0007345
  17 h     dx -0.0000506-0.0000197-0.0000124 0.0001182 0.0000216 0.0001637
           dy  0.0000036 0.0000044-0.0000003 0.0000541 0.0000188 0.0000300
           dz  0.0000334 0.0000141 0.0000053 0.0000740 0.0002042 0.0001885
  18 h     dx  0.0000400 0.0000152 0.0000067 0.0001067 0.0000598 0.0000884
           dy  0.0000001-0.0000098 0.0000067 0.0000091 0.0000170-0.0000171
           dz -0.0000268-0.0000023-0.0000217 0.0001014-0.0000892 0.0002769

   ATOM             15 h                          16 h 
                  dx        dy        dz        dx        dy        dz
  15 h     dx  0.1618184
           dy  0.0111026 0.0625772
           dz  0.1351931 0.0202768 0.2363795
  16 h     dx -0.0017660-0.0000839 0.0039017 0.1454068
           dy -0.0004150 0.0010800 0.0003660 0.0137515 0.0469115
           dz  0.0039881 0.0005258-0.0030961 0.1330227 0.0169126 0.2424433
  17 h     dx  0.0007143-0.0000697 0.0000005-0.0119763 0.0128110 0.0005896
           dy  0.0000820 0.0003576-0.0003255-0.0034490 0.0029419 0.0006079
           dz -0.0008920-0.0002925 0.0007902-0.0170653 0.0203696 0.0012013
  18 h     dx  0.0008760 0.0007372-0.0004189-0.0092256-0.0159164 0.0007262
           dy  0.0000191 0.0003137 0.0004696 0.0002135-0.0006856-0.0003386
           dz -0.0007334 0.0003038 0.0015029-0.0120683-0.0236252 0.0012373

   ATOM             17 h                          18 h 
                  dx        dy        dz        dx        dy        dz
  17 h     dx  0.1778102
           dy -0.1463284 0.2099601
           dz -0.0025342 0.0004837 0.0495980
  18 h     dx  0.0126349 0.0190162-0.0007240 0.1159495
           dy -0.0119140-0.0186699 0.0002883 0.1254864 0.2704971
           dz -0.0005097-0.0002142-0.0010347-0.0044218-0.0050715 0.0514297
 

   *** projected hessian written onto $hessian (projected), file=<hessian> ***

 dipole moment in principle axis system (a.u.) :    -0.1016664602    -0.2131605196     0.9502141123
 norm :  0.9791222270    

 rotational constants b for rotations around axis of inertia
 and optical intensities for (1 <-- 0) transition

   b   :     0.0674494768     0.0412890584     0.0296045808   (cm**(-1))

   b   :  2022.0844446710  1237.8148298203   887.5230034277     (MHz)

   b   :     0.0103360691     0.0454374071     0.9029068592     (a.u.)

   x   :     0.8399227443     0.5326956675    -0.1037550457
   y   :    -0.5183179856     0.8440492123     0.1375768626
   z   :     0.1608609632    -0.0617758297     0.9850418759

   ***  normal modes written onto $vibrational normal modes, file=<vib_normal_modes>  ***

  Keyword $vibrational reduced masses missing in file <control>


   ***  vibrational spectroscopic data written onto$vibrational spectrum   
        file=<vibspectrum>  ***

          ---------------------------------------------------
          NORMAL MODES and VIBRATIONAL FREQUENCIES (cm**(-1))
          ---------------------------------------------------

 imaginary wave numbers indicate a negative curvature of the energy surface.
 zero frequency modes have no physical meaning except being generators of
 translations and rotations. each vibrational normal mode - given in terms of
 cartesian displacement vectors of all atoms - has been normalized to unity.
 to obtain mass-weigthed normal coordinates in a.u. divide the tabulated
 modes by sqrt(reduced mass * 1822.88853).
 band intensities or cross sections refer to independent non-degenerate normal
 modes, that is, the intensities of degenerate modes have yet to be added.
 dDIP/dQ is the normal mode derivative of the dipole moment.


       mode               1        2        3        4        5        6

     frequency           0.00     0.00     0.00     0.00     0.00     0.00

     symmetry                                                             

        IR                -        -        -        -        -        - 
|dDIP/dQ|   (a.u.)     0.0000   0.0000   0.0000   0.0000   0.0000   0.0000
intensity (km/mol)       0.00     0.00     0.00     0.00     0.00     0.00
intensity (  %   )       0.00     0.00     0.00     0.00     0.00     0.00
 
       RAMAN              -        -        -        -        -        - 
 
  1   c           x  -0.03738  0.17033  0.10516 -0.11338  0.05240 -0.04182
                  y  -0.17727 -0.08264 -0.10596 -0.15418 -0.02084  0.26291
                  z  -0.25080 -0.02688 -0.09012  0.13013 -0.23496 -0.13452
  2   c           x  -0.04293  0.15995  0.10292 -0.12550  0.05130 -0.03759
                  y  -0.11965  0.01770 -0.08471 -0.04331  0.00591  0.22447
                  z  -0.20588 -0.01611 -0.09235  0.08186 -0.07633 -0.11453
  3   c           x  -0.11482  0.06518  0.09300 -0.20315 -0.02723 -0.00533
                  y  -0.07312  0.05580 -0.14213 -0.03881 -0.01595  0.17248
                  z  -0.26001 -0.03110  0.05510  0.13442  0.04090 -0.01471
  4   o           x  -0.15189 -0.00029  0.07986 -0.27633 -0.04088  0.02075
                  y  -0.10126  0.00988 -0.14716 -0.08686 -0.02589  0.19275
                  z  -0.33529 -0.05079  0.17643  0.21076  0.02559  0.05244
  5   o           x  -0.13506  0.05795  0.09958 -0.18623 -0.08075 -0.00732
                  y   0.00250  0.14590 -0.18653  0.02430 -0.02296  0.10171
                  z  -0.21842 -0.02099  0.04305  0.09012  0.16651 -0.00474
  6   c           x  -0.08695  0.13483  0.11272 -0.10741 -0.04995 -0.03656
                  y   0.03094  0.20334 -0.16227  0.09471 -0.00174  0.08661
                  z  -0.12807  0.00259 -0.09832 -0.00167  0.19397 -0.08169
  7   c           x  -0.04023  0.22252  0.13177 -0.00485 -0.04112 -0.07238
                  y   0.01021  0.15704 -0.18763  0.03462 -0.02168  0.09546
                  z  -0.08425  0.01504 -0.24035 -0.04333  0.05075 -0.18189
  8   o           x  -0.01759  0.28402  0.15017  0.08274 -0.06754 -0.10055
                  y   0.05377  0.19927 -0.23001  0.05181 -0.03551  0.04997
                  z  -0.01430  0.03342 -0.35891 -0.11404  0.05258 -0.24927
  9   o           x  -0.02568  0.22791  0.12712 -0.01666 -0.00292 -0.07106
                  y  -0.05960  0.06547 -0.16127 -0.04029 -0.02372  0.15667
                  z  -0.12817  0.00435 -0.22666  0.00341 -0.07982 -0.19160
 10   c           x  -0.04479  0.14095  0.09467 -0.16053  0.07603 -0.02733
                  y  -0.00310  0.24113 -0.00616  0.22150  0.08072  0.15672
                  z  -0.10245  0.00875 -0.10119 -0.02914  0.28105 -0.07164
 11   h           x  -0.07538  0.15810  0.11819 -0.07890 -0.05029 -0.04632
                  y  -0.13884 -0.09362 -0.22715 -0.23456 -0.08186  0.19923
                  z  -0.26684 -0.03087 -0.07918  0.14698 -0.27002 -0.13299
 12   h           x  -0.04795  0.12199  0.08710 -0.19345  0.09647 -0.01750
                  y  -0.22525 -0.12142 -0.04585 -0.15779  0.00222  0.31678
                  z  -0.30857 -0.04205  0.00706  0.18856 -0.23807 -0.07952
 13   h           x   0.01522  0.23837  0.11179 -0.05917  0.11197 -0.06468
                  y  -0.21027 -0.10683 -0.06032 -0.15176 -0.00247  0.30117
                  z  -0.21024 -0.01570 -0.19622  0.09059 -0.31349 -0.20557
 14   h           x  -0.00409  0.17303  0.08988 -0.15959  0.15533 -0.03332
                  y  -0.15920  0.02760  0.03761  0.03667  0.06731  0.28934
                  z  -0.18974 -0.01208 -0.10438  0.06495 -0.04324 -0.11695
 15   h           x  -0.12067  0.12193  0.12329 -0.08089 -0.13777 -0.03939
                  y   0.10144  0.25918 -0.25257  0.09776 -0.03677  0.00690
                  z  -0.10922  0.00709 -0.09785 -0.02198  0.26354 -0.07208
 16   h           x  -0.01002  0.15406  0.08368 -0.18824  0.16688 -0.02431
                  y  -0.07372  0.18737  0.08810  0.22277  0.11803  0.23765
                  z  -0.12000  0.00457 -0.10210 -0.01021  0.21527 -0.08098
 17   h           x  -0.01299  0.19530  0.10506 -0.10138  0.09068 -0.04867
                  y   0.02476  0.28955  0.00398  0.27495  0.09358  0.13811
                  z  -0.03449  0.02643 -0.20357 -0.09833  0.31011 -0.12614
 18   h           x  -0.08063  0.07773  0.08201 -0.23112  0.06270 -0.00216
                  y   0.01599  0.27625  0.00414  0.26195  0.09148  0.14490
                  z  -0.13317  0.00000  0.00000  0.00000  0.38492  0.00000

reduced mass(g/mol)     7.696    7.203    9.994    6.568    4.070    6.934


       mode               7        8        9       10       11       12

     frequency          59.41   105.63   114.22   213.32   223.22   243.12

     symmetry            a        a        a        a        a        a   

        IR               YES      YES      YES      YES      YES      YES
|dDIP/dQ|   (a.u.)     0.0021   0.0005   0.0004   0.0007   0.0005   0.0014
intensity (km/mol)       8.01     0.51     0.32     0.85     0.48     3.44
intensity (  %   )       1.21     0.08     0.05     0.13     0.07     0.52
 
       RAMAN             YES      YES      YES      YES      YES      YES
 
  1   c           x   0.07733 -0.05259 -0.03042 -0.00213  0.00798 -0.03623
                  y  -0.00779 -0.01381 -0.00764  0.03446  0.01170  0.03407
                  z  -0.25936  0.00838  0.21933  0.01996  0.00120 -0.00538
  2   c           x   0.07129 -0.05706 -0.03134  0.00359  0.00745 -0.02688
                  y   0.02361  0.00503  0.04057 -0.00578  0.01465 -0.03547
                  z  -0.04454  0.01245 -0.09643 -0.02127 -0.00584  0.00354
  3   c           x  -0.00294 -0.05692  0.00353  0.00964 -0.00273  0.01017
                  y  -0.00349  0.00659 -0.00367 -0.01482  0.01189 -0.04412
                  z   0.08341 -0.00507 -0.00860 -0.01074  0.00328 -0.01645
  4   o           x  -0.07599 -0.12999 -0.01191 -0.00990 -0.00446  0.03353
                  y  -0.04841 -0.03707 -0.01069 -0.02756  0.01110 -0.02752
                  z   0.28434  0.17610  0.05770  0.02123  0.00220  0.01984
  5   o           x   0.05505  0.05414  0.01175  0.00183 -0.01086  0.01636
                  y   0.01562  0.08362  0.00256 -0.01388  0.00715 -0.07284
                  z  -0.04646 -0.27544 -0.03955  0.00596  0.01799 -0.03939
  6   c           x   0.02974  0.00645  0.01533  0.00718 -0.00699  0.03950
                  y  -0.00183  0.01893  0.00112 -0.00657  0.00810 -0.04616
                  z  -0.09611 -0.01044  0.00672 -0.01127  0.03086 -0.09792
  7   c           x  -0.00320 -0.02310 -0.00203 -0.00147  0.00863 -0.01021
                  y   0.03026  0.02977  0.01637 -0.00596  0.00497 -0.03784
                  z   0.05914 -0.03343 -0.01978 -0.01094  0.01124 -0.03485
  8   o           x  -0.04978  0.00569 -0.10404 -0.01815  0.01941 -0.08515
                  y   0.06803  0.01826  0.07094  0.00009 -0.00973 -0.02166
                  z   0.20079 -0.09409  0.23490  0.02389 -0.03543  0.09340
  9   o           x   0.00904 -0.04331  0.11774  0.00228  0.01701 -0.05141
                  y   0.02371  0.03350 -0.08180 -0.00804  0.00492  0.00455
                  z   0.00794  0.04597 -0.40019 -0.02403 -0.02315  0.07478
 10   c           x  -0.10418  0.27809  0.04240  0.01378 -0.03525  0.11382
                  y  -0.09421 -0.13327 -0.02634  0.04301 -0.05814  0.20920
                  z  -0.19006  0.15999  0.02401 -0.00365  0.00818 -0.03728
 11   h           x  -0.07426 -0.06184  0.22272 -0.04987 -0.00665 -0.02028
                  y  -0.04412  0.03059 -0.22565  0.60301  0.14116 -0.07544
                  z  -0.31428  0.00239  0.32469 -0.02773 -0.01105  0.00628
 12   h           x   0.14312 -0.06165 -0.19692  0.02550  0.00985  0.00991
                  y   0.00056 -0.04740  0.09106 -0.27971 -0.06510  0.14247
                  z  -0.30128 -0.03120  0.48910 -0.43595 -0.10654  0.10726
 13   h           x   0.15664 -0.03631 -0.10206  0.01157  0.01997 -0.10524
                  y   0.00125 -0.03706  0.06569 -0.19652 -0.04413  0.10916
                  z  -0.33021  0.04963  0.10127  0.52659  0.11834 -0.12923
 14   h           x   0.21174 -0.04145 -0.24255 -0.02035  0.00143 -0.01580
                  y   0.06623 -0.01443  0.21601 -0.02635  0.02522 -0.08490
                  z   0.00313  0.01746 -0.18178 -0.02772 -0.00838  0.01014
 15   h           x   0.12598 -0.15433 -0.01219  0.00312  0.00570  0.01233
                  y   0.02962  0.06199  0.01031 -0.02146  0.04063 -0.07923
                  z  -0.17277  0.11016  0.02494 -0.00666  0.01739 -0.07209
 16   h           x  -0.18944  0.45772  0.06252  0.00937  0.01623  0.24018
                  y  -0.14230 -0.18836 -0.08256  0.14969 -0.62913 -0.03351
                  z  -0.12586  0.04039  0.01479 -0.01010  0.02377 -0.10202
 17   h           x  -0.11531  0.23863  0.06791 -0.02575  0.30311  0.44963
                  y  -0.10463 -0.16993 -0.00452  0.00805  0.24293  0.50916
                  z  -0.21179  0.39588  0.07235 -0.06957  0.29130  0.03536
 18   h           x  -0.09024  0.32982  0.01583  0.06170 -0.43533 -0.26942
                  y  -0.10532 -0.16175 -0.01196  0.01876  0.15644  0.42744
                  z  -0.30326  0.18443 -0.00216  0.07337 -0.29826  0.02931

reduced mass(g/mol)     4.887    4.717    5.578    1.109    1.129    2.410


       mode              13       14       15       16       17       18

     frequency         279.93   353.23   382.44   438.40   453.49   474.04

     symmetry            a        a        a        a        a        a   

        IR               YES      YES      YES      YES      YES      YES
|dDIP/dQ|   (a.u.)     0.0010   0.0025   0.0024   0.0021   0.0010   0.0010
intensity (km/mol)       1.77    11.32    10.45     8.05     1.61     1.68
intensity (  %   )       0.27     1.71     1.58     1.22     0.24     0.25
 
       RAMAN             YES      YES      YES      YES      YES      YES
 
  1   c           x  -0.00075 -0.21174 -0.03490 -0.09734 -0.09351  0.23603
                  y   0.29826  0.01538  0.00810 -0.02695  0.10441  0.02017
                  z   0.00460 -0.12780  0.02594 -0.01348 -0.04693  0.06027
  2   c           x   0.03600 -0.17411 -0.02437 -0.06892 -0.06760  0.14354
                  y  -0.06811 -0.02463  0.02164 -0.06332  0.08585  0.03018
                  z  -0.02704  0.15773 -0.14158 -0.24866  0.09449 -0.06024
  3   c           x   0.01550 -0.05902 -0.05401  0.02373 -0.20763 -0.07394
                  y  -0.07485 -0.01217 -0.03243 -0.03805  0.09240  0.15953
                  z  -0.03255  0.13569 -0.07514 -0.24123 -0.00620 -0.04618
  4   o           x  -0.09505  0.15529 -0.04474  0.19391 -0.14743 -0.04409
                  y  -0.15048  0.13233 -0.02643  0.09102  0.15954  0.20792
                  z  -0.01604 -0.01953  0.01441  0.20847 -0.04434  0.04947
  5   o           x  -0.01791 -0.01970 -0.16510 -0.05087 -0.14391 -0.13668
                  y   0.01008 -0.06637 -0.19423 -0.16400 -0.09414 -0.02187
                  z   0.00000  0.02906  0.26112 -0.14492 -0.12370 -0.02197
  6   c           x  -0.02137 -0.02969  0.06476 -0.02180  0.11314 -0.20888
                  y   0.01420 -0.02101  0.01953 -0.02607 -0.03506 -0.09671
                  z   0.02117 -0.06275 -0.11199  0.13977  0.03557 -0.15003
  7   c           x   0.01294  0.00938  0.06226  0.03525  0.27092 -0.05646
                  y  -0.00618  0.00160  0.09464  0.03357 -0.14881 -0.15975
                  z   0.01895 -0.04763 -0.06601  0.07930  0.10506 -0.05010
  8   o           x   0.11070  0.20855  0.00041  0.13728  0.01761  0.13795
                  y   0.04211  0.16343  0.09966  0.05178 -0.32405 -0.00908
                  z   0.00534  0.06925  0.00946 -0.00484  0.09295  0.07932
  9   o           x   0.00249 -0.01757  0.01277  0.00643  0.26716 -0.06333
                  y  -0.08258 -0.16856  0.19012  0.08178  0.11098 -0.12967
                  z   0.00458 -0.07732  0.06426  0.04711 -0.00977  0.04363
 10   c           x  -0.03021  0.07424  0.18633 -0.15391  0.02448  0.01103
                  y  -0.01578 -0.04193 -0.13747  0.03616  0.00989 -0.01069
                  z   0.01640 -0.00688 -0.08309  0.11568 -0.03020  0.00172
 11   h           x   0.05294 -0.54244  0.13501  0.11801 -0.29806  0.43987
                  y   0.30410  0.11216 -0.00803 -0.00167  0.18248  0.05717
                  z   0.02447 -0.25607  0.08966  0.06434 -0.12733  0.13566
 12   h           x   0.25030  0.01939 -0.12440 -0.16731  0.13998  0.11569
                  y   0.54213  0.00536  0.02312  0.01309  0.18414  0.00546
                  z   0.14383 -0.33313  0.11722  0.08913 -0.13252  0.13807
 13   h           x  -0.34421 -0.14893 -0.10272 -0.24654 -0.16316  0.15816
                  y   0.45393  0.01680  0.01341 -0.00694  0.16269 -0.00248
                  z  -0.12250 -0.17330  0.05831  0.03727 -0.12739  0.16816
 14   h           x   0.01642 -0.15819 -0.05463 -0.13165 -0.09264  0.27056
                  y  -0.13567  0.13888 -0.09049 -0.31583  0.18209 -0.03807
                  z  -0.02697  0.15006 -0.14296 -0.24686  0.07913 -0.00293
 15   h           x  -0.02195 -0.03527  0.10929 -0.06726  0.09370 -0.24572
                  y   0.02246 -0.07763  0.01535  0.08598  0.29374 -0.11693
                  z   0.01995 -0.05355 -0.14578  0.16795  0.02165 -0.12319
 16   h           x  -0.04288  0.17690  0.34214 -0.33337 -0.09862  0.28091
                  y  -0.01017 -0.06418 -0.22150  0.12683  0.10742  0.02372
                  z   0.02458 -0.07609 -0.18204  0.22913  0.04662 -0.18566
 17   h           x  -0.05181  0.06161  0.04952 -0.12526 -0.03067  0.03720
                  y  -0.03453 -0.05485 -0.26864  0.06952 -0.04084  0.00970
                  z   0.01724  0.11381  0.20491 -0.12591 -0.18366  0.17972
 18   h           x  -0.00700  0.10169  0.38341 -0.22621  0.07944  0.01678
                  y  -0.02938 -0.05586 -0.25056  0.07621 -0.02268 -0.00697
                  z  -0.00184  0.02873 -0.15829  0.11467 -0.03833  0.21643

reduced mass(g/mol)     2.969    5.063    5.207    5.860    7.780    5.212


       mode              19       20       21       22       23       24

     frequency         600.87   636.32   729.20   764.01   780.76   823.33

     symmetry            a        a        a        a        a        a   

        IR               YES      YES      YES      YES      YES      YES
|dDIP/dQ|   (a.u.)     0.0007   0.0018   0.0022   0.0018   0.0015   0.0021
intensity (km/mol)       0.91     6.07     8.62     6.02     3.89     8.16
intensity (  %   )       0.14     0.92     1.30     0.91     0.59     1.23
 
       RAMAN             YES      YES      YES      YES      YES      YES
 
  1   c           x  -0.01976 -0.25183 -0.02637 -0.05737 -0.04706  0.06189
                  y  -0.02466 -0.04085 -0.02476  0.01456  0.01782  0.06312
                  z  -0.00670 -0.04002  0.00785  0.00665 -0.04813  0.02515
  2   c           x   0.01635 -0.08633  0.00850 -0.00512 -0.00668 -0.02971
                  y  -0.24326  0.05923 -0.09103  0.08747  0.05351  0.15965
                  z  -0.02597 -0.17792  0.05979  0.03033 -0.19550  0.09509
  3   c           x  -0.01562  0.17798  0.05365  0.10204 -0.10527  0.07258
                  y  -0.00011  0.22214  0.04274 -0.07306 -0.12803 -0.01640
                  z  -0.08292 -0.19505 -0.06465 -0.02268  0.24260 -0.13715
  4   o           x   0.12685 -0.16571 -0.00569  0.09486  0.09040  0.02077
                  y   0.10015  0.00696  0.00285 -0.12189 -0.02238 -0.05983
                  z   0.10001  0.02860  0.02621  0.01875 -0.05098  0.03218
  5   o           x  -0.08782  0.15577  0.02674 -0.01674 -0.00868 -0.08332
                  y   0.14818  0.21814  0.07424  0.05027  0.08763 -0.07073
                  z   0.06511  0.19759  0.02643 -0.00117 -0.03851 -0.02608
  6   c           x  -0.01257  0.07006 -0.02871 -0.23132  0.02460  0.05236
                  y   0.25705 -0.06738  0.01459  0.05290  0.10269  0.14543
                  z  -0.03068  0.00615 -0.02743 -0.14581  0.02500  0.05395
  7   c           x   0.03508 -0.00571  0.17015  0.02158  0.05469  0.00055
                  y   0.03627 -0.17230 -0.10161 -0.03766 -0.11169 -0.06706
                  z   0.06926  0.05858 -0.49661  0.07367 -0.07166 -0.03826
  8   o           x  -0.14911  0.16115 -0.07579  0.03823  0.06517  0.02659
                  y  -0.10922 -0.11625  0.03822 -0.08247 -0.07257 -0.02989
                  z  -0.04451  0.07730  0.11519  0.01954  0.06706  0.03166
  9   o           x   0.04126 -0.08208  0.07471  0.07974 -0.09956 -0.11346
                  y  -0.17526 -0.06410  0.05834  0.10923  0.02874 -0.07593
                  z   0.01435  0.02567  0.08376 -0.01660  0.04101 -0.00636
 10   c           x   0.06474  0.05800 -0.12383 -0.09200  0.00961  0.04411
                  y   0.02647 -0.00258 -0.01125  0.01750  0.03094  0.05597
                  z  -0.07630 -0.05442  0.15928  0.02696 -0.00560 -0.01663
 11   h           x  -0.01152 -0.15359 -0.20120 -0.19414  0.45444 -0.15450
                  y   0.11601 -0.15092  0.03127 -0.08619  0.04084 -0.18968
                  z  -0.01021  0.00057 -0.06098 -0.04135  0.14050 -0.04561
 12   h           x   0.20756 -0.46528  0.18996 -0.09952 -0.40225 -0.12921
                  y   0.11689 -0.12482  0.05387 -0.05712 -0.04248 -0.13181
                  z   0.00061  0.00991 -0.06012 -0.05832  0.15721 -0.08376
 13   h           x  -0.31093 -0.12759 -0.10032  0.15498 -0.16951  0.55563
                  y   0.06060 -0.08693  0.03689 -0.01590 -0.06474 -0.03417
                  z  -0.01105 -0.02690 -0.08440 -0.06475  0.21752 -0.07685
 14   h           x  -0.00476 -0.20999 -0.10663 -0.11643  0.26580 -0.14493
                  y  -0.36292 -0.24861 -0.19708  0.09274  0.25071  0.09934
                  z  -0.02375 -0.19070  0.02633 -0.01229 -0.10566  0.05670
 15   h           x   0.05559  0.13000 -0.23720 -0.05787 -0.02536 -0.06934
                  y   0.35025 -0.16336 -0.25169  0.09345  0.11278  0.23408
                  z  -0.08956 -0.03468  0.15182 -0.28269  0.06292  0.13999
 16   h           x   0.15705  0.05785 -0.23924  0.40001 -0.06938 -0.16503
                  y  -0.10811  0.00872 -0.17896  0.01494 -0.09621 -0.13492
                  z  -0.12735 -0.05570  0.24869 -0.30786  0.05867  0.13977
 17   h           x  -0.08874  0.11560 -0.24274 -0.12075 -0.10578 -0.12931
                  y  -0.11904  0.04731 -0.12159 -0.01587 -0.07723 -0.10248
                  z   0.20711 -0.11445  0.23231  0.49062  0.07019  0.01545
 18   h           x   0.27504  0.00632 -0.01583  0.04568  0.13607  0.20412
                  y  -0.09659  0.02916 -0.08768 -0.04937 -0.04958 -0.04842
                  z  -0.26116 -0.01425 -0.13618  0.31898 -0.26125 -0.43148

reduced mass(g/mol)     4.778    7.001    5.528    3.172    3.536    2.762


       mode              25       26       27       28       29       30

     frequency         932.77   987.67  1025.39  1070.68  1096.61  1123.86

     symmetry            a        a        a        a        a        a   

        IR               YES      YES      YES      YES      YES      YES
|dDIP/dQ|   (a.u.)     0.0041   0.0018   0.0026   0.0062   0.0047   0.0052
intensity (km/mol)      30.05     5.80    12.20    67.55    39.05    48.34
intensity (  %   )       4.54     0.88     1.85    10.22     5.90     7.31
 
       RAMAN             YES      YES      YES      YES      YES      YES
 
  1   c           x  -0.07694 -0.09834  0.08429  0.03604  0.02313 -0.06313
                  y   0.03705  0.07617  0.07549  0.04559  0.02080  0.13703
                  z  -0.05427 -0.04857  0.02755  0.07088  0.01283  0.01228
  2   c           x   0.03149  0.06571 -0.09556 -0.06418 -0.02026  0.14360
                  y   0.05659  0.07165  0.00207  0.02517 -0.04951 -0.18581
                  z  -0.02396  0.02071 -0.05595 -0.16900 -0.02343  0.05426
  3   c           x   0.03473  0.02468 -0.08662 -0.00227 -0.02711 -0.08180
                  y   0.08031 -0.02133 -0.06263  0.01165  0.03541 -0.02524
                  z   0.02148 -0.02764 -0.00896  0.11689  0.01698 -0.00216
  4   o           x  -0.07940  0.03783  0.02454 -0.01479 -0.05277 -0.01129
                  y   0.02910 -0.02878  0.01103  0.01520  0.02702  0.04750
                  z  -0.02486  0.01446  0.00428 -0.02462 -0.01724  0.00252
  5   o           x   0.10046 -0.08976 -0.02709  0.04251  0.16504  0.02791
                  y  -0.15851  0.05235  0.08037 -0.02089 -0.12739  0.00356
                  z  -0.02226 -0.00020  0.02003 -0.01040 -0.00308 -0.00289
  6   c           x   0.06627 -0.08128  0.12186 -0.08271 -0.20799  0.00918
                  y   0.07064 -0.05144 -0.01953 -0.03321  0.17329 -0.03437
                  z  -0.09188  0.04124 -0.04174 -0.00879  0.27372  0.00489
  7   c           x   0.06306  0.03511  0.08443 -0.03034  0.12197 -0.01057
                  y   0.08003  0.05278  0.03145  0.03040  0.00010 -0.01455
                  z   0.01598 -0.04223 -0.02487  0.03085 -0.09607  0.02561
  8   o           x  -0.06600 -0.06117 -0.01437 -0.02581 -0.00956  0.02487
                  y   0.01548  0.03204 -0.00221  0.00817 -0.01234 -0.00248
                  z  -0.03051 -0.01829  0.00189 -0.01802  0.02814  0.00384
  9   o           x   0.03300  0.12149 -0.03980  0.11014 -0.05804 -0.03682
                  y  -0.15042 -0.08939 -0.04958 -0.05778  0.00572  0.08929
                  z   0.05599  0.06913  0.02269  0.07745  0.00397 -0.07322
 10   c           x  -0.12163  0.06596 -0.06663  0.04039  0.00358 -0.00530
                  y   0.04973 -0.07748 -0.08815  0.06293 -0.07501  0.04785
                  z   0.10245 -0.04738  0.04836 -0.01109 -0.18018 -0.00303
 11   h           x   0.22721  0.13206 -0.06561 -0.32105 -0.03520 -0.13990
                  y  -0.05382 -0.13640 -0.14116 -0.11252 -0.05311 -0.33468
                  z   0.06858  0.05250 -0.02357 -0.06489 -0.00676  0.00980
 12   h           x  -0.44169 -0.55780 -0.04105  0.10060  0.00504 -0.47653
                  y  -0.06960 -0.11766 -0.09390 -0.08357 -0.03192 -0.19665
                  z   0.09459  0.06013 -0.10122 -0.16770 -0.04402 -0.09666
 13   h           x  -0.03088  0.15516  0.46444  0.36189  0.11490  0.48619
                  y  -0.06201 -0.07521  0.00512  0.05693  0.00765 -0.05399
                  z   0.13411  0.12047 -0.06435 -0.17440 -0.02060  0.05808
 14   h           x   0.26992  0.27655 -0.29617 -0.38955 -0.11116  0.09280
                  y   0.04242  0.01543 -0.07536 -0.23507 -0.02595 -0.33796
                  z   0.06697  0.10628 -0.11940 -0.25284 -0.06054  0.04291
 15   h           x   0.25697 -0.24324  0.32295 -0.23133  0.04425  0.03377
                  y   0.09773 -0.04019  0.10405 -0.21624  0.16623 -0.19590
                  z  -0.22953  0.15468 -0.20695  0.12183  0.09747  0.00631
 16   h           x   0.09704 -0.07269  0.09950 -0.09757  0.40431  0.01081
                  y  -0.08540  0.13210  0.16575 -0.13062  0.22690 -0.09263
                  z  -0.02853  0.02501 -0.08009  0.09559 -0.48280 -0.00072
 17   h           x  -0.24038  0.23109  0.15419 -0.12398  0.24270 -0.10756
                  y  -0.06444  0.08257  0.11240 -0.08624  0.14334 -0.05090
                  z   0.49385 -0.41607 -0.00977  0.02361 -0.05268  0.13078
 18   h           x   0.08753 -0.19532 -0.23581  0.15041 -0.10250  0.12204
                  y  -0.06950  0.07540  0.02473 -0.01328  0.01323 -0.03086
                  z   0.10323  0.10156  0.49172 -0.32292  0.33691 -0.13810

reduced mass(g/mol)     3.018    2.344    2.058    2.190    4.174    2.308


       mode              31       32       33       34       35       36

     frequency        1130.11  1140.80  1208.86  1277.50  1339.87  1353.04

     symmetry            a        a        a        a        a        a   

        IR               YES      YES      YES      YES      YES      YES
|dDIP/dQ|   (a.u.)     0.0024   0.0064   0.0067   0.0157   0.0008   0.0029
intensity (km/mol)      10.66    72.96    80.37   439.12     1.01    15.45
intensity (  %   )       1.61    11.03    12.15    66.41     0.15     2.34
 
       RAMAN             YES      YES      YES      YES      YES      YES
 
  1   c           x   0.02390  0.11761  0.04096 -0.00502 -0.00323  0.00794
                  y  -0.00027  0.04343  0.02856  0.00752 -0.01052 -0.01326
                  z  -0.02825 -0.12429 -0.07766  0.01057 -0.01659  0.05493
  2   c           x  -0.06382 -0.22599 -0.08907 -0.04706  0.03142 -0.09546
                  y   0.04332 -0.04032 -0.07642  0.07568  0.02395  0.04220
                  z   0.02047  0.09535  0.03372 -0.00125  0.01354 -0.03050
  3   c           x  -0.01723 -0.07626  0.18397 -0.11442  0.00023  0.00821
                  y  -0.03233 -0.03308  0.10070 -0.06045 -0.00063  0.00445
                  z  -0.04585 -0.08923  0.14666 -0.03603  0.01552  0.01102
  4   o           x   0.01708 -0.00079 -0.01731  0.00530 -0.00156  0.00417
                  y  -0.00440  0.00128 -0.01071  0.01390  0.00251 -0.01154
                  z   0.01319  0.00959 -0.01654  0.00019 -0.00264 -0.00275
  5   o           x  -0.04856  0.10467 -0.08699  0.07116 -0.01245  0.00360
                  y   0.06006  0.01077 -0.02238 -0.03206 -0.01516  0.00762
                  z  -0.02832  0.05022 -0.03569  0.02216 -0.00409  0.00493
  6   c           x   0.08115 -0.09726  0.03422  0.04642  0.10083 -0.00550
                  y  -0.13533  0.00395 -0.01612  0.18801  0.10058 -0.02954
                  z   0.17064 -0.05148  0.00742 -0.00270 -0.05448 -0.01364
  7   c           x  -0.05639  0.04740 -0.04905 -0.31340 -0.00645  0.08195
                  y  -0.01249  0.03409 -0.03300 -0.15889  0.01198  0.04923
                  z  -0.03774  0.04423 -0.02596 -0.06902  0.03120  0.01353
  8   o           x  -0.00989  0.00664  0.00761  0.03204  0.01126 -0.00067
                  y   0.03431 -0.02522  0.00447  0.01230 -0.02376 -0.01699
                  z  -0.00629  0.00397  0.00411  0.00961  0.00365  0.00482
  9   o           x   0.06345  0.03109  0.02004  0.16820 -0.00676 -0.04076
                  y  -0.02045  0.01739  0.04261  0.02538  0.00009  0.00457
                  z   0.02746 -0.01652 -0.02644  0.01658 -0.00757 -0.04548
 10   c           x  -0.07193  0.04093 -0.00675 -0.00331 -0.06053 -0.00527
                  y   0.09069  0.02586 -0.01415 -0.06124 -0.04241  0.00651
                  z  -0.11636  0.02508 -0.01317  0.04467 -0.03233 -0.00560
 11   h           x   0.14887  0.66416  0.31533 -0.01716  0.02785 -0.11444
                  y   0.04061  0.01743 -0.05010  0.02259  0.02715  0.04800
                  z   0.01734  0.08556  0.03233  0.00426 -0.00548  0.00363
 12   h           x  -0.02459 -0.19894 -0.18014  0.00864 -0.01453  0.12379
                  y   0.02713  0.03939 -0.00323  0.01867  0.02533 -0.01130
                  z   0.05002  0.14177  0.06757  0.01239  0.03993 -0.04030
 13   h           x  -0.01892  0.07007  0.04635  0.08531 -0.04778  0.08780
                  y  -0.01563 -0.08862 -0.07018  0.00487 -0.01437  0.04625
                  z   0.04122  0.21626  0.13163 -0.02639  0.02268 -0.11740
 14   h           x   0.05186 -0.16157 -0.28914  0.36459 -0.17910  0.72258
                  y  -0.01440  0.01137 -0.57500 -0.56040 -0.13985 -0.50305
                  z   0.07071  0.11386  0.00551  0.21260 -0.04885  0.30556
 15   h           x   0.19675 -0.14135 -0.07488  0.33629 -0.53695 -0.17271
                  y  -0.26962 -0.34851  0.54137 -0.00102 -0.50322  0.01701
                  z   0.09844  0.02114  0.02525 -0.20200  0.49590  0.10823
 16   h           x   0.39687 -0.14271  0.01789  0.00813  0.07267  0.01983
                  y  -0.15861 -0.06687  0.03741  0.19904  0.12502 -0.02928
                  z  -0.40696  0.15178 -0.03021  0.00515 -0.13191 -0.02055
 17   h           x  -0.17833 -0.05755  0.03764  0.15815  0.11316 -0.03416
                  y  -0.03189 -0.05829  0.02524  0.09375  0.11599 -0.01983
                  z   0.47979 -0.07628  0.01161 -0.13533  0.13167  0.00818
 18   h           x   0.31994  0.02683 -0.01823 -0.13101 -0.02641 -0.00150
                  y  -0.12807  0.02294 -0.00319  0.02426 -0.04815  0.00150
                  z  -0.00450 -0.20874  0.09372 -0.00064  0.17907  0.00905

reduced mass(g/mol)     2.280    2.658    2.249    3.742    1.393    1.357


       mode              37       38       39       40       41       42

     frequency        1357.17  1393.88  1412.01  1417.43  1485.01  1491.23

     symmetry            a        a        a        a        a        a   

        IR               YES      YES      YES      YES      YES      YES
|dDIP/dQ|   (a.u.)     0.0021   0.0056   0.0028   0.0034   0.0022   0.0021
intensity (km/mol)       8.03    54.80    13.72    20.87     8.81     7.97
intensity (  %   )       1.21     8.29     2.07     3.16     1.33     1.21
 
       RAMAN             YES      YES      YES      YES      YES      YES
 
  1   c           x   0.01302 -0.01762 -0.01356 -0.14187  0.01649 -0.00048
                  y   0.04865 -0.01826  0.00192 -0.01136 -0.01223 -0.01311
                  z   0.03773 -0.01747  0.00334 -0.00591 -0.04288  0.00400
  2   c           x  -0.09475  0.05935 -0.00399  0.01529 -0.01370 -0.00190
                  y  -0.12760  0.06303 -0.00511 -0.00266 -0.02115 -0.00847
                  z  -0.04226  0.02289 -0.00353 -0.00439 -0.02441 -0.00047
  3   c           x   0.03811 -0.10654 -0.00249  0.01272  0.00967 -0.00281
                  y   0.02342 -0.06233 -0.00306 -0.00048  0.00145 -0.00279
                  z  -0.02304 -0.04195 -0.00532  0.00615  0.00265 -0.00440
  4   o           x  -0.00960  0.00703 -0.00019 -0.00469 -0.00300  0.00018
                  y   0.00385  0.01170  0.00141  0.00573  0.00321  0.00100
                  z   0.00340  0.00284  0.00087 -0.00052 -0.00045  0.00049
  5   o           x   0.01455  0.09092  0.00278 -0.00712 -0.00185  0.00592
                  y  -0.00808  0.00843 -0.00013 -0.00195 -0.00071  0.00396
                  z   0.01734  0.04654  0.00245 -0.00473 -0.00073  0.00329
  6   c           x   0.04886  0.01612  0.00553 -0.00144  0.00198 -0.02210
                  y   0.00440 -0.07934  0.00728  0.00297  0.00235 -0.03119
                  z  -0.02741 -0.02863  0.00658  0.00126  0.00029 -0.00154
  7   c           x  -0.06456 -0.00861 -0.02096  0.00489 -0.00074  0.00824
                  y  -0.03086 -0.01301 -0.00581  0.00192  0.00081 -0.00017
                  z  -0.00367 -0.00502 -0.00813  0.00154  0.00050  0.00272
  8   o           x   0.00597 -0.00785  0.00386 -0.00160  0.00059 -0.00320
                  y   0.00504  0.02102 -0.00318  0.00076 -0.00123  0.00504
                  z  -0.00195 -0.00759  0.00328 -0.00091  0.00030 -0.00254
  9   o           x   0.04118  0.00262  0.00933 -0.00240  0.00085 -0.00053
                  y   0.01599 -0.01193  0.00192 -0.00244  0.00156  0.00064
                  z   0.02287  0.00185  0.00368  0.00143  0.00235 -0.00020
 10   c           x  -0.03310 -0.02042  0.08195 -0.00705  0.00310 -0.01952
                  y  -0.00601  0.02705  0.00256 -0.00181 -0.00052 -0.03121
                  z  -0.00315 -0.01395 -0.10746  0.01007  0.00327 -0.02779
 11   h           x  -0.03545  0.03260  0.03937  0.45092 -0.42652 -0.01138
                  y  -0.14964  0.08116 -0.00783  0.00556  0.11764  0.18822
                  z   0.02508 -0.00243  0.02201  0.20392 -0.19378 -0.01085
 12   h           x   0.00678  0.01721  0.05203  0.54230 -0.00789 -0.08103
                  y  -0.10090  0.07425  0.01852  0.29732  0.39525  0.00891
                  z  -0.15255  0.07837 -0.02379 -0.10699  0.54225  0.09192
 13   h           x   0.13327  0.00504  0.05750  0.53667  0.26034  0.09477
                  y   0.03576 -0.03285 -0.01306 -0.19911 -0.26633  0.01934
                  z  -0.02807  0.01422 -0.00655  0.00889  0.39484 -0.11760
 14   h           x   0.36548 -0.19915  0.04147  0.00010  0.07887  0.02368
                  y   0.68847 -0.19136  0.04164  0.02771  0.07062  0.02572
                  z   0.05507 -0.04739  0.00872 -0.01375 -0.00318  0.00536
 15   h           x  -0.33172 -0.44251 -0.01218  0.02479  0.00001  0.01970
                  y   0.28509  0.75599  0.00699 -0.04098 -0.01246  0.08204
                  z   0.23028  0.23077  0.02055 -0.01407  0.00364 -0.04895
 16   h           x   0.08478  0.05001 -0.42603  0.03404  0.02965 -0.32888
                  y   0.01116 -0.11951  0.02401  0.00474  0.00753  0.39467
                  z  -0.08755 -0.05020  0.25433 -0.01932 -0.01831  0.16721
 17   h           x   0.02770 -0.06778 -0.23755  0.03019 -0.03527  0.40468
                  y   0.04690 -0.02216 -0.27469  0.03096 -0.03365  0.34780
                  z  -0.00572  0.01578  0.51156 -0.04606 -0.01266  0.41142
 18   h           x   0.02335  0.05883 -0.31917  0.03177 -0.04531  0.30047
                  y  -0.03494 -0.02199  0.23064 -0.02349  0.02560 -0.19977
                  z   0.03876  0.07095  0.41453 -0.04161 -0.01428 -0.18744

reduced mass(g/mol)     1.529    1.564    1.222    1.241    1.048    1.053


       mode              43       44       45       46       47       48

     frequency        1493.99  1495.96  1824.03  1830.52  3009.78  3045.49

     symmetry            a        a        a        a        a        a   

        IR               YES      YES      YES      YES      YES      YES
|dDIP/dQ|   (a.u.)     0.0013   0.0010   0.0193   0.0043   0.0027   0.0021
intensity (km/mol)       2.98     1.67   661.26    33.32    12.84     8.20
intensity (  %   )       0.45     0.25   100.00     5.04     1.94     1.24
 
       RAMAN             YES      YES      YES      YES      YES      YES
 
  1   c           x  -0.00868 -0.00047  0.01362 -0.00291 -0.00101 -0.00032
                  y  -0.04344  0.00379 -0.00578  0.00370  0.00069  0.00002
                  z   0.01688 -0.00076  0.00187  0.00135  0.00727  0.00072
  2   c           x   0.00232  0.00381 -0.04113 -0.02374  0.02848  0.00136
                  y  -0.03428  0.00557  0.04719 -0.02275 -0.00759 -0.00043
                  z   0.00695  0.00260  0.00060 -0.01855 -0.07615 -0.00429
  3   c           x   0.01037 -0.00291  0.33255 -0.26684  0.00091 -0.00032
                  y   0.00180 -0.00380 -0.52233  0.45277 -0.00063  0.00002
                  z   0.00346 -0.00266  0.00103  0.01130 -0.00082 -0.00030
  4   o           x  -0.00397 -0.00022 -0.22301  0.18846 -0.00026  0.00011
                  y   0.00559  0.00103  0.33501 -0.28994  0.00014 -0.00012
                  z  -0.00063  0.00053 -0.00689  0.00326 -0.00011  0.00004
  5   o           x  -0.00465  0.00211 -0.00435 -0.00522 -0.00005  0.00023
                  y  -0.00228  0.00391  0.02921 -0.01082 -0.00010 -0.00008
                  z  -0.00233  0.00130  0.00675 -0.00972 -0.00015  0.00015
  6   c           x   0.00830  0.01323 -0.02438  0.02387 -0.00011  0.00186
                  y   0.00888 -0.02839  0.05005  0.03677 -0.00006  0.00074
                  z   0.00109  0.00367 -0.01976 -0.00945 -0.00024  0.00326
  7   c           x  -0.00664  0.00945  0.21711  0.23716  0.00141 -0.00017
                  y  -0.00330  0.00424 -0.43697 -0.52562  0.00039 -0.00101
                  z  -0.00024  0.00303  0.19074  0.22589  0.00061  0.00000
  8   o           x   0.00140 -0.00242 -0.14698 -0.17160 -0.00035 -0.00014
                  y  -0.00060  0.00292  0.27955  0.33719  0.00013  0.00034
                  z   0.00048 -0.00159 -0.12188 -0.14626 -0.00026 -0.00004
  9   o           x   0.00272 -0.00493  0.00167  0.00838 -0.00159  0.00012
                  y   0.00495 -0.00244  0.02844  0.01643  0.00111  0.00018
                  z   0.00084 -0.00079 -0.00965 -0.00903 -0.00065 -0.00001
 10   c           x   0.00698  0.01808  0.00856  0.00254  0.00088  0.01859
                  y   0.00470 -0.03518 -0.00555  0.00066 -0.00003  0.00191
                  z   0.01082  0.03345 -0.00515 -0.00847  0.00375 -0.04560
 11   h           x   0.09091  0.01976 -0.01876  0.00642  0.02301  0.00284
                  y   0.64850 -0.06188 -0.03424  0.02806 -0.00416 -0.00055
                  z   0.01195  0.00970 -0.01765  0.01045 -0.07234 -0.00916
 12   h           x  -0.29221  0.02679 -0.00177  0.01294 -0.00572  0.00058
                  y  -0.05241 -0.01400 -0.04220  0.03791  0.01646 -0.00063
                  z   0.20676 -0.04509 -0.02157  0.01394 -0.00780  0.00070
 13   h           x   0.28853 -0.04125 -0.10021  0.08201 -0.00589  0.00026
                  y   0.12136  0.00170  0.02178 -0.01300 -0.02491  0.00072
                  z  -0.50689  0.02562  0.00777 -0.00582 -0.00766  0.00052
 14   h           x  -0.03218 -0.02557  0.09065  0.01732 -0.33147 -0.01864
                  y   0.06416 -0.00499 -0.03982 -0.06871  0.07881  0.00453
                  z  -0.01208 -0.00683  0.03926  0.00232  0.93074  0.05274
 15   h           x  -0.00249 -0.04144 -0.03541 -0.01229  0.00024 -0.02469
                  y  -0.02715  0.05537 -0.15110 -0.15605 -0.00028 -0.00358
                  z   0.01437  0.04038  0.00941  0.06928  0.00080 -0.03285
 16   h           x   0.11056  0.22287 -0.02199 -0.00228 -0.03262  0.38779
                  y  -0.05565  0.56313 -0.01661 -0.00626 -0.00431  0.05155
                  z  -0.06236 -0.18218  0.01534 -0.00773 -0.04611  0.54007
 17   h           x  -0.12324 -0.16018 -0.00132 -0.02818  0.01336 -0.34687
                  y  -0.11025 -0.17953 -0.01848 -0.03992 -0.01394  0.38760
                  z  -0.09435  0.21935 -0.01514  0.02987  0.00123 -0.00518
 18   h           x  -0.11923 -0.40504 -0.02924 -0.03717  0.01070 -0.25659
                  y   0.07210  0.19490  0.01822  0.02806  0.01808 -0.45985
                  z   0.00432 -0.52083  0.05464  0.04730  0.00128  0.00166

reduced mass(g/mol)     1.054    1.052   12.506   12.577    1.082    1.035


       mode              49       50       51       52       53       54

     frequency        3058.47  3100.42  3120.22  3125.88  3128.45  3142.69

     symmetry            a        a        a        a        a        a   

        IR               YES      YES      YES      YES      YES      YES
|dDIP/dQ|   (a.u.)     0.0022   0.0010   0.0031   0.0017   0.0025   0.0017
intensity (km/mol)       8.25     1.75    16.55     5.26    11.41     5.03
intensity (  %   )       1.25     0.27     2.50     0.79     1.73     0.76
 
       RAMAN             YES      YES      YES      YES      YES      YES
 
  1   c           x  -0.04720 -0.00001  0.00017 -0.00008  0.00335 -0.01486
                  y  -0.01278  0.00025  0.00055  0.00055 -0.04792  0.07831
                  z   0.00758  0.00036  0.00190  0.00038 -0.07980 -0.04688
  2   c           x   0.00017  0.00020  0.00037  0.00000  0.00220  0.00060
                  y  -0.00021 -0.00015 -0.00000 -0.00001 -0.00109  0.00114
                  z   0.00170 -0.00098 -0.00134  0.00014 -0.00662 -0.00305
  3   c           x  -0.00011 -0.00113  0.00083 -0.00025  0.00082 -0.00079
                  y   0.00105  0.00042 -0.00059 -0.00004 -0.00031  0.00041
                  z   0.00027 -0.00042 -0.00003 -0.00006  0.00023 -0.00009
  4   o           x   0.00032  0.00014 -0.00007  0.00005 -0.00023  0.00045
                  y  -0.00023 -0.00017  0.00015 -0.00000  0.00025 -0.00007
                  z   0.00003  0.00006 -0.00001  0.00000  0.00004  0.00017
  5   o           x  -0.00010  0.00100 -0.00014 -0.00025 -0.00005  0.00013
                  y  -0.00011 -0.00102  0.00060  0.00049  0.00009 -0.00007
                  z  -0.00009 -0.00043  0.00039  0.00014 -0.00001  0.00002
  6   c           x  -0.00002  0.03991 -0.03161 -0.00088 -0.00043 -0.00023
                  y  -0.00005  0.00670 -0.00490 -0.00175 -0.00009  0.00002
                  z  -0.00012  0.05324 -0.04093 -0.00164 -0.00063 -0.00025
  7   c           x   0.00008  0.00084 -0.00065  0.00065  0.00003  0.00030
                  y   0.00005 -0.00035  0.00064 -0.00016  0.00004 -0.00017
                  z   0.00005  0.00064 -0.00085 -0.00016  0.00006  0.00020
  8   o           x  -0.00004 -0.00022  0.00035 -0.00022 -0.00001 -0.00005
                  y   0.00004  0.00017 -0.00023  0.00019  0.00001  0.00006
                  z  -0.00003 -0.00028  0.00023  0.00002 -0.00002 -0.00004
  9   o           x   0.00006 -0.00033  0.00047 -0.00008 -0.00002  0.00027
                  y  -0.00004  0.00004  0.00007  0.00005  0.00010 -0.00030
                  z   0.00001  0.00004  0.00003  0.00001  0.00017  0.00027
 10   c           x  -0.00036 -0.04806 -0.06208  0.01051 -0.00120 -0.00027
                  y  -0.00001 -0.00752 -0.00650 -0.09249 -0.00074  0.00022
                  z   0.00012 -0.02698 -0.03874  0.00063 -0.00091 -0.00020
 11   h           x   0.20973  0.00072  0.00438  0.00133 -0.24632 -0.09979
                  y  -0.03400 -0.00015 -0.00061 -0.00012  0.02558  0.02940
                  z  -0.59431 -0.00256 -0.01296 -0.00363  0.66708  0.26039
 12   h           x   0.19565  0.00009 -0.00315  0.00081  0.03196  0.37141
                  y  -0.35357  0.00005  0.00587 -0.00151 -0.06408 -0.63960
                  z   0.25766  0.00008 -0.00378  0.00121  0.02319  0.46567
 13   h           x   0.14340 -0.00059 -0.00349 -0.00129  0.17127 -0.09737
                  y   0.53693 -0.00261 -0.01228 -0.00485  0.61178 -0.33390
                  z   0.24514 -0.00113 -0.00520 -0.00214  0.26375 -0.16470
 14   h           x   0.00722 -0.00404 -0.00533  0.00053 -0.02862 -0.01065
                  y  -0.00196  0.00130  0.00153 -0.00008  0.00705  0.00033
                  z  -0.02179  0.01203  0.01739 -0.00132  0.06955  0.02616
 15   h           x   0.00129 -0.47942  0.36155  0.01501  0.00531  0.00205
                  y   0.00021 -0.06727  0.05185  0.00389  0.00084  0.00007
                  z   0.00175 -0.62933  0.48232  0.02012  0.00720  0.00272
 16   h           x  -0.00092  0.24010  0.33896  0.00278  0.00800  0.00167
                  y  -0.00015  0.03104  0.04395 -0.01746  0.00088  0.00031
                  z  -0.00136  0.34105  0.49258  0.00237  0.01149  0.00247
 17   h           x   0.00297  0.18508  0.24230 -0.47868  0.00120  0.00221
                  y  -0.00345 -0.22348 -0.28505  0.52141 -0.00178 -0.00241
                  z  -0.00004 -0.00556 -0.01122  0.00257 -0.00015 -0.00009
 18   h           x   0.00207  0.14707  0.16307  0.34896  0.00527 -0.00055
                  y   0.00381  0.28437  0.31417  0.60609  0.00972 -0.00073
                  z  -0.00014 -0.01304 -0.01598 -0.01352 -0.00035  0.00007

reduced mass(g/mol)     1.035    1.091    1.097    1.103    1.104    1.102
 

         **************************************************************
         *                                                            *
         *  zero point VIBRATIONAL energy  :      0.1396397  Hartree  *
         *    SCF-energy                   :   -534.2978839           *
         *    SCF + E(vib0)                :   -534.1582442           *
         *                                                            *
         **************************************************************




 time elapsed for vibrational analysis     0.87 sec


    ------------------------------------------------------------------------
         total  cpu-time :  1 hours 18 minutes and 43 seconds
         total wall-time :  5 minutes and 37 seconds
    ------------------------------------------------------------------------

   ****  force : all done  ****


    2026-04-15 20:01:32.578 

aoforce ended normally 
