
   OpenMP run-time library returned nthreads = 16

 ridft (s02r2b56) : TURBOMOLE rev. V7-8-1 compiled 26 Feb 2024 at 17:12:58
 Copyright (C) 2024 TURBOMOLE GmbH, Karlsruhe


    2026-04-15 19:55:50.390 



                                  r i d f t

                        DFT program with RI approximation 
                                for coulomb part 





                                 References:     
                                                 
          TURBOMOLE:                             
              R. Ahlrichs, M. Baer, M. Haeser, H. Horn, and
              C. Koelmel
              Electronic structure calculations on workstation
              computers: the program system TURBOMOLE
              Chem. Phys. Lett. 162: 165 (1989)
          Density Functional:                              
              O. Treutler and R. Ahlrichs                      
              Efficient Molecular Numerical Integration Schemes
              J. Chem. Phys. 102: 346 (1995)                   
          Parallel Version:                                
              Performance of parallel TURBOMOLE for Density    
              Functional Calculations                          
              M. v. Arnim and R. Ahlrichs                      
              J. Comp. Chem. 19: 1746 (1998)                   
          RI-J Method:                                     
              Auxiliary Basis Sets to approximate Coulomb      
              Potentials                                       
              Chem. Phys. Lett. 240: 283 (1995)                
              K. Eichkorn, O. Treutler, H. Oehm, M. Haeser     
              and R. Ahlrichs                                  
              Chem. Phys. Lett. 242: 652 (1995)                
                                                           
              Auxiliary Basis Sets for Main Row Atoms and their
              Use to approximate Coulomb Potentials            
              K. Eichkorn, F. Weigend, O. Treutler and         
              R. Ahlrichs                                      
              Theo. Chem. Acc. 97: 119 (1997)                  
                                                           
              Accurate Coulomb-fitting basis sets for H to Rn 
              F. Weigend                                       
              Phys. Chem. Chem. Phys. 8: 1057 (2006)           
                                                           
          Multipole accelerated RI-J (MARI-J):             
              Fast evaluation of the Coulomb potential for     
              electron densities using multipole accelerated   
              resolution of identity approximation             
              M. Sierka, A. Hogekamp and R. Ahlrichs           
              J. Chem. Phys. 118: 9136 (2003)                  
          RI-JK Method:                                     
              A fully direct RI-HF algorithm: Implementation,
              optimised auxiliary basis sets, demonstration of
              accuracy and efficiency                         
              F. Weigend                                      
              Phys. Chem. Chem. Phys. 4: 4285 (2002)           
          Two-component HF and DFT with spin-orbit coupling:  
              Self-consistent treatment of spin-orbit         
              interactions with efficient Hartree-Fock and    
              density functional methods                      
              M. K. Armbruster, F. Weigend, C. van Wüllen and 
              W. Klopper                                      
              Phys. Chem. Chem. Phys. 10: 1748 (2008)         
          Two-component difference density and DIIS algorithm 
              Efficient two-component self-consistent field   
              procedures and gradients: implementation in     
              TURBOMOLE and application to Au20-              
              A. Baldes, F. Weigend                           
              Mol. Phys. 111: 2617 (2013)                     
          Relativistic current density functional theory      
              Current density functional framework for        
              spin-orbit coupling                             
              C. Holzer, Y. J. Franzke, A. Pausch             
              J. Chem. Phys. 157: 204102 (2022)               
          Relativistic all-electron 2c calculations           
              An efficient implementation of two-component    
              relativistic exact-decoupling methods for large 
              molecules                                       
              D. Peng, N. Middendorf, F. Weigend, M. Reiher   
              J. Chem. Phys. 138: 184105 (2013)               
          Finite nucleus model and SNSO approximation         
              Efficient implementation of one- and two-       
              component analytical energy gradients in exact  
              two-component theory                            
              Y. J. Franzke, N. Middendorf, F. Weigend        
              J. Chem. Phys. 148: 104110 (2018)               
          Grids for all-electron relativistic methods         
              Error-consistent segmented contracted all-      
              electron relativistic basis sets of double-     
              and triple-zeta quality for NMR shielding       
              constants                                       
              Y. J. Franzke, R. Tress, T. M. Pazdera,         
              F. Weigend                                      
              Phys. Chem. Chem. Phys. 21: 166658 (2019)       
          Seminumerical exchange algorithms                   
              Seminumerical calculation of the Hartree-Fock   
              exchange matirx: Application to two-component   
              procedures and efficient evaluation of local    
              hybrid functionsl                               
              P. Plessow, F. Weigend,                         
              J. Comput. Chem. 33: 810 (2012)                 
          Improved seminumerical algorithms                   
              C. Holzer,                                      
              J. Chem. Phys. 153 (2020), 184115               






          OpenMP Shared-Memory Parallelization: 16 CPUs.

            By: Christof Holzer and Yannick J. Franzke


              +--------------------------------------------------+
              |      general information about current run       |
              +--------------------------------------------------+

 
 Becke-3-Parameter hybrid functional: B3-LYP
 exchange:    0.8*LDA + 0.72*B88 + 0.2*HF
 correlation: 0.19*LDA(VWN) + 0.81*LYP
 A Hybrid-DFT calculation using the RI-J approximation will be carried out.
 Allocatable memory for RI due to $ricore (MB):                  5000


              +--------------------------------------------------+
              | Atomic coordinate, charge and isotop information |
              +--------------------------------------------------+

                    atomic coordinates            atom    charge  isotop
          4.94993864    0.50196824    0.52169134    c      6.000     0
          2.10429135    0.20414526    0.55222781    c      6.000     0
          1.24658645   -2.34193478   -0.49691320    c      6.000     0
          2.53299180   -4.20249405   -0.43488271    o      8.000     0
         -1.09253624   -2.41738732   -1.49770679    o      8.000     0
         -2.76279941   -0.26959900   -1.28437831    c      6.000     0
         -1.39670781    2.24632730   -1.55049531    c      6.000     0
         -2.41968499    4.09206744   -2.36892582    o      8.000     0
          1.04462486    2.30658758   -0.83712181    o      8.000     0
         -4.33852715   -0.40757818    1.12601416    c      6.000     0
          5.66597509    0.40493177   -1.40687087    h      1.000     0
          5.81704148   -1.00743555    1.61662293    h      1.000     0
          5.46314152    2.32177396    1.33669017    h      1.000     0
          1.41403503    0.32230731    2.50263817    h      1.000     0
         -3.99860768   -0.42297593   -2.92161762    h      1.000     0
         -3.17377223   -0.25541452    2.82094152    h      1.000     0
         -5.71163287    1.12862108    1.13897694    h      1.000     0
         -5.34436350   -2.20391061    1.18310561    h      1.000     0
 
       center of nuclear mass  :   -0.00825417   -0.02810062   -0.62090190
       center of nuclear charge:   -0.00695167   -0.02476237   -0.54775962

              +--------------------------------------------------+
              |               basis set information              |
              +--------------------------------------------------+

              we will work with the 1s 3p 5d 7f 9g ... basis set
              ...i.e. with spherical basis functions...

   type   atoms  prim   cont   basis
   ---------------------------------------------------------------------------
    c        6     46     31   def2-TZVP   [5s3p2d1f|11s6p2d1f]
    o        4     46     31   def2-TZVP   [5s3p2d1f|11s6p2d1f]
    h        8      8      6   def2-TZVP   [3s1p|5s1p]
   ---------------------------------------------------------------------------
   total:   18    524    358
   ---------------------------------------------------------------------------

   total number of primitive shells          :   46
   total number of contracted shells         :  142
   total number of cartesian basis functions :  408
   total number of SCF-basis functions       :  358


 integral neglect threshold       :  0.82E-11
 integral storage threshold THIZE :  0.10E-04
 integral storage threshold THIME :         5

 RI-J AUXILIARY BASIS SET information:

              we will work with the 1s 3p 5d 7f 9g ... basis set
              ...i.e. with spherical basis functions...

   type   atoms  prim   cont   basis
   ---------------------------------------------------------------------------
    c        6     70     49   def2-TZVP   [6s4p3d1f1g|12s5p4d2f1g]
    o        4     70     49   def2-TZVP   [6s4p3d1f1g|12s5p4d2f1g]
    h        8     16     11   def2-TZVP   [3s1p1d|5s2p1d]
   ---------------------------------------------------------------------------
   total:   18    828    578
   ---------------------------------------------------------------------------

   total number of primitive shells          :   56
   total number of contracted shells         :  190
   total number of cartesian basis functions :  706
   total number of SCF-basis functions       :  578


 symmetry group of the molecule :   c1 

 the group has the following generators :
   c1(z)

    1 symmetry operations found

 there are 1 real representations :   a   

 maximum number of shells which are related by symmetry :  1

  
           ------------------
           density functional
           ------------------
 Becke-3-Parameter hybrid functional: B3-LYP
 exchange:    0.8*LDA + 0.72*B88 + 0.2*HF
 correlation: 0.19*LDA(VWN) + 0.81*LYP
 iterations will be done with small grid
  
 spherical integration : Lebedev's spherical grid
 spherical gridsize    :                     3
    i.e. gridpoints    :                   302
  maximum batchsize    :                   100
 value for diffuse not defined
 radial integration    : Chebyshev 2nd kind (scaling 3)
 radial gridsize       :                     3
 integration cells     :                    18
 partition function    : becke
 partition sharpness   :                     3
  

 biggest AO integral is expected to be     7.998976882

          ------------------------
          nuclear repulsion energy  :   565.270660737    
          ------------------------


         -----------------
         -S,T+V- integrals
         -----------------

 1e-integrals will be neglected if expon. factor < 0.819108E-12
 
 Difference densities algorithm switched on.
 The maximal number of linear combinations of
 difference densities is  20.

 DIIS switched on: error vector is FDS-SDF
 Max. Iterations for DIIS is     :   4
 DIIS matrix (see manual) 
    Scaling factor of diagonals  :  1.200
    threshold for scaling factor :  0.000

 scf convergence criterion : increment of total energy < .1000000D-06
                  and increment of one-electron energy < .1000000D-03

 MOs are in ASCII format !


    mo occupation :
   irrep   mo's   occupied
    a      358       38
 
 number of basis functions   :   358
 number of occupied orbitals :    38
 

 reading orbital data $scfmo  from file mos
 orbital characterization : scfconv=7
 mo-orthogonalization by Cholesky decomposition

 automatic virtual orbital shift switched on 
      shift if e(lumo)-e(homo) < 0.10000000    

  
           ------------------------
               RI-J - INFORMATION
           ------------------------
 Contributions to RI integral batches: 
  neglected integral batches:                  1310
  direct contribution:                            0
  memory contribution:                  8843
 Memory core needed for (P|Q) and Cholesky      3 MByte
 Memory core minimum needed except of (P|Q)     1 MByte
 Total minimum memory core needed (sum)         4 MByte
  
 ****************************************
 Memory allocated for RI-J   406 MByte
 ****************************************
                                            

 DSCF restart information will be dumped onto file mos


 Starting SCF iterations

          Overall gridpoints after grid construction =         24250

 ITERATION  ENERGY          1e-ENERGY        2e-ENERGY     NORM[dD(SAO)]  TOL
   1  -534.29820280977    -1849.8889901     750.32012653    0.000D+00 0.817D-11
                            Exc = -56.3572166240     Coul =  820.057051766    
                            exK = -13.3797086096    
                              N = 76.001837521    
                            current damping = 0.300
 
          max. resid. norm for Fia-block=  2.360D-05 for orbital     36a         
          max. resid. fock norm         =  5.494D-05 for orbital    357a         

 ITERATION  ENERGY          1e-ENERGY        2e-ENERGY     NORM[dD(SAO)]  TOL
   2  -534.29820280678    -1849.8891659     750.32030239    0.187D-03 0.518D-11
                            Exc = -56.3571938050      Eck =  806.677496196    
                              N = 76.001837502    
                            current damping = 0.300
 
          Norm of current diis error: 0.38275E-03
          max. resid. norm for Fia-block=  1.067D-05 for orbital     36a         
          max. resid. fock norm         =  2.028D-05 for orbital    357a         

 ENERGY CONVERGED !

          Overall gridpoints after grid construction =         89093

 ITERATION  ENERGY          1e-ENERGY        2e-ENERGY     NORM[dD(SAO)]  TOL
   3  -534.29788390024    -1849.8890578     750.32051314    0.263D-04 0.489D-11
                            Exc = -56.3568831277      Eck =  806.677396265    
                              N = 75.999959290    
                            current damping = 0.350
 
          Norm of current diis error: 0.10559E-03
          max. resid. norm for Fia-block=  3.327D-06 for orbital     36a         
          max. resid. fock norm         =  6.689D-06 for orbital    357a         

 End of SCF iterations

   convergence criteria satisfied after     3 iterations


                  ------------------------------------------ 
                 |  total energy      =   -534.29788390024  |
                  ------------------------------------------ 
                 :  kinetic energy    =    532.11858324668  :
                 :  potential energy  =  -1066.41646714692  :
                 :  virial theorem    =      1.99592118794  :
                 :  wavefunction norm =      1.00000000000  :
                  .......................................... 


 <geterg> : there is no data group $energy 


 <skperg> : $end is missing 


 orbitals $scfmo  will be written to file mos

    irrep                 34a         35a         36a         37a         38a   
 eigenvalues H         -0.36914    -0.33937    -0.33118    -0.29470    -0.29113
            eV         -10.0449     -9.2348     -9.0118     -8.0193     -7.9221
 occupation              2.0000      2.0000      2.0000      2.0000      2.0000

    irrep                 39a         40a         41a         42a         43a   
 eigenvalues H         -0.02836    -0.02608     0.02275     0.04073     0.05236
            eV          -0.7716     -0.7098      0.6191      1.1085      1.4248
 
 
 
 
 ==============================================================================
                           electrostatic moments
 ==============================================================================

 reference point for electrostatic moments:    0.00000   0.00000   0.00000

 
              nuc           elec       ->  total
 ------------------------------------------------------------------------------
                          charge      
 ------------------------------------------------------------------------------
          76.000000     -76.000000       0.000000
 
 ------------------------------------------------------------------------------
                       dipole moment  
 ------------------------------------------------------------------------------
   x      -0.528327       0.230796      -0.297531
   y      -1.881940       1.885445       0.003505
   z     -41.629731      42.562546       0.932815
 
   | dipole moment | =     0.9791 a.u. =     2.4887 debye 
 
 ------------------------------------------------------------------------------
                     quadrupole moment
 ------------------------------------------------------------------------------
  xx     654.823217    -694.530441     -39.707224
  yy     443.987779    -500.271936     -56.284156
  zz     138.665579    -181.323704     -42.658125
  xy    -110.334959     115.798301       5.463343
  xz      69.036202     -69.429395      -0.393193
  yz     -60.850974      63.032719       2.181745
 
     1/3  trace=     -46.216502
     anisotropy=      18.408525
 
 ==============================================================================
 
HOMO-LUMO Separation
 HOMO         :   -0.29112997 H =     -7.92205 eV
 LUMO         :   -0.02835542 H =     -0.77159 eV
 HOMO-LUMO gap:    0.26277456 H =     +7.15046 eV
 
 ==============================================================================


    ------------------------------------------------------------------------
         total  cpu-time :  1 minutes and 26 seconds
         total wall-time :   5.48 seconds
    ------------------------------------------------------------------------

   ****  ridft : all done  ****


    2026-04-15 19:55:55.841 

 ridft ended normally
