
   OpenMP run-time library returned nthreads = 16

 ridft (s02r2b17) : TURBOMOLE rev. V7-8-1 compiled 26 Feb 2024 at 17:12:58
 Copyright (C) 2024 TURBOMOLE GmbH, Karlsruhe


    2026-04-15 19:56:07.267 



                                  r i d f t

                        DFT program with RI approximation 
                                for coulomb part 





                                 References:     
                                                 
          TURBOMOLE:                             
              R. Ahlrichs, M. Baer, M. Haeser, H. Horn, and
              C. Koelmel
              Electronic structure calculations on workstation
              computers: the program system TURBOMOLE
              Chem. Phys. Lett. 162: 165 (1989)
          Density Functional:                              
              O. Treutler and R. Ahlrichs                      
              Efficient Molecular Numerical Integration Schemes
              J. Chem. Phys. 102: 346 (1995)                   
          Parallel Version:                                
              Performance of parallel TURBOMOLE for Density    
              Functional Calculations                          
              M. v. Arnim and R. Ahlrichs                      
              J. Comp. Chem. 19: 1746 (1998)                   
          RI-J Method:                                     
              Auxiliary Basis Sets to approximate Coulomb      
              Potentials                                       
              Chem. Phys. Lett. 240: 283 (1995)                
              K. Eichkorn, O. Treutler, H. Oehm, M. Haeser     
              and R. Ahlrichs                                  
              Chem. Phys. Lett. 242: 652 (1995)                
                                                           
              Auxiliary Basis Sets for Main Row Atoms and their
              Use to approximate Coulomb Potentials            
              K. Eichkorn, F. Weigend, O. Treutler and         
              R. Ahlrichs                                      
              Theo. Chem. Acc. 97: 119 (1997)                  
                                                           
              Accurate Coulomb-fitting basis sets for H to Rn 
              F. Weigend                                       
              Phys. Chem. Chem. Phys. 8: 1057 (2006)           
                                                           
          Multipole accelerated RI-J (MARI-J):             
              Fast evaluation of the Coulomb potential for     
              electron densities using multipole accelerated   
              resolution of identity approximation             
              M. Sierka, A. Hogekamp and R. Ahlrichs           
              J. Chem. Phys. 118: 9136 (2003)                  
          RI-JK Method:                                     
              A fully direct RI-HF algorithm: Implementation,
              optimised auxiliary basis sets, demonstration of
              accuracy and efficiency                         
              F. Weigend                                      
              Phys. Chem. Chem. Phys. 4: 4285 (2002)           
          Two-component HF and DFT with spin-orbit coupling:  
              Self-consistent treatment of spin-orbit         
              interactions with efficient Hartree-Fock and    
              density functional methods                      
              M. K. Armbruster, F. Weigend, C. van Wüllen and 
              W. Klopper                                      
              Phys. Chem. Chem. Phys. 10: 1748 (2008)         
          Two-component difference density and DIIS algorithm 
              Efficient two-component self-consistent field   
              procedures and gradients: implementation in     
              TURBOMOLE and application to Au20-              
              A. Baldes, F. Weigend                           
              Mol. Phys. 111: 2617 (2013)                     
          Relativistic current density functional theory      
              Current density functional framework for        
              spin-orbit coupling                             
              C. Holzer, Y. J. Franzke, A. Pausch             
              J. Chem. Phys. 157: 204102 (2022)               
          Relativistic all-electron 2c calculations           
              An efficient implementation of two-component    
              relativistic exact-decoupling methods for large 
              molecules                                       
              D. Peng, N. Middendorf, F. Weigend, M. Reiher   
              J. Chem. Phys. 138: 184105 (2013)               
          Finite nucleus model and SNSO approximation         
              Efficient implementation of one- and two-       
              component analytical energy gradients in exact  
              two-component theory                            
              Y. J. Franzke, N. Middendorf, F. Weigend        
              J. Chem. Phys. 148: 104110 (2018)               
          Grids for all-electron relativistic methods         
              Error-consistent segmented contracted all-      
              electron relativistic basis sets of double-     
              and triple-zeta quality for NMR shielding       
              constants                                       
              Y. J. Franzke, R. Tress, T. M. Pazdera,         
              F. Weigend                                      
              Phys. Chem. Chem. Phys. 21: 166658 (2019)       
          Seminumerical exchange algorithms                   
              Seminumerical calculation of the Hartree-Fock   
              exchange matirx: Application to two-component   
              procedures and efficient evaluation of local    
              hybrid functionsl                               
              P. Plessow, F. Weigend,                         
              J. Comput. Chem. 33: 810 (2012)                 
          Improved seminumerical algorithms                   
              C. Holzer,                                      
              J. Chem. Phys. 153 (2020), 184115               






          OpenMP Shared-Memory Parallelization: 16 CPUs.

            By: Christof Holzer and Yannick J. Franzke


              +--------------------------------------------------+
              |      general information about current run       |
              +--------------------------------------------------+

 
 Becke-3-Parameter hybrid functional: B3-LYP
 exchange:    0.8*LDA + 0.72*B88 + 0.2*HF
 correlation: 0.19*LDA(VWN) + 0.81*LYP
 A Hybrid-DFT calculation using the RI-J approximation will be carried out.
 Allocatable memory for RI due to $ricore (MB):                  5000


              +--------------------------------------------------+
              | Atomic coordinate, charge and isotop information |
              +--------------------------------------------------+

                    atomic coordinates            atom    charge  isotop
         -2.42662278    1.58011647   -0.26663592    c      6.000     0
          0.39321855    2.28614429   -0.34570084    c      6.000     0
          1.95356742    0.08525410   -1.40910966    c      6.000     0
          1.56322458   -2.08850246    0.09627815    o      8.000     0
         -0.98154741   -2.96275153   -0.07294119    c      6.000     0
         -2.84130202   -1.00765504    0.96565778    c      6.000     0
         -5.35662871   -1.77214394    0.48258262    o      8.000     0
         -1.21109727   -5.12942334    1.39634482    o      8.000     0
          4.76417920    0.69300094   -1.40680076    c      6.000     0
          6.33101634   -0.24436036   -0.07106861    o      8.000     0
          5.26382387    2.49577192   -3.14474264    o      8.000     0
          1.26443634    2.98454939    2.10700121    o      8.000     0
         -3.81573979    3.50940582    0.94295489    o      8.000     0
         -3.14642714    1.47663901   -2.20365470    h      1.000     0
          0.62268414    3.95725717   -1.52786918    h      1.000     0
          1.37934230   -0.25807813   -3.37553765    h      1.000     0
         -1.41646996   -3.35422595   -2.07202874    h      1.000     0
         -2.49367404   -0.85497504    3.00631919    h      1.000     0
         -5.63840220   -3.35180667    1.34759444    h      1.000     0
         -0.16866335   -6.45086611    0.69482129    h      1.000     0
          7.05166417    2.88678619   -3.02932482    h      1.000     0
          1.73983039    1.46841346    3.01174392    h      1.000     0
         -2.83041073    4.05145170    2.38519969    h      1.000     0
 
       center of nuclear mass  :    0.36071502    0.01931005   -0.01690976
       center of nuclear charge:    0.31941877    0.01625125   -0.02452075

              +--------------------------------------------------+
              |               basis set information              |
              +--------------------------------------------------+

              we will work with the 1s 3p 5d 7f 9g ... basis set
              ...i.e. with spherical basis functions...

   type   atoms  prim   cont   basis
   ---------------------------------------------------------------------------
    c        6     46     31   def2-TZVP   [5s3p2d1f|11s6p2d1f]
    o        7     46     31   def2-TZVP   [5s3p2d1f|11s6p2d1f]
    h       10      8      6   def2-TZVP   [3s1p|5s1p]
   ---------------------------------------------------------------------------
   total:   23    678    463
   ---------------------------------------------------------------------------

   total number of primitive shells          :   46
   total number of contracted shells         :  183
   total number of cartesian basis functions :  528
   total number of SCF-basis functions       :  463


 integral neglect threshold       :  0.63E-11
 integral storage threshold THIZE :  0.10E-04
 integral storage threshold THIME :         5

 RI-J AUXILIARY BASIS SET information:

              we will work with the 1s 3p 5d 7f 9g ... basis set
              ...i.e. with spherical basis functions...

   type   atoms  prim   cont   basis
   ---------------------------------------------------------------------------
    c        6     70     49   def2-TZVP   [6s4p3d1f1g|12s5p4d2f1g]
    o        7     70     49   def2-TZVP   [6s4p3d1f1g|12s5p4d2f1g]
    h       10     16     11   def2-TZVP   [3s1p1d|5s2p1d]
   ---------------------------------------------------------------------------
   total:   23   1070    747
   ---------------------------------------------------------------------------

   total number of primitive shells          :   56
   total number of contracted shells         :  245
   total number of cartesian basis functions :  913
   total number of SCF-basis functions       :  747


 symmetry group of the molecule :   c1 

 the group has the following generators :
   c1(z)

    1 symmetry operations found

 there are 1 real representations :   a   

 maximum number of shells which are related by symmetry :  1

  
           ------------------
           density functional
           ------------------
 Becke-3-Parameter hybrid functional: B3-LYP
 exchange:    0.8*LDA + 0.72*B88 + 0.2*HF
 correlation: 0.19*LDA(VWN) + 0.81*LYP
 iterations will be done with small grid
  
 spherical integration : Lebedev's spherical grid
 spherical gridsize    :                     3
    i.e. gridpoints    :                   302
  maximum batchsize    :                   100
 value for diffuse not defined
 radial integration    : Chebyshev 2nd kind (scaling 3)
 radial gridsize       :                     3
 integration cells     :                    23
 partition function    : becke
 partition sharpness   :                     3
  

 biggest AO integral is expected to be     7.998976882

          ------------------------
          nuclear repulsion energy  :   922.401673000    
          ------------------------


         -----------------
         -S,T+V- integrals
         -----------------

 1e-integrals will be neglected if expon. factor < 0.632947E-12
 
 Difference densities algorithm switched on.
 The maximal number of linear combinations of
 difference densities is  20.

 DIIS switched on: error vector is FDS-SDF
 Max. Iterations for DIIS is     :   4
 DIIS matrix (see manual) 
    Scaling factor of diagonals  :  1.200
    threshold for scaling factor :  0.000

 scf convergence criterion : increment of total energy < .1000000D-06
                  and increment of one-electron energy < .1000000D-03

 MOs are in ASCII format !


    mo occupation :
   irrep   mo's   occupied
    a      463       51
 
 number of basis functions   :   463
 number of occupied orbitals :    51
 

 reading orbital data $scfmo  from file mos
 orbital characterization : scfconv=7
 mo-orthogonalization by Cholesky decomposition

 automatic virtual orbital shift switched on 
      shift if e(lumo)-e(homo) < 0.10000000    

  
           ------------------------
               RI-J - INFORMATION
           ------------------------
 Contributions to RI integral batches: 
  neglected integral batches:                  3163
  direct contribution:                            0
  memory contribution:                 13673
 Memory core needed for (P|Q) and Cholesky      5 MByte
 Memory core minimum needed except of (P|Q)     2 MByte
 Total minimum memory core needed (sum)         6 MByte
  
 ****************************************
 Memory allocated for RI-J   795 MByte
 ****************************************
                                            

 DSCF restart information will be dumped onto file mos


 Starting SCF iterations

          Overall gridpoints after grid construction =         30991

 ITERATION  ENERGY          1e-ENERGY        2e-ENERGY     NORM[dD(SAO)]  TOL
   1  -761.15568450369    -2875.9887950     1192.4314375    0.000D+00 0.631D-11
                            Exc = -77.7853636277     Coul =  1288.69143936    
                            exK = -18.4746382233    
                              N = 102.00072393    
                            current damping = 0.300
 
          max. resid. norm for Fia-block=  6.574D-06 for orbital     48a         
          max. resid. fock norm         =  1.268D-05 for orbital    384a         

 ITERATION  ENERGY          1e-ENERGY        2e-ENERGY     NORM[dD(SAO)]  TOL
   2  -761.15568449856    -2875.9886907     1192.4313332    0.839D-04 0.400D-11
                            Exc = -77.7853615629      Eck =  1270.21669479    
                              N = 102.00072397    
                            current damping = 0.300
 
          Norm of current diis error: 0.88597E-04
          max. resid. norm for Fia-block=  2.436D-06 for orbital     48a         
          max. resid. fock norm         =  5.385D-06 for orbital    438a         

 ENERGY CONVERGED !

          Overall gridpoints after grid construction =        113485

 ITERATION  ENERGY          1e-ENERGY        2e-ENERGY     NORM[dD(SAO)]  TOL
   3  -761.15565457588    -2875.9887439     1192.4314164    0.303D-04 0.372D-11
                            Exc = -77.7853326148      Eck =  1270.21674897    
                              N = 102.00016631    
                            current damping = 0.350
 
          Norm of current diis error: 0.14975E-04
          max. resid. norm for Fia-block=  7.206D-07 for orbital     49a         
          max. resid. fock norm         =  1.294D-06 for orbital    365a         

 End of SCF iterations

   convergence criteria satisfied after     3 iterations


                  ------------------------------------------ 
                 |  total energy      =   -761.15565457588  |
                  ------------------------------------------ 
                 :  kinetic energy    =    758.17928830471  :
                 :  potential energy  =  -1519.33494288059  :
                 :  virial theorem    =      1.99608967462  :
                 :  wavefunction norm =      1.00000000000  :
                  .......................................... 


 <geterg> : there is no data group $energy 


 <skperg> : $end is missing 


 orbitals $scfmo  will be written to file mos

    irrep                 47a         48a         49a         50a         51a   
 eigenvalues H         -0.32174    -0.30822    -0.30130    -0.27937    -0.27567
            eV          -8.7551     -8.3871     -8.1990     -7.6022     -7.5014
 occupation              2.0000      2.0000      2.0000      2.0000      2.0000

    irrep                 52a         53a         54a         55a         56a   
 eigenvalues H         -0.01625     0.01425     0.01905     0.03000     0.03394
            eV          -0.4423      0.3877      0.5183      0.8164      0.9234
 
 
 
 
 ==============================================================================
                           electrostatic moments
 ==============================================================================

 reference point for electrostatic moments:    0.00000   0.00000   0.00000

 
              nuc           elec       ->  total
 ------------------------------------------------------------------------------
                          charge      
 ------------------------------------------------------------------------------
         102.000000    -102.000000      -0.000000
 
 ------------------------------------------------------------------------------
                       dipole moment  
 ------------------------------------------------------------------------------
   x      32.580714     -32.028746       0.551968
   y       1.657627      -2.272979      -0.615352
   z      -2.501117       1.775912      -0.725205
 
   | dipole moment | =     1.0997 a.u. =     2.7951 debye 
 
 ------------------------------------------------------------------------------
                     quadrupole moment
 ------------------------------------------------------------------------------
  xx    1294.977057   -1358.603081     -63.626025
  yy     708.268120    -761.037575     -52.769455
  zz     228.030027    -280.854704     -52.824678
  xy     188.905023    -182.143615       6.761408
  xz    -280.023141     275.018688      -5.004453
  yz     -77.707226      77.943938       0.236711
 
     1/3  trace=     -56.406719
     anisotropy=      18.158202
 
 ==============================================================================
 
HOMO-LUMO Separation
 HOMO         :   -0.27566915 H =     -7.50134 eV
 LUMO         :   -0.01625498 H =     -0.44232 eV
 HOMO-LUMO gap:    0.25941417 H =     +7.05902 eV
 
 ==============================================================================


    ------------------------------------------------------------------------
         total  cpu-time :  2 minutes and 26 seconds
         total wall-time :   9.22 seconds
    ------------------------------------------------------------------------

   ****  ridft : all done  ****


    2026-04-15 19:56:16.463 

 ridft ended normally
