
   OpenMP run-time library returned nthreads = 16

 ridft (s02r2b29) : TURBOMOLE rev. V7-8-1 compiled 26 Feb 2024 at 17:12:58
 Copyright (C) 2024 TURBOMOLE GmbH, Karlsruhe


    2026-04-15 19:56:31.793 



                                  r i d f t

                        DFT program with RI approximation 
                                for coulomb part 





                                 References:     
                                                 
          TURBOMOLE:                             
              R. Ahlrichs, M. Baer, M. Haeser, H. Horn, and
              C. Koelmel
              Electronic structure calculations on workstation
              computers: the program system TURBOMOLE
              Chem. Phys. Lett. 162: 165 (1989)
          Density Functional:                              
              O. Treutler and R. Ahlrichs                      
              Efficient Molecular Numerical Integration Schemes
              J. Chem. Phys. 102: 346 (1995)                   
          Parallel Version:                                
              Performance of parallel TURBOMOLE for Density    
              Functional Calculations                          
              M. v. Arnim and R. Ahlrichs                      
              J. Comp. Chem. 19: 1746 (1998)                   
          RI-J Method:                                     
              Auxiliary Basis Sets to approximate Coulomb      
              Potentials                                       
              Chem. Phys. Lett. 240: 283 (1995)                
              K. Eichkorn, O. Treutler, H. Oehm, M. Haeser     
              and R. Ahlrichs                                  
              Chem. Phys. Lett. 242: 652 (1995)                
                                                           
              Auxiliary Basis Sets for Main Row Atoms and their
              Use to approximate Coulomb Potentials            
              K. Eichkorn, F. Weigend, O. Treutler and         
              R. Ahlrichs                                      
              Theo. Chem. Acc. 97: 119 (1997)                  
                                                           
              Accurate Coulomb-fitting basis sets for H to Rn 
              F. Weigend                                       
              Phys. Chem. Chem. Phys. 8: 1057 (2006)           
                                                           
          Multipole accelerated RI-J (MARI-J):             
              Fast evaluation of the Coulomb potential for     
              electron densities using multipole accelerated   
              resolution of identity approximation             
              M. Sierka, A. Hogekamp and R. Ahlrichs           
              J. Chem. Phys. 118: 9136 (2003)                  
          RI-JK Method:                                     
              A fully direct RI-HF algorithm: Implementation,
              optimised auxiliary basis sets, demonstration of
              accuracy and efficiency                         
              F. Weigend                                      
              Phys. Chem. Chem. Phys. 4: 4285 (2002)           
          Two-component HF and DFT with spin-orbit coupling:  
              Self-consistent treatment of spin-orbit         
              interactions with efficient Hartree-Fock and    
              density functional methods                      
              M. K. Armbruster, F. Weigend, C. van Wüllen and 
              W. Klopper                                      
              Phys. Chem. Chem. Phys. 10: 1748 (2008)         
          Two-component difference density and DIIS algorithm 
              Efficient two-component self-consistent field   
              procedures and gradients: implementation in     
              TURBOMOLE and application to Au20-              
              A. Baldes, F. Weigend                           
              Mol. Phys. 111: 2617 (2013)                     
          Relativistic current density functional theory      
              Current density functional framework for        
              spin-orbit coupling                             
              C. Holzer, Y. J. Franzke, A. Pausch             
              J. Chem. Phys. 157: 204102 (2022)               
          Relativistic all-electron 2c calculations           
              An efficient implementation of two-component    
              relativistic exact-decoupling methods for large 
              molecules                                       
              D. Peng, N. Middendorf, F. Weigend, M. Reiher   
              J. Chem. Phys. 138: 184105 (2013)               
          Finite nucleus model and SNSO approximation         
              Efficient implementation of one- and two-       
              component analytical energy gradients in exact  
              two-component theory                            
              Y. J. Franzke, N. Middendorf, F. Weigend        
              J. Chem. Phys. 148: 104110 (2018)               
          Grids for all-electron relativistic methods         
              Error-consistent segmented contracted all-      
              electron relativistic basis sets of double-     
              and triple-zeta quality for NMR shielding       
              constants                                       
              Y. J. Franzke, R. Tress, T. M. Pazdera,         
              F. Weigend                                      
              Phys. Chem. Chem. Phys. 21: 166658 (2019)       
          Seminumerical exchange algorithms                   
              Seminumerical calculation of the Hartree-Fock   
              exchange matirx: Application to two-component   
              procedures and efficient evaluation of local    
              hybrid functionsl                               
              P. Plessow, F. Weigend,                         
              J. Comput. Chem. 33: 810 (2012)                 
          Improved seminumerical algorithms                   
              C. Holzer,                                      
              J. Chem. Phys. 153 (2020), 184115               






          OpenMP Shared-Memory Parallelization: 16 CPUs.

            By: Christof Holzer and Yannick J. Franzke


              +--------------------------------------------------+
              |      general information about current run       |
              +--------------------------------------------------+

 
 Becke-3-Parameter hybrid functional: B3-LYP
 exchange:    0.8*LDA + 0.72*B88 + 0.2*HF
 correlation: 0.19*LDA(VWN) + 0.81*LYP
 A Hybrid-DFT calculation using the RI-J approximation will be carried out.
 Allocatable memory for RI due to $ricore (MB):                  5000


              +--------------------------------------------------+
              | Atomic coordinate, charge and isotop information |
              +--------------------------------------------------+

                    atomic coordinates            atom    charge  isotop
          6.18656247   -2.38482392    0.62532524    c      6.000     0
          5.61081861    0.46501658    0.76292910    c      6.000     0
          3.07454537    1.00554113   -0.67164338    c      6.000     0
          2.10896695   -1.47481217   -1.85992515    c      6.000     0
          3.13876825   -3.95773230    0.33893509    s     16.000     0
         -0.70993038   -1.57154158   -2.49947375    c      6.000     0
         -2.56144250   -1.36067470   -0.28724553    c      6.000     0
         -5.31436985   -1.48470940   -1.16719637    c      6.000     0
         -7.23185362   -1.21402779    0.97201934    c      6.000     0
         -7.38396442    1.41678361    2.06910799    c      6.000     0
         -6.39854509    3.28716662    1.22616739    o      8.000     0
         -8.84346142    1.47167563    4.17117636    o      8.000     0
          3.79680945    2.91271053   -2.50622586    n      7.000     0
          6.27736774    3.69328693   -2.25804476    c      6.000     0
          7.27898848    5.44458241   -3.33962690    o      8.000     0
          7.41047381    2.05271255   -0.56395362    n      7.000     0
          7.15663024   -3.08449452    2.30016077    h      1.000     0
          7.34518791   -2.78643787   -1.03276613    h      1.000     0
          5.43235610    1.02205707    2.74366130    h      1.000     0
          1.66175953    1.73110104    0.64393019    h      1.000     0
          3.16750493   -1.75932754   -3.61178945    h      1.000     0
         -1.08854279   -0.04673508   -3.85025036    h      1.000     0
         -1.07640955   -3.32875464   -3.52667311    h      1.000     0
         -2.20390424   -2.87984164    1.06807315    h      1.000     0
         -2.26323334    0.41451117    0.72277176    h      1.000     0
         -5.66301191   -0.00914228   -2.56996657    h      1.000     0
         -5.64791329   -3.29403486   -2.11092761    h      1.000     0
         -9.13733045   -1.67949175    0.31341472    h      1.000     0
         -6.84392122   -2.53272489    2.51513795    h      1.000     0
         -8.89684881    3.21324193    4.74384175    h      1.000     0
          2.55439183    4.13016277   -3.27002807    h      1.000     0
          9.06355118    2.58875694    0.20504040    h      1.000     0
 
       center of nuclear mass  :    0.50919993    0.25613629   -0.22833288
       center of nuclear charge:    0.45282769    0.21000554   -0.23236779

              +--------------------------------------------------+
              |               basis set information              |
              +--------------------------------------------------+

              we will work with the 1s 3p 5d 7f 9g ... basis set
              ...i.e. with spherical basis functions...

   type   atoms  prim   cont   basis
   ---------------------------------------------------------------------------
    c       10     46     31   def2-TZVP   [5s3p2d1f|11s6p2d1f]
    s        1     63     37   def2-TZVP   [5s5p2d1f|14s9p3d1f]
    o        3     46     31   def2-TZVP   [5s3p2d1f|11s6p2d1f]
    n        2     46     31   def2-TZVP   [5s3p2d1f|11s6p2d1f]
    h       16      8      6   def2-TZVP   [3s1p|5s1p]
   ---------------------------------------------------------------------------
   total:   32    881    598
   ---------------------------------------------------------------------------

   total number of primitive shells          :   93
   total number of contracted shells         :  242
   total number of cartesian basis functions :  678
   total number of SCF-basis functions       :  598


 integral neglect threshold       :  0.49E-11
 integral storage threshold THIZE :  0.10E-04
 integral storage threshold THIME :         5

 RI-J AUXILIARY BASIS SET information:

              we will work with the 1s 3p 5d 7f 9g ... basis set
              ...i.e. with spherical basis functions...

   type   atoms  prim   cont   basis
   ---------------------------------------------------------------------------
    c       10     70     49   def2-TZVP   [6s4p3d1f1g|12s5p4d2f1g]
    s        1     77     51   def2-TZVP   [8s4p3d1f1g|14s5p5d2f1g]
    o        3     70     49   def2-TZVP   [6s4p3d1f1g|12s5p4d2f1g]
    n        2     70     49   def2-TZVP   [6s4p3d1f1g|12s5p4d2f1g]
    h       16     16     11   def2-TZVP   [3s1p1d|5s2p1d]
   ---------------------------------------------------------------------------
   total:   32   1383    962
   ---------------------------------------------------------------------------

   total number of primitive shells          :  107
   total number of contracted shells         :  322
   total number of cartesian basis functions : 1170
   total number of SCF-basis functions       :  962


 symmetry group of the molecule :   c1 

 the group has the following generators :
   c1(z)

    1 symmetry operations found

 there are 1 real representations :   a   

 maximum number of shells which are related by symmetry :  1

  
           ------------------
           density functional
           ------------------
 Becke-3-Parameter hybrid functional: B3-LYP
 exchange:    0.8*LDA + 0.72*B88 + 0.2*HF
 correlation: 0.19*LDA(VWN) + 0.81*LYP
 iterations will be done with small grid
  
 spherical integration : Lebedev's spherical grid
 spherical gridsize    :                     3
    i.e. gridpoints    :                   302
  maximum batchsize    :                   100
 value for diffuse not defined
 radial integration    : Chebyshev 2nd kind (scaling 3)
 radial gridsize       :                     3
 integration cells     :                    32
 partition function    : becke
 partition sharpness   :                     3
  

 biggest AO integral is expected to be     9.804440325

          ------------------------
          nuclear repulsion energy  :   1236.84481419    
          ------------------------


         -----------------
         -S,T+V- integrals
         -----------------

 1e-integrals will be neglected if expon. factor < 0.492915E-12
 
 Difference densities algorithm switched on.
 The maximal number of linear combinations of
 difference densities is  20.

 DIIS switched on: error vector is FDS-SDF
 Max. Iterations for DIIS is     :   4
 DIIS matrix (see manual) 
    Scaling factor of diagonals  :  1.200
    threshold for scaling factor :  0.000

 scf convergence criterion : increment of total energy < .1000000D-06
                  and increment of one-electron energy < .1000000D-03

 MOs are in ASCII format !


    mo occupation :
   irrep   mo's   occupied
    a      598       65
 
 number of basis functions   :   598
 number of occupied orbitals :    65
 

 reading orbital data $scfmo  from file mos
 orbital characterization : scfconv=7
 mo-orthogonalization by Cholesky decomposition

 automatic virtual orbital shift switched on 
      shift if e(lumo)-e(homo) < 0.10000000    

  
           ------------------------
               RI-J - INFORMATION
           ------------------------
 Contributions to RI integral batches: 
  neglected integral batches:                  8980
  direct contribution:                            0
  memory contribution:                 20423
 Memory core needed for (P|Q) and Cholesky      8 MByte
 Memory core minimum needed except of (P|Q)     2 MByte
 Total minimum memory core needed (sum)         9 MByte
  
 ****************************************
 Memory allocated for RI-J  1394 MByte
 ****************************************
                                            

 DSCF restart information will be dumped onto file mos


 Starting SCF iterations

          Overall gridpoints after grid construction =         41402

 ITERATION  ENERGY          1e-ENERGY        2e-ENERGY     NORM[dD(SAO)]  TOL
   1  -1123.9518941707    -3995.7000760     1634.9033676    0.000D+00 0.492D-11
                            Exc = -101.240359163     Coul =  1760.27424635    
                            exK = -24.1305195701    
                              N = 129.99713014    
                            current damping = 0.300
 
          max. resid. norm for Fia-block=  3.360D-06 for orbital     64a         
          max. resid. fock norm         =  2.074D-05 for orbital    594a         

 ITERATION  ENERGY          1e-ENERGY        2e-ENERGY     NORM[dD(SAO)]  TOL
   2  -1123.9518941715    -3995.7002455     1634.9035371    0.409D-04 0.312D-11
                            Exc = -101.240363450      Eck =  1736.14390058    
                              N = 129.99713015    
                            current damping = 0.300
 
          Norm of current diis error: 0.61033E-04
          max. resid. norm for Fia-block=  1.974D-06 for orbital     61a         
          max. resid. fock norm         =  5.142D-06 for orbital    594a         

 ENERGY CONVERGED !

          Overall gridpoints after grid construction =        152968

 ITERATION  ENERGY          1e-ENERGY        2e-ENERGY     NORM[dD(SAO)]  TOL
   3  -1123.9523146150    -3995.7001789     1634.9030501    0.164D-04 0.294D-11
                            Exc = -101.240783134      Eck =  1736.14383327    
                              N = 129.99984283    
                            current damping = 0.350
 
          Norm of current diis error: 0.10180E-04
          max. resid. norm for Fia-block=  4.693D-07 for orbital     62a         
          max. resid. fock norm         =  1.378D-06 for orbital    169a         

 End of SCF iterations

   convergence criteria satisfied after     3 iterations


                  ------------------------------------------ 
                 |  total energy      =  -1123.95231461497  |
                  ------------------------------------------ 
                 :  kinetic energy    =   1120.23298333464  :
                 :  potential energy  =  -2244.18529794960  :
                 :  virial theorem    =      1.99669084602  :
                 :  wavefunction norm =      1.00000000000  :
                  .......................................... 


 <geterg> : there is no data group $energy 


 <skperg> : $end is missing 


 orbitals $scfmo  will be written to file mos

    irrep                 61a         62a         63a         64a         65a   
 eigenvalues H         -0.29221    -0.26737    -0.26408    -0.25237    -0.23216
            eV          -7.9516     -7.2756     -7.1859     -6.8675     -6.3175
 occupation              2.0000      2.0000      2.0000      2.0000      2.0000

    irrep                 66a         67a         68a         69a         70a   
 eigenvalues H         -0.00724     0.00518     0.01725     0.02527     0.03706
            eV          -0.1970      0.1409      0.4695      0.6875      1.0086
 
 
 
 
 ==============================================================================
                           electrostatic moments
 ==============================================================================

 reference point for electrostatic moments:    0.00000   0.00000   0.00000

 
              nuc           elec       ->  total
 ------------------------------------------------------------------------------
                          charge      
 ------------------------------------------------------------------------------
         130.000000    -130.000000      -0.000000
 
 ------------------------------------------------------------------------------
                       dipole moment  
 ------------------------------------------------------------------------------
   x      58.867599     -59.885959      -1.018360
   y      27.300720     -28.263919      -0.963199
   z     -30.207813      31.274634       1.066821
 
   | dipole moment | =     1.7615 a.u. =     4.4773 debye 
 
 ------------------------------------------------------------------------------
                     quadrupole moment
 ------------------------------------------------------------------------------
  xx    4133.069067   -4208.420210     -75.351143
  yy     974.974169   -1062.673730     -87.699561
  zz     532.871984    -610.213152     -77.341168
  xy     186.901358    -194.594917      -7.693558
  xz    -809.719832     818.767886       9.048054
  yz    -124.857995     133.107718       8.249723
 
     1/3  trace=     -80.130624
     anisotropy=      27.553913
 
 ==============================================================================
 
HOMO-LUMO Separation
 HOMO         :   -0.23216174 H =     -6.31745 eV
 LUMO         :   -0.00723892 H =     -0.19698 eV
 HOMO-LUMO gap:    0.22492283 H =     +6.12047 eV
 
 ==============================================================================


    ------------------------------------------------------------------------
         total  cpu-time :  3 minutes and 35 seconds
         total wall-time :  13.71 seconds
    ------------------------------------------------------------------------

   ****  ridft : all done  ****


    2026-04-15 19:56:45.475 

 ridft ended normally
