
   OpenMP run-time library returned nthreads = 16

 ridft (s02r1b51) : TURBOMOLE rev. V7-8-1 compiled 26 Feb 2024 at 17:12:58
 Copyright (C) 2024 TURBOMOLE GmbH, Karlsruhe


    2026-04-15 19:55:42.550 



                                  r i d f t

                        DFT program with RI approximation 
                                for coulomb part 





                                 References:     
                                                 
          TURBOMOLE:                             
              R. Ahlrichs, M. Baer, M. Haeser, H. Horn, and
              C. Koelmel
              Electronic structure calculations on workstation
              computers: the program system TURBOMOLE
              Chem. Phys. Lett. 162: 165 (1989)
          Density Functional:                              
              O. Treutler and R. Ahlrichs                      
              Efficient Molecular Numerical Integration Schemes
              J. Chem. Phys. 102: 346 (1995)                   
          Parallel Version:                                
              Performance of parallel TURBOMOLE for Density    
              Functional Calculations                          
              M. v. Arnim and R. Ahlrichs                      
              J. Comp. Chem. 19: 1746 (1998)                   
          RI-J Method:                                     
              Auxiliary Basis Sets to approximate Coulomb      
              Potentials                                       
              Chem. Phys. Lett. 240: 283 (1995)                
              K. Eichkorn, O. Treutler, H. Oehm, M. Haeser     
              and R. Ahlrichs                                  
              Chem. Phys. Lett. 242: 652 (1995)                
                                                           
              Auxiliary Basis Sets for Main Row Atoms and their
              Use to approximate Coulomb Potentials            
              K. Eichkorn, F. Weigend, O. Treutler and         
              R. Ahlrichs                                      
              Theo. Chem. Acc. 97: 119 (1997)                  
                                                           
              Accurate Coulomb-fitting basis sets for H to Rn 
              F. Weigend                                       
              Phys. Chem. Chem. Phys. 8: 1057 (2006)           
                                                           
          Multipole accelerated RI-J (MARI-J):             
              Fast evaluation of the Coulomb potential for     
              electron densities using multipole accelerated   
              resolution of identity approximation             
              M. Sierka, A. Hogekamp and R. Ahlrichs           
              J. Chem. Phys. 118: 9136 (2003)                  
          RI-JK Method:                                     
              A fully direct RI-HF algorithm: Implementation,
              optimised auxiliary basis sets, demonstration of
              accuracy and efficiency                         
              F. Weigend                                      
              Phys. Chem. Chem. Phys. 4: 4285 (2002)           
          Two-component HF and DFT with spin-orbit coupling:  
              Self-consistent treatment of spin-orbit         
              interactions with efficient Hartree-Fock and    
              density functional methods                      
              M. K. Armbruster, F. Weigend, C. van Wüllen and 
              W. Klopper                                      
              Phys. Chem. Chem. Phys. 10: 1748 (2008)         
          Two-component difference density and DIIS algorithm 
              Efficient two-component self-consistent field   
              procedures and gradients: implementation in     
              TURBOMOLE and application to Au20-              
              A. Baldes, F. Weigend                           
              Mol. Phys. 111: 2617 (2013)                     
          Relativistic current density functional theory      
              Current density functional framework for        
              spin-orbit coupling                             
              C. Holzer, Y. J. Franzke, A. Pausch             
              J. Chem. Phys. 157: 204102 (2022)               
          Relativistic all-electron 2c calculations           
              An efficient implementation of two-component    
              relativistic exact-decoupling methods for large 
              molecules                                       
              D. Peng, N. Middendorf, F. Weigend, M. Reiher   
              J. Chem. Phys. 138: 184105 (2013)               
          Finite nucleus model and SNSO approximation         
              Efficient implementation of one- and two-       
              component analytical energy gradients in exact  
              two-component theory                            
              Y. J. Franzke, N. Middendorf, F. Weigend        
              J. Chem. Phys. 148: 104110 (2018)               
          Grids for all-electron relativistic methods         
              Error-consistent segmented contracted all-      
              electron relativistic basis sets of double-     
              and triple-zeta quality for NMR shielding       
              constants                                       
              Y. J. Franzke, R. Tress, T. M. Pazdera,         
              F. Weigend                                      
              Phys. Chem. Chem. Phys. 21: 166658 (2019)       
          Seminumerical exchange algorithms                   
              Seminumerical calculation of the Hartree-Fock   
              exchange matirx: Application to two-component   
              procedures and efficient evaluation of local    
              hybrid functionsl                               
              P. Plessow, F. Weigend,                         
              J. Comput. Chem. 33: 810 (2012)                 
          Improved seminumerical algorithms                   
              C. Holzer,                                      
              J. Chem. Phys. 153 (2020), 184115               






          OpenMP Shared-Memory Parallelization: 16 CPUs.

            By: Christof Holzer and Yannick J. Franzke


              +--------------------------------------------------+
              |      general information about current run       |
              +--------------------------------------------------+

 
 Becke-3-Parameter hybrid functional: B3-LYP
 exchange:    0.8*LDA + 0.72*B88 + 0.2*HF
 correlation: 0.19*LDA(VWN) + 0.81*LYP
 A Hybrid-DFT calculation using the RI-J approximation will be carried out.
 Allocatable memory for RI due to $ricore (MB):                  5000


              +--------------------------------------------------+
              | Atomic coordinate, charge and isotop information |
              +--------------------------------------------------+

                    atomic coordinates            atom    charge  isotop
         -1.97373141   -1.58453082    0.32319354    c      6.000     0
         -2.45499023    1.11967483   -0.49978894    c      6.000     0
         -4.51850706    1.93804296   -0.91797560    o      8.000     0
         -0.37519436    2.57960330   -0.72778317    o      8.000     0
          1.97840701    1.59949496    0.19675940    c      6.000     0
          2.44620531   -1.14766493   -0.47865865    c      6.000     0
          4.50226703   -1.98980923   -0.88603047    o      8.000     0
          0.36350987   -2.61694570   -0.58558941    o      8.000     0
         -3.46975623   -2.77355967   -0.42410405    h      1.000     0
         -2.02842811   -1.68413803    2.39056814    h      1.000     0
          2.07004123    1.81700586    2.25364037    h      1.000     0
          3.46017694    2.74282648   -0.64423115    h      1.000     0
 
       center of nuclear mass  :   -0.00399610   -0.01274353   -0.44608463
       center of nuclear charge:   -0.00360030   -0.01148151   -0.40190206

              +--------------------------------------------------+
              |               basis set information              |
              +--------------------------------------------------+

              we will work with the 1s 3p 5d 7f 9g ... basis set
              ...i.e. with spherical basis functions...

   type   atoms  prim   cont   basis
   ---------------------------------------------------------------------------
    c        4     46     31   def2-TZVP   [5s3p2d1f|11s6p2d1f]
    o        4     46     31   def2-TZVP   [5s3p2d1f|11s6p2d1f]
    h        4      8      6   def2-TZVP   [3s1p|5s1p]
   ---------------------------------------------------------------------------
   total:   12    400    272
   ---------------------------------------------------------------------------

   total number of primitive shells          :   46
   total number of contracted shells         :  104
   total number of cartesian basis functions :  312
   total number of SCF-basis functions       :  272


 integral neglect threshold       :  0.11E-10
 integral storage threshold THIZE :  0.10E-04
 integral storage threshold THIME :         5

 RI-J AUXILIARY BASIS SET information:

              we will work with the 1s 3p 5d 7f 9g ... basis set
              ...i.e. with spherical basis functions...

   type   atoms  prim   cont   basis
   ---------------------------------------------------------------------------
    c        4     70     49   def2-TZVP   [6s4p3d1f1g|12s5p4d2f1g]
    o        4     70     49   def2-TZVP   [6s4p3d1f1g|12s5p4d2f1g]
    h        4     16     11   def2-TZVP   [3s1p1d|5s2p1d]
   ---------------------------------------------------------------------------
   total:   12    624    436
   ---------------------------------------------------------------------------

   total number of primitive shells          :   56
   total number of contracted shells         :  140
   total number of cartesian basis functions :  536
   total number of SCF-basis functions       :  436


 symmetry group of the molecule :   c1 

 the group has the following generators :
   c1(z)

    1 symmetry operations found

 there are 1 real representations :   a   

 maximum number of shells which are related by symmetry :  1

  
           ------------------
           density functional
           ------------------
 Becke-3-Parameter hybrid functional: B3-LYP
 exchange:    0.8*LDA + 0.72*B88 + 0.2*HF
 correlation: 0.19*LDA(VWN) + 0.81*LYP
 iterations will be done with small grid
  
 spherical integration : Lebedev's spherical grid
 spherical gridsize    :                     3
    i.e. gridpoints    :                   302
  maximum batchsize    :                   100
 value for diffuse not defined
 radial integration    : Chebyshev 2nd kind (scaling 3)
 radial gridsize       :                     3
 integration cells     :                    12
 partition function    : becke
 partition sharpness   :                     3
  

 biggest AO integral is expected to be     7.998976882

          ------------------------
          nuclear repulsion energy  :   379.404228001    
          ------------------------


         -----------------
         -S,T+V- integrals
         -----------------

 1e-integrals will be neglected if expon. factor < 0.107114E-11
 
 Difference densities algorithm switched on.
 The maximal number of linear combinations of
 difference densities is  20.

 DIIS switched on: error vector is FDS-SDF
 Max. Iterations for DIIS is     :   4
 DIIS matrix (see manual) 
    Scaling factor of diagonals  :  1.200
    threshold for scaling factor :  0.000

 scf convergence criterion : increment of total energy < .1000000D-06
                  and increment of one-electron energy < .1000000D-03

 MOs are in ASCII format !


    mo occupation :
   irrep   mo's   occupied
    a      272       30
 
 number of basis functions   :   272
 number of occupied orbitals :    30
 

 reading orbital data $scfmo  from file mos
 orbital characterization : scfconv=7
 mo-orthogonalization by Cholesky decomposition

 automatic virtual orbital shift switched on 
      shift if e(lumo)-e(homo) < 0.10000000    

  
           ------------------------
               RI-J - INFORMATION
           ------------------------
 Contributions to RI integral batches: 
  neglected integral batches:                   502
  direct contribution:                            0
  memory contribution:                  4958
 Memory core needed for (P|Q) and Cholesky      2 MByte
 Memory core minimum needed except of (P|Q)     1 MByte
 Total minimum memory core needed (sum)         2 MByte
  
 ****************************************
 Memory allocated for RI-J   186 MByte
 ****************************************
                                            

 DSCF restart information will be dumped onto file mos


 Starting SCF iterations

          Overall gridpoints after grid construction =         17562

 ITERATION  ENERGY          1e-ENERGY        2e-ENERGY     NORM[dD(SAO)]  TOL
   1  -455.68980144675    -1374.5007664     539.40673699    0.000D+00 0.107D-10
                            Exc = -46.3859252093     Coul =  596.808697902    
                            exK = -11.0160357055    
                              N = 60.001329713    
                            current damping = 0.300
 
          max. resid. norm for Fia-block=  2.670D-06 for orbital     30a         
          max. resid. fock norm         =  9.457D-06 for orbital    270a         

 ITERATION  ENERGY          1e-ENERGY        2e-ENERGY     NORM[dD(SAO)]  TOL
   2  -455.68980144712    -1374.5008862     539.40685675    0.229D-04 0.677D-11
                            Exc = -46.3859346184      Eck =  585.792791373    
                              N = 60.001329713    
                            current damping = 0.300
 
          Norm of current diis error: 0.41757E-04
          max. resid. norm for Fia-block=  1.450D-06 for orbital     28a         
          max. resid. fock norm         =  5.095D-06 for orbital    270a         

 ENERGY CONVERGED !

          Overall gridpoints after grid construction =         63387

 ITERATION  ENERGY          1e-ENERGY        2e-ENERGY     NORM[dD(SAO)]  TOL
   3  -455.68961508668    -1374.5008744     539.40703126    0.615D-05 0.638D-11
                            Exc = -46.3857465859      Eck =  585.792777850    
                              N = 59.999966574    
                            current damping = 0.350
 
          Norm of current diis error: 0.78207E-05
          max. resid. norm for Fia-block=  3.456D-07 for orbital     20a         
          max. resid. fock norm         =  4.894D-07 for orbital     54a         

 End of SCF iterations

   convergence criteria satisfied after     3 iterations


                  ------------------------------------------ 
                 |  total energy      =   -455.68961508668  |
                  ------------------------------------------ 
                 :  kinetic energy    =    453.91707154516  :
                 :  potential energy  =   -909.60668663184  :
                 :  virial theorem    =      1.99611019544  :
                 :  wavefunction norm =      1.00000000000  :
                  .......................................... 


 <geterg> : there is no data group $energy 


 <skperg> : $end is missing 


 orbitals $scfmo  will be written to file mos

    irrep                 26a         27a         28a         29a         30a   
 eigenvalues H         -0.38674    -0.35066    -0.34143    -0.30182    -0.30155
            eV         -10.5237     -9.5419     -9.2909     -8.2129     -8.2055
 occupation              2.0000      2.0000      2.0000      2.0000      2.0000

    irrep                 31a         32a         33a         34a         35a   
 eigenvalues H         -0.03378    -0.03232     0.00725     0.05055     0.05509
            eV          -0.9193     -0.8794      0.1974      1.3757      1.4992
 
 
 
 
 ==============================================================================
                           electrostatic moments
 ==============================================================================

 reference point for electrostatic moments:    0.00000   0.00000   0.00000

 
              nuc           elec       ->  total
 ------------------------------------------------------------------------------
                          charge      
 ------------------------------------------------------------------------------
          60.000000     -60.000000       0.000000
 
 ------------------------------------------------------------------------------
                       dipole moment  
 ------------------------------------------------------------------------------
   x      -0.216018       0.224102       0.008084
   y      -0.688891       0.715014       0.026123
   z     -24.114124      25.035524       0.921400
 
   | dipole moment | =     0.9218 a.u. =     2.3430 debye 
 
 ------------------------------------------------------------------------------
                     quadrupole moment
 ------------------------------------------------------------------------------
  xx     479.017066    -520.884482     -41.867415
  yy     236.938007    -273.796264     -36.858257
  zz      35.123537     -67.068396     -31.944859
  xy    -126.373088     134.946900       8.573812
  xz      -0.345460       0.188700      -0.156759
  yz      -4.655686       4.719580       0.063894
 
     1/3  trace=     -36.890177
     anisotropy=      17.159892
 
 ==============================================================================
 
HOMO-LUMO Separation
 HOMO         :   -0.30154560 H =     -8.20548 eV
 LUMO         :   -0.03378372 H =     -0.91930 eV
 HOMO-LUMO gap:    0.26776189 H =     +7.28618 eV
 
 ==============================================================================


    ------------------------------------------------------------------------
         total  cpu-time :  40.96 seconds
         total wall-time :   2.90 seconds
    ------------------------------------------------------------------------

   ****  ridft : all done  ****


    2026-04-15 19:55:45.422 

 ridft ended normally
