
   OpenMP run-time library returned nthreads = 16

 ridft (s02r2b81) : TURBOMOLE rev. V7-8-1 compiled 26 Feb 2024 at 17:12:58
 Copyright (C) 2024 TURBOMOLE GmbH, Karlsruhe


    2026-04-15 19:55:35.055 



                                  r i d f t

                        DFT program with RI approximation 
                                for coulomb part 





                                 References:     
                                                 
          TURBOMOLE:                             
              R. Ahlrichs, M. Baer, M. Haeser, H. Horn, and
              C. Koelmel
              Electronic structure calculations on workstation
              computers: the program system TURBOMOLE
              Chem. Phys. Lett. 162: 165 (1989)
          Density Functional:                              
              O. Treutler and R. Ahlrichs                      
              Efficient Molecular Numerical Integration Schemes
              J. Chem. Phys. 102: 346 (1995)                   
          Parallel Version:                                
              Performance of parallel TURBOMOLE for Density    
              Functional Calculations                          
              M. v. Arnim and R. Ahlrichs                      
              J. Comp. Chem. 19: 1746 (1998)                   
          RI-J Method:                                     
              Auxiliary Basis Sets to approximate Coulomb      
              Potentials                                       
              Chem. Phys. Lett. 240: 283 (1995)                
              K. Eichkorn, O. Treutler, H. Oehm, M. Haeser     
              and R. Ahlrichs                                  
              Chem. Phys. Lett. 242: 652 (1995)                
                                                           
              Auxiliary Basis Sets for Main Row Atoms and their
              Use to approximate Coulomb Potentials            
              K. Eichkorn, F. Weigend, O. Treutler and         
              R. Ahlrichs                                      
              Theo. Chem. Acc. 97: 119 (1997)                  
                                                           
              Accurate Coulomb-fitting basis sets for H to Rn 
              F. Weigend                                       
              Phys. Chem. Chem. Phys. 8: 1057 (2006)           
                                                           
          Multipole accelerated RI-J (MARI-J):             
              Fast evaluation of the Coulomb potential for     
              electron densities using multipole accelerated   
              resolution of identity approximation             
              M. Sierka, A. Hogekamp and R. Ahlrichs           
              J. Chem. Phys. 118: 9136 (2003)                  
          RI-JK Method:                                     
              A fully direct RI-HF algorithm: Implementation,
              optimised auxiliary basis sets, demonstration of
              accuracy and efficiency                         
              F. Weigend                                      
              Phys. Chem. Chem. Phys. 4: 4285 (2002)           
          Two-component HF and DFT with spin-orbit coupling:  
              Self-consistent treatment of spin-orbit         
              interactions with efficient Hartree-Fock and    
              density functional methods                      
              M. K. Armbruster, F. Weigend, C. van Wüllen and 
              W. Klopper                                      
              Phys. Chem. Chem. Phys. 10: 1748 (2008)         
          Two-component difference density and DIIS algorithm 
              Efficient two-component self-consistent field   
              procedures and gradients: implementation in     
              TURBOMOLE and application to Au20-              
              A. Baldes, F. Weigend                           
              Mol. Phys. 111: 2617 (2013)                     
          Relativistic current density functional theory      
              Current density functional framework for        
              spin-orbit coupling                             
              C. Holzer, Y. J. Franzke, A. Pausch             
              J. Chem. Phys. 157: 204102 (2022)               
          Relativistic all-electron 2c calculations           
              An efficient implementation of two-component    
              relativistic exact-decoupling methods for large 
              molecules                                       
              D. Peng, N. Middendorf, F. Weigend, M. Reiher   
              J. Chem. Phys. 138: 184105 (2013)               
          Finite nucleus model and SNSO approximation         
              Efficient implementation of one- and two-       
              component analytical energy gradients in exact  
              two-component theory                            
              Y. J. Franzke, N. Middendorf, F. Weigend        
              J. Chem. Phys. 148: 104110 (2018)               
          Grids for all-electron relativistic methods         
              Error-consistent segmented contracted all-      
              electron relativistic basis sets of double-     
              and triple-zeta quality for NMR shielding       
              constants                                       
              Y. J. Franzke, R. Tress, T. M. Pazdera,         
              F. Weigend                                      
              Phys. Chem. Chem. Phys. 21: 166658 (2019)       
          Seminumerical exchange algorithms                   
              Seminumerical calculation of the Hartree-Fock   
              exchange matirx: Application to two-component   
              procedures and efficient evaluation of local    
              hybrid functionsl                               
              P. Plessow, F. Weigend,                         
              J. Comput. Chem. 33: 810 (2012)                 
          Improved seminumerical algorithms                   
              C. Holzer,                                      
              J. Chem. Phys. 153 (2020), 184115               






          OpenMP Shared-Memory Parallelization: 16 CPUs.

            By: Christof Holzer and Yannick J. Franzke


              +--------------------------------------------------+
              |      general information about current run       |
              +--------------------------------------------------+

 
 Becke-3-Parameter hybrid functional: B3-LYP
 exchange:    0.8*LDA + 0.72*B88 + 0.2*HF
 correlation: 0.19*LDA(VWN) + 0.81*LYP
 A Hybrid-DFT calculation using the RI-J approximation will be carried out.
 Allocatable memory for RI due to $ricore (MB):                  1000


              +--------------------------------------------------+
              | Atomic coordinate, charge and isotop information |
              +--------------------------------------------------+

                    atomic coordinates            atom    charge  isotop
         -2.40717968   -0.11183182    1.79413733    c      6.000     0
         -0.60057231   -1.01556460    0.30466496    c      6.000     0
          1.28878775    0.68469975   -0.87007204    c      6.000     0
          1.40125699    2.94731549   -0.62728012    o      8.000     0
          2.95049605   -0.63169871   -2.31031713    o      8.000     0
         -2.53392848    1.89425094    2.17937350    h      1.000     0
         -3.79250223   -1.34340809    2.65767785    h      1.000     0
         -0.43072803   -3.01110632   -0.11153940    h      1.000     0
          4.12437184    0.58734337   -3.01664494    h      1.000     0
 
       center of nuclear mass  :    0.64282924    0.41412192   -0.42349562
       center of nuclear charge:    0.57545926    0.36831142   -0.37946130

              +--------------------------------------------------+
              |               basis set information              |
              +--------------------------------------------------+

              we will work with the 1s 3p 5d 7f 9g ... basis set
              ...i.e. with spherical basis functions...

   type   atoms  prim   cont   basis
   ---------------------------------------------------------------------------
    c        3     46     31   def2-TZVP   [5s3p2d1f|11s6p2d1f]
    o        2     46     31   def2-TZVP   [5s3p2d1f|11s6p2d1f]
    h        4      8      6   def2-TZVP   [3s1p|5s1p]
   ---------------------------------------------------------------------------
   total:    9    262    179
   ---------------------------------------------------------------------------

   total number of primitive shells          :   46
   total number of contracted shells         :   71
   total number of cartesian basis functions :  204
   total number of SCF-basis functions       :  179


 integral neglect threshold       :  0.16E-10
 integral storage threshold THIZE :  0.10E-04
 integral storage threshold THIME :         5

 RI-J AUXILIARY BASIS SET information:

              we will work with the 1s 3p 5d 7f 9g ... basis set
              ...i.e. with spherical basis functions...

   type   atoms  prim   cont   basis
   ---------------------------------------------------------------------------
    c        3     70     49   def2-TZVP   [6s4p3d1f1g|12s5p4d2f1g]
    o        2     70     49   def2-TZVP   [6s4p3d1f1g|12s5p4d2f1g]
    h        4     16     11   def2-TZVP   [3s1p1d|5s2p1d]
   ---------------------------------------------------------------------------
   total:    9    414    289
   ---------------------------------------------------------------------------

   total number of primitive shells          :   56
   total number of contracted shells         :   95
   total number of cartesian basis functions :  353
   total number of SCF-basis functions       :  289


 symmetry group of the molecule :   c1 

 the group has the following generators :
   c1(z)

    1 symmetry operations found

 there are 1 real representations :   a   

 maximum number of shells which are related by symmetry :  1

  
           ------------------
           density functional
           ------------------
 Becke-3-Parameter hybrid functional: B3-LYP
 exchange:    0.8*LDA + 0.72*B88 + 0.2*HF
 correlation: 0.19*LDA(VWN) + 0.81*LYP
 iterations will be done with small grid
  
 spherical integration : Lebedev's spherical grid
 spherical gridsize    :                     3
    i.e. gridpoints    :                   302
  maximum batchsize    :                   100
 value for diffuse not defined
 radial integration    : Chebyshev 2nd kind (scaling 3)
 radial gridsize       :                     3
 integration cells     :                     9
 partition function    : becke
 partition sharpness   :                     3
  

 biggest AO integral is expected to be     7.998976882

          ------------------------
          nuclear repulsion energy  :   162.416628520    
          ------------------------


         -----------------
         -S,T+V- integrals
         -----------------

 1e-integrals will be neglected if expon. factor < 0.163822E-11
 
 Difference densities algorithm switched on.
 The maximal number of linear combinations of
 difference densities is  20.

 DIIS switched on: error vector is FDS-SDF
 Max. Iterations for DIIS is     :   4
 DIIS matrix (see manual) 
    Scaling factor of diagonals  :  1.200
    threshold for scaling factor :  0.000

 scf convergence criterion : increment of total energy < .1000000D-06
                  and increment of one-electron energy < .1000000D-03

 MOs are in ASCII format !


    mo occupation :
   irrep   mo's   occupied
    a      179       19
 
 number of basis functions   :   179
 number of occupied orbitals :    19
 

 reading orbital data $scfmo  from file mos
 orbital characterization : scfconv=7
 mo-orthogonalization by Cholesky decomposition

 automatic virtual orbital shift switched on 
      shift if e(lumo)-e(homo) < 0.10000000    

  
           ------------------------
               RI-J - INFORMATION
           ------------------------
 Contributions to RI integral batches: 
  neglected integral batches:                   150
  direct contribution:                            0
  memory contribution:                  2406
 Memory core needed for (P|Q) and Cholesky      1 MByte
 Memory core minimum needed except of (P|Q)     1 MByte
 Total minimum memory core needed (sum)         1 MByte
  
 ****************************************
 Memory allocated for RI-J    56 MByte
 ****************************************
                                            

 DSCF restart information will be dumped onto file mos


 Starting SCF iterations

          Overall gridpoints after grid construction =         12385

 ITERATION  ENERGY          1e-ENERGY        2e-ENERGY     NORM[dD(SAO)]  TOL
   1  -267.14171118790    -685.25856232     255.70022261    0.000D+00 0.163D-10
                            Exc = -28.1353625176     Coul =  290.515369401    
                            exK = -6.67978427049    
                              N = 37.999903574    
                            current damping = 0.300
 
          max. resid. norm for Fia-block=  5.062D-05 for orbital     19a         
          max. resid. fock norm         =  1.604D-04 for orbital    177a         

 ITERATION  ENERGY          1e-ENERGY        2e-ENERGY     NORM[dD(SAO)]  TOL
   2  -267.14171117453    -685.25850418     255.70016449    0.326D-03 0.104D-10
                            Exc = -28.1353832258      Eck =  283.835547715    
                              N = 37.999903557    
                            current damping = 0.300
 
          Norm of current diis error: 0.66818E-03
          max. resid. norm for Fia-block=  2.245D-05 for orbital     19a         
          max. resid. fock norm         =  4.094D-05 for orbital    163a         

 ENERGY CONVERGED !

          Overall gridpoints after grid construction =         45702

 ITERATION  ENERGY          1e-ENERGY        2e-ENERGY     NORM[dD(SAO)]  TOL
   3  -267.14172782480    -685.25850722     255.70015087    0.269D-04 0.978D-11
                            Exc = -28.1353859409      Eck =  283.835536814    
                              N = 37.999995345    
                            current damping = 0.350
 
          Norm of current diis error: 0.20205E-03
          max. resid. norm for Fia-block=  9.044D-06 for orbital     17a         
          max. resid. fock norm         =  1.704D-05 for orbital    163a         

 End of SCF iterations

   convergence criteria satisfied after     3 iterations


                  ------------------------------------------ 
                 |  total energy      =   -267.14172782480  |
                  ------------------------------------------ 
                 :  kinetic energy    =    266.06376430657  :
                 :  potential energy  =   -533.20549213137  :
                 :  virial theorem    =      1.99596482539  :
                 :  wavefunction norm =      1.00000000000  :
                  .......................................... 


 <geterg> : there is no data group $energy 


 <skperg> : $end is missing 


 orbitals $scfmo  will be written to file mos

    irrep                 15a         16a         17a         18a         19a   
 eigenvalues H         -0.42093    -0.38708    -0.33483    -0.29779    -0.28982
            eV         -11.4542    -10.5331     -9.1113     -8.1035     -7.8865
 occupation              2.0000      2.0000      2.0000      2.0000      2.0000

    irrep                 20a         21a         22a         23a         24a   
 eigenvalues H         -0.06246     0.03553     0.06212     0.06843     0.08704
            eV          -1.6997      0.9667      1.6904      1.8621      2.3686
 
 
 
 
 ==============================================================================
                           electrostatic moments
 ==============================================================================

 reference point for electrostatic moments:    0.00000   0.00000   0.00000

 
              nuc           elec       ->  total
 ------------------------------------------------------------------------------
                          charge      
 ------------------------------------------------------------------------------
          38.000000     -38.000000      -0.000000
 
 ------------------------------------------------------------------------------
                       dipole moment  
 ------------------------------------------------------------------------------
   x      21.867452     -22.026324      -0.158872
   y      13.995834     -14.588064      -0.592230
   z     -14.419530      14.453157       0.033628
 
   | dipole moment | =     0.6141 a.u. =     1.5609 debye 
 
 ------------------------------------------------------------------------------
                     quadrupole moment
 ------------------------------------------------------------------------------
  xx     170.248471    -188.744016     -18.495545
  yy      96.566510    -121.215441     -24.648932
  zz      91.186522    -111.599612     -20.413090
  xy      32.712658     -32.231110       0.481548
  xz    -123.298580     120.307577      -2.991003
  yz     -10.627680       9.964867      -0.662813
 
     1/3  trace=     -21.185856
     anisotropy=       7.654651
 
 ==============================================================================
 
HOMO-LUMO Separation
 HOMO         :   -0.28982004 H =     -7.88641 eV
 LUMO         :   -0.06246313 H =     -1.69971 eV
 HOMO-LUMO gap:    0.22735691 H =     +6.18670 eV
 
 ==============================================================================


    ------------------------------------------------------------------------
         total  cpu-time :  21.24 seconds
         total wall-time :   1.54 seconds
    ------------------------------------------------------------------------

   ****  ridft : all done  ****


    2026-04-15 19:55:36.566 

 ridft ended normally
