
   OpenMP run-time library returned nthreads = 16

 force (s02r1b81) : TURBOMOLE rev. V7-8-1 compiled 26 Feb 2024 at 17:12:58
 Copyright (C) 2024 TURBOMOLE GmbH, Karlsruhe


    2026-04-15 19:55:49.235 



                             T U R B O M O L E   

                          a o f o r c e - program

                        using direct algorithms for

                       SCF level calculations of
                         * harmonic force constants
                         * hyperpolarizabilities
                         * IR and RAMAN intensities
                         * VCD intensities

                       DFT level calculations of
                         * harmonic force constants
                         * IR intensities
                                                   
       Stephan Boecker, Peter Deglmann, Filipp Furche and Marco Haeser
                          Quantum Chemistry Group
                          Universitaet  Karlsruhe
                                   Germany

 
 

          OpenMP Shared-Memory Parallelization: 16 CPUs.

            By: Erik P. Almaraz and Filipp Furche
            Copyright 2009-2011 by UCI and TURBOMOLE GmbH.

            Revised By: Christof Holzer and Yannick J. Franzke.

 
 
     References :
 
       RI-J implementation:
         Peter Deglmann, Klaus May, Filipp Furche, Reinhart Ahlrichs
                 Chem. Phys. Lett. 384:103 (2004)
 
       Efficiency, technical details:
         Peter Deglmann, Filipp Furche, Reinhart Ahlrichs
                 Chem. Phys. Lett. 362:511 (2002)
 
       Search of lowest eigenvalues by iterative diagonalization:
         Peter Deglmann, Filipp Furche
                 J. Chem. Phys. 117:9535 (2002)
 
       Vibrational circular dichroism implementation:
        Kevin Reiter, Michael Kuehn, Florian Weigend
                 J. Chem. Phys. 146:054102 (2017)  
 
 


              +--------------------------------------------------+
              | Atomic coordinate, charge and isotop information |
              +--------------------------------------------------+

                    atomic coordinates            atom    charge  isotop
          0.92586590    2.42478914   -0.08800488    c      6.000     0
          2.55993786    0.49271037    0.02184886    c      6.000     0
          1.69627978   -2.12866499    0.11888131    c      6.000     0
          3.03146211   -3.98021752    0.21886121    o      8.000     0
         -0.94830326   -2.31077525    0.08360420    n      7.000     0
         -2.71910564   -0.38543682   -0.02855758    c      6.000     0
         -4.97946160   -0.73548411   -0.05124008    o      8.000     0
         -1.63885712    1.99691746   -0.11275024    n      7.000     0
          5.05393807    0.89049853    0.04623851    f      9.000     0
          1.54764654    4.36859871   -0.16077325    h      1.000     0
         -1.66331070   -4.08185692    0.14692541    h      1.000     0
         -2.86609194    3.44892328   -0.19503348    h      1.000     0
 
       center of nuclear mass  :    0.42428036   -0.41755938    0.02484481
       center of nuclear charge:    0.35738538   -0.39018302    0.02256391

              +--------------------------------------------------+
              |               basis set information              |
              +--------------------------------------------------+

              we will work with the 1s 3p 5d 7f 9g ... basis set
              ...i.e. with spherical basis functions...

   type   atoms  prim   cont   basis
   ---------------------------------------------------------------------------
    c        4     46     31   def2-TZVP   [5s3p2d1f|11s6p2d1f]
    o        2     46     31   def2-TZVP   [5s3p2d1f|11s6p2d1f]
    n        2     46     31   def2-TZVP   [5s3p2d1f|11s6p2d1f]
    f        1     46     31   def2-TZVP   [5s3p2d1f|11s6p2d1f]
    h        3      8      6   def2-TZVP   [3s1p|5s1p]
   ---------------------------------------------------------------------------
   total:   12    438    297
   ---------------------------------------------------------------------------

   total number of primitive shells          :   86
   total number of contracted shells         :  111
   total number of cartesian basis functions :  342
   total number of SCF-basis functions       :  297

 
             FOUND RI-J FLAG !
 

 NOTE: THIS IS A PRELIMINARY IMPLEMENTATION. THE RI APPROXIMATION IS
       PRESENTLY USED FOR CPKS CONTRIBUTIONS TO THE HESSIAN ONLY! SEE
       MANUAL FOR FURTHER DETAILS.

  
 AUXILIARY BASIS SET information:

              we will work with the 1s 3p 5d 7f 9g ... basis set
              ...i.e. with spherical basis functions...

   type   atoms  prim   cont   basis
   ---------------------------------------------------------------------------
    c        4     70     49   def2-TZVP   [6s4p3d1f1g|12s5p4d2f1g]
    o        2     70     49   def2-TZVP   [6s4p3d1f1g|12s5p4d2f1g]
    n        2     70     49   def2-TZVP   [6s4p3d1f1g|12s5p4d2f1g]
    f        1     70     49   def2-TZVP   [6s4p3d1f1g|12s5p4d2f1g]
    h        3     16     11   def2-TZVP   [3s1p1d|5s2p1d]
   ---------------------------------------------------------------------------
   total:   12    678    474
   ---------------------------------------------------------------------------

   total number of primitive shells          :  104
   total number of contracted shells         :  150
   total number of cartesian basis functions :  585
   total number of SCF-basis functions       :  474


 symmetry group of the molecule :   c1 

 the group has the following generators :
   c1(z)

    1 symmetry operations found

 there are 1 real representations :   a   

 maximum number of shells which are related by symmetry :  1


 determining totally symmetric integral contributions 
    - equivalent to irreducible tensor elements - 
 which can be formed within each triple of representations :

             representation triple      contributions

              a     a     a               1
  MOs are in ASCII format !

  MOs are in ASCII format !


    mo occupation :
   irrep   mo's   occupied
    a      297       33
 
 number of basis functions   :   297
 number of occupied orbitals :    33
 

 reading orbital data $scfmo  from file mos
 orbital characterization : scfconv=7
 time elapsed for calculating density matrices :   0.143 sec
 all orbitals will be included in the transformation

 number of non-frozen orbitals          :   297
 number of non-frozen occupied orbitals :    33


 Blocking parameters 
 shells:
    index      start shell   last shell  start bf    last bf    #bf 
       1             1         111             1        342    342
          size of I/O Block in Byte:               33685632
  
           ----------------------
               RI - INFORMATION
           ----------------------

 biggest AO integral is expected to be     9.133500319

 Threshold for integral neglect (rithr2):   0.73E-11
 Threshold for integral neglect (rithr1):   0.73E-11

 Contributions to RI integral batches: 
  neglected integral batches:                   650
  direct contribution:                            0
  memory contribution:                  5566
 Core memory available (ricore)            1000 MiB
 Core memory needed for (P|Q) and Cholesky 2 MiB
 Core memory used for integrals            239 MiB
  
 ****************************************
 Memory allocated for RIDFT 241 MiB
 ****************************************
                                            
  
           ------------------
           density functional
           ------------------
 Becke-3-Parameter hybrid functional: B3-LYP
 exchange:    0.8*LDA + 0.72*B88 + 0.2*HF
 correlation: 0.19*LDA(VWN) + 0.81*LYP
 iterations will be done with small grid
  
 spherical integration : Lebedev's spherical grid
 spherical gridsize    :                     3
    i.e. gridpoints    :                   302
  maximum batchsize    :                   100
 value for diffuse not defined
 radial integration    : Chebyshev 2nd kind (scaling 3)
 radial gridsize       :                     3
 integration cells     :                    12
 partition function    : becke
 partition sharpness   :                     3
  
 
 Derivatives of quadrature weights will be included
 
 preparing DFT   numerical integration ....
          Overall gridpoints after grid construction =         66101
 Ordering of quadrature gridpoints disabled.
 
 
 
 
 OCCUPIED-OCCUPIED TENSOR SPACES :

          IRREP   tensor space dimension   number of roots

           a                1089                     30
 
 OCCUPIED-VIRTUAL TENSOR SPACES :

          IRREP   tensor space dimension   number of roots

           a                8712                     30
 
 
 
 
 CONSTRUCTING integral bounds

 setting up bound for integral derivative estimation

 increment for numerical differentiation : 0.00050000
 
 machine precision:   2.220446049250313E-016

 integral neglect threshold       :  0.10E-09
 integral storage threshold THIZE :  0.10E-04
 integral storage threshold THIME :         5

 
 
 
 PREPARING NUMERICAL INTEGRATION
 
 Remaining core memory for DFT =                  7903 MB
 
 Memory needed per atom    =                  1374 KiB
 
     i. e.                    12 atoms per loop

 Calculating ground state density on molecular grid

 Integral of ground state density: N =   65.99993991544765    


 
 
 CONSTRUCTING first deriv. of <mu|x,y,z|nu> -> Dip. deriv.
  dipole integral derivatives will be neglected if
  expon. factor <0.146199E-11
      ...terminated. cpu:       0.33       wall:       0.02
 
 
 
 
 CONSTRUCTING first deriv. of  <mu|nu>
                               <mu|h|nu>    -> RHS
              second deriv. of <mu|nu>      -> Hessian
                               <mu|h|nu>    -> Hessian
                               nucl. rep.   -> Hessian
     integrals are neglected if expon. factor <  1.461988304093567E-013
      ...terminated. cpu:       1.28       wall:       0.08



 CONSTRUCTING second deriv. of 2e energy    -> Hessian
  treating Coulomb (and exchange) contribution
  integrals will be neglected if total contribution <  0.14619883E-08
      ...terminated. cpu:     360.80       wall:      30.36
  treating exchange-correlation contribution
      ...terminated. cpu:      68.75       wall:       4.48
 
 
 
 
 CONSTRUCTING S(i,j)xi
      ...terminated. cpu:       0.18       wall:       0.01
 
 
 
 
 CONSTRUCTING <i|x,y,z|j>*S(i,j)xi          -> Dip. deriv.
      ...terminated. cpu:       0.04       wall:       0.00
 
 
 
 
 CONSTRUCTING epsilon(i)*S(i,j)xi*S(i,j)chi -> Hessian
      ...terminated. cpu:       0.02       wall:       0.00
 
 
 
 
 CONSTRUCTING G(a,i)[S(k,l)xi]              -> RHS
              G(i,j)[S(k,l)xi]*S(i,j)chi    -> Hessian
 
         Maximum core memory set to                   8000 MB
         This corresponds to                  8938 vectors in CAO basis
      ...terminated. cpu:     199.72       wall:      15.53
 
 
 
 
 CONSTRUCTING G(mu,nu)[D(kap,lam)]xi
 
          Maximum core memory set to                   8000 MB
          Atoms treated simultaneously :                    12
 max of dfo   86.5989903735712     
      ...terminated. cpu:     276.40       wall:      17.28




 CONSTRUCTING F(a,i)xi                      -> RHS
              F(i,j)xi*S(i,j)chi            -> Hessian
 
        Maximum core memory set to                  8000 MB
        This corresponds to                 15565 vectors in CAO basis
      ...terminated. cpu:       0.68       wall:       0.04
 
 
 
 
 CONSTRUCTING epsilon(i)*S(a,i)xi           -> RHS
      ...terminated. cpu:       0.98       wall:       0.06





 SOLVING CPHF equations
 
 Residuum convergence criterium   :  1.000000000000000E-005
 
 Maximum number of Davidson iterations set to                    25

 logfile cphf_a    will be constructed


  Switching to small grid for DFT
        preparing DFT   numerical integration ....
          Overall gridpoints after grid construction =         18543

 Calculating ground state density on molecular grid

 Integral of ground state density: N =   65.99889742123143    




                       Nonorthonormal Krylov Space Iteration


 total number of roots to be determined: 30


 maximum core memory set to         8000 MB,
 corresponding to     8894 vectors in CAO basis


 maximum number of simultaneously treated vectors (including degeneracy):       30


 Iteration IRREP Converged      Max. Euclidean
                 roots          residual norm

    1       a        0        8.376644749493277D-02
 
    2       a        0        1.042561668876116D-02
 
    3       a        0        1.366497226720974D-03
 
    4       a        0        1.047452297730503D-04
 
    5       a       30        6.632454470780354D-06
 

 converged!

  Switching to fine grid
        preparing numerical DFT   integration ....
          Overall gridpoints after grid construction =         66101

 Calculating ground state density on molecular grid

 Integral of ground state density: N =   65.99993991544761    



 Iteration IRREP Converged      Max. Euclidean
                 roots          residual norm

    6       a        0        6.436920990067885D-05
 

 NOTE: Residual norms are larger than 1.00D-05 due to mgrid option!

      ...terminated. cpu:     925.08       wall:      76.06
 
 
 
 
 CONSTRUCTING <a|x,y,z|i>*U(a,i)xi          -> Dip. deriv.
      ...terminated. cpu:       0.23       wall:       0.01
 
 
 
 
 CONSTRUCTING RHS(a,i)xi*U(a,i)chi          -> Hessian
      ...terminated. cpu:       0.17       wall:       0.01
 
 
 
 

            -----------------------
            permanent dipole moment
            -----------------------

                                   x                y                z
    electronic part       :  -23.9526491176    27.3145172431    -1.5615411187
     nuclear   part       :   23.5874353506   -25.7520794732     1.4892182823
     total                :   -0.3652137670     1.5624377699    -0.0723228364

 with reference to the point :   0.0000000        0.0000000        0.0000000
 (given in atomic units)
    | dipole |       :    4.0825405432  debye

   ***  dipole moment & cartesian dipole gradients written onto
        $dipole, $dipgrad,  file=<dipgrad>  ***

             -----------------------------------
             rotational and vibrational analysis
             -----------------------------------


            ==============================================================
            ATOMIC WEIGHTS (average over the natural occurance of isotops)
            ==============================================================
            ('*' denotes special isotop !)
              1     c                12.01115
              2     c                12.01115
              3     c                12.01115
              4     o                15.99940
              5     n                14.00670
              6     c                12.01115
              7     o                15.99940
              8     n                14.00670
              9     f                18.99840
             10     h                 1.00797
             11     h                 1.00797
             12     h                 1.00797

          -------------------------------------------------
          CARTESIAN FORCE CONSTANT MATRIX (hartree/bohr**2)
         (translational & rotational space projected out)
          -------------------------------------------------

   ATOM              1 c                           2 c 
                  dx        dy        dz        dx        dy        dz
   1 c     dx  0.7063146
           dy -0.0686636 0.8287846
           dz  0.0126694-0.0314126 0.1234695
   2 c     dx -0.2578802 0.1794092-0.0110585 0.7566532
           dy  0.1395205-0.3499683 0.0150129-0.1069534 0.6724561
           dz -0.0093416 0.0156889-0.0546833 0.0153145-0.0258438 0.1097266
   3 c     dx  0.0500295 0.0224138-0.0001552-0.1052590-0.0305095 0.0008186
           dy  0.0404536-0.0351417 0.0023004-0.0607595-0.1768647 0.0032322
           dz -0.0009578 0.0019964 0.0028404 0.0021224 0.0037368-0.0770715
   4 o     dx -0.0029464-0.0068695 0.0001914 0.0048170 0.0186823-0.0010740
           dy -0.0206612-0.0003922-0.0002145 0.0398584-0.0724612 0.0046717
           dz  0.0007868 0.0000010 0.0026432-0.0019749 0.0043346 0.0222154
   5 n     dx -0.0272831 0.0012037-0.0005271-0.0220460-0.0346661 0.0009915
           dy  0.0190723-0.0042898 0.0005318-0.0365123 0.0124709-0.0007972
           dz -0.0012817 0.0002438 0.0007802 0.0010614-0.0007711 0.0080015
   6 c     dx -0.0138184-0.0356422 0.0013454-0.0050609-0.0001215-0.0000985
           dy -0.0667517 0.0046837-0.0014332-0.0039791-0.0342882 0.0014788
           dz  0.0026759-0.0009234-0.0027314 0.0000572 0.0015345 0.0015873
   7 o     dx -0.0013753-0.0012328-0.0000500 0.0045982-0.0028481 0.0002178
           dy  0.0112748-0.0060128 0.0006542 0.0019545 0.0067376-0.0003143
           dz -0.0005825 0.0004407 0.0047190 0.0000083-0.0003897-0.0011694
   8 n     dx -0.3122528-0.0389260-0.0030085-0.0371086 0.0413348-0.0025053
           dy -0.0041194-0.1425443 0.0046045 0.0356064 0.0319126-0.0004954
           dz -0.0044847 0.0040175-0.0338754-0.0022520-0.0003889 0.0065276
   9 f     dx -0.0397428-0.0048282-0.0004865-0.3437509-0.0402947-0.0034753
           dy  0.0352726 0.0150044 0.0000412-0.0365548-0.0756362 0.0012985
           dz -0.0022084-0.0006218 0.0022248-0.0036190 0.0012323-0.0308272
  10 h     dx -0.0820750-0.0732607 0.0023942 0.0133695 0.0183854-0.0007398
           dy -0.0792840-0.3237985 0.0109221-0.0104196-0.0167995 0.0010026
           dz  0.0026599 0.0110275-0.0379165 0.0004906 0.0014840 0.0107183
  11 h     dx -0.0013026 0.0000570-0.0000067-0.0053258 0.0023668-0.0002483
           dy  0.0003524 0.0007358-0.0000635 0.0001460 0.0006854 0.0001379
           dz -0.0000202-0.0000714-0.0008880-0.0001565 0.0001724 0.0038606
  12 h     dx -0.0176675 0.0263393-0.0013080-0.0030066-0.0048966 0.0001402
           dy -0.0064663 0.0129391-0.0009434-0.0017959 0.0017555-0.0000599
           dz  0.0000848-0.0003868-0.0065825 0.0000064-0.0001139 0.0011141

   ATOM              3 c                           4 o 
                  dx        dy        dz        dx        dy        dz
   3 c     dx  0.6418672
           dy -0.1863661 0.8534079
           dz  0.0151220-0.0309062 0.1954646
   4 o     dx -0.2885872 0.2731531-0.0149832 0.3460153
           dy  0.2702169-0.5025551 0.0224559-0.3453644 0.5609680
           dz -0.0148765 0.0225187-0.0750323 0.0196410-0.0278625 0.0352112
   5 n     dx -0.2011450-0.0197751-0.0015852-0.0751438 0.0425814-0.0033170
           dy -0.0603033-0.1576910 0.0035816 0.0686113 0.0094022 0.0014944
           dz  0.0001026 0.0042421-0.0510966-0.0044328 0.0010731 0.0185139
   6 c     dx -0.0335462 0.0183578-0.0011121 0.0051941-0.0056989 0.0002071
           dy  0.0712568 0.0547531-0.0017707-0.0225763-0.0032542 0.0000746
           dz -0.0033644-0.0026455-0.0139078 0.0009447 0.0003437 0.0070236
   7 o     dx  0.0157785 0.0036846-0.0000163-0.0079162 0.0044833-0.0002916
           dy -0.0142910-0.0119398 0.0005709 0.0053987 0.0007361-0.0000107
           dz  0.0007681 0.0008606 0.0068248-0.0003417-0.0000177-0.0015957
   8 n     dx -0.0234804-0.0344896 0.0011376 0.0005222 0.0116892-0.0004978
           dy -0.0289273-0.0210267 0.0002825 0.0085511 0.0037264-0.0000026
           dz  0.0008951 0.0001731-0.0031422-0.0003720 0.0000588 0.0002941
   9 f     dx -0.0424159 0.0033718-0.0009023 0.0120152-0.0031325 0.0003684
           dy -0.0410911-0.0039729-0.0003551-0.0005010 0.0055901-0.0003369
           dz  0.0009884 0.0003885 0.0037013 0.0002532-0.0003828-0.0021945
  10 h     dx -0.0048853 0.0008720-0.0002859 0.0008096 0.0018619-0.0000235
           dy  0.0040391-0.0006748 0.0005214-0.0004010-0.0014050-0.0000583
           dz -0.0004192 0.0004639 0.0098669 0.0000719-0.0000165-0.0025859
  11 h     dx -0.0074137-0.0389837 0.0014910 0.0046566 0.0046417-0.0000557
           dy -0.0048229 0.0040633-0.0001752 0.0013639-0.0015876-0.0000927
           dz  0.0000632-0.0007226 0.0018691 0.0000851-0.0000405-0.0042943
  12 h     dx -0.0009424 0.0004811-0.0000303 0.0005635-0.0004758 0.0000335
           dy -0.0016153-0.0023574 0.0000617-0.0000483 0.0012325-0.0000595
           dz  0.0000573 0.0000948-0.0003167 0.0000164-0.0000688-0.0001988

   ATOM              5 n                           6 c 
                  dx        dy        dz        dx        dy        dz
   5 n     dx  0.6612536
           dy  0.0514716 0.8042031
           dz  0.0077231-0.0307239 0.0642889
   6 c     dx -0.1699459 0.0606153-0.0044418 0.9837394
           dy  0.0168261-0.2217949 0.0072972 0.0612886 0.5920186
           dz -0.0025970 0.0080680-0.0578868 0.0103099-0.0154840 0.2068949
   7 o     dx -0.0833274 0.0245585-0.0027969-0.6586903-0.0850877-0.0060002
           dy  0.0535936 0.0187620 0.0009879-0.0860361-0.1181665 0.0001508
           dz -0.0040419 0.0005044 0.0209758-0.0059374 0.0001651-0.0810746
   8 n     dx  0.0367498 0.0130796-0.0000979-0.1507667-0.0039692-0.0013090
           dy  0.0193161-0.0634335 0.0034262-0.0309537-0.2308880 0.0067719
           dz -0.0003687 0.0033284 0.0088201-0.0001707 0.0071969-0.0611141
   9 f     dx  0.0041125-0.0067194 0.0003082 0.0062805 0.0134111-0.0004612
           dy -0.0015207-0.0081793 0.0004368 0.0021294-0.0004036 0.0000290
           dz  0.0000836 0.0003473 0.0025685 0.0000172 0.0002149-0.0005190
  10 h     dx  0.0011692-0.0005522 0.0000505-0.0036842 0.0052246-0.0003340
           dy  0.0002842 0.0005470-0.0000403 0.0002624 0.0022998 0.0000238
           dz  0.0000134-0.0000542-0.0005162-0.0001203 0.0001076 0.0027617
  11 h     dx -0.1228975-0.1291856 0.0037058 0.0201896 0.0239819-0.0006721
           dy -0.1251604-0.3851797 0.0135575-0.0110993-0.0225551 0.0007478
           dz  0.0035196 0.0134481-0.0175815 0.0008103 0.0013581-0.0006115
  12 h     dx -0.0014966-0.0041358 0.0000994 0.0201090-0.0096250 0.0007502
           dy -0.0041545-0.0048169 0.0002708 0.0268981-0.0224046 0.0013834
           dz  0.0001056 0.0002712 0.0031322-0.0008091 0.0007948-0.0004223

   ATOM              7 o                           8 n 
                  dx        dy        dz        dx        dy        dz
   7 o     dx  0.7898542
           dy  0.1092308 0.1153462
           dz  0.0078582-0.0014825 0.0383835
   8 n     dx -0.0451375-0.0736040 0.0020565 0.7853283
           dy -0.0493196-0.0141073 0.0006770-0.1021408 0.7400614
           dz  0.0010269 0.0002678 0.0207292 0.0165364-0.0310209 0.0551154
   9 f     dx -0.0069741-0.0036604 0.0000431-0.0145088-0.0037137-0.0002153
           dy -0.0011633 0.0003661-0.0000437-0.0020444-0.0057776 0.0005516
           dz -0.0000604-0.0000846-0.0002694-0.0002852 0.0005219 0.0079698
  10 h     dx -0.0016214-0.0021252 0.0000629-0.0111667-0.0361761 0.0013410
           dy  0.0001255-0.0001979 0.0000101-0.0010878 0.0008775 0.0000086
           dz -0.0000321-0.0000263-0.0000127-0.0001642-0.0005826 0.0015084
  11 h     dx -0.0019194-0.0035693 0.0001770-0.0038417 0.0049354-0.0003366
           dy -0.0018216 0.0036598-0.0003437 0.0044757-0.0010770 0.0002821
           dz  0.0001120-0.0003712-0.0036747-0.0003213 0.0002925 0.0037491
  12 h     dx -0.0032693 0.0018335-0.0000706-0.2243371 0.1869416-0.0115993
           dy -0.0006096 0.0048167-0.0003807 0.1856825-0.2977235 0.0155250
           dz  0.0000327-0.0003420-0.0038356-0.0115413 0.0155250-0.0065820

   ATOM              9 f                          10 h 
                  dx        dy        dz        dx        dy        dz
   9 f     dx  0.4256898
           dy  0.0476709 0.0704276
           dz  0.0046778-0.0013086 0.0211747
  10 h     dx  0.0013417-0.0014553 0.0001914 0.0856663
           dy -0.0006828 0.0018315-0.0003576 0.0875031 0.3366972
           dz  0.0001565-0.0003721-0.0062718-0.0027102-0.0119453 0.0237211
  11 h     dx -0.0011696-0.0018834 0.0000633 0.0000224 0.0000001 0.0000045
           dy  0.0007322 0.0004714-0.0000004-0.0000582-0.0000418-0.0000087
           dz -0.0000524-0.0000468 0.0001756 0.0000067-0.0000078-0.0002202
  12 h     dx -0.0008776 0.0011411-0.0001018 0.0010537-0.0003393 0.0000491
           dy -0.0021543 0.0002784 0.0000510-0.0002191 0.0006644-0.0000775
           dz  0.0000387 0.0001060 0.0022673 0.0000468-0.0000793-0.0010532

   ATOM             11 h                          12 h 
                  dx        dy        dz        dx        dy        dz
  11 h     dx  0.1181475
           dy  0.1364496 0.4014658
           dz -0.0040682-0.0141034 0.0165943
  12 h     dx  0.0008542-0.0005574 0.0000217 0.2290166
           dy  0.0011894-0.0006403 0.0000924-0.1967066 0.3062562
           dz -0.0000541 0.0000623 0.0010214 0.0120158-0.0158635 0.0114560
 

   *** projected hessian written onto $hessian (projected), file=<hessian> ***

 dipole moment in principle axis system (a.u.) :    -0.4235922495     1.5493201801     0.0002423768
 norm :   1.606182889    

 rotational constants b for rotations around axis of inertia
 and optical intensities for (1 <-- 0) transition

   b   :     0.1069333609     0.0469203787     0.0326111929   (cm**(-1))

   b   :  3205.7815118051  1406.6375671375   977.6589674872     (MHz)

   b   :     0.1794303938     2.4003930206     0.0000000587     (a.u.)

   x   :     0.9991611092     0.0374532973    -0.0165628624
   y   :    -0.0367206243     0.9984204112     0.0425238559
   z   :     0.0181293586    -0.0418799844     0.9989581539

   ***  normal modes written onto $vibrational normal modes, file=<vib_normal_modes>  ***

  Keyword $vibrational reduced masses missing in file <control>


   ***  vibrational spectroscopic data written onto$vibrational spectrum   
        file=<vibspectrum>  ***

          ---------------------------------------------------
          NORMAL MODES and VIBRATIONAL FREQUENCIES (cm**(-1))
          ---------------------------------------------------

 imaginary wave numbers indicate a negative curvature of the energy surface.
 zero frequency modes have no physical meaning except being generators of
 translations and rotations. each vibrational normal mode - given in terms of
 cartesian displacement vectors of all atoms - has been normalized to unity.
 to obtain mass-weigthed normal coordinates in a.u. divide the tabulated
 modes by sqrt(reduced mass * 1822.88853).
 band intensities or cross sections refer to independent non-degenerate normal
 modes, that is, the intensities of degenerate modes have yet to be added.
 dDIP/dQ is the normal mode derivative of the dipole moment.


       mode               1        2        3        4        5        6

     frequency           0.00     0.00     0.00     0.00     0.00     0.00

     symmetry                                                             

        IR                -        -        -        -        -        - 
|dDIP/dQ|   (a.u.)     0.0000   0.0000   0.0000   0.0000   0.0000   0.0000
intensity (km/mol)       0.00     0.00     0.00     0.00     0.00     0.00
intensity (  %   )       0.00     0.00     0.00     0.00     0.00     0.00
 
       RAMAN              -        -        -        -        -        - 
 
  1   c           x  -0.23386 -0.16651 -0.12701  0.13193  0.08814  0.01579
                  y  -0.10740 -0.07150  0.22409 -0.11210 -0.07321 -0.00583
                  z   0.10601 -0.24178 -0.03719  0.00271 -0.12205 -0.32023
  2   c           x  -0.15957 -0.16402 -0.08494  0.03776  0.16116  0.01089
                  y  -0.04484 -0.07002  0.25528 -0.19624 -0.01506  0.00271
                  z   0.10139 -0.25276 -0.11427 -0.07643 -0.18546 -0.09731
  3   c           x  -0.05686 -0.16391 -0.02780 -0.08922  0.25865  0.00610
                  y  -0.08314 -0.06346  0.23244 -0.16012 -0.04692  0.01141
                  z  -0.01908 -0.07447 -0.22272 -0.23080 -0.17837  0.09534
  4   o           x   0.01453 -0.16186  0.01252 -0.17939  0.32846  0.00160
                  y  -0.03236 -0.06176  0.25752 -0.22943  0.00052  0.01926
                  z  -0.03207 -0.07053 -0.29688 -0.31016 -0.23217  0.30075
  5   n           x  -0.04816 -0.16654 -0.02378 -0.09740  0.26415  0.00727
                  y  -0.18921 -0.05910  0.17612 -0.03162 -0.14206  0.00975
                  z  -0.12327  0.10000 -0.23350 -0.28097 -0.09975  0.01660
  6   c           x  -0.12209 -0.16918 -0.06570 -0.00351  0.19131  0.01224
                  y  -0.25724 -0.06038  0.14203  0.05920 -0.20512  0.00109
                  z  -0.12394  0.11988 -0.15686 -0.20429 -0.03226 -0.21062
  7   o           x  -0.10705 -0.17140 -0.05802 -0.01993  0.20325  0.01287
                  y  -0.34815 -0.05630  0.09358  0.16863 -0.28650  0.00030
                  z  -0.21955  0.27821 -0.17403 -0.25764  0.03353 -0.26136
  8   n           x  -0.21559 -0.16903 -0.11763  0.11182  0.10283  0.01645
                  y  -0.21059 -0.06682  0.16907  0.01202 -0.16555 -0.00664
                  z  -0.00350 -0.06067 -0.05793 -0.05948 -0.04763 -0.37518
  9   f           x  -0.17661 -0.16159 -0.09366  0.05643  0.14754  0.01022
                  y   0.05549 -0.07455  0.30877 -0.31695  0.07472  0.00352
                  z   0.20727 -0.42801 -0.09485 -0.01694 -0.25796 -0.04231
 10   h           x  -0.31000 -0.16664 -0.16938  0.22610  0.01582  0.01937
                  y  -0.07973 -0.07636  0.24065 -0.13794 -0.05025 -0.01235
                  z   0.19466 -0.37281  0.04320  0.11690 -0.12675 -0.46375
 11   h           x   0.02132 -0.16660  0.01483 -0.18315  0.32995  0.00411
                  y  -0.22034 -0.05447  0.15790 -0.00080 -0.16831  0.01551
                  z  -0.20954  0.22871 -0.30693 -0.38728 -0.09099  0.14207
 12   h           x  -0.27143 -0.17089 -0.14925  0.18259  0.04796  0.02012
                  y  -0.25758 -0.06792  0.14563  0.07520 -0.20922 -0.01303
                  z   0.00000 -0.05247  0.00000  0.00000  0.00000 -0.54268

reduced mass(g/mol)     9.462   11.031   11.085   10.679   11.774    7.098


       mode               7        8        9       10       11       12

     frequency         117.15   155.29   305.44   346.25   385.80   390.58

     symmetry            a        a        a        a        a        a   

        IR               YES      YES      YES      YES      YES      YES
|dDIP/dQ|   (a.u.)     0.0010   0.0008   0.0007   0.0017   0.0027   0.0032
intensity (km/mol)       1.87     1.20     0.92     5.27    13.09    18.71
intensity (  %   )       0.25     0.16     0.12     0.70     1.74     2.48
 
       RAMAN             YES      YES      YES      YES      YES      YES
 
  1   c           x   0.00407 -0.00090 -0.02629 -0.00679 -0.00362  0.03806
                  y  -0.01054  0.00227  0.18146  0.01733  0.01037  0.15433
                  z  -0.24610  0.05225 -0.00822  0.41007  0.22302 -0.00970
  2   c           x  -0.00059  0.00121 -0.11682 -0.00874  0.00453  0.09600
                  y   0.00156 -0.00330  0.11498  0.02254 -0.01069  0.14966
                  z   0.03604 -0.07693 -0.00692  0.53049 -0.26433  0.00034
  3   c           x   0.00200  0.00099 -0.09255 -0.00316  0.00233 -0.05428
                  y  -0.00512 -0.00248  0.19347  0.00812 -0.00607  0.17479
                  z  -0.12034 -0.05737 -0.00973  0.19005 -0.15594 -0.00542
  4   o           x   0.00392 -0.00577  0.33267  0.00127 -0.00292 -0.43473
                  y  -0.01003  0.01563  0.50648 -0.00279  0.00239 -0.09572
                  z  -0.23726  0.36938 -0.01605 -0.07208  0.07150 -0.00430
  5   n           x   0.00162  0.00926 -0.02578  0.00038 -0.00130  0.09011
                  y  -0.00409 -0.02408 -0.04166 -0.00155  0.00601  0.29097
                  z  -0.09587 -0.56283  0.00152 -0.03166  0.10959 -0.01323
  6   c           x  -0.00039  0.00111 -0.02012  0.00214  0.00095  0.02637
                  y   0.00101 -0.00295 -0.01839 -0.00584 -0.00111  0.07510
                  z   0.02381 -0.06993  0.00049 -0.13312 -0.03684 -0.00230
  7   o           x  -0.00802 -0.00397 -0.01376 -0.00163  0.00073  0.13307
                  y   0.02059  0.01012 -0.06588  0.00413 -0.00231 -0.58675
                  z   0.48174  0.23377  0.00255  0.08852  0.00677  0.02727
  8   n           x   0.00788 -0.00101 -0.05385  0.00777  0.00204 -0.05875
                  y  -0.02032  0.00258  0.01417 -0.01981 -0.00499  0.16882
                  z  -0.47418  0.05864 -0.00154 -0.45738 -0.13933 -0.00594
  9   f           x  -0.00725  0.00073 -0.03428  0.00515 -0.00015  0.15793
                  y   0.01866 -0.00206 -0.65550 -0.01305  0.00062 -0.14968
                  z   0.43810 -0.04771  0.02732 -0.30873  0.03076  0.00829
 10   h           x   0.00438 -0.00311 -0.13551 -0.00609 -0.01284 -0.00875
                  y  -0.01140  0.00804  0.21530  0.01550  0.03435  0.17133
                  z  -0.26638  0.18753 -0.01166  0.36712  0.78443 -0.02139
 11   h           x  -0.00116  0.00804 -0.00568  0.00145 -0.00647  0.12545
                  y   0.00281 -0.02086 -0.04897 -0.00385  0.01858  0.27884
                  z   0.06572 -0.48673  0.00205 -0.08418  0.40294 -0.01748
 12   h           x   0.00605 -0.00742 -0.12019 -0.00292 -0.00340 -0.00584
                  y  -0.01554  0.01888 -0.04164  0.00754  0.00925  0.21456
                  z  -0.36247  0.44207 -0.00025  0.18464  0.19308 -0.01209

reduced mass(g/mol)    12.697    8.276   15.603   11.211    3.114   12.959


       mode              13       14       15       16       17       18

     frequency         457.38   538.66   546.06   632.28   678.15   741.50

     symmetry            a        a        a        a        a        a   

        IR               YES      YES      YES      YES      YES      YES
|dDIP/dQ|   (a.u.)     0.0021   0.0020   0.0058   0.0011   0.0056   0.0025
intensity (km/mol)       7.90     7.04    58.78     2.28    55.86    11.26
intensity (  %   )       1.05     0.93     7.80     0.30     7.41     1.49
 
       RAMAN             YES      YES      YES      YES      YES      YES
 
  1   c           x   0.05753 -0.06679  0.00080 -0.25278 -0.00028  0.04979
                  y  -0.09384 -0.24114 -0.00298  0.08500  0.00085  0.40012
                  z   0.00547  0.01000 -0.05882 -0.00772  0.02229 -0.01610
  2   c           x   0.31650  0.07555  0.00028 -0.01648  0.00104 -0.00233
                  y   0.11729 -0.16649 -0.00069  0.15838 -0.00285  0.19838
                  z  -0.00085  0.00873 -0.00906 -0.00693 -0.06346 -0.00857
  3   c           x  -0.01948  0.20366 -0.00006  0.23703 -0.00062 -0.02003
                  y   0.21852 -0.10864  0.00106  0.04010  0.00161 -0.25207
                  z  -0.01018  0.00750  0.03001  0.00220  0.03761  0.01082
  4   o           x  -0.13540  0.28911  0.00071 -0.05479 -0.00003  0.14355
                  y   0.16446 -0.07321 -0.00060 -0.19951  0.00026 -0.18912
                  z  -0.00890  0.00795 -0.01019  0.00759  0.00488  0.01022
  5   n           x  -0.12328  0.03470 -0.00046  0.23103 -0.00088 -0.17190
                  y  -0.02539  0.28342  0.00194  0.05802  0.00216 -0.27177
                  z  -0.00060 -0.01190  0.03326  0.00144  0.05115  0.00853
  6   c           x  -0.27744 -0.25473 -0.00027  0.04618 -0.00127 -0.07537
                  y  -0.20125  0.21277 -0.00008 -0.08231  0.00315  0.02017
                  z   0.00385 -0.01332 -0.01081  0.00435  0.07130 -0.00128
  7   o           x  -0.34873 -0.22882 -0.00010  0.00357  0.00004 -0.08449
                  y   0.07030 -0.11083 -0.00093  0.20848 -0.00028 -0.06111
                  z  -0.00881  0.00121 -0.01814 -0.00885 -0.00416  0.00096
  8   n           x   0.03104 -0.19161  0.00016 -0.20705  0.00073 -0.06881
                  y  -0.30443  0.19341 -0.00109 -0.05738 -0.00164  0.19294
                  z   0.01328 -0.01093 -0.03527 -0.00101 -0.04163 -0.00969
  9   f           x   0.42261  0.08710 -0.00010  0.03955 -0.00011  0.19463
                  y   0.04037 -0.02982  0.00058 -0.13079  0.00013  0.01744
                  z   0.00550  0.00245  0.01529  0.00621  0.00204  0.00248
 10   h           x  -0.28784  0.10913  0.00186 -0.46291 -0.00166 -0.05070
                  y   0.01912 -0.29738 -0.00496  0.15364  0.00506  0.44589
                  z  -0.00338  0.01609 -0.10268 -0.01415  0.12292 -0.02044
 11   h           x   0.25325 -0.10840  0.00177  0.42957  0.01668 -0.44460
                  y  -0.17693  0.34018 -0.00413 -0.02127 -0.04156 -0.17248
                  z   0.01187 -0.01332 -0.11137  0.00626 -0.97373  0.00026
 12   h           x   0.11662  0.08504 -0.01636 -0.39868  0.00254 -0.19461
                  y  -0.23155  0.43085  0.04268 -0.21586 -0.00560  0.09669
                  z   0.01293 -0.03097  0.98353  0.00143 -0.13864 -0.00751

reduced mass(g/mol)    11.467    8.350    1.100    5.775    1.187    7.594


       mode              19       20       21       22       23       24

     frequency         763.00   778.60   818.38   899.57   969.53  1156.50

     symmetry            a        a        a        a        a        a   

        IR               YES      YES      YES      YES      YES      YES
|dDIP/dQ|   (a.u.)     0.0042   0.0045   0.0043   0.0038   0.0032   0.0030
intensity (km/mol)      30.67    36.28    32.65    26.27    18.38    15.91
intensity (  %   )       4.07     4.81     4.33     3.48     2.44     2.11
 
       RAMAN             YES      YES      YES      YES      YES      YES
 
  1   c           x  -0.00052 -0.00176 -0.24983  0.00283 -0.02624  0.15245
                  y   0.00002  0.00329 -0.24007 -0.00711  0.05526  0.10512
                  z   0.01538  0.08840  0.00594 -0.16746 -0.00300 -0.00198
  2   c           x  -0.00135  0.00572  0.03535 -0.00117  0.00692 -0.03771
                  y   0.00344 -0.01477 -0.07436  0.00300  0.07100 -0.10383
                  z   0.08616 -0.34151  0.00390  0.06969 -0.00286  0.00384
  3   c           x   0.00284 -0.01053 -0.17994 -0.00036 -0.03175 -0.19691
                  y  -0.00727  0.02755 -0.04610  0.00116 -0.09314 -0.11290
                  z  -0.17808  0.64655 -0.00134  0.02604  0.00356  0.00158
  4   o           x  -0.00093  0.00280 -0.01698  0.00008  0.07648  0.01587
                  y   0.00232 -0.00750  0.12874 -0.00032 -0.05176  0.03243
                  z   0.04865 -0.18435 -0.00560 -0.00762  0.00341 -0.00112
  5   n           x   0.00323  0.00364 -0.13929  0.00019 -0.10664  0.15077
                  y  -0.00770 -0.00893 -0.08407 -0.00048  0.19661  0.08909
                  z  -0.18960 -0.21395  0.00152 -0.00837 -0.01010 -0.00133
  6   c           x  -0.01228 -0.00137  0.18825 -0.00032  0.03362 -0.00330
                  y   0.03209  0.00403  0.08382  0.00062  0.09727  0.02070
                  z   0.75015  0.09343 -0.00087  0.01668 -0.00362 -0.00093
  7   o           x   0.00410  0.00068  0.28073 -0.00000  0.04648 -0.02886
                  y  -0.00976 -0.00107  0.05593 -0.00019 -0.01820  0.02175
                  z  -0.23072 -0.02817  0.00242 -0.00444  0.00157 -0.00142
  8   n           x   0.00321  0.00054 -0.26666 -0.00027  0.07016 -0.13845
                  y  -0.00883 -0.00210  0.07654  0.00084 -0.24300 -0.08276
                  z  -0.19951 -0.04623 -0.00758  0.01672  0.01159  0.00124
  9   f           x   0.00020 -0.00036  0.26834  0.00022 -0.00993  0.04558
                  y  -0.00049  0.00113  0.03539 -0.00066 -0.00459  0.02795
                  z  -0.01120  0.02703  0.00291 -0.01508  0.00001 -0.00044
 10   h           x   0.00204 -0.00339 -0.27664 -0.01585 -0.52318  0.47328
                  y  -0.00673  0.00778 -0.23741  0.04187  0.20911  0.01163
                  z  -0.14253  0.19509  0.00663  0.98096 -0.01645  0.00744
 11   h           x  -0.00821 -0.00963 -0.48814 -0.00029 -0.54267  0.29805
                  y   0.02048  0.02428  0.05737  0.00120  0.37773  0.03502
                  z   0.46905  0.56438 -0.01170  0.03342 -0.02622  0.00335
 12   h           x  -0.00257  0.00110 -0.38159  0.00001  0.01604 -0.57703
                  y   0.00635 -0.00366 -0.01635  0.00020 -0.29910 -0.43825
                  z   0.15490 -0.08195 -0.00612  0.00135  0.01317  0.00909

reduced mass(g/mol)     9.471    8.245    7.396    1.391    2.981    2.919


       mode              25       26       27       28       29       30

     frequency        1183.49  1261.95  1350.89  1403.97  1425.15  1498.23

     symmetry            a        a        a        a        a        a   

        IR               YES      YES      YES      YES      YES      YES
|dDIP/dQ|   (a.u.)     0.0070   0.0122   0.0030   0.0031   0.0054   0.0043
intensity (km/mol)      87.80   262.95    16.26    16.94    51.34    32.91
intensity (  %   )      11.65    34.88     2.16     2.25     6.81     4.37
 
       RAMAN             YES      YES      YES      YES      YES      YES
 
  1   c           x   0.01811  0.25290 -0.07993  0.03368 -0.01112  0.13492
                  y   0.03920 -0.11945 -0.04506  0.00404 -0.02362  0.11138
                  z  -0.00135  0.00936  0.00061  0.00039  0.00084 -0.00252
  2   c           x  -0.01830  0.47514 -0.09818  0.02651  0.12423 -0.10042
                  y  -0.03043  0.22305  0.17721 -0.00256  0.15595 -0.13275
                  z   0.00099 -0.00165 -0.00919  0.00054 -0.00460  0.00401
  3   c           x   0.15048  0.07146 -0.01173 -0.03175 -0.17672  0.12140
                  y   0.07657  0.04666 -0.01613 -0.04446 -0.08936  0.06573
                  z  -0.00080 -0.00085  0.00049  0.00136  0.00095 -0.00082
  4   o           x   0.00009 -0.02904 -0.00807 -0.03376  0.08124 -0.02368
                  y  -0.01109 -0.01023 -0.00861  0.04354 -0.05274  0.00800
                  z   0.00047 -0.00002  0.00024 -0.00238  0.00354 -0.00072
  5   n           x  -0.15230 -0.03031  0.06769  0.14634 -0.08442 -0.05510
                  y   0.07746 -0.16828 -0.04970 -0.00379  0.14309 -0.02237
                  z  -0.00580  0.00670  0.00325  0.00261 -0.00753  0.00004
  6   c           x   0.04915 -0.00676 -0.02105  0.03747 -0.00911 -0.06174
                  y  -0.16208  0.22207  0.11206 -0.13945 -0.22520  0.03928
                  z   0.00774 -0.00963 -0.00516  0.00657  0.00948 -0.00272
  7   o           x   0.01302  0.03239 -0.00783 -0.05526  0.08067  0.10461
                  y   0.00916 -0.00258 -0.00853  0.02314  0.04036  0.02132
                  z  -0.00016  0.00065  0.00023 -0.00190 -0.00039  0.00083
  8   n           x  -0.02941 -0.26621  0.01589 -0.03888 -0.06812 -0.20366
                  y   0.01564 -0.06233 -0.10184  0.02950  0.02102 -0.14924
                  z  -0.00115 -0.00178  0.00462 -0.00191 -0.00203  0.00298
  9   f           x   0.00019 -0.24673  0.03759 -0.00967 -0.04491  0.02524
                  y  -0.00392 -0.03728 -0.00910  0.00298 -0.01000  0.01205
                  z   0.00017 -0.00250  0.00101 -0.00029 -0.00032 -0.00009
 10   h           x   0.69720  0.10916  0.81541 -0.11919  0.25721 -0.00735
                  y  -0.16780 -0.07454 -0.33712  0.05680 -0.10111  0.17249
                  z   0.01857  0.00501  0.02781 -0.00441  0.00857 -0.00746
 11   h           x  -0.37573 -0.37054 -0.20432 -0.80710  0.52144  0.04131
                  y   0.16945 -0.03614  0.05850  0.38079 -0.09674 -0.06004
                  z  -0.01375 -0.00452 -0.00597 -0.03019  0.01289  0.00340
 12   h           x  -0.38465 -0.46749  0.28442  0.24279  0.48407  0.67958
                  y  -0.27612 -0.21553  0.11016  0.26444  0.47403  0.58305
                  z   0.00526  0.00134  0.00016 -0.00724 -0.01218 -0.01343

reduced mass(g/mol)     2.073    8.028    1.962    1.702    3.171    2.988


       mode              31       32       33       34       35       36

     frequency        1713.25  1777.64  1801.82  3219.10  3580.35  3628.95

     symmetry            a        a        a        a        a        a   

        IR               YES      YES      YES      YES      YES      YES
|dDIP/dQ|   (a.u.)     0.0049   0.0206   0.0169   0.0012   0.0065   0.0079
intensity (km/mol)      42.60   753.82   508.54     2.44    74.60   111.88
intensity (  %   )       5.65   100.00    67.46     0.32     9.90    14.84
 
       RAMAN             YES      YES      YES      YES      YES      YES
 
  1   c           x  -0.38663 -0.00920 -0.03135  0.02311  0.00014  0.00169
                  y   0.30065  0.00747  0.00697  0.08523 -0.00026  0.00070
                  z  -0.01931 -0.00048 -0.00082 -0.00326  0.00001 -0.00000
  2   c           x   0.37008  0.00407  0.02855  0.00402 -0.00024  0.00057
                  y  -0.28788 -0.09181  0.02119 -0.00407 -0.00029 -0.00088
                  z   0.01845  0.00396 -0.00043  0.00024  0.00001  0.00005
  3   c           x  -0.02647 -0.32568  0.09715  0.00013 -0.00042 -0.00001
                  y  -0.02454  0.55807 -0.18031 -0.00035 -0.00008  0.00057
                  z   0.00059 -0.02885  0.00920  0.00002 -0.00000 -0.00002
  4   o           x  -0.01867  0.21795 -0.07825 -0.00013 -0.00004  0.00014
                  y   0.04713 -0.32212  0.10949  0.00017  0.00020 -0.00025
                  z  -0.00230  0.01713 -0.00589 -0.00001 -0.00001  0.00001
  5   n           x   0.02791  0.09263  0.09256 -0.00017  0.02692  0.00012
                  y  -0.03313 -0.06848 -0.00419  0.00009  0.06783 -0.00086
                  z   0.00188  0.00446  0.00171 -0.00001 -0.00243  0.00004
  6   c           x   0.01153 -0.18548 -0.64224 -0.00062  0.00044 -0.00052
                  y   0.07722 -0.01579 -0.09639 -0.00116 -0.00048 -0.00031
                  z  -0.00312 -0.00243 -0.00656  0.00004  0.00003  0.00001
  7   o           x  -0.01676  0.09774  0.36196  0.00016  0.00023 -0.00027
                  y  -0.01243  0.01708  0.05472  0.00014  0.00009  0.00002
                  z   0.00025  0.00090  0.00369 -0.00000  0.00000 -0.00001
  8   n           x   0.05360  0.02034  0.11640 -0.00082 -0.00043 -0.04708
                  y  -0.07344  0.00640  0.04975 -0.00119 -0.00039  0.05659
                  z   0.00404  0.00006 -0.00018  0.00004  0.00001 -0.00319
  9   f           x  -0.05923  0.01183 -0.01240 -0.00033 -0.00005  0.00015
                  y  -0.00101  0.00782 -0.00404  0.00012 -0.00003  0.00004
                  z  -0.00093 -0.00014 -0.00003 -0.00001  0.00000  0.00000
 10   h           x   0.62857  0.01257  0.00551 -0.29521  0.00042 -0.00380
                  y   0.04933  0.00260  0.00039 -0.95058  0.00126 -0.00796
                  z   0.00828  0.00012  0.00007  0.03574 -0.00005  0.00028
 11   h           x  -0.02244 -0.55300 -0.28434 -0.00092 -0.37305  0.00206
                  y  -0.01447  0.18960  0.14531 -0.00133 -0.92432  0.00483
                  z   0.00025 -0.01733 -0.01102  0.00004  0.03303 -0.00017
 12   h           x   0.31489 -0.11131 -0.36575 -0.00188  0.00344  0.63301
                  y   0.13425 -0.09181 -0.34777  0.01082 -0.00501 -0.76934
                  z  -0.00036  0.00207  0.00871 -0.00049  0.00027  0.04330

reduced mass(g/mol)     6.396    8.689    8.741    1.094    1.077    1.079
 

         **************************************************************
         *                                                            *
         *  zero point VIBRATIONAL energy  :      0.0786536  Hartree  *
         *    SCF-energy                   :   -514.0143507           *
         *    SCF + E(vib0)                :   -513.9356972           *
         *                                                            *
         **************************************************************




 time elapsed for vibrational analysis     0.72 sec


    ------------------------------------------------------------------------
         total  cpu-time : 30 minutes and 53 seconds
         total wall-time :  2 minutes and 25 seconds
    ------------------------------------------------------------------------

   ****  force : all done  ****


    2026-04-15 19:58:14.586 

aoforce ended normally 
