AutoDock Vina v1.2.5
#################################################################
# If you used AutoDock Vina in your work, please cite:          #
#                                                               #
# J. Eberhardt, D. Santos-Martins, A. F. Tillack, and S. Forli  #
# AutoDock Vina 1.2.0: New Docking Methods, Expanded Force      #
# Field, and Python Bindings, J. Chem. Inf. Model. (2021)       #
# DOI 10.1021/acs.jcim.1c00203                                  #
#                                                               #
# O. Trott, A. J. Olson,                                        #
# AutoDock Vina: improving the speed and accuracy of docking    #
# with a new scoring function, efficient optimization and       #
# multithreading, J. Comp. Chem. (2010)                         #
# DOI 10.1002/jcc.21334                                         #
#                                                               #
# Please see https://github.com/ccsb-scripps/AutoDock-Vina for  #
# more information.                                             #
#################################################################

Scoring function : vina
Rigid receptor: /lusitania_homes/ubu-iccram/ubu-iccram01/MASTER_SALUD_2026/DIEGO/Archivos_Trabajo/docking/receptores/1TQN.pdbqt
Ligand: /lusitania_homes/ubu-iccram/ubu-iccram01/MASTER_SALUD_2026/DIEGO/Archivos_Trabajo/docking/ligandos/Methotrexate.pdbqt
Grid center: X 508 Y -15.5 Z -22
Grid size  : X 25 Y 25 Z 25
Grid space : 0.375
Exhaustiveness: 32
CPU: 8
Verbosity: 1

Computing Vina grid ... done.
Performing docking (random seed: 1783099190) ... 
0%   10   20   30   40   50   60   70   80   90   100%
|----|----|----|----|----|----|----|----|----|----|
***************************************************

mode |   affinity | dist from best mode
     | (kcal/mol) | rmsd l.b.| rmsd u.b.
-----+------------+----------+----------
   1            0          0          0
   2    0.0003195      12.25      16.32
   3     0.001501      6.553      8.288
   4     0.002306      8.681      10.74
   5     0.002611      10.77      14.98
   6     0.007902      5.617      7.527
   7      0.01209      8.424       10.9
   8      0.01686      7.136      10.62
   9      0.01853      9.397      13.09
DONE: 1TQN x Methotrexate
