
   OpenMP run-time library returned nthreads = 16

 ridft (s02r2b22) : TURBOMOLE rev. V7-8-1 compiled 26 Feb 2024 at 17:12:58
 Copyright (C) 2024 TURBOMOLE GmbH, Karlsruhe


    2026-04-15 19:55:33.714 



                                  r i d f t

                        DFT program with RI approximation 
                                for coulomb part 





                                 References:     
                                                 
          TURBOMOLE:                             
              R. Ahlrichs, M. Baer, M. Haeser, H. Horn, and
              C. Koelmel
              Electronic structure calculations on workstation
              computers: the program system TURBOMOLE
              Chem. Phys. Lett. 162: 165 (1989)
          Density Functional:                              
              O. Treutler and R. Ahlrichs                      
              Efficient Molecular Numerical Integration Schemes
              J. Chem. Phys. 102: 346 (1995)                   
          Parallel Version:                                
              Performance of parallel TURBOMOLE for Density    
              Functional Calculations                          
              M. v. Arnim and R. Ahlrichs                      
              J. Comp. Chem. 19: 1746 (1998)                   
          RI-J Method:                                     
              Auxiliary Basis Sets to approximate Coulomb      
              Potentials                                       
              Chem. Phys. Lett. 240: 283 (1995)                
              K. Eichkorn, O. Treutler, H. Oehm, M. Haeser     
              and R. Ahlrichs                                  
              Chem. Phys. Lett. 242: 652 (1995)                
                                                           
              Auxiliary Basis Sets for Main Row Atoms and their
              Use to approximate Coulomb Potentials            
              K. Eichkorn, F. Weigend, O. Treutler and         
              R. Ahlrichs                                      
              Theo. Chem. Acc. 97: 119 (1997)                  
                                                           
              Accurate Coulomb-fitting basis sets for H to Rn 
              F. Weigend                                       
              Phys. Chem. Chem. Phys. 8: 1057 (2006)           
                                                           
          Multipole accelerated RI-J (MARI-J):             
              Fast evaluation of the Coulomb potential for     
              electron densities using multipole accelerated   
              resolution of identity approximation             
              M. Sierka, A. Hogekamp and R. Ahlrichs           
              J. Chem. Phys. 118: 9136 (2003)                  
          RI-JK Method:                                     
              A fully direct RI-HF algorithm: Implementation,
              optimised auxiliary basis sets, demonstration of
              accuracy and efficiency                         
              F. Weigend                                      
              Phys. Chem. Chem. Phys. 4: 4285 (2002)           
          Two-component HF and DFT with spin-orbit coupling:  
              Self-consistent treatment of spin-orbit         
              interactions with efficient Hartree-Fock and    
              density functional methods                      
              M. K. Armbruster, F. Weigend, C. van Wüllen and 
              W. Klopper                                      
              Phys. Chem. Chem. Phys. 10: 1748 (2008)         
          Two-component difference density and DIIS algorithm 
              Efficient two-component self-consistent field   
              procedures and gradients: implementation in     
              TURBOMOLE and application to Au20-              
              A. Baldes, F. Weigend                           
              Mol. Phys. 111: 2617 (2013)                     
          Relativistic current density functional theory      
              Current density functional framework for        
              spin-orbit coupling                             
              C. Holzer, Y. J. Franzke, A. Pausch             
              J. Chem. Phys. 157: 204102 (2022)               
          Relativistic all-electron 2c calculations           
              An efficient implementation of two-component    
              relativistic exact-decoupling methods for large 
              molecules                                       
              D. Peng, N. Middendorf, F. Weigend, M. Reiher   
              J. Chem. Phys. 138: 184105 (2013)               
          Finite nucleus model and SNSO approximation         
              Efficient implementation of one- and two-       
              component analytical energy gradients in exact  
              two-component theory                            
              Y. J. Franzke, N. Middendorf, F. Weigend        
              J. Chem. Phys. 148: 104110 (2018)               
          Grids for all-electron relativistic methods         
              Error-consistent segmented contracted all-      
              electron relativistic basis sets of double-     
              and triple-zeta quality for NMR shielding       
              constants                                       
              Y. J. Franzke, R. Tress, T. M. Pazdera,         
              F. Weigend                                      
              Phys. Chem. Chem. Phys. 21: 166658 (2019)       
          Seminumerical exchange algorithms                   
              Seminumerical calculation of the Hartree-Fock   
              exchange matirx: Application to two-component   
              procedures and efficient evaluation of local    
              hybrid functionsl                               
              P. Plessow, F. Weigend,                         
              J. Comput. Chem. 33: 810 (2012)                 
          Improved seminumerical algorithms                   
              C. Holzer,                                      
              J. Chem. Phys. 153 (2020), 184115               






          OpenMP Shared-Memory Parallelization: 16 CPUs.

            By: Christof Holzer and Yannick J. Franzke


              +--------------------------------------------------+
              |      general information about current run       |
              +--------------------------------------------------+

 
 Becke-3-Parameter hybrid functional: B3-LYP
 exchange:    0.8*LDA + 0.72*B88 + 0.2*HF
 correlation: 0.19*LDA(VWN) + 0.81*LYP
 A Hybrid-DFT calculation using the RI-J approximation will be carried out.
 Allocatable memory for RI due to $ricore (MB):                  5000


              +--------------------------------------------------+
              | Atomic coordinate, charge and isotop information |
              +--------------------------------------------------+

                    atomic coordinates            atom    charge  isotop
         -0.03490789    0.23266070   -2.17326613    c      6.000     0
         -2.06967707    0.10022704   -0.13097652    c      6.000     0
         -4.58849182   -0.99558077   -1.09760676    c      6.000     0
         -6.33659053   -1.43008162    1.15626144    c      6.000     0
         -8.03121560   -0.04952757    1.79364883    o      8.000     0
         -5.75483423   -3.56686319    2.43741367    o      8.000     0
         -5.70211172    0.63017868   -3.01781880    n      7.000     0
          2.44984435    1.34261916   -1.20834314    c      6.000     0
          3.56147433   -0.25099962    0.72509399    n      7.000     0
          5.78697319    0.21821284    1.51305331    c      6.000     0
          6.99193345   -1.44642715    3.16348909    n      7.000     0
          7.27016194    2.29726959    0.90639570    n      7.000     0
          0.33666868   -1.67087586   -2.89403526    h      1.000     0
         -0.72072700    1.36086387   -3.75903764    h      1.000     0
         -1.37954238   -1.04378312    1.43934662    h      1.000     0
         -2.43588813    1.99776870    0.61914600    h      1.000     0
         -4.20620773   -2.84159409   -1.94402387    h      1.000     0
         -6.89379990   -3.66334284    3.87181209    h      1.000     0
         -6.36527076    2.23155292   -2.19413701    h      1.000     0
         -7.21591108   -0.22085792   -3.82629322    h      1.000     0
          2.08222359    3.25510447   -0.47210570    h      1.000     0
          3.73142410    1.57319278   -2.83444809    h      1.000     0
          5.79410052   -2.80168452    3.77089914    h      1.000     0
          7.92636966   -0.60480384    4.60044316    h      1.000     0
          9.15025448    1.98826431    0.87108892    h      1.000     0
          6.65374756    3.35850704   -0.54748222    h      1.000     0
 
       center of nuclear mass  :   -0.58463401   -0.25303203    0.37857503
       center of nuclear charge:   -0.50784947   -0.21908851    0.33345240

              +--------------------------------------------------+
              |               basis set information              |
              +--------------------------------------------------+

              we will work with the 1s 3p 5d 7f 9g ... basis set
              ...i.e. with spherical basis functions...

   type   atoms  prim   cont   basis
   ---------------------------------------------------------------------------
    c        6     46     31   def2-TZVP   [5s3p2d1f|11s6p2d1f]
    o        2     46     31   def2-TZVP   [5s3p2d1f|11s6p2d1f]
    n        4     46     31   def2-TZVP   [5s3p2d1f|11s6p2d1f]
    h       14      8      6   def2-TZVP   [3s1p|5s1p]
   ---------------------------------------------------------------------------
   total:   26    664    456
   ---------------------------------------------------------------------------

   total number of primitive shells          :   66
   total number of contracted shells         :  188
   total number of cartesian basis functions :  516
   total number of SCF-basis functions       :  456


 integral neglect threshold       :  0.65E-11
 integral storage threshold THIZE :  0.10E-04
 integral storage threshold THIME :         5

 RI-J AUXILIARY BASIS SET information:

              we will work with the 1s 3p 5d 7f 9g ... basis set
              ...i.e. with spherical basis functions...

   type   atoms  prim   cont   basis
   ---------------------------------------------------------------------------
    c        6     70     49   def2-TZVP   [6s4p3d1f1g|12s5p4d2f1g]
    o        2     70     49   def2-TZVP   [6s4p3d1f1g|12s5p4d2f1g]
    n        4     70     49   def2-TZVP   [6s4p3d1f1g|12s5p4d2f1g]
    h       14     16     11   def2-TZVP   [3s1p1d|5s2p1d]
   ---------------------------------------------------------------------------
   total:   26   1064    742
   ---------------------------------------------------------------------------

   total number of primitive shells          :   80
   total number of contracted shells         :  250
   total number of cartesian basis functions :  900
   total number of SCF-basis functions       :  742


 symmetry group of the molecule :   c1 

 the group has the following generators :
   c1(z)

    1 symmetry operations found

 there are 1 real representations :   a   

 maximum number of shells which are related by symmetry :  1

 ==============================================================================
                      COSMO switched on
 ==============================================================================
 COSMO stati: segments per atom: H   32 other atoms   92
 COSMO statistics: nps    938 npspher:    386
 COSMO surface:
   number of segments:  938
   area (bohr**2):      776.144315
   volume (bohr**3):   1457.045214
 COSMO: check number of disjunct cavities:

       ... OK contiguous cavity found
  
           ------------------
           density functional
           ------------------
 Becke-3-Parameter hybrid functional: B3-LYP
 exchange:    0.8*LDA + 0.72*B88 + 0.2*HF
 correlation: 0.19*LDA(VWN) + 0.81*LYP
 iterations will be done with small grid
  
 spherical integration : Lebedev's spherical grid
 spherical gridsize    :                     3
    i.e. gridpoints    :                   302
  maximum batchsize    :                   100
 value for diffuse not defined
 radial integration    : Chebyshev 2nd kind (scaling 3)
 radial gridsize       :                     3
 integration cells     :                    26
 partition function    : becke
 partition sharpness   :                     3
  

 biggest AO integral is expected to be     7.998976882

          ------------------------
          nuclear repulsion energy  :   709.863514492    
          ------------------------


         -----------------
         -S,T+V- integrals
         -----------------

 1e-integrals will be neglected if expon. factor < 0.647667E-12
 
 Difference densities algorithm switched on.
 The maximal number of linear combinations of
 difference densities is  20.

 DIIS switched on: error vector is FDS-SDF
 Max. Iterations for DIIS is     :   4
 DIIS matrix (see manual) 
    Scaling factor of diagonals  :  1.200
    threshold for scaling factor :  0.000

 scf convergence criterion : increment of total energy < .1000000D-06
                  and increment of one-electron energy < .1000000D-03

 MOs are in ASCII format !


    mo occupation :
   irrep   mo's   occupied
    a      456       47
 
 number of basis functions   :   456
 number of occupied orbitals :    47
 

 reading orbital data $scfmo  from file mos
 orbital characterization : scfconv=7
 mo-orthogonalization by Cholesky decomposition

 automatic virtual orbital shift switched on 
      shift if e(lumo)-e(homo) < 0.10000000    

  
           ------------------------
               RI-J - INFORMATION
           ------------------------
 Contributions to RI integral batches: 
  neglected integral batches:                  4778
  direct contribution:                            0
  memory contribution:                 12988
 Memory core needed for (P|Q) and Cholesky      5 MByte
 Memory core minimum needed except of (P|Q)     1 MByte
 Total minimum memory core needed (sum)         6 MByte
  
 ****************************************
 Memory allocated for RI-J   657 MByte
 ****************************************
                                            

 DSCF restart information will be dumped onto file mos


 Starting SCF iterations

          Overall gridpoints after grid construction =         32801

 ITERATION  ENERGY          1e-ENERGY        2e-ENERGY     NORM[dD(SAO)]  TOL
   1  -606.47567840001    -2234.1200512     917.78085830    0.000D+00 0.646D-11
                            Exc = -66.6533033098     Coul =  1000.24701778    
                            exK = -15.8128561762    
                              N = 94.004398828    
                          Ediel =-0.260345405044E-01
                            current damping = 0.300
 
          max. resid. norm for Fia-block=  9.972D-03 for orbital     47a         
          max. resid. fock norm         =  2.006D-02 for orbital     57a         

 ITERATION  ENERGY          1e-ENERGY        2e-ENERGY     NORM[dD(SAO)]  TOL
   2  -606.47863305930    -2234.6968543     918.35470672    0.256D+00 0.411D-11
                            Exc = -66.6759999821      Eck =  985.030706705    
                              N = 94.004455377    
                          Ediel =-0.325983453096E-01
                            current damping = 0.250
 
          Norm of current diis error: 0.86593E-01
          max. resid. norm for Fia-block=  6.216D-03 for orbital     45a         
          max. resid. fock norm         =  6.901D-03 for orbital     45a         

 ITERATION  ENERGY          1e-ENERGY        2e-ENERGY     NORM[dD(SAO)]  TOL
   3  -606.47900041013    -2234.4354676     918.09295274    0.726D-01 0.333D-11
                            Exc = -66.6487626003      Eck =  984.741715337    
                              N = 94.004485898    
                          Ediel =-0.328265616314E-01
                            current damping = 0.200
 
          Norm of current diis error: 0.62974E-01
          max. resid. norm for Fia-block=  2.380D-03 for orbital     43a         
          max. resid. fock norm         =  3.447D-03 for orbital    435a         

 ITERATION  ENERGY          1e-ENERGY        2e-ENERGY     NORM[dD(SAO)]  TOL
   4  -606.47922369239    -2234.4749881     918.13224996    0.180D-01 0.304D-11
                            Exc = -66.6539403282      Eck =  984.786190285    
                              N = 94.004491285    
                          Ediel =-0.336352305054E-01
                            current damping = 0.250
 
          Norm of current diis error: 0.15053E-01
          max. resid. norm for Fia-block=  6.032D-04 for orbital     32a         
          max. resid. fock norm         =  1.255D-03 for orbital    435a         

 ITERATION  ENERGY          1e-ENERGY        2e-ENERGY     NORM[dD(SAO)]  TOL
   5  -606.47923525527    -2234.5455112     918.20276142    0.640D-02 0.288D-11
                            Exc = -66.6582227998      Eck =  984.860984225    
                              N = 94.004491485    
                          Ediel =-0.338214467369E-01
                            current damping = 0.100
 
          Norm of current diis error: 0.63565E-02
          max. resid. norm for Fia-block=  2.757D-04 for orbital     40a         
          max. resid. fock norm         =  5.811D-04 for orbital    435a         
          mo-orthogonalization: Cholesky decomposition

 ITERATION  ENERGY          1e-ENERGY        2e-ENERGY     NORM[dD(SAO)]  TOL
   6  -606.47923731217    -2234.5247886     918.18203677    0.192D-02 0.276D-11
                            Exc = -66.6564884228      Eck =  984.838525193    
                              N = 94.004493089    
                          Ediel =-0.338842192270E-01
                            current damping = 0.150
 
          Norm of current diis error: 0.31127E-02
          max. resid. norm for Fia-block=  1.329D-04 for orbital     43a         
          max. resid. fock norm         =  3.015D-04 for orbital    435a         

 ITERATION  ENERGY          1e-ENERGY        2e-ENERGY     NORM[dD(SAO)]  TOL
   7  -606.47923775874    -2234.5236330     918.18088079    0.774D-03 0.270D-11
                            Exc = -66.6564577891      Eck =  984.837338582    
                              N = 94.004493397    
                          Ediel =-0.338878267548E-01
                            current damping = 0.100
 
          Norm of current diis error: 0.14074E-02
          max. resid. norm for Fia-block=  4.281D-05 for orbital     43a         
          max. resid. fock norm         =  8.156D-05 for orbital    435a         

 ITERATION  ENERGY          1e-ENERGY        2e-ENERGY     NORM[dD(SAO)]  TOL
   8  -606.47923785269    -2234.5262945     918.18354218    0.240D-03 0.266D-11
                            Exc = -66.6566814286      Eck =  984.840223605    
                              N = 94.004493376    
                          Ediel =-0.338952857342E-01
                            current damping = 0.150
 
          Norm of current diis error: 0.48674E-03
          max. resid. norm for Fia-block=  2.002D-05 for orbital     43a         
          max. resid. fock norm         =  2.970D-05 for orbital    433a         

 ITERATION  ENERGY          1e-ENERGY        2e-ENERGY     NORM[dD(SAO)]  TOL
   9  -606.47923786120    -2234.5270102     918.18425786    0.977D-04 0.263D-11
                            Exc = -66.6566510226      Eck =  984.840908881    
                              N = 94.004493384    
                          Ediel =-0.338973440164E-01
                            current damping = 0.100
 
          Norm of current diis error: 0.25790E-03
          max. resid. norm for Fia-block=  8.448D-06 for orbital     43a         
          max. resid. fock norm         =  1.282D-05 for orbital     48a         

 ITERATION  ENERGY          1e-ENERGY        2e-ENERGY     NORM[dD(SAO)]  TOL
  10  -606.47923786366    -2234.5265589     918.18380655    0.230D-04 0.259D-11
                            Exc = -66.6566566003      Eck =  984.840463150    
                              N = 94.004493423    
                          Ediel =-0.338984829058E-01
                            current damping = 0.150
 
          Norm of current diis error: 0.63196E-04
          max. resid. norm for Fia-block=  3.485D-06 for orbital     43a         
          max. resid. fock norm         =  4.431D-06 for orbital     43a         
          mo-orthogonalization: Cholesky decomposition

 ENERGY CONVERGED !

          Overall gridpoints after grid construction =        122607

 ITERATION  ENERGY          1e-ENERGY        2e-ENERGY     NORM[dD(SAO)]  TOL
  11  -606.47844817280    -2234.5265208     918.18455810    0.905D-05 0.257D-11
                            Exc = -66.6558563388      Eck =  984.840414440    
                              N = 94.000005989    
                          Ediel =-0.338982497582E-01
                            current damping = 0.200
 
          Norm of current diis error: 0.36872E-04
          max. resid. norm for Fia-block=  1.411D-06 for orbital     43a         
          max. resid. fock norm         =  2.198D-06 for orbital    447a         

 End of SCF iterations

   convergence criteria satisfied after    11 iterations


                  ------------------------------------------ 
                 |  total energy      =   -606.47844817280  |
                  ------------------------------------------ 
                 :  kinetic energy    =    603.85810422995  :
                 :  potential energy  =  -1210.33655240275  :
                 :  virial theorem    =      1.99567941128  :
                 :  wavefunction norm =      1.00000000000  :
                  .......................................... 


 <geterg> : there is no data group $energy 


 <skperg> : $end is missing 


 orbitals $scfmo  will be written to file mos

    irrep                 43a         44a         45a         46a         47a   
 eigenvalues H         -0.29460    -0.27466    -0.25596    -0.25379    -0.23013
            eV          -8.0166     -7.4741     -6.9650     -6.9061     -6.2623
 occupation              2.0000      2.0000      2.0000      2.0000      2.0000

    irrep                 48a         49a         50a         51a         52a   
 eigenvalues H         -0.00284     0.03638     0.04086     0.04119     0.05769
            eV          -0.0774      0.9899      1.1119      1.1208      1.5698
 
 ==============================================================================
                                  COSMO RESULTS
 ==============================================================================
  PARAMETER:
    nppa:      1082
    nspa:        92
    nsph:        32
    nps:        938
    npspher:    386
    disex:   10.0000    
    disex2:  3777.83    
    rsolv [A]: 1.3000
    routf:     0.8500
    phsran:    0.0    
    ampran:   0.10E-04
    cavity:  closed
    solvent: not set
    source:  Custom values, not taken from cosmosolvent list!                                                                        
    epsilon: infinity
    refind:      1.300 ( 25.0 C)
    fepsi:       1.0000000
  CAVITY VOLUME/AREA [a.u.]:
    surface: V1.0, A matrix: V1.0
    area:   776.14
    volume:  1457.05
  SCREENING CHARGE:
    cosmo      :  -0.032965
    correction :   0.032219
    total      :  -0.000747
  ENERGIES [a.u.]:
    Total energy            =      -606.4784481727969
    Total energy + OC corr. =      -606.4794169038
    Dielectric energy       =        -0.0338982498
    Diel. energy + OC corr. =        -0.0348669808
  ELEMENT RADIUS [A]: ATOM LIST
    c  2.00: 1-4,8,10
    o  1.72: 5,6
    n  1.83: 7,9,11,12
    h  1.30: 13-26
 ==============================================================================
 
 
 
 ==============================================================================
                           electrostatic moments
 ==============================================================================

 reference point for electrostatic moments:    0.00000   0.00000   0.00000

 
              nuc           elec       ->  total
 ------------------------------------------------------------------------------
                          charge      
 ------------------------------------------------------------------------------
          94.000000     -94.000000       0.000000
 
 ------------------------------------------------------------------------------
                       dipole moment  
 ------------------------------------------------------------------------------
   x     -47.737850      49.124545       1.386696
   y     -20.594319      20.728775       0.134456
   z      31.344526     -31.025326       0.319200
 
   | dipole moment | =     1.4293 a.u. =     3.6329 debye 
 
 ------------------------------------------------------------------------------
                     quadrupole moment
 ------------------------------------------------------------------------------
  xx    2848.355391   -2893.189974     -44.834583
  yy     259.078521    -311.479018     -52.400497
  zz     390.573868    -440.605028     -50.031161
  xy     341.688160    -331.567251      10.120909
  xz     207.534411    -203.973994       3.560416
  yz    -149.239646     145.540558      -3.699088
 
     1/3  trace=     -49.088747
     anisotropy=      20.767967
 
 ==============================================================================
 
HOMO-LUMO Separation
 HOMO         :   -0.23013308 H =     -6.26224 eV
 LUMO         :   -0.00284335 H =     -0.07737 eV
 HOMO-LUMO gap:    0.22728973 H =     +6.18487 eV
 
 ==============================================================================


    ------------------------------------------------------------------------
         total  cpu-time :  7 minutes and 21 seconds
         total wall-time :  28.42 seconds
    ------------------------------------------------------------------------

   ****  ridft : all done  ****


    2026-04-15 19:56:02.080 

 ridft ended normally
