
   OpenMP run-time library returned nthreads = 16

 ridft (s02r2b69) : TURBOMOLE rev. V7-8-1 compiled 26 Feb 2024 at 17:12:58
 Copyright (C) 2024 TURBOMOLE GmbH, Karlsruhe


    2026-04-15 19:55:29.234 



                                  r i d f t

                        DFT program with RI approximation 
                                for coulomb part 





                                 References:     
                                                 
          TURBOMOLE:                             
              R. Ahlrichs, M. Baer, M. Haeser, H. Horn, and
              C. Koelmel
              Electronic structure calculations on workstation
              computers: the program system TURBOMOLE
              Chem. Phys. Lett. 162: 165 (1989)
          Density Functional:                              
              O. Treutler and R. Ahlrichs                      
              Efficient Molecular Numerical Integration Schemes
              J. Chem. Phys. 102: 346 (1995)                   
          Parallel Version:                                
              Performance of parallel TURBOMOLE for Density    
              Functional Calculations                          
              M. v. Arnim and R. Ahlrichs                      
              J. Comp. Chem. 19: 1746 (1998)                   
          RI-J Method:                                     
              Auxiliary Basis Sets to approximate Coulomb      
              Potentials                                       
              Chem. Phys. Lett. 240: 283 (1995)                
              K. Eichkorn, O. Treutler, H. Oehm, M. Haeser     
              and R. Ahlrichs                                  
              Chem. Phys. Lett. 242: 652 (1995)                
                                                           
              Auxiliary Basis Sets for Main Row Atoms and their
              Use to approximate Coulomb Potentials            
              K. Eichkorn, F. Weigend, O. Treutler and         
              R. Ahlrichs                                      
              Theo. Chem. Acc. 97: 119 (1997)                  
                                                           
              Accurate Coulomb-fitting basis sets for H to Rn 
              F. Weigend                                       
              Phys. Chem. Chem. Phys. 8: 1057 (2006)           
                                                           
          Multipole accelerated RI-J (MARI-J):             
              Fast evaluation of the Coulomb potential for     
              electron densities using multipole accelerated   
              resolution of identity approximation             
              M. Sierka, A. Hogekamp and R. Ahlrichs           
              J. Chem. Phys. 118: 9136 (2003)                  
          RI-JK Method:                                     
              A fully direct RI-HF algorithm: Implementation,
              optimised auxiliary basis sets, demonstration of
              accuracy and efficiency                         
              F. Weigend                                      
              Phys. Chem. Chem. Phys. 4: 4285 (2002)           
          Two-component HF and DFT with spin-orbit coupling:  
              Self-consistent treatment of spin-orbit         
              interactions with efficient Hartree-Fock and    
              density functional methods                      
              M. K. Armbruster, F. Weigend, C. van Wüllen and 
              W. Klopper                                      
              Phys. Chem. Chem. Phys. 10: 1748 (2008)         
          Two-component difference density and DIIS algorithm 
              Efficient two-component self-consistent field   
              procedures and gradients: implementation in     
              TURBOMOLE and application to Au20-              
              A. Baldes, F. Weigend                           
              Mol. Phys. 111: 2617 (2013)                     
          Relativistic current density functional theory      
              Current density functional framework for        
              spin-orbit coupling                             
              C. Holzer, Y. J. Franzke, A. Pausch             
              J. Chem. Phys. 157: 204102 (2022)               
          Relativistic all-electron 2c calculations           
              An efficient implementation of two-component    
              relativistic exact-decoupling methods for large 
              molecules                                       
              D. Peng, N. Middendorf, F. Weigend, M. Reiher   
              J. Chem. Phys. 138: 184105 (2013)               
          Finite nucleus model and SNSO approximation         
              Efficient implementation of one- and two-       
              component analytical energy gradients in exact  
              two-component theory                            
              Y. J. Franzke, N. Middendorf, F. Weigend        
              J. Chem. Phys. 148: 104110 (2018)               
          Grids for all-electron relativistic methods         
              Error-consistent segmented contracted all-      
              electron relativistic basis sets of double-     
              and triple-zeta quality for NMR shielding       
              constants                                       
              Y. J. Franzke, R. Tress, T. M. Pazdera,         
              F. Weigend                                      
              Phys. Chem. Chem. Phys. 21: 166658 (2019)       
          Seminumerical exchange algorithms                   
              Seminumerical calculation of the Hartree-Fock   
              exchange matirx: Application to two-component   
              procedures and efficient evaluation of local    
              hybrid functionsl                               
              P. Plessow, F. Weigend,                         
              J. Comput. Chem. 33: 810 (2012)                 
          Improved seminumerical algorithms                   
              C. Holzer,                                      
              J. Chem. Phys. 153 (2020), 184115               






          OpenMP Shared-Memory Parallelization: 16 CPUs.

            By: Christof Holzer and Yannick J. Franzke


              +--------------------------------------------------+
              |      general information about current run       |
              +--------------------------------------------------+

 
 Becke-3-Parameter hybrid functional: B3-LYP
 exchange:    0.8*LDA + 0.72*B88 + 0.2*HF
 correlation: 0.19*LDA(VWN) + 0.81*LYP
 A Hybrid-DFT calculation using the RI-J approximation will be carried out.
 Allocatable memory for RI due to $ricore (MB):                  1000


              +--------------------------------------------------+
              | Atomic coordinate, charge and isotop information |
              +--------------------------------------------------+

                    atomic coordinates            atom    charge  isotop
         -1.08520684   -0.01352001   -0.00942967    c      6.000     0
          1.60347725    0.30499607    0.55250363    n      7.000     0
         -1.97271960   -1.09738620    1.50495026    h      1.000     0
         -1.50572412   -0.96778126   -1.80595734    h      1.000     0
         -1.99597504    1.83696969   -0.04764929    h      1.000     0
          2.48892408   -1.39091319    0.62227791    h      1.000     0
          2.46722427    1.32763489   -0.81669740    h      1.000     0
 
       center of nuclear mass  :    0.28664201    0.12286159    0.22790121
       center of nuclear charge:    0.23304607    0.09790980    0.18154842

              +--------------------------------------------------+
              |               basis set information              |
              +--------------------------------------------------+

              we will work with the 1s 3p 5d 7f 9g ... basis set
              ...i.e. with spherical basis functions...

   type   atoms  prim   cont   basis
   ---------------------------------------------------------------------------
    c        1     46     31   def2-TZVP   [5s3p2d1f|11s6p2d1f]
    n        1     46     31   def2-TZVP   [5s3p2d1f|11s6p2d1f]
    h        5      8      6   def2-TZVP   [3s1p|5s1p]
   ---------------------------------------------------------------------------
   total:    7    132     92
   ---------------------------------------------------------------------------

   total number of primitive shells          :   46
   total number of contracted shells         :   42
   total number of cartesian basis functions :  102
   total number of SCF-basis functions       :   92


 integral neglect threshold       :  0.33E-10
 integral storage threshold THIZE :  0.10E-04
 integral storage threshold THIME :         5

 RI-J AUXILIARY BASIS SET information:

              we will work with the 1s 3p 5d 7f 9g ... basis set
              ...i.e. with spherical basis functions...

   type   atoms  prim   cont   basis
   ---------------------------------------------------------------------------
    c        1     70     49   def2-TZVP   [6s4p3d1f1g|12s5p4d2f1g]
    n        1     70     49   def2-TZVP   [6s4p3d1f1g|12s5p4d2f1g]
    h        5     16     11   def2-TZVP   [3s1p1d|5s2p1d]
   ---------------------------------------------------------------------------
   total:    7    220    153
   ---------------------------------------------------------------------------

   total number of primitive shells          :   56
   total number of contracted shells         :   55
   total number of cartesian basis functions :  182
   total number of SCF-basis functions       :  153


 symmetry group of the molecule :   c1 

 the group has the following generators :
   c1(z)

    1 symmetry operations found

 there are 1 real representations :   a   

 maximum number of shells which are related by symmetry :  1

 ==============================================================================
                      COSMO switched on
 ==============================================================================
 COSMO stati: segments per atom: H   32 other atoms   92
 COSMO statistics: nps    290 npspher:    150
 COSMO surface:
   number of segments:  290
   area (bohr**2):      255.977587
   volume (bohr**3):    354.109212
 COSMO: check number of disjunct cavities:

       ... OK contiguous cavity found
  
           ------------------
           density functional
           ------------------
 Becke-3-Parameter hybrid functional: B3-LYP
 exchange:    0.8*LDA + 0.72*B88 + 0.2*HF
 correlation: 0.19*LDA(VWN) + 0.81*LYP
 iterations will be done with small grid
  
 spherical integration : Lebedev's spherical grid
 spherical gridsize    :                     3
    i.e. gridpoints    :                   302
  maximum batchsize    :                   100
 value for diffuse not defined
 radial integration    : Chebyshev 2nd kind (scaling 3)
 radial gridsize       :                     3
 integration cells     :                     7
 partition function    : becke
 partition sharpness   :                     3
  

 biggest AO integral is expected to be     6.862573055

          ------------------------
          nuclear repulsion energy  :   41.9886363439    
          ------------------------


         -----------------
         -S,T+V- integrals
         -----------------

 1e-integrals will be neglected if expon. factor < 0.327643E-11
 
 Difference densities algorithm switched on.
 The maximal number of linear combinations of
 difference densities is  20.

 DIIS switched on: error vector is FDS-SDF
 Max. Iterations for DIIS is     :   4
 DIIS matrix (see manual) 
    Scaling factor of diagonals  :  1.200
    threshold for scaling factor :  0.000

 scf convergence criterion : increment of total energy < .1000000D-06
                  and increment of one-electron energy < .1000000D-03

 MOs are in ASCII format !


    mo occupation :
   irrep   mo's   occupied
    a       92        9
 
 number of basis functions   :    92
 number of occupied orbitals :     9
 

 reading orbital data $scfmo  from file mos
 orbital characterization : scfconv=7
 mo-orthogonalization by Cholesky decomposition

 automatic virtual orbital shift switched on 
      shift if e(lumo)-e(homo) < 0.10000000    

  
           ------------------------
               RI-J - INFORMATION
           ------------------------
 Contributions to RI integral batches: 
  neglected integral batches:                     2
  direct contribution:                            0
  memory contribution:                   901
 Memory core needed for (P|Q) and Cholesky      1 MByte
 Memory core minimum needed except of (P|Q)     1 MByte
 Total minimum memory core needed (sum)         1 MByte
  
 ****************************************
 Memory allocated for RI-J     8 MByte
 ****************************************
                                            

 DSCF restart information will be dumped onto file mos


 Starting SCF iterations

          Overall gridpoints after grid construction =          7838

 ITERATION  ENERGY          1e-ENERGY        2e-ENERGY     NORM[dD(SAO)]  TOL
   1  -95.842030270611    -211.57451134     73.743844730    0.000D+00 0.327D-10
                            Exc = -11.4466987739     Coul =  87.9032941308    
                            exK = -2.71275062664    
                              N = 18.000204548    
                          Ediel =-0.627124511703E-02
                            current damping = 0.300
 
          max. resid. norm for Fia-block=  1.262D-02 for orbital      9a         
          max. resid. fock norm         =  1.967D-02 for orbital     20a         

 ITERATION  ENERGY          1e-ENERGY        2e-ENERGY     NORM[dD(SAO)]  TOL
   2  -95.842851341940    -211.65498967     73.823501982    0.680D-01 0.207D-10
                            Exc = -11.4512419977      Eck =  85.2747439801    
                              N = 18.000200482    
                          Ediel =-0.782418765927E-02
                            current damping = 0.250
 
          Norm of current diis error: 0.24387E-01
          max. resid. norm for Fia-block=  5.271D-03 for orbital      9a         
          max. resid. fock norm         =  6.465D-03 for orbital     20a         

 ITERATION  ENERGY          1e-ENERGY        2e-ENERGY     NORM[dD(SAO)]  TOL
   3  -95.842937673588    -211.58245026     73.750876246    0.147D-01 0.166D-10
                            Exc = -11.4440123170      Eck =  85.1948885634    
                              N = 18.000197481    
                          Ediel =-0.809819519426E-02
                            current damping = 0.200
 
          Norm of current diis error: 0.20787E-01
          max. resid. norm for Fia-block=  1.291D-03 for orbital      5a         
          max. resid. fock norm         =  1.719D-03 for orbital     27a         

 ITERATION  ENERGY          1e-ENERGY        2e-ENERGY     NORM[dD(SAO)]  TOL
   4  -95.842964571034    -211.61346233     73.781861410    0.436D-02 0.153D-10
                            Exc = -11.4467023036      Eck =  85.2285637138    
                              N = 18.000198251    
                          Ediel =-0.826822836106E-02
                            current damping = 0.250
 
          Norm of current diis error: 0.36217E-02
          max. resid. norm for Fia-block=  5.329D-04 for orbital      9a         
          max. resid. fock norm         =  5.799D-04 for orbital      9a         

 ITERATION  ENERGY          1e-ENERGY        2e-ENERGY     NORM[dD(SAO)]  TOL
   5  -95.842965948407    -211.61598165     73.784379358    0.797D-03 0.142D-10
                            Exc = -11.4468582381      Eck =  85.2312375965    
                              N = 18.000198178    
                          Ediel =-0.832850971067E-02
                            current damping = 0.100
 
          Norm of current diis error: 0.10374E-02
          max. resid. norm for Fia-block=  1.535D-04 for orbital      9a         
          max. resid. fock norm         =  1.731D-04 for orbital      9a         
          mo-orthogonalization: Cholesky decomposition

 ITERATION  ENERGY          1e-ENERGY        2e-ENERGY     NORM[dD(SAO)]  TOL
   6  -95.842966049707    -211.61519425     73.783591853    0.328D-03 0.135D-10
                            Exc = -11.4467951851      Eck =  85.2303870381    
                              N = 18.000198220    
                          Ediel =-0.834711706064E-02
                            current damping = 0.150
 
          Norm of current diis error: 0.70095E-03
          max. resid. norm for Fia-block=  4.292D-05 for orbital      7a         
          max. resid. fock norm         =  5.440D-05 for orbital     41a         

 ITERATION  ENERGY          1e-ENERGY        2e-ENERGY     NORM[dD(SAO)]  TOL
   7  -95.842966078287    -211.61588436     73.784281943    0.599D-04 0.132D-10
                            Exc = -11.4468398675      Eck =  85.2311218103    
                              N = 18.000198203    
                          Ediel =-0.834843600512E-02
                            current damping = 0.200
 
          Norm of current diis error: 0.70850E-04
          max. resid. norm for Fia-block=  9.956D-06 for orbital      9a         
          max. resid. fock norm         =  1.069D-05 for orbital      9a         

 ENERGY CONVERGED !

          Overall gridpoints after grid construction =         30685

 ITERATION  ENERGY          1e-ENERGY        2e-ENERGY     NORM[dD(SAO)]  TOL
   8  -95.842920810021    -211.61594806     73.784390910    0.561D-05 0.128D-10
                            Exc = -11.4468002815      Eck =  85.2311911918    
                              N = 17.999998347    
                          Ediel =-0.834956348683E-02
                            current damping = 0.100
 
          Norm of current diis error: 0.20155E-04
          max. resid. norm for Fia-block=  2.371D-06 for orbital      9a         
          max. resid. fock norm         =  2.516D-06 for orbital      9a         

 End of SCF iterations

   convergence criteria satisfied after     8 iterations


                  ------------------------------------------ 
                 |  total energy      =    -95.84292081002  |
                  ------------------------------------------ 
                 :  kinetic energy    =     95.37488290481  :
                 :  potential energy  =   -191.21780371483  :
                 :  virial theorem    =      1.99511661476  :
                 :  wavefunction norm =      1.00000000000  :
                  .......................................... 


 <geterg> : there is no data group $energy 


 <skperg> : $end is missing 


 orbitals $scfmo  will be written to file mos

    irrep                  5a          6a          7a          8a          9a   
 eigenvalues H         -0.48408    -0.43479    -0.39813    -0.36180    -0.24197
            eV         -13.1725    -11.8313    -10.8337     -9.8451     -6.5845
 occupation              2.0000      2.0000      2.0000      2.0000      2.0000

    irrep                 10a         11a         12a         13a         14a   
 eigenvalues H          0.04304     0.08227     0.10767     0.12885     0.13780
            eV           1.1713      2.2386      2.9300      3.5063      3.7497
 
 ==============================================================================
                                  COSMO RESULTS
 ==============================================================================
  PARAMETER:
    nppa:      1082
    nspa:        92
    nsph:        32
    nps:        290
    npspher:    150
    disex:   10.0000    
    disex2:  3801.09    
    rsolv [A]: 1.3000
    routf:     0.8500
    phsran:    0.0    
    ampran:   0.10E-04
    cavity:  closed
    solvent: not set
    source:  Custom values, not taken from cosmosolvent list!                                                                        
    epsilon: infinity
    refind:      1.300 ( 25.0 C)
    fepsi:       1.0000000
  CAVITY VOLUME/AREA [a.u.]:
    surface: V1.0, A matrix: V1.0
    area:   255.98
    volume:   354.11
  SCREENING CHARGE:
    cosmo      :  -0.022013
    correction :   0.021505
    total      :  -0.000508
  ENERGIES [a.u.]:
    Total energy            =       -95.8429208100211
    Total energy + OC corr. =       -95.8432153093
    Dielectric energy       =        -0.0083495635
    Diel. energy + OC corr. =        -0.0086440628
  ELEMENT RADIUS [A]: ATOM LIST
    c  2.00: 1
    n  1.83: 2
    h  1.30: 3-7
 ==============================================================================
 
 
 
 ==============================================================================
                           electrostatic moments
 ==============================================================================

 reference point for electrostatic moments:    0.00000   0.00000   0.00000

 
              nuc           elec       ->  total
 ------------------------------------------------------------------------------
                          charge      
 ------------------------------------------------------------------------------
          18.000000     -18.000000       0.000000
 
 ------------------------------------------------------------------------------
                       dipole moment  
 ------------------------------------------------------------------------------
   x       4.194829      -4.200472      -0.005643
   y       1.762376      -2.085159      -0.322783
   z       3.267872      -3.876998      -0.609126
 
   | dipole moment | =     0.6894 a.u. =     1.7522 debye 
 
 ------------------------------------------------------------------------------
                     quadrupole moment
 ------------------------------------------------------------------------------
  xx      47.488701     -57.379099      -9.890398
  yy       9.864824     -19.870967     -10.006143
  zz       8.720207     -20.414634     -11.694427
  xy       3.280609      -4.048764      -0.768155
  xz       5.642250      -7.085735      -1.443485
  yz      -0.760736      -0.499176      -1.259912
 
     1/3  trace=     -10.530323
     anisotropy=       3.980249
 
 ==============================================================================
 
HOMO-LUMO Separation
 HOMO         :   -0.24197405 H =     -6.58445 eV
 LUMO         :    0.04304489 H =     +1.17131 eV
 HOMO-LUMO gap:    0.28501894 H =     +7.75576 eV
 
 ==============================================================================


    ------------------------------------------------------------------------
         total  cpu-time :  19.43 seconds
         total wall-time :   1.36 seconds
    ------------------------------------------------------------------------

   ****  ridft : all done  ****


    2026-04-15 19:55:30.537 

 ridft ended normally
