
   OpenMP run-time library returned nthreads = 16

 ridft (s02r2b19) : TURBOMOLE rev. V7-8-1 compiled 26 Feb 2024 at 17:12:58
 Copyright (C) 2024 TURBOMOLE GmbH, Karlsruhe


    2026-04-15 19:55:51.089 



                                  r i d f t

                        DFT program with RI approximation 
                                for coulomb part 





                                 References:     
                                                 
          TURBOMOLE:                             
              R. Ahlrichs, M. Baer, M. Haeser, H. Horn, and
              C. Koelmel
              Electronic structure calculations on workstation
              computers: the program system TURBOMOLE
              Chem. Phys. Lett. 162: 165 (1989)
          Density Functional:                              
              O. Treutler and R. Ahlrichs                      
              Efficient Molecular Numerical Integration Schemes
              J. Chem. Phys. 102: 346 (1995)                   
          Parallel Version:                                
              Performance of parallel TURBOMOLE for Density    
              Functional Calculations                          
              M. v. Arnim and R. Ahlrichs                      
              J. Comp. Chem. 19: 1746 (1998)                   
          RI-J Method:                                     
              Auxiliary Basis Sets to approximate Coulomb      
              Potentials                                       
              Chem. Phys. Lett. 240: 283 (1995)                
              K. Eichkorn, O. Treutler, H. Oehm, M. Haeser     
              and R. Ahlrichs                                  
              Chem. Phys. Lett. 242: 652 (1995)                
                                                           
              Auxiliary Basis Sets for Main Row Atoms and their
              Use to approximate Coulomb Potentials            
              K. Eichkorn, F. Weigend, O. Treutler and         
              R. Ahlrichs                                      
              Theo. Chem. Acc. 97: 119 (1997)                  
                                                           
              Accurate Coulomb-fitting basis sets for H to Rn 
              F. Weigend                                       
              Phys. Chem. Chem. Phys. 8: 1057 (2006)           
                                                           
          Multipole accelerated RI-J (MARI-J):             
              Fast evaluation of the Coulomb potential for     
              electron densities using multipole accelerated   
              resolution of identity approximation             
              M. Sierka, A. Hogekamp and R. Ahlrichs           
              J. Chem. Phys. 118: 9136 (2003)                  
          RI-JK Method:                                     
              A fully direct RI-HF algorithm: Implementation,
              optimised auxiliary basis sets, demonstration of
              accuracy and efficiency                         
              F. Weigend                                      
              Phys. Chem. Chem. Phys. 4: 4285 (2002)           
          Two-component HF and DFT with spin-orbit coupling:  
              Self-consistent treatment of spin-orbit         
              interactions with efficient Hartree-Fock and    
              density functional methods                      
              M. K. Armbruster, F. Weigend, C. van Wüllen and 
              W. Klopper                                      
              Phys. Chem. Chem. Phys. 10: 1748 (2008)         
          Two-component difference density and DIIS algorithm 
              Efficient two-component self-consistent field   
              procedures and gradients: implementation in     
              TURBOMOLE and application to Au20-              
              A. Baldes, F. Weigend                           
              Mol. Phys. 111: 2617 (2013)                     
          Relativistic current density functional theory      
              Current density functional framework for        
              spin-orbit coupling                             
              C. Holzer, Y. J. Franzke, A. Pausch             
              J. Chem. Phys. 157: 204102 (2022)               
          Relativistic all-electron 2c calculations           
              An efficient implementation of two-component    
              relativistic exact-decoupling methods for large 
              molecules                                       
              D. Peng, N. Middendorf, F. Weigend, M. Reiher   
              J. Chem. Phys. 138: 184105 (2013)               
          Finite nucleus model and SNSO approximation         
              Efficient implementation of one- and two-       
              component analytical energy gradients in exact  
              two-component theory                            
              Y. J. Franzke, N. Middendorf, F. Weigend        
              J. Chem. Phys. 148: 104110 (2018)               
          Grids for all-electron relativistic methods         
              Error-consistent segmented contracted all-      
              electron relativistic basis sets of double-     
              and triple-zeta quality for NMR shielding       
              constants                                       
              Y. J. Franzke, R. Tress, T. M. Pazdera,         
              F. Weigend                                      
              Phys. Chem. Chem. Phys. 21: 166658 (2019)       
          Seminumerical exchange algorithms                   
              Seminumerical calculation of the Hartree-Fock   
              exchange matirx: Application to two-component   
              procedures and efficient evaluation of local    
              hybrid functionsl                               
              P. Plessow, F. Weigend,                         
              J. Comput. Chem. 33: 810 (2012)                 
          Improved seminumerical algorithms                   
              C. Holzer,                                      
              J. Chem. Phys. 153 (2020), 184115               






          OpenMP Shared-Memory Parallelization: 16 CPUs.

            By: Christof Holzer and Yannick J. Franzke


              +--------------------------------------------------+
              |      general information about current run       |
              +--------------------------------------------------+

 
 Becke-3-Parameter hybrid functional: B3-LYP
 exchange:    0.8*LDA + 0.72*B88 + 0.2*HF
 correlation: 0.19*LDA(VWN) + 0.81*LYP
 A Hybrid-DFT calculation using the RI-J approximation will be carried out.
 Allocatable memory for RI due to $ricore (MB):                  5000


              +--------------------------------------------------+
              | Atomic coordinate, charge and isotop information |
              +--------------------------------------------------+

                    atomic coordinates            atom    charge  isotop
         -4.32818381    2.43503276   -1.12691950    c      6.000     0
         -4.81290403   -0.27588023   -0.29423979    c      6.000     0
         -2.75702817   -1.92397398   -0.74941408    o      8.000     0
         -0.96120520   -2.09580211    1.23404701    c      6.000     0
          1.26193958   -3.70554436    0.40250376    c      6.000     0
          2.61108261   -2.85131181   -1.75145888    o      8.000     0
          3.22467877   -0.24711828   -1.90744126    c      6.000     0
          5.16121429    0.65075547    0.03614210    c      6.000     0
          5.68204884    3.27148439   -0.27866017    o      8.000     0
         -2.47606314    3.73735741    0.34553383    o      8.000     0
         -3.60117474    2.42524809   -3.05558833    h      1.000     0
         -6.12619140    3.47031144   -1.12621742    h      1.000     0
         -5.36865485   -0.32896609    1.70885362    h      1.000     0
         -6.40357784   -1.00734484   -1.39557116    h      1.000     0
         -1.81225243   -3.01480947    2.89479244    h      1.000     0
         -0.34018502   -0.21298222    1.81540084    h      1.000     0
          2.52212568   -3.91070255    2.04155707    h      1.000     0
          0.58899035   -5.58688033   -0.10969361    h      1.000     0
          4.00446938    0.01738450   -3.79754177    h      1.000     0
          1.52277179    0.92701032   -1.76692811    h      1.000     0
          6.95345641   -0.33188393   -0.23194342    h      1.000     0
          4.51238436    0.25948247    1.96662119    h      1.000     0
          4.12489689    4.19616512   -0.07085869    h      1.000     0
         -3.18263642    4.10296633    1.98353854    h      1.000     0
 
       center of nuclear mass  :    0.27217297   -0.01431803   -0.38600446
       center of nuclear charge:    0.23351196   -0.00680358   -0.34818316

              +--------------------------------------------------+
              |               basis set information              |
              +--------------------------------------------------+

              we will work with the 1s 3p 5d 7f 9g ... basis set
              ...i.e. with spherical basis functions...

   type   atoms  prim   cont   basis
   ---------------------------------------------------------------------------
    c        6     46     31   def2-TZVP   [5s3p2d1f|11s6p2d1f]
    o        4     46     31   def2-TZVP   [5s3p2d1f|11s6p2d1f]
    h       14      8      6   def2-TZVP   [3s1p|5s1p]
   ---------------------------------------------------------------------------
   total:   24    572    394
   ---------------------------------------------------------------------------

   total number of primitive shells          :   46
   total number of contracted shells         :  166
   total number of cartesian basis functions :  444
   total number of SCF-basis functions       :  394


 integral neglect threshold       :  0.75E-11
 integral storage threshold THIZE :  0.10E-04
 integral storage threshold THIME :         5

 RI-J AUXILIARY BASIS SET information:

              we will work with the 1s 3p 5d 7f 9g ... basis set
              ...i.e. with spherical basis functions...

   type   atoms  prim   cont   basis
   ---------------------------------------------------------------------------
    c        6     70     49   def2-TZVP   [6s4p3d1f1g|12s5p4d2f1g]
    o        4     70     49   def2-TZVP   [6s4p3d1f1g|12s5p4d2f1g]
    h       14     16     11   def2-TZVP   [3s1p1d|5s2p1d]
   ---------------------------------------------------------------------------
   total:   24    924    644
   ---------------------------------------------------------------------------

   total number of primitive shells          :   56
   total number of contracted shells         :  220
   total number of cartesian basis functions :  778
   total number of SCF-basis functions       :  644


 symmetry group of the molecule :   c1 

 the group has the following generators :
   c1(z)

    1 symmetry operations found

 there are 1 real representations :   a   

 maximum number of shells which are related by symmetry :  1

  
           ------------------
           density functional
           ------------------
 Becke-3-Parameter hybrid functional: B3-LYP
 exchange:    0.8*LDA + 0.72*B88 + 0.2*HF
 correlation: 0.19*LDA(VWN) + 0.81*LYP
 iterations will be done with small grid
  
 spherical integration : Lebedev's spherical grid
 spherical gridsize    :                     3
    i.e. gridpoints    :                   302
  maximum batchsize    :                   100
 value for diffuse not defined
 radial integration    : Chebyshev 2nd kind (scaling 3)
 radial gridsize       :                     3
 integration cells     :                    24
 partition function    : becke
 partition sharpness   :                     3
  

 biggest AO integral is expected to be     7.998976882

          ------------------------
          nuclear repulsion energy  :   594.017010891    
          ------------------------


         -----------------
         -S,T+V- integrals
         -----------------

 1e-integrals will be neglected if expon. factor < 0.752694E-12
 
 Difference densities algorithm switched on.
 The maximal number of linear combinations of
 difference densities is  20.

 DIIS switched on: error vector is FDS-SDF
 Max. Iterations for DIIS is     :   4
 DIIS matrix (see manual) 
    Scaling factor of diagonals  :  1.200
    threshold for scaling factor :  0.000

 scf convergence criterion : increment of total energy < .1000000D-06
                  and increment of one-electron energy < .1000000D-03

 MOs are in ASCII format !


    mo occupation :
   irrep   mo's   occupied
    a      394       41
 
 number of basis functions   :   394
 number of occupied orbitals :    41
 

 reading orbital data $scfmo  from file mos
 orbital characterization : scfconv=7
 mo-orthogonalization by Cholesky decomposition

 automatic virtual orbital shift switched on 
      shift if e(lumo)-e(homo) < 0.10000000    

  
           ------------------------
               RI-J - INFORMATION
           ------------------------
 Contributions to RI integral batches: 
  neglected integral batches:                  2467
  direct contribution:                            0
  memory contribution:                 11394
 Memory core needed for (P|Q) and Cholesky      4 MByte
 Memory core minimum needed except of (P|Q)     1 MByte
 Total minimum memory core needed (sum)         4 MByte
  
 ****************************************
 Memory allocated for RI-J   483 MByte
 ****************************************
                                            

 DSCF restart information will be dumped onto file mos


 Starting SCF iterations

          Overall gridpoints after grid construction =         29113

 ITERATION  ENERGY          1e-ENERGY        2e-ENERGY     NORM[dD(SAO)]  TOL
   1  -537.83001404451    -1913.2556215     781.40859653    0.000D+00 0.751D-11
                            Exc = -58.1854912309     Coul =  853.404895939    
                            exK = -13.8108081782    
                              N = 81.995913677    
                            current damping = 0.300
 
          max. resid. norm for Fia-block=  1.945D-05 for orbital     14a         
          max. resid. fock norm         =  4.168D-05 for orbital    393a         

 ITERATION  ENERGY          1e-ENERGY        2e-ENERGY     NORM[dD(SAO)]  TOL
   2  -537.83001404425    -1913.2553227     781.40829771    0.173D-03 0.476D-11
                            Exc = -58.1854378796      Eck =  839.593735594    
                              N = 81.995913599    
                            current damping = 0.300
 
          Norm of current diis error: 0.30314E-03
          max. resid. norm for Fia-block=  7.350D-06 for orbital     14a         
          max. resid. fock norm         =  1.533D-05 for orbital    376a         

 ENERGY CONVERGED !

          Overall gridpoints after grid construction =        109791

 ITERATION  ENERGY          1e-ENERGY        2e-ENERGY     NORM[dD(SAO)]  TOL
   3  -537.83074216036    -1913.2553975     781.40764444    0.276D-04 0.445D-11
                            Exc = -58.1861839053      Eck =  839.593828341    
                              N = 82.000062800    
                            current damping = 0.350
 
          Norm of current diis error: 0.83426E-04
          max. resid. norm for Fia-block=  2.356D-06 for orbital     14a         
          max. resid. fock norm         =  5.811D-06 for orbital    390a         

 End of SCF iterations

   convergence criteria satisfied after     3 iterations


                  ------------------------------------------ 
                 |  total energy      =   -537.83074216036  |
                  ------------------------------------------ 
                 :  kinetic energy    =    535.56557830629  :
                 :  potential energy  =  -1073.39632046665  :
                 :  virial theorem    =      1.99578833325  :
                 :  wavefunction norm =      1.00000000000  :
                  .......................................... 


 <geterg> : there is no data group $energy 


 <skperg> : $end is missing 


 orbitals $scfmo  will be written to file mos

    irrep                 37a         38a         39a         40a         41a   
 eigenvalues H         -0.31639    -0.30412    -0.28184    -0.25852    -0.24821
            eV          -8.6095     -8.2756     -7.6694     -7.0346     -6.7542
 occupation              2.0000      2.0000      2.0000      2.0000      2.0000

    irrep                 42a         43a         44a         45a         46a   
 eigenvalues H          0.00845     0.03673     0.04474     0.06155     0.06658
            eV           0.2300      0.9996      1.2173      1.6748      1.8117
 
 
 
 
 ==============================================================================
                           electrostatic moments
 ==============================================================================

 reference point for electrostatic moments:    0.00000   0.00000   0.00000

 
              nuc           elec       ->  total
 ------------------------------------------------------------------------------
                          charge      
 ------------------------------------------------------------------------------
          82.000000     -82.000000      -0.000000
 
 ------------------------------------------------------------------------------
                       dipole moment  
 ------------------------------------------------------------------------------
   x      19.147981     -20.632622      -1.484641
   y      -0.557894       0.790087       0.232194
   z     -28.551019      29.580821       1.029801
 
   | dipole moment | =     1.8217 a.u. =     4.6303 debye 
 
 ------------------------------------------------------------------------------
                     quadrupole moment
 ------------------------------------------------------------------------------
  xx    1156.031759   -1203.362636     -47.330877
  yy     549.866162    -598.483856     -48.617694
  zz     127.428942    -172.758419     -45.329477
  xy     -23.113961      17.950466      -5.163495
  xz     -42.016584      41.910725      -0.105860
  yz      -3.186404       2.055375      -1.131029
 
     1/3  trace=     -47.092683
     anisotropy=       9.596524
 
 ==============================================================================
 
HOMO-LUMO Separation
 HOMO         :   -0.24820983 H =     -6.75414 eV
 LUMO         :    0.00845066 H =     +0.22995 eV
 HOMO-LUMO gap:    0.25666049 H =     +6.98409 eV
 
 ==============================================================================


    ------------------------------------------------------------------------
         total  cpu-time :  1 minutes and 28 seconds
         total wall-time :   5.62 seconds
    ------------------------------------------------------------------------

   ****  ridft : all done  ****


    2026-04-15 19:55:56.684 

 ridft ended normally
