
   OpenMP run-time library returned nthreads = 16

 ridft (s02r2b57) : TURBOMOLE rev. V7-8-1 compiled 26 Feb 2024 at 17:12:58
 Copyright (C) 2024 TURBOMOLE GmbH, Karlsruhe


    2026-04-15 19:55:45.533 



                                  r i d f t

                        DFT program with RI approximation 
                                for coulomb part 





                                 References:     
                                                 
          TURBOMOLE:                             
              R. Ahlrichs, M. Baer, M. Haeser, H. Horn, and
              C. Koelmel
              Electronic structure calculations on workstation
              computers: the program system TURBOMOLE
              Chem. Phys. Lett. 162: 165 (1989)
          Density Functional:                              
              O. Treutler and R. Ahlrichs                      
              Efficient Molecular Numerical Integration Schemes
              J. Chem. Phys. 102: 346 (1995)                   
          Parallel Version:                                
              Performance of parallel TURBOMOLE for Density    
              Functional Calculations                          
              M. v. Arnim and R. Ahlrichs                      
              J. Comp. Chem. 19: 1746 (1998)                   
          RI-J Method:                                     
              Auxiliary Basis Sets to approximate Coulomb      
              Potentials                                       
              Chem. Phys. Lett. 240: 283 (1995)                
              K. Eichkorn, O. Treutler, H. Oehm, M. Haeser     
              and R. Ahlrichs                                  
              Chem. Phys. Lett. 242: 652 (1995)                
                                                           
              Auxiliary Basis Sets for Main Row Atoms and their
              Use to approximate Coulomb Potentials            
              K. Eichkorn, F. Weigend, O. Treutler and         
              R. Ahlrichs                                      
              Theo. Chem. Acc. 97: 119 (1997)                  
                                                           
              Accurate Coulomb-fitting basis sets for H to Rn 
              F. Weigend                                       
              Phys. Chem. Chem. Phys. 8: 1057 (2006)           
                                                           
          Multipole accelerated RI-J (MARI-J):             
              Fast evaluation of the Coulomb potential for     
              electron densities using multipole accelerated   
              resolution of identity approximation             
              M. Sierka, A. Hogekamp and R. Ahlrichs           
              J. Chem. Phys. 118: 9136 (2003)                  
          RI-JK Method:                                     
              A fully direct RI-HF algorithm: Implementation,
              optimised auxiliary basis sets, demonstration of
              accuracy and efficiency                         
              F. Weigend                                      
              Phys. Chem. Chem. Phys. 4: 4285 (2002)           
          Two-component HF and DFT with spin-orbit coupling:  
              Self-consistent treatment of spin-orbit         
              interactions with efficient Hartree-Fock and    
              density functional methods                      
              M. K. Armbruster, F. Weigend, C. van Wüllen and 
              W. Klopper                                      
              Phys. Chem. Chem. Phys. 10: 1748 (2008)         
          Two-component difference density and DIIS algorithm 
              Efficient two-component self-consistent field   
              procedures and gradients: implementation in     
              TURBOMOLE and application to Au20-              
              A. Baldes, F. Weigend                           
              Mol. Phys. 111: 2617 (2013)                     
          Relativistic current density functional theory      
              Current density functional framework for        
              spin-orbit coupling                             
              C. Holzer, Y. J. Franzke, A. Pausch             
              J. Chem. Phys. 157: 204102 (2022)               
          Relativistic all-electron 2c calculations           
              An efficient implementation of two-component    
              relativistic exact-decoupling methods for large 
              molecules                                       
              D. Peng, N. Middendorf, F. Weigend, M. Reiher   
              J. Chem. Phys. 138: 184105 (2013)               
          Finite nucleus model and SNSO approximation         
              Efficient implementation of one- and two-       
              component analytical energy gradients in exact  
              two-component theory                            
              Y. J. Franzke, N. Middendorf, F. Weigend        
              J. Chem. Phys. 148: 104110 (2018)               
          Grids for all-electron relativistic methods         
              Error-consistent segmented contracted all-      
              electron relativistic basis sets of double-     
              and triple-zeta quality for NMR shielding       
              constants                                       
              Y. J. Franzke, R. Tress, T. M. Pazdera,         
              F. Weigend                                      
              Phys. Chem. Chem. Phys. 21: 166658 (2019)       
          Seminumerical exchange algorithms                   
              Seminumerical calculation of the Hartree-Fock   
              exchange matirx: Application to two-component   
              procedures and efficient evaluation of local    
              hybrid functionsl                               
              P. Plessow, F. Weigend,                         
              J. Comput. Chem. 33: 810 (2012)                 
          Improved seminumerical algorithms                   
              C. Holzer,                                      
              J. Chem. Phys. 153 (2020), 184115               






          OpenMP Shared-Memory Parallelization: 16 CPUs.

            By: Christof Holzer and Yannick J. Franzke


              +--------------------------------------------------+
              |      general information about current run       |
              +--------------------------------------------------+

 
 Becke-3-Parameter hybrid functional: B3-LYP
 exchange:    0.8*LDA + 0.72*B88 + 0.2*HF
 correlation: 0.19*LDA(VWN) + 0.81*LYP
 A Hybrid-DFT calculation using the RI-J approximation will be carried out.
 Allocatable memory for RI due to $ricore (MB):                  5000


              +--------------------------------------------------+
              | Atomic coordinate, charge and isotop information |
              +--------------------------------------------------+

                    atomic coordinates            atom    charge  isotop
         -0.89912084   -0.37613464   -0.24245733    c      6.000     0
          1.59156360   -1.64395884    0.50268547    c      6.000     0
          3.57952548   -1.66318154   -1.58932214    c      6.000     0
          4.70835336    0.89582752   -2.15739296    c      6.000     0
          4.39779038    2.80420320   -0.95891284    o      8.000     0
          6.21352853    0.81346878   -4.22870203    o      8.000     0
         -2.88187347   -0.47481242    1.85892213    c      6.000     0
         -5.38154082    0.79045897    1.17892546    c      6.000     0
         -5.19915926    3.46234065    0.89545865    o      8.000     0
         -0.50743038    1.59002554   -0.74714536    h      1.000     0
         -1.65631941   -1.29942612   -1.93790019    h      1.000     0
          1.21934174   -3.60219621    1.05354684    h      1.000     0
          2.37093331   -0.69793811    2.16459847    h      1.000     0
          2.82464263   -2.43544473   -3.35173853    h      1.000     0
          5.16314806   -2.89487438   -1.08226233    h      1.000     0
          6.90935290    2.49546084   -4.45226246    h      1.000     0
         -3.27393014   -2.45215050    2.33967733    h      1.000     0
         -2.13677044    0.42239147    3.56688958    h      1.000     0
         -6.17204964   -0.07067701   -0.53742529    h      1.000     0
         -6.74721421    0.50119279    2.69652737    h      1.000     0
         -4.12276951    3.83542475   -0.52336425    h      1.000     0
 
       center of nuclear mass  :    0.67360605    0.59731690   -0.56656705
       center of nuclear charge:    0.57596744    0.51668172   -0.52555479

              +--------------------------------------------------+
              |               basis set information              |
              +--------------------------------------------------+

              we will work with the 1s 3p 5d 7f 9g ... basis set
              ...i.e. with spherical basis functions...

   type   atoms  prim   cont   basis
   ---------------------------------------------------------------------------
    c        6     46     31   def2-TZVP   [5s3p2d1f|11s6p2d1f]
    o        3     46     31   def2-TZVP   [5s3p2d1f|11s6p2d1f]
    h       12      8      6   def2-TZVP   [3s1p|5s1p]
   ---------------------------------------------------------------------------
   total:   21    510    351
   ---------------------------------------------------------------------------

   total number of primitive shells          :   46
   total number of contracted shells         :  147
   total number of cartesian basis functions :  396
   total number of SCF-basis functions       :  351


 integral neglect threshold       :  0.84E-11
 integral storage threshold THIZE :  0.10E-04
 integral storage threshold THIME :         5

 RI-J AUXILIARY BASIS SET information:

              we will work with the 1s 3p 5d 7f 9g ... basis set
              ...i.e. with spherical basis functions...

   type   atoms  prim   cont   basis
   ---------------------------------------------------------------------------
    c        6     70     49   def2-TZVP   [6s4p3d1f1g|12s5p4d2f1g]
    o        3     70     49   def2-TZVP   [6s4p3d1f1g|12s5p4d2f1g]
    h       12     16     11   def2-TZVP   [3s1p1d|5s2p1d]
   ---------------------------------------------------------------------------
   total:   21    822    573
   ---------------------------------------------------------------------------

   total number of primitive shells          :   56
   total number of contracted shells         :  195
   total number of cartesian basis functions :  693
   total number of SCF-basis functions       :  573


 symmetry group of the molecule :   c1 

 the group has the following generators :
   c1(z)

    1 symmetry operations found

 there are 1 real representations :   a   

 maximum number of shells which are related by symmetry :  1

  
           ------------------
           density functional
           ------------------
 Becke-3-Parameter hybrid functional: B3-LYP
 exchange:    0.8*LDA + 0.72*B88 + 0.2*HF
 correlation: 0.19*LDA(VWN) + 0.81*LYP
 iterations will be done with small grid
  
 spherical integration : Lebedev's spherical grid
 spherical gridsize    :                     3
    i.e. gridpoints    :                   302
  maximum batchsize    :                   100
 value for diffuse not defined
 radial integration    : Chebyshev 2nd kind (scaling 3)
 radial gridsize       :                     3
 integration cells     :                    21
 partition function    : becke
 partition sharpness   :                     3
  

 biggest AO integral is expected to be     7.998976882

          ------------------------
          nuclear repulsion energy  :   457.020845055    
          ------------------------


         -----------------
         -S,T+V- integrals
         -----------------

 1e-integrals will be neglected if expon. factor < 0.843930E-12
 
 Difference densities algorithm switched on.
 The maximal number of linear combinations of
 difference densities is  20.

 DIIS switched on: error vector is FDS-SDF
 Max. Iterations for DIIS is     :   4
 DIIS matrix (see manual) 
    Scaling factor of diagonals  :  1.200
    threshold for scaling factor :  0.000

 scf convergence criterion : increment of total energy < .1000000D-06
                  and increment of one-electron energy < .1000000D-03

 MOs are in ASCII format !


    mo occupation :
   irrep   mo's   occupied
    a      351       36
 
 number of basis functions   :   351
 number of occupied orbitals :    36
 

 reading orbital data $scfmo  from file mos
 orbital characterization : scfconv=7
 mo-orthogonalization by Cholesky decomposition

 automatic virtual orbital shift switched on 
      shift if e(lumo)-e(homo) < 0.10000000    

  
           ------------------------
               RI-J - INFORMATION
           ------------------------
 Contributions to RI integral batches: 
  neglected integral batches:                  2016
  direct contribution:                            0
  memory contribution:                  8862
 Memory core needed for (P|Q) and Cholesky      3 MByte
 Memory core minimum needed except of (P|Q)     1 MByte
 Total minimum memory core needed (sum)         4 MByte
  
 ****************************************
 Memory allocated for RI-J   336 MByte
 ****************************************
                                            

 DSCF restart information will be dumped onto file mos


 Starting SCF iterations

          Overall gridpoints after grid construction =         25794

 ITERATION  ENERGY          1e-ENERGY        2e-ENERGY     NORM[dD(SAO)]  TOL
   1  -461.48047331547    -1534.5289906     616.02767223    0.000D+00 0.842D-11
                            Exc = -50.6527291416     Coul =  678.702332413    
                            exK = -12.0219310467    
                              N = 71.997954227    
                            current damping = 0.300
 
          max. resid. norm for Fia-block=  1.501D-05 for orbital     11a         
          max. resid. fock norm         =  5.917D-05 for orbital    344a         

 ITERATION  ENERGY          1e-ENERGY        2e-ENERGY     NORM[dD(SAO)]  TOL
   2  -461.48047331517    -1534.5288862     616.02756779    0.126D-03 0.534D-11
                            Exc = -50.6526965543      Eck =  666.680264342    
                              N = 71.997954222    
                            current damping = 0.300
 
          Norm of current diis error: 0.21731E-03
          max. resid. norm for Fia-block=  6.330D-06 for orbital     35a         
          max. resid. fock norm         =  1.523D-05 for orbital    344a         

 ENERGY CONVERGED !

          Overall gridpoints after grid construction =         97246

 ITERATION  ENERGY          1e-ENERGY        2e-ENERGY     NORM[dD(SAO)]  TOL
   3  -461.48108983236    -1534.5289413     616.02700638    0.281D-04 0.495D-11
                            Exc = -50.6533281569      Eck =  666.680334536    
                              N = 71.999763161    
                            current damping = 0.350
 
          Norm of current diis error: 0.57503E-04
          max. resid. norm for Fia-block=  2.002D-06 for orbital     33a         
          max. resid. fock norm         =  7.283D-06 for orbital    344a         

 End of SCF iterations

   convergence criteria satisfied after     3 iterations


                  ------------------------------------------ 
                 |  total energy      =   -461.48108983236  |
                  ------------------------------------------ 
                 :  kinetic energy    =    459.51629189941  :
                 :  potential energy  =   -920.99738173176  :
                 :  virial theorem    =      1.99574240857  :
                 :  wavefunction norm =      1.00000000000  :
                  .......................................... 


 <geterg> : there is no data group $energy 


 <skperg> : $end is missing 


 orbitals $scfmo  will be written to file mos

    irrep                 32a         33a         34a         35a         36a   
 eigenvalues H         -0.34066    -0.33039    -0.31834    -0.28880    -0.27250
            eV          -9.2699     -8.9904     -8.6627     -7.8587     -7.4153
 occupation              2.0000      2.0000      2.0000      2.0000      2.0000

    irrep                 37a         38a         39a         40a         41a   
 eigenvalues H         -0.00436     0.02483     0.03346     0.04232     0.05622
            eV          -0.1186      0.6756      0.9104      1.1517      1.5298
 
 
 
 
 ==============================================================================
                           electrostatic moments
 ==============================================================================

 reference point for electrostatic moments:    0.00000   0.00000   0.00000

 
              nuc           elec       ->  total
 ------------------------------------------------------------------------------
                          charge      
 ------------------------------------------------------------------------------
          72.000000     -72.000000       0.000000
 
 ------------------------------------------------------------------------------
                       dipole moment  
 ------------------------------------------------------------------------------
   x      41.469656     -40.994927       0.474729
   y      37.201084     -38.155119      -0.954035
   z     -37.839945      37.211318      -0.628627
 
   | dipole moment | =     1.2372 a.u. =     3.1447 debye 
 
 ------------------------------------------------------------------------------
                     quadrupole moment
 ------------------------------------------------------------------------------
  xx    1341.759203   -1384.310524     -42.551321
  yy     267.059665    -311.075118     -44.015453
  zz     299.217595    -339.598527     -40.380933
  xy     -67.229584      70.743834       3.514250
  xz    -504.178031     503.652768      -0.525263
  yz     -32.718356      28.492248      -4.226107
 
     1/3  trace=     -42.315902
     anisotropy=      10.074200
 
 ==============================================================================
 
HOMO-LUMO Separation
 HOMO         :   -0.27250479 H =     -7.41524 eV
 LUMO         :   -0.00435728 H =     -0.11857 eV
 HOMO-LUMO gap:    0.26814751 H =     +7.29667 eV
 
 ==============================================================================


    ------------------------------------------------------------------------
         total  cpu-time :  1 minutes and  5 seconds
         total wall-time :   4.14 seconds
    ------------------------------------------------------------------------

   ****  ridft : all done  ****


    2026-04-15 19:55:49.644 

 ridft ended normally
