
   OpenMP run-time library returned nthreads = 16

 force (s02r1b80) : TURBOMOLE rev. V7-8-1 compiled 26 Feb 2024 at 17:12:58
 Copyright (C) 2024 TURBOMOLE GmbH, Karlsruhe


    2026-04-16 23:35:46.641 



                             T U R B O M O L E   

                          a o f o r c e - program

                        using direct algorithms for

                       SCF level calculations of
                         * harmonic force constants
                         * hyperpolarizabilities
                         * IR and RAMAN intensities
                         * VCD intensities

                       DFT level calculations of
                         * harmonic force constants
                         * IR intensities
                                                   
       Stephan Boecker, Peter Deglmann, Filipp Furche and Marco Haeser
                          Quantum Chemistry Group
                          Universitaet  Karlsruhe
                                   Germany

 
 

          OpenMP Shared-Memory Parallelization: 16 CPUs.

            By: Erik P. Almaraz and Filipp Furche
            Copyright 2009-2011 by UCI and TURBOMOLE GmbH.

            Revised By: Christof Holzer and Yannick J. Franzke.

 
 
     References :
 
       RI-J implementation:
         Peter Deglmann, Klaus May, Filipp Furche, Reinhart Ahlrichs
                 Chem. Phys. Lett. 384:103 (2004)
 
       Efficiency, technical details:
         Peter Deglmann, Filipp Furche, Reinhart Ahlrichs
                 Chem. Phys. Lett. 362:511 (2002)
 
       Search of lowest eigenvalues by iterative diagonalization:
         Peter Deglmann, Filipp Furche
                 J. Chem. Phys. 117:9535 (2002)
 
       Vibrational circular dichroism implementation:
        Kevin Reiter, Michael Kuehn, Florian Weigend
                 J. Chem. Phys. 146:054102 (2017)  
 
 


              +--------------------------------------------------+
              | Atomic coordinate, charge and isotop information |
              +--------------------------------------------------+

                    atomic coordinates            atom    charge  isotop
         -4.36795833   -0.41732226    1.91457023    c      6.000     0
         -2.53525103   -1.44928906   -0.05037897    c      6.000     0
         -0.06179585   -0.71820559    0.65020261    o      8.000     0
          1.82698576   -1.41275358   -1.09863143    c      6.000     0
          4.34670540   -0.28325845   -0.31319629    c      6.000     0
          4.41355667    2.45317990   -0.70241834    n      7.000     0
         -4.40446483    2.32780897    2.17990163    n      7.000     0
         -6.27304859   -1.07079420    1.44997014    h      1.000     0
         -3.88575404   -1.23638816    3.74990228    h      1.000     0
         -2.99468169   -0.68987219   -1.93341487    h      1.000     0
         -2.68086489   -3.52333848   -0.15505479    h      1.000     0
          1.31837324   -0.75074862   -3.00517694    h      1.000     0
          1.99485732   -3.48391631   -1.18827194    h      1.000     0
          4.61740942   -0.65604582    1.69896468    h      1.000     0
          5.84313653   -1.30984886   -1.33049177    h      1.000     0
          4.56935075    2.87450648   -2.56468838    h      1.000     0
          5.91805424    3.23566648    0.18329776    h      1.000     0
         -2.61705403    2.96130967    2.46384732    h      1.000     0
         -5.02755794    3.14931009    0.56367148    h      1.000     0
 
       center of nuclear mass  :   -0.08482947    0.11694012    0.35009003
       center of nuclear charge:   -0.06940712    0.10078237    0.31363345

              +--------------------------------------------------+
              |               basis set information              |
              +--------------------------------------------------+

              we will work with the 1s 3p 5d 7f 9g ... basis set
              ...i.e. with spherical basis functions...

   type   atoms  prim   cont   basis
   ---------------------------------------------------------------------------
    c        4     46     31   def2-TZVP   [5s3p2d1f|11s6p2d1f]
    o        1     46     31   def2-TZVP   [5s3p2d1f|11s6p2d1f]
    n        2     46     31   def2-TZVP   [5s3p2d1f|11s6p2d1f]
    h       12      8      6   def2-TZVP   [3s1p|5s1p]
   ---------------------------------------------------------------------------
   total:   19    418    289
   ---------------------------------------------------------------------------

   total number of primitive shells          :   66
   total number of contracted shells         :  125
   total number of cartesian basis functions :  324
   total number of SCF-basis functions       :  289

 
             FOUND RI-J FLAG !
 

 NOTE: THIS IS A PRELIMINARY IMPLEMENTATION. THE RI APPROXIMATION IS
       PRESENTLY USED FOR CPKS CONTRIBUTIONS TO THE HESSIAN ONLY! SEE
       MANUAL FOR FURTHER DETAILS.

  
 AUXILIARY BASIS SET information:

              we will work with the 1s 3p 5d 7f 9g ... basis set
              ...i.e. with spherical basis functions...

   type   atoms  prim   cont   basis
   ---------------------------------------------------------------------------
    c        4     70     49   def2-TZVP   [6s4p3d1f1g|12s5p4d2f1g]
    o        1     70     49   def2-TZVP   [6s4p3d1f1g|12s5p4d2f1g]
    n        2     70     49   def2-TZVP   [6s4p3d1f1g|12s5p4d2f1g]
    h       12     16     11   def2-TZVP   [3s1p1d|5s2p1d]
   ---------------------------------------------------------------------------
   total:   19    682    475
   ---------------------------------------------------------------------------

   total number of primitive shells          :   80
   total number of contracted shells         :  165
   total number of cartesian basis functions :  571
   total number of SCF-basis functions       :  475


 symmetry group of the molecule :   c1 

 the group has the following generators :
   c1(z)

    1 symmetry operations found

 there are 1 real representations :   a   

 maximum number of shells which are related by symmetry :  1


 determining totally symmetric integral contributions 
    - equivalent to irreducible tensor elements - 
 which can be formed within each triple of representations :

             representation triple      contributions

              a     a     a               1
  MOs are in ASCII format !

  MOs are in ASCII format !


    mo occupation :
   irrep   mo's   occupied
    a      289       29
 
 number of basis functions   :   289
 number of occupied orbitals :    29
 

 reading orbital data $scfmo  from file mos
 orbital characterization : scfconv=7
 time elapsed for calculating density matrices :   0.124 sec
 all orbitals will be included in the transformation

 number of non-frozen orbitals          :   289
 number of non-frozen occupied orbitals :    29


 Blocking parameters 
 shells:
    index      start shell   last shell  start bf    last bf    #bf 
       1             1         125             1        324    324
          size of I/O Block in Byte:               47869056
  
           ----------------------
               RI - INFORMATION
           ----------------------

 biggest AO integral is expected to be     7.998976882

 Threshold for integral neglect (rithr2):   0.77E-11
 Threshold for integral neglect (rithr1):   0.77E-11

 Contributions to RI integral batches: 
  neglected integral batches:                   961
  direct contribution:                            0
  memory contribution:                  6914
 Core memory available (ricore)            5000 MiB
 Core memory needed for (P|Q) and Cholesky 2 MiB
 Core memory used for integrals            205 MiB
  
 ****************************************
 Memory allocated for RIDFT 207 MiB
 ****************************************
                                            
  
           ------------------
           density functional
           ------------------
 Becke-3-Parameter hybrid functional: B3-LYP
 exchange:    0.8*LDA + 0.72*B88 + 0.2*HF
 correlation: 0.19*LDA(VWN) + 0.81*LYP
 iterations will be done with small grid
  
 spherical integration : Lebedev's spherical grid
 spherical gridsize    :                     3
    i.e. gridpoints    :                   302
  maximum batchsize    :                   100
 value for diffuse not defined
 radial integration    : Chebyshev 2nd kind (scaling 3)
 radial gridsize       :                     3
 integration cells     :                    19
 partition function    : becke
 partition sharpness   :                     3
  
 
 Derivatives of quadrature weights will be included
 
 preparing DFT   numerical integration ....
          Overall gridpoints after grid construction =         85421
 Ordering of quadrature gridpoints disabled.
 
 
 
 
 OCCUPIED-OCCUPIED TENSOR SPACES :

          IRREP   tensor space dimension   number of roots

           a                 841                     51
 
 OCCUPIED-VIRTUAL TENSOR SPACES :

          IRREP   tensor space dimension   number of roots

           a                7540                     51
 
 
 
 
 CONSTRUCTING integral bounds

 setting up bound for integral derivative estimation

 increment for numerical differentiation : 0.00050000
 
 machine precision:   2.220446049250313E-016

 integral neglect threshold       :  0.10E-09
 integral storage threshold THIZE :  0.10E-04
 integral storage threshold THIME :         5

 
 
 
 PREPARING NUMERICAL INTEGRATION
 
 Remaining core memory for DFT =                  7863 MB
 
 Memory needed per atom    =                  1233 KiB
 
     i. e.                    19 atoms per loop

 Calculating ground state density on molecular grid

 Integral of ground state density: N =   58.00002509146995    


 
 
 CONSTRUCTING first deriv. of <mu|x,y,z|nu> -> Dip. deriv.
  dipole integral derivatives will be neglected if
  expon. factor <0.154321E-11
      ...terminated. cpu:       0.32       wall:       0.02
 
 
 
 
 CONSTRUCTING first deriv. of  <mu|nu>
                               <mu|h|nu>    -> RHS
              second deriv. of <mu|nu>      -> Hessian
                               <mu|h|nu>    -> Hessian
                               nucl. rep.   -> Hessian
     integrals are neglected if expon. factor <  1.543209876543210E-013
      ...terminated. cpu:       1.90       wall:       0.12



 CONSTRUCTING second deriv. of 2e energy    -> Hessian
  treating Coulomb (and exchange) contribution
  integrals will be neglected if total contribution <  0.15432099E-08
      ...terminated. cpu:     277.83       wall:      21.60
  treating exchange-correlation contribution
      ...terminated. cpu:      82.00       wall:       5.30
 
 
 
 
 CONSTRUCTING S(i,j)xi
      ...terminated. cpu:       0.17       wall:       0.01
 
 
 
 
 CONSTRUCTING <i|x,y,z|j>*S(i,j)xi          -> Dip. deriv.
      ...terminated. cpu:       0.04       wall:       0.00
 
 
 
 
 CONSTRUCTING epsilon(i)*S(i,j)xi*S(i,j)chi -> Hessian
      ...terminated. cpu:       0.01       wall:       0.00
 
 
 
 
 CONSTRUCTING G(a,i)[S(k,l)xi]              -> RHS
              G(i,j)[S(k,l)xi]*S(i,j)chi    -> Hessian
 
         Maximum core memory set to                   8000 MB
         This corresponds to                  9957 vectors in CAO basis
      ...terminated. cpu:     288.83       wall:      21.79
 
 
 
 
 CONSTRUCTING G(mu,nu)[D(kap,lam)]xi
 
          Maximum core memory set to                   8000 MB
          Atoms treated simultaneously :                    19
 max of dfo   54.4819327860783     
      ...terminated. cpu:     281.80       wall:      17.62




 CONSTRUCTING F(a,i)xi                      -> RHS
              F(i,j)xi*S(i,j)chi            -> Hessian
 
        Maximum core memory set to                  8000 MB
        This corresponds to                 17421 vectors in CAO basis
      ...terminated. cpu:       1.17       wall:       0.07
 
 
 
 
 CONSTRUCTING epsilon(i)*S(a,i)xi           -> RHS
      ...terminated. cpu:       0.95       wall:       0.06





 SOLVING CPHF equations
 
 Residuum convergence criterium   :  1.000000000000000E-005
 
 Maximum number of Davidson iterations set to                    25

 logfile cphf_a    will be constructed


  Switching to small grid for DFT
        preparing DFT   numerical integration ....
          Overall gridpoints after grid construction =         22348

 Calculating ground state density on molecular grid

 Integral of ground state density: N =   58.00113229264359    




                       Nonorthonormal Krylov Space Iteration


 total number of roots to be determined: 51


 maximum core memory set to         8000 MB,
 corresponding to     9904 vectors in CAO basis


 maximum number of simultaneously treated vectors (including degeneracy):       51


 Iteration IRREP Converged      Max. Euclidean
                 roots          residual norm

    1       a        0        6.644176718663818D-02
 
    2       a        0        7.728641296001494D-03
 
    3       a        0        6.372618839660171D-04
 
    4       a       13        3.770943342933951D-05
 
    5       a       51        9.767517435541742D-06
 

 converged!

  Switching to fine grid
        preparing numerical DFT   integration ....
          Overall gridpoints after grid construction =         85421

 Calculating ground state density on molecular grid

 Integral of ground state density: N =   58.00002509146998    



 Iteration IRREP Converged      Max. Euclidean
                 roots          residual norm

    6       a        0        1.280866580235505D-04
 

 NOTE: Residual norms are larger than 1.00D-05 due to mgrid option!

      ...terminated. cpu:    1190.35       wall:      93.71
 
 
 
 
 CONSTRUCTING <a|x,y,z|i>*U(a,i)xi          -> Dip. deriv.
      ...terminated. cpu:       0.12       wall:       0.01
 
 
 
 
 CONSTRUCTING RHS(a,i)xi*U(a,i)chi          -> Hessian
      ...terminated. cpu:       0.30       wall:       0.02
 
 
 
 

            -----------------------
            permanent dipole moment
            -----------------------

                                   x                y                z
    electronic part       :    4.7821812498    -6.2525857755   -19.1215946766
     nuclear   part       :   -4.0256127590     5.8453772922    18.1907402048
     total                :    0.7565684908    -0.4072084833    -0.9308544719

 with reference to the point :   0.0000000        0.0000000        0.0000000
 (given in atomic units)
    | dipole |       :    3.2198309505  debye

   ***  dipole moment & cartesian dipole gradients written onto
        $dipole, $dipgrad,  file=<dipgrad>  ***

             -----------------------------------
             rotational and vibrational analysis
             -----------------------------------


            ==============================================================
            ATOMIC WEIGHTS (average over the natural occurance of isotops)
            ==============================================================
            ('*' denotes special isotop !)
              1     c                12.01115
              2     c                12.01115
              3     o                15.99940
              4     c                12.01115
              5     c                12.01115
              6     n                14.00670
              7     n                14.00670
              8     h                 1.00797
              9     h                 1.00797
             10     h                 1.00797
             11     h                 1.00797
             12     h                 1.00797
             13     h                 1.00797
             14     h                 1.00797
             15     h                 1.00797
             16     h                 1.00797
             17     h                 1.00797
             18     h                 1.00797
             19     h                 1.00797

          -------------------------------------------------
          CARTESIAN FORCE CONSTANT MATRIX (hartree/bohr**2)
         (translational & rotational space projected out)
          -------------------------------------------------

   ATOM              1 c                           2 c 
                  dx        dy        dz        dx        dy        dz
   1 c     dx  0.5707735
           dy  0.0355818 0.4868382
           dz  0.0650576-0.0426658 0.5492171
   2 c     dx -0.1102871 0.0233153 0.0500513 0.4464779
           dy  0.0134354-0.0864871-0.0182364-0.0066921 0.5592810
           dz  0.0379771-0.0238624-0.1398990-0.0021315-0.0231952 0.5453070
   3 o     dx -0.0435912-0.0085869-0.0055791-0.1825774-0.0471361-0.0540187
           dy  0.0100881 0.0036616 0.0033199-0.0315501-0.0824682-0.0260567
           dz  0.0270843 0.0089493 0.0095575-0.0201760-0.0226090-0.0997858
   4 c     dx -0.0043296-0.0023269-0.0016351-0.0470170 0.0087913 0.0252956
           dy -0.0022700-0.0020776-0.0012277-0.0064215-0.0008667 0.0102488
           dz -0.0026809-0.0015239-0.0022231 0.0015266 0.0061081 0.0045828
   5 c     dx -0.0009871-0.0006880-0.0005656-0.0021580 0.0015484 0.0026640
           dy  0.0009747 0.0014096 0.0002673 0.0015404-0.0014005-0.0026889
           dz  0.0014983 0.0004163 0.0010881 0.0014561-0.0012438-0.0040850
   6 n     dx  0.0002239 0.0003381-0.0000814 0.0009922-0.0000971-0.0001748
           dy  0.0000839-0.0005965-0.0002714 0.0010016 0.0006451 0.0007805
           dz -0.0000206-0.0001685-0.0001576 0.0000764 0.0002448 0.0002400
   7 n     dx -0.0867884-0.0171467-0.0219419 0.0019475 0.0222171 0.0017819
           dy  0.0145035-0.2081319-0.0277560 0.0048084-0.0323879-0.0074921
           dz -0.0186929 0.0154732-0.0798623-0.0000221-0.0282509-0.0010474
   8 h     dx -0.2676099-0.0687438-0.0525691-0.0188484-0.0068369-0.0089044
           dy -0.0631225-0.0675922-0.0153031 0.0074635 0.0038313 0.0048396
           dz -0.0543621-0.0175716-0.0637994 0.0211513 0.0073622 0.0062697
   9 h     dx -0.0651384 0.0223206-0.0564736 0.0032921-0.0067798 0.0225802
           dy  0.0194129-0.0806076 0.0812649-0.0024807 0.0050360-0.0107213
           dz -0.0542251 0.0859219-0.2515362-0.0057541 0.0075885-0.0263909
  10 h     dx  0.0049002-0.0085165 0.0211303-0.0544704 0.0168068-0.0341186
           dy -0.0011495 0.0031329-0.0108813 0.0173118-0.0896728 0.0829132
           dz -0.0033287 0.0112117-0.0218067-0.0364951 0.0804533-0.2346681
  11 h     dx  0.0036906 0.0202998-0.0027373-0.0485406-0.0014553 0.0022052
           dy -0.0011198-0.0110206 0.0028819-0.0030815-0.2786086-0.0050207
           dz -0.0015264-0.0223665 0.0008659 0.0012759-0.0030667-0.0538581
  12 h     dx -0.0001659 0.0000966 0.0001909 0.0052910-0.0005451 0.0048756
           dy -0.0002145 0.0000818-0.0002532-0.0003730 0.0004317-0.0003657
           dz  0.0003958-0.0001379 0.0006578-0.0054782-0.0015853-0.0000470
  13 h     dx -0.0001678-0.0000798 0.0001278 0.0052189 0.0044144 0.0010141
           dy  0.0004068 0.0003156 0.0000592-0.0027282 0.0010362-0.0006212
           dz  0.0000056-0.0000463 0.0000815-0.0032191-0.0014617-0.0004398
  14 h     dx  0.0001416 0.0000147 0.0001388-0.0004254-0.0000237-0.0002883
           dy  0.0000665-0.0000219 0.0000532 0.0001033 0.0000832-0.0001029
           dz -0.0000239-0.0000267-0.0000520 0.0002163 0.0000229 0.0004892
  15 h     dx -0.0005353-0.0004252-0.0004035 0.0002084 0.0009001 0.0016611
           dy -0.0002288-0.0003052-0.0001620-0.0001985 0.0004617 0.0005580
           dz -0.0001936-0.0000881-0.0000856-0.0005203-0.0000984 0.0006720
  16 h     dx -0.0000573-0.0000534-0.0000010 0.0001082-0.0002494 0.0002814
           dy  0.0000097 0.0000603 0.0000542-0.0003012-0.0000808-0.0001452
           dz -0.0000110 0.0000226-0.0000036-0.0000261 0.0000647 0.0000140
  17 h     dx  0.0000373-0.0001445-0.0000933 0.0002388 0.0001438 0.0000865
           dy -0.0000115 0.0000413-0.0000396-0.0000242-0.0000414 0.0001356
           dz -0.0000093 0.0001056 0.0000752-0.0001307-0.0000845-0.0001479
  18 h     dx  0.0004038 0.0021658 0.0034397 0.0010045 0.0016485 0.0006765
           dy -0.0400171-0.0179786-0.0077648-0.0023335 0.0001468-0.0007600
           dz -0.0022588-0.0068144-0.0020896-0.0022175-0.0004924 0.0001058
  19 h     dx -0.0005129 0.0025790 0.0019446-0.0004553-0.0000903-0.0014627
           dy  0.0135707-0.0207220 0.0366608 0.0006403 0.0010609 0.0015565
           dz  0.0053146-0.0068285-0.0000279 0.0004166-0.0015205 0.0026883

   ATOM              3 o                           4 c 
                  dx        dy        dz        dx        dy        dz
   3 o     dx  0.4719111
           dy  0.0219682 0.1532099
           dz -0.0531414 0.0946848 0.2774626
   4 c     dx -0.1379367 0.0158600 0.0409829 0.4818866
           dy  0.0321355-0.0836470-0.0428707-0.0022336 0.5613403
           dz  0.0749654-0.0388127-0.1483694 0.0414318-0.0203083 0.5245998
   5 c     dx -0.0387594-0.0075020-0.0005173-0.1584138-0.0310545-0.0318186
           dy  0.0136441 0.0047089 0.0038876-0.0440635-0.0910394-0.0153734
           dz  0.0284281 0.0090434 0.0062386-0.0398671-0.0108825-0.0931248
   6 n     dx  0.0022202-0.0016072 0.0002592-0.0005905-0.0333662 0.0025585
           dy -0.0022864 0.0012367 0.0004765-0.0063047-0.0268194 0.0008875
           dz  0.0001139 0.0008038 0.0014471 0.0001133-0.0155624 0.0006994
   7 n     dx  0.0013909 0.0019314-0.0001892 0.0013435 0.0005704-0.0005897
           dy  0.0000561 0.0012343-0.0004273-0.0008221 0.0005771 0.0012856
           dz  0.0007957-0.0006788 0.0011254-0.0011215 0.0003667 0.0010733
   8 h     dx -0.0031953 0.0023271 0.0050563-0.0000746-0.0007585-0.0010948
           dy  0.0030225-0.0002696-0.0025982 0.0002883 0.0006018 0.0002752
           dz  0.0038826-0.0019666-0.0037185 0.0010298 0.0003326 0.0010530
   9 h     dx  0.0026340-0.0002668-0.0008959-0.0002576 0.0000818 0.0005178
           dy -0.0004221-0.0001191 0.0006718-0.0001169 0.0000540-0.0001147
           dz -0.0008684 0.0000670 0.0025673 0.0001613 0.0000560 0.0002415
  10 h     dx -0.0284497 0.0069352-0.0331187 0.0043983-0.0002383-0.0073302
           dy -0.0045386 0.0081890-0.0115489 0.0001126 0.0003649-0.0003994
           dz -0.0151342-0.0007843-0.0096198 0.0030751-0.0016373 0.0006753
  11 h     dx -0.0209909-0.0384113-0.0050306 0.0050860-0.0045179-0.0036546
           dy -0.0150092-0.0077637-0.0050571 0.0023212 0.0010412-0.0019157
           dz -0.0051710-0.0132604 0.0016563 0.0005259 0.0007484-0.0001720
  12 h     dx -0.0040369-0.0057216 0.0310077-0.0676542 0.0219243-0.0608053
           dy -0.0016698 0.0074700-0.0123016 0.0230057-0.0804347 0.0737783
           dz  0.0122398 0.0020112-0.0335199-0.0577409 0.0706971-0.2303992
  13 h     dx -0.0139294 0.0280452 0.0119317-0.0505857 0.0103068-0.0037797
           dy  0.0120799-0.0071833-0.0116357 0.0083987-0.2807279 0.0018840
           dz  0.0142388-0.0295292-0.0066065-0.0035674 0.0039389-0.0508757
  14 h     dx  0.0034727 0.0005567 0.0005327-0.0073089 0.0042223-0.0323757
           dy  0.0009372 0.0001024 0.0008534-0.0015003 0.0028670-0.0139222
           dz  0.0011353 0.0002151 0.0017917-0.0026050 0.0008266-0.0117479
  15 h     dx -0.0071490-0.0031219-0.0035598-0.0198075 0.0140381 0.0196002
           dy -0.0042624-0.0000087-0.0006322-0.0061134 0.0049658 0.0061868
           dz -0.0010601-0.0004280 0.0000216-0.0077985 0.0031392 0.0041290
  16 h     dx -0.0008048 0.0001473-0.0005752 0.0011776-0.0005700 0.0026686
           dy  0.0006588 0.0000319-0.0006046 0.0005700 0.0009410 0.0014143
           dz -0.0001657 0.0001259-0.0000799 0.0006737 0.0001550 0.0007736
  17 h     dx  0.0000626-0.0001840-0.0000302 0.0006196-0.0021509 0.0004889
           dy  0.0000915 0.0005574 0.0000419 0.0024859-0.0073583 0.0014298
           dz  0.0001455 0.0000592 0.0000300 0.0001727 0.0021956-0.0001208
  18 h     dx -0.0000695 0.0006552-0.0000845-0.0003196 0.0000129 0.0002440
           dy -0.0001217 0.0009177 0.0009486 0.0012948 0.0003584-0.0006257
           dz -0.0003991 0.0010969 0.0001337 0.0006719-0.0000826-0.0006525
  19 h     dx -0.0002014-0.0001496 0.0004639-0.0002158 0.0002894 0.0001277
           dy -0.0005606 0.0001399-0.0002287 0.0003526-0.0001405-0.0002536
           dz -0.0004075 0.0000897-0.0003322 0.0002014-0.0001334-0.0001424

   ATOM              5 c                           6 n 
                  dx        dy        dz        dx        dy        dz
   5 c     dx  0.5064510
           dy -0.0228115 0.4776729
           dz -0.0095482 0.0012164 0.6052920
   6 n     dx -0.0688264-0.0251236-0.0113097 0.3592517
           dy  0.0169747-0.2048498 0.0076985 0.1732008 0.4397037
           dz -0.0184561 0.0281747-0.0976201 0.1414492-0.0441304 0.6175892
   7 n     dx  0.0003265-0.0000774-0.0000898-0.0003125-0.0001844-0.0001320
           dy -0.0002246-0.0005327-0.0000233-0.0000564 0.0007151 0.0001308
           dz -0.0001945 0.0000199-0.0001540 0.0003514 0.0001498 0.0002346
   8 h     dx -0.0001748 0.0002924 0.0003216-0.0000218-0.0001177 0.0000065
           dy  0.0001426-0.0002562-0.0001984-0.0000695 0.0001103 0.0000599
           dz  0.0002769-0.0002974-0.0003972-0.0000538 0.0000941 0.0000437
   9 h     dx  0.0000263-0.0000159-0.0001257 0.0000309-0.0000162 0.0000144
           dy -0.0000356-0.0000863 0.0001102-0.0000273 0.0000696 0.0000060
           dz -0.0000012-0.0000245 0.0000199 0.0000430-0.0000018 0.0000464
  10 h     dx -0.0002329-0.0001040 0.0001742 0.0000003-0.0001013 0.0000697
           dy  0.0000127 0.0000632-0.0003777 0.0000511-0.0000244-0.0000133
           dz  0.0001170 0.0001033 0.0006939-0.0000006-0.0001921-0.0000054
  11 h     dx -0.0000677 0.0002561-0.0000508-0.0001042-0.0000023 0.0001303
           dy -0.0003164 0.0002434 0.0001508-0.0000508 0.0001081 0.0001042
           dz  0.0000408-0.0000167 0.0000009-0.0000440-0.0000467-0.0000092
  12 h     dx -0.0080356 0.0092014-0.0286769 0.0022621 0.0015423 0.0014563
           dy -0.0054817 0.0034674-0.0122777 0.0009559 0.0016298-0.0006564
           dz -0.0043991 0.0042129-0.0084824 0.0013192 0.0001454 0.0017594
  13 h     dx  0.0035348-0.0281550 0.0021412-0.0051733-0.0023626-0.0037075
           dy  0.0029602-0.0125498 0.0020803-0.0032470-0.0001972-0.0021423
           dz -0.0001180-0.0100305 0.0001603-0.0011911-0.0003194 0.0002257
  14 h     dx -0.0517559 0.0065822-0.0296025 0.0002976-0.0014241 0.0008350
           dy  0.0047157-0.0552671 0.0340451 0.0049470-0.0132958 0.0379634
           dz -0.0328404 0.0426577-0.2948294-0.0002383 0.0031688-0.0033979
  15 h     dx -0.1748258 0.0725570 0.0830880 0.0063519 0.0024208-0.0027587
           dy  0.0759878-0.0924873-0.0532055 0.0219913-0.0343403-0.0127991
           dz  0.0851506-0.0511614-0.1133446-0.0048592 0.0025707 0.0074925
  16 h     dx -0.0025813 0.0063535 0.0000153-0.0280934-0.0341781 0.0511365
           dy -0.0025272-0.0123066 0.0417997-0.0232904-0.0631540 0.0586237
           dz  0.0029863-0.0031281-0.0050959 0.0063232 0.0815656-0.4021834
  17 h     dx -0.0034192 0.0087324 0.0021663-0.2688577-0.1481764-0.1702609
           dy -0.0320158-0.0170566-0.0182418-0.1144906-0.1004648-0.0506120
           dz  0.0070769 0.0021647 0.0034727-0.1340363-0.0524394-0.1261662
  18 h     dx -0.0000544 0.0001645 0.0000076 0.0001341-0.0000247-0.0001594
           dy  0.0002481 0.0002112-0.0000981-0.0000039-0.0003763-0.0000504
           dz  0.0001118-0.0000681 0.0001836-0.0002972-0.0000508-0.0002369
  19 h     dx -0.0000463 0.0000520-0.0000262 0.0002150-0.0000453 0.0000938
           dy  0.0000673 0.0000557-0.0000121-0.0000542-0.0000999 0.0000235
           dz  0.0000349 0.0000846-0.0000168-0.0000171-0.0000854-0.0000013

   ATOM              7 n                           8 h 
                  dx        dy        dz        dx        dy        dz
   7 n     dx  0.5253428
           dy  0.0737453 0.4800531
           dz  0.1953769-0.1169537 0.4124955
   8 h     dx  0.0033479-0.0016654 0.0001060 0.2901351
           dy -0.0342639-0.0189241-0.0120305 0.0760532 0.0838250
           dz -0.0030114-0.0015993-0.0003284 0.0573263 0.0220979 0.0638011
   9 h     dx  0.0010754 0.0013702 0.0000858-0.0062831 0.0110497-0.0264272
           dy  0.0138490-0.0245326 0.0299232-0.0010983 0.0041638-0.0087907
           dz  0.0011646 0.0006681 0.0063034-0.0019124 0.0015083-0.0055043
  10 h     dx  0.0006949-0.0014984-0.0016192 0.0007474-0.0003516-0.0008562
           dy -0.0011234 0.0023625-0.0001861-0.0004798 0.0001883 0.0007174
           dz -0.0008965 0.0001469 0.0032503 0.0005790-0.0000675 0.0004861
  11 h     dx -0.0025829 0.0031512 0.0047555 0.0002725-0.0003001-0.0007949
           dy  0.0023441-0.0010012-0.0033372 0.0008736 0.0001870-0.0001042
           dz  0.0030096-0.0026053-0.0023949-0.0000204 0.0006397 0.0008158
  12 h     dx  0.0000117-0.0000304-0.0000170-0.0000750 0.0000816-0.0000758
           dy -0.0000244-0.0000801 0.0000418-0.0000281-0.0000082 0.0000636
           dz  0.0000847-0.0001325-0.0000683 0.0002090-0.0001272-0.0000482
  13 h     dx -0.0003182-0.0000866 0.0000385-0.0001231 0.0000253 0.0000740
           dy -0.0000110 0.0001034-0.0000519 0.0001513-0.0000618-0.0000535
           dz  0.0002576-0.0000700-0.0001541 0.0000765-0.0000044-0.0000421
  14 h     dx -0.0000131-0.0000277-0.0000031 0.0000583-0.0000269-0.0000302
           dy -0.0000281 0.0000429-0.0000154-0.0000106-0.0000029-0.0000133
           dz -0.0000308 0.0000162 0.0000488-0.0000190 0.0000028 0.0000063
  15 h     dx -0.0000465 0.0001450 0.0001291-0.0001765 0.0000968 0.0001665
           dy -0.0000074 0.0001403 0.0000121-0.0000778 0.0000804 0.0000836
           dz  0.0000515-0.0000094-0.0000284-0.0000281 0.0000192 0.0000404
  16 h     dx  0.0001047 0.0000812-0.0001584 0.0000015 0.0000121 0.0000137
           dy  0.0000166-0.0001091 0.0000178 0.0000186-0.0000122-0.0000072
           dz -0.0000200-0.0000305 0.0000202 0.0000019-0.0000021 0.0000035
  17 h     dx -0.0000956 0.0001677 0.0001570-0.0000216 0.0000281 0.0000246
           dy  0.0000235-0.0000309-0.0000338-0.0000051-0.0000044 0.0000022
           dz  0.0000488-0.0001086-0.0000950 0.0000166-0.0000201-0.0000245
  18 h     dx -0.3718477-0.1215896-0.0824498 0.0016848 0.0002122 0.0010144
           dy -0.0987607-0.0883930-0.0046023 0.0007493-0.0072052-0.0003193
           dz -0.0369377 0.0076322-0.0353233 0.0006853 0.0004728 0.0010536
  19 h     dx -0.0735808 0.0279726-0.0975173 0.0003566-0.0003414 0.0006514
           dy  0.0369302-0.1111053 0.1201363-0.0006435 0.0013489-0.0000306
           dz -0.1379366 0.1473282-0.3050953 0.0001630 0.0004360 0.0002897

   ATOM              9 h                          10 h 
                  dx        dy        dz        dx        dy        dz
   9 h     dx  0.0649263
           dy -0.0281015 0.1015583
           dz  0.0575970-0.0919120 0.2735277
  10 h     dx -0.0022739 0.0023351 0.0033919 0.0717663
           dy  0.0010741 0.0001129-0.0022480-0.0170014 0.0885251
           dz  0.0031182-0.0017046-0.0019219 0.0494847-0.0875132 0.2612813
  11 h     dx  0.0006696-0.0008647-0.0000427 0.0027086 0.0050667 0.0011276
           dy -0.0003635 0.0005753-0.0005276 0.0014363-0.0127836 0.0006780
           dz -0.0009937 0.0003610 0.0005859 0.0002521 0.0289432 0.0008677
  12 h     dx -0.0001057 0.0000207-0.0002305 0.0006830 0.0006084-0.0016647
           dy  0.0000932-0.0000520-0.0000361-0.0004176-0.0001018 0.0002875
           dz -0.0003316 0.0000464 0.0003000 0.0019448 0.0000149 0.0010995
  13 h     dx  0.0000542 0.0000047-0.0000301-0.0003792-0.0001360-0.0002424
           dy -0.0000660-0.0000129 0.0000028 0.0001700-0.0003251 0.0004240
           dz -0.0000356-0.0000015-0.0000107 0.0006177 0.0003480-0.0000600
  14 h     dx -0.0000851 0.0000082 0.0000699 0.0002139-0.0001096 0.0003844
           dy -0.0000150 0.0000271 0.0000197 0.0000260-0.0000619 0.0000815
           dz -0.0000126-0.0000039 0.0000241 0.0002832 0.0000184-0.0000064
  15 h     dx  0.0000458-0.0000013 0.0000174-0.0001196 0.0000515-0.0001630
           dy  0.0000123 0.0000149-0.0000087-0.0001189-0.0000074-0.0000977
           dz -0.0000044-0.0000169-0.0000049 0.0001274 0.0000415 0.0000358
  16 h     dx  0.0000153 0.0000237-0.0000389-0.0001097 0.0000159-0.0001254
           dy  0.0000003-0.0000192-0.0000004-0.0000054 0.0000152 0.0000480
           dz  0.0000002-0.0000076 0.0000069 0.0000100-0.0000027 0.0000175
  17 h     dx -0.0000078 0.0000031 0.0000169 0.0000062 0.0000021-0.0000044
           dy  0.0000006-0.0000049-0.0000003-0.0000133 0.0000045-0.0000213
           dz  0.0000116 0.0000042-0.0000126 0.0000034-0.0000046 0.0000144
  18 h     dx -0.0000033-0.0004271-0.0000948-0.0000262-0.0000701-0.0002405
           dy  0.0000645 0.0007797 0.0005379 0.0002500-0.0000591-0.0001079
           dz  0.0005937 0.0004518 0.0000676 0.0001393-0.0001784-0.0002609
  19 h     dx  0.0013849-0.0020820 0.0007362-0.0000577 0.0003014 0.0004095
           dy -0.0004426-0.0069570-0.0016111 0.0004073 0.0000777-0.0013083
           dz  0.0007814 0.0004337 0.0016907-0.0005857 0.0003571-0.0000726

   ATOM             11 h                          12 h 
                  dx        dy        dz        dx        dy        dz
  11 h     dx  0.0604231
           dy  0.0151033 0.3079580
           dz  0.0031476 0.0102677 0.0514582
  12 h     dx -0.0005025 0.0000446-0.0003597 0.0753510
           dy  0.0002310-0.0003591 0.0002951-0.0240527 0.0794651
           dz  0.0004462 0.0004950-0.0000154 0.0559955-0.0763546 0.2671245
  13 h     dx  0.0003630-0.0016807-0.0003450 0.0012906 0.0098988-0.0018925
           dy  0.0018945 0.0003006 0.0001651-0.0003569-0.0114687 0.0018780
           dz  0.0002138 0.0009890 0.0002803-0.0018229 0.0287030 0.0006642
  14 h     dx  0.0001142 0.0001117 0.0000028-0.0048497-0.0023603-0.0011585
           dy -0.0000079-0.0000230-0.0000215-0.0027084-0.0004964-0.0000556
           dz  0.0000271 0.0000067-0.0000131-0.0011676-0.0014798 0.0007143
  15 h     dx -0.0001862-0.0001974-0.0000069 0.0005341 0.0004570-0.0010035
           dy -0.0000380-0.0000320-0.0000114 0.0003280 0.0000569-0.0004169
           dz  0.0000278 0.0000419 0.0000126 0.0007322 0.0003530 0.0000320
  16 h     dx -0.0000575 0.0000231-0.0000484-0.0004206-0.0003230-0.0009386
           dy  0.0000205 0.0000214 0.0000294-0.0007158 0.0002366-0.0009130
           dz  0.0000164-0.0000137 0.0000109 0.0004102 0.0003458-0.0001108
  17 h     dx -0.0000537 0.0000248 0.0000003 0.0004029 0.0002685 0.0003620
           dy  0.0000701 0.0000368-0.0000155 0.0003645 0.0001526-0.0000664
           dz  0.0000329-0.0000355 0.0000141 0.0001363-0.0000982 0.0003329
  18 h     dx -0.0005234-0.0000662-0.0000329 0.0000389 0.0000156-0.0001217
           dy  0.0000334 0.0005258 0.0003201-0.0001039-0.0000042 0.0002678
           dz  0.0000649 0.0004382 0.0002098-0.0000048-0.0000521-0.0000111
  19 h     dx  0.0002818-0.0003973 0.0002934-0.0000192 0.0000195 0.0000675
           dy -0.0005294 0.0005946-0.0003590 0.0000222 0.0000134 0.0000206
           dz  0.0001156-0.0000416-0.0003155 0.0000206 0.0000071 0.0000177

   ATOM             13 h                          14 h 
                  dx        dy        dz        dx        dy        dz
  13 h     dx  0.0593050
           dy -0.0187658 0.3098792
           dz -0.0060320 0.0073403 0.0553624
  14 h     dx  0.0007375 0.0001946 0.0007123 0.0544186
           dy  0.0007022 0.0002499-0.0000070-0.0041073 0.0684335
           dz -0.0003106-0.0004924 0.0001758 0.0365111-0.0468465 0.3194497
  15 h     dx  0.0007702-0.0009072 0.0004426 0.0037014-0.0026853-0.0014018
           dy  0.0000060 0.0008188 0.0006913-0.0029769 0.0029974 0.0008138
           dz  0.0007384 0.0004925 0.0005011 0.0238763-0.0136302-0.0152328
  16 h     dx -0.0001878 0.0003265-0.0005440 0.0007391-0.0002242 0.0001399
           dy  0.0001515 0.0001717-0.0004175-0.0005710-0.0072318 0.0005005
           dz -0.0000215-0.0000126 0.0001694 0.0000161 0.0011362 0.0021258
  17 h     dx -0.0004767-0.0003269 0.0000285 0.0005843-0.0002311 0.0003109
           dy -0.0019415-0.0006117-0.0004373-0.0001278 0.0016589 0.0006120
           dz  0.0004830 0.0004894 0.0003943 0.0004004 0.0004452 0.0005109
  18 h     dx  0.0000715-0.0001261-0.0000815-0.0000523 0.0000272 0.0000018
           dy -0.0003192 0.0002073 0.0002776 0.0000604-0.0000383-0.0000052
           dz -0.0001853 0.0001682 0.0001661-0.0000277 0.0000305-0.0000545
  19 h     dx -0.0000045-0.0000474 0.0000183 0.0000110-0.0000069 0.0000244
           dy -0.0000274 0.0000558 0.0000367 0.0000046-0.0000231-0.0000069
           dz -0.0000023 0.0000257 0.0000080 0.0000061-0.0000136-0.0000026

   ATOM             15 h                          16 h 
                  dx        dy        dz        dx        dy        dz
  15 h     dx  0.1895736
           dy -0.0840612 0.1156660
           dz -0.0945529 0.0595164 0.1142654
  16 h     dx  0.0007213-0.0010007-0.0014953 0.0297622
           dy  0.0006777 0.0018381-0.0000496 0.0220119 0.0757982
           dz -0.0006335-0.0007783 0.0018113-0.0169473-0.0831808 0.4218337
  17 h     dx  0.0008553 0.0008303-0.0001489-0.0002611 0.0033084 0.0073775
           dy  0.0001546 0.0002458-0.0007312 0.0076364 0.0037220 0.0037108
           dz -0.0005108 0.0002322-0.0003180-0.0335233-0.0171689-0.0192684
  18 h     dx  0.0000417-0.0000374-0.0000292 0.0000646-0.0000573-0.0000193
           dy -0.0000670-0.0000876 0.0000265-0.0000326 0.0000486 0.0000199
           dz -0.0000864 0.0000364-0.0000095 0.0001389-0.0000183-0.0000489
  19 h     dx  0.0000428-0.0000341-0.0000138-0.0001210 0.0000244 0.0000289
           dy -0.0000321-0.0000176 0.0000124-0.0000004 0.0000290 0.0000098
           dz -0.0000240-0.0000188 0.0000099 0.0000015 0.0000179 0.0000041

   ATOM             17 h                          18 h 
                  dx        dy        dz        dx        dy        dz
  17 h     dx  0.2703610
           dy  0.1378432 0.1190973
           dz  0.1596873 0.0641931 0.1411998
  18 h     dx -0.0000226-0.0000134 0.0000129 0.3828523
           dy -0.0001133 0.0000435 0.0000618 0.1217065 0.1047438
           dz -0.0001519 0.0000626 0.0001057 0.0744167 0.0094145 0.0451814
  19 h     dx  0.0000480-0.0000268-0.0000180-0.0133774 0.0174659-0.0342562
           dy -0.0000253 0.0000129 0.0000089-0.0041964 0.0061593-0.0120470
           dz -0.0000171 0.0000112 0.0000035 0.0034999 0.0024590-0.0085201

   ATOM             19 h 
                  dx        dy        dz
  19 h     dx  0.0862523
           dy -0.0454831 0.1295174
           dz  0.1284346-0.1426083 0.3098148
 

   *** projected hessian written onto $hessian (projected), file=<hessian> ***

 dipole moment in principle axis system (a.u.) :     0.9710782846    -0.5936954711    -0.5560911173
 norm :   1.266769386    

 rotational constants b for rotations around axis of inertia
 and optical intensities for (1 <-- 0) transition

   b   :     0.1668408299     0.0401640885     0.0345078454   (cm**(-1))

   b   :  5001.7622487043  1204.0890805605  1034.5191794246     (MHz)

   b   :     0.9429930348     0.3524743124     0.3092373308     (a.u.)

   x   :     0.9620622188     0.0476360129     0.2686393444
   y   :     0.0239904203     0.9660551537    -0.2572195556
   z   :    -0.2717733372     0.2539059872     0.9282623567

   ***  normal modes written onto $vibrational normal modes, file=<vib_normal_modes>  ***

  Keyword $vibrational reduced masses missing in file <control>


   ***  vibrational spectroscopic data written onto$vibrational spectrum   
        file=<vibspectrum>  ***

          ---------------------------------------------------
          NORMAL MODES and VIBRATIONAL FREQUENCIES (cm**(-1))
          ---------------------------------------------------

 imaginary wave numbers indicate a negative curvature of the energy surface.
 zero frequency modes have no physical meaning except being generators of
 translations and rotations. each vibrational normal mode - given in terms of
 cartesian displacement vectors of all atoms - has been normalized to unity.
 to obtain mass-weigthed normal coordinates in a.u. divide the tabulated
 modes by sqrt(reduced mass * 1822.88853).
 band intensities or cross sections refer to independent non-degenerate normal
 modes, that is, the intensities of degenerate modes have yet to be added.
 dDIP/dQ is the normal mode derivative of the dipole moment.


       mode               1        2        3        4        5        6

     frequency           0.00     0.00     0.00     0.00     0.00     0.00

     symmetry                                                             

        IR                -        -        -        -        -        - 
|dDIP/dQ|   (a.u.)     0.0000   0.0000   0.0000   0.0000   0.0000   0.0000
intensity (km/mol)       0.00     0.00     0.00     0.00     0.00     0.00
intensity (  %   )       0.00     0.00     0.00     0.00     0.00     0.00
 
       RAMAN              -        -        -        -        -        - 
 
  1   c           x   0.02412 -0.03821  0.17103  0.10806 -0.07789 -0.02496
                  y  -0.29058  0.04724 -0.05884  0.05576 -0.08812  0.00859
                  z  -0.03876 -0.17046  0.09374 -0.14880 -0.17460 -0.03440
  2   c           x   0.09371  0.03445  0.12280  0.12794 -0.09529  0.00382
                  y  -0.19701 -0.06346 -0.08660  0.11195 -0.01519  0.08447
                  z  -0.02299 -0.04455  0.06333 -0.15977 -0.22914 -0.04741
  3   o           x   0.05577  0.00328  0.13274  0.12737 -0.08465 -0.01786
                  y  -0.11735  0.02130 -0.01423  0.03580 -0.07936  0.15570
                  z   0.02782 -0.02297 -0.04730 -0.07829 -0.19972 -0.04521
  4   c           x   0.10962  0.06471  0.08534  0.14908 -0.09741  0.00072
                  y  -0.02476 -0.07350 -0.03379  0.08119 -0.01759  0.23133
                  z   0.04921  0.08102 -0.09073 -0.07287 -0.23803 -0.05519
  5   c           x   0.05588  0.02528  0.09029  0.15400 -0.08170 -0.03332
                  y   0.05540  0.01786  0.04228  0.00036 -0.08645  0.30322
                  z   0.10632  0.07613 -0.21603  0.02758 -0.18940 -0.04937
  6   n           x  -0.03664 -0.00292  0.02198  0.21071 -0.04925 -0.12005
                  y   0.06323 -0.00836  0.03086  0.01681 -0.06839  0.30894
                  z   0.14547 -0.11304 -0.30802  0.15293 -0.05684 -0.02404
  7   n           x  -0.07947 -0.08577  0.12549  0.15214 -0.04373 -0.11075
                  y  -0.29559  0.06525 -0.05088  0.04439 -0.10055  0.00498
                  z  -0.00118 -0.36328  0.00508 -0.02507 -0.04137 -0.00880
  8   h           x   0.05537 -0.01510  0.16781  0.10541 -0.08700 -0.00529
                  y  -0.35298 -0.01280 -0.11213  0.11101 -0.04233 -0.04696
                  z  -0.07915 -0.18077  0.18191 -0.21565 -0.20164 -0.03694
  9   h           x   0.02356 -0.08025  0.25171  0.05750 -0.08340  0.00419
                  y  -0.29867  0.18242  0.01092 -0.03610 -0.18303  0.00668
                  z  -0.04222 -0.09909  0.10368 -0.17651 -0.21551 -0.04292
 10   h           x   0.09720  0.07875  0.04164  0.17836 -0.09062 -0.02356
                  y  -0.18743 -0.20165 -0.15748  0.20556  0.08175  0.08755
                  z  -0.01998 -0.11109  0.05455 -0.13432 -0.19118 -0.03949
 11   h           x   0.17040  0.06756  0.16057  0.09276 -0.12087  0.06881
                  y  -0.20082 -0.07289 -0.09294  0.11931 -0.00833  0.08087
                  z  -0.05422  0.09604  0.13638 -0.25664 -0.32938 -0.06643
 12   h           x   0.11702  0.11112  0.00530  0.19821 -0.09399 -0.02364
                  y  -0.01663 -0.21404 -0.10642  0.17674  0.08109  0.23308
                  z   0.05005  0.01984 -0.09459 -0.05280 -0.20468 -0.04808
 13   h           x   0.18595  0.09734  0.12357  0.11366 -0.12291  0.06565
                  y  -0.01744 -0.07733 -0.03338  0.08224 -0.01530  0.23744
                  z   0.02316  0.23062 -0.02875 -0.16348 -0.33890 -0.07476
 14   h           x   0.03629 -0.02842  0.16825  0.10799 -0.08133 -0.01786
                  y   0.03721  0.16233  0.11361 -0.09571 -0.18735  0.29301
                  z   0.10558  0.11012 -0.21330  0.01597 -0.20815 -0.05334
 15   h           x   0.10971  0.07003  0.07515  0.15545 -0.09672 -0.00295
                  y   0.12364 -0.03153  0.03885  0.01963 -0.05537  0.35972
                  z   0.11663  0.19179 -0.23483  0.01028 -0.24285 -0.06170
 16   h           x  -0.02126  0.04567 -0.05169  0.25466 -0.04866 -0.13676
                  y   0.09476 -0.13618 -0.02704  0.09844  0.02004  0.33116
                  z   0.15389 -0.13789 -0.32729  0.17508 -0.03679 -0.02041
 17   h           x  -0.07947 -0.04027  0.03739  0.20745 -0.03753 -0.14300
                  y   0.10530  0.07530  0.08994 -0.05034 -0.12971  0.34799
                  z   0.18107 -0.12351 -0.38638  0.21781 -0.02257 -0.01956
 18   h           x  -0.10703 -0.10328  0.12278  0.15796 -0.03531 -0.13013
                  y  -0.23493  0.11097 -0.00587 -0.00056 -0.13614  0.05852
                  z   0.03700 -0.35503 -0.07831  0.03858 -0.01501 -0.00623
 19   h           x  -0.08260 -0.05019  0.05244  0.19846 -0.03765 -0.13958
                  y  -0.29564 -0.05667 -0.11628  0.12884 -0.01455  0.00043
                  z   0.00000 -0.43896  0.00000  0.00000  0.00000  0.00000

reduced mass(g/mol)     4.675    3.748    4.355    4.232    4.570    4.800


       mode               7        8        9       10       11       12

     frequency          50.88    56.74   137.37   153.60   170.18   217.92

     symmetry            a        a        a        a        a        a   

        IR               YES      YES      YES      YES      YES      YES
|dDIP/dQ|   (a.u.)     0.0009   0.0008   0.0025   0.0015   0.0025   0.0040
intensity (km/mol)       1.36     1.27    11.19     3.80    10.80    29.03
intensity (  %   )       0.87     0.82     7.17     2.43     6.92    18.60
 
       RAMAN             YES      YES      YES      YES      YES      YES
 
  1   c           x  -0.04587  0.03205 -0.01142 -0.07650  0.08820  0.05723
                  y  -0.07811 -0.02299 -0.00958  0.03370  0.03003  0.00345
                  z  -0.01506  0.10717  0.02299 -0.06413  0.06026  0.04819
  2   c           x   0.00193  0.01062 -0.04236  0.04231  0.01196 -0.04167
                  y   0.10200 -0.05568 -0.07482  0.07024  0.08635  0.01581
                  z  -0.06442  0.10546  0.02740  0.03076 -0.04140 -0.05009
  3   o           x  -0.02347  0.00546 -0.04083  0.08202  0.04800 -0.01936
                  y   0.16337  0.09761 -0.05751 -0.23598 -0.05268 -0.09740
                  z  -0.03644 -0.03422  0.00439  0.24095 -0.03729 -0.01238
  4   c           x   0.02218 -0.04822 -0.04111 -0.01267  0.04378  0.01044
                  y   0.01267  0.09771  0.07887  0.06534 -0.08478  0.03928
                  z   0.06902 -0.09230 -0.05313 -0.00006 -0.02818 -0.02945
  5   c           x   0.03257  0.01929 -0.05456  0.04691  0.00521 -0.02191
                  y  -0.02333 -0.06305  0.04280  0.01312 -0.01739  0.02388
                  z   0.08878 -0.07955  0.06316 -0.10930  0.00282  0.10372
  6   n           x   0.18565  0.13748  0.07817  0.09287 -0.08793  0.02882
                  y  -0.06607 -0.03984  0.02450  0.01941 -0.01369  0.00813
                  z  -0.18820  0.11261 -0.07241 -0.07470  0.00236 -0.00419
  7   n           x  -0.17735 -0.14728  0.08312 -0.17457 -0.09510  0.01049
                  y  -0.09518 -0.00476 -0.00346  0.02846  0.03396  0.00925
                  z   0.14000 -0.10990 -0.02216 -0.01727  0.00966 -0.01398
  8   h           x  -0.01483  0.05558 -0.03369 -0.03111  0.09629  0.03681
                  y  -0.13877 -0.19052  0.04175  0.00331 -0.10525 -0.05012
                  z  -0.05798  0.24532  0.04420 -0.21300  0.21714  0.21195
  9   h           x  -0.01622  0.17049 -0.02346 -0.20076  0.28048  0.22649
                  y  -0.15755  0.15529  0.00343  0.01042  0.09552  0.04905
                  z  -0.05827  0.15024  0.03213 -0.04226  0.03917  0.02439
 10   h           x  -0.02877 -0.09936 -0.05394  0.25119  0.00110 -0.04043
                  y   0.16490 -0.19377 -0.11264  0.27914  0.21178  0.13371
                  z  -0.03208  0.07633  0.01599  0.06493  0.01201 -0.00213
 11   h           x   0.08525  0.10706 -0.04467 -0.13727 -0.06990 -0.11255
                  y   0.10058 -0.06928 -0.07668  0.09263  0.09729  0.02622
                  z  -0.15555  0.23716  0.07466 -0.17751 -0.15554 -0.15136
 12   h           x   0.11034 -0.04945 -0.03635 -0.19341  0.05429  0.04401
                  y  -0.08350  0.20304  0.22611  0.31725 -0.11610  0.16290
                  z   0.01246 -0.05648 -0.00051  0.13788 -0.03976  0.00361
 13   h           x  -0.04298 -0.13885 -0.03620  0.02078  0.06323  0.03135
                  y   0.00185  0.09433  0.08550  0.08137 -0.08594  0.04833
                  z   0.19854 -0.18788 -0.19956 -0.30311  0.01542 -0.16817
 14   h           x  -0.09395  0.05681 -0.23248  0.15766 -0.03304 -0.16622
                  y   0.16684 -0.21674  0.12949 -0.03085 -0.00573  0.09886
                  z   0.14094 -0.11301  0.10185 -0.13278  0.00924  0.13763
 15   h           x   0.04017 -0.05624  0.00150 -0.02897  0.06881  0.03228
                  y  -0.19585 -0.06192 -0.04635  0.00476  0.03818 -0.03329
                  z   0.27447 -0.19293  0.24145 -0.21124  0.04496  0.23840
 16   h           x   0.33583  0.06568  0.67007  0.11103  0.37766 -0.40228
                  y  -0.26726  0.08606 -0.07461  0.04055  0.00097 -0.09333
                  z  -0.22099  0.13498 -0.04357 -0.06796  0.04642 -0.06573
 17   h           x   0.16095  0.22145 -0.20785  0.09972 -0.39795  0.31258
                  y  -0.04443 -0.18032  0.07549 -0.01457  0.11254 -0.05426
                  z  -0.16529  0.09424  0.36571 -0.05661  0.41341 -0.42517
 18   h           x  -0.21212 -0.18301  0.11405 -0.23292 -0.12348  0.02772
                  y  -0.02474  0.14404 -0.06230  0.07764  0.18767  0.08281
                  z   0.19961 -0.21718 -0.08563  0.23837 -0.15404 -0.28621
 19   h           x  -0.19518 -0.26442  0.07056  0.01694 -0.31322 -0.27748
                  y  -0.03205 -0.17523 -0.01274  0.04557 -0.04579 -0.04843
                  z   0.17892 -0.15117 -0.02214 -0.08245  0.05399  0.06924

reduced mass(g/mol)     3.600    2.682    1.647    3.827    1.692    1.444


       mode              13       14       15       16       17       18

     frequency         281.97   330.69   347.68   506.93   522.63   786.11

     symmetry            a        a        a        a        a        a   

        IR               YES      YES      YES      YES      YES      YES
|dDIP/dQ|   (a.u.)     0.0040   0.0003   0.0027   0.0015   0.0025   0.0062
intensity (km/mol)      29.02     0.13    12.87     4.17    10.95    67.63
intensity (  %   )      18.60     0.08     8.25     2.67     7.02    43.33
 
       RAMAN             YES      YES      YES      YES      YES      YES
 
  1   c           x  -0.02692  0.07145 -0.04986  0.09581  0.14497  0.04059
                  y  -0.02388 -0.06871  0.06152  0.00861  0.05152 -0.00083
                  z  -0.03232 -0.02629 -0.06982 -0.06835 -0.10713  0.01812
  2   c           x  -0.01074  0.12576  0.06843  0.11877  0.01787  0.02431
                  y   0.01159  0.09698 -0.06715  0.00963 -0.11859  0.00735
                  z  -0.02233  0.00139  0.06922  0.00890 -0.11972  0.02292
  3   o           x  -0.02691  0.06561  0.07719  0.05468 -0.08269 -0.00297
                  y   0.02195  0.12023 -0.00294  0.00338 -0.00641 -0.01804
                  z   0.06495  0.12025 -0.04059  0.03648  0.03679 -0.05593
  4   c           x  -0.02699 -0.08370  0.04858 -0.11279 -0.04577 -0.00195
                  y   0.00174  0.12049  0.01674 -0.09826  0.07296 -0.00370
                  z   0.07085 -0.01753 -0.09333 -0.04065  0.10160  0.04133
  5   c           x   0.01307 -0.06241  0.01740 -0.22688  0.00660 -0.04496
                  y   0.00351 -0.10043 -0.02832  0.04510 -0.01571 -0.02529
                  z  -0.05711  0.05557  0.04493 -0.03508  0.00244  0.05632
  6   n           x   0.03013 -0.16535 -0.05964  0.06142 -0.01565 -0.06381
                  y   0.01099 -0.12128 -0.03693  0.06853 -0.02495  0.07768
                  z  -0.00093 -0.03735 -0.00687  0.03954 -0.01774  0.00654
  7   n           x   0.06862  0.06472 -0.04822 -0.00623 -0.03034  0.00092
                  y  -0.02635 -0.06812  0.04898 -0.00372  0.03809 -0.00348
                  z   0.00177 -0.07709  0.09754  0.01268  0.05959 -0.00695
  8   h           x  -0.04256  0.09060 -0.02180  0.11975  0.10906  0.06419
                  y   0.04598 -0.10001  0.14405 -0.02675 -0.06041  0.07106
                  z  -0.05312 -0.05549 -0.30059 -0.11442  0.20379 -0.18788
  9   h           x  -0.04848  0.07162 -0.29294  0.06792  0.45659 -0.16617
                  y  -0.08976 -0.06029 -0.04506 -0.01495  0.09252 -0.06150
                  z  -0.05346 -0.02256 -0.05068 -0.07021 -0.16967  0.04398
 10   h           x   0.04198  0.16606  0.08273  0.18335  0.13291 -0.05714
                  y   0.05425  0.23298 -0.31312 -0.05216 -0.38007  0.06221
                  z  -0.01617  0.04463 -0.03221 -0.03331 -0.25100  0.06098
 11   h           x   0.01832  0.22231  0.06543  0.11776  0.01483 -0.00299
                  y   0.01302  0.09918 -0.08174  0.00341 -0.13649  0.00995
                  z  -0.06785 -0.18336  0.33299  0.05993  0.17615 -0.03276
 12   h           x  -0.06939 -0.08403  0.08059 -0.28855 -0.01724  0.13786
                  y  -0.06297  0.41626  0.15354 -0.36752  0.16154  0.12324
                  z   0.06006  0.08418 -0.05437 -0.08627  0.12201  0.04215
 13   h           x  -0.01784 -0.32175 -0.01216  0.01308 -0.08657 -0.04261
                  y  -0.00052  0.11371  0.01868 -0.10285  0.07204 -0.00467
                  z   0.12781 -0.27646 -0.21248  0.20641 -0.00296 -0.08186
 14   h           x   0.15744 -0.16257 -0.13202 -0.48659  0.20821  0.30361
                  y  -0.04208 -0.06105  0.00882  0.07228 -0.04677 -0.16693
                  z  -0.08499  0.07537  0.07133  0.00711 -0.03088 -0.02100
 15   h           x  -0.06657 -0.02691  0.10681 -0.12222 -0.11413 -0.17387
                  y   0.01017 -0.11567 -0.01385 -0.01750 -0.02763  0.13843
                  z  -0.18163  0.12826  0.16366  0.18711 -0.16485 -0.28512
 16   h           x   0.09744 -0.11878 -0.09975  0.09192  0.02247  0.43525
                  y   0.06293 -0.20676 -0.08547  0.10351 -0.04087 -0.40326
                  z   0.01741 -0.05287 -0.02182  0.04600 -0.01685 -0.08450
 17   h           x  -0.01024 -0.25443 -0.07185  0.28886 -0.07482  0.28862
                  y  -0.00754  0.02378  0.03819 -0.28210  0.03582 -0.29085
                  z   0.08185 -0.01549 -0.05159 -0.02631  0.02564 -0.21301
 18   h           x   0.17143  0.06885 -0.01977 -0.05208 -0.11799 -0.04234
                  y  -0.02518 -0.07544  0.09369  0.09865  0.18352  0.10263
                  z  -0.64234 -0.08528 -0.17991  0.06160  0.26082  0.01742
 19   h           x  -0.56201  0.09697 -0.41909 -0.07729 -0.05544 -0.03780
                  y  -0.00937 -0.11908  0.16636  0.04788  0.18314 -0.05729
                  z   0.25736 -0.11603  0.30381  0.06851  0.14563 -0.01744

reduced mass(g/mol)     1.308    3.084    1.808    2.383    2.125    1.310


       mode              19       20       21       22       23       24

     frequency         817.33   866.57   901.27   907.72   944.31  1002.49

     symmetry            a        a        a        a        a        a   

        IR               YES      YES      YES      YES      YES      YES
|dDIP/dQ|   (a.u.)     0.0075   0.0058   0.0066   0.0019   0.0070   0.0017
intensity (km/mol)      99.50    60.13    76.27     6.10    86.74     4.90
intensity (  %   )      63.76    38.53    48.87     3.91    55.58     3.14
 
       RAMAN             YES      YES      YES      YES      YES      YES
 
  1   c           x   0.12784  0.04622 -0.07000  0.01919 -0.09506 -0.00985
                  y   0.00218  0.07334  0.04058  0.02696 -0.00627  0.02637
                  z   0.02483 -0.06398  0.00535 -0.05832  0.01237  0.04397
  2   c           x   0.03184 -0.09396 -0.02064 -0.01568  0.08092 -0.03040
                  y  -0.00143  0.10049 -0.00505  0.14941 -0.01528  0.00934
                  z   0.04865  0.08840  0.01480  0.06067  0.00928 -0.05159
  3   o           x  -0.05669 -0.02858  0.05443  0.01492  0.05461  0.03081
                  y  -0.03785  0.01812 -0.01288 -0.04687 -0.01034  0.01823
                  z  -0.06538  0.03047 -0.00821 -0.04424 -0.07135 -0.00348
  4   c           x  -0.03651 -0.03672  0.10392  0.00291 -0.07008  0.08218
                  y   0.04470 -0.08914  0.13385  0.01555 -0.08608 -0.04353
                  z   0.04917 -0.04499  0.01194  0.02341  0.03982  0.09256
  5   c           x  -0.02074  0.09786 -0.10511 -0.06490 -0.07141 -0.06859
                  y   0.03259 -0.03837  0.06526  0.03603 -0.00535 -0.00304
                  z   0.00907  0.00863 -0.02337  0.03503  0.08023 -0.06803
  6   n           x   0.05185 -0.00263 -0.02388  0.02841  0.06863 -0.02090
                  y  -0.06487  0.07595 -0.11780 -0.03822  0.03730 -0.01383
                  z  -0.01620  0.00294  0.00745 -0.01050 -0.03034 -0.01946
  7   n           x   0.00951  0.06757  0.04335 -0.02419  0.01636  0.00797
                  y  -0.01858 -0.18464 -0.07800 -0.05015  0.00625 -0.02984
                  z  -0.02432 -0.09798 -0.06574  0.03227 -0.02709 -0.00653
  8   h           x   0.16984  0.05717 -0.09151  0.08864 -0.09118 -0.05352
                  y   0.19751 -0.01400 -0.03765 -0.18481 -0.14810  0.16847
                  z  -0.44228 -0.00531  0.20072 -0.04603  0.21234  0.01180
  9   h           x  -0.35657  0.10181  0.06484  0.17541  0.06894 -0.06312
                  y  -0.15343  0.06203  0.17674 -0.03759  0.21712 -0.09784
                  z   0.07919 -0.07437  0.03673 -0.12418  0.07242  0.00169
 10   h           x  -0.13923 -0.10538 -0.01413  0.04622  0.07633 -0.00988
                  y   0.15227 -0.04794  0.07108 -0.23042  0.09049 -0.11302
                  z   0.14290  0.03643  0.04992 -0.10566  0.04965 -0.10191
 11   h           x  -0.06050 -0.22155 -0.01611 -0.20892  0.21751 -0.00405
                  y   0.00738  0.09757  0.00153  0.13597 -0.01660  0.00333
                  z  -0.10300  0.32705 -0.03977  0.52156 -0.16054  0.09468
 12   h           x   0.00725 -0.04103  0.08228  0.08311  0.13188  0.26225
                  y  -0.01748  0.06520 -0.16118  0.02985  0.19110  0.34048
                  z   0.01047  0.01297 -0.08263  0.00361  0.06825  0.17192
 13   h           x   0.05204 -0.21540  0.45616  0.11461 -0.21717 -0.08020
                  y   0.04642 -0.09505  0.14937  0.02379 -0.09229 -0.03533
                  z   0.08058 -0.16107  0.25586 -0.01479 -0.23832 -0.26995
 14   h           x   0.06501  0.00293 -0.05757  0.15417  0.29892 -0.03760
                  y   0.05057  0.03895 -0.09186 -0.03912  0.00143  0.35518
                  z   0.00136  0.03555 -0.05806 -0.01050  0.02703 -0.00229
 15   h           x  -0.13268  0.22015 -0.21360 -0.21773 -0.26162 -0.02412
                  y  -0.09652  0.04729 -0.00282 -0.00505 -0.02017 -0.11527
                  z  -0.04174  0.11599 -0.13546 -0.16145 -0.18953  0.10933
 16   h           x  -0.27494  0.04107  0.05321 -0.09601 -0.20820 -0.00654
                  y   0.19618  0.02277 -0.17041  0.00867  0.19282  0.41437
                  z   0.03448 -0.01099  0.00287 -0.00099 -0.00175  0.07867
 17   h           x  -0.22133  0.04053  0.00021 -0.08241 -0.14363  0.10512
                  y   0.23164  0.06779 -0.18079  0.08567  0.26712 -0.43371
                  z   0.14295 -0.04863  0.01724  0.04627  0.09089  0.13889
 18   h           x  -0.14549 -0.17693 -0.08489  0.14419  0.02101 -0.05255
                  y   0.32239  0.16592  0.04211 -0.32969 -0.10118  0.11054
                  z   0.12952  0.43859  0.31533 -0.28161  0.12468  0.03263
 19   h           x  -0.13672 -0.31172 -0.21914  0.20013 -0.08607 -0.02740
                  y  -0.10626  0.26032  0.33302 -0.20166  0.32346 -0.15033
                  z  -0.00325  0.31317  0.27360 -0.15106  0.18693 -0.05068

reduced mass(g/mol)     1.553    2.410    1.976    1.580    1.693    1.416


       mode              25       26       27       28       29       30

     frequency        1033.81  1077.63  1098.47  1134.03  1154.87  1198.11

     symmetry            a        a        a        a        a        a   

        IR               YES      YES      YES      YES      YES      YES
|dDIP/dQ|   (a.u.)     0.0047   0.0037   0.0037   0.0021   0.0094   0.0013
intensity (km/mol)      38.44    24.62    23.75     7.70   156.07     3.04
intensity (  %   )      24.63    15.78    15.22     4.94   100.00     1.95
 
       RAMAN             YES      YES      YES      YES      YES      YES
 
  1   c           x   0.03827  0.09456 -0.03187  0.04877  0.03637 -0.03598
                  y  -0.05985 -0.12468 -0.00409  0.23592 -0.04204 -0.02473
                  z  -0.09046 -0.11309  0.03605 -0.04738 -0.06756 -0.04968
  2   c           x   0.02630 -0.20215  0.08159  0.00301 -0.26308  0.02193
                  y  -0.00602 -0.07269  0.03890 -0.13928 -0.08252 -0.00797
                  z   0.11427  0.04964 -0.01679  0.02983  0.00127  0.07535
  3   o           x  -0.06925  0.04927 -0.06449  0.00254  0.38062 -0.01585
                  y  -0.01662  0.12009 -0.00372  0.04885 -0.00742 -0.01414
                  z  -0.03886  0.13499 -0.01033  0.00875 -0.12580  0.00293
  4   c           x   0.02375  0.11829 -0.07654  0.00420 -0.28252 -0.03051
                  y   0.01542 -0.13310 -0.09400 -0.02521  0.08434  0.04478
                  z   0.04195 -0.11428 -0.03805 -0.02171  0.16946 -0.08172
  5   c           x   0.02872 -0.12373  0.06559 -0.01231  0.10247  0.02231
                  y   0.00328  0.08792  0.26139  0.02945  0.06311 -0.01558
                  z  -0.05246  0.06251  0.00629  0.01296 -0.00844  0.05580
  6   n           x  -0.03662  0.05640 -0.00263  0.00772 -0.02906 -0.02264
                  y  -0.01721 -0.05186 -0.18684 -0.01900 -0.04611 -0.00195
                  z   0.00090 -0.01504  0.03712 -0.00170  0.03336 -0.02131
  7   n           x  -0.01902 -0.00198  0.01174 -0.05839 -0.00968  0.02205
                  y   0.05843  0.09731 -0.00018 -0.14839  0.03111  0.01394
                  z   0.00737  0.01529 -0.00878  0.05289  0.00936  0.01066
  8   h           x   0.17434  0.06182 -0.04432  0.02310 -0.00281 -0.14314
                  y  -0.42137 -0.04742  0.03034  0.24858  0.00584  0.12340
                  z  -0.12487 -0.09105  0.04703  0.03481  0.00425  0.19994
  9   h           x   0.08108  0.09199 -0.01020 -0.01983  0.03800  0.18200
                  y   0.23135 -0.17984 -0.02028  0.38683 -0.13056 -0.18782
                  z   0.02861 -0.14277  0.02384  0.04196 -0.11186 -0.17468
 10   h           x  -0.17315 -0.28764  0.11160  0.11505 -0.20001  0.31060
                  y   0.22262  0.15275 -0.08723  0.31634  0.10033  0.10941
                  z   0.24663  0.17717 -0.08492  0.17767  0.09263  0.05649
 11   h           x  -0.05851 -0.18465  0.18010 -0.21126 -0.27239 -0.13062
                  y   0.00852 -0.04868  0.02133 -0.09331 -0.04797  0.00261
                  z  -0.12284 -0.11799  0.04387 -0.39288 -0.05527 -0.05310
 12   h           x   0.08336  0.23991 -0.25417  0.03629 -0.39270  0.27153
                  y   0.08751  0.14943  0.07441  0.02087 -0.08805 -0.20002
                  z   0.05117 -0.04013  0.06297 -0.01697  0.10071 -0.25277
 13   h           x  -0.03887  0.09842 -0.12857 -0.09490 -0.20077 -0.16770
                  y   0.01728 -0.10994 -0.08639 -0.02637  0.05353  0.02406
                  z  -0.01027 -0.30535 -0.21145 -0.02779  0.13838  0.22823
 14   h           x  -0.04832  0.19797  0.26603  0.06769  0.09266  0.30928
                  y   0.24263 -0.15427  0.31927  0.02944  0.37089  0.25840
                  z   0.00553 -0.03133 -0.00808  0.00103  0.05534  0.06407
 15   h           x   0.10113 -0.17913  0.23040  0.00276  0.10587 -0.08308
                  y  -0.07258  0.29733  0.50522  0.09406 -0.05165 -0.09893
                  z   0.13177 -0.25264 -0.02397 -0.03334  0.11889 -0.02777
 16   h           x   0.07304 -0.12598  0.07656 -0.01469  0.09165  0.01520
                  y   0.16109 -0.06251 -0.27402 -0.00123 -0.10812  0.24153
                  z   0.04395 -0.01713  0.02730  0.00311  0.02292  0.03641
 17   h           x   0.10348 -0.08931  0.06213 -0.00131  0.05390  0.05309
                  y  -0.30906  0.10616 -0.27286 -0.02770 -0.10061 -0.23367
                  z   0.03676  0.05525 -0.00375  0.01534 -0.04110  0.06198
 18   h           x   0.12520 -0.03027 -0.02115  0.08570 -0.00164 -0.06814
                  y  -0.28363  0.18873  0.05663 -0.36499  0.03751  0.24261
                  z  -0.07318  0.01154  0.04160 -0.24695 -0.02759  0.03842
 19   h           x   0.05511  0.01536 -0.03331  0.15480  0.03212 -0.02406
                  y   0.36872  0.06082 -0.01807 -0.23403  0.01219 -0.18208
                  z   0.12995 -0.01874  0.00444 -0.09300 -0.02312 -0.07287

reduced mass(g/mol)     1.543    3.473    2.643    2.329    5.839    1.303


       mode              31       32       33       34       35       36

     frequency        1228.07  1270.88  1300.71  1331.51  1380.53  1388.74

     symmetry            a        a        a        a        a        a   

        IR               YES      YES      YES      YES      YES      YES
|dDIP/dQ|   (a.u.)     0.0023   0.0014   0.0015   0.0017   0.0046   0.0019
intensity (km/mol)       9.02     3.60     4.12     4.98    36.92     6.39
intensity (  %   )       5.78     2.31     2.64     3.19    23.66     4.09
 
       RAMAN             YES      YES      YES      YES      YES      YES
 
  1   c           x   0.04886  0.00063 -0.00633 -0.01082 -0.02210 -0.09892
                  y   0.01991 -0.01686 -0.00028  0.00058 -0.05073  0.10685
                  z   0.06783  0.08239 -0.01802 -0.00765 -0.04010  0.02332
  2   c           x  -0.03475  0.00631 -0.00030  0.00703  0.09209  0.01283
                  y   0.01501 -0.03466  0.00950  0.00046  0.00025 -0.03714
                  z  -0.10512 -0.03523  0.01080  0.00507 -0.04440 -0.01538
  3   o           x   0.02916  0.00429  0.01087  0.00757  0.01382  0.00868
                  y  -0.01980  0.03331 -0.04169 -0.00747  0.00196  0.00172
                  z   0.07486 -0.00514 -0.00059 -0.02282  0.00323  0.01019
  4   c           x  -0.02696  0.00692  0.00774  0.00718  0.07343  0.01923
                  y   0.03262 -0.00029  0.02172  0.03572  0.00649  0.00162
                  z  -0.08811  0.00352  0.04179  0.02170 -0.01267 -0.00689
  5   c           x   0.00378 -0.01172 -0.02419 -0.01686 -0.00475 -0.00842
                  y  -0.00733  0.00707  0.03169 -0.05069  0.02468  0.00151
                  z   0.06271 -0.00550 -0.06025  0.07433  0.01265  0.00003
  6   n           x  -0.01047  0.00769  0.02424  0.00808 -0.00331  0.00122
                  y  -0.00647 -0.00417 -0.01357 -0.00270  0.00122  0.00027
                  z  -0.02228 -0.00045  0.01442 -0.07907  0.00423  0.00530
  7   n           x  -0.02496  0.00282  0.00231  0.00392  0.01389  0.05516
                  y  -0.01149  0.01960 -0.00132  0.00092 -0.00077  0.00220
                  z  -0.01645 -0.02884  0.00504  0.00238  0.01720  0.01985
  8   h           x   0.16102  0.13350 -0.03313 -0.01478 -0.12844  0.23619
                  y  -0.10981 -0.25223  0.04065 -0.00581  0.10407 -0.65743
                  z  -0.23258 -0.15956  0.03972  0.01794  0.17295 -0.32471
  9   h           x  -0.22890 -0.12217  0.03663  0.03170 -0.08651  0.23518
                  y   0.17879 -0.08661 -0.00330 -0.01737  0.25417 -0.14690
                  z   0.20606  0.08848 -0.03094 -0.02679  0.11181 -0.17922
 10   h           x  -0.30849  0.53953 -0.10702 -0.07080 -0.43690 -0.23935
                  y  -0.17845  0.02511 -0.00547  0.00841  0.00838  0.01016
                  z  -0.11255 -0.13103  0.03566  0.02421  0.08098  0.05265
 11   h           x   0.19653 -0.66942  0.10121 -0.02520 -0.49403  0.03969
                  y  -0.00909 -0.00433 -0.00018  0.00275  0.02307 -0.03754
                  z   0.08816  0.03848  0.01255  0.00570  0.15494 -0.08973
 12   h           x   0.18435  0.07222  0.53459 -0.26329 -0.34936 -0.08738
                  y  -0.20231  0.01136  0.03167 -0.01077 -0.02971 -0.02299
                  z  -0.22429 -0.01688 -0.10406  0.08853  0.09556  0.01509
 13   h           x  -0.21891 -0.15867 -0.58186  0.01647 -0.38683 -0.09408
                  y   0.00485 -0.00697 -0.02343  0.03202 -0.02509 -0.00792
                  z   0.22129  0.03927  0.23465  0.07229  0.09028  0.01168
 14   h           x   0.29284 -0.04557 -0.30132 -0.03467  0.04284  0.04496
                  y   0.18060 -0.04356 -0.15808 -0.39238  0.00946  0.05095
                  z   0.05552 -0.01098 -0.06039  0.02102  0.00209  0.00129
 15   h           x  -0.05437  0.04097  0.15361  0.32185 -0.14813 -0.03294
                  y   0.00916  0.09453  0.27288  0.60077 -0.16341 -0.04069
                  z  -0.04903 -0.01021 -0.01797 -0.04148 -0.02014  0.00268
 16   h           x  -0.00821 -0.01413 -0.02740 -0.09448  0.00189  0.00043
                  y   0.19896 -0.02219 -0.16282  0.38488 -0.02407 -0.02881
                  z   0.02662 -0.00482 -0.02182  0.01159 -0.00057 -0.00126
 17   h           x   0.03190 -0.00916 -0.03448  0.01681 -0.00143 -0.00560
                  y  -0.18142  0.01872  0.13063 -0.29456 -0.00237  0.02221
                  z   0.06085  0.00318 -0.02598  0.14804  0.00326 -0.00310
 18   h           x   0.06876  0.02866 -0.00984 -0.00683 -0.03002 -0.04607
                  y  -0.25914 -0.10097  0.03644  0.02963  0.13153  0.23886
                  z  -0.02681  0.04699 -0.00178  0.00347 -0.00480  0.07254
 19   h           x   0.02117 -0.03550  0.00258 -0.00307 -0.00194 -0.07516
                  y   0.21419  0.15715 -0.03672 -0.02830 -0.09345 -0.30938
                  z   0.08395  0.06707 -0.01478 -0.01021 -0.02814 -0.08188

reduced mass(g/mol)     1.500    1.150    1.138    1.215    1.254    1.320


       mode              37       38       39       40       41       42

     frequency        1391.55  1418.07  1441.83  1479.88  1493.33  1498.48

     symmetry            a        a        a        a        a        a   

        IR               YES      YES      YES      YES      YES      YES
|dDIP/dQ|   (a.u.)     0.0022   0.0024   0.0008   0.0011   0.0014   0.0025
intensity (km/mol)       8.71    10.17     1.20     2.30     3.38    10.90
intensity (  %   )       5.58     6.52     0.77     1.47     2.16     6.98
 
       RAMAN             YES      YES      YES      YES      YES      YES
 
  1   c           x  -0.00892  0.01313 -0.02830  0.04481 -0.00046 -0.00353
                  y  -0.04282  0.00440  0.00556  0.06054  0.00086 -0.00398
                  z  -0.06148 -0.00248  0.01047 -0.03909 -0.00064 -0.00133
  2   c           x  -0.03286 -0.05787  0.09150  0.01033  0.00111 -0.00751
                  y   0.02387  0.01115 -0.02833 -0.00254 -0.00312 -0.02880
                  z  -0.00674  0.02586 -0.05786 -0.00550 -0.00446 -0.04663
  3   o           x   0.00191  0.00043  0.00809 -0.00450  0.00352 -0.01127
                  y   0.00465 -0.00714  0.02062 -0.00135 -0.00091  0.00114
                  z   0.00534 -0.01098  0.03220  0.00229  0.00095  0.00335
  4   c           x  -0.04311  0.03055 -0.13758 -0.00019 -0.01527  0.01317
                  y  -0.00310 -0.02245 -0.04535 -0.00159 -0.00006  0.03385
                  z   0.00535 -0.00235 -0.00503 -0.00102  0.00651  0.04917
  5   c           x   0.00119  0.09795  0.07796  0.00129 -0.04349  0.00619
                  y  -0.01441  0.11291  0.04301 -0.00036  0.06244  0.00051
                  z  -0.00699  0.05504  0.01801  0.00029 -0.03093  0.00391
  6   n           x   0.00212 -0.03223 -0.01744 -0.00001 -0.00661  0.00043
                  y  -0.00067 -0.00650 -0.00770 -0.00016  0.00707  0.00056
                  z  -0.00061 -0.03484 -0.01888  0.00012 -0.00714 -0.00357
  7   n           x   0.04592  0.00390  0.00039 -0.00111  0.00036  0.00206
                  y  -0.00835 -0.00156  0.00174  0.00458  0.00047  0.00117
                  z   0.04986  0.00391 -0.00278 -0.00438  0.00024  0.00404
  8   h           x   0.03086  0.04774 -0.03454  0.01922 -0.00023  0.00136
                  y  -0.26175 -0.07447  0.02964 -0.36427 -0.00668 -0.01587
                  z   0.05232 -0.03773 -0.00036  0.58879  0.00670 -0.01653
  9   h           x  -0.29272 -0.04869  0.08356 -0.59191 -0.00703 -0.00591
                  y   0.62121  0.05211 -0.06065 -0.38847 -0.00318  0.04304
                  z   0.30077  0.03306 -0.04569 -0.05302 -0.00052  0.01921
 10   h           x   0.18521  0.22146 -0.34298 -0.06430 -0.00132  0.08423
                  y  -0.09096 -0.08241  0.16140  0.03313  0.03389  0.43238
                  z  -0.10713 -0.08390  0.13574  0.02629  0.01347  0.13971
 11   h           x   0.00490  0.19373 -0.29076  0.03434  0.00181  0.12540
                  y   0.02329 -0.00217 -0.00723 -0.00023 -0.00364 -0.04189
                  z  -0.02872 -0.12660  0.22426  0.01949  0.03492  0.44268
 12   h           x   0.18119 -0.10169  0.46454  0.00155  0.08841  0.02616
                  y   0.02289 -0.01504  0.20166  0.00685 -0.01242 -0.49410
                  z  -0.04918  0.02919 -0.07180  0.00227 -0.02923 -0.16329
 13   h           x   0.20048 -0.26157  0.45089  0.00698 -0.01538 -0.09671
                  y   0.01522 -0.04915  0.00320 -0.00129  0.00373  0.02611
                  z  -0.03137 -0.01607  0.03722  0.00308 -0.02279 -0.52241
 14   h           x  -0.00928 -0.35524 -0.26492 -0.00765  0.46630 -0.05881
                  y   0.01439 -0.47446 -0.22898  0.00594 -0.49716 -0.00552
                  z   0.00028  0.00905  0.01669  0.00241 -0.18642  0.01130
 15   h           x   0.07827 -0.36756 -0.07244 -0.00386  0.20420 -0.01380
                  y   0.08495 -0.37022 -0.06394  0.00178 -0.26710  0.02624
                  z   0.01242 -0.16901 -0.09976 -0.00894  0.60382 -0.04090
 16   h           x   0.00015  0.02564  0.03686  0.00045 -0.01625 -0.01299
                  y   0.00598  0.20504  0.14186  0.00052  0.00151 -0.00885
                  z   0.00030  0.01793  0.01650  0.00024 -0.00908 -0.00467
 17   h           x   0.00037  0.04387  0.03557  0.00026  0.00458 -0.00558
                  y   0.00833 -0.22856 -0.10651  0.00066 -0.05108 -0.02366
                  z  -0.00492  0.04019 -0.01076 -0.00091  0.02170  0.02619
 18   h           x  -0.06645 -0.00495  0.00379  0.00809  0.00036 -0.00319
                  y   0.33237  0.02268 -0.01202 -0.01779 -0.00009  0.02149
                  z  -0.00533  0.00417  0.00187 -0.01248  0.00127 -0.00252
 19   h           x  -0.01344 -0.00408 -0.00366  0.01345 -0.00206  0.00499
                  y  -0.28989 -0.02146 -0.00380  0.01509 -0.00448 -0.02027
                  z  -0.07614 -0.00259 -0.00402 -0.00438 -0.00134 -0.00966

reduced mass(g/mol)     1.174    1.384    1.510    1.090    1.088    1.086


       mode              43       44       45       46       47       48

     frequency        1517.89  1660.63  1667.05  2933.27  2940.30  2953.57

     symmetry            a        a        a        a        a        a   

        IR               YES      YES      YES      YES      YES      YES
|dDIP/dQ|   (a.u.)     0.0011   0.0042   0.0036   0.0031   0.0053   0.0080
intensity (km/mol)       2.26    31.14    22.95    16.77    49.50   113.86
intensity (  %   )       1.45    19.95    14.70    10.75    31.72    72.96
 
       RAMAN             YES      YES      YES      YES      YES      YES
 
  1   c           x   0.00172 -0.00004 -0.01844 -0.00307  0.00299 -0.00216
                  y  -0.00389 -0.00006  0.00589 -0.00114  0.00112 -0.00075
                  z  -0.00112 -0.00005  0.02097 -0.00212  0.00181 -0.00126
  2   c           x  -0.03852 -0.00093  0.00193  0.00783 -0.00694  0.00455
                  y  -0.02823  0.00004 -0.00026  0.02528 -0.02132  0.00797
                  z  -0.04091  0.00056 -0.00313  0.04043 -0.03071  0.01647
  3   o           x  -0.00387  0.00029 -0.00007  0.00457 -0.00087 -0.00070
                  y  -0.00981  0.00002 -0.00010  0.00019 -0.00103  0.00053
                  z  -0.01539 -0.00096  0.00042 -0.00090 -0.00198  0.00203
  4   c           x   0.01935  0.00862  0.00077 -0.00962 -0.00348  0.01530
                  y  -0.02486  0.00182 -0.00013 -0.01843 -0.01882  0.00021
                  z  -0.04651  0.00428 -0.00063 -0.02971 -0.01513  0.05352
  5   c           x  -0.00824 -0.02355  0.00009 -0.01897 -0.04257 -0.03504
                  y  -0.00286  0.00290  0.00061  0.01196  0.02613  0.02056
                  z   0.00054  0.00774 -0.00009  0.01159  0.02258  0.01263
  6   n           x   0.00051 -0.02699  0.00027  0.00016  0.00021  0.00002
                  y  -0.00055 -0.06784  0.00014  0.00097  0.00179  0.00121
                  z   0.00374  0.02039 -0.00004 -0.00017 -0.00054 -0.00069
  7   n           x   0.00291 -0.00009 -0.01611  0.00002 -0.00002  0.00002
                  y   0.00160 -0.00042 -0.06887 -0.00003  0.00002  0.00006
                  z   0.00423  0.00009  0.01712 -0.00004  0.00004  0.00002
  8   h           x   0.01551 -0.00011  0.01267  0.03845 -0.03471  0.02253
                  y  -0.03059 -0.00026 -0.05183  0.01568 -0.01451  0.00955
                  z  -0.03562  0.00022 -0.02769  0.01301 -0.01197  0.00787
  9   h           x  -0.01557  0.00003  0.02240  0.00132 -0.00148  0.00194
                  y   0.05697 -0.00054 -0.05471 -0.00520  0.00367 -0.00254
                  z   0.02842 -0.00030 -0.01621  0.00973 -0.00592  0.00348
 10   h           x   0.20761  0.00086  0.00587 -0.11155  0.09028 -0.05453
                  y   0.46837 -0.00005  0.00001  0.21462 -0.16318  0.08669
                  z   0.11961  0.00018 -0.00352 -0.47986  0.36503 -0.19870
 11   h           x   0.24263  0.00064 -0.00278 -0.02714  0.02717 -0.01354
                  y  -0.05344 -0.00054 -0.00099 -0.52465  0.42394 -0.18135
                  z   0.45826 -0.00095  0.00178 -0.00709  0.00622 -0.00130
 12   h           x  -0.13590 -0.01087 -0.00295  0.11007  0.04998 -0.18037
                  y   0.40901 -0.03233  0.00480 -0.15035 -0.08034  0.24483
                  z   0.16386  0.00320  0.00141  0.38278  0.20175 -0.65711
 13   h           x  -0.02102 -0.03497 -0.00252 -0.02952 -0.03224  0.02514
                  y  -0.03285 -0.00035 -0.00051  0.37735  0.31269 -0.24504
                  z   0.46541 -0.03311  0.00570 -0.00199  0.00369  0.00586
 14   h           x   0.04156  0.02279  0.00199 -0.00343 -0.00100  0.00362
                  y   0.03787 -0.04495 -0.00184 -0.00043 -0.00889 -0.02056
                  z   0.00004 -0.00753 -0.00098  0.02289  0.08584  0.12792
 15   h           x  -0.01706  0.01265 -0.00103  0.23227  0.50586  0.40695
                  y  -0.02318  0.05536 -0.00339 -0.15226 -0.32908 -0.25664
                  z   0.00022  0.02220  0.00190 -0.16321 -0.35297 -0.27863
 16   h           x   0.00680  0.45821 -0.00455  0.00120  0.00431  0.00679
                  y   0.00297  0.51080 -0.00190 -0.00181 -0.00027  0.00385
                  z   0.00378  0.16184 -0.00077  0.00245  0.00568  0.00412
 17   h           x   0.00160  0.10967 -0.00057 -0.00125 -0.00215 -0.00079
                  y   0.02327  0.39805 -0.00285 -0.00065  0.00039  0.00269
                  z  -0.01872 -0.56227  0.00356 -0.00117 -0.00419 -0.00503
 18   h           x  -0.00464 -0.00088 -0.12467 -0.00112  0.00057 -0.00044
                  y   0.02343  0.00375  0.53027 -0.00093  0.00157 -0.00163
                  z   0.00664 -0.00282 -0.46417 -0.00060  0.00058 -0.00069
 19   h           x  -0.00153  0.00288  0.50370 -0.00024  0.00033 -0.00015
                  y  -0.02744  0.00328  0.46669  0.00204 -0.00129  0.00058
                  z  -0.00984  0.00062  0.05102 -0.00031  0.00024 -0.00023

reduced mass(g/mol)     1.093    1.091    1.086    1.056    1.064    1.066


       mode              49       50       51       52       53       54

     frequency        2962.55  2971.56  3029.62  3064.64  3066.03  3474.45

     symmetry            a        a        a        a        a        a   

        IR               YES      YES      YES      YES      YES      YES
|dDIP/dQ|   (a.u.)     0.0069   0.0063   0.0054   0.0043   0.0040   0.0008
intensity (km/mol)      84.46    71.59    52.28    32.13    28.26     1.23
intensity (  %   )      54.12    45.87    33.50    20.59    18.11     0.79
 
       RAMAN             YES      YES      YES      YES      YES      YES
 
  1   c           x  -0.00003  0.00045 -0.03913 -0.06808  0.00435 -0.00162
                  y  -0.00321 -0.00027 -0.03925  0.00415 -0.00030 -0.00009
                  z   0.00816  0.00142  0.03948 -0.06380  0.00417  0.00284
  2   c           x  -0.00850 -0.00209  0.00085 -0.00262  0.00024 -0.00000
                  y   0.07838  0.01072 -0.01047  0.00315  0.00013  0.00027
                  z  -0.04807 -0.00944  0.00364 -0.00792  0.00030 -0.00003
  3   o           x  -0.00023  0.00065  0.00011  0.00036  0.00001  0.00000
                  y   0.00031 -0.00035  0.00010  0.00003  0.00004  0.00010
                  z  -0.00015 -0.00047 -0.00006  0.00013 -0.00021  0.00003
  4   c           x  -0.00154  0.01365 -0.00006  0.00029  0.00144  0.00004
                  y   0.01102 -0.08065 -0.00007 -0.00069 -0.00450 -0.00001
                  z  -0.00359  0.03383 -0.00073  0.00024  0.00724 -0.00002
  5   c           x  -0.00394  0.01544  0.00018  0.00034  0.00421  0.00000
                  y   0.00244 -0.00973 -0.00009 -0.00069 -0.01012  0.00003
                  z   0.00246 -0.01214 -0.00012  0.00550  0.08406  0.00002
  6   n           x   0.00003 -0.00019 -0.00002 -0.00004 -0.00053 -0.00008
                  y   0.00004 -0.00012 -0.00000 -0.00001  0.00015 -0.00007
                  z  -0.00003 -0.00002 -0.00000 -0.00013 -0.00219 -0.00004
  7   n           x  -0.00008 -0.00004  0.00095  0.00171 -0.00010 -0.02266
                  y  -0.00074 -0.00007 -0.00023 -0.00003  0.00002 -0.03915
                  z   0.00035  0.00002 -0.00110  0.00179 -0.00013  0.03282
  8   h           x   0.03239  0.00057  0.63916  0.66070 -0.04171  0.00906
                  y   0.00878 -0.00054  0.20661  0.21859 -0.01381  0.00204
                  z   0.01047  0.00027  0.16494  0.15352 -0.00970  0.00281
  9   h           x  -0.03388 -0.00513 -0.17727  0.15375 -0.01001 -0.00549
                  y   0.05288  0.00857  0.27076 -0.26720  0.01761  0.00410
                  z  -0.11635 -0.01971 -0.63044  0.61290 -0.04048 -0.01539
 10   h           x   0.14126  0.02287 -0.01039  0.01603 -0.00268  0.00125
                  y  -0.24339 -0.04736  0.02056 -0.03250  0.00181 -0.00084
                  z   0.61813  0.11509 -0.05054  0.07950 -0.00480 -0.00228
 11   h           x  -0.04022  0.00228  0.00078  0.00089 -0.00034 -0.00133
                  y  -0.69673 -0.07623  0.10473 -0.00832 -0.00303  0.00186
                  z  -0.04012 -0.00478  0.00869 -0.00070  0.00002  0.00007
 12   h           x   0.00972 -0.12576  0.00252 -0.00219 -0.02351 -0.00002
                  y  -0.01439  0.14046 -0.00250  0.00081  0.02663  0.00005
                  z   0.05258 -0.43165  0.00602 -0.00112 -0.07399 -0.00023
 13   h           x   0.01279 -0.05370 -0.00114 -0.00063  0.00168 -0.00012
                  y  -0.12280  0.82410  0.00337  0.00730  0.03064  0.00001
                  z  -0.00715  0.02969  0.00060  0.00027  0.00137  0.00007
 14   h           x   0.00022  0.00738  0.00005 -0.00819 -0.12899 -0.00008
                  y   0.00052 -0.00919 -0.00009  0.01111  0.16909  0.00005
                  z   0.00318  0.03273 -0.00001 -0.06313 -0.96064 -0.00016
 15   h           x   0.04709 -0.18417 -0.00264  0.00492  0.08668  0.00003
                  y  -0.03035  0.11800  0.00147 -0.00316 -0.05327 -0.00010
                  z  -0.03221  0.12365  0.00160 -0.00241 -0.04391 -0.00008
 16   h           x  -0.00037  0.00114  0.00011 -0.00024 -0.00198  0.00015
                  y  -0.00018  0.00243 -0.00004  0.00004  0.00001  0.00004
                  z   0.00041 -0.00312  0.00006  0.00145  0.02228 -0.00057
 17   h           x  -0.00011  0.00022 -0.00002  0.00041  0.00641  0.00103
                  y  -0.00029  0.00109 -0.00001 -0.00014 -0.00179  0.00067
                  z  -0.00021  0.00156  0.00003  0.00018  0.00299  0.00086
 18   h           x   0.00082  0.00012 -0.01467 -0.01476  0.00079  0.61126
                  y  -0.00112  0.00017 -0.00399  0.00026 -0.00025  0.21596
                  z  -0.00136  0.00042 -0.00092  0.00019  0.00017  0.13952
 19   h           x   0.00155  0.00001  0.00357 -0.00475  0.00026 -0.28095
                  y  -0.00410 -0.00072 -0.00476  0.00243 -0.00027  0.31721
                  z  -0.00045  0.00034  0.01252 -0.01958  0.00139 -0.61415

reduced mass(g/mol)     1.104    1.102    1.060    1.105    1.088    1.049


       mode              55       56       57

     frequency        3487.08  3547.87  3566.10

     symmetry            a        a        a   

        IR               YES      YES      YES
|dDIP/dQ|   (a.u.)     0.0003   0.0014   0.0008
intensity (km/mol)       0.16     3.69     1.10
intensity (  %   )       0.10     2.36     0.70
 
       RAMAN             YES      YES      YES
 
  1   c           x   0.00000 -0.00208 -0.00001
                  y  -0.00001 -0.00024  0.00000
                  z  -0.00001 -0.00193  0.00001
  2   c           x  -0.00001 -0.00005 -0.00001
                  y  -0.00003 -0.00001 -0.00002
                  z  -0.00000  0.00019 -0.00001
  3   o           x   0.00006 -0.00003  0.00001
                  y   0.00001  0.00010 -0.00001
                  z  -0.00001  0.00002  0.00000
  4   c           x   0.00018  0.00003 -0.00031
                  y  -0.00012  0.00002  0.00001
                  z   0.00002 -0.00001 -0.00004
  5   c           x  -0.00209 -0.00001  0.00078
                  y   0.00189  0.00005 -0.00050
                  z   0.00217  0.00000  0.00207
  6   n           x  -0.03347 -0.00007  0.04042
                  y  -0.03190 -0.00004  0.01436
                  z   0.03240 -0.00024  0.06855
  7   n           x  -0.00002 -0.06492 -0.00020
                  y   0.00006  0.00233 -0.00003
                  z  -0.00008 -0.04788 -0.00011
  8   h           x   0.00002  0.01574  0.00008
                  y   0.00002  0.00620  0.00001
                  z   0.00000  0.00578  0.00000
  9   h           x   0.00001  0.00433  0.00001
                  y   0.00001 -0.00564  0.00001
                  z   0.00000  0.01230 -0.00003
 10   h           x  -0.00003 -0.00099 -0.00006
                  y   0.00002  0.00072  0.00002
                  z  -0.00003  0.00001 -0.00006
 11   h           x   0.00001 -0.00033 -0.00002
                  y   0.00021 -0.00086  0.00003
                  z   0.00000  0.00000 -0.00002
 12   h           x  -0.00048 -0.00001 -0.00159
                  y  -0.00066  0.00003 -0.00055
                  z   0.00077 -0.00002 -0.00144
 13   h           x  -0.00112 -0.00006  0.00076
                  y  -0.00014 -0.00019 -0.00008
                  z  -0.00041  0.00004 -0.00060
 14   h           x  -0.00050 -0.00004 -0.00284
                  y   0.00107  0.00002  0.00319
                  z  -0.01217  0.00005 -0.01710
 15   h           x   0.00698  0.00013  0.00190
                  y  -0.00037 -0.00021 -0.00210
                  z  -0.00722 -0.00013 -0.00172
 16   h           x   0.02721 -0.00013  0.05459
                  y   0.17175 -0.00058  0.13467
                  z  -0.77266  0.00228 -0.58402
 17   h           x   0.45495  0.00134 -0.62033
                  y   0.25047  0.00077 -0.32848
                  z   0.31558  0.00091 -0.37178
 18   h           x  -0.00029  0.69308  0.00252
                  y  -0.00014  0.25384  0.00094
                  z  -0.00004  0.11364  0.00053
 19   h           x   0.00051  0.21575  0.00033
                  y  -0.00067 -0.28538 -0.00054
                  z   0.00127  0.55430  0.00107

reduced mass(g/mol)     1.050    1.093    1.093
 

         **************************************************************
         *                                                            *
         *  zero point VIBRATIONAL energy  :      0.1712396  Hartree  *
         *    SCF-energy                   :   -344.2828624           *
         *    SCF + E(vib0)                :   -344.1116228           *
         *                                                            *
         **************************************************************




 time elapsed for vibrational analysis     0.88 sec


    ------------------------------------------------------------------------
         total  cpu-time : 35 minutes and 42 seconds
         total wall-time :  2 minutes and 42 seconds
    ------------------------------------------------------------------------

   ****  force : all done  ****


    2026-04-16 23:38:28.160 

aoforce ended normally 
