
   OpenMP run-time library returned nthreads = 16

 ridft (s02r1b79) : TURBOMOLE rev. V7-8-1 compiled 26 Feb 2024 at 17:12:58
 Copyright (C) 2024 TURBOMOLE GmbH, Karlsruhe


    2026-04-15 19:55:37.048 



                                  r i d f t

                        DFT program with RI approximation 
                                for coulomb part 





                                 References:     
                                                 
          TURBOMOLE:                             
              R. Ahlrichs, M. Baer, M. Haeser, H. Horn, and
              C. Koelmel
              Electronic structure calculations on workstation
              computers: the program system TURBOMOLE
              Chem. Phys. Lett. 162: 165 (1989)
          Density Functional:                              
              O. Treutler and R. Ahlrichs                      
              Efficient Molecular Numerical Integration Schemes
              J. Chem. Phys. 102: 346 (1995)                   
          Parallel Version:                                
              Performance of parallel TURBOMOLE for Density    
              Functional Calculations                          
              M. v. Arnim and R. Ahlrichs                      
              J. Comp. Chem. 19: 1746 (1998)                   
          RI-J Method:                                     
              Auxiliary Basis Sets to approximate Coulomb      
              Potentials                                       
              Chem. Phys. Lett. 240: 283 (1995)                
              K. Eichkorn, O. Treutler, H. Oehm, M. Haeser     
              and R. Ahlrichs                                  
              Chem. Phys. Lett. 242: 652 (1995)                
                                                           
              Auxiliary Basis Sets for Main Row Atoms and their
              Use to approximate Coulomb Potentials            
              K. Eichkorn, F. Weigend, O. Treutler and         
              R. Ahlrichs                                      
              Theo. Chem. Acc. 97: 119 (1997)                  
                                                           
              Accurate Coulomb-fitting basis sets for H to Rn 
              F. Weigend                                       
              Phys. Chem. Chem. Phys. 8: 1057 (2006)           
                                                           
          Multipole accelerated RI-J (MARI-J):             
              Fast evaluation of the Coulomb potential for     
              electron densities using multipole accelerated   
              resolution of identity approximation             
              M. Sierka, A. Hogekamp and R. Ahlrichs           
              J. Chem. Phys. 118: 9136 (2003)                  
          RI-JK Method:                                     
              A fully direct RI-HF algorithm: Implementation,
              optimised auxiliary basis sets, demonstration of
              accuracy and efficiency                         
              F. Weigend                                      
              Phys. Chem. Chem. Phys. 4: 4285 (2002)           
          Two-component HF and DFT with spin-orbit coupling:  
              Self-consistent treatment of spin-orbit         
              interactions with efficient Hartree-Fock and    
              density functional methods                      
              M. K. Armbruster, F. Weigend, C. van Wüllen and 
              W. Klopper                                      
              Phys. Chem. Chem. Phys. 10: 1748 (2008)         
          Two-component difference density and DIIS algorithm 
              Efficient two-component self-consistent field   
              procedures and gradients: implementation in     
              TURBOMOLE and application to Au20-              
              A. Baldes, F. Weigend                           
              Mol. Phys. 111: 2617 (2013)                     
          Relativistic current density functional theory      
              Current density functional framework for        
              spin-orbit coupling                             
              C. Holzer, Y. J. Franzke, A. Pausch             
              J. Chem. Phys. 157: 204102 (2022)               
          Relativistic all-electron 2c calculations           
              An efficient implementation of two-component    
              relativistic exact-decoupling methods for large 
              molecules                                       
              D. Peng, N. Middendorf, F. Weigend, M. Reiher   
              J. Chem. Phys. 138: 184105 (2013)               
          Finite nucleus model and SNSO approximation         
              Efficient implementation of one- and two-       
              component analytical energy gradients in exact  
              two-component theory                            
              Y. J. Franzke, N. Middendorf, F. Weigend        
              J. Chem. Phys. 148: 104110 (2018)               
          Grids for all-electron relativistic methods         
              Error-consistent segmented contracted all-      
              electron relativistic basis sets of double-     
              and triple-zeta quality for NMR shielding       
              constants                                       
              Y. J. Franzke, R. Tress, T. M. Pazdera,         
              F. Weigend                                      
              Phys. Chem. Chem. Phys. 21: 166658 (2019)       
          Seminumerical exchange algorithms                   
              Seminumerical calculation of the Hartree-Fock   
              exchange matirx: Application to two-component   
              procedures and efficient evaluation of local    
              hybrid functionsl                               
              P. Plessow, F. Weigend,                         
              J. Comput. Chem. 33: 810 (2012)                 
          Improved seminumerical algorithms                   
              C. Holzer,                                      
              J. Chem. Phys. 153 (2020), 184115               






          OpenMP Shared-Memory Parallelization: 16 CPUs.

            By: Christof Holzer and Yannick J. Franzke


              +--------------------------------------------------+
              |      general information about current run       |
              +--------------------------------------------------+

 
 Becke-3-Parameter hybrid functional: B3-LYP
 exchange:    0.8*LDA + 0.72*B88 + 0.2*HF
 correlation: 0.19*LDA(VWN) + 0.81*LYP
 A Hybrid-DFT calculation using the RI-J approximation will be carried out.
 Allocatable memory for RI due to $ricore (MB):                  1000


              +--------------------------------------------------+
              | Atomic coordinate, charge and isotop information |
              +--------------------------------------------------+

                    atomic coordinates            atom    charge  isotop
         -2.42695017   -0.86891866    0.83788120    c      6.000     0
         -0.52600936    0.22420646   -1.04493542    c      6.000     0
          2.13914375    0.26033628    0.02314935    c      6.000     0
          3.34994984    2.16779541    0.32660238    o      8.000     0
          3.01824901   -2.05583046    0.58421516    o      8.000     0
         -1.23119674    2.69068608   -1.76520950    o      8.000     0
         -1.97592040   -2.82488613    1.30161215    h      1.000     0
         -4.30504637   -0.79688758   -0.00412873    h      1.000     0
         -2.45077827    0.25363181    2.56768009    h      1.000     0
         -0.47378306   -0.99052545   -2.72662031    h      1.000     0
          4.71815443   -1.85946616    1.24496249    h      1.000     0
          0.16418167    3.79985839   -1.34520697    h      1.000     0
 
       center of nuclear mass  :    0.75551555    0.41947837   -0.16465565
       center of nuclear charge:    0.66437355    0.36868078   -0.14375554

              +--------------------------------------------------+
              |               basis set information              |
              +--------------------------------------------------+

              we will work with the 1s 3p 5d 7f 9g ... basis set
              ...i.e. with spherical basis functions...

   type   atoms  prim   cont   basis
   ---------------------------------------------------------------------------
    c        3     46     31   def2-TZVP   [5s3p2d1f|11s6p2d1f]
    o        3     46     31   def2-TZVP   [5s3p2d1f|11s6p2d1f]
    h        6      8      6   def2-TZVP   [3s1p|5s1p]
   ---------------------------------------------------------------------------
   total:   12    324    222
   ---------------------------------------------------------------------------

   total number of primitive shells          :   46
   total number of contracted shells         :   90
   total number of cartesian basis functions :  252
   total number of SCF-basis functions       :  222


 integral neglect threshold       :  0.13E-10
 integral storage threshold THIZE :  0.10E-04
 integral storage threshold THIME :         5

 RI-J AUXILIARY BASIS SET information:

              we will work with the 1s 3p 5d 7f 9g ... basis set
              ...i.e. with spherical basis functions...

   type   atoms  prim   cont   basis
   ---------------------------------------------------------------------------
    c        3     70     49   def2-TZVP   [6s4p3d1f1g|12s5p4d2f1g]
    o        3     70     49   def2-TZVP   [6s4p3d1f1g|12s5p4d2f1g]
    h        6     16     11   def2-TZVP   [3s1p1d|5s2p1d]
   ---------------------------------------------------------------------------
   total:   12    516    360
   ---------------------------------------------------------------------------

   total number of primitive shells          :   56
   total number of contracted shells         :  120
   total number of cartesian basis functions :  438
   total number of SCF-basis functions       :  360


 symmetry group of the molecule :   c1 

 the group has the following generators :
   c1(z)

    1 symmetry operations found

 there are 1 real representations :   a   

 maximum number of shells which are related by symmetry :  1

  
           ------------------
           density functional
           ------------------
 Becke-3-Parameter hybrid functional: B3-LYP
 exchange:    0.8*LDA + 0.72*B88 + 0.2*HF
 correlation: 0.19*LDA(VWN) + 0.81*LYP
 iterations will be done with small grid
  
 spherical integration : Lebedev's spherical grid
 spherical gridsize    :                     4
    i.e. gridpoints    :                   434
  maximum batchsize    :                   100
 value for diffuse not defined
 radial integration    : Chebyshev 2nd kind (scaling 3)
 radial gridsize       :                     6
 integration cells     :                    12
 partition function    : becke
 partition sharpness   :                     3
  

 biggest AO integral is expected to be     7.998976882

          ------------------------
          nuclear repulsion energy  :   249.949712412    
          ------------------------


         -----------------
         -S,T+V- integrals
         -----------------

 1e-integrals will be neglected if expon. factor < 0.132618E-11
 
 Difference densities algorithm switched on.
 The maximal number of linear combinations of
 difference densities is  20.

 DIIS switched on: error vector is FDS-SDF
 Max. Iterations for DIIS is     :   4
 DIIS matrix (see manual) 
    Scaling factor of diagonals  :  1.200
    threshold for scaling factor :  0.000

 scf convergence criterion : increment of total energy < .1000000D-06
                  and increment of one-electron energy < .1000000D-03

 MOs are in ASCII format !


    mo occupation :
   irrep   mo's   occupied
    a      222       24
 
 number of basis functions   :   222
 number of occupied orbitals :    24
 

 reading orbital data $scfmo  from file mos
 orbital characterization : scfconv=7
 mo-orthogonalization by Cholesky decomposition

 automatic virtual orbital shift switched on 
      shift if e(lumo)-e(homo) < 0.10000000    

  
           ------------------------
               RI-J - INFORMATION
           ------------------------
 Contributions to RI integral batches: 
  neglected integral batches:                   274
  direct contribution:                            0
  memory contribution:                  3821
 Memory core needed for (P|Q) and Cholesky      1 MByte
 Memory core minimum needed except of (P|Q)     1 MByte
 Total minimum memory core needed (sum)         2 MByte
  
 ****************************************
 Memory allocated for RI-J   104 MByte
 ****************************************
                                            

 DSCF restart information will be dumped onto file mos


 Starting SCF iterations

          Overall gridpoints after grid construction =         32302

 ITERATION  ENERGY          1e-ENERGY        2e-ENERGY     NORM[dD(SAO)]  TOL
   1  -343.58869250718    -964.59570137     371.05729645    0.000D+00 0.132D-10
                            Exc = -35.7024067137     Coul =  415.237126613    
                            exK = -8.47742344446    
                              N = 48.000086978    
                            current damping = 0.300
 
          max. resid. norm for Fia-block=  5.601D-05 for orbital     22a         
          max. resid. fock norm         =  1.529D-04 for orbital    221a         

 ITERATION  ENERGY          1e-ENERGY        2e-ENERGY     NORM[dD(SAO)]  TOL
   2  -343.58869249365    -964.59579374     371.05738883    0.288D-03 0.839D-11
                            Exc = -35.7023687465      Eck =  406.759757581    
                              N = 48.000086961    
                            current damping = 0.300
 
          Norm of current diis error: 0.67087E-03
          max. resid. norm for Fia-block=  2.383D-05 for orbital     22a         
          max. resid. fock norm         =  6.420D-05 for orbital    221a         

 ENERGY CONVERGED !

          Overall gridpoints after grid construction =        117435

 ITERATION  ENERGY          1e-ENERGY        2e-ENERGY     NORM[dD(SAO)]  TOL
   3  -343.58865876981    -964.59576486     371.05739367    0.325D-04 0.791D-11
                            Exc = -35.7023534905      Eck =  406.759747164    
                              N = 47.999997241    
                            current damping = 0.350
 
          Norm of current diis error: 0.19942E-03
          max. resid. norm for Fia-block=  7.681D-06 for orbital     22a         
          max. resid. fock norm         =  2.126D-05 for orbital    221a         

 End of SCF iterations

   convergence criteria satisfied after     3 iterations


                  ------------------------------------------ 
                 |  total energy      =   -343.58865876981  |
                  ------------------------------------------ 
                 :  kinetic energy    =    342.21789310604  :
                 :  potential energy  =   -685.80655187585  :
                 :  virial theorem    =      1.99601044555  :
                 :  wavefunction norm =      1.00000000000  :
                  .......................................... 


 <geterg> : there is no data group $energy 


 <skperg> : $end is missing 


 orbitals $scfmo  will be written to file mos

    irrep                 20a         21a         22a         23a         24a   
 eigenvalues H         -0.38463    -0.35652    -0.34846    -0.30565    -0.28494
            eV         -10.4664     -9.7015     -9.4823     -8.3171     -7.7536
 occupation              2.0000      2.0000      2.0000      2.0000      2.0000

    irrep                 25a         26a         27a         28a         29a   
 eigenvalues H         -0.01578     0.01847     0.05260     0.07606     0.07823
            eV          -0.4295      0.5027      1.4314      2.0698      2.1287
 
 
 
 
 ==============================================================================
                           electrostatic moments
 ==============================================================================

 reference point for electrostatic moments:    0.00000   0.00000   0.00000

 
              nuc           elec       ->  total
 ------------------------------------------------------------------------------
                          charge      
 ------------------------------------------------------------------------------
          48.000000     -48.000000       0.000000
 
 ------------------------------------------------------------------------------
                       dipole moment  
 ------------------------------------------------------------------------------
   x      31.889930     -31.565357       0.324573
   y      17.696678     -18.497848      -0.801170
   z      -6.900266       7.207161       0.306895
 
   | dipole moment | =     0.9173 a.u. =     2.3315 debye 
 
 ------------------------------------------------------------------------------
                     quadrupole moment
 ------------------------------------------------------------------------------
  xx     290.195352    -315.532151     -25.336799
  yy     162.119938    -190.614669     -28.494731
  zz      58.359517     -85.014171     -26.654654
  xy      -2.048719       0.686949      -1.361769
  xz      29.737818     -29.810512      -0.072693
  yz     -55.427296      55.792444       0.365148
 
     1/3  trace=     -26.828728
     anisotropy=       3.677864
 
 ==============================================================================
 
HOMO-LUMO Separation
 HOMO         :   -0.28493688 H =     -7.75353 eV
 LUMO         :   -0.01578356 H =     -0.42949 eV
 HOMO-LUMO gap:    0.26915332 H =     +7.32404 eV
 
 ==============================================================================


    ------------------------------------------------------------------------
         total  cpu-time :  34.83 seconds
         total wall-time :   2.43 seconds
    ------------------------------------------------------------------------

   ****  ridft : all done  ****


    2026-04-15 19:55:39.456 

 ridft ended normally
