=== STDOUT ===
using binary section 2:  "D:\TmoleX2024\TURBOMOLE\bin\winnt_smp\aoforce.bat" 
using binary section 2:  "D:\TmoleX2024\TURBOMOLE\bin\winnt_smp\ridft.bat" 
using binary section 1:  "D:\TmoleX2024\TURBOMOLE\bin\winnt_smp\define.exe" 
using binary section 2:  "D:\TmoleX2024\TURBOMOLE\bin\winnt_smp\rdgrad.bat" 
using binary section 1:  "D:\TmoleX2024\TURBOMOLE\bin\winnt_smp\statpt.exe" 
OPTIMIZATION CYCLE 1
OPTIMIZATION CYCLE 2
OPTIMIZATION CYCLE 3
OPTIMIZATION CYCLE 4
OPTIMIZATION CYCLE 5
OPTIMIZATION CYCLE 6
OPTIMIZATION CYCLE 7
OPTIMIZATION CYCLE 8
OPTIMIZATION CYCLE 9
OPTIMIZATION CYCLE 10
OPTIMIZATION CYCLE 11
OPTIMIZATION CYCLE 12
OPTIMIZATION CYCLE 13
OPTIMIZATION CYCLE 14
OPTIMIZATION CYCLE 15
OPTIMIZATION CYCLE 16
OPTIMIZATION CYCLE 17
--------------------------------------------------------------
    END OF CALCULATION 

     RESULT:  CONVERGENCE REACHED
   --------------------------------------------------------------
=== STDERR ===
