
   OpenMP run-time library returned nthreads = 16

 force (s02r2b45) : TURBOMOLE rev. V7-8-1 compiled 26 Feb 2024 at 17:12:58
 Copyright (C) 2024 TURBOMOLE GmbH, Karlsruhe


    2026-04-15 19:55:44.004 



                             T U R B O M O L E   

                          a o f o r c e - program

                        using direct algorithms for

                       SCF level calculations of
                         * harmonic force constants
                         * hyperpolarizabilities
                         * IR and RAMAN intensities
                         * VCD intensities

                       DFT level calculations of
                         * harmonic force constants
                         * IR intensities
                                                   
       Stephan Boecker, Peter Deglmann, Filipp Furche and Marco Haeser
                          Quantum Chemistry Group
                          Universitaet  Karlsruhe
                                   Germany

 
 

          OpenMP Shared-Memory Parallelization: 16 CPUs.

            By: Erik P. Almaraz and Filipp Furche
            Copyright 2009-2011 by UCI and TURBOMOLE GmbH.

            Revised By: Christof Holzer and Yannick J. Franzke.

 
 
     References :
 
       RI-J implementation:
         Peter Deglmann, Klaus May, Filipp Furche, Reinhart Ahlrichs
                 Chem. Phys. Lett. 384:103 (2004)
 
       Efficiency, technical details:
         Peter Deglmann, Filipp Furche, Reinhart Ahlrichs
                 Chem. Phys. Lett. 362:511 (2002)
 
       Search of lowest eigenvalues by iterative diagonalization:
         Peter Deglmann, Filipp Furche
                 J. Chem. Phys. 117:9535 (2002)
 
       Vibrational circular dichroism implementation:
        Kevin Reiter, Michael Kuehn, Florian Weigend
                 J. Chem. Phys. 146:054102 (2017)  
 
 


              +--------------------------------------------------+
              | Atomic coordinate, charge and isotop information |
              +--------------------------------------------------+

                    atomic coordinates            atom    charge  isotop
         -4.29353511    0.38897735    0.66044823    c      6.000     0
         -2.30616320    1.84469542   -0.80544954    c      6.000     0
          0.21856817    1.01742502   -0.15715244    o      8.000     0
          1.15783757   -0.96464355   -1.45221612    c      6.000     0
          0.03152859   -2.05013933   -3.11778969    o      8.000     0
          3.73718279   -1.69979074   -0.64056013    c      6.000     0
          5.05312448   -0.58814240    1.18637687    c      6.000     0
         -3.97211559    0.54913657    2.69118321    h      1.000     0
         -4.28006757   -1.60339793    0.13799308    h      1.000     0
         -6.16538581    1.15335107    0.24245804    h      1.000     0
         -2.57187757    1.63737740   -2.83664206    h      1.000     0
         -2.32760906    3.84436436   -0.31443838    h      1.000     0
          4.49031731   -3.28389301   -1.69513439    h      1.000     0
          6.93046089   -1.23895428    1.67585460    h      1.000     0
          4.29773411    0.99363404    2.23892016    h      1.000     0
 
       center of nuclear mass  :    0.40544899   -0.26661504   -0.62794097
       center of nuclear charge:    0.34246129   -0.22821333   -0.56236568

              +--------------------------------------------------+
              |               basis set information              |
              +--------------------------------------------------+

              we will work with the 1s 3p 5d 7f 9g ... basis set
              ...i.e. with spherical basis functions...

   type   atoms  prim   cont   basis
   ---------------------------------------------------------------------------
    c        5     46     31   def2-TZVP   [5s3p2d1f|11s6p2d1f]
    o        2     46     31   def2-TZVP   [5s3p2d1f|11s6p2d1f]
    h        8      8      6   def2-TZVP   [3s1p|5s1p]
   ---------------------------------------------------------------------------
   total:   15    386    265
   ---------------------------------------------------------------------------

   total number of primitive shells          :   46
   total number of contracted shells         :  109
   total number of cartesian basis functions :  300
   total number of SCF-basis functions       :  265

 
             FOUND RI-J FLAG !
 

 NOTE: THIS IS A PRELIMINARY IMPLEMENTATION. THE RI APPROXIMATION IS
       PRESENTLY USED FOR CPKS CONTRIBUTIONS TO THE HESSIAN ONLY! SEE
       MANUAL FOR FURTHER DETAILS.

  
 AUXILIARY BASIS SET information:

              we will work with the 1s 3p 5d 7f 9g ... basis set
              ...i.e. with spherical basis functions...

   type   atoms  prim   cont   basis
   ---------------------------------------------------------------------------
    c        5     70     49   def2-TZVP   [6s4p3d1f1g|12s5p4d2f1g]
    o        2     70     49   def2-TZVP   [6s4p3d1f1g|12s5p4d2f1g]
    h        8     16     11   def2-TZVP   [3s1p1d|5s2p1d]
   ---------------------------------------------------------------------------
   total:   15    618    431
   ---------------------------------------------------------------------------

   total number of primitive shells          :   56
   total number of contracted shells         :  145
   total number of cartesian basis functions :  523
   total number of SCF-basis functions       :  431


 symmetry group of the molecule :   c1 

 the group has the following generators :
   c1(z)

    1 symmetry operations found

 there are 1 real representations :   a   

 maximum number of shells which are related by symmetry :  1


 determining totally symmetric integral contributions 
    - equivalent to irreducible tensor elements - 
 which can be formed within each triple of representations :

             representation triple      contributions

              a     a     a               1
  MOs are in ASCII format !

  MOs are in ASCII format !


    mo occupation :
   irrep   mo's   occupied
    a      265       27
 
 number of basis functions   :   265
 number of occupied orbitals :    27
 

 reading orbital data $scfmo  from file mos
 orbital characterization : scfconv=7
 time elapsed for calculating density matrices :   0.118 sec
 all orbitals will be included in the transformation

 number of non-frozen orbitals          :   265
 number of non-frozen occupied orbitals :    27


 Blocking parameters 
 shells:
    index      start shell   last shell  start bf    last bf    #bf 
       1             1         109             1        300    300
          size of I/O Block in Byte:               32400000
  
           ----------------------
               RI - INFORMATION
           ----------------------

 biggest AO integral is expected to be     7.998976882

 Threshold for integral neglect (rithr2):   0.83E-11
 Threshold for integral neglect (rithr1):   0.83E-11

 Contributions to RI integral batches: 
  neglected integral batches:                   578
  direct contribution:                            0
  memory contribution:                  5417
 Core memory available (ricore)            5000 MiB
 Core memory needed for (P|Q) and Cholesky 2 MiB
 Core memory used for integrals            169 MiB
  
 ****************************************
 Memory allocated for RIDFT 171 MiB
 ****************************************
                                            
  
           ------------------
           density functional
           ------------------
 Becke-3-Parameter hybrid functional: B3-LYP
 exchange:    0.8*LDA + 0.72*B88 + 0.2*HF
 correlation: 0.19*LDA(VWN) + 0.81*LYP
 iterations will be done with small grid
  
 spherical integration : Lebedev's spherical grid
 spherical gridsize    :                     3
    i.e. gridpoints    :                   302
  maximum batchsize    :                   100
 value for diffuse not defined
 radial integration    : Chebyshev 2nd kind (scaling 3)
 radial gridsize       :                     3
 integration cells     :                    15
 partition function    : becke
 partition sharpness   :                     3
  
 
 Derivatives of quadrature weights will be included
 
 preparing DFT   numerical integration ....
          Overall gridpoints after grid construction =         71784
 Ordering of quadrature gridpoints disabled.
 
 
 
 
 OCCUPIED-OCCUPIED TENSOR SPACES :

          IRREP   tensor space dimension   number of roots

           a                 729                     39
 
 OCCUPIED-VIRTUAL TENSOR SPACES :

          IRREP   tensor space dimension   number of roots

           a                6426                     39
 
 
 
 
 CONSTRUCTING integral bounds

 setting up bound for integral derivative estimation

 increment for numerical differentiation : 0.00050000
 
 machine precision:   2.220446049250313E-016

 integral neglect threshold       :  0.10E-09
 integral storage threshold THIZE :  0.10E-04
 integral storage threshold THIME :         5

 
 
 
 PREPARING NUMERICAL INTEGRATION
 
 Remaining core memory for DFT =                  7907 MB
 
 Memory needed per atom    =                  1058 KiB
 
     i. e.                    15 atoms per loop

 Calculating ground state density on molecular grid

 Integral of ground state density: N =   53.99999213179770    


 
 
 CONSTRUCTING first deriv. of <mu|x,y,z|nu> -> Dip. deriv.
  dipole integral derivatives will be neglected if
  expon. factor <0.166667E-11
      ...terminated. cpu:       0.28       wall:       0.02
 
 
 
 
 CONSTRUCTING first deriv. of  <mu|nu>
                               <mu|h|nu>    -> RHS
              second deriv. of <mu|nu>      -> Hessian
                               <mu|h|nu>    -> Hessian
                               nucl. rep.   -> Hessian
     integrals are neglected if expon. factor <  1.666666666666666E-013
      ...terminated. cpu:       1.25       wall:       0.08



 CONSTRUCTING second deriv. of 2e energy    -> Hessian
  treating Coulomb (and exchange) contribution
  integrals will be neglected if total contribution <  0.16666667E-08
      ...terminated. cpu:     217.97       wall:      19.86
  treating exchange-correlation contribution
      ...terminated. cpu:      60.99       wall:       3.96
 
 
 
 
 CONSTRUCTING S(i,j)xi
      ...terminated. cpu:       0.13       wall:       0.01
 
 
 
 
 CONSTRUCTING <i|x,y,z|j>*S(i,j)xi          -> Dip. deriv.
      ...terminated. cpu:       0.03       wall:       0.00
 
 
 
 
 CONSTRUCTING epsilon(i)*S(i,j)xi*S(i,j)chi -> Hessian
      ...terminated. cpu:       0.08       wall:       0.01
 
 
 
 
 CONSTRUCTING G(a,i)[S(k,l)xi]              -> RHS
              G(i,j)[S(k,l)xi]*S(i,j)chi    -> Hessian
 
         Maximum core memory set to                   8000 MB
         This corresponds to                 11612 vectors in CAO basis
      ...terminated. cpu:     179.19       wall:      14.19
 
 
 
 
 CONSTRUCTING G(mu,nu)[D(kap,lam)]xi
 
          Maximum core memory set to                   8000 MB
          Atoms treated simultaneously :                    15
 max of dfo   61.0419152724713     
      ...terminated. cpu:     207.20       wall:      12.96




 CONSTRUCTING F(a,i)xi                      -> RHS
              F(i,j)xi*S(i,j)chi            -> Hessian
 
        Maximum core memory set to                  8000 MB
        This corresponds to                 20330 vectors in CAO basis
      ...terminated. cpu:       0.89       wall:       0.06
 
 
 
 
 CONSTRUCTING epsilon(i)*S(a,i)xi           -> RHS
      ...terminated. cpu:       0.71       wall:       0.04





 SOLVING CPHF equations
 
 Residuum convergence criterium   :  1.000000000000000E-005
 
 Maximum number of Davidson iterations set to                    25

 logfile cphf_a    will be constructed


  Switching to small grid for DFT
        preparing DFT   numerical integration ....
          Overall gridpoints after grid construction =         19167

 Calculating ground state density on molecular grid

 Integral of ground state density: N =   53.99998254952392    




                       Nonorthonormal Krylov Space Iteration


 total number of roots to be determined: 39


 maximum core memory set to         8000 MB,
 corresponding to    11545 vectors in CAO basis


 maximum number of simultaneously treated vectors (including degeneracy):       39


 Iteration IRREP Converged      Max. Euclidean
                 roots          residual norm

    1       a        0        6.101692563152560D-02
 
    2       a        0        6.858175668707021D-03
 
    3       a        0        5.972124494925816D-04
 
    4       a       10        4.293836772388438D-05
 
    5       a       39        9.296436011569906D-06
 

 converged!

  Switching to fine grid
        preparing numerical DFT   integration ....
          Overall gridpoints after grid construction =         71784

 Calculating ground state density on molecular grid

 Integral of ground state density: N =   53.99999213179771    



 Iteration IRREP Converged      Max. Euclidean
                 roots          residual norm

    6       a        0        9.093996057877745D-05
 

 NOTE: Residual norms are larger than 1.00D-05 due to mgrid option!

      ...terminated. cpu:     756.17       wall:      64.87
 
 
 
 
 CONSTRUCTING <a|x,y,z|i>*U(a,i)xi          -> Dip. deriv.
      ...terminated. cpu:       0.10       wall:       0.01
 
 
 
 
 CONSTRUCTING RHS(a,i)xi*U(a,i)chi          -> Hessian
      ...terminated. cpu:       0.16       wall:       0.01
 
 
 
 

            -----------------------
            permanent dipole moment
            -----------------------

                                   x                y                z
    electronic part       :  -18.3465991329    12.8443926039    31.0442199631
     nuclear   part       :   18.4929099229   -12.3235197458   -30.3677469489
     total                :    0.1463107900     0.5208728581     0.6764730142

 with reference to the point :   0.0000000        0.0000000        0.0000000
 (given in atomic units)
    | dipole |       :    2.2017195114  debye

   ***  dipole moment & cartesian dipole gradients written onto
        $dipole, $dipgrad,  file=<dipgrad>  ***

             -----------------------------------
             rotational and vibrational analysis
             -----------------------------------


            ==============================================================
            ATOMIC WEIGHTS (average over the natural occurance of isotops)
            ==============================================================
            ('*' denotes special isotop !)
              1     c                12.01115
              2     c                12.01115
              3     o                15.99940
              4     c                12.01115
              5     o                15.99940
              6     c                12.01115
              7     c                12.01115
              8     h                 1.00797
              9     h                 1.00797
             10     h                 1.00797
             11     h                 1.00797
             12     h                 1.00797
             13     h                 1.00797
             14     h                 1.00797
             15     h                 1.00797

          -------------------------------------------------
          CARTESIAN FORCE CONSTANT MATRIX (hartree/bohr**2)
         (translational & rotational space projected out)
          -------------------------------------------------

   ATOM              1 c                           2 c 
                  dx        dy        dz        dx        dy        dz
   1 c     dx  0.5167426
           dy -0.0349131 0.5528323
           dz  0.0358844 0.0244046 0.5470345
   2 c     dx -0.1149431-0.0468487 0.0446697 0.3938886
           dy -0.0395438-0.1201436 0.0342141 0.0135545 0.5871181
           dz  0.0381714 0.0357504-0.1191386-0.0030978 0.0535073 0.5888474
   3 o     dx -0.0452746 0.0140986-0.0084327-0.1420265 0.0120565-0.0412659
           dy -0.0072609 0.0069893-0.0029475 0.0264839-0.0802464-0.0005775
           dz  0.0150660-0.0091374 0.0084480-0.0276241-0.0074725-0.0903712
   4 c     dx -0.0008440 0.0022862 0.0004594-0.0272086 0.0385437 0.0198793
           dy -0.0060123 0.0051505-0.0022243 0.0392098-0.0255696 0.0051728
           dz -0.0028145 0.0026656-0.0021782 0.0192176 0.0022062 0.0155309
   5 o     dx  0.0003888-0.0021259 0.0004244-0.0043324 0.0017159-0.0020365
           dy  0.0003795-0.0012913 0.0004255-0.0128286 0.0005745-0.0007773
           dz  0.0025207-0.0007470 0.0016243-0.0124200 0.0067672-0.0067827
   6 c     dx -0.0000397-0.0002006 0.0001582 0.0047589 0.0006063-0.0000805
           dy  0.0012767-0.0006237 0.0004454-0.0012012-0.0004519-0.0048981
           dz -0.0007822 0.0003302-0.0003247 0.0000555-0.0054782 0.0006948
   7 c     dx -0.0000578 0.0001474-0.0001424 0.0004448-0.0008258 0.0000274
           dy  0.0001138-0.0001144 0.0000957-0.0007466 0.0002632 0.0000744
           dz  0.0002186-0.0000370 0.0000177-0.0001185 0.0002030-0.0004951
   8 h     dx -0.0537616-0.0034693-0.0444957 0.0021155 0.0016627 0.0262766
           dy -0.0046367-0.0508700-0.0237308 0.0038307 0.0006683 0.0200951
           dz -0.0418805-0.0225668-0.2997077-0.0031022-0.0006615-0.0187414
   9 h     dx -0.0473734 0.0055823 0.0001988-0.0009734-0.0256775-0.0059391
           dy  0.0028355-0.2948621-0.0665714 0.0008441-0.0185125-0.0034254
           dz  0.0008070-0.0691819-0.0672326-0.0013819 0.0200056 0.0045936
  10 h     dx -0.2593510 0.0870559-0.0473145-0.0184807 0.0110476-0.0074104
           dy  0.0887933-0.0836046 0.0211965-0.0134285 0.0060874-0.0053617
           dz -0.0485784 0.0211506-0.0577433 0.0135574-0.0083611 0.0034057
  11 h     dx  0.0039987 0.0019439 0.0246654-0.0508908-0.0031763-0.0228991
           dy  0.0009852 0.0022854 0.0189133-0.0061583-0.0553234-0.0352152
           dz -0.0001075-0.0019065-0.0154569-0.0301007-0.0272173-0.3066732
  12 h     dx  0.0006460-0.0237041-0.0059487-0.0432331-0.0108405-0.0024871
           dy -0.0021789-0.0156589-0.0041965-0.0018427-0.2952142-0.0641976
           dz  0.0014661 0.0192691 0.0046314 0.0011295-0.0684906-0.0716588
  13 h     dx -0.0001519 0.0001600-0.0000866 0.0009510 0.0007952 0.0006864
           dy  0.0001573-0.0000766 0.0000469-0.0004420 0.0002134-0.0005424
           dz -0.0000716 0.0000572-0.0000422-0.0002592 0.0000796 0.0005275
  14 h     dx -0.0000471 0.0000298-0.0000176 0.0003616-0.0002009 0.0000192
           dy -0.0000058 0.0000095-0.0000121-0.0002412 0.0001545 0.0001222
           dz  0.0000216-0.0000293-0.0000176-0.0000348 0.0002412 0.0001356
  15 h     dx  0.0000679-0.0000425-0.0000221-0.0004318 0.0002823 0.0001561
           dy  0.0000102-0.0000218-0.0000592-0.0001852 0.0003822 0.0002729
           dz  0.0000792-0.0000219 0.0000860-0.0004905 0.0004570 0.0001256

   ATOM              3 o                           4 c 
                  dx        dy        dz        dx        dy        dz
   3 o     dx  0.3672721
           dy -0.1356247 0.3036540
           dz  0.0390809 0.1362411 0.2281498
   4 c     dx -0.1374729 0.0496148 0.0031723 0.6342842
           dy  0.0558339-0.1627113-0.0627807-0.0038803 0.4919173
           dz  0.0104839-0.0689304-0.1198183 0.2426113 0.2614863 0.5966876
   5 o     dx  0.0329717-0.0052756-0.0026027-0.2660001-0.1230324-0.2248012
           dy -0.0027959-0.0450242-0.0689142-0.1279188-0.2134105-0.2013115
           dz -0.0018749-0.0689490-0.0371171-0.2294840-0.2002772-0.3971996
   6 c     dx -0.0246165 0.0230298 0.0012952-0.1803071 0.0387190-0.0203156
           dy  0.0381653-0.0126591 0.0008354 0.0460605-0.1014909 0.0086327
           dz  0.0151101-0.0073216 0.0110882-0.0135163 0.0047478-0.0861380
   7 c     dx -0.0027489 0.0001744-0.0020660-0.0158927-0.0144268-0.0248215
           dy  0.0034459-0.0028546-0.0014577-0.0073603 0.0114557 0.0038692
           dz  0.0009109-0.0035744-0.0014896-0.0178869-0.0003575-0.0080190
   8 h     dx  0.0032441-0.0000084-0.0009395-0.0000953 0.0010779 0.0008040
           dy  0.0009863 0.0003840-0.0012136-0.0001367-0.0003131-0.0006160
           dz -0.0003439-0.0007636 0.0021588-0.0003264-0.0003469-0.0005256
   9 h     dx  0.0022001 0.0014280-0.0008284-0.0011991-0.0009083-0.0006635
           dy -0.0002483 0.0023888 0.0000909-0.0007430-0.0011585-0.0012567
           dz -0.0008276-0.0017172 0.0000393 0.0004605 0.0007067 0.0014274
  10 h     dx -0.0051326-0.0012021 0.0042295 0.0004846-0.0028633-0.0019034
           dy -0.0052817 0.0004778 0.0023869-0.0009199-0.0017932-0.0010595
           dz  0.0046363 0.0012171-0.0011772-0.0000304 0.0009467 0.0007504
  11 h     dx -0.0220295 0.0052175-0.0347461 0.0015924-0.0054978-0.0058250
           dy  0.0064040-0.0008514 0.0123013 0.0014182 0.0029491 0.0035365
           dz -0.0108161 0.0034581-0.0048166 0.0004988-0.0044059-0.0024034
  12 h     dx -0.0174556 0.0409233 0.0090193-0.0038463-0.0007456-0.0063514
           dy  0.0095285-0.0106501-0.0032260-0.0001281 0.0015479 0.0028772
           dz -0.0044518 0.0118742 0.0038305-0.0018903-0.0018537-0.0032455
  13 h     dx -0.0067184 0.0022564-0.0023599-0.0074046 0.0235590 0.0165308
           dy  0.0023929 0.0002333 0.0003453 0.0005757-0.0056381-0.0071560
           dz -0.0023819 0.0004303 0.0002419-0.0051888 0.0062184 0.0052436
  14 h     dx -0.0005767-0.0001671 0.0002383 0.0040630 0.0021684-0.0043617
           dy -0.0000153 0.0000742 0.0011686 0.0037951 0.0036608-0.0084129
           dz  0.0003938 0.0010352 0.0000112-0.0026929-0.0093896 0.0043603
  15 h     dx -0.0016359 0.0004107-0.0009349-0.0001533-0.0032013 0.0022101
           dy  0.0010540 0.0007959 0.0008326-0.0012071-0.0045961 0.0034692
           dz -0.0002212 0.0005254 0.0008223 0.0039346 0.0023572-0.0044725

   ATOM              5 o                           6 c 
                  dx        dy        dz        dx        dy        dz
   5 o     dx  0.2663879
           dy  0.1446677 0.2415028
           dz  0.2723703 0.2785338 0.4497008
   6 c     dx -0.0273157-0.0040346-0.0333473 0.5418892
           dy -0.0216722 0.0146990-0.0208412-0.0593919 0.4936922
           dz -0.0500203-0.0104735-0.0152733 0.1916030 0.3190022 0.5336152
   7 c     dx -0.0058166 0.0020208-0.0023860-0.2199756-0.0839477-0.1792924
           dy  0.0063933 0.0022382 0.0044116-0.0791723-0.1787333-0.1682852
           dz  0.0017726 0.0018955 0.0042348-0.1749614-0.1711610-0.3151458
   8 h     dx -0.0003606-0.0001990-0.0005171 0.0000039-0.0000635 0.0000386
           dy  0.0005220 0.0003476-0.0000380-0.0000274-0.0000601 0.0001265
           dz  0.0004297 0.0001691 0.0003285 0.0000526 0.0000140 0.0000305
   9 h     dx  0.0005832 0.0007132 0.0003930-0.0000427 0.0000058 0.0002345
           dy  0.0013471 0.0007660-0.0000078-0.0001028 0.0000532 0.0002502
           dz -0.0005229-0.0004490-0.0008167 0.0000109-0.0000127-0.0002155
  10 h     dx  0.0004493 0.0005731 0.0009833-0.0000507 0.0002455-0.0002099
           dy  0.0007390 0.0006375 0.0003266-0.0000392 0.0002705 0.0000680
           dz -0.0000328-0.0000637-0.0005325-0.0000245-0.0002536 0.0000996
  11 h     dx  0.0010243 0.0015303 0.0027712-0.0004490-0.0001848 0.0002402
           dy -0.0006262-0.0019954-0.0014031 0.0001268 0.0001502-0.0005820
           dz  0.0030341-0.0008973 0.0015904 0.0000162 0.0003680-0.0001497
  12 h     dx  0.0017146 0.0003196 0.0012831-0.0006091 0.0008182 0.0011908
           dy  0.0000095 0.0000689-0.0000843 0.0001988-0.0003552-0.0003088
           dz  0.0024716-0.0005077 0.0014054-0.0002260 0.0000142 0.0004963
  13 h     dx  0.0018189-0.0023384-0.0003984-0.0936008 0.0853553 0.0487844
           dy -0.0010029 0.0009920 0.0016194 0.0876213-0.2172432-0.1167935
           dz  0.0008865 0.0008210-0.0000513 0.0508697-0.1179751-0.1208663
  14 h     dx -0.0018463-0.0010031-0.0001876-0.0111519 0.0080157-0.0036389
           dy -0.0017772-0.0009262 0.0010277-0.0142879 0.0098791-0.0065413
           dz -0.0010017 0.0014445-0.0022991-0.0247495 0.0066649-0.0003533
  15 h     dx  0.0003330 0.0009141 0.0002936 0.0115069-0.0134815-0.0097969
           dy  0.0001179 0.0008211-0.0003385 0.0069546-0.0071268-0.0087409
           dz -0.0003711 0.0001048 0.0011881 0.0096992-0.0208352-0.0075580

   ATOM              7 c                           8 h 
                  dx        dy        dz        dx        dy        dz
   7 c     dx  0.6195298
           dy -0.0860983 0.4739885
           dz  0.2139009 0.2866915 0.5150830
   8 h     dx -0.0000173 0.0000248-0.0000269 0.0558216
           dy  0.0000108 0.0000250 0.0000326 0.0065090 0.0507238
           dz  0.0000476-0.0000787 0.0000248 0.0450730 0.0225949 0.3275045
   9 h     dx  0.0000497-0.0000499-0.0000343-0.0007953-0.0059971-0.0013299
           dy  0.0000399-0.0000206-0.0000148 0.0001249-0.0006333-0.0005971
           dz -0.0000449 0.0000248-0.0000387 0.0013897-0.0308555-0.0070021
  10 h     dx -0.0000725 0.0000769 0.0000700-0.0037856 0.0012366-0.0011491
           dy -0.0000197 0.0000176-0.0000038-0.0034675 0.0002275-0.0004277
           dz  0.0000520-0.0000543-0.0000012-0.0290515 0.0123439-0.0050387
  11 h     dx -0.0000714 0.0000737-0.0000655-0.0031365-0.0031560 0.0024484
           dy -0.0000911-0.0000069 0.0000089-0.0027603-0.0012562 0.0023330
           dz -0.0000458-0.0000103 0.0000149 0.0024021 0.0013526 0.0000908
  12 h     dx -0.0000187 0.0001299 0.0000829 0.0007985 0.0008575 0.0000205
           dy  0.0000563-0.0000779-0.0000355 0.0006257 0.0007083 0.0002855
           dz  0.0000116 0.0000836 0.0000441-0.0009458-0.0000757 0.0008896
  13 h     dx  0.0104952-0.0147332-0.0111528 0.0000086-0.0000130 0.0000259
           dy  0.0058700-0.0060204-0.0076896-0.0000167 0.0000107 0.0000055
           dz  0.0083391-0.0198642-0.0080723 0.0000014-0.0000080-0.0000009
  14 h     dx -0.2904653 0.0884320-0.0645819 0.0000111 0.0000089 0.0000101
           dy  0.0918208-0.0808644 0.0139886-0.0000164 0.0000096 0.0000158
           dz -0.0614483 0.0119729-0.0634098-0.0000120-0.0000081 0.0000112
  15 h     dx -0.0953825 0.0894702 0.0518726-0.0000511 0.0000051 0.0000243
           dy  0.0852689-0.2192958-0.1199464-0.0000239 0.0000281 0.0000244
           dz  0.0478689-0.1174731-0.1227476 0.0000032 0.0000001-0.0000222

   ATOM              9 h                          10 h 
                  dx        dy        dz        dx        dy        dz
   9 h     dx  0.0488780
           dy -0.0021258 0.3212835
           dz -0.0028439 0.0721563 0.0685549
  10 h     dx  0.0007708 0.0001762 0.0004404 0.2839277
           dy  0.0285595-0.0100417 0.0074179-0.0961907 0.0867252
           dz  0.0084315-0.0026519 0.0010770 0.0522070-0.0236685 0.0584189
  11 h     dx  0.0007090 0.0002679-0.0007718 0.0006610 0.0005902-0.0007778
           dy  0.0010273 0.0005766-0.0000073 0.0002967 0.0006028-0.0005545
           dz -0.0005658-0.0000498 0.0008812 0.0005609-0.0001314 0.0001295
  12 h     dx -0.0028163-0.0023903 0.0032852 0.0006468 0.0007245-0.0004627
           dy -0.0025488 0.0001476 0.0019438-0.0005154 0.0003634-0.0000522
           dz  0.0029219 0.0020663-0.0012776-0.0005049-0.0007423 0.0006288
  13 h     dx -0.0000068-0.0000437 0.0000169-0.0000752-0.0000676 0.0000610
           dy -0.0000055 0.0000097-0.0000169 0.0000530 0.0000351-0.0000278
           dz  0.0000127-0.0000117 0.0000099-0.0000367-0.0000262 0.0000148
  14 h     dx  0.0000194 0.0000091-0.0000172-0.0000335-0.0000043 0.0000094
           dy  0.0000141 0.0000182-0.0000134 0.0000010 0.0000028 0.0000061
           dz  0.0000070 0.0000033 0.0000070 0.0000007 0.0000050 0.0000038
  15 h     dx -0.0000032 0.0000092-0.0000005 0.0000417 0.0000126 0.0000034
           dy -0.0000172-0.0000148-0.0000010 0.0000090-0.0000080 0.0000233
           dz  0.0000054 0.0000194-0.0000070 0.0000371 0.0000204-0.0000356

   ATOM             11 h                          12 h 
                  dx        dy        dz        dx        dy        dz
  11 h     dx  0.0670196
           dy  0.0031218 0.0543579
           dz  0.0347930 0.0307685 0.3314441
  12 h     dx  0.0015675-0.0037146 0.0003763 0.0631166
           dy -0.0009787-0.0013804-0.0014418-0.0024424 0.3205346
           dz -0.0000618-0.0300298-0.0047447 0.0001945 0.0683738 0.0690342
  13 h     dx -0.0001098 0.0000560-0.0000621-0.0004791 0.0001816-0.0000951
           dy  0.0000672-0.0000209 0.0000424 0.0000891-0.0000021 0.0000446
           dz  0.0000414 0.0000004 0.0000050-0.0000811 0.0000474-0.0000037
  14 h     dx -0.0000552-0.0000430-0.0000451-0.0000112 0.0000169 0.0000287
           dy  0.0000511-0.0000314 0.0000241-0.0000053-0.0000012 0.0000048
           dz  0.0000865-0.0000465 0.0000323-0.0000894 0.0000344-0.0000369
  15 h     dx  0.0001698-0.0000426 0.0000618-0.0000206 0.0000177-0.0000480
           dy  0.0001299-0.0000558 0.0000469-0.0000191-0.0000308-0.0000308
           dz  0.0001011-0.0000234 0.0000564-0.0000322-0.0000194 0.0000069

   ATOM             13 h                          14 h 
                  dx        dy        dz        dx        dy        dz
  13 h     dx  0.0951671
           dy -0.0943685 0.2250366
           dz -0.0489702 0.1320420 0.1226961
  14 h     dx -0.0002488-0.0023583 0.0022586 0.3051879
           dy -0.0020405-0.0024584 0.0039237-0.0965165 0.0726629
           dz  0.0025496 0.0037272-0.0028515 0.0741597-0.0107864 0.0575257
  15 h     dx  0.0003547 0.0013673-0.0054199-0.0052070 0.0192241 0.0128098
           dy  0.0012412 0.0049289-0.0057347 0.0016122-0.0021899-0.0048687
           dz -0.0055299-0.0056470 0.0031494-0.0038740 0.0054846 0.0068812

   ATOM             15 h 
                  dx        dy        dz
  15 h     dx  0.0904115
           dy -0.0949454 0.2263835
           dz -0.0512097 0.1350510 0.1225271
 

   *** projected hessian written onto $hessian (projected), file=<hessian> ***

 dipole moment in principle axis system (a.u.) :     0.0188955412     0.0277097416     0.8655670102
 norm :  0.8662165552    

 rotational constants b for rotations around axis of inertia
 and optical intensities for (1 <-- 0) transition

   b   :     0.1735463344     0.0473943315     0.0566345238   (cm**(-1))

   b   :  5202.7882176155  1420.8463148798  1697.8603095061     (MHz)

   b   :     0.0003570415     0.0007678298     0.7492062492     (a.u.)

   x   :     0.9642144892     0.2246497976     0.1407937758
   y   :    -0.2641434869     0.7683820252     0.5829384888
   z   :     0.0227736069    -0.5992674960     0.8002248628

   ***  normal modes written onto $vibrational normal modes, file=<vib_normal_modes>  ***

  Keyword $vibrational reduced masses missing in file <control>


   ***  vibrational spectroscopic data written onto$vibrational spectrum   
        file=<vibspectrum>  ***

          ---------------------------------------------------
          NORMAL MODES and VIBRATIONAL FREQUENCIES (cm**(-1))
          ---------------------------------------------------

 imaginary wave numbers indicate a negative curvature of the energy surface.
 zero frequency modes have no physical meaning except being generators of
 translations and rotations. each vibrational normal mode - given in terms of
 cartesian displacement vectors of all atoms - has been normalized to unity.
 to obtain mass-weigthed normal coordinates in a.u. divide the tabulated
 modes by sqrt(reduced mass * 1822.88853).
 band intensities or cross sections refer to independent non-degenerate normal
 modes, that is, the intensities of degenerate modes have yet to be added.
 dDIP/dQ is the normal mode derivative of the dipole moment.


       mode               1        2        3        4        5        6

     frequency           0.00     0.00     0.00     0.00     0.00     0.00

     symmetry                                                             

        IR                -        -        -        -        -        - 
|dDIP/dQ|   (a.u.)     0.0000   0.0000   0.0000   0.0000   0.0000   0.0000
intensity (km/mol)       0.00     0.00     0.00     0.00     0.00     0.00
intensity (  %   )       0.00     0.00     0.00     0.00     0.00     0.00
 
       RAMAN              -        -        -        -        -        - 
 
  1   c           x  -0.06662 -0.00208  0.16722  0.14343  0.05838  0.10629
                  y  -0.07441  0.32391 -0.00270 -0.10472  0.00172  0.23063
                  z  -0.08819  0.16418  0.10030  0.13877  0.19452 -0.20656
  2   c           x   0.01304  0.01334  0.16768  0.06506  0.06129  0.19789
                  y   0.01614  0.20973 -0.11510  0.01616  0.02136  0.16568
                  z   0.10974  0.07169 -0.01069  0.15256  0.21797 -0.14688
  3   o           x  -0.02251  0.00158  0.16613  0.10616  0.05478  0.15016
                  y  -0.02987  0.16867 -0.09040  0.08217 -0.08427  0.06047
                  z   0.18948  0.06507  0.02688  0.07673  0.10853 -0.09526
  4   c           x   0.04213 -0.07270  0.14252  0.15164 -0.03574  0.10248
                  y   0.05156  0.08976 -0.18370  0.16031 -0.04366  0.03522
                  z   0.11173  0.13197  0.15256 -0.00987 -0.01928 -0.09119
  5   o           x   0.12784 -0.12887  0.12292  0.15875 -0.11047  0.09875
                  y   0.16038  0.05105 -0.28655  0.17886  0.07506  0.09459
                  z  -0.01715  0.19518  0.23284 -0.02677 -0.04612 -0.12736
  6   c           x  -0.00185 -0.07933  0.14279  0.19255 -0.03533  0.05456
                  y  -0.00504  0.05400 -0.14850  0.22254 -0.15935 -0.07361
                  z   0.20025  0.12066  0.18361 -0.08350 -0.12536 -0.03746
  7   c           x  -0.09600 -0.01984  0.16371  0.18752  0.04438  0.05554
                  y  -0.12454  0.09428 -0.03629  0.20503 -0.29187 -0.14190
                  z   0.34079  0.05329  0.10026 -0.06922 -0.10215  0.00339
  8   h           x  -0.17316  0.03512  0.18256  0.17560  0.11636  0.06506
                  y  -0.20525  0.39939  0.13042 -0.16426 -0.11307  0.19963
                  z  -0.06101  0.15234  0.08737  0.13838  0.19439 -0.19759
  9   h           x  -0.04264 -0.06413  0.14893  0.20365 -0.01211  0.04013
                  y  -0.04092  0.30190 -0.03765 -0.08603  0.02851  0.23482
                  z  -0.21529  0.24650  0.23313  0.06904  0.09053 -0.22425
 10   h           x  -0.04329  0.01171  0.16991  0.10883  0.06916  0.14616
                  y  -0.04431  0.35694 -0.01683 -0.15585  0.07678  0.30806
                  z  -0.13762  0.16283  0.06237  0.20026  0.28351 -0.24346
 11   h           x   0.11952 -0.02513  0.15198  0.03454  0.00196  0.23727
                  y   0.14691  0.13273 -0.24866  0.07767  0.13459  0.19449
                  z   0.08246  0.08458  0.00500  0.15027  0.21417 -0.15498
 12   h           x  -0.00928  0.07508  0.18580  0.00400  0.13117  0.26508
                  y  -0.01532  0.23064 -0.08218 -0.00172 -0.00357  0.16208
                  z   0.23689 -0.01080 -0.14395  0.22269  0.32255 -0.12932
 13   h           x   0.05084 -0.13902  0.12379  0.22853 -0.10819  0.01691
                  y   0.06130 -0.00995 -0.22439  0.28576 -0.12595 -0.09372
                  z   0.13825  0.17408  0.28404 -0.15276 -0.22757 -0.03415
 14   h           x  -0.12289 -0.02942  0.16234  0.21947  0.03872  0.01847
                  y  -0.15924  0.06406 -0.01742  0.25385 -0.37080 -0.22020
                  z   0.39779  0.04985  0.13058 -0.12685 -0.18538  0.04145
 15   h           x  -0.14859  0.03975  0.18267  0.15158  0.11712  0.09314
                  y  -0.19074  0.15821  0.03949  0.14180 -0.32510 -0.12169
                  z   0.40253  0.00000  0.00000  0.00000  0.00000  0.00000

reduced mass(g/mol)     4.712    5.084    6.809    5.568    4.237    4.794


       mode               7        8        9       10       11       12

     frequency          58.96    91.30   134.97   195.12   243.79   339.11

     symmetry            a        a        a        a        a        a   

        IR               YES      YES      YES      YES      YES      YES
|dDIP/dQ|   (a.u.)     0.0009   0.0003   0.0012   0.0012   0.0007   0.0026
intensity (km/mol)       1.30     0.20     2.46     2.46     0.90    11.64
intensity (  %   )       0.41     0.06     0.77     0.77     0.28     3.66
 
       RAMAN             YES      YES      YES      YES      YES      YES
 
  1   c           x   0.06018 -0.16949  0.08355  0.02101 -0.06879 -0.12541
                  y   0.06485  0.21514 -0.07908  0.02429  0.00317  0.02023
                  z   0.22155  0.05277  0.05621  0.01415  0.01506  0.03547
  2   c           x  -0.05041 -0.00329 -0.01462  0.04123 -0.09420 -0.07857
                  y  -0.06977 -0.06766  0.00182  0.03983 -0.03489  0.12685
                  z  -0.06224 -0.00020 -0.00003  0.05710 -0.06570  0.17349
  3   o           x  -0.01325 -0.09556  0.01264  0.01924 -0.05273 -0.01701
                  y   0.01473 -0.22272  0.04987 -0.05642  0.06026  0.03643
                  z  -0.10479  0.16045 -0.05405 -0.02791 -0.03116 -0.14061
  4   c           x   0.02865  0.02335 -0.01487  0.00088  0.01217  0.01766
                  y   0.01956 -0.06965  0.00913 -0.05363  0.05310 -0.00581
                  z  -0.08391  0.00970 -0.01200 -0.04164  0.03200 -0.06819
  5   o           x   0.07403  0.14041  0.03715  0.00513  0.05806  0.12184
                  y   0.00181  0.05234  0.09266 -0.05934  0.00755 -0.14971
                  z  -0.10244 -0.14806 -0.10144 -0.03916  0.02970 -0.04440
  6   c           x   0.01492  0.02570 -0.12224  0.00631  0.00957  0.01526
                  y   0.04189 -0.03922 -0.15681  0.00875  0.01200  0.01527
                  z  -0.01946  0.03506  0.17605 -0.00080  0.02982  0.03014
  7   c           x  -0.11842  0.08247 -0.00140 -0.09920  0.14077  0.07291
                  y  -0.06758  0.11449  0.06793  0.08907 -0.09317 -0.03411
                  z   0.14331 -0.09938 -0.04770  0.02806 -0.00176  0.02009
  8   h           x   0.17242 -0.24521  0.15659  0.29860  0.26645 -0.40787
                  y   0.30954  0.37619 -0.08683 -0.39523 -0.31771  0.10322
                  z   0.18429  0.05172  0.04514  0.00370 -0.01240  0.07295
  9   h           x   0.07282 -0.29435  0.13816 -0.30825 -0.41754  0.05906
                  y   0.00135  0.16311 -0.07436  0.11929  0.07236  0.00725
                  z   0.45861  0.24075  0.03792 -0.35516 -0.25734  0.09047
 10   h           x   0.01896 -0.09592  0.03857  0.07315 -0.02761 -0.12011
                  y  -0.02788  0.31253 -0.14766  0.35990  0.32364 -0.11417
                  z   0.23719 -0.09911  0.13402  0.39515  0.41549 -0.24123
 11   h           x  -0.16297  0.05339 -0.06319 -0.00357 -0.09558 -0.21623
                  y  -0.29961 -0.21822  0.00995  0.17638 -0.12560  0.45867
                  z  -0.02286  0.00937  0.00595  0.04685 -0.05541  0.15239
 12   h           x  -0.04678  0.13059 -0.05674  0.11166 -0.12910  0.00603
                  y  -0.01558 -0.02429 -0.00334  0.01120 -0.01606  0.05494
                  z  -0.28149 -0.16588  0.01743  0.17884 -0.14661  0.47289
 13   h           x   0.10728  0.01555 -0.27784  0.09142 -0.08556 -0.03020
                  y   0.13069 -0.09234 -0.42161  0.02473 -0.01394 -0.04421
                  z  -0.08683  0.10765  0.46285  0.03682 -0.00110  0.08433
 14   h           x  -0.13339  0.10988 -0.06601 -0.08763  0.12039  0.03182
                  y  -0.06335  0.17503 -0.02757  0.18021 -0.22365 -0.15448
                  z   0.20625 -0.12387  0.07314  0.10411 -0.09468  0.02141
 15   h           x  -0.21760  0.10600  0.16925 -0.20741  0.28976  0.18296
                  y  -0.16598  0.18786  0.36006  0.07036 -0.06307  0.02787
                  z   0.21977 -0.19281 -0.36428 -0.02331  0.06294  0.00737

reduced mass(g/mol)     2.716    4.272    2.435    1.491    1.766    2.830


       mode              13       14       15       16       17       18

     frequency         420.77   515.96   531.69   624.69   788.90   837.14

     symmetry            a        a        a        a        a        a   

        IR               YES      YES      YES      YES      YES      YES
|dDIP/dQ|   (a.u.)     0.0017   0.0004   0.0016   0.0010   0.0018   0.0035
intensity (km/mol)       5.21     0.29     4.47     1.61     5.85    21.43
intensity (  %   )       1.64     0.09     1.41     0.51     1.84     6.74
 
       RAMAN             YES      YES      YES      YES      YES      YES
 
  1   c           x   0.17395 -0.04029 -0.00981 -0.02746  0.02205 -0.00089
                  y   0.00954 -0.00796 -0.00366  0.00940 -0.01880  0.00374
                  z  -0.01741  0.01134  0.00377  0.00732 -0.02835 -0.01102
  2   c           x  -0.02637 -0.00831  0.05735 -0.15035  0.02474 -0.00658
                  y   0.15958 -0.01560 -0.07415  0.11502 -0.07970 -0.00381
                  z  -0.07057  0.01473  0.01094 -0.06998 -0.04418 -0.00411
  3   o           x  -0.15812  0.05725  0.04571 -0.08268 -0.03013 -0.03287
                  y  -0.08409  0.08120 -0.09949 -0.04961 -0.04206 -0.06649
                  z   0.04530 -0.06364 -0.13178 -0.03987 -0.05571  0.05731
  4   c           x  -0.10730 -0.03640 -0.06751  0.08782  0.01857  0.17855
                  y  -0.05335 -0.09343 -0.10148 -0.04299  0.02056  0.28440
                  z   0.06116  0.11141 -0.10041  0.01327  0.05109 -0.29730
  5   o           x   0.05885  0.04175 -0.28175 -0.08315  0.02543 -0.04252
                  y  -0.05695  0.04924  0.08852  0.10004  0.04651 -0.06875
                  z  -0.05494 -0.02985 -0.10378  0.04999  0.05266  0.08364
  6   c           x  -0.06855 -0.02751  0.04989  0.25350 -0.03395 -0.09632
                  y   0.06436 -0.10768  0.11862 -0.16864  0.02325 -0.14219
                  z   0.04942  0.05910  0.18007 -0.02774 -0.01022  0.15409
  7   c           x   0.06160 -0.00806  0.20855  0.05741 -0.02385 -0.00107
                  y  -0.01057  0.01616  0.06101 -0.00439 -0.00573  0.00473
                  z   0.00341 -0.03570  0.17098  0.03187 -0.01860 -0.00650
  8   h           x   0.37840 -0.09848 -0.09373  0.16753  0.21193  0.07123
                  y   0.01294 -0.00749  0.04135  0.04163  0.34702  0.04966
                  z  -0.05002  0.02043  0.01355 -0.02615 -0.08322 -0.02524
  9   h           x   0.45658 -0.10211 -0.10749  0.17751 -0.25245  0.01384
                  y   0.01766 -0.00979 -0.01752  0.00759 -0.11450 -0.00799
                  z  -0.04424  0.01570  0.05609  0.02144  0.34980  0.04014
 10   h           x   0.01211 -0.00526  0.04994 -0.15990  0.08363 -0.01768
                  y  -0.28691  0.05162  0.09027 -0.21819  0.17722 -0.00784
                  z   0.18625 -0.04328 -0.09666  0.19238  0.05255  0.04694
 11   h           x  -0.00489 -0.04078 -0.03375 -0.17659  0.06179  0.04193
                  y   0.23471 -0.00870  0.02687  0.28074  0.48233  0.04381
                  z  -0.08378  0.01836  0.01370 -0.08108 -0.10460 -0.01303
 12   h           x   0.05529 -0.04226  0.12269 -0.02352 -0.00662  0.00141
                  y   0.14005 -0.01775 -0.09408  0.07170 -0.21133 -0.01427
                  z   0.01787  0.01749  0.09490  0.11268  0.50356  0.04436
 13   h           x  -0.00407  0.17110  0.25367  0.26909 -0.08671  0.07364
                  y   0.21840  0.22299  0.18864 -0.18595  0.01287  0.13297
                  z  -0.13827 -0.29476  0.20887  0.00418 -0.02827 -0.13712
 14   h           x   0.16127  0.26034  0.24844  0.06928 -0.03744  0.27706
                  y   0.03645  0.49554 -0.07904  0.30010 -0.05037  0.44266
                  z  -0.31182 -0.43085 -0.14252  0.38907 -0.03085 -0.49156
 15   h           x   0.12370 -0.27733  0.46507 -0.32388  0.01035 -0.14297
                  y  -0.15519 -0.31212  0.01367 -0.00663  0.00590 -0.24242
                  z   0.26721  0.26381  0.42931 -0.23383 -0.01166  0.26254

reduced mass(g/mol)     2.712    1.757    4.671    3.104    1.362    4.145


       mode              19       20       21       22       23       24

     frequency         861.83   908.77  1003.22  1013.47  1034.45  1077.22

     symmetry            a        a        a        a        a        a   

        IR               YES      YES      YES      YES      YES      YES
|dDIP/dQ|   (a.u.)     0.0018   0.0014   0.0044   0.0013   0.0032   0.0094
intensity (km/mol)       5.64     3.36    33.71     3.00    18.54   158.51
intensity (  %   )       1.78     1.06    10.60     0.94     5.83    49.85
 
       RAMAN             YES      YES      YES      YES      YES      YES
 
  1   c           x  -0.10290 -0.15635  0.00312 -0.11833  0.00185 -0.04537
                  y  -0.04709 -0.00980  0.00233 -0.05532  0.00084 -0.06994
                  z  -0.02112  0.05566 -0.00191  0.05566 -0.00141  0.05607
  2   c           x  -0.05570 -0.00550 -0.00575  0.19855 -0.00250  0.20631
                  y   0.05045  0.07900 -0.00115  0.02343 -0.00042  0.04219
                  z  -0.08232 -0.08268  0.00138 -0.03900  0.00168 -0.01949
  3   o           x   0.13526  0.12420  0.00182 -0.04567 -0.00102 -0.18806
                  y   0.10671 -0.11766  0.00040  0.00381 -0.00025  0.10040
                  z   0.16609 -0.06204  0.00045 -0.03800  0.00087 -0.00043
  4   c           x  -0.03876  0.10178 -0.00058 -0.08096  0.00132  0.04130
                  y  -0.05736 -0.02640 -0.00584  0.06253 -0.00204 -0.04399
                  z  -0.06650  0.04398  0.00440  0.00506  0.00051 -0.02433
  5   o           x  -0.02953  0.02242  0.00023  0.00101  0.00093 -0.00045
                  y  -0.08979  0.07161  0.00091 -0.01743  0.00202  0.00662
                  z  -0.10179  0.07605 -0.00013 -0.01416 -0.00140  0.00993
  6   c           x   0.02153 -0.07969  0.02158 -0.01737  0.03634  0.08778
                  y  -0.00532  0.04836  0.03302  0.03310  0.05629 -0.08590
                  z   0.00045 -0.00574 -0.03621  0.01464 -0.06095 -0.02764
  7   c           x   0.01067 -0.08543 -0.06847  0.09245 -0.00847 -0.09118
                  y   0.01629  0.02117 -0.10484 -0.04715 -0.00960  0.04385
                  z   0.02189 -0.03037  0.11147  0.02060  0.01079 -0.01132
  8   h           x   0.35313  0.04436  0.00246 -0.00580  0.00183 -0.12574
                  y   0.28457 -0.17036  0.00198 -0.09276  0.00313 -0.07153
                  z  -0.11249  0.03734 -0.00208  0.04654 -0.00150  0.07429
  9   h           x  -0.13975  0.22612  0.00355 -0.01978  0.00077 -0.16043
                  y  -0.14345  0.01758  0.00307 -0.07421  0.00069 -0.09110
                  z   0.35873 -0.05926 -0.00418  0.11102 -0.00054  0.12045
 10   h           x  -0.21680 -0.36931  0.00429 -0.19990  0.00241 -0.00466
                  y  -0.11862 -0.41348  0.00365 -0.19387  0.00251  0.01046
                  z   0.36582  0.29531 -0.00515  0.19328 -0.00081  0.01767
 11   h           x   0.31817  0.00480 -0.00783  0.29906 -0.00077  0.19332
                  y   0.24868  0.05743 -0.00169  0.03587 -0.00230  0.05359
                  z  -0.14457 -0.07773  0.00175 -0.05757  0.00164 -0.03165
 12   h           x  -0.24928  0.33706 -0.00646  0.26929 -0.00661  0.01064
                  y  -0.00832  0.08089 -0.00142  0.03720 -0.00032  0.07306
                  z   0.14447 -0.09883  0.00228 -0.08170  0.00154 -0.10198
 13   h           x   0.14120  0.00181  0.01677 -0.34527 -0.31349  0.50132
                  y  -0.00550  0.05339  0.01304 -0.00352 -0.51856 -0.05621
                  z   0.08114  0.05587 -0.00956 -0.16971  0.55267  0.22399
 14   h           x   0.00429 -0.11376  0.25704  0.14123  0.13997 -0.11872
                  y  -0.03598 -0.26734  0.41041  0.35757  0.22197 -0.32360
                  z  -0.01274 -0.30809 -0.45186  0.36078 -0.25048 -0.37838
 15   h           x   0.07878  0.22499  0.29475 -0.31597 -0.16276  0.32701
                  y   0.02264  0.03435  0.46157 -0.04789 -0.27224  0.06264
                  z   0.05797  0.16136 -0.47909 -0.25364  0.29422  0.24316

reduced mass(g/mol)     2.555    2.458    1.350    2.003    1.102    2.630


       mode              25       26       27       28       29       30

     frequency        1116.23  1195.74  1281.77  1316.50  1330.95  1402.97

     symmetry            a        a        a        a        a        a   

        IR               YES      YES      YES      YES      YES      YES
|dDIP/dQ|   (a.u.)     0.0048   0.0019   0.0134   0.0014   0.0036   0.0020
intensity (km/mol)      40.66     6.49   317.97     3.68    22.78     7.21
intensity (  %   )      12.79     2.04   100.00     1.16     7.16     2.27
 
       RAMAN             YES      YES      YES      YES      YES      YES
 
  1   c           x  -0.05252 -0.00478 -0.00142  0.00034 -0.00651  0.05738
                  y   0.13226 -0.09319 -0.02961  0.00698 -0.03998  0.07011
                  z  -0.12010 -0.09670 -0.01550  0.00693 -0.05370 -0.06563
  2   c           x   0.03227 -0.00600 -0.05914  0.00405  0.01893  0.06642
                  y  -0.15259  0.13620 -0.00676  0.00063 -0.00192  0.00904
                  z   0.15289  0.13098  0.01162 -0.00226  0.00639 -0.01525
  3   o           x  -0.04896 -0.00088  0.07953 -0.00360 -0.00780  0.02155
                  y   0.05572 -0.06332 -0.07541 -0.00044  0.04295 -0.03090
                  z  -0.03864 -0.06341 -0.04536 -0.00180  0.04375  0.00116
  4   c           x   0.00202  0.02365 -0.31071  0.01830  0.02224 -0.04328
                  y  -0.01124 -0.01498  0.27609 -0.00682 -0.02228  0.02695
                  z  -0.00385  0.00650  0.07824  0.00447 -0.01039  0.00098
  5   o           x   0.00127  0.00588  0.04516 -0.01007 -0.00603  0.01218
                  y   0.00477  0.02366 -0.03319 -0.00698 -0.00671  0.00330
                  z  -0.00000  0.02380 -0.00657 -0.01224 -0.00976  0.01094
  6   c           x   0.01343 -0.00818  0.12591  0.05264 -0.00484 -0.00059
                  y  -0.01485  0.01177 -0.13299 -0.07759 -0.00187 -0.01139
                  z  -0.00203  0.00523 -0.05126 -0.04264 -0.00458 -0.01194
  7   c           x  -0.00754 -0.00160 -0.04294 -0.02198  0.00240 -0.00099
                  y   0.00485 -0.00273  0.04587  0.08987  0.00735 -0.00141
                  z  -0.00170 -0.00344  0.01776  0.07202  0.00852 -0.00171
  8   h           x   0.50021  0.19554  0.05457 -0.01563  0.09666 -0.32117
                  y   0.06318  0.34628  0.11383 -0.02291  0.12071 -0.28012
                  z  -0.19520 -0.15251 -0.03824  0.01209 -0.08144  0.03549
  9   h           x   0.46724 -0.22895 -0.03047  0.01383 -0.09219 -0.28171
                  y   0.10811 -0.19659 -0.03506  0.01319 -0.09528 -0.04088
                  z  -0.03189  0.33309  0.02221 -0.01733  0.15224  0.30554
 10   h           x  -0.30893  0.05181  0.02639 -0.00315 -0.00141 -0.20047
                  y  -0.31222  0.19962  0.05135 -0.00878  0.04172 -0.33586
                  z   0.31771  0.17791  0.01713 -0.00727  0.07374  0.31057
 11   h           x   0.13474  0.18772  0.14388  0.06437 -0.71147 -0.39207
                  y  -0.15188 -0.41395 -0.12631  0.00538  0.00976 -0.04901
                  z   0.14211  0.16418  0.00726 -0.01023  0.09311  0.05278
 12   h           x   0.02895 -0.23736  0.56554 -0.11633  0.60593 -0.43038
                  y  -0.13231  0.25260 -0.01242 -0.00396  0.03170 -0.02282
                  z   0.06511 -0.34509 -0.00164  0.01741 -0.11654  0.07965
 13   h           x   0.06191 -0.05948  0.41749 -0.67544 -0.09400  0.07258
                  y  -0.00920  0.01132 -0.12367 -0.12620 -0.00868 -0.00787
                  z   0.02388 -0.02890  0.12920 -0.51641 -0.06097  0.03418
 14   h           x  -0.01346 -0.00505 -0.03717 -0.01941  0.00490  0.00686
                  y  -0.03666 -0.01072 -0.02852 -0.00696  0.01585  0.05848
                  z  -0.03263 -0.00598 -0.04957 -0.01752  0.01465  0.05935
 15   h           x   0.03325 -0.02053  0.31592  0.33302  0.02715  0.07029
                  y   0.00617 -0.00069  0.06633  0.11244  0.00846  0.00420
                  z   0.02391 -0.02112  0.25123  0.30308  0.02626  0.04503

reduced mass(g/mol)     2.027    1.750    3.733    1.286    1.136    1.255


       mode              31       32       33       34       35       36

     frequency        1418.57  1445.73  1485.94  1492.29  1505.82  1683.80

     symmetry            a        a        a        a        a        a   

        IR               YES      YES      YES      YES      YES      YES
|dDIP/dQ|   (a.u.)     0.0022   0.0037   0.0024   0.0018   0.0026   0.0035
intensity (km/mol)       8.23    23.95    10.09     5.92    12.12    22.19
intensity (  %   )       2.59     7.53     3.17     1.86     3.81     6.98
 
       RAMAN             YES      YES      YES      YES      YES      YES
 
  1   c           x   0.09833 -0.01339 -0.00049 -0.01011 -0.02444  0.00156
                  y   0.02725  0.00269  0.03818  0.00572  0.02483 -0.00142
                  z  -0.03621 -0.00182  0.02733 -0.01818 -0.02999  0.00131
  2   c           x  -0.09514  0.02571 -0.00924 -0.01103 -0.02997 -0.00843
                  y  -0.02272  0.00594  0.00784 -0.05478  0.03005  0.00302
                  z   0.02998 -0.01306  0.02399  0.04085 -0.02744 -0.00392
  3   o           x  -0.02237  0.01284  0.00245  0.01365 -0.00771 -0.00017
                  y   0.03122 -0.01167 -0.00456 -0.01284  0.00947  0.00239
                  z  -0.00502  0.00141 -0.00261 -0.00004  0.00067  0.00155
  4   c           x   0.03768 -0.03514 -0.00444 -0.02079  0.01713 -0.05609
                  y  -0.02337  0.03455 -0.00085  0.00652 -0.00690 -0.06126
                  z  -0.00246  0.01228 -0.00437 -0.00479  0.00387 -0.08976
  5   o           x  -0.01160 -0.00949  0.00250  0.00588 -0.00500  0.06791
                  y  -0.00321 -0.01255  0.00263  0.00430 -0.00275  0.05017
                  z  -0.00956 -0.01723  0.00464  0.00709 -0.00527  0.08636
  6   c           x   0.01050  0.10153  0.00179  0.00758 -0.00635 -0.24588
                  y   0.01167  0.01632 -0.00022 -0.00173  0.00206 -0.13650
                  z   0.01839  0.07474  0.00062  0.00215 -0.00170 -0.27359
  7   c           x   0.00016 -0.00421 -0.00006  0.00029 -0.00024  0.21144
                  y   0.00351  0.02384  0.00071  0.00235 -0.00172  0.15896
                  z   0.00333  0.02021  0.00055  0.00243 -0.00186  0.27507
  8   h           x  -0.38573  0.03899  0.49588 -0.06701  0.03920 -0.00754
                  y  -0.07453 -0.02404 -0.25793 -0.22616 -0.55020  0.00182
                  z   0.05345 -0.00728 -0.04044  0.01835  0.01913  0.00206
  9   h           x  -0.36466  0.04190 -0.42471  0.21819  0.28387  0.00864
                  y  -0.02095 -0.00345 -0.01095 -0.06081 -0.12885 -0.00006
                  z   0.12079  0.02143  0.13649  0.23824  0.54062 -0.00544
 10   h           x  -0.09173 -0.00504 -0.02833  0.06742  0.11685  0.00727
                  y  -0.25460  0.01420 -0.36675  0.20722  0.29621  0.01350
                  z   0.24493 -0.01004 -0.56564  0.05264 -0.09931 -0.00200
 11   h           x   0.48016 -0.14479  0.01799  0.00721  0.11337  0.03034
                  y   0.04010 -0.05920  0.07563  0.62403 -0.27213 -0.03636
                  z  -0.05104  0.01814  0.01253 -0.04505 -0.01277 -0.00793
 12   h           x   0.49672 -0.09871  0.01941 -0.10062  0.15293  0.02992
                  y   0.00827 -0.01934  0.05376  0.11922 -0.04809 -0.00744
                  z  -0.07367  0.07279 -0.13754 -0.60130  0.27474  0.03698
 13   h           x  -0.08606 -0.20072 -0.00464 -0.00408 -0.00025  0.31754
                  y   0.00703  0.00058 -0.00115 -0.00353  0.00262 -0.14240
                  z  -0.04303 -0.11713 -0.00317 -0.00465  0.00259  0.05149
 14   h           x  -0.01270 -0.06502 -0.00072 -0.00248  0.00162  0.20338
                  y  -0.10201 -0.50411 -0.00596 -0.02579  0.01883 -0.37752
                  z  -0.10421 -0.51628 -0.00587 -0.02511  0.01917 -0.23860
 15   h           x  -0.11082 -0.50753 -0.00498 -0.02285  0.01690 -0.50418
                  y  -0.00419 -0.01323 -0.00012  0.00095 -0.00081  0.15750
                  z  -0.07103 -0.31108 -0.00194 -0.01258  0.00952 -0.14885

reduced mass(g/mol)     1.307    1.249    1.042    1.079    1.067    4.689


       mode              37       38       39       40       41       42

     frequency        1767.10  3037.51  3066.96  3096.70  3107.00  3127.33

     symmetry            a        a        a        a        a        a   

        IR               YES      YES      YES      YES      YES      YES
|dDIP/dQ|   (a.u.)     0.0118   0.0031   0.0037   0.0034   0.0025   0.0035
intensity (km/mol)     248.87    16.59    24.82    20.02    11.24    22.26
intensity (  %   )      78.27     5.22     7.81     6.30     3.53     7.00
 
       RAMAN             YES      YES      YES      YES      YES      YES
 
  1   c           x   0.00510  0.04063 -0.01276 -0.05190  0.03124  0.00147
                  y  -0.00563  0.01351  0.01286  0.00785 -0.06383 -0.05106
                  z   0.00603 -0.02642 -0.00905 -0.06639 -0.00794 -0.04181
  2   c           x  -0.03157 -0.00054  0.00547  0.00053  0.00594 -0.00465
                  y  -0.00140  0.00072 -0.05226  0.03116  0.02816 -0.04501
                  z  -0.02210  0.00171  0.03838  0.01935  0.05087 -0.05135
  3   o           x   0.02309  0.00002  0.00228  0.00010  0.00002 -0.00007
                  y   0.02812 -0.00014 -0.00084 -0.00010 -0.00020  0.00045
                  z   0.03638 -0.00011  0.00003  0.00029 -0.00004  0.00019
  4   c           x  -0.37866 -0.00008 -0.00058  0.00049  0.00026 -0.00093
                  y  -0.29962  0.00040  0.00166 -0.00028  0.00050 -0.00055
                  z  -0.50104  0.00029  0.00118 -0.00018  0.00051 -0.00068
  5   o           x   0.21664 -0.00011 -0.00040 -0.00006 -0.00025  0.00059
                  y   0.19873 -0.00010 -0.00005  0.00007  0.00007  0.00010
                  z   0.31209 -0.00007 -0.00043  0.00001 -0.00036  0.00031
  6   c           x   0.15102  0.00004  0.00011 -0.00003  0.00005 -0.00002
                  y   0.05946 -0.00006 -0.00031 -0.00003 -0.00023  0.00026
                  z   0.14481 -0.00002 -0.00003 -0.00004 -0.00008  0.00019
  7   c           x  -0.06985  0.00004  0.00017 -0.00004  0.00012 -0.00009
                  y  -0.05172 -0.00001 -0.00014  0.00007  0.00003 -0.00014
                  z  -0.09022  0.00002 -0.00005  0.00006  0.00008 -0.00018
  8   h           x  -0.03080  0.10273  0.01443  0.10619  0.01211  0.06358
                  y   0.01167  0.05024  0.01402  0.06220 -0.00979  0.02210
                  z   0.00739  0.57515  0.09916  0.68765  0.01522  0.38207
  9   h           x   0.04434  0.01236 -0.00150 -0.01348 -0.00238 -0.00584
                  y   0.00046 -0.45261 -0.09970  0.06451  0.63025  0.56382
                  z  -0.03374 -0.12645 -0.03177  0.00241  0.17154  0.14427
 10   h           x   0.02954 -0.59280  0.13915  0.53133 -0.38625 -0.07728
                  y   0.05705  0.24743 -0.06059 -0.22211  0.14860  0.02294
                  z  -0.00715 -0.13993  0.03446  0.10811 -0.09084 -0.02551
 11   h           x   0.08834 -0.00015 -0.08419 -0.02036 -0.06744  0.05827
                  y  -0.12499  0.00037 -0.08276 -0.01311 -0.05543  0.04842
                  z  -0.04380 -0.01034 -0.64586 -0.15185 -0.53581  0.48979
 12   h           x   0.16292  0.00182 -0.00556  0.00246  0.00144  0.00142
                  y  -0.04365 -0.01565  0.69575 -0.35264 -0.29153  0.48449
                  z   0.13808 -0.00463  0.18643 -0.08824 -0.07156  0.11903
 13   h           x  -0.32827 -0.00002 -0.00005 -0.00014 -0.00069  0.00071
                  y   0.02085  0.00043  0.00125  0.00023  0.00157 -0.00174
                  z  -0.17185  0.00040  0.00115  0.00010  0.00119 -0.00130
 14   h           x  -0.06613 -0.00039 -0.00084  0.00006 -0.00147  0.00197
                  y   0.09774  0.00016  0.00023  0.00004  0.00054 -0.00065
                  z   0.05410 -0.00012 -0.00037  0.00003 -0.00044  0.00058
 15   h           x   0.15525  0.00004 -0.00085  0.00048  0.00026 -0.00084
                  y  -0.05816 -0.00015  0.00115 -0.00066 -0.00078  0.00187
                  z   0.03737 -0.00022  0.00064 -0.00053 -0.00051  0.00125

reduced mass(g/mol)     9.842    1.036    1.059    1.102    1.102    1.107


       mode              43       44       45

     frequency        3148.90  3185.30  3237.37

     symmetry            a        a        a   

        IR               YES      YES      YES
|dDIP/dQ|   (a.u.)     0.0017   0.0011   0.0014
intensity (km/mol)       5.08     2.27     3.49
intensity (  %   )       1.60     0.72     1.10
 
       RAMAN             YES      YES      YES
 
  1   c           x   0.00003 -0.00002  0.00002
                  y   0.00004 -0.00005 -0.00001
                  z   0.00006 -0.00002  0.00001
  2   c           x   0.00003 -0.00017  0.00013
                  y   0.00024 -0.00012 -0.00019
                  z   0.00024 -0.00036  0.00007
  3   o           x   0.00007 -0.00015 -0.00010
                  y   0.00019  0.00022 -0.00019
                  z   0.00021  0.00010 -0.00023
  4   c           x   0.00060 -0.00210  0.00059
                  y  -0.00046 -0.00060  0.00055
                  z  -0.00009 -0.00176  0.00086
  5   o           x  -0.00026  0.00059 -0.00011
                  y  -0.00002  0.00041 -0.00017
                  z  -0.00017  0.00072 -0.00023
  6   c           x   0.00795  0.02868 -0.00626
                  y  -0.00535 -0.06613  0.01195
                  z  -0.00038 -0.04567  0.00761
  7   c           x  -0.04270 -0.00403 -0.07096
                  y  -0.02279  0.01667  0.06439
                  z  -0.04672  0.01342  0.01920
  8   h           x  -0.00003 -0.00003  0.00003
                  y   0.00002  0.00001 -0.00005
                  z  -0.00048  0.00020 -0.00012
  9   h           x   0.00003 -0.00001  0.00004
                  y  -0.00069  0.00052  0.00010
                  z  -0.00020  0.00011  0.00004
 10   h           x  -0.00043  0.00068 -0.00053
                  y   0.00018 -0.00014  0.00015
                  z  -0.00008  0.00002 -0.00008
 11   h           x  -0.00014  0.00072 -0.00052
                  y  -0.00036  0.00027 -0.00012
                  z  -0.00193  0.00341 -0.00164
 12   h           x  -0.00006  0.00039 -0.00008
                  y  -0.00225  0.00119  0.00154
                  z  -0.00049  0.00046  0.00039
 13   h           x  -0.04976 -0.36343  0.06297
                  y   0.10115  0.75319 -0.13308
                  z   0.06637  0.49834 -0.08879
 14   h           x   0.69975  0.00959  0.58329
                  y  -0.24920 -0.00355 -0.19902
                  z   0.17611  0.00222  0.15502
 15   h           x  -0.24011  0.07871  0.26947
                  y   0.48597 -0.16293 -0.57745
                  z   0.31887 -0.10793 -0.38820

reduced mass(g/mol)     1.059    1.093    1.116
 

         **************************************************************
         *                                                            *
         *  zero point VIBRATIONAL energy  :      0.1233214  Hartree  *
         *    SCF-energy                   :   -345.7305352           *
         *    SCF + E(vib0)                :   -345.6072138           *
         *                                                            *
         **************************************************************




 time elapsed for vibrational analysis     0.81 sec


    ------------------------------------------------------------------------
         total  cpu-time : 24 minutes and  0 seconds
         total wall-time :  1 minutes and 57 seconds
    ------------------------------------------------------------------------

   ****  force : all done  ****


    2026-04-15 19:57:41.229 

aoforce ended normally 
