
   OpenMP run-time library returned nthreads = 16

 ridft (s02r2b45) : TURBOMOLE rev. V7-8-1 compiled 26 Feb 2024 at 17:12:58
 Copyright (C) 2024 TURBOMOLE GmbH, Karlsruhe


    2026-04-15 19:55:40.908 



                                  r i d f t

                        DFT program with RI approximation 
                                for coulomb part 





                                 References:     
                                                 
          TURBOMOLE:                             
              R. Ahlrichs, M. Baer, M. Haeser, H. Horn, and
              C. Koelmel
              Electronic structure calculations on workstation
              computers: the program system TURBOMOLE
              Chem. Phys. Lett. 162: 165 (1989)
          Density Functional:                              
              O. Treutler and R. Ahlrichs                      
              Efficient Molecular Numerical Integration Schemes
              J. Chem. Phys. 102: 346 (1995)                   
          Parallel Version:                                
              Performance of parallel TURBOMOLE for Density    
              Functional Calculations                          
              M. v. Arnim and R. Ahlrichs                      
              J. Comp. Chem. 19: 1746 (1998)                   
          RI-J Method:                                     
              Auxiliary Basis Sets to approximate Coulomb      
              Potentials                                       
              Chem. Phys. Lett. 240: 283 (1995)                
              K. Eichkorn, O. Treutler, H. Oehm, M. Haeser     
              and R. Ahlrichs                                  
              Chem. Phys. Lett. 242: 652 (1995)                
                                                           
              Auxiliary Basis Sets for Main Row Atoms and their
              Use to approximate Coulomb Potentials            
              K. Eichkorn, F. Weigend, O. Treutler and         
              R. Ahlrichs                                      
              Theo. Chem. Acc. 97: 119 (1997)                  
                                                           
              Accurate Coulomb-fitting basis sets for H to Rn 
              F. Weigend                                       
              Phys. Chem. Chem. Phys. 8: 1057 (2006)           
                                                           
          Multipole accelerated RI-J (MARI-J):             
              Fast evaluation of the Coulomb potential for     
              electron densities using multipole accelerated   
              resolution of identity approximation             
              M. Sierka, A. Hogekamp and R. Ahlrichs           
              J. Chem. Phys. 118: 9136 (2003)                  
          RI-JK Method:                                     
              A fully direct RI-HF algorithm: Implementation,
              optimised auxiliary basis sets, demonstration of
              accuracy and efficiency                         
              F. Weigend                                      
              Phys. Chem. Chem. Phys. 4: 4285 (2002)           
          Two-component HF and DFT with spin-orbit coupling:  
              Self-consistent treatment of spin-orbit         
              interactions with efficient Hartree-Fock and    
              density functional methods                      
              M. K. Armbruster, F. Weigend, C. van Wüllen and 
              W. Klopper                                      
              Phys. Chem. Chem. Phys. 10: 1748 (2008)         
          Two-component difference density and DIIS algorithm 
              Efficient two-component self-consistent field   
              procedures and gradients: implementation in     
              TURBOMOLE and application to Au20-              
              A. Baldes, F. Weigend                           
              Mol. Phys. 111: 2617 (2013)                     
          Relativistic current density functional theory      
              Current density functional framework for        
              spin-orbit coupling                             
              C. Holzer, Y. J. Franzke, A. Pausch             
              J. Chem. Phys. 157: 204102 (2022)               
          Relativistic all-electron 2c calculations           
              An efficient implementation of two-component    
              relativistic exact-decoupling methods for large 
              molecules                                       
              D. Peng, N. Middendorf, F. Weigend, M. Reiher   
              J. Chem. Phys. 138: 184105 (2013)               
          Finite nucleus model and SNSO approximation         
              Efficient implementation of one- and two-       
              component analytical energy gradients in exact  
              two-component theory                            
              Y. J. Franzke, N. Middendorf, F. Weigend        
              J. Chem. Phys. 148: 104110 (2018)               
          Grids for all-electron relativistic methods         
              Error-consistent segmented contracted all-      
              electron relativistic basis sets of double-     
              and triple-zeta quality for NMR shielding       
              constants                                       
              Y. J. Franzke, R. Tress, T. M. Pazdera,         
              F. Weigend                                      
              Phys. Chem. Chem. Phys. 21: 166658 (2019)       
          Seminumerical exchange algorithms                   
              Seminumerical calculation of the Hartree-Fock   
              exchange matirx: Application to two-component   
              procedures and efficient evaluation of local    
              hybrid functionsl                               
              P. Plessow, F. Weigend,                         
              J. Comput. Chem. 33: 810 (2012)                 
          Improved seminumerical algorithms                   
              C. Holzer,                                      
              J. Chem. Phys. 153 (2020), 184115               






          OpenMP Shared-Memory Parallelization: 16 CPUs.

            By: Christof Holzer and Yannick J. Franzke


              +--------------------------------------------------+
              |      general information about current run       |
              +--------------------------------------------------+

 
 Becke-3-Parameter hybrid functional: B3-LYP
 exchange:    0.8*LDA + 0.72*B88 + 0.2*HF
 correlation: 0.19*LDA(VWN) + 0.81*LYP
 A Hybrid-DFT calculation using the RI-J approximation will be carried out.
 Allocatable memory for RI due to $ricore (MB):                  5000


              +--------------------------------------------------+
              | Atomic coordinate, charge and isotop information |
              +--------------------------------------------------+

                    atomic coordinates            atom    charge  isotop
         -4.29353511    0.38897735    0.66044823    c      6.000     0
         -2.30616320    1.84469542   -0.80544954    c      6.000     0
          0.21856817    1.01742502   -0.15715244    o      8.000     0
          1.15783757   -0.96464355   -1.45221612    c      6.000     0
          0.03152859   -2.05013933   -3.11778969    o      8.000     0
          3.73718279   -1.69979074   -0.64056013    c      6.000     0
          5.05312448   -0.58814240    1.18637687    c      6.000     0
         -3.97211559    0.54913657    2.69118321    h      1.000     0
         -4.28006757   -1.60339793    0.13799308    h      1.000     0
         -6.16538581    1.15335107    0.24245804    h      1.000     0
         -2.57187757    1.63737740   -2.83664206    h      1.000     0
         -2.32760906    3.84436436   -0.31443838    h      1.000     0
          4.49031731   -3.28389301   -1.69513439    h      1.000     0
          6.93046089   -1.23895428    1.67585460    h      1.000     0
          4.29773411    0.99363404    2.23892016    h      1.000     0
 
       center of nuclear mass  :    0.40544899   -0.26661504   -0.62794097
       center of nuclear charge:    0.34246129   -0.22821333   -0.56236568

              +--------------------------------------------------+
              |               basis set information              |
              +--------------------------------------------------+

              we will work with the 1s 3p 5d 7f 9g ... basis set
              ...i.e. with spherical basis functions...

   type   atoms  prim   cont   basis
   ---------------------------------------------------------------------------
    c        5     46     31   def2-TZVP   [5s3p2d1f|11s6p2d1f]
    o        2     46     31   def2-TZVP   [5s3p2d1f|11s6p2d1f]
    h        8      8      6   def2-TZVP   [3s1p|5s1p]
   ---------------------------------------------------------------------------
   total:   15    386    265
   ---------------------------------------------------------------------------

   total number of primitive shells          :   46
   total number of contracted shells         :  109
   total number of cartesian basis functions :  300
   total number of SCF-basis functions       :  265


 integral neglect threshold       :  0.11E-10
 integral storage threshold THIZE :  0.10E-04
 integral storage threshold THIME :         5

 RI-J AUXILIARY BASIS SET information:

              we will work with the 1s 3p 5d 7f 9g ... basis set
              ...i.e. with spherical basis functions...

   type   atoms  prim   cont   basis
   ---------------------------------------------------------------------------
    c        5     70     49   def2-TZVP   [6s4p3d1f1g|12s5p4d2f1g]
    o        2     70     49   def2-TZVP   [6s4p3d1f1g|12s5p4d2f1g]
    h        8     16     11   def2-TZVP   [3s1p1d|5s2p1d]
   ---------------------------------------------------------------------------
   total:   15    618    431
   ---------------------------------------------------------------------------

   total number of primitive shells          :   56
   total number of contracted shells         :  145
   total number of cartesian basis functions :  523
   total number of SCF-basis functions       :  431


 symmetry group of the molecule :   c1 

 the group has the following generators :
   c1(z)

    1 symmetry operations found

 there are 1 real representations :   a   

 maximum number of shells which are related by symmetry :  1

  
           ------------------
           density functional
           ------------------
 Becke-3-Parameter hybrid functional: B3-LYP
 exchange:    0.8*LDA + 0.72*B88 + 0.2*HF
 correlation: 0.19*LDA(VWN) + 0.81*LYP
 iterations will be done with small grid
  
 spherical integration : Lebedev's spherical grid
 spherical gridsize    :                     3
    i.e. gridpoints    :                   302
  maximum batchsize    :                   100
 value for diffuse not defined
 radial integration    : Chebyshev 2nd kind (scaling 3)
 radial gridsize       :                     3
 integration cells     :                    15
 partition function    : becke
 partition sharpness   :                     3
  

 biggest AO integral is expected to be     7.998976882

          ------------------------
          nuclear repulsion energy  :   298.336399459    
          ------------------------


         -----------------
         -S,T+V- integrals
         -----------------

 1e-integrals will be neglected if expon. factor < 0.111399E-11
 
 Difference densities algorithm switched on.
 The maximal number of linear combinations of
 difference densities is  20.

 DIIS switched on: error vector is FDS-SDF
 Max. Iterations for DIIS is     :   4
 DIIS matrix (see manual) 
    Scaling factor of diagonals  :  1.200
    threshold for scaling factor :  0.000

 scf convergence criterion : increment of total energy < .1000000D-06
                  and increment of one-electron energy < .1000000D-03

 MOs are in ASCII format !


    mo occupation :
   irrep   mo's   occupied
    a      265       27
 
 number of basis functions   :   265
 number of occupied orbitals :    27
 

 reading orbital data $scfmo  from file mos
 orbital characterization : scfconv=7
 mo-orthogonalization by Cholesky decomposition

 automatic virtual orbital shift switched on 
      shift if e(lumo)-e(homo) < 0.10000000    

  
           ------------------------
               RI-J - INFORMATION
           ------------------------
 Contributions to RI integral batches: 
  neglected integral batches:                   668
  direct contribution:                            0
  memory contribution:                  5327
 Memory core needed for (P|Q) and Cholesky      2 MByte
 Memory core minimum needed except of (P|Q)     1 MByte
 Total minimum memory core needed (sum)         2 MByte
  
 ****************************************
 Memory allocated for RI-J   168 MByte
 ****************************************
                                            

 DSCF restart information will be dumped onto file mos


 Starting SCF iterations

          Overall gridpoints after grid construction =         19167

 ITERATION  ENERGY          1e-ENERGY        2e-ENERGY     NORM[dD(SAO)]  TOL
   1  -345.73046478321    -1060.7145095     416.64764522    0.000D+00 0.111D-10
                            Exc = -38.0983001146     Coul =  463.787150627    
                            exK = -9.04120529488    
                              N = 53.999982506    
                            current damping = 0.300
 
          max. resid. norm for Fia-block=  3.903D-05 for orbital     27a         
          max. resid. fock norm         =  1.232D-04 for orbital    263a         

 ITERATION  ENERGY          1e-ENERGY        2e-ENERGY     NORM[dD(SAO)]  TOL
   2  -345.73046477192    -1060.7145315     416.64766726    0.239D-03 0.705D-11
                            Exc = -38.0982679881      Eck =  454.745935245    
                              N = 53.999982587    
                            current damping = 0.300
 
          Norm of current diis error: 0.56448E-03
          max. resid. norm for Fia-block=  1.789D-05 for orbital     27a         
          max. resid. fock norm         =  3.039D-05 for orbital    255a         

 ENERGY CONVERGED !

          Overall gridpoints after grid construction =         71784

 ITERATION  ENERGY          1e-ENERGY        2e-ENERGY     NORM[dD(SAO)]  TOL
   3  -345.73053517984    -1060.7145202     416.64758552    0.240D-04 0.667D-11
                            Exc = -38.0983531163      Eck =  454.745938638    
                              N = 53.999992132    
                            current damping = 0.350
 
          Norm of current diis error: 0.16613E-03
          max. resid. norm for Fia-block=  5.868D-06 for orbital     27a         
          max. resid. fock norm         =  9.571D-06 for orbital    259a         

 End of SCF iterations

   convergence criteria satisfied after     3 iterations


                  ------------------------------------------ 
                 |  total energy      =   -345.73053517984  |
                  ------------------------------------------ 
                 :  kinetic energy    =    344.23972909828  :
                 :  potential energy  =   -689.97026427812  :
                 :  virial theorem    =      1.99568795368  :
                 :  wavefunction norm =      1.00000000000  :
                  .......................................... 


 <geterg> : there is no data group $energy 


 <skperg> : $end is missing 


 orbitals $scfmo  will be written to file mos

    irrep                 23a         24a         25a         26a         27a   
 eigenvalues H         -0.37247    -0.34449    -0.30606    -0.29283    -0.28081
            eV         -10.1355     -9.3740     -8.3284     -7.9685     -7.6414
 occupation              2.0000      2.0000      2.0000      2.0000      2.0000

    irrep                 28a         29a         30a         31a         32a   
 eigenvalues H         -0.05500     0.04555     0.06286     0.07231     0.07890
            eV          -1.4967      1.2396      1.7106      1.9676      2.1471
 
 
 
 
 ==============================================================================
                           electrostatic moments
 ==============================================================================

 reference point for electrostatic moments:    0.00000   0.00000   0.00000

 
              nuc           elec       ->  total
 ------------------------------------------------------------------------------
                          charge      
 ------------------------------------------------------------------------------
          54.000000     -54.000000      -0.000000
 
 ------------------------------------------------------------------------------
                       dipole moment  
 ------------------------------------------------------------------------------
   x      18.492910     -18.346599       0.146311
   y     -12.323520      12.844393       0.520873
   z     -30.367747      31.044220       0.676473
 
   | dipole moment | =     0.8662 a.u. =     2.2017 debye 
 
 ------------------------------------------------------------------------------
                     quadrupole moment
 ------------------------------------------------------------------------------
  xx     558.760001    -585.138135     -26.378134
  yy     123.194516    -155.137650     -31.943134
  zz     134.192992    -168.614826     -34.421834
  xy    -131.581965     129.094096      -2.487869
  xz      13.464659     -12.851720       0.612939
  yz      54.631964     -56.475835      -1.843871
 
     1/3  trace=     -30.914367
     anisotropy=       8.989009
 
 ==============================================================================
 
HOMO-LUMO Separation
 HOMO         :   -0.28081415 H =     -7.64135 eV
 LUMO         :   -0.05500216 H =     -1.49669 eV
 HOMO-LUMO gap:    0.22581199 H =     +6.14466 eV
 
 ==============================================================================


    ------------------------------------------------------------------------
         total  cpu-time :  44.15 seconds
         total wall-time :   3.01 seconds
    ------------------------------------------------------------------------

   ****  ridft : all done  ****


    2026-04-15 19:55:43.826 

 ridft ended normally
