
   OpenMP run-time library returned nthreads = 16

 force (s02r2b16) : TURBOMOLE rev. V7-8-1 compiled 26 Feb 2024 at 17:12:58
 Copyright (C) 2024 TURBOMOLE GmbH, Karlsruhe


    2026-04-15 19:55:44.981 



                             T U R B O M O L E   

                          a o f o r c e - program

                        using direct algorithms for

                       SCF level calculations of
                         * harmonic force constants
                         * hyperpolarizabilities
                         * IR and RAMAN intensities
                         * VCD intensities

                       DFT level calculations of
                         * harmonic force constants
                         * IR intensities
                                                   
       Stephan Boecker, Peter Deglmann, Filipp Furche and Marco Haeser
                          Quantum Chemistry Group
                          Universitaet  Karlsruhe
                                   Germany

 
 

          OpenMP Shared-Memory Parallelization: 16 CPUs.

            By: Erik P. Almaraz and Filipp Furche
            Copyright 2009-2011 by UCI and TURBOMOLE GmbH.

            Revised By: Christof Holzer and Yannick J. Franzke.

 
 
     References :
 
       RI-J implementation:
         Peter Deglmann, Klaus May, Filipp Furche, Reinhart Ahlrichs
                 Chem. Phys. Lett. 384:103 (2004)
 
       Efficiency, technical details:
         Peter Deglmann, Filipp Furche, Reinhart Ahlrichs
                 Chem. Phys. Lett. 362:511 (2002)
 
       Search of lowest eigenvalues by iterative diagonalization:
         Peter Deglmann, Filipp Furche
                 J. Chem. Phys. 117:9535 (2002)
 
       Vibrational circular dichroism implementation:
        Kevin Reiter, Michael Kuehn, Florian Weigend
                 J. Chem. Phys. 146:054102 (2017)  
 
 


              +--------------------------------------------------+
              | Atomic coordinate, charge and isotop information |
              +--------------------------------------------------+

                    atomic coordinates            atom    charge  isotop
         -4.71365738   -0.61099668    0.61111602    c      6.000     0
         -1.95933011    0.10523185    1.06020323    c      6.000     0
         -0.30001265   -1.19248372   -0.72402903    n      7.000     0
          2.37305823   -1.24337964   -0.06292951    c      6.000     0
          3.73004877    1.31765159   -0.00958685    c      6.000     0
          6.39390741    0.97032195    0.64935012    n      7.000     0
         -5.47801718   -0.01091718   -1.98800919    n      7.000     0
         -4.96916564   -2.61602757    1.08327883    h      1.000     0
         -5.89528299    0.48964151    1.89901404    h      1.000     0
         -1.78989045    2.17605568    0.97651766    h      1.000     0
         -1.42297012   -0.48067965    2.96941664    h      1.000     0
         -0.52820088   -0.42872746   -2.46642154    h      1.000     0
          2.57871128   -2.13936536    1.78718843    h      1.000     0
          3.33750109   -2.47643633   -1.41918990    h      1.000     0
          3.43201463    2.26921439   -1.83883391    h      1.000     0
          2.87964890    2.52548786    1.43343019    h      1.000     0
          7.27676687    2.65507311    0.86161052    h      1.000     0
          7.32060471    0.02083578   -0.73370009    h      1.000     0
         -4.88159610   -1.38822611   -3.17839113    h      1.000     0
         -7.38413652    0.05772786   -2.14007614    h      1.000     0
 
       center of nuclear mass  :    0.01681845   -0.07538674   -0.10139019
       center of nuclear charge:    0.01458388   -0.06130924   -0.09676131

              +--------------------------------------------------+
              |               basis set information              |
              +--------------------------------------------------+

              we will work with the 1s 3p 5d 7f 9g ... basis set
              ...i.e. with spherical basis functions...

   type   atoms  prim   cont   basis
   ---------------------------------------------------------------------------
    c        4     46     31   def2-TZVP   [5s3p2d1f|11s6p2d1f]
    n        3     46     31   def2-TZVP   [5s3p2d1f|11s6p2d1f]
    h       13      8      6   def2-TZVP   [3s1p|5s1p]
   ---------------------------------------------------------------------------
   total:   20    426    295
   ---------------------------------------------------------------------------

   total number of primitive shells          :   46
   total number of contracted shells         :  129
   total number of cartesian basis functions :  330
   total number of SCF-basis functions       :  295

 
             FOUND RI-J FLAG !
 

 NOTE: THIS IS A PRELIMINARY IMPLEMENTATION. THE RI APPROXIMATION IS
       PRESENTLY USED FOR CPKS CONTRIBUTIONS TO THE HESSIAN ONLY! SEE
       MANUAL FOR FURTHER DETAILS.

  
 AUXILIARY BASIS SET information:

              we will work with the 1s 3p 5d 7f 9g ... basis set
              ...i.e. with spherical basis functions...

   type   atoms  prim   cont   basis
   ---------------------------------------------------------------------------
    c        4     70     49   def2-TZVP   [6s4p3d1f1g|12s5p4d2f1g]
    n        3     70     49   def2-TZVP   [6s4p3d1f1g|12s5p4d2f1g]
    h       13     16     11   def2-TZVP   [3s1p1d|5s2p1d]
   ---------------------------------------------------------------------------
   total:   20    698    486
   ---------------------------------------------------------------------------

   total number of primitive shells          :   56
   total number of contracted shells         :  170
   total number of cartesian basis functions :  583
   total number of SCF-basis functions       :  486


 symmetry group of the molecule :   c1 

 the group has the following generators :
   c1(z)

    1 symmetry operations found

 there are 1 real representations :   a   

 maximum number of shells which are related by symmetry :  1


 determining totally symmetric integral contributions 
    - equivalent to irreducible tensor elements - 
 which can be formed within each triple of representations :

             representation triple      contributions

              a     a     a               1
  MOs are in ASCII format !

  MOs are in ASCII format !


    mo occupation :
   irrep   mo's   occupied
    a      295       29
 
 number of basis functions   :   295
 number of occupied orbitals :    29
 

 reading orbital data $scfmo  from file mos
 orbital characterization : scfconv=7
 time elapsed for calculating density matrices :   0.134 sec
 all orbitals will be included in the transformation

 number of non-frozen orbitals          :   295
 number of non-frozen occupied orbitals :    29


 Blocking parameters 
 shells:
    index      start shell   last shell  start bf    last bf    #bf 
       1             1         129             1        330    330
          size of I/O Block in Byte:               52272000
  
           ----------------------
               RI - INFORMATION
           ----------------------

 biggest AO integral is expected to be     6.862573055

 Threshold for integral neglect (rithr2):   0.76E-11
 Threshold for integral neglect (rithr1):   0.76E-11

 Contributions to RI integral batches: 
  neglected integral batches:                  1093
  direct contribution:                            0
  memory contribution:                  7292
 Core memory available (ricore)            5000 MiB
 Core memory needed for (P|Q) and Cholesky 2 MiB
 Core memory used for integrals            211 MiB
  
 ****************************************
 Memory allocated for RIDFT 213 MiB
 ****************************************
                                            
  
           ------------------
           density functional
           ------------------
 Becke-3-Parameter hybrid functional: B3-LYP
 exchange:    0.8*LDA + 0.72*B88 + 0.2*HF
 correlation: 0.19*LDA(VWN) + 0.81*LYP
 iterations will be done with small grid
  
 spherical integration : Lebedev's spherical grid
 spherical gridsize    :                     3
    i.e. gridpoints    :                   302
  maximum batchsize    :                   100
 value for diffuse not defined
 radial integration    : Chebyshev 2nd kind (scaling 3)
 radial gridsize       :                     3
 integration cells     :                    20
 partition function    : becke
 partition sharpness   :                     3
  
 
 Derivatives of quadrature weights will be included
 
 preparing DFT   numerical integration ....
          Overall gridpoints after grid construction =         88712
 Ordering of quadrature gridpoints disabled.
 
 
 
 
 OCCUPIED-OCCUPIED TENSOR SPACES :

          IRREP   tensor space dimension   number of roots

           a                 841                     54
 
 OCCUPIED-VIRTUAL TENSOR SPACES :

          IRREP   tensor space dimension   number of roots

           a                7714                     54
 
 
 
 
 CONSTRUCTING integral bounds

 setting up bound for integral derivative estimation

 increment for numerical differentiation : 0.00050000
 
 machine precision:   2.220446049250313E-016

 integral neglect threshold       :  0.10E-09
 integral storage threshold THIZE :  0.10E-04
 integral storage threshold THIME :         5

 
 
 
 PREPARING NUMERICAL INTEGRATION
 
 Remaining core memory for DFT =                  7850 MB
 
 Memory needed per atom    =                  1280 KiB
 
     i. e.                    20 atoms per loop

 Calculating ground state density on molecular grid

 Integral of ground state density: N =   57.99996984328810    


 
 
 CONSTRUCTING first deriv. of <mu|x,y,z|nu> -> Dip. deriv.
  dipole integral derivatives will be neglected if
  expon. factor <0.151515E-11
      ...terminated. cpu:       0.33       wall:       0.02
 
 
 
 
 CONSTRUCTING first deriv. of  <mu|nu>
                               <mu|h|nu>    -> RHS
              second deriv. of <mu|nu>      -> Hessian
                               <mu|h|nu>    -> Hessian
                               nucl. rep.   -> Hessian
     integrals are neglected if expon. factor <  1.515151515151515E-013
      ...terminated. cpu:       2.01       wall:       0.13



 CONSTRUCTING second deriv. of 2e energy    -> Hessian
  treating Coulomb (and exchange) contribution
  integrals will be neglected if total contribution <  0.15151515E-08
      ...terminated. cpu:     313.94       wall:      23.87
  treating exchange-correlation contribution
      ...terminated. cpu:      86.56       wall:       5.59
 
 
 
 
 CONSTRUCTING S(i,j)xi
      ...terminated. cpu:       0.27       wall:       0.02
 
 
 
 
 CONSTRUCTING <i|x,y,z|j>*S(i,j)xi          -> Dip. deriv.
      ...terminated. cpu:       0.04       wall:       0.00
 
 
 
 
 CONSTRUCTING epsilon(i)*S(i,j)xi*S(i,j)chi -> Hessian
      ...terminated. cpu:       0.03       wall:       0.00
 
 
 
 
 CONSTRUCTING G(a,i)[S(k,l)xi]              -> RHS
              G(i,j)[S(k,l)xi]*S(i,j)chi    -> Hessian
 
         Maximum core memory set to                   8000 MB
         This corresponds to                  9599 vectors in CAO basis
      ...terminated. cpu:     329.51       wall:      24.26
 
 
 
 
 CONSTRUCTING G(mu,nu)[D(kap,lam)]xi
 
          Maximum core memory set to                   8000 MB
          Atoms treated simultaneously :                    20
 max of dfo   63.5516114476175     
      ...terminated. cpu:     305.99       wall:      19.14




 CONSTRUCTING F(a,i)xi                      -> RHS
              F(i,j)xi*S(i,j)chi            -> Hessian
 
        Maximum core memory set to                  8000 MB
        This corresponds to                 16823 vectors in CAO basis
      ...terminated. cpu:       1.22       wall:       0.08
 
 
 
 
 CONSTRUCTING epsilon(i)*S(a,i)xi           -> RHS
      ...terminated. cpu:       1.03       wall:       0.06





 SOLVING CPHF equations
 
 Residuum convergence criterium   :  1.000000000000000E-005
 
 Maximum number of Davidson iterations set to                    25

 logfile cphf_a    will be constructed


  Switching to small grid for DFT
        preparing DFT   numerical integration ....
          Overall gridpoints after grid construction =         23135

 Calculating ground state density on molecular grid

 Integral of ground state density: N =   58.00189221057886    




                       Nonorthonormal Krylov Space Iteration


 total number of roots to be determined: 54


 maximum core memory set to         8000 MB,
 corresponding to     9548 vectors in CAO basis


 maximum number of simultaneously treated vectors (including degeneracy):       54


 Iteration IRREP Converged      Max. Euclidean
                 roots          residual norm

    1       a        0        7.847768421937713D-02
 
    2       a        0        7.365730795101565D-03
 
    3       a        0        5.751728374921299D-04
 
    4       a       13        2.888668894273596D-05
 
    5       a       54        9.760147731202132D-06
 

 converged!

  Switching to fine grid
        preparing numerical DFT   integration ....
          Overall gridpoints after grid construction =         88712

 Calculating ground state density on molecular grid

 Integral of ground state density: N =   57.99996984328811    



 Iteration IRREP Converged      Max. Euclidean
                 roots          residual norm

    6       a        0        1.189113332571925D-04
 

 NOTE: Residual norms are larger than 1.00D-05 due to mgrid option!

      ...terminated. cpu:    1372.59       wall:     108.74
 
 
 
 
 CONSTRUCTING <a|x,y,z|i>*U(a,i)xi          -> Dip. deriv.
      ...terminated. cpu:       0.19       wall:       0.01
 
 
 
 
 CONSTRUCTING RHS(a,i)xi*U(a,i)chi          -> Hessian
      ...terminated. cpu:       0.23       wall:       0.02
 
 
 
 

            -----------------------
            permanent dipole moment
            -----------------------

                                   x                y                z
    electronic part       :   -0.9446624383     3.7448818988     5.2665291281
     nuclear   part       :    0.8458649058    -3.5559361632    -5.6121558188
     total                :   -0.0987975325     0.1889457356    -0.3456266908

 with reference to the point :   0.0000000        0.0000000        0.0000000
 (given in atomic units)
    | dipole |       :    1.0322174355  debye

   ***  dipole moment & cartesian dipole gradients written onto
        $dipole, $dipgrad,  file=<dipgrad>  ***

             -----------------------------------
             rotational and vibrational analysis
             -----------------------------------


            ==============================================================
            ATOMIC WEIGHTS (average over the natural occurance of isotops)
            ==============================================================
            ('*' denotes special isotop !)
              1     c                12.01115
              2     c                12.01115
              3     n                14.00670
              4     c                12.01115
              5     c                12.01115
              6     n                14.00670
              7     n                14.00670
              8     h                 1.00797
              9     h                 1.00797
             10     h                 1.00797
             11     h                 1.00797
             12     h                 1.00797
             13     h                 1.00797
             14     h                 1.00797
             15     h                 1.00797
             16     h                 1.00797
             17     h                 1.00797
             18     h                 1.00797
             19     h                 1.00797
             20     h                 1.00797

          -------------------------------------------------
          CARTESIAN FORCE CONSTANT MATRIX (hartree/bohr**2)
         (translational & rotational space projected out)
          -------------------------------------------------

   ATOM              1 c                           2 c 
                  dx        dy        dz        dx        dy        dz
   1 c     dx  0.5040893
           dy -0.0304462 0.5799566
           dz -0.0507668 0.0331956 0.5006535
   2 c     dx -0.1697842-0.0373033-0.0192234 0.4736003
           dy -0.0354765-0.0908623-0.0058074 0.0016692 0.5435983
           dz -0.0059782-0.0044614-0.0776400 0.0371692-0.0456276 0.5671060
   3 n     dx -0.0316397 0.0210037 0.0271547-0.1212530 0.0555195 0.0383491
           dy  0.0024362 0.0037306 0.0018916 0.0275828-0.0960103-0.0233572
           dz  0.0026267 0.0024538 0.0036129 0.0292262-0.0497285-0.1464362
   4 c     dx -0.0008548 0.0020250 0.0016785-0.0308731-0.0005330 0.0029286
           dy -0.0002767-0.0009661-0.0003329 0.0199817-0.0082508 0.0019097
           dz  0.0026263-0.0034909-0.0052985 0.0240289 0.0013868 0.0086982
   5 c     dx -0.0002682 0.0001047 0.0002813 0.0007466-0.0032778-0.0020925
           dy  0.0004596-0.0009320-0.0007238-0.0006870 0.0046461 0.0019654
           dz  0.0003517-0.0005185 0.0003479-0.0002370 0.0019292-0.0000270
   6 n     dx  0.0001110 0.0001399 0.0002150 0.0011353-0.0011461-0.0012647
           dy -0.0001624 0.0006067 0.0003226 0.0010490-0.0020549-0.0014984
           dz -0.0002122 0.0003047 0.0000653 0.0008353-0.0007016-0.0007261
   7 n     dx -0.0966701 0.0294249-0.0370995-0.0141842 0.0103155-0.0385863
           dy  0.0150879-0.0783443 0.0029618 0.0013932 0.0038961-0.0030794
           dz -0.0124834 0.0415337-0.1892252-0.0104535 0.0021597-0.0133884
   8 h     dx -0.0557418-0.0270692 0.0076914-0.0072193-0.0342016 0.0038460
           dy -0.0304600-0.2741728 0.0410449-0.0013516-0.0121929-0.0001557
           dz  0.0089619 0.0404262-0.0567658-0.0007647-0.0052523 0.0015868
   9 h     dx -0.1339464 0.0786711 0.0918052-0.0160214 0.0192558 0.0205737
           dy  0.0816704-0.1274306-0.0858025-0.0066301 0.0034041 0.0063288
           dz  0.0858636-0.0800825-0.1404367-0.0016592 0.0025960 0.0032323
  10 h     dx -0.0071197-0.0343246 0.0040284-0.0522129-0.0226416 0.0000313
           dy -0.0021405-0.0117204 0.0033996-0.0260482-0.2747790 0.0199504
           dz -0.0019083-0.0046345 0.0006612-0.0004793 0.0204642-0.0535060
  11 h     dx -0.0051621 0.0107448-0.0290673-0.0668368 0.0196138-0.0642014
           dy -0.0033996 0.0011284-0.0091560 0.0216926-0.0741533 0.0729161
           dz -0.0008794 0.0024160-0.0045740-0.0594210 0.0664341-0.2556996
  12 h     dx  0.0010073-0.0003718 0.0025225 0.0034736-0.0107768 0.0217021
           dy -0.0002095 0.0003654 0.0012788 0.0003274 0.0023830-0.0239268
           dz -0.0000420 0.0000313-0.0008996-0.0005178 0.0118919-0.0258580
  13 h     dx  0.0000401-0.0001419-0.0004470 0.0019805 0.0001586-0.0030660
           dy  0.0002100 0.0001267-0.0001926-0.0003361-0.0002569 0.0010309
           dz -0.0001725-0.0000024 0.0004083 0.0015009-0.0010528 0.0006770
  14 h     dx -0.0002402 0.0012524 0.0012957-0.0040933 0.0010654-0.0043980
           dy -0.0000987 0.0000330-0.0001748-0.0006221 0.0007757 0.0010443
           dz -0.0003899-0.0001079 0.0002882-0.0011893 0.0004883 0.0000628
  15 h     dx  0.0000377 0.0000447-0.0000066-0.0000544 0.0001090 0.0002482
           dy  0.0000420-0.0000084 0.0000725-0.0002768 0.0001887 0.0001477
           dz -0.0001163-0.0000339-0.0000650 0.0002817 0.0003084-0.0000573
  16 h     dx -0.0001259 0.0000360-0.0000469-0.0006117 0.0002515-0.0001046
           dy -0.0003079 0.0002984 0.0001564 0.0000849 0.0001259-0.0004110
           dz -0.0002024 0.0004933-0.0000062 0.0007081-0.0013204-0.0000522
  17 h     dx -0.0000270 0.0001332 0.0001074 0.0004278-0.0005907-0.0005072
           dy  0.0000077 0.0000452 0.0000469-0.0000484-0.0001055-0.0001105
           dz -0.0000371 0.0000027 0.0000306-0.0002319-0.0000129 0.0001708
  18 h     dx  0.0000940-0.0001886-0.0000796-0.0000580 0.0003586 0.0002479
           dy  0.0000053-0.0000249-0.0000485 0.0000080-0.0001526 0.0001148
           dz -0.0000142-0.0000149 0.0000382-0.0001453-0.0000873-0.0000276
  19 h     dx  0.0043071-0.0091296-0.0041706 0.0013840-0.0009684-0.0018729
           dy -0.0044013 0.0034481 0.0133589 0.0004314-0.0004216-0.0016603
           dz  0.0122957-0.0284702-0.0266125 0.0005611-0.0003943-0.0008533
  20 h     dx -0.0081064-0.0046055 0.0041278 0.0004539 0.0012955-0.0030241
           dy  0.0074603-0.0052773 0.0045090-0.0009167 0.0002222-0.0011197
           dz -0.0395235 0.0009598-0.0045828 0.0000110 0.0023265-0.0072621

   ATOM              3 n                           4 c 
                  dx        dy        dz        dx        dy        dz
   3 n     dx  0.4805588
           dy -0.1031730 0.2408076
           dz  0.0116678-0.0852747 0.6247260
   4 c     dx -0.1969997 0.0291132-0.0303935 0.4772093
           dy -0.0139455-0.0615416-0.0074260-0.0547348 0.4932365
           dz -0.0249740 0.0073420-0.1108481-0.0256288-0.0052211 0.6163994
   5 c     dx -0.0306499-0.0276082-0.0041204-0.0792136-0.0293101 0.0035226
           dy -0.0004774 0.0084757-0.0003694-0.0209384-0.1661309 0.0025097
           dz -0.0088581-0.0061699-0.0004410 0.0071355 0.0017324-0.0814923
   6 n     dx -0.0025538-0.0040890-0.0005540-0.0280599 0.0006295-0.0054739
           dy -0.0072114-0.0058861-0.0006440-0.0310722 0.0070750-0.0086782
           dz -0.0016569-0.0018763 0.0011358-0.0065999-0.0004550-0.0003525
   7 n     dx  0.0005772 0.0002578-0.0013192 0.0012401-0.0000654-0.0012489
           dy  0.0005918-0.0000246 0.0014006-0.0004027-0.0000137-0.0000959
           dz  0.0007628-0.0006356 0.0008763 0.0004154 0.0000522 0.0003108
   8 h     dx  0.0033302 0.0008234-0.0006147-0.0002067 0.0001575-0.0001790
           dy  0.0005868 0.0022246 0.0004450 0.0001552 0.0001122 0.0001841
           dz -0.0003024 0.0006226-0.0000472 0.0001929-0.0000605 0.0001824
   9 h     dx -0.0074882-0.0013822-0.0027895-0.0002084-0.0001492 0.0019095
           dy -0.0008436 0.0004006-0.0008433-0.0005293 0.0008162 0.0002291
           dz -0.0012996-0.0001614 0.0008977-0.0002615 0.0000889 0.0002447
  10 h     dx -0.0018727 0.0258349 0.0045303 0.0027961 0.0015867 0.0007500
           dy  0.0087471-0.0172415-0.0104229-0.0029440-0.0001049-0.0013274
           dz  0.0054130-0.0290538-0.0034794-0.0021614-0.0003271-0.0005489
  11 h     dx  0.0025826-0.0042469 0.0232336 0.0016728-0.0012128 0.0023788
           dy -0.0036221 0.0044356-0.0174431-0.0004021 0.0012831-0.0005553
           dz -0.0023517 0.0042121-0.0276847-0.0025241 0.0008524 0.0004571
  12 h     dx -0.0582976 0.0249683-0.0225480-0.0084595 0.0163100-0.0381219
           dy  0.0353997-0.0862784 0.1677594-0.0053157-0.0032737-0.0008938
           dz -0.0351888 0.1246359-0.3443578-0.0020698 0.0068628-0.0082760
  13 h     dx -0.0112100 0.0131661-0.0349032-0.0482588 0.0077782-0.0104924
           dy  0.0018349 0.0012025-0.0002150 0.0085502-0.0946163 0.0960711
           dz -0.0057146 0.0022280-0.0093398-0.0164161 0.0978488-0.2549366
  14 h     dx -0.0279049 0.0170844 0.0247710-0.0923438 0.0628457 0.0695640
           dy  0.0027309 0.0017882 0.0011512 0.0650282-0.1348144-0.0967636
           dz -0.0059784 0.0058848 0.0078714 0.0756845-0.0971521-0.1632912
  15 h     dx  0.0020076 0.0005790 0.0007044 0.0009902-0.0074866 0.0132691
           dy  0.0015240 0.0020278-0.0011094 0.0013062-0.0160500 0.0295442
           dz  0.0013001-0.0007661 0.0014203-0.0014891-0.0002166-0.0016550
  16 h     dx  0.0010861 0.0013734 0.0005744 0.0075818-0.0095239-0.0118849
           dy  0.0002552 0.0018224 0.0010866 0.0126489-0.0195971-0.0222171
           dz -0.0007457-0.0001411 0.0000958-0.0002538 0.0000412 0.0000308
  17 h     dx -0.0020270-0.0023055-0.0002407-0.0058235 0.0052064-0.0015329
           dy  0.0006499 0.0002753 0.0000652-0.0005221 0.0005357 0.0000750
           dz  0.0002883-0.0000693 0.0008091 0.0001540 0.0009725-0.0003136
  18 h     dx  0.0004468-0.0003753-0.0008146 0.0004230 0.0015790 0.0013508
           dy  0.0001901-0.0005394-0.0003082-0.0013534 0.0023320 0.0014321
           dz  0.0000991 0.0003117 0.0000804 0.0003154 0.0002140 0.0003948
  19 h     dx  0.0008319 0.0002243 0.0011906-0.0007875 0.0005536 0.0003395
           dy  0.0003232 0.0002098-0.0005312-0.0002518-0.0001952 0.0004818
           dz  0.0006628 0.0002493 0.0008780-0.0003922 0.0004843 0.0000937
  20 h     dx  0.0004752-0.0002637-0.0002272 0.0001759 0.0000766-0.0002027
           dy -0.0000838 0.0001214-0.0000462 0.0001726 0.0001639-0.0000127
           dz  0.0013728 0.0001276 0.0002304-0.0003146 0.0001321 0.0002007

   ATOM              5 c                           6 n 
                  dx        dy        dz        dx        dy        dz
   5 c     dx  0.4696043
           dy -0.0426735 0.5143197
           dz -0.0293297 0.0248068 0.5744820
   6 n     dx -0.1947785 0.0310841-0.0504958 0.5287862
           dy  0.0076628-0.0932949-0.0127216 0.0499237 0.5559807
           dz -0.0114245-0.0122466-0.0803677-0.0724195 0.2098549 0.3269113
   7 n     dx  0.0001858 0.0000448 0.0000705-0.0003374-0.0000774-0.0001116
           dy  0.0002081-0.0000566 0.0002490 0.0000982 0.0001234-0.0000523
           dz  0.0000791 0.0000520-0.0003022-0.0000981-0.0000784 0.0001146
   8 h     dx  0.0001954-0.0002525-0.0001783-0.0000152 0.0001847 0.0001199
           dy  0.0002054-0.0001745-0.0000887-0.0000607 0.0000733-0.0000050
           dz -0.0000231-0.0000287-0.0001624-0.0000424-0.0000108 0.0000089
   9 h     dx -0.0002005 0.0004409 0.0000366-0.0001923-0.0002698-0.0001491
           dy  0.0001457-0.0000568 0.0000591 0.0000871 0.0000508 0.0000358
           dz -0.0000140 0.0000170-0.0000108 0.0000049-0.0000097 0.0000018
  10 h     dx -0.0003484-0.0005287-0.0003706 0.0003599-0.0002667-0.0001334
           dy  0.0008893-0.0010665-0.0005780 0.0002546 0.0010323 0.0004832
           dz  0.0002351 0.0003669 0.0006719-0.0000224 0.0001300-0.0001217
  11 h     dx -0.0002285 0.0000520-0.0000074-0.0000091-0.0000091-0.0001049
           dy  0.0000499 0.0000535 0.0004408 0.0000644-0.0000076-0.0001620
           dz  0.0003553 0.0000502-0.0001581 0.0001088 0.0001286 0.0001877
  12 h     dx  0.0008939 0.0012466-0.0016668 0.0002458-0.0004868 0.0008460
           dy -0.0000474 0.0016761-0.0022910 0.0001148-0.0003944 0.0005338
           dz  0.0014799-0.0007533 0.0004607 0.0006187 0.0003034 0.0005428
  13 h     dx  0.0011796-0.0067739 0.0127085 0.0011377 0.0005716 0.0002035
           dy  0.0002576-0.0173788 0.0296135 0.0012707 0.0022591-0.0009394
           dz -0.0009345 0.0000920-0.0007172 0.0007585-0.0008628 0.0007503
  14 h     dx  0.0054401-0.0090624-0.0091771 0.0020603-0.0000945-0.0002093
           dy  0.0122541-0.0226069-0.0237071 0.0011739 0.0018767 0.0009297
           dz  0.0011161 0.0001810 0.0000491-0.0006882 0.0005216 0.0003254
  15 h     dx -0.0498329 0.0097993-0.0156803-0.0193495 0.0169804-0.0339998
           dy  0.0083763-0.0970640 0.0868561 0.0049240 0.0014798 0.0030531
           dz -0.0143204 0.0874560-0.2292183-0.0106347 0.0035769-0.0023720
  16 h     dx -0.0854468 0.0551116 0.0678079-0.0225226 0.0238326 0.0227353
           dy  0.0589548-0.1325370-0.1024915 0.0025268-0.0018012-0.0021342
           dz  0.0735414-0.1056730-0.1819585-0.0037861 0.0060549 0.0080893
  17 h     dx -0.0178231-0.0361247-0.0026664-0.1295478-0.1402233-0.0165819
           dy  0.0078716 0.0056194 0.0055988-0.1528485-0.3444942-0.0669785
           dz -0.0084802-0.0062117-0.0050528 0.0036753-0.0238180-0.0210031
  18 h     dx -0.0196221 0.0194638 0.0306066-0.1366455 0.0794980 0.1187358
           dy  0.0059477-0.0035448-0.0025711 0.0658639-0.1225731-0.1296953
           dz -0.0100866 0.0087192 0.0038217 0.1399774-0.1727435-0.2332402
  19 h     dx  0.0001485-0.0002125-0.0000295 0.0002253 0.0001871 0.0001427
           dy -0.0000763 0.0000430-0.0001461 0.0000550-0.0000281 0.0000658
           dz  0.0001391-0.0001429 0.0001107 0.0000843 0.0001230 0.0000186
  20 h     dx  0.0000183 0.0000284-0.0000204-0.0000498-0.0000163-0.0000155
           dy  0.0000652 0.0000101-0.0000023-0.0000663-0.0000234-0.0000148
           dz  0.0000760-0.0000665-0.0000356 0.0000370 0.0000494 0.0000314

   ATOM              7 n                           8 h 
                  dx        dy        dz        dx        dy        dz
   7 n     dx  0.6104683
           dy -0.1413794 0.3177053
           dz  0.0199260 0.1509185 0.4828907
   8 h     dx  0.0030420 0.0105987-0.0063673 0.0577956
           dy  0.0019758-0.0017912 0.0095859 0.0329416 0.2989081
           dz -0.0018197 0.0342748-0.0219973-0.0012915-0.0523981 0.0689671
   9 h     dx  0.0059036-0.0062934-0.0100135 0.0032272-0.0022970-0.0032401
           dy -0.0051989 0.0048436 0.0053382 0.0182742-0.0161537-0.0182185
           dz  0.0172163-0.0178936-0.0277943-0.0036571 0.0020122 0.0050048
  10 h     dx  0.0024832 0.0015492 0.0009647-0.0061151-0.0022463-0.0017430
           dy  0.0008550 0.0017905-0.0007587-0.0020387 0.0008253-0.0001648
           dz  0.0009944-0.0007381 0.0010719-0.0004745-0.0007031 0.0007802
  11 h     dx -0.0070140-0.0010951-0.0006201 0.0014001-0.0004875 0.0003095
           dy -0.0016457 0.0006980 0.0003753 0.0004562 0.0005050-0.0003486
           dz -0.0015625-0.0000994 0.0010336 0.0000138-0.0006174 0.0004125
  12 h     dx  0.0008207-0.0003409-0.0011537-0.0001002 0.0001693-0.0003238
           dy  0.0001456 0.0003440 0.0004746-0.0001044-0.0000389 0.0000817
           dz -0.0007190-0.0000552 0.0001511-0.0000254-0.0001703-0.0001271
  13 h     dx -0.0003882 0.0000605 0.0001655-0.0000000-0.0000587 0.0000272
           dy -0.0001400 0.0000294-0.0001307-0.0000408-0.0000230 0.0000013
           dz  0.0001278-0.0001218 0.0001464 0.0000191-0.0000693 0.0000027
  14 h     dx -0.0000375 0.0000696-0.0002248-0.0000124-0.0001149-0.0000422
           dy -0.0000135-0.0000024 0.0000524 0.0000445 0.0000109 0.0000116
           dz  0.0002721-0.0000293 0.0001207-0.0000013 0.0000196 0.0000117
  15 h     dx -0.0000514-0.0000186-0.0000128 0.0000139-0.0000119-0.0000009
           dy  0.0000045 0.0000171-0.0000665 0.0000014 0.0000288-0.0000117
           dz -0.0000190-0.0001199 0.0001273-0.0000048-0.0000236 0.0000263
  16 h     dx  0.0000549-0.0000555 0.0000252 0.0000438 0.0000024 0.0000101
           dy  0.0001258-0.0000431 0.0000887 0.0001379 0.0000495 0.0000183
           dz  0.0000051-0.0000195 0.0000735 0.0001966 0.0000921 0.0000322
  17 h     dx -0.0000407 0.0000138-0.0000133 0.0000506 0.0000178-0.0000083
           dy -0.0000197 0.0000059-0.0000096 0.0000005-0.0000083-0.0000030
           dz  0.0000698-0.0000266-0.0000255 0.0000008 0.0000198-0.0000015
  18 h     dx  0.0000168-0.0000070-0.0000243-0.0000641-0.0000117-0.0000045
           dy -0.0000057-0.0000254 0.0000421-0.0000161-0.0000124 0.0000094
           dz  0.0000240 0.0000172-0.0000182 0.0000006 0.0000134-0.0000007
  19 h     dx -0.0834312 0.0815982 0.0492225 0.0001931 0.0008537-0.0007496
           dy  0.1143287-0.2329831-0.1951635-0.0007292 0.0020938 0.0005205
           dz  0.0597395-0.1554854-0.1786913 0.0009774 0.0001969 0.0024210
  20 h     dx -0.4226380 0.0383236-0.0300963 0.0001829 0.0001922 0.0008546
           dy -0.0089326-0.0161687-0.0138301 0.0008319-0.0002638 0.0005306
           dz -0.0159597-0.0120054-0.0554744-0.0000716 0.0006174-0.0003347

   ATOM              9 h                          10 h 
                  dx        dy        dz        dx        dy        dz
   9 h     dx  0.1456393
           dy -0.0874023 0.1316128
           dz -0.0950044 0.0913882 0.1629595
  10 h     dx  0.0013401 0.0003020 0.0003062 0.0606260
           dy -0.0006972 0.0007673 0.0002753 0.0230032 0.3071261
           dz  0.0003313 0.0004046 0.0001960-0.0065640-0.0143466 0.0537282
  11 h     dx  0.0007394 0.0006735 0.0004814 0.0014036-0.0015316 0.0034434
           dy  0.0004581 0.0000425 0.0002764 0.0089229-0.0089639 0.0286895
           dz -0.0005212 0.0000477 0.0003438-0.0010181 0.0021248-0.0012626
  12 h     dx  0.0000172 0.0001903-0.0004564 0.0004047 0.0010253-0.0002108
           dy -0.0000882-0.0000177-0.0002142-0.0008538 0.0014509-0.0003835
           dz  0.0000662-0.0000554 0.0001044-0.0010905 0.0001700 0.0018691
  13 h     dx  0.0000455-0.0000076 0.0000332-0.0001003 0.0000731 0.0004640
           dy  0.0000255-0.0000138 0.0000096 0.0000102 0.0000106-0.0000581
           dz -0.0001119 0.0000173-0.0000226-0.0000412 0.0002142-0.0000251
  14 h     dx -0.0005521-0.0001961-0.0000891-0.0006197 0.0005683 0.0004885
           dy  0.0000232 0.0000144 0.0000186-0.0002377 0.0002600-0.0000414
           dz -0.0000569-0.0000612-0.0000365 0.0001130-0.0000655 0.0002372
  15 h     dx -0.0000081-0.0000020 0.0000047-0.0000230 0.0000025 0.0000117
           dy -0.0000051-0.0000066-0.0000011-0.0000842-0.0001087 0.0001197
           dz  0.0000121 0.0000029-0.0000002 0.0000778-0.0000529-0.0002620
  16 h     dx  0.0000155-0.0000069-0.0000079-0.0012422-0.0003260 0.0000745
           dy -0.0000655-0.0000146-0.0000110-0.0003307 0.0006255 0.0000670
           dz -0.0000790-0.0000129-0.0000003-0.0000897 0.0009346 0.0000121
  17 h     dx -0.0000884 0.0000269-0.0000015-0.0000409 0.0002570 0.0000497
           dy -0.0000253-0.0000023-0.0000036 0.0000023 0.0000113 0.0000076
           dz  0.0000278-0.0000121-0.0000081 0.0000219-0.0000358-0.0000216
  18 h     dx  0.0000637 0.0000045 0.0000015 0.0001359-0.0002669-0.0000095
           dy  0.0000178 0.0000006 0.0000036 0.0001367-0.0000368-0.0000704
           dz -0.0000050-0.0000063-0.0000026 0.0000227 0.0000136-0.0000025
  19 h     dx  0.0001702-0.0000604-0.0018172-0.0001455 0.0002390 0.0002280
           dy  0.0001825 0.0009000 0.0026719 0.0000507 0.0001092-0.0000595
           dz -0.0030254 0.0019694-0.0059392 0.0000619 0.0002253-0.0001041
  20 h     dx  0.0015440-0.0004973 0.0003562 0.0002909 0.0000786 0.0000967
           dy -0.0003998 0.0008433-0.0009805 0.0001155 0.0000127 0.0001667
           dz  0.0002334-0.0008089 0.0012663 0.0001423-0.0000385 0.0001061

   ATOM             11 h                          12 h 
                  dx        dy        dz        dx        dy        dz
  11 h     dx  0.0749459
           dy -0.0242798 0.0754914
           dz  0.0635775-0.0720561 0.2873599
  12 h     dx -0.0028286 0.0020246 0.0030200 0.0707523
           dy  0.0022386-0.0007440-0.0027790-0.0323188 0.0850070
           dz  0.0033377-0.0026980-0.0016886 0.0368135-0.1395769 0.3750770
  13 h     dx  0.0002100-0.0001467 0.0010366-0.0063363 0.0017872-0.0014238
           dy  0.0003523 0.0000396-0.0004042-0.0000781 0.0004795 0.0000295
           dz -0.0005793 0.0002946 0.0007438-0.0011337 0.0001452 0.0018094
  14 h     dx  0.0002483-0.0003425-0.0001347 0.0008387 0.0003749-0.0002184
           dy -0.0000617-0.0000192-0.0002090 0.0003631-0.0001795-0.0000333
           dz -0.0000072-0.0000533 0.0006406 0.0006581 0.0000641 0.0003322
  15 h     dx  0.0000911 0.0000085-0.0001096-0.0002712-0.0000442-0.0005324
           dy  0.0001074-0.0000941-0.0001301-0.0010577 0.0000732-0.0007491
           dz -0.0001085-0.0001470 0.0001810 0.0008816 0.0005604 0.0000404
  16 h     dx -0.0000311-0.0000494 0.0001223-0.0000559-0.0001373-0.0000773
           dy -0.0001799-0.0003106 0.0002513-0.0001484-0.0001381-0.0000025
           dz  0.0000139 0.0000440-0.0000808 0.0001555-0.0000440 0.0000085
  17 h     dx -0.0000198-0.0000004 0.0000625 0.0000570-0.0000105 0.0001518
           dy  0.0000099-0.0000033 0.0000117-0.0001119-0.0000537-0.0000592
           dz -0.0000176 0.0000329-0.0000357 0.0001458-0.0000212 0.0000654
  18 h     dx  0.0000108 0.0000411-0.0000314-0.0000734 0.0000425-0.0000134
           dy -0.0000082 0.0000185 0.0000015 0.0001527 0.0000525 0.0000889
           dz  0.0000086-0.0000177-0.0000159-0.0001087-0.0000063-0.0000570
  19 h     dx -0.0002881 0.0003200 0.0002307-0.0025295-0.0013480-0.0004311
           dy -0.0002268 0.0001650 0.0001455-0.0011817-0.0003096 0.0002773
           dz -0.0001674 0.0001208 0.0001028-0.0003241-0.0004212 0.0005717
  20 h     dx -0.0008863-0.0001500 0.0000263 0.0004412 0.0000471-0.0001181
           dy -0.0004528 0.0004356-0.0003807 0.0004229-0.0004036-0.0001379
           dz -0.0019030-0.0005532-0.0002629-0.0006972-0.0003401 0.0002313

   ATOM             13 h                          14 h 
                  dx        dy        dz        dx        dy        dz
  13 h     dx  0.0604763
           dy -0.0078183 0.1033875
           dz  0.0235935-0.1073867 0.2764630
  14 h     dx  0.0018668-0.0020964-0.0009735 0.1158842
           dy -0.0067724 0.0085188 0.0082818-0.0696137 0.1475655
           dz  0.0130713-0.0168901-0.0186142-0.0807838 0.1080099 0.1693934
  15 h     dx -0.0014147-0.0030920-0.0003414 0.0004632 0.0005336-0.0006230
           dy -0.0025903-0.0051464-0.0001081 0.0007870 0.0012660-0.0003870
           dz -0.0005340 0.0000006 0.0015942 0.0000864 0.0005940 0.0009268
  16 h     dx  0.0003720 0.0009515 0.0001505-0.0012395-0.0033758-0.0001871
           dy  0.0005054 0.0012967 0.0002877-0.0029667-0.0048008 0.0001629
           dz -0.0005426-0.0000936 0.0010235-0.0004084 0.0004636 0.0016495
  17 h     dx  0.0001811 0.0002063 0.0002280 0.0003609 0.0000307-0.0003092
           dy  0.0002421 0.0001961-0.0000922 0.0001436 0.0003589 0.0002268
           dz -0.0002385-0.0003307 0.0001943-0.0000235 0.0003162-0.0000125
  18 h     dx  0.0000539-0.0000314-0.0001283-0.0000888-0.0013828-0.0006636
           dy -0.0001485-0.0000842 0.0001651 0.0003626-0.0000690-0.0008254
           dz  0.0001766-0.0000666-0.0002683 0.0004930 0.0000881 0.0000696
  19 h     dx  0.0002476-0.0000053 0.0001469-0.0000164 0.0000001-0.0000762
           dy  0.0001919-0.0000039 0.0000889-0.0000004 0.0000215-0.0000217
           dz  0.0000389-0.0000072 0.0000125 0.0000235-0.0000291-0.0000367
  20 h     dx -0.0000827-0.0000306 0.0000216-0.0000139-0.0000038 0.0000388
           dy -0.0000765-0.0000234 0.0000327-0.0000663 0.0000026 0.0000347
           dz  0.0001285-0.0000414 0.0000985-0.0000393-0.0000033 0.0000127

   ATOM             15 h                          16 h 
                  dx        dy        dz        dx        dy        dz
  15 h     dx  0.0619145
           dy -0.0115398 0.1042001
           dz  0.0264955-0.1007830 0.2493145
  16 h     dx  0.0025583-0.0019807-0.0007835 0.1054184
           dy -0.0056990 0.0088807 0.0104925-0.0660369 0.1445230
           dz  0.0106292-0.0160126-0.0219022-0.0776248 0.1139283 0.1912575
  17 h     dx  0.0011170 0.0002002-0.0006343 0.0009871 0.0002099 0.0008873
           dy  0.0008192 0.0005281-0.0002094-0.0002556 0.0005707-0.0000103
           dz  0.0003493-0.0010467 0.0000862 0.0007453 0.0002155 0.0004288
  18 h     dx  0.0018203 0.0002988-0.0005165-0.0068477 0.0002459-0.0024573
           dy -0.0009653-0.0001643-0.0007034 0.0001747 0.0010320 0.0012468
           dz -0.0003990 0.0005936 0.0018291-0.0015270 0.0004660 0.0012837
  19 h     dx -0.0000031-0.0000336 0.0000197-0.0000038 0.0000218 0.0000528
           dy -0.0000052-0.0000369 0.0000572-0.0000025-0.0000029 0.0000248
           dz  0.0000028 0.0000257-0.0000352-0.0000132 0.0000050-0.0000046
  20 h     dx -0.0000056-0.0000038 0.0000062 0.0000094 0.0000177-0.0000002
           dy -0.0000116-0.0000109 0.0000070 0.0000167 0.0000205 0.0000037
           dz -0.0000090-0.0000075 0.0000213 0.0000118 0.0000413 0.0000196

   ATOM             17 h                          18 h 
                  dx        dy        dz        dx        dy        dz
  17 h     dx  0.1427170
           dy  0.1546311 0.3553931
           dz  0.0176608 0.0581394 0.0314951
  18 h     dx  0.0094833-0.0105608-0.0140706 0.1508853
           dy  0.0183421-0.0188745-0.0280922-0.0887020 0.1426372
           dz  0.0032914 0.0032949-0.0067898-0.1321114 0.1592263 0.2329006
  19 h     dx  0.0000659 0.0000171-0.0000485-0.0000365-0.0000043-0.0000135
           dy -0.0000062 0.0000057-0.0000275-0.0000117 0.0000163-0.0000127
           dz  0.0000394 0.0000069-0.0000060-0.0000052-0.0000130 0.0000060
  20 h     dx -0.0000093-0.0000027 0.0000088 0.0000024 0.0000020 0.0000018
           dy -0.0000143-0.0000034 0.0000056 0.0000056 0.0000121-0.0000029
           dz  0.0000174 0.0000031-0.0000100-0.0000125-0.0000033-0.0000013

   ATOM             19 h                          20 h 
                  dx        dy        dz        dx        dy        dz
  19 h     dx  0.0935121
           dy -0.1041804 0.2315885
           dz -0.0692486 0.1797148 0.2059107
  20 h     dx -0.0138440-0.0044902-0.0014502 0.4420418
           dy  0.0319276-0.0046193 0.0018417-0.0299976 0.0249493
           dz  0.0268844 0.0002151 0.0021571 0.0296160 0.0093961 0.0635885
 

   *** projected hessian written onto $hessian (projected), file=<hessian> ***

 dipole moment in principle axis system (a.u.) :    -0.1102170467     0.2967824807    -0.2543454631
 norm :  0.4061025151    

 rotational constants b for rotations around axis of inertia
 and optical intensities for (1 <-- 0) transition

   b   :     0.2749330114     0.0303007401     0.0306321664   (cm**(-1))

   b   :  8242.2843264264   908.3933360293   918.3292466146     (MHz)

   b   :     0.0121477974     0.0880798408     0.0646916146     (a.u.)

   x   :     0.9900755705    -0.0697618792    -0.1219985449
   y   :     0.1050788289     0.9439202275     0.3130064596
   z   :     0.0933209754    -0.3227195133     0.9418828543

   ***  normal modes written onto $vibrational normal modes, file=<vib_normal_modes>  ***

  Keyword $vibrational reduced masses missing in file <control>


   ***  vibrational spectroscopic data written onto$vibrational spectrum   
        file=<vibspectrum>  ***

          ---------------------------------------------------
          NORMAL MODES and VIBRATIONAL FREQUENCIES (cm**(-1))
          ---------------------------------------------------

 imaginary wave numbers indicate a negative curvature of the energy surface.
 zero frequency modes have no physical meaning except being generators of
 translations and rotations. each vibrational normal mode - given in terms of
 cartesian displacement vectors of all atoms - has been normalized to unity.
 to obtain mass-weigthed normal coordinates in a.u. divide the tabulated
 modes by sqrt(reduced mass * 1822.88853).
 band intensities or cross sections refer to independent non-degenerate normal
 modes, that is, the intensities of degenerate modes have yet to be added.
 dDIP/dQ is the normal mode derivative of the dipole moment.


       mode               1        2        3        4        5        6

     frequency           0.00     0.00     0.00     0.00     0.00     0.00

     symmetry                                                             

        IR                -        -        -        -        -        - 
|dDIP/dQ|   (a.u.)     0.0000   0.0000   0.0000   0.0000   0.0000   0.0000
intensity (km/mol)       0.00     0.00     0.00     0.00     0.00     0.00
intensity (  %   )       0.00     0.00     0.00     0.00     0.00     0.00
 
       RAMAN              -        -        -        -        -        - 
 
  1   c           x   0.19331 -0.05865  0.05135  0.02230 -0.03241  0.03156
                  y  -0.10577 -0.13196 -0.11156  0.26184  0.00759 -0.04385
                  z  -0.05175 -0.08047  0.01952 -0.01962  0.00490  0.27448
  2   c           x   0.18681 -0.05984  0.05584  0.05398 -0.01711  0.04766
                  y  -0.07427 -0.15497 -0.15799  0.14130  0.00037 -0.05082
                  z  -0.06210 -0.03646  0.06605 -0.02168 -0.07740  0.18688
  3   n           x   0.18722 -0.06497  0.05936 -0.00741 -0.05815 -0.02187
                  y   0.00760  0.01678 -0.14738  0.09526 -0.13165  0.02228
                  z  -0.12126 -0.16615  0.06161 -0.04528 -0.01954  0.06905
  4   c           x   0.19580 -0.05968  0.05072 -0.00682 -0.04972  0.00581
                  y   0.03128 -0.02590 -0.19667 -0.02464 -0.12466  0.00705
                  z  -0.15413 -0.19083  0.09276 -0.05692 -0.05306 -0.04403
  5   c           x   0.15436 -0.07561  0.08541  0.10009 -0.01633 -0.00120
                  y   0.05194 -0.02207 -0.21640 -0.08186 -0.13865  0.00993
                  z  -0.09164  0.03032  0.15716 -0.02938 -0.23081 -0.00412
  6   n           x   0.16778 -0.06844  0.07271  0.08833 -0.01172  0.02745
                  y   0.07552 -0.06461 -0.26552 -0.20135 -0.13168 -0.00526
                  z  -0.13348 -0.02107  0.18263 -0.04482 -0.24579 -0.12797
  7   n           x   0.15300 -0.08200  0.09085  0.03661 -0.06043 -0.07869
                  y  -0.03876  0.09795 -0.05220  0.32730 -0.14416  0.05117
                  z  -0.02443 -0.02052  0.02161 -0.00872 -0.02189  0.32884
  8   h           x   0.23178 -0.04232  0.01802 -0.05928 -0.05150  0.05842
                  y  -0.12442 -0.17624 -0.11690  0.26638  0.04019 -0.06254
                  z  -0.11013 -0.25966 -0.02121 -0.04450  0.13299  0.20968
  9   h           x   0.19032 -0.05599  0.05107  0.07344 -0.00070  0.08116
                  y  -0.16460 -0.25582 -0.11944  0.29441  0.10269 -0.09656
                  z  -0.00422  0.02783  0.02599 -0.00053 -0.04727  0.36503
 10   h           x   0.15181 -0.07367  0.08541  0.13990  0.00815  0.03671
                  y  -0.06892 -0.14633 -0.15876  0.13533 -0.00699 -0.04706
                  z  -0.00070  0.14932  0.10698  0.00441 -0.20839  0.25774
 11   h           x   0.21880 -0.04176  0.02482  0.03742  0.00162  0.12917
                  y  -0.12390 -0.32401 -0.20125  0.09427  0.11216 -0.12071
                  z  -0.08632 -0.09342  0.06149 -0.03146 -0.04835  0.14253
 12   h           x   0.15426 -0.08293  0.09083  0.01724 -0.07232 -0.09708
                  y   0.05719  0.17272 -0.11151  0.12729 -0.23701  0.08701
                  z  -0.09521 -0.09545  0.07321 -0.03447 -0.06386  0.10727
 13   h           x   0.23220 -0.04007  0.01614 -0.03654 -0.03576  0.08598
                  y  -0.02197 -0.19171 -0.23426 -0.05714 -0.01233 -0.06181
                  z  -0.18397 -0.27331  0.07840 -0.06936 -0.00021 -0.08629
 14   h           x   0.20017 -0.06201  0.05000 -0.06375 -0.08406 -0.04615
                  y   0.08863  0.10276 -0.18451 -0.04728 -0.22123  0.06154
                  z  -0.20318 -0.30946  0.08119 -0.07683  0.01032 -0.13053
 15   h           x   0.11730 -0.09541  0.12051  0.13221 -0.02930 -0.08071
                  y   0.10303  0.14127 -0.17793 -0.04579 -0.24851  0.07767
                  z  -0.05902  0.11851  0.17145 -0.01585 -0.28585  0.04407
 16   h           x   0.15142 -0.07246  0.08475  0.15633  0.01887  0.05446
                  y  -0.00620 -0.15784 -0.23176 -0.06510 -0.03815 -0.04742
                  z  -0.04471  0.14581  0.16962 -0.01027 -0.29419  0.07669
 17   h           x   0.14260 -0.07759  0.09340  0.15938  0.01268  0.03021
                  y   0.08353 -0.07816 -0.28169 -0.24087 -0.12975 -0.01006
                  z  -0.09226  0.12448  0.22487 -0.02666 -0.36258 -0.10131
 18   h           x   0.16718 -0.07278  0.07622  0.04309 -0.04281 -0.02664
                  y   0.13308  0.06623 -0.25233 -0.22206 -0.22944  0.05011
                  z  -0.17340 -0.11380  0.17593 -0.06091 -0.19951 -0.20223
 19   h           x   0.16168 -0.08216  0.08614 -0.02565 -0.09433 -0.12323
                  y   0.00747  0.20928 -0.03807  0.31785 -0.22573  0.09810
                  z  -0.07358 -0.14941  0.00290 -0.02898  0.05550  0.25223
 20   h           x   0.15010 -0.08358  0.09362  0.03885 -0.06164 -0.08526
                  y  -0.06542  0.09954 -0.02305  0.40866 -0.12930  0.05002
                  z   0.00000  0.00000  0.00000  0.00000  0.00000  0.41070

reduced mass(g/mol)     4.788    2.908    4.896    4.476    3.730    4.148


       mode               7        8        9       10       11       12

     frequency          46.70    87.05   103.86   137.49   220.51   233.49

     symmetry            a        a        a        a        a        a   

        IR               YES      YES      YES      YES      YES      YES
|dDIP/dQ|   (a.u.)     0.0017   0.0012   0.0018   0.0004   0.0048   0.0043
intensity (km/mol)       4.89     2.73     5.65     0.29    40.86    33.15
intensity (  %   )       3.33     1.86     3.84     0.20    27.81    22.56
 
       RAMAN             YES      YES      YES      YES      YES      YES
 
  1   c           x  -0.02306  0.03339  0.04814  0.01409 -0.01268 -0.03223
                  y  -0.00078 -0.01119  0.13378 -0.06128 -0.00017  0.00035
                  z  -0.06690  0.02527  0.04179 -0.05986 -0.01708 -0.00835
  2   c           x  -0.01041  0.04629  0.09014  0.00024 -0.00327 -0.02916
                  y  -0.15995 -0.02741  0.02791  0.04158 -0.02294 -0.00241
                  z   0.10693 -0.04723 -0.06150 -0.15975  0.00460  0.02532
  3   n           x   0.00853  0.02194  0.00049  0.07879  0.00972 -0.01156
                  y  -0.16118 -0.06432 -0.13430 -0.08291 -0.01980  0.02047
                  z   0.12959 -0.04557 -0.02815 -0.00064  0.02715  0.02748
  4   c           x   0.01823  0.02614  0.02029  0.05201  0.02267  0.00050
                  y  -0.04390 -0.03212 -0.08385 -0.02417  0.06244 -0.00963
                  z   0.10397 -0.04952 -0.09201  0.13830 -0.03134 -0.00096
  5   c           x  -0.06586  0.01462 -0.10133  0.02264  0.03001  0.05563
                  y   0.00418 -0.02470 -0.02294 -0.00444  0.06244 -0.02890
                  z  -0.05284 -0.18514  0.09423  0.10586  0.01853 -0.05519
  6   n           x  -0.03314 -0.06716 -0.07236  0.06949  0.02188  0.05214
                  y   0.12562  0.07370  0.06801  0.02599 -0.03179 -0.00552
                  z  -0.12284  0.19949  0.01848 -0.06707  0.02028 -0.00286
  7   n           x   0.12066 -0.07082  0.03171 -0.22331 -0.03107 -0.02259
                  y   0.19753  0.08181 -0.01685  0.09218 -0.04517 -0.01935
                  z  -0.06653  0.07738  0.01196  0.04537 -0.02755 -0.01813
  8   h           x  -0.14503  0.04791 -0.05101  0.14898 -0.04951 -0.04403
                  y  -0.01639 -0.02611  0.18238 -0.10581  0.01432  0.00477
                  z  -0.20536 -0.03073  0.19357 -0.17421  0.01005 -0.00088
  9   h           x  -0.02695  0.08639  0.13061  0.05298  0.00530 -0.03914
                  y  -0.02319 -0.05130  0.28988 -0.20606  0.02948  0.00790
                  z  -0.05232  0.10838 -0.01617  0.10090 -0.02678 -0.02120
 10   h           x   0.08837  0.05065  0.17908 -0.06010  0.00541 -0.03412
                  y  -0.16274 -0.02960  0.01529  0.03813 -0.02129  0.00054
                  z   0.20995 -0.08072 -0.18021 -0.35177  0.01208  0.05555
 11   h           x  -0.13193  0.07719  0.10816  0.00305 -0.02997 -0.05239
                  y  -0.27456  0.00054  0.11131  0.23723 -0.02482 -0.02491
                  z   0.10650 -0.04729 -0.04013 -0.09965  0.01336  0.02553
 12   h           x  -0.02880  0.00762 -0.03941  0.17476 -0.08663 -0.03982
                  y  -0.19883 -0.10393 -0.22883 -0.21315 -0.12370 -0.00290
                  z   0.11667 -0.06148 -0.06508 -0.07076 -0.00512  0.02153
 13   h           x   0.06735  0.01784  0.10168 -0.03045  0.08871  0.00521
                  y   0.05946  0.08500 -0.22142  0.03843  0.02134  0.03332
                  z   0.14849  0.00800 -0.16633  0.17775 -0.05717  0.01871
 14   h           x   0.04269  0.02975  0.03375  0.13222  0.02077 -0.03707
                  y  -0.08367 -0.11521  0.06441 -0.05998  0.11443 -0.06332
                  z   0.15731  0.02833 -0.21458  0.22902 -0.08109  0.02349
 15   h           x  -0.15526  0.23998 -0.18894 -0.10189  0.05754  0.08951
                  y  -0.09013 -0.23892  0.12294  0.02050  0.10358 -0.05091
                  z  -0.08742 -0.33308  0.18445  0.13878  0.03655 -0.07038
 16   h           x  -0.05932 -0.17402 -0.13437  0.09304  0.05295  0.04648
                  y   0.04301  0.13686 -0.19338 -0.03655  0.04661  0.00550
                  z  -0.08200 -0.43223  0.21578  0.17439  0.04607 -0.09078
 17   h           x  -0.08408 -0.09931 -0.18147  0.03886  0.13235 -0.13233
                  y   0.16532  0.10756  0.09987  0.03571 -0.06566  0.00898
                  z  -0.22623  0.06675  0.21854 -0.01910 -0.16567  0.63774
 18   h           x  -0.04509  0.11243 -0.02310  0.01339 -0.06411  0.25310
                  y   0.09492 -0.12145  0.30033  0.12705 -0.22581  0.55206
                  z  -0.10972  0.45337 -0.10747 -0.17345  0.09448 -0.24793
 19   h           x  -0.02431 -0.14238 -0.09247 -0.24196 -0.56203 -0.18609
                  y   0.17783  0.11594 -0.15088  0.22630 -0.32665 -0.11275
                  z  -0.11541  0.00192  0.10515 -0.12015  0.03790  0.01004
 20   h           x   0.13411 -0.07664  0.03354 -0.24066 -0.01582 -0.01669
                  y   0.44677  0.11059  0.10925 -0.01614  0.58999  0.18643
                  z  -0.11597  0.16242  0.04903  0.20600  0.11048  0.01518

reduced mass(g/mol)     3.420    2.481    2.177    2.852    1.225    1.183


       mode              13       14       15       16       17       18

     frequency         290.79   298.89   327.26   451.08   576.00   751.64

     symmetry            a        a        a        a        a        a   

        IR               YES      YES      YES      YES      YES      YES
|dDIP/dQ|   (a.u.)     0.0021   0.0015   0.0030   0.0026   0.0011   0.0070
intensity (km/mol)       7.72     3.79    15.80    12.31     2.11    88.20
intensity (  %   )       5.25     2.58    10.76     8.38     1.43    60.03
 
       RAMAN             YES      YES      YES      YES      YES      YES
 
  1   c           x   0.10850  0.01989  0.05062 -0.13826  0.15086 -0.01800
                  y  -0.12154 -0.05130  0.01334 -0.06616  0.04223  0.02246
                  z  -0.00422 -0.01042  0.04150  0.12233 -0.05272  0.00519
  2   c           x   0.01583 -0.01908  0.06729 -0.12675  0.07543 -0.00528
                  y   0.13686  0.05527 -0.08483 -0.03078  0.02297  0.04000
                  z  -0.00658  0.00169 -0.06705 -0.11800  0.05389  0.06186
  3   n           x  -0.02581 -0.02588  0.02205 -0.09985 -0.18448 -0.05090
                  y   0.07835 -0.11672 -0.03020 -0.08995 -0.09698 -0.12279
                  z   0.01304  0.12690 -0.13678 -0.10173 -0.03570 -0.05201
  4   c           x  -0.05493  0.01434 -0.05774 -0.06747 -0.18646  0.03439
                  y  -0.05373  0.10538  0.10864  0.01808  0.03590 -0.02205
                  z   0.01932 -0.07580  0.11981 -0.01221 -0.00944  0.02732
  5   c           x  -0.07111 -0.00414 -0.06500  0.09123  0.04930  0.00140
                  y  -0.06740  0.11592  0.10487  0.01059  0.01431  0.04625
                  z  -0.00315 -0.04443 -0.01327  0.03676  0.03353  0.00781
  6   n           x  -0.07018 -0.04549 -0.10208  0.14800  0.12000  0.00942
                  y  -0.00111 -0.11807 -0.12013  0.06748  0.04560 -0.00190
                  z  -0.01815  0.01323 -0.03015  0.02534  0.02638 -0.00353
  7   n           x   0.12248  0.03038  0.06416  0.15600 -0.02836 -0.01627
                  y   0.00898  0.04445 -0.00614  0.03820 -0.01295 -0.00753
                  z   0.01667  0.00377  0.04229  0.08357 -0.03409 -0.02059
  8   h           x   0.35602  0.13178 -0.04435 -0.25878  0.37793  0.13300
                  y  -0.19348 -0.08825  0.03758 -0.04912 -0.00924 -0.01612
                  z  -0.19512 -0.10754  0.09633  0.13034 -0.15392 -0.08156
  9   h           x  -0.05037 -0.05316  0.13351 -0.08762  0.02365 -0.14335
                  y  -0.37870 -0.16741  0.10408  0.03208 -0.16215 -0.13198
                  z   0.06844  0.02064  0.04004  0.08403  0.00144  0.02201
 10   h           x  -0.13561 -0.06069  0.11149 -0.28384  0.32304  0.10151
                  y   0.14187  0.04993 -0.08567 -0.03474  0.00949  0.01214
                  z  -0.17607 -0.21969  0.00238 -0.43239  0.24278 -0.13594
 11   h           x   0.11034 -0.02264  0.14086  0.10139  0.01494 -0.00623
                  y   0.30754  0.25626 -0.15849  0.26876 -0.22946  0.15707
                  z   0.01934  0.06478 -0.11066 -0.09310 -0.00471  0.09390
 12   h           x  -0.01055 -0.18198  0.11013 -0.08197 -0.30953  0.28002
                  y   0.05447 -0.41580  0.10364 -0.13434 -0.18352  0.73189
                  z   0.00241  0.01681 -0.09232 -0.12399 -0.06094  0.25538
 13   h           x  -0.09264  0.23684 -0.24969 -0.15449 -0.32294  0.11999
                  y  -0.04921  0.06961  0.34724  0.02782  0.10902 -0.16445
                  z   0.02636 -0.11623  0.25376  0.00170  0.04307 -0.05803
 14   h           x  -0.08269 -0.01710  0.15855 -0.03205 -0.13731  0.07494
                  y  -0.08646  0.19835 -0.03151 -0.01229 -0.05567  0.15679
                  z   0.02889 -0.18206  0.40080  0.04293  0.11453 -0.10788
 15   h           x  -0.10674  0.08509 -0.02166  0.11440  0.09776  0.05092
                  y  -0.08873  0.18652  0.04776  0.03755  0.05035 -0.09081
                  z  -0.00984 -0.01939 -0.05012  0.04984  0.04805 -0.07461
 16   h           x  -0.09291  0.03419  0.02502  0.12739  0.13383  0.03413
                  y  -0.07118  0.10556  0.20953  0.02466  0.05996  0.18764
                  z  -0.01222 -0.01374 -0.04984  0.04724  0.04436 -0.09415
 17   h           x  -0.11440  0.06164 -0.00066  0.08330  0.03317  0.06604
                  y   0.01953 -0.21118 -0.22113  0.12427  0.11383 -0.03896
                  z   0.00045  0.29633  0.32912 -0.13385 -0.11976  0.04830
 18   h           x  -0.04679 -0.04713 -0.12389  0.14225  0.11710 -0.02517
                  y   0.03923  0.00910  0.07404  0.02227  0.04649 -0.00362
                  z  -0.02968 -0.07434 -0.17546  0.05027  0.02045 -0.02417
 19   h           x  -0.21915  0.24811 -0.03066  0.17947 -0.06994 -0.01944
                  y  -0.09792  0.20206 -0.07490  0.01209 -0.02586 -0.04148
                  z  -0.02511 -0.07247  0.07496  0.12727 -0.04315  0.01952
 20   h           x   0.13778  0.02340  0.06923  0.18860 -0.05378 -0.01295
                  y   0.46578 -0.23423  0.12981  0.27599 -0.20454  0.04651
                  z   0.07743 -0.05596  0.04798 -0.19428  0.16987 -0.02241

reduced mass(g/mol)     2.043    2.081    2.403    3.082    2.680    1.404


       mode              19       20       21       22       23       24

     frequency         780.99   829.13   838.03   854.84   910.51   960.17

     symmetry            a        a        a        a        a        a   

        IR               YES      YES      YES      YES      YES      YES
|dDIP/dQ|   (a.u.)     0.0043   0.0074   0.0029   0.0091   0.0006   0.0021
intensity (km/mol)      32.44    96.98    15.35   146.94     0.74     7.66
intensity (  %   )      22.07    66.00    10.45   100.00     0.51     5.21
 
       RAMAN             YES      YES      YES      YES      YES      YES
 
  1   c           x  -0.04055 -0.05877 -0.07491 -0.00379 -0.08929  0.02247
                  y   0.01097  0.01970  0.05182  0.00483 -0.06960 -0.01819
                  z   0.01645  0.03129  0.03220 -0.06762  0.09279 -0.01838
  2   c           x  -0.00270  0.00441 -0.01984  0.00338  0.17782 -0.03761
                  y   0.03934  0.03985  0.05818  0.04766  0.01849  0.02335
                  z   0.04924  0.03015 -0.03719 -0.01374  0.11843  0.01958
  3   n           x  -0.00260  0.02753  0.01741 -0.01054  0.02711 -0.02172
                  y  -0.03459 -0.01777 -0.00028 -0.01966  0.01551  0.03088
                  z  -0.02475 -0.02841 -0.03898  0.00376 -0.03518 -0.01416
  4   c           x   0.05418  0.05821  0.03072  0.00259 -0.03748  0.02393
                  y  -0.02755  0.02464 -0.02271 -0.00166 -0.00843 -0.21287
                  z  -0.05604 -0.03766  0.04008 -0.00572 -0.00636 -0.02610
  5   c           x   0.02640 -0.04108  0.01175 -0.00399  0.00306 -0.01751
                  y   0.00976 -0.01427  0.00943  0.00513  0.00458  0.17774
                  z  -0.05055 -0.00574  0.02503 -0.00573  0.04306  0.01456
  6   n           x  -0.02516  0.03158 -0.02140  0.00607 -0.00386  0.04470
                  y   0.02403 -0.06382  0.02100 -0.00616  0.01648  0.02150
                  z  -0.01999  0.08366 -0.03639  0.01022 -0.02176  0.02481
  7   n           x  -0.00811 -0.00498  0.01160 -0.02438 -0.07247  0.01596
                  y  -0.00161  0.00484 -0.00907 -0.10370  0.00102  0.00769
                  z  -0.01325 -0.01633  0.02011  0.10720 -0.11103  0.00903
  8   h           x   0.07010  0.10282  0.26993  0.08451 -0.18839 -0.06821
                  y  -0.02084 -0.03226 -0.04621  0.03978 -0.04790  0.01368
                  z  -0.06304 -0.10814 -0.18934  0.17396  0.09914  0.06483
  9   h           x  -0.13636 -0.17161 -0.23546 -0.02098 -0.18494  0.03642
                  y  -0.10891 -0.16673 -0.29607  0.08102 -0.00073  0.08933
                  z   0.03012  0.08429  0.17625 -0.14643 -0.05534 -0.09364
 10   h           x   0.03837  0.06479  0.18458  0.13890  0.06083 -0.12202
                  y   0.03063  0.03370  0.05177  0.03990  0.02002  0.03457
                  z   0.02675  0.08809  0.29691  0.13176 -0.09937  0.08502
 11   h           x   0.00009  0.01841 -0.06686 -0.12898  0.53932 -0.04680
                  y   0.02985 -0.04081 -0.30521 -0.14083  0.23765 -0.01445
                  z   0.04494  0.00199 -0.13182 -0.03300  0.08418  0.00947
 12   h           x  -0.00730 -0.01985  0.01684  0.04237 -0.18195 -0.06210
                  y   0.08958 -0.07174 -0.32820  0.01846 -0.21598 -0.12997
                  z   0.02571 -0.04649 -0.17646  0.01055 -0.10059 -0.07129
 13   h           x  -0.07542 -0.00570  0.05424  0.01378 -0.19112 -0.10673
                  y   0.35856  0.20207 -0.18781  0.03119 -0.08204 -0.09793
                  z   0.14515  0.05630 -0.04234  0.00842 -0.02263  0.04355
 14   h           x   0.08244  0.12978  0.05333  0.00068  0.08109  0.03657
                  y  -0.34910 -0.10176  0.12883 -0.01950  0.03707 -0.31611
                  z   0.25950  0.12978 -0.08354  0.00948  0.03572  0.08192
 15   h           x  -0.11817  0.15729 -0.05326  0.01889 -0.00016  0.12085
                  y   0.40125  0.03316 -0.16194  0.03399 -0.16935  0.03403
                  z   0.17635 -0.00162 -0.05769  0.00655 -0.05120 -0.07579
 16   h           x  -0.01067 -0.14545  0.04205 -0.01057  0.02786 -0.27886
                  y  -0.37791 -0.05195  0.13610 -0.01586  0.16645  0.17265
                  z   0.25763 -0.03925 -0.06520  0.00728 -0.07982 -0.14286
 17   h           x   0.08244 -0.21699  0.10383 -0.01593  0.07240  0.49827
                  y  -0.07010  0.17148 -0.08591  0.01622 -0.04536 -0.22120
                  z   0.18602 -0.49230  0.19097 -0.04771  0.09572  0.09877
 18   h           x   0.11861 -0.24342  0.03580 -0.02026 -0.00676 -0.38267
                  y  -0.18717  0.35755 -0.12310  0.03380 -0.05500  0.01213
                  z   0.23554 -0.42884  0.11547 -0.03894  0.03385 -0.25975
 19   h           x   0.01247  0.02164  0.08139  0.25965  0.05897 -0.06099
                  y  -0.03308 -0.09199 -0.13789  0.50454  0.19811  0.01369
                  z   0.03411  0.10615  0.20490 -0.40270 -0.26383 -0.04035
 20   h           x  -0.00307 -0.00029  0.03083  0.06037 -0.04797 -0.00094
                  y   0.01907 -0.00729  0.04127  0.51024  0.15331 -0.06800
                  z  -0.06547 -0.10575 -0.18661 -0.25712 -0.29582  0.14980

reduced mass(g/mol)     1.234    1.355    1.271    1.393    2.054    1.979


       mode              25       26       27       28       29       30

     frequency        1002.53  1058.79  1073.87  1093.43  1136.90  1154.49

     symmetry            a        a        a        a        a        a   

        IR               YES      YES      YES      YES      YES      YES
|dDIP/dQ|   (a.u.)     0.0018   0.0008   0.0046   0.0030   0.0020   0.0050
intensity (km/mol)       5.47     1.18    37.79    16.01     7.33    44.39
intensity (  %   )       3.72     0.81    25.71    10.90     4.99    30.21
 
       RAMAN             YES      YES      YES      YES      YES      YES
 
  1   c           x   0.03440 -0.00812 -0.03654  0.11707  0.08333 -0.00131
                  y  -0.02515  0.09529  0.06749  0.01242  0.06971 -0.07392
                  z  -0.04123 -0.08456 -0.10651  0.13219  0.04648  0.07883
  2   c           x  -0.10381  0.01315  0.01139 -0.07233 -0.11000 -0.07253
                  y   0.07906 -0.09627 -0.03792 -0.03976 -0.04284  0.10301
                  z   0.11208  0.02618  0.06835 -0.03137  0.09326  0.00304
  3   n           x  -0.02191  0.04278  0.08938 -0.06608  0.08713  0.23511
                  y  -0.04886  0.02149  0.01014  0.00978  0.00891 -0.09647
                  z  -0.11062  0.02949 -0.01695  0.00811 -0.06657  0.02352
  4   c           x   0.12635 -0.02438 -0.03592  0.09438 -0.04402 -0.20297
                  y   0.06857  0.00998  0.05258  0.05161 -0.09211  0.03814
                  z  -0.02127 -0.08609 -0.03882 -0.02171  0.02250 -0.12552
  5   c           x   0.03106  0.11609 -0.26384 -0.06073  0.01148 -0.01011
                  y  -0.08113 -0.02931 -0.02248 -0.05087  0.08601 -0.03207
                  z   0.07444  0.10066 -0.03220  0.03602 -0.05958  0.05586
  6   n           x  -0.04914 -0.09121  0.20383  0.04521 -0.01917  0.01365
                  y   0.00944  0.03935 -0.01952  0.01417 -0.04348  0.02835
                  z  -0.03889 -0.04129  0.02165 -0.01116  0.02257 -0.02539
  7   n           x   0.03906 -0.01260  0.01157 -0.05795 -0.02749  0.00914
                  y   0.00718 -0.03689 -0.02775  0.00128 -0.02187  0.03995
                  z   0.02405  0.07118  0.08584 -0.10685 -0.03589 -0.05217
  8   h           x  -0.09851  0.09010 -0.02449  0.23712  0.18559  0.06577
                  y   0.03835  0.02136  0.02395  0.00613  0.04170 -0.01530
                  z   0.15399 -0.31493 -0.25609  0.13706 -0.02457  0.35804
  9   h           x  -0.09535  0.03261 -0.12102  0.37277  0.07738  0.03810
                  y   0.15001 -0.13342 -0.08297  0.01207 -0.04619  0.05893
                  z  -0.30145  0.14325 -0.05589  0.36227  0.13904  0.00759
 10   h           x  -0.18286  0.01288 -0.03350 -0.15151 -0.23052  0.13608
                  y   0.07957 -0.10729 -0.04515 -0.02941 -0.04436  0.07152
                  z   0.13512 -0.34359 -0.20290 -0.00148 -0.09942  0.19962
 11   h           x  -0.09000 -0.15352 -0.05038 -0.19479 -0.15104 -0.44533
                  y   0.03513  0.25611  0.21386 -0.02540  0.17285 -0.13943
                  z   0.09113  0.17707  0.15801  0.01036  0.16683  0.03944
 12   h           x  -0.22081 -0.24465 -0.10811 -0.18812 -0.01946  0.39160
                  y  -0.19143  0.06018 -0.03926  0.06109 -0.18676  0.09507
                  z  -0.14908  0.08670 -0.00943  0.04380 -0.12666  0.07740
 13   h           x  -0.11601 -0.31445 -0.16209  0.00961 -0.13892 -0.29883
                  y   0.04719  0.06898  0.05907  0.13168 -0.24783  0.11108
                  z  -0.00455 -0.02146 -0.02507  0.02509 -0.04400 -0.07493
 14   h           x   0.39367  0.05213  0.18767  0.13507  0.15886 -0.12370
                  y   0.10849 -0.15124  0.12714 -0.00717  0.07147 -0.07703
                  z   0.12871  0.11247  0.05299  0.06724  0.00643  0.02320
 15   h           x   0.02608  0.29339 -0.41567 -0.03666 -0.17857  0.23573
                  y  -0.29834 -0.17857 -0.18754 -0.21199  0.19482 -0.05427
                  z  -0.04395 -0.01817 -0.08135 -0.04685  0.02337 -0.00297
 16   h           x   0.01240 -0.04446 -0.24999 -0.27468  0.43748 -0.11344
                  y   0.08782  0.11539  0.00666 -0.05494  0.16873  0.07472
                  z  -0.07997 -0.11630 -0.05720 -0.09315  0.12950 -0.09413
 17   h           x  -0.08179  0.02578  0.27031  0.19481 -0.29078  0.09027
                  y   0.00414 -0.04407 -0.07656 -0.09005  0.13722 -0.03633
                  z   0.05565  0.04763  0.18060  0.12857 -0.17003  0.09187
 18   h           x   0.00710 -0.22374  0.27804 -0.05400  0.22765 -0.04231
                  y  -0.05031 -0.01323 -0.12871 -0.07598  0.08618 -0.05640
                  z   0.05069 -0.08289  0.14993 -0.00794  0.08630  0.00640
 19   h           x  -0.15644  0.14732  0.04562  0.13331  0.07391 -0.08818
                  y   0.09238 -0.06500 -0.04637  0.05890  0.08097 -0.02269
                  z  -0.17679  0.19624  0.13138 -0.07006 -0.09091 -0.04285
 20   h           x  -0.00174  0.02171  0.02003 -0.02172 -0.00828 -0.01061
                  y  -0.14780  0.08000 -0.01920  0.19126  0.10808 -0.03747
                  z   0.40596 -0.16904  0.05783 -0.39949 -0.10897  0.01673

reduced mass(g/mol)     2.025    1.934    2.878    1.936    1.879    2.926


       mode              31       32       33       34       35       36

     frequency        1176.86  1214.53  1261.98  1310.95  1335.40  1352.83

     symmetry            a        a        a        a        a        a   

        IR               YES      YES      YES      YES      YES      YES
|dDIP/dQ|   (a.u.)     0.0008   0.0013   0.0007   0.0030   0.0003   0.0015
intensity (km/mol)       1.23     3.21     0.93    15.63     0.18     4.21
intensity (  %   )       0.84     2.19     0.63    10.64     0.12     2.87
 
       RAMAN             YES      YES      YES      YES      YES      YES
 
  1   c           x  -0.01797 -0.04623 -0.01796 -0.00658  0.01041 -0.02043
                  y  -0.09873 -0.00564 -0.04675 -0.04089 -0.02318  0.01255
                  z  -0.06839  0.06157 -0.00697 -0.02460 -0.03005  0.05264
  2   c           x   0.06317  0.01859  0.02277  0.01482 -0.02424  0.02469
                  y   0.08807 -0.04687  0.00852 -0.01582 -0.01134  0.03108
                  z  -0.01064 -0.09478  0.01304  0.04467  0.03924 -0.00265
  3   n           x  -0.03215 -0.02180  0.01283 -0.01458 -0.00023 -0.00356
                  y  -0.01420  0.05192 -0.00083  0.04163  0.01142  0.01119
                  z   0.02131  0.06632 -0.03410 -0.06102 -0.03537 -0.03235
  4   c           x   0.02763  0.05038  0.00764 -0.01923 -0.00801 -0.01696
                  y  -0.03929 -0.04031  0.04635 -0.03522 -0.00521 -0.01306
                  z  -0.03820 -0.05619  0.06823  0.06132 -0.03734  0.00370
  5   c           x  -0.02264 -0.03427  0.07036 -0.04356  0.00715 -0.00660
                  y   0.03354  0.03389 -0.01572 -0.00501 -0.01517 -0.01777
                  z   0.01416  0.02665 -0.09084  0.01268  0.03104  0.00332
  6   n           x  -0.00008  0.00500 -0.01484  0.01100 -0.00588 -0.00112
                  y  -0.02393 -0.02391  0.01876 -0.00311  0.01198  0.01093
                  z  -0.00321 -0.00458  0.05083 -0.04027  0.02818  0.00730
  7   n           x  -0.02042  0.03474  0.00088 -0.00870 -0.01414  0.03134
                  y   0.03045  0.01305  0.02365  0.02817  0.02296 -0.04821
                  z   0.02935 -0.02248  0.00290  0.00747  0.00883 -0.02181
  8   h           x  -0.28881  0.24864  0.04460  0.12696  0.13265 -0.44336
                  y  -0.04494 -0.01074 -0.01634 -0.00558  0.00774 -0.03072
                  z  -0.00388  0.23217  0.17641  0.22779  0.18790 -0.40210
  9   h           x   0.42120 -0.28980  0.03031  0.01473  0.00114  0.17868
                  y   0.13790 -0.05074  0.03349  0.04227  0.04049 -0.08778
                  z   0.13813 -0.12692 -0.02990 -0.07666 -0.09550  0.33336
 10   h           x  -0.00465  0.40350  0.29801  0.28928  0.14552  0.22938
                  y   0.10481 -0.08296 -0.02760 -0.05594 -0.03854  0.01051
                  z   0.17588 -0.16719 -0.11806 -0.18758 -0.10843 -0.02258
 11   h           x  -0.19920 -0.24528 -0.36294 -0.29348  0.01803 -0.35275
                  y  -0.05133 -0.02517  0.08201  0.12557  0.04476  0.06844
                  z   0.02385 -0.01078  0.14686  0.17416  0.04195  0.11673
 12   h           x  -0.12988 -0.24183 -0.22973 -0.07122  0.06705 -0.02702
                  y   0.09057  0.13707  0.00115 -0.12224 -0.06156 -0.03428
                  z   0.07455  0.13495 -0.00128 -0.11588 -0.07614 -0.04828
 13   h           x  -0.17496 -0.19144 -0.26231  0.35733  0.43196  0.24451
                  y  -0.01043  0.03299 -0.29948  0.05304  0.33824  0.14053
                  z  -0.00372  0.00359 -0.07551  0.06534  0.08384  0.04910
 14   h           x   0.25563  0.20677 -0.02061  0.04613 -0.28329 -0.02878
                  y  -0.00088 -0.08187  0.14769  0.12155 -0.22100  0.00310
                  z   0.08981  0.09634 -0.05149 -0.03160 -0.03531 -0.01908
 15   h           x  -0.07789 -0.09952 -0.37227  0.53510 -0.38311 -0.01935
                  y  -0.03249 -0.08257 -0.00214  0.22462 -0.24581 -0.02414
                  z  -0.01572 -0.02840 -0.01744  0.05841 -0.03871  0.00191
 16   h           x   0.24139  0.20424 -0.04439 -0.20527  0.33423  0.12030
                  y   0.21345  0.23035 -0.31082 -0.04936  0.21334  0.05230
                  z   0.02029  0.00134  0.08325 -0.04129  0.03288  0.01985
 17   h           x  -0.16976 -0.14811  0.23443 -0.10388  0.09237  0.05612
                  y   0.07468  0.06346 -0.09600  0.04142 -0.03331 -0.02015
                  z  -0.05392 -0.04054 -0.01045  0.02473  0.00263  0.01303
 18   h           x   0.17282  0.16627 -0.26710  0.12724 -0.11839 -0.06023
                  y   0.00817  0.00136  0.07755 -0.06222  0.02990  0.00283
                  z   0.09007  0.08647 -0.17422  0.08849 -0.06338 -0.02742
 19   h           x   0.08752 -0.13026 -0.01809  0.00224  0.02445 -0.05228
                  y  -0.20143  0.08633 -0.04909 -0.07386 -0.07487  0.15421
                  z   0.33824 -0.19680  0.06763  0.12105  0.13519 -0.28675
 20   h           x   0.00029  0.00495 -0.00085 -0.00454 -0.00616  0.01419
                  y   0.01399 -0.08598 -0.02749 -0.01090  0.01056 -0.02506
                  z  -0.30489  0.21783 -0.07172 -0.12420 -0.12418  0.24399

reduced mass(g/mol)     1.421    1.445    1.334    1.251    1.121    1.138


       mode              37       38       39       40       41       42

     frequency        1371.32  1399.44  1419.73  1422.52  1480.86  1488.45

     symmetry            a        a        a        a        a        a   

        IR               YES      YES      YES      YES      YES      YES
|dDIP/dQ|   (a.u.)     0.0025   0.0016   0.0016   0.0017   0.0013   0.0008
intensity (km/mol)      10.84     4.77     4.70     5.21     3.22     1.25
intensity (  %   )       7.38     3.25     3.20     3.55     2.19     0.85
 
       RAMAN             YES      YES      YES      YES      YES      YES
 
  1   c           x  -0.00813 -0.04419  0.12580  0.08721  0.00163 -0.02382
                  y   0.00125 -0.01729 -0.01882 -0.01286 -0.00015 -0.01699
                  z  -0.01493 -0.05280  0.04491  0.03673 -0.00407  0.03872
  2   c           x  -0.03848 -0.11996 -0.08125 -0.03923  0.00198 -0.03572
                  y  -0.00560  0.01137  0.00861  0.00718 -0.02263 -0.01091
                  z  -0.00721  0.04493 -0.01302 -0.00931 -0.00156 -0.04937
  3   n           x  -0.00882  0.00358  0.00719 -0.00289 -0.02409  0.05363
                  y   0.02334  0.01133  0.00643  0.01353  0.00494 -0.02202
                  z   0.04086  0.01115  0.01090  0.01263  0.00695 -0.01956
  4   c           x  -0.08459  0.03047  0.05175 -0.05746  0.05055 -0.01769
                  y  -0.04451  0.01605  0.02659 -0.03619 -0.05036 -0.01858
                  z  -0.02716 -0.00440  0.00455 -0.02001  0.00036  0.02268
  5   c           x   0.00411  0.00348 -0.07034  0.09352 -0.01232 -0.00045
                  y  -0.06981  0.02689 -0.05331  0.08143  0.00180  0.00877
                  z  -0.04252  0.00890 -0.02307  0.03175 -0.00434  0.00134
  6   n           x  -0.00830  0.00307  0.00269 -0.00169 -0.00389 -0.00001
                  y   0.04140 -0.01687  0.02436 -0.03855  0.00393 -0.00030
                  z   0.02515 -0.00996  0.00597 -0.01236  0.00123 -0.00178
  7   n           x   0.00162  0.01810 -0.03806 -0.02629 -0.00114  0.00012
                  y   0.00108 -0.00954  0.00547  0.00345  0.00079 -0.00207
                  z  -0.00026 -0.00891  0.01048  0.00606 -0.00177  0.01252
  8   h           x   0.08073  0.05631 -0.43083 -0.31510  0.00328  0.24385
                  y   0.00252 -0.00400  0.00217  0.00010  0.00548 -0.12186
                  z   0.03668  0.05042 -0.20049 -0.14969  0.03083 -0.34535
  9   h           x   0.06360  0.40160 -0.28375 -0.21693 -0.00822  0.09522
                  y   0.02078  0.04007 -0.05568 -0.04535 -0.01874  0.37650
                  z   0.03149  0.31042 -0.30287 -0.21650  0.00255 -0.20987
 10   h           x   0.09431  0.59255  0.37817  0.23342  0.04641  0.09156
                  y  -0.01877 -0.05860 -0.03885 -0.02648 -0.01593  0.01623
                  z  -0.01188 -0.08837 -0.03282 -0.06561  0.12957  0.43335
 11   h           x   0.24328  0.45634  0.10687  0.00375 -0.03171  0.13209
                  y  -0.03240  0.06271  0.01692 -0.02578  0.19225  0.35011
                  z  -0.09657 -0.09590 -0.06189 -0.03267  0.08447  0.02567
 12   h           x   0.06034  0.10170 -0.02038  0.06507  0.27066 -0.43147
                  y   0.01985 -0.05068 -0.00119 -0.00120 -0.09337  0.14491
                  z   0.03473 -0.02770  0.01190 -0.00134 -0.07471  0.11371
 13   h           x   0.18093 -0.15178 -0.17164  0.13200 -0.44395  0.11837
                  y   0.13614 -0.11290 -0.16082  0.16483  0.42316  0.07197
                  z   0.03129 -0.04334 -0.06181  0.05828  0.26075  0.05345
 14   h           x   0.68253 -0.07801 -0.11517  0.23732 -0.12618 -0.07789
                  y   0.38209 -0.09592 -0.12625  0.16709  0.35423  0.03205
                  z   0.11691  0.01698  0.02355  0.00356 -0.46412 -0.06103
 15   h           x   0.05544 -0.01662  0.23860 -0.30420  0.08565  0.03558
                  y   0.09066 -0.02044  0.19332 -0.26963 -0.07758 -0.03609
                  z   0.03083 -0.01310  0.06290 -0.09614 -0.05453 -0.02052
 16   h           x   0.24728 -0.14910  0.28972 -0.45929  0.08831 -0.00365
                  y  -0.03071 -0.03307  0.14986 -0.23478 -0.06066 -0.03810
                  z   0.06409 -0.02963  0.02082 -0.03141  0.09885  0.03789
 17   h           x   0.23462 -0.08646  0.11125 -0.17663  0.02517 -0.00694
                  y  -0.08778  0.03116 -0.04142  0.06513 -0.01044  0.00342
                  z   0.03514 -0.01426  0.05180 -0.07379  0.00232 -0.00262
 18   h           x  -0.21608  0.08503 -0.10408  0.17315 -0.01337  0.00856
                  y   0.02237 -0.00555 -0.01775  0.02191  0.01042 -0.00021
                  z  -0.10858  0.03904 -0.03528  0.06174 -0.01066  0.00434
 19   h           x   0.00190 -0.01350  0.09933  0.06661  0.01094 -0.02958
                  y  -0.00398  0.02732 -0.06038 -0.03954 -0.00634  0.00838
                  z   0.00570 -0.06527  0.15834  0.10425  0.01370 -0.01573
 20   h           x   0.00102  0.00929 -0.01573 -0.01150 -0.00091  0.00323
                  y  -0.00123 -0.01189  0.07627  0.05198  0.01338 -0.01883
                  z   0.01081  0.10816 -0.17358 -0.11526  0.00612 -0.05015

reduced mass(g/mol)     1.272    1.283    1.444    1.398    1.081    1.141


       mode              43       44       45       46       47       48

     frequency        1495.82  1499.35  1515.58  1656.86  1658.00  2925.19

     symmetry            a        a        a        a        a        a   

        IR               YES      YES      YES      YES      YES      YES
|dDIP/dQ|   (a.u.)     0.0022   0.0039   0.0012   0.0045   0.0042   0.0068
intensity (km/mol)       8.89    27.35     2.58    35.52    31.14    81.50
intensity (  %   )       6.05    18.61     1.75    24.18    21.19    55.46
 
       RAMAN             YES      YES      YES      YES      YES      YES
 
  1   c           x   0.02855 -0.00031  0.00152  0.01576  0.00165 -0.00004
                  y   0.02709 -0.00025  0.00010  0.01997  0.00229 -0.00009
                  z  -0.05808 -0.00157 -0.00020 -0.00147 -0.00009  0.00001
  2   c           x  -0.01671  0.01932 -0.01003 -0.00704 -0.00106 -0.00002
                  y  -0.00894 -0.05427  0.01569 -0.00219 -0.00025 -0.00148
                  z  -0.04051 -0.03275  0.00501  0.00629  0.00043  0.00040
  3   n           x   0.03715 -0.05589  0.02111 -0.00446  0.00001  0.00041
                  y  -0.01735  0.01366 -0.00638  0.00043  0.00169 -0.00009
                  z  -0.01117  0.00950 -0.00533  0.00106  0.00143  0.00042
  4   c           x  -0.01390 -0.00215  0.00729  0.00246 -0.00124 -0.00184
                  y  -0.01466  0.03367 -0.02940  0.00106 -0.00622 -0.00036
                  z   0.01838 -0.02786  0.01726 -0.00303  0.00061  0.00505
  5   c           x  -0.00112  0.02213  0.04038 -0.00076  0.00489 -0.00988
                  y   0.00730 -0.02482 -0.06302 -0.00102  0.01437  0.04057
                  z   0.00013  0.00628  0.01118  0.00194 -0.01882 -0.06500
  6   n           x  -0.00031  0.00332  0.00602 -0.00782  0.07489 -0.00233
                  y   0.00006 -0.00276 -0.00575 -0.00099  0.00681  0.00023
                  z  -0.00124  0.00156  0.00059  0.00041 -0.00494 -0.00023
  7   n           x   0.00454 -0.00048  0.00036  0.03443  0.00352 -0.00001
                  y   0.00415  0.00201 -0.00040  0.00960  0.00097 -0.00002
                  z  -0.00278 -0.00035  0.00074  0.06466  0.00656  0.00003
  8   h           x  -0.27490  0.01505 -0.01365 -0.04185 -0.00368 -0.00004
                  y   0.16405  0.00325  0.00190  0.02797  0.00308  0.00047
                  z   0.45572  0.04004 -0.00556 -0.02753 -0.00250  0.00000
  9   h           x  -0.12670 -0.04154  0.00884 -0.00087 -0.00076  0.00025
                  y  -0.48659 -0.02634 -0.00125 -0.03531 -0.00405 -0.00018
                  z   0.25857 -0.02029  0.00870  0.03090  0.00326 -0.00020
 10   h           x  -0.01018  0.07761 -0.00680  0.00133 -0.00231  0.00207
                  y   0.02091 -0.02149  0.00805 -0.00368 -0.00038  0.01854
                  z   0.31779  0.42784 -0.08964 -0.01384 -0.00252 -0.00232
 11   h           x   0.13012 -0.09932  0.03999  0.02773  0.00404 -0.00132
                  y   0.23932  0.51305 -0.12187 -0.00397 -0.00231  0.00012
                  z  -0.00293  0.18960 -0.05511 -0.00558 -0.00182 -0.00285
 12   h           x  -0.36963  0.44833 -0.18898  0.06063  0.00593  0.00514
                  y   0.12186 -0.13319  0.05375  0.00325 -0.00018  0.00131
                  z   0.10074 -0.11967  0.04823 -0.00578  0.00041  0.00221
 13   h           x   0.10573  0.02802 -0.06367 -0.01522 -0.00849 -0.00825
                  y   0.04281 -0.16251  0.16417 -0.00066 -0.00348  0.02642
                  z   0.03577 -0.12480  0.11524 -0.00161  0.00243 -0.05464
 14   h           x  -0.04459  0.13276 -0.05433  0.00367  0.02092  0.01926
                  y   0.02018 -0.11762  0.14806 -0.00166  0.00851 -0.02283
                  z  -0.03131  0.19230 -0.17789  0.00038 -0.00791 -0.02378
 15   h           x   0.03347 -0.17161 -0.30655  0.00426 -0.04322  0.11237
                  y  -0.03104  0.16206  0.46836 -0.00043 -0.01123 -0.44238
                  z  -0.01906  0.11501  0.30609  0.00176 -0.03161  0.87651
 16   h           x   0.00332 -0.10280 -0.21719 -0.00352  0.03592  0.04083
                  y  -0.03401  0.14610  0.37379  0.00204 -0.02304 -0.04250
                  z   0.03641 -0.19953 -0.47629 -0.00206  0.03079 -0.09036
 17   h           x  -0.00341 -0.01199 -0.03043  0.05435 -0.54117 -0.00222
                  y   0.00191  0.00405  0.01122 -0.02555  0.25141  0.00702
                  z  -0.00244  0.00184  0.00036 -0.03552  0.35144  0.00449
 18   h           x   0.00630 -0.00904 -0.01240  0.05694 -0.54844 -0.00100
                  y   0.00046 -0.00831 -0.01554  0.04478 -0.43638 -0.00849
                  z   0.00313 -0.00274 -0.00471  0.00830 -0.07834 -0.00244
 19   h           x   0.00985  0.00737 -0.00416 -0.62129 -0.06345  0.00004
                  y   0.00515 -0.00882  0.00295  0.01629  0.00176  0.00013
                  z  -0.00334  0.01696 -0.00599 -0.31844 -0.03267 -0.00027
 20   h           x   0.00363 -0.00020  0.00049  0.04198  0.00428 -0.00007
                  y  -0.01085  0.01462 -0.00640 -0.36102 -0.03686  0.00003
                  z   0.01617  0.00082 -0.00405 -0.59431 -0.06048  0.00001

reduced mass(g/mol)     1.117    1.135    1.096    1.088    1.090    1.074


       mode              49       50       51       52       53       54

     frequency        2948.99  2973.29  3005.59  3042.44  3048.49  3055.88

     symmetry            a        a        a        a        a        a   

        IR               YES      YES      YES      YES      YES      YES
|dDIP/dQ|   (a.u.)     0.0049   0.0067   0.0049   0.0037   0.0042   0.0047
intensity (km/mol)      42.89    80.42    43.40    24.15    31.64    38.60
intensity (  %   )      29.19    54.73    29.53    16.43    21.53    26.27
 
       RAMAN             YES      YES      YES      YES      YES      YES
 
  1   c           x   0.00246 -0.02120 -0.00047 -0.00037  0.00113  0.04421
                  y   0.02064 -0.06360  0.00103 -0.01136  0.00243 -0.05864
                  z  -0.00174  0.02585  0.00070  0.00116 -0.00137 -0.04639
  2   c           x  -0.01223 -0.00469  0.00058  0.01895 -0.00540 -0.00200
                  y  -0.07159 -0.01568 -0.00321 -0.03540  0.01288 -0.00542
                  z  -0.00529 -0.01070 -0.00031  0.07141 -0.02127 -0.00475
  3   n           x   0.00121  0.00034 -0.00138 -0.00027 -0.00006 -0.00008
                  y  -0.00123  0.00009 -0.00036  0.00029 -0.00045  0.00022
                  z  -0.00201 -0.00050  0.00005 -0.00066  0.00096  0.00016
  4   c           x   0.00032 -0.00015 -0.03620  0.00067 -0.00076 -0.00109
                  y  -0.00183 -0.00018  0.05693  0.00513  0.01642 -0.00003
                  z  -0.00024  0.00031  0.02473 -0.01779 -0.04904  0.00552
  5   c           x  -0.00129 -0.00051  0.00399 -0.00678 -0.02446 -0.00066
                  y   0.00136  0.00064 -0.00692  0.00936  0.03453  0.00077
                  z   0.00447  0.00159 -0.00820  0.01233  0.04381  0.00196
  6   n           x   0.00011  0.00001  0.00029  0.00007  0.00031  0.00005
                  y   0.00027  0.00007  0.00011 -0.00026 -0.00100  0.00003
                  z   0.00011  0.00002  0.00020 -0.00026 -0.00091 -0.00002
  7   n           x  -0.00006  0.00048 -0.00005 -0.00018  0.00007 -0.00144
                  y   0.00036  0.00015  0.00002  0.00019 -0.00006  0.00119
                  z  -0.00069  0.00186 -0.00005 -0.00022  0.00009  0.00120
  8   h           x  -0.03322  0.11247 -0.00074  0.01630 -0.00517  0.03508
                  y  -0.25481  0.90279 -0.00554  0.11104 -0.03439  0.18486
                  z   0.05525 -0.18727  0.00118 -0.02396  0.00694 -0.04787
  9   h           x   0.00902  0.12504  0.00598 -0.01457 -0.00804 -0.55834
                  y  -0.00734 -0.13921 -0.00639  0.01477  0.00736  0.52132
                  z  -0.01599 -0.14057 -0.00765  0.01737  0.00807  0.59834
 10   h           x   0.08678  0.01992  0.00252  0.02183 -0.00998  0.00741
                  y   0.94019  0.22628  0.03676  0.15803 -0.07889  0.06830
                  z  -0.06076 -0.01808 -0.00160  0.00338  0.00115 -0.00420
 11   h           x   0.03562  0.03402 -0.00136 -0.24513  0.07084  0.01743
                  y  -0.06241 -0.04944 -0.00001  0.27017 -0.07801 -0.01721
                  z   0.14285  0.14423 -0.00075 -0.85735  0.25524  0.05559
 12   h           x   0.00672  0.00222 -0.00177  0.00720 -0.00055 -0.00059
                  y   0.00100  0.00083  0.00254 -0.00783  0.00948 -0.00073
                  z   0.00254 -0.00110 -0.00243  0.01254 -0.01704  0.00085
 13   h           x  -0.00068  0.00020  0.02455  0.01435  0.05574 -0.00425
                  y   0.00872  0.00175 -0.13832 -0.08654 -0.25627  0.02200
                  z  -0.01789 -0.00418  0.32285  0.18259  0.53623 -0.04520
 14   h           x  -0.01002 -0.00048  0.41961 -0.02368 -0.04354  0.01525
                  y   0.01518  0.00044 -0.54054  0.03047  0.05829 -0.02002
                  z   0.01698  0.00105 -0.61504  0.02740  0.05625 -0.02146
 15   h           x  -0.00293 -0.00094  0.00238 -0.00228 -0.00760 -0.00079
                  y   0.00994  0.00303 -0.00069  0.00663  0.01863  0.00352
                  z  -0.01883 -0.00528 -0.00408 -0.00623 -0.00933 -0.00610
 16   h           x   0.02063  0.00829 -0.06268  0.08334  0.30321  0.00927
                  y  -0.02936 -0.01134  0.08605 -0.11837 -0.42470 -0.01347
                  z  -0.03437 -0.01367  0.10595 -0.14291 -0.52028 -0.01625
 17   h           x   0.00057  0.00017  0.00344 -0.00033 -0.00132  0.00018
                  y  -0.00026 -0.00008 -0.00282  0.00087  0.00305 -0.00006
                  z  -0.00028 -0.00002 -0.00061  0.00013 -0.00041 -0.00026
 18   h           x  -0.00099 -0.00028  0.00597 -0.00180 -0.00637 -0.00006
                  y   0.00004  0.00004  0.00201  0.00186  0.00708  0.00032
                  z   0.00029  0.00024 -0.00271  0.00357  0.01350  0.00045
 19   h           x  -0.00171  0.00928  0.00068  0.00142 -0.00023  0.00885
                  y   0.00074 -0.00147  0.00004 -0.00133  0.00017 -0.01579
                  z   0.00117 -0.00204  0.00024 -0.00071  0.00004 -0.00906
 20   h           x   0.00070 -0.00522 -0.00010 -0.00007  0.00011  0.00861
                  y  -0.00064  0.00131 -0.00004  0.00171 -0.00039  0.00138
                  z  -0.00181  0.00431  0.00025  0.00033 -0.00004 -0.00293

reduced mass(g/mol)     1.071    1.069    1.066    1.090    1.085    1.092


       mode              55       56       57       58       59       60

     frequency        3065.35  3481.43  3489.80  3498.03  3558.82  3563.08

     symmetry            a        a        a        a        a        a   

        IR               YES      YES      YES      YES      YES      YES
|dDIP/dQ|   (a.u.)     0.0055   0.0005   0.0004   0.0006   0.0006   0.0010
intensity (km/mol)      53.49     0.53     0.26     0.70     0.58     1.83
intensity (  %   )      36.40     0.36     0.18     0.48     0.40     1.24
 
       RAMAN             YES      YES      YES      YES      YES      YES
 
  1   c           x  -0.00237 -0.00001 -0.00022 -0.00003  0.00000 -0.00139
                  y   0.00341  0.00000 -0.00304 -0.00071 -0.00001  0.00094
                  z   0.00245 -0.00000  0.00091 -0.00006 -0.00002  0.00152
  2   c           x   0.00116 -0.00002  0.00031 -0.00024  0.00001  0.00022
                  y   0.00236 -0.00005 -0.00051  0.00237  0.00010  0.00017
                  z   0.00302  0.00002  0.00011 -0.00176  0.00004  0.00008
  3   n           x   0.00019  0.00001  0.00213 -0.00910 -0.00005  0.00023
                  y   0.00068  0.00006 -0.00545  0.02433  0.00004 -0.00060
                  z  -0.00114  0.00006  0.01425 -0.06381 -0.00012  0.00141
  4   c           x  -0.00853 -0.00001 -0.00019  0.00072  0.00007  0.00002
                  y  -0.00732 -0.00027 -0.00044  0.00202 -0.00045 -0.00003
                  z   0.07075  0.00010  0.00050 -0.00215 -0.00002 -0.00002
  5   c           x  -0.01966 -0.00025 -0.00006  0.00026 -0.00081 -0.00000
                  y   0.02555  0.00062  0.00006 -0.00023  0.00171  0.00001
                  z   0.04479 -0.00350 -0.00004  0.00013  0.00101 -0.00001
  6   n           x   0.00027  0.04674  0.00000  0.00009  0.00540  0.00000
                  y  -0.00090  0.00746  0.00001 -0.00003  0.07094  0.00008
                  z  -0.00122 -0.03069 -0.00001 -0.00001  0.03826  0.00004
  7   n           x  -0.00001  0.00002 -0.02403 -0.00712  0.00008 -0.06906
                  y  -0.00004  0.00002 -0.03216 -0.00654 -0.00004  0.03479
                  z  -0.00013  0.00002 -0.03792 -0.00809 -0.00003  0.02302
  8   h           x  -0.00278  0.00001  0.00090  0.00005 -0.00005 -0.00016
                  y  -0.01229  0.00002  0.00898  0.00103 -0.00003 -0.00397
                  z   0.00291  0.00002  0.00305  0.00044  0.00000  0.00084
  9   h           x   0.03286  0.00004 -0.00356  0.00029  0.00013  0.01120
                  y  -0.02975 -0.00004  0.00504  0.00106 -0.00002 -0.00944
                  z  -0.03396 -0.00002  0.00504  0.00103 -0.00002 -0.01130
 10   h           x  -0.00372  0.00016  0.00077 -0.00104 -0.00011  0.00008
                  y  -0.03836  0.00039  0.00207 -0.00457 -0.00077 -0.00067
                  z   0.00293 -0.00013 -0.00103  0.00307  0.00004  0.00022
 11   h           x  -0.00849 -0.00002 -0.00217  0.00374 -0.00002 -0.00074
                  y   0.01243 -0.00002  0.00094 -0.00549  0.00005 -0.00008
                  z  -0.04193 -0.00012 -0.00339  0.01705 -0.00011 -0.00015
 12   h           x  -0.00394  0.00009 -0.02648  0.11972  0.00019 -0.00170
                  y  -0.00908  0.00026  0.08305 -0.37016 -0.00039  0.00828
                  z   0.01657 -0.00043 -0.19858  0.89062  0.00116 -0.02049
 13   h           x  -0.06055 -0.00037 -0.00025  0.00127 -0.00044 -0.00021
                  y   0.29850 -0.00024  0.00152 -0.00713  0.00026  0.00006
                  z  -0.61568 -0.00028 -0.00416  0.01916 -0.00066 -0.00032
 14   h           x   0.15890  0.00095  0.00106 -0.00434 -0.00149 -0.00006
                  y  -0.21488  0.00103 -0.00052  0.00194 -0.00125  0.00008
                  z  -0.22678 -0.00021 -0.00053  0.00206  0.00011  0.00015
 15   h           x  -0.01331 -0.00355  0.00032 -0.00142 -0.00057  0.00003
                  y   0.05666 -0.00323  0.00041 -0.00196 -0.00035  0.00002
                  z  -0.08809  0.00801  0.00015 -0.00023 -0.00076  0.00002
 16   h           x   0.24980 -0.00433  0.00007 -0.00036  0.00668  0.00003
                  y  -0.35685  0.00719 -0.00010  0.00045 -0.00951  0.00002
                  z  -0.43454  0.01122 -0.00016  0.00064 -0.01133 -0.00000
 17   h           x  -0.00096 -0.26756 -0.00028  0.00062 -0.36641 -0.00045
                  y   0.00320 -0.53749 -0.00035  0.00039 -0.69655 -0.00082
                  z  -0.00220 -0.10621 -0.00008  0.00012 -0.09388 -0.00010
 18   h           x  -0.00249 -0.37151 -0.00005 -0.00060  0.29640  0.00033
                  y   0.00778  0.42402  0.00005  0.00082 -0.29398 -0.00034
                  z   0.01301  0.55402  0.00014  0.00070 -0.43666 -0.00048
 19   h           x  -0.00086  0.00011 -0.26908 -0.05714 -0.00026  0.18756
                  y   0.00066 -0.00024  0.52902  0.11004  0.00051 -0.44851
                  z   0.00048 -0.00026  0.47582  0.10017  0.00043 -0.38933
 20   h           x  -0.00033 -0.00034  0.60487  0.15485 -0.00087  0.77440
                  y  -0.00023  0.00004 -0.06076 -0.01434  0.00004 -0.03391
                  z  -0.00015 -0.00003  0.03512  0.01001 -0.00009  0.06220

reduced mass(g/mol)     1.098    1.049    1.051    1.072    1.093    1.093
 

         **************************************************************
         *                                                            *
         *  zero point VIBRATIONAL energy  :      0.1843842  Hartree  *
         *    SCF-energy                   :   -324.4061945           *
         *    SCF + E(vib0)                :   -324.2218103           *
         *                                                            *
         **************************************************************




 time elapsed for vibrational analysis     0.86 sec


    ------------------------------------------------------------------------
         total  cpu-time : 40 minutes and 31 seconds
         total wall-time :  3 minutes and  3 seconds
    ------------------------------------------------------------------------

   ****  force : all done  ****


    2026-04-15 19:58:48.171 

aoforce ended normally 
