
   OpenMP run-time library returned nthreads = 16

 ridft (s02r2b24) : TURBOMOLE rev. V7-8-1 compiled 26 Feb 2024 at 17:12:58
 Copyright (C) 2024 TURBOMOLE GmbH, Karlsruhe


    2026-04-15 19:55:33.803 



                                  r i d f t

                        DFT program with RI approximation 
                                for coulomb part 





                                 References:     
                                                 
          TURBOMOLE:                             
              R. Ahlrichs, M. Baer, M. Haeser, H. Horn, and
              C. Koelmel
              Electronic structure calculations on workstation
              computers: the program system TURBOMOLE
              Chem. Phys. Lett. 162: 165 (1989)
          Density Functional:                              
              O. Treutler and R. Ahlrichs                      
              Efficient Molecular Numerical Integration Schemes
              J. Chem. Phys. 102: 346 (1995)                   
          Parallel Version:                                
              Performance of parallel TURBOMOLE for Density    
              Functional Calculations                          
              M. v. Arnim and R. Ahlrichs                      
              J. Comp. Chem. 19: 1746 (1998)                   
          RI-J Method:                                     
              Auxiliary Basis Sets to approximate Coulomb      
              Potentials                                       
              Chem. Phys. Lett. 240: 283 (1995)                
              K. Eichkorn, O. Treutler, H. Oehm, M. Haeser     
              and R. Ahlrichs                                  
              Chem. Phys. Lett. 242: 652 (1995)                
                                                           
              Auxiliary Basis Sets for Main Row Atoms and their
              Use to approximate Coulomb Potentials            
              K. Eichkorn, F. Weigend, O. Treutler and         
              R. Ahlrichs                                      
              Theo. Chem. Acc. 97: 119 (1997)                  
                                                           
              Accurate Coulomb-fitting basis sets for H to Rn 
              F. Weigend                                       
              Phys. Chem. Chem. Phys. 8: 1057 (2006)           
                                                           
          Multipole accelerated RI-J (MARI-J):             
              Fast evaluation of the Coulomb potential for     
              electron densities using multipole accelerated   
              resolution of identity approximation             
              M. Sierka, A. Hogekamp and R. Ahlrichs           
              J. Chem. Phys. 118: 9136 (2003)                  
          RI-JK Method:                                     
              A fully direct RI-HF algorithm: Implementation,
              optimised auxiliary basis sets, demonstration of
              accuracy and efficiency                         
              F. Weigend                                      
              Phys. Chem. Chem. Phys. 4: 4285 (2002)           
          Two-component HF and DFT with spin-orbit coupling:  
              Self-consistent treatment of spin-orbit         
              interactions with efficient Hartree-Fock and    
              density functional methods                      
              M. K. Armbruster, F. Weigend, C. van Wüllen and 
              W. Klopper                                      
              Phys. Chem. Chem. Phys. 10: 1748 (2008)         
          Two-component difference density and DIIS algorithm 
              Efficient two-component self-consistent field   
              procedures and gradients: implementation in     
              TURBOMOLE and application to Au20-              
              A. Baldes, F. Weigend                           
              Mol. Phys. 111: 2617 (2013)                     
          Relativistic current density functional theory      
              Current density functional framework for        
              spin-orbit coupling                             
              C. Holzer, Y. J. Franzke, A. Pausch             
              J. Chem. Phys. 157: 204102 (2022)               
          Relativistic all-electron 2c calculations           
              An efficient implementation of two-component    
              relativistic exact-decoupling methods for large 
              molecules                                       
              D. Peng, N. Middendorf, F. Weigend, M. Reiher   
              J. Chem. Phys. 138: 184105 (2013)               
          Finite nucleus model and SNSO approximation         
              Efficient implementation of one- and two-       
              component analytical energy gradients in exact  
              two-component theory                            
              Y. J. Franzke, N. Middendorf, F. Weigend        
              J. Chem. Phys. 148: 104110 (2018)               
          Grids for all-electron relativistic methods         
              Error-consistent segmented contracted all-      
              electron relativistic basis sets of double-     
              and triple-zeta quality for NMR shielding       
              constants                                       
              Y. J. Franzke, R. Tress, T. M. Pazdera,         
              F. Weigend                                      
              Phys. Chem. Chem. Phys. 21: 166658 (2019)       
          Seminumerical exchange algorithms                   
              Seminumerical calculation of the Hartree-Fock   
              exchange matirx: Application to two-component   
              procedures and efficient evaluation of local    
              hybrid functionsl                               
              P. Plessow, F. Weigend,                         
              J. Comput. Chem. 33: 810 (2012)                 
          Improved seminumerical algorithms                   
              C. Holzer,                                      
              J. Chem. Phys. 153 (2020), 184115               






          OpenMP Shared-Memory Parallelization: 16 CPUs.

            By: Christof Holzer and Yannick J. Franzke


              +--------------------------------------------------+
              |      general information about current run       |
              +--------------------------------------------------+

 
 Becke-3-Parameter hybrid functional: B3-LYP
 exchange:    0.8*LDA + 0.72*B88 + 0.2*HF
 correlation: 0.19*LDA(VWN) + 0.81*LYP
 A Hybrid-DFT calculation using the RI-J approximation will be carried out.
 Allocatable memory for RI due to $ricore (MB):                  5000


              +--------------------------------------------------+
              | Atomic coordinate, charge and isotop information |
              +--------------------------------------------------+

                    atomic coordinates            atom    charge  isotop
          7.62911444    0.09861350    1.27721424    c      6.000     0
          5.43993400    0.13480210   -0.61209279    c      6.000     0
          3.05580932   -0.49353663    0.60735665    n      7.000     0
          0.88986599   -0.54672892   -1.09347696    c      6.000     0
         -1.55526559   -1.02444260    0.35332628    c      6.000     0
         -3.69574790   -1.14040552   -1.37622034    n      7.000     0
         -6.13267241   -1.61911403   -0.18858016    c      6.000     0
         -7.28404193    0.62406349    1.24118875    c      6.000     0
         -7.68252219    2.74351950   -0.50017658    n      7.000     0
         10.10208033    0.77116357    0.25094207    n      7.000     0
          7.78003482   -1.79033924    2.11200228    h      1.000     0
          7.19047878    1.38677691    2.82981690    h      1.000     0
          5.89728437   -1.13711823   -2.20701300    h      1.000     0
          5.26907946    2.03751100   -1.41244173    h      1.000     0
          3.21622242   -2.19158947    1.48555231    h      1.000     0
          0.77340860    1.29874850   -2.02532466    h      1.000     0
          1.06873216   -1.96684357   -2.60545170    h      1.000     0
         -1.72609703    0.42739297    1.83294336    h      1.000     0
         -1.42741910   -2.85025465    1.32570708    h      1.000     0
         -3.82855304    0.50922705   -2.34790271    h      1.000     0
         -7.46630560   -2.20421927   -1.66321176    h      1.000     0
         -5.93874113   -3.22828816    1.09516413    h      1.000     0
         -9.01894970   -0.00736870    2.19840668    h      1.000     0
         -5.98438336    1.25734899    2.71554974    h      1.000     0
         -8.09895648    4.35545653    0.44252562    h      1.000     0
         -9.14544167    2.38487570   -1.68510791    h      1.000     0
         10.58386740   -0.38752920   -1.19727833    h      1.000     0
         10.08918880    2.55828028   -0.43975075    h      1.000     0
 
       center of nuclear mass  :    0.08196177   -0.00834975   -0.01409039
       center of nuclear charge:    0.06844383   -0.00462908   -0.00984178

              +--------------------------------------------------+
              |               basis set information              |
              +--------------------------------------------------+

              we will work with the 1s 3p 5d 7f 9g ... basis set
              ...i.e. with spherical basis functions...

   type   atoms  prim   cont   basis
   ---------------------------------------------------------------------------
    c        6     46     31   def2-TZVP   [5s3p2d1f|11s6p2d1f]
    n        4     46     31   def2-TZVP   [5s3p2d1f|11s6p2d1f]
    h       18      8      6   def2-TZVP   [3s1p|5s1p]
   ---------------------------------------------------------------------------
   total:   28    604    418
   ---------------------------------------------------------------------------

   total number of primitive shells          :   46
   total number of contracted shells         :  182
   total number of cartesian basis functions :  468
   total number of SCF-basis functions       :  418


 integral neglect threshold       :  0.71E-11
 integral storage threshold THIZE :  0.10E-04
 integral storage threshold THIME :         5

 RI-J AUXILIARY BASIS SET information:

              we will work with the 1s 3p 5d 7f 9g ... basis set
              ...i.e. with spherical basis functions...

   type   atoms  prim   cont   basis
   ---------------------------------------------------------------------------
    c        6     70     49   def2-TZVP   [6s4p3d1f1g|12s5p4d2f1g]
    n        4     70     49   def2-TZVP   [6s4p3d1f1g|12s5p4d2f1g]
    h       18     16     11   def2-TZVP   [3s1p1d|5s2p1d]
   ---------------------------------------------------------------------------
   total:   28    988    688
   ---------------------------------------------------------------------------

   total number of primitive shells          :   56
   total number of contracted shells         :  240
   total number of cartesian basis functions :  826
   total number of SCF-basis functions       :  688


 symmetry group of the molecule :   c1 

 the group has the following generators :
   c1(z)

    1 symmetry operations found

 there are 1 real representations :   a   

 maximum number of shells which are related by symmetry :  1

 ==============================================================================
                      COSMO switched on
 ==============================================================================
 COSMO stati: segments per atom: H   32 other atoms   92
 COSMO statistics: nps    982 npspher:    367
 COSMO surface:
   number of segments:  982
   area (bohr**2):      761.060222
   volume (bohr**3):   1399.940924
 COSMO: check number of disjunct cavities:

       ... OK contiguous cavity found
  
           ------------------
           density functional
           ------------------
 Becke-3-Parameter hybrid functional: B3-LYP
 exchange:    0.8*LDA + 0.72*B88 + 0.2*HF
 correlation: 0.19*LDA(VWN) + 0.81*LYP
 iterations will be done with small grid
  
 spherical integration : Lebedev's spherical grid
 spherical gridsize    :                     3
    i.e. gridpoints    :                   302
  maximum batchsize    :                   100
 value for diffuse not defined
 radial integration    : Chebyshev 2nd kind (scaling 3)
 radial gridsize       :                     3
 integration cells     :                    28
 partition function    : becke
 partition sharpness   :                     3
  

 biggest AO integral is expected to be     6.862573055

          ------------------------
          nuclear repulsion energy  :   542.670706948    
          ------------------------


         -----------------
         -S,T+V- integrals
         -----------------

 1e-integrals will be neglected if expon. factor < 0.714094E-12
 
 Difference densities algorithm switched on.
 The maximal number of linear combinations of
 difference densities is  20.

 DIIS switched on: error vector is FDS-SDF
 Max. Iterations for DIIS is     :   4
 DIIS matrix (see manual) 
    Scaling factor of diagonals  :  1.200
    threshold for scaling factor :  0.000

 scf convergence criterion : increment of total energy < .1000000D-06
                  and increment of one-electron energy < .1000000D-03

 MOs are in ASCII format !


    mo occupation :
   irrep   mo's   occupied
    a      418       41
 
 number of basis functions   :   418
 number of occupied orbitals :    41
 

 reading orbital data $scfmo  from file mos
 orbital characterization : scfconv=7
 mo-orthogonalization by Cholesky decomposition

 automatic virtual orbital shift switched on 
      shift if e(lumo)-e(homo) < 0.10000000    

  
           ------------------------
               RI-J - INFORMATION
           ------------------------
 Contributions to RI integral batches: 
  neglected integral batches:                  4635
  direct contribution:                            0
  memory contribution:                 12018
 Memory core needed for (P|Q) and Cholesky      4 MByte
 Memory core minimum needed except of (P|Q)     1 MByte
 Total minimum memory core needed (sum)         5 MByte
  
 ****************************************
 Memory allocated for RI-J   491 MByte
 ****************************************
                                            

 DSCF restart information will be dumped onto file mos


 Starting SCF iterations

          Overall gridpoints after grid construction =         32491

 ITERATION  ENERGY          1e-ENERGY        2e-ENERGY     NORM[dD(SAO)]  TOL
   1  -458.35553022238    -1695.8624935     694.83625633    0.000D+00 0.712D-11
                            Exc = -54.0167341473     Coul =  761.659214272    
                            exK = -12.8062237914    
                              N = 82.003085447    
                          Ediel =-0.172109912642E-01
                            current damping = 0.300
 
          max. resid. norm for Fia-block=  1.185D-02 for orbital     39a         
          max. resid. fock norm         =  1.493D-02 for orbital     81a         

 ITERATION  ENERGY          1e-ENERGY        2e-ENERGY     NORM[dD(SAO)]  TOL
   2  -458.35776549749    -1696.1882739     695.15980141    0.275D+00 0.453D-11
                            Exc = -54.0309510083      Eck =  749.190752415    
                              N = 82.003114899    
                          Ediel =-0.214774223960E-01
                            current damping = 0.250
 
          Norm of current diis error: 0.42687E-01
          max. resid. norm for Fia-block=  4.773D-03 for orbital     39a         
          max. resid. fock norm         =  4.865D-03 for orbital     39a         

 ITERATION  ENERGY          1e-ENERGY        2e-ENERGY     NORM[dD(SAO)]  TOL
   3  -458.35799951254    -1695.9654217     694.93671522    0.478D-01 0.360D-11
                            Exc = -54.0110730188      Eck =  748.947788236    
                              N = 82.003134751    
                          Ediel =-0.222022426016E-01
                            current damping = 0.200
 
          Norm of current diis error: 0.32712E-01
          max. resid. norm for Fia-block=  1.130D-03 for orbital     38a         
          max. resid. fock norm         =  1.414D-03 for orbital    108a         

 ITERATION  ENERGY          1e-ENERGY        2e-ENERGY     NORM[dD(SAO)]  TOL
   4  -458.35806556016    -1696.0628573     695.03408475    0.104D-01 0.329D-11
                            Exc = -54.0184690045      Eck =  749.052553757    
                              N = 82.003133466    
                          Ediel =-0.226602501209E-01
                            current damping = 0.250
 
          Norm of current diis error: 0.58956E-02
          max. resid. norm for Fia-block=  5.146D-04 for orbital     38a         
          max. resid. fock norm         =  5.553D-04 for orbital     38a         

 ITERATION  ENERGY          1e-ENERGY        2e-ENERGY     NORM[dD(SAO)]  TOL
   5  -458.35806926732    -1696.0713037     695.04252751    0.239D-02 0.305D-11
                            Exc = -54.0186259180      Eck =  749.061153432    
                              N = 82.003133625    
                          Ediel =-0.228136290281E-01
                            current damping = 0.100
 
          Norm of current diis error: 0.21970E-02
          max. resid. norm for Fia-block=  1.500D-04 for orbital     38a         
          max. resid. fock norm         =  2.376D-04 for orbital    418a         
          mo-orthogonalization: Cholesky decomposition

 ITERATION  ENERGY          1e-ENERGY        2e-ENERGY     NORM[dD(SAO)]  TOL
   6  -458.35806961589    -1696.0664119     695.03763529    0.107D-02 0.292D-11
                            Exc = -54.0183965790      Eck =  749.056031871    
                              N = 82.003134573    
                          Ediel =-0.228634683176E-01
                            current damping = 0.150
 
          Norm of current diis error: 0.14041E-02
          max. resid. norm for Fia-block=  4.938D-05 for orbital     41a         
          max. resid. fock norm         =  1.574D-04 for orbital    418a         

 ITERATION  ENERGY          1e-ENERGY        2e-ENERGY     NORM[dD(SAO)]  TOL
   7  -458.35806971841    -1696.0694177     695.04064099    0.231D-03 0.286D-11
                            Exc = -54.0185292545      Eck =  749.059170245    
                              N = 82.003134225    
                          Ediel =-0.228679490919E-01
                            current damping = 0.200
 
          Norm of current diis error: 0.23689E-03
          max. resid. norm for Fia-block=  1.477D-05 for orbital     41a         
          max. resid. fock norm         =  5.773D-05 for orbital    418a         

 ITERATION  ENERGY          1e-ENERGY        2e-ENERGY     NORM[dD(SAO)]  TOL
   8  -458.35806972110    -1696.0701269     695.04135028    0.105D-03 0.281D-11
                            Exc = -54.0185683105      Eck =  749.059918588    
                              N = 82.003134191    
                          Ediel =-0.228714942179E-01
                            current damping = 0.100
 
          Norm of current diis error: 0.18399E-03
          max. resid. norm for Fia-block=  7.261D-06 for orbital     41a         
          max. resid. fock norm         =  2.446D-05 for orbital    418a         

 ITERATION  ENERGY          1e-ENERGY        2e-ENERGY     NORM[dD(SAO)]  TOL
   9  -458.35806972303    -1696.0696899     695.04091320    0.153D-04 0.278D-11
                            Exc = -54.0185403102      Eck =  749.059453515    
                              N = 82.003134223    
                          Ediel =-0.228719129853E-01
                            current damping = 0.150
 
          Norm of current diis error: 0.32389E-04
          max. resid. norm for Fia-block=  1.551D-06 for orbital     38a         
          max. resid. fock norm         =  2.185D-06 for orbital    412a         

 ENERGY CONVERGED !

          Overall gridpoints after grid construction =        124359

 ITERATION  ENERGY          1e-ENERGY        2e-ENERGY     NORM[dD(SAO)]  TOL
  10  -458.35786086913    -1696.0697715     695.04120364    0.421D-05 0.274D-11
                            Exc = -54.0183388819      Eck =  749.059542524    
                              N = 81.999997094    
                          Ediel =-0.228722172530E-01
                            current damping = 0.200
 
          Norm of current diis error: 0.20085E-04
          max. resid. norm for Fia-block=  8.228D-07 for orbital     38a         
          max. resid. fock norm         =  1.140D-06 for orbital    414a         

 End of SCF iterations

   convergence criteria satisfied after    10 iterations


                  ------------------------------------------ 
                 |  total energy      =   -458.35786086913  |
                  ------------------------------------------ 
                 :  kinetic energy    =    456.20670263072  :
                 :  potential energy  =   -914.56456349985  :
                 :  virial theorem    =      1.99530681500  :
                 :  wavefunction norm =      1.00000000000  :
                  .......................................... 


 <geterg> : there is no data group $energy 


 <skperg> : $end is missing 


 orbitals $scfmo  will be written to file mos

    irrep                 37a         38a         39a         40a         41a   
 eigenvalues H         -0.33231    -0.24474    -0.24395    -0.22988    -0.21981
            eV          -9.0428     -6.6599     -6.6384     -6.2554     -5.9814
 occupation              2.0000      2.0000      2.0000      2.0000      2.0000

    irrep                 42a         43a         44a         45a         46a   
 eigenvalues H          0.03760     0.04218     0.05172     0.06315     0.07449
            eV           1.0231      1.1478      1.4074      1.7184      2.0270
 
 ==============================================================================
                                  COSMO RESULTS
 ==============================================================================
  PARAMETER:
    nppa:      1082
    nspa:        92
    nsph:        32
    nps:        982
    npspher:    367
    disex:   10.0000    
    disex2:  3549.09    
    rsolv [A]: 1.3000
    routf:     0.8500
    phsran:    0.0    
    ampran:   0.10E-04
    cavity:  closed
    solvent: not set
    source:  Custom values, not taken from cosmosolvent list!                                                                        
    epsilon: infinity
    refind:      1.300 ( 25.0 C)
    fepsi:       1.0000000
  CAVITY VOLUME/AREA [a.u.]:
    surface: V1.0, A matrix: V1.0
    area:   761.06
    volume:  1399.94
  SCREENING CHARGE:
    cosmo      :  -0.040807
    correction :   0.040040
    total      :  -0.000767
  ENERGIES [a.u.]:
    Total energy            =      -458.3578608691289
    Total energy + OC corr. =      -458.3585432887
    Dielectric energy       =        -0.0228722173
    Diel. energy + OC corr. =        -0.0235546369
  ELEMENT RADIUS [A]: ATOM LIST
    c  2.00: 1,2,4,5,7,8
    n  1.83: 3,6,9,10
    h  1.30: 11-28
 ==============================================================================
 
 
 
 ==============================================================================
                           electrostatic moments
 ==============================================================================

 reference point for electrostatic moments:    0.00000   0.00000   0.00000

 
              nuc           elec       ->  total
 ------------------------------------------------------------------------------
                          charge      
 ------------------------------------------------------------------------------
          82.000000     -82.000000       0.000000
 
 ------------------------------------------------------------------------------
                       dipole moment  
 ------------------------------------------------------------------------------
   x       5.612394      -6.679505      -1.067111
   y      -0.379585       0.482681       0.103096
   z      -0.807026       0.653004      -0.154021
 
   | dipole moment | =     1.0831 a.u. =     2.7529 debye 
 
 ------------------------------------------------------------------------------
                     quadrupole moment
 ------------------------------------------------------------------------------
  xx    3156.274518   -3201.299335     -45.024817
  yy     171.694717    -217.756872     -46.062155
  zz     111.344015    -161.875272     -50.531256
  xy     -40.101917      36.088013      -4.013904
  xz      60.518298     -69.537902      -9.019603
  yz       4.390986      -6.481077      -2.090091
 
     1/3  trace=     -47.206076
     anisotropy=      18.198472
 
 ==============================================================================
 
HOMO-LUMO Separation
 HOMO         :   -0.21981164 H =     -5.98138 eV
 LUMO         :    0.03759734 H =     +1.02308 eV
 HOMO-LUMO gap:    0.25740898 H =     +7.00446 eV
 
 ==============================================================================


    ------------------------------------------------------------------------
         total  cpu-time :  5 minutes and  8 seconds
         total wall-time :  20.05 seconds
    ------------------------------------------------------------------------

   ****  ridft : all done  ****


    2026-04-15 19:55:53.796 

 ridft ended normally
