
   OpenMP run-time library returned nthreads = 16

 ridft (s02r2b44) : TURBOMOLE rev. V7-8-1 compiled 26 Feb 2024 at 17:12:58
 Copyright (C) 2024 TURBOMOLE GmbH, Karlsruhe


    2026-04-17 21:26:02.568 



                                  r i d f t

                        DFT program with RI approximation 
                                for coulomb part 





                                 References:     
                                                 
          TURBOMOLE:                             
              R. Ahlrichs, M. Baer, M. Haeser, H. Horn, and
              C. Koelmel
              Electronic structure calculations on workstation
              computers: the program system TURBOMOLE
              Chem. Phys. Lett. 162: 165 (1989)
          Density Functional:                              
              O. Treutler and R. Ahlrichs                      
              Efficient Molecular Numerical Integration Schemes
              J. Chem. Phys. 102: 346 (1995)                   
          Parallel Version:                                
              Performance of parallel TURBOMOLE for Density    
              Functional Calculations                          
              M. v. Arnim and R. Ahlrichs                      
              J. Comp. Chem. 19: 1746 (1998)                   
          RI-J Method:                                     
              Auxiliary Basis Sets to approximate Coulomb      
              Potentials                                       
              Chem. Phys. Lett. 240: 283 (1995)                
              K. Eichkorn, O. Treutler, H. Oehm, M. Haeser     
              and R. Ahlrichs                                  
              Chem. Phys. Lett. 242: 652 (1995)                
                                                           
              Auxiliary Basis Sets for Main Row Atoms and their
              Use to approximate Coulomb Potentials            
              K. Eichkorn, F. Weigend, O. Treutler and         
              R. Ahlrichs                                      
              Theo. Chem. Acc. 97: 119 (1997)                  
                                                           
              Accurate Coulomb-fitting basis sets for H to Rn 
              F. Weigend                                       
              Phys. Chem. Chem. Phys. 8: 1057 (2006)           
                                                           
          Multipole accelerated RI-J (MARI-J):             
              Fast evaluation of the Coulomb potential for     
              electron densities using multipole accelerated   
              resolution of identity approximation             
              M. Sierka, A. Hogekamp and R. Ahlrichs           
              J. Chem. Phys. 118: 9136 (2003)                  
          RI-JK Method:                                     
              A fully direct RI-HF algorithm: Implementation,
              optimised auxiliary basis sets, demonstration of
              accuracy and efficiency                         
              F. Weigend                                      
              Phys. Chem. Chem. Phys. 4: 4285 (2002)           
          Two-component HF and DFT with spin-orbit coupling:  
              Self-consistent treatment of spin-orbit         
              interactions with efficient Hartree-Fock and    
              density functional methods                      
              M. K. Armbruster, F. Weigend, C. van Wüllen and 
              W. Klopper                                      
              Phys. Chem. Chem. Phys. 10: 1748 (2008)         
          Two-component difference density and DIIS algorithm 
              Efficient two-component self-consistent field   
              procedures and gradients: implementation in     
              TURBOMOLE and application to Au20-              
              A. Baldes, F. Weigend                           
              Mol. Phys. 111: 2617 (2013)                     
          Relativistic current density functional theory      
              Current density functional framework for        
              spin-orbit coupling                             
              C. Holzer, Y. J. Franzke, A. Pausch             
              J. Chem. Phys. 157: 204102 (2022)               
          Relativistic all-electron 2c calculations           
              An efficient implementation of two-component    
              relativistic exact-decoupling methods for large 
              molecules                                       
              D. Peng, N. Middendorf, F. Weigend, M. Reiher   
              J. Chem. Phys. 138: 184105 (2013)               
          Finite nucleus model and SNSO approximation         
              Efficient implementation of one- and two-       
              component analytical energy gradients in exact  
              two-component theory                            
              Y. J. Franzke, N. Middendorf, F. Weigend        
              J. Chem. Phys. 148: 104110 (2018)               
          Grids for all-electron relativistic methods         
              Error-consistent segmented contracted all-      
              electron relativistic basis sets of double-     
              and triple-zeta quality for NMR shielding       
              constants                                       
              Y. J. Franzke, R. Tress, T. M. Pazdera,         
              F. Weigend                                      
              Phys. Chem. Chem. Phys. 21: 166658 (2019)       
          Seminumerical exchange algorithms                   
              Seminumerical calculation of the Hartree-Fock   
              exchange matirx: Application to two-component   
              procedures and efficient evaluation of local    
              hybrid functionsl                               
              P. Plessow, F. Weigend,                         
              J. Comput. Chem. 33: 810 (2012)                 
          Improved seminumerical algorithms                   
              C. Holzer,                                      
              J. Chem. Phys. 153 (2020), 184115               






          OpenMP Shared-Memory Parallelization: 16 CPUs.

            By: Christof Holzer and Yannick J. Franzke


              +--------------------------------------------------+
              |      general information about current run       |
              +--------------------------------------------------+

 
 Becke-3-Parameter hybrid functional: B3-LYP
 exchange:    0.8*LDA + 0.72*B88 + 0.2*HF
 correlation: 0.19*LDA(VWN) + 0.81*LYP
 A Hybrid-DFT calculation using the RI-J approximation will be carried out.
 Allocatable memory for RI due to $ricore (MB):                  8000


              +--------------------------------------------------+
              | Atomic coordinate, charge and isotop information |
              +--------------------------------------------------+

                    atomic coordinates            atom    charge  isotop
          4.05647657    4.77029727   -0.07801658    c      6.000     0
          3.25517317    2.17060151   -0.50421408    n      7.000     0
          5.00012665    0.58106749   -1.92214059    c      6.000     0
          7.59753618    0.44187826   -0.74166828    c      6.000     0
          7.94334591   -0.41904431    1.77139209    c      6.000     0
         10.15683849   -0.63591953    2.86555564    n      7.000     0
         12.21348442    0.01868204    1.47001861    c      6.000     0
         11.85691450    0.87519940   -1.03954374    c      6.000     0
          9.57288267    1.08154093   -2.12134234    n      7.000     0
         14.11004164    1.53022934   -2.42805609    c      6.000     0
         16.35443293    1.32960544   -1.38027485    n      7.000     0
         16.44023442    0.49025330    1.04983944    c      6.000     0
         14.51871240   -0.17415110    2.51684031    n      7.000     0
         18.78711093    0.35000567    2.05805357    n      7.000     0
         13.89245020    2.35127837   -4.82219153    n      7.000     0
          0.71857632    1.57362571   -0.26281266    c      6.000     0
         -0.93296046    3.23373229    1.01911679    c      6.000     0
         -3.46170840    2.66630799    1.32331946    c      6.000     0
         -4.49901820    0.42673071    0.39025563    c      6.000     0
         -2.88815048   -1.20786836   -0.91278141    c      6.000     0
         -0.35199943   -0.66040704   -1.24854930    c      6.000     0
         -7.24673126   -0.03154437    0.79169421    c      6.000     0
         -8.70293656    1.65546884    1.40743335    o      8.000     0
         -8.09101526   -2.45551357    0.41052864    n      7.000     0
        -10.71371324   -3.08773416    0.96589349    c      6.000     0
        -12.50375179   -2.25567275   -1.17246753    c      6.000     0
        -15.28670276   -1.94077819   -0.37417813    c      6.000     0
        -15.59972944    0.13590212    1.55413144    c      6.000     0
        -15.58769748   -0.15004890    3.81388710    o      8.000     0
        -15.84677916    2.43393028    0.46272463    o      8.000     0
        -10.97652372   -5.88696372    1.55860694    c      6.000     0
        -12.78914999   -7.16667362    1.07519960    o      8.000     0
         -8.92496309   -6.82876049    2.77188281    o      8.000     0
          6.02327712    4.96888929   -0.63734809    h      1.000     0
          3.91407993    5.30115440    1.91244830    h      1.000     0
          2.92923867    6.10267185   -1.19087973    h      1.000     0
          4.24053300   -1.32759253   -1.99573736    h      1.000     0
          5.22274699    1.22534489   -3.87960932    h      1.000     0
          6.29997201   -0.93786541    2.88921336    h      1.000     0
         18.99519933   -0.40380353    3.78605952    h      1.000     0
         20.29312967    0.67606828    0.95397749    h      1.000     0
         12.16630514    2.46409385   -5.60696055    h      1.000     0
         15.45263418    2.78587300   -5.81114164    h      1.000     0
         -0.22780177    4.98019525    1.80245675    h      1.000     0
         -4.69209527    3.96930306    2.30827930    h      1.000     0
         -3.61484022   -2.91866660   -1.77213680    h      1.000     0
          0.76667809   -1.97357654   -2.33715296    h      1.000     0
         -6.81813568   -3.86504758    0.47707201    h      1.000     0
        -11.26013831   -2.09473776    2.70355108    h      1.000     0
        -11.80066501   -0.45798969   -1.88628117    h      1.000     0
        -12.41191673   -3.62602754   -2.71108840    h      1.000     0
        -15.99854499   -3.68862609    0.44046674    h      1.000     0
        -16.39800713   -1.47867511   -2.04720332    h      1.000     0
        -15.86669915    3.67245980    1.81539779    h      1.000     0
         -9.28575658   -8.58870213    3.14087032    h      1.000     0
 
       center of nuclear mass  :    0.09392033   -0.18646000    0.33378497
       center of nuclear charge:    0.06343515   -0.16814469    0.30272388

              +--------------------------------------------------+
              |               basis set information              |
              +--------------------------------------------------+

              we will work with the 1s 3p 5d 7f 9g ... basis set
              ...i.e. with spherical basis functions...

   type   atoms  prim   cont   basis
   ---------------------------------------------------------------------------
    c       20     46     31   def2-TZVP   [5s3p2d1f|11s6p2d1f]
    n        8     46     31   def2-TZVP   [5s3p2d1f|11s6p2d1f]
    o        5     46     31   def2-TZVP   [5s3p2d1f|11s6p2d1f]
    h       22      8      6   def2-TZVP   [3s1p|5s1p]
   ---------------------------------------------------------------------------
   total:   55   1694   1155
   ---------------------------------------------------------------------------

   total number of primitive shells          :   66
   total number of contracted shells         :  451
   total number of cartesian basis functions : 1320
   total number of SCF-basis functions       : 1155


 integral neglect threshold       :  0.25E-11
 integral storage threshold THIZE :  0.10E-04
 integral storage threshold THIME :         5

 RI-J AUXILIARY BASIS SET information:

              we will work with the 1s 3p 5d 7f 9g ... basis set
              ...i.e. with spherical basis functions...

   type   atoms  prim   cont   basis
   ---------------------------------------------------------------------------
    c       20     70     49   def2-TZVP   [6s4p3d1f1g|12s5p4d2f1g]
    n        8     70     49   def2-TZVP   [6s4p3d1f1g|12s5p4d2f1g]
    o        5     70     49   def2-TZVP   [6s4p3d1f1g|12s5p4d2f1g]
    h       22     16     11   def2-TZVP   [3s1p1d|5s2p1d]
   ---------------------------------------------------------------------------
   total:   55   2662   1859
   ---------------------------------------------------------------------------

   total number of primitive shells          :   80
   total number of contracted shells         :  605
   total number of cartesian basis functions : 2277
   total number of SCF-basis functions       : 1859


 symmetry group of the molecule :   c1 

 the group has the following generators :
   c1(z)

    1 symmetry operations found

 there are 1 real representations :   a   

 maximum number of shells which are related by symmetry :  1

 ==============================================================================
                      COSMO switched on
 ==============================================================================
 COSMO stati: segments per atom: H   32 other atoms   92
 COSMO statistics: nps   1910 npspher:    790
 COSMO surface:
   number of segments: 1910
   area (bohr**2):     1599.849014
   volume (bohr**3):   3396.360688
 COSMO: check number of disjunct cavities:

       ... OK contiguous cavity found
  
           ------------------
           density functional
           ------------------
 Becke-3-Parameter hybrid functional: B3-LYP
 exchange:    0.8*LDA + 0.72*B88 + 0.2*HF
 correlation: 0.19*LDA(VWN) + 0.81*LYP
 iterations will be done with small grid
  
 spherical integration : Lebedev's spherical grid
 spherical gridsize    :                     4
    i.e. gridpoints    :                   434
  maximum batchsize    :                   100
 value for diffuse not defined
 radial integration    : Chebyshev 2nd kind (scaling 3)
 radial gridsize       :                     6
 integration cells     :                    55
 partition function    : becke
 partition sharpness   :                     3
  

 biggest AO integral is expected to be     7.998976882

          ------------------------
          nuclear repulsion energy  :   3055.63048985    
          ------------------------


         -----------------
         -S,T+V- integrals
         -----------------

 1e-integrals will be neglected if expon. factor < 0.253179E-12
 
 Difference densities algorithm switched on.
 The maximal number of linear combinations of
 difference densities is  20.

 DIIS switched on: error vector is FDS-SDF
 Max. Iterations for DIIS is     :   4
 DIIS matrix (see manual) 
    Scaling factor of diagonals  :  1.200
    threshold for scaling factor :  0.000

 scf convergence criterion : increment of total energy < .1000000D-06
                  and increment of one-electron energy < .1000000D-03

 MOs are in ASCII format !


    mo occupation :
   irrep   mo's   occupied
    a     1155      119
 
 number of basis functions   :  1155
 number of occupied orbitals :   119
 

 reading orbital data $scfmo  from file mos
 orbital characterization : scfconv=7
 mo-orthogonalization by Cholesky decomposition

 automatic virtual orbital shift switched on 
      shift if e(lumo)-e(homo) < 0.10000000    

  
           ------------------------
               RI-J - INFORMATION
           ------------------------
 Contributions to RI integral batches: 
  neglected integral batches:                 56844
  direct contribution:                            0
  memory contribution:                 45082
 Memory core needed for (P|Q) and Cholesky     27 MByte
 Memory core minimum needed except of (P|Q)     5 MByte
 Total minimum memory core needed (sum)        31 MByte
  
 ****************************************
 Memory allocated for RI-J  6450 MByte
 ****************************************
                                            

 dump of DSCF restart information has been disabled !


 Starting SCF iterations

          Overall gridpoints after grid construction =        154192

 ITERATION  ENERGY          1e-ENERGY        2e-ENERGY     NORM[dD(SAO)]  TOL
   1  -1589.3806888990    -8241.1844931     3596.1733144    0.000D+00 0.253D-11
                            Exc = -173.460448099     Coul =  3810.79297281    
                            exK = -41.1592103349    
                              N = 238.00037881    
                          Ediel =-0.460657436080E-01
                            current damping = 0.700
 
          max. resid. norm for Fia-block=  1.060D-02 for orbital    117a         
          max. resid. fock norm         =  2.303D-02 for orbital    262a         

 ITERATION  ENERGY          1e-ENERGY        2e-ENERGY     NORM[dD(SAO)]  TOL
   2  -1589.3871125417    -8241.7959202     3596.7783178    0.427D+00 0.161D-11
                            Exc = -173.494849443      Eck =  3770.27316726    
                              N = 238.00037632    
                          Ediel =-0.591127608399E-01
                            current damping = 0.650
 
          Norm of current diis error: 0.13405    
          max. resid. norm for Fia-block=  6.709D-03 for orbital    117a         
          max. resid. fock norm         =  8.593D-03 for orbital    128a         

 ITERATION  ENERGY          1e-ENERGY        2e-ENERGY     NORM[dD(SAO)]  TOL
   3  -1589.3886050957    -8241.8067548     3596.7876599    0.158D+00 0.124D-11
                            Exc = -173.470232868      Eck =  3770.25789273    
                              N = 238.00038356    
                          Ediel =-0.611660620644E-01
                            current damping = 0.500
 
          Norm of current diis error: 0.57044E-01
          max. resid. norm for Fia-block=  2.484D-03 for orbital    117a         
          max. resid. fock norm         =  3.641D-03 for orbital    128a         

 ITERATION  ENERGY          1e-ENERGY        2e-ENERGY     NORM[dD(SAO)]  TOL
   4  -1589.3889813780    -8241.7061343     3596.6866631    0.326D-01 0.107D-11
                            Exc = -173.467374493      Eck =  3770.15403758    
                              N = 238.00038513    
                          Ediel =-0.639258778390E-01
                            current damping = 0.550
 
          Norm of current diis error: 0.19729E-01
          max. resid. norm for Fia-block=  1.063D-03 for orbital    117a         
          max. resid. fock norm         =  1.518D-03 for orbital    128a         

 ITERATION  ENERGY          1e-ENERGY        2e-ENERGY     NORM[dD(SAO)]  TOL
   5  -1589.3890332370    -8241.7822762     3596.7627532    0.107D-01 0.988D-12
                            Exc = -173.470518660      Eck =  3770.23327182    
                              N = 238.00038599    
                          Ediel =-0.648741013251E-01
                            current damping = 0.600
 
          Norm of current diis error: 0.88968E-02
          max. resid. norm for Fia-block=  5.364D-04 for orbital    117a         
          max. resid. fock norm         =  5.698D-04 for orbital    117a         
          mo-orthogonalization: Cholesky decomposition

 ITERATION  ENERGY          1e-ENERGY        2e-ENERGY     NORM[dD(SAO)]  TOL
   6  -1589.3890430273    -8241.7879785     3596.7684456    0.495D-02 0.943D-12
                            Exc = -173.470444743      Eck =  3770.23889037    
                              N = 238.00038640    
                          Ediel =-0.652565226538E-01
                            current damping = 0.450
 
          Norm of current diis error: 0.37639E-02
          max. resid. norm for Fia-block=  2.110D-04 for orbital    117a         
          max. resid. fock norm         =  2.365D-04 for orbital    157a         

 ITERATION  ENERGY          1e-ENERGY        2e-ENERGY     NORM[dD(SAO)]  TOL
   7  -1589.3890448406    -8241.7735043     3596.7539696    0.153D-02 0.918D-12
                            Exc = -173.469088441      Eck =  3770.22305809    
                              N = 238.00038664    
                          Ediel =-0.653877088035E-01
                            current damping = 0.500
 
          Norm of current diis error: 0.20739E-02
          max. resid. norm for Fia-block=  7.940D-05 for orbital    117a         
          max. resid. fock norm         =  9.771D-05 for orbital    113a         

 ITERATION  ENERGY          1e-ENERGY        2e-ENERGY     NORM[dD(SAO)]  TOL
   8  -1589.3890452220    -8241.7780025     3596.7584674    0.403D-03 0.899D-12
                            Exc = -173.469588955      Eck =  3770.22805637    
                              N = 238.00038669    
                          Ediel =-0.654789530152E-01
                            current damping = 0.550
 
          Norm of current diis error: 0.91210E-03
          max. resid. norm for Fia-block=  4.213D-05 for orbital    117a         
          max. resid. fock norm         =  5.116D-05 for orbital    117a         

 ITERATION  ENERGY          1e-ENERGY        2e-ENERGY     NORM[dD(SAO)]  TOL
   9  -1589.3890452827    -8241.7825528     3596.7630176    0.159D-03 0.885D-12
                            Exc = -173.469693221      Eck =  3770.23271085    
                              N = 238.00038673    
                          Ediel =-0.654904143979E-01
                            current damping = 0.400
 
          Norm of current diis error: 0.44724E-03
          max. resid. norm for Fia-block=  1.620D-05 for orbital    103a         
          max. resid. fock norm         =  2.647D-05 for orbital   1153a         

 ITERATION  ENERGY          1e-ENERGY        2e-ENERGY     NORM[dD(SAO)]  TOL
  10  -1589.3890452958    -8241.7810665     3596.7615313    0.594D-04 0.874D-12
                            Exc = -173.469618867      Eck =  3770.23115021    
                              N = 238.00038674    
                          Ediel =-0.655045783664E-01
                            current damping = 0.450
 
          Norm of current diis error: 0.24225E-03
          max. resid. norm for Fia-block=  7.164D-06 for orbital    118a         
          max. resid. fock norm         =  1.127D-05 for orbital   1145a         
          mo-orthogonalization: Cholesky decomposition

 ENERGY CONVERGED !

          Overall gridpoints after grid construction =        543620

 ITERATION  ENERGY          1e-ENERGY        2e-ENERGY     NORM[dD(SAO)]  TOL
  11  -1589.3889884567    -8241.7809053     3596.7614270    0.200D-04 0.863D-12
                            Exc = -173.469557246      Eck =  3770.23098428    
                              N = 237.99995704    
                          Ediel =-0.655080590246E-01
                            current damping = 0.300
 
          Norm of current diis error: 0.89118E-04
          max. resid. norm for Fia-block=  3.809D-06 for orbital    117a         
          max. resid. fock norm         =  4.437D-06 for orbital   1136a         

 End of SCF iterations

   convergence criteria satisfied after    11 iterations


                  ------------------------------------------ 
                 |  total energy      =  -1589.38898845675  |
                  ------------------------------------------ 
                 :  kinetic energy    =   1582.63756573077  :
                 :  potential energy  =  -3172.02655418752  :
                 :  virial theorem    =      1.99575218982  :
                 :  wavefunction norm =      1.00000000000  :
                  .......................................... 


 <geterg> : there is no data group $energy 


 <skperg> : $end is missing 


 orbitals $scfmo  will be written to file mos

    irrep                115a        116a        117a        118a        119a   
 eigenvalues H         -0.26340    -0.26187    -0.25213    -0.22860    -0.20587
            eV          -7.1677     -7.1260     -6.8610     -6.2206     -5.6020
 occupation              2.0000      2.0000      2.0000      2.0000      2.0000

    irrep                120a        121a        122a        123a        124a   
 eigenvalues H         -0.07953    -0.03656    -0.03352    -0.01730    -0.01626
            eV          -2.1642     -0.9947     -0.9120     -0.4707     -0.4425
 
 ==============================================================================
                                  COSMO RESULTS
 ==============================================================================
  PARAMETER:
    nppa:      1082
    nspa:        92
    nsph:        32
    nps:       1910
    npspher:    790
    disex:   10.0000    
    disex2:  4241.48    
    rsolv [A]: 1.3000
    routf:     0.8500
    phsran:    0.0    
    ampran:   0.10E-04
    cavity:  closed
    solvent: not set
    source:  Custom values, not taken from cosmosolvent list!                                                                        
    epsilon: infinity
    refind:      1.300 ( 25.0 C)
    fepsi:       1.0000000
  CAVITY VOLUME/AREA [a.u.]:
    surface: V1.0, A matrix: V1.0
    area:  1599.85
    volume:  3396.36
  SCREENING CHARGE:
    cosmo      :  -0.045674
    correction :   0.044243
    total      :  -0.001432
  ENERGIES [a.u.]:
    Total energy            =     -1589.3889884567479
    Total energy + OC corr. =     -1589.3905333078
    Dielectric energy       =        -0.0655080590
    Diel. energy + OC corr. =        -0.0670529101
  ELEMENT RADIUS [A]: ATOM LIST
    c  2.00: 1,3-5,7,8,10,12,16-22,25-28,31
    n  1.83: 2,6,9,11,13-15,24
    o  1.72: 23,29,30,32,33
    h  1.30: 34-55
 ==============================================================================
 
 
 
 ==============================================================================
                           electrostatic moments
 ==============================================================================

 reference point for electrostatic moments:    0.00000   0.00000   0.00000

 
              nuc           elec       ->  total
 ------------------------------------------------------------------------------
                          charge      
 ------------------------------------------------------------------------------
         238.000000    -238.000000       0.000000
 
 ------------------------------------------------------------------------------
                       dipole moment  
 ------------------------------------------------------------------------------
   x      15.097566     -11.783386       3.314180
   y     -40.018436      39.845073      -0.173363
   z      72.048283     -75.032626      -2.984343
 
   | dipole moment | =     4.4632 a.u. =    11.3443 debye 
 
 ------------------------------------------------------------------------------
                     quadrupole moment
 ------------------------------------------------------------------------------
  xx   29547.550957  -29695.862791    -148.311834
  yy    1901.105832   -2031.202601    -130.096769
  zz     898.868033   -1041.740901    -142.872868
  xy    3019.008891   -3009.327796       9.681095
  xz   -1432.733626    1424.605835      -8.127791
  yz    -388.004826     386.240496      -1.764330
 
     1/3  trace=    -140.427157
     anisotropy=      27.404237
 
 ==============================================================================
 
HOMO-LUMO Separation
 HOMO         :   -0.20586962 H =     -5.60200 eV
 LUMO         :   -0.07953162 H =     -2.16417 eV
 HOMO-LUMO gap:    0.12633800 H =     +3.43783 eV
 
 ==============================================================================


    ------------------------------------------------------------------------
         total  cpu-time : 58 minutes and 16 seconds
         total wall-time :  3 minutes and 43 seconds
    ------------------------------------------------------------------------

   ****  ridft : all done  ****


    2026-04-17 21:29:45.892 

 ridft ended normally
