
   OpenMP run-time library returned nthreads = 16

 ridft (s02r1b54) : TURBOMOLE rev. V7-8-1 compiled 26 Feb 2024 at 17:12:58
 Copyright (C) 2024 TURBOMOLE GmbH, Karlsruhe


    2026-04-15 19:55:36.957 



                                  r i d f t

                        DFT program with RI approximation 
                                for coulomb part 





                                 References:     
                                                 
          TURBOMOLE:                             
              R. Ahlrichs, M. Baer, M. Haeser, H. Horn, and
              C. Koelmel
              Electronic structure calculations on workstation
              computers: the program system TURBOMOLE
              Chem. Phys. Lett. 162: 165 (1989)
          Density Functional:                              
              O. Treutler and R. Ahlrichs                      
              Efficient Molecular Numerical Integration Schemes
              J. Chem. Phys. 102: 346 (1995)                   
          Parallel Version:                                
              Performance of parallel TURBOMOLE for Density    
              Functional Calculations                          
              M. v. Arnim and R. Ahlrichs                      
              J. Comp. Chem. 19: 1746 (1998)                   
          RI-J Method:                                     
              Auxiliary Basis Sets to approximate Coulomb      
              Potentials                                       
              Chem. Phys. Lett. 240: 283 (1995)                
              K. Eichkorn, O. Treutler, H. Oehm, M. Haeser     
              and R. Ahlrichs                                  
              Chem. Phys. Lett. 242: 652 (1995)                
                                                           
              Auxiliary Basis Sets for Main Row Atoms and their
              Use to approximate Coulomb Potentials            
              K. Eichkorn, F. Weigend, O. Treutler and         
              R. Ahlrichs                                      
              Theo. Chem. Acc. 97: 119 (1997)                  
                                                           
              Accurate Coulomb-fitting basis sets for H to Rn 
              F. Weigend                                       
              Phys. Chem. Chem. Phys. 8: 1057 (2006)           
                                                           
          Multipole accelerated RI-J (MARI-J):             
              Fast evaluation of the Coulomb potential for     
              electron densities using multipole accelerated   
              resolution of identity approximation             
              M. Sierka, A. Hogekamp and R. Ahlrichs           
              J. Chem. Phys. 118: 9136 (2003)                  
          RI-JK Method:                                     
              A fully direct RI-HF algorithm: Implementation,
              optimised auxiliary basis sets, demonstration of
              accuracy and efficiency                         
              F. Weigend                                      
              Phys. Chem. Chem. Phys. 4: 4285 (2002)           
          Two-component HF and DFT with spin-orbit coupling:  
              Self-consistent treatment of spin-orbit         
              interactions with efficient Hartree-Fock and    
              density functional methods                      
              M. K. Armbruster, F. Weigend, C. van Wüllen and 
              W. Klopper                                      
              Phys. Chem. Chem. Phys. 10: 1748 (2008)         
          Two-component difference density and DIIS algorithm 
              Efficient two-component self-consistent field   
              procedures and gradients: implementation in     
              TURBOMOLE and application to Au20-              
              A. Baldes, F. Weigend                           
              Mol. Phys. 111: 2617 (2013)                     
          Relativistic current density functional theory      
              Current density functional framework for        
              spin-orbit coupling                             
              C. Holzer, Y. J. Franzke, A. Pausch             
              J. Chem. Phys. 157: 204102 (2022)               
          Relativistic all-electron 2c calculations           
              An efficient implementation of two-component    
              relativistic exact-decoupling methods for large 
              molecules                                       
              D. Peng, N. Middendorf, F. Weigend, M. Reiher   
              J. Chem. Phys. 138: 184105 (2013)               
          Finite nucleus model and SNSO approximation         
              Efficient implementation of one- and two-       
              component analytical energy gradients in exact  
              two-component theory                            
              Y. J. Franzke, N. Middendorf, F. Weigend        
              J. Chem. Phys. 148: 104110 (2018)               
          Grids for all-electron relativistic methods         
              Error-consistent segmented contracted all-      
              electron relativistic basis sets of double-     
              and triple-zeta quality for NMR shielding       
              constants                                       
              Y. J. Franzke, R. Tress, T. M. Pazdera,         
              F. Weigend                                      
              Phys. Chem. Chem. Phys. 21: 166658 (2019)       
          Seminumerical exchange algorithms                   
              Seminumerical calculation of the Hartree-Fock   
              exchange matirx: Application to two-component   
              procedures and efficient evaluation of local    
              hybrid functionsl                               
              P. Plessow, F. Weigend,                         
              J. Comput. Chem. 33: 810 (2012)                 
          Improved seminumerical algorithms                   
              C. Holzer,                                      
              J. Chem. Phys. 153 (2020), 184115               






          OpenMP Shared-Memory Parallelization: 16 CPUs.

            By: Christof Holzer and Yannick J. Franzke


              +--------------------------------------------------+
              |      general information about current run       |
              +--------------------------------------------------+

 
 Becke-3-Parameter hybrid functional: B3-LYP
 exchange:    0.8*LDA + 0.72*B88 + 0.2*HF
 correlation: 0.19*LDA(VWN) + 0.81*LYP
 A Hybrid-DFT calculation using the RI-J approximation will be carried out.
 Allocatable memory for RI due to $ricore (MB):                  5000


              +--------------------------------------------------+
              | Atomic coordinate, charge and isotop information |
              +--------------------------------------------------+

                    atomic coordinates            atom    charge  isotop
         -2.42715899   -0.86600104    0.83813129    c      6.000     0
         -0.52529998    0.22220454   -1.04743588    c      6.000     0
          2.13848757    0.25876063    0.02399040    c      6.000     0
          3.34344454    2.16801128    0.34085934    o      8.000     0
          3.02266495   -2.05818119    0.57352862    o      8.000     0
         -1.22753213    2.68777057   -1.77418640    o      8.000     0
         -1.97425301   -2.81970354    1.31064601    h      1.000     0
         -4.30492268   -0.80021493   -0.00545265    h      1.000     0
         -2.45297105    0.26334083    2.56329407    h      1.000     0
         -0.47322222   -0.99511480   -2.72667268    h      1.000     0
          4.72074077   -1.86079977    1.23887375    h      1.000     0
          0.16001657    3.79992741   -1.33557397    h      1.000     0
 
       center of nuclear mass  :    0.75575870    0.41855725   -0.16572757
       center of nuclear charge:    0.66458706    0.36787553   -0.14469080

              +--------------------------------------------------+
              |               basis set information              |
              +--------------------------------------------------+

              we will work with the 1s 3p 5d 7f 9g ... basis set
              ...i.e. with spherical basis functions...

   type   atoms  prim   cont   basis
   ---------------------------------------------------------------------------
    c        3     46     31   def2-TZVP   [5s3p2d1f|11s6p2d1f]
    o        3     46     31   def2-TZVP   [5s3p2d1f|11s6p2d1f]
    h        6      8      6   def2-TZVP   [3s1p|5s1p]
   ---------------------------------------------------------------------------
   total:   12    324    222
   ---------------------------------------------------------------------------

   total number of primitive shells          :   46
   total number of contracted shells         :   90
   total number of cartesian basis functions :  252
   total number of SCF-basis functions       :  222


 integral neglect threshold       :  0.13E-10
 integral storage threshold THIZE :  0.10E-04
 integral storage threshold THIME :         5

 RI-J AUXILIARY BASIS SET information:

              we will work with the 1s 3p 5d 7f 9g ... basis set
              ...i.e. with spherical basis functions...

   type   atoms  prim   cont   basis
   ---------------------------------------------------------------------------
    c        3     70     49   def2-TZVP   [6s4p3d1f1g|12s5p4d2f1g]
    o        3     70     49   def2-TZVP   [6s4p3d1f1g|12s5p4d2f1g]
    h        6     16     11   def2-TZVP   [3s1p1d|5s2p1d]
   ---------------------------------------------------------------------------
   total:   12    516    360
   ---------------------------------------------------------------------------

   total number of primitive shells          :   56
   total number of contracted shells         :  120
   total number of cartesian basis functions :  438
   total number of SCF-basis functions       :  360


 symmetry group of the molecule :   c1 

 the group has the following generators :
   c1(z)

    1 symmetry operations found

 there are 1 real representations :   a   

 maximum number of shells which are related by symmetry :  1

  
           ------------------
           density functional
           ------------------
 Becke-3-Parameter hybrid functional: B3-LYP
 exchange:    0.8*LDA + 0.72*B88 + 0.2*HF
 correlation: 0.19*LDA(VWN) + 0.81*LYP
 iterations will be done with small grid
  
 spherical integration : Lebedev's spherical grid
 spherical gridsize    :                     3
    i.e. gridpoints    :                   302
  maximum batchsize    :                   100
 value for diffuse not defined
 radial integration    : Chebyshev 2nd kind (scaling 3)
 radial gridsize       :                     3
 integration cells     :                    12
 partition function    : becke
 partition sharpness   :                     3
  

 biggest AO integral is expected to be     7.998976882

          ------------------------
          nuclear repulsion energy  :   249.942033024    
          ------------------------


         -----------------
         -S,T+V- integrals
         -----------------

 1e-integrals will be neglected if expon. factor < 0.132618E-11
 
 Difference densities algorithm switched on.
 The maximal number of linear combinations of
 difference densities is  20.

 DIIS switched on: error vector is FDS-SDF
 Max. Iterations for DIIS is     :   4
 DIIS matrix (see manual) 
    Scaling factor of diagonals  :  1.200
    threshold for scaling factor :  0.000

 scf convergence criterion : increment of total energy < .1000000D-06
                  and increment of one-electron energy < .1000000D-03

 MOs are in ASCII format !


    mo occupation :
   irrep   mo's   occupied
    a      222       24
 
 number of basis functions   :   222
 number of occupied orbitals :    24
 

 reading orbital data $scfmo  from file mos
 orbital characterization : scfconv=7
 mo-orthogonalization by Cholesky decomposition

 automatic virtual orbital shift switched on 
      shift if e(lumo)-e(homo) < 0.10000000    

  
           ------------------------
               RI-J - INFORMATION
           ------------------------
 Contributions to RI integral batches: 
  neglected integral batches:                   274
  direct contribution:                            0
  memory contribution:                  3821
 Memory core needed for (P|Q) and Cholesky      1 MByte
 Memory core minimum needed except of (P|Q)     1 MByte
 Total minimum memory core needed (sum)         2 MByte
  
 ****************************************
 Memory allocated for RI-J   104 MByte
 ****************************************
                                            

 DSCF restart information will be dumped onto file mos


 Starting SCF iterations

          Overall gridpoints after grid construction =         15734

 ITERATION  ENERGY          1e-ENERGY        2e-ENERGY     NORM[dD(SAO)]  TOL
   1  -343.58874559320    -964.57994207     371.04916345    0.000D+00 0.132D-10
                            Exc = -35.7021560012     Coul =  415.228657621    
                            exK = -8.47733816532    
                              N = 48.001018226    
                            current damping = 0.300
 
          max. resid. norm for Fia-block=  8.952D-05 for orbital     22a         
          max. resid. fock norm         =  2.778D-04 for orbital    221a         

 ITERATION  ENERGY          1e-ENERGY        2e-ENERGY     NORM[dD(SAO)]  TOL
   2  -343.58874555676    -964.58001698     371.04923840    0.491D-03 0.839D-11
                            Exc = -35.7020778104      Eck =  406.751316212    
                              N = 48.001018167    
                            current damping = 0.300
 
          Norm of current diis error: 0.11017E-02
          max. resid. norm for Fia-block=  3.923D-05 for orbital     22a         
          max. resid. fock norm         =  1.116D-04 for orbital    221a         

 ENERGY CONVERGED !

          Overall gridpoints after grid construction =         58524

 ITERATION  ENERGY          1e-ENERGY        2e-ENERGY     NORM[dD(SAO)]  TOL
   3  -343.58866014559    -964.57999109     371.04929792    0.396D-04 0.788D-11
                            Exc = -35.7020271848      Eck =  406.751325105    
                              N = 47.999999999    
                            current damping = 0.350
 
          Norm of current diis error: 0.32860E-03
          max. resid. norm for Fia-block=  1.251D-05 for orbital     22a         
          max. resid. fock norm         =  3.433D-05 for orbital    221a         

 End of SCF iterations

   convergence criteria satisfied after     3 iterations


                  ------------------------------------------ 
                 |  total energy      =   -343.58866014559  |
                  ------------------------------------------ 
                 :  kinetic energy    =    342.21569573612  :
                 :  potential energy  =   -685.80435588171  :
                 :  virial theorem    =      1.99600404621  :
                 :  wavefunction norm =      1.00000000000  :
                  .......................................... 


 <geterg> : there is no data group $energy 


 <skperg> : $end is missing 


 orbitals $scfmo  will be written to file mos

    irrep                 20a         21a         22a         23a         24a   
 eigenvalues H         -0.38467    -0.35648    -0.34844    -0.30561    -0.28496
            eV         -10.4675     -9.7004     -9.4816     -8.3163     -7.7543
 occupation              2.0000      2.0000      2.0000      2.0000      2.0000

    irrep                 25a         26a         27a         28a         29a   
 eigenvalues H         -0.01583     0.01844     0.05249     0.07604     0.07823
            eV          -0.4309      0.5018      1.4284      2.0691      2.1289
 
 
 
 
 ==============================================================================
                           electrostatic moments
 ==============================================================================

 reference point for electrostatic moments:    0.00000   0.00000   0.00000

 
              nuc           elec       ->  total
 ------------------------------------------------------------------------------
                          charge      
 ------------------------------------------------------------------------------
          48.000000     -48.000000       0.000000
 
 ------------------------------------------------------------------------------
                       dipole moment  
 ------------------------------------------------------------------------------
   x      31.900179     -31.577017       0.323162
   y      17.658025     -18.458737      -0.800712
   z      -6.945158       7.255286       0.310128
 
   | dipole moment | =     0.9175 a.u. =     2.3320 debye 
 
 ------------------------------------------------------------------------------
                     quadrupole moment
 ------------------------------------------------------------------------------
  xx     289.998738    -315.317652     -25.318914
  yy     162.034383    -190.522092     -28.487709
  zz      58.585439     -85.268752     -26.683314
  xy      -2.283491       0.917914      -1.365578
  xz      29.885510     -29.973365      -0.087855
  yz     -55.077796      55.447548       0.369752
 
     1/3  trace=     -26.829979
     anisotropy=       3.688775
 
 ==============================================================================
 
HOMO-LUMO Separation
 HOMO         :   -0.28496438 H =     -7.75428 eV
 LUMO         :   -0.01583468 H =     -0.43088 eV
 HOMO-LUMO gap:    0.26912970 H =     +7.32340 eV
 
 ==============================================================================


    ------------------------------------------------------------------------
         total  cpu-time :  32.98 seconds
         total wall-time :   2.28 seconds
    ------------------------------------------------------------------------

   ****  ridft : all done  ****


    2026-04-15 19:55:39.214 

 ridft ended normally
