
   OpenMP run-time library returned nthreads = 16

 ridft (s02r1b80) : TURBOMOLE rev. V7-8-1 compiled 26 Feb 2024 at 17:12:58
 Copyright (C) 2024 TURBOMOLE GmbH, Karlsruhe


    2026-04-16 23:32:53.538 



                                  r i d f t

                        DFT program with RI approximation 
                                for coulomb part 





                                 References:     
                                                 
          TURBOMOLE:                             
              R. Ahlrichs, M. Baer, M. Haeser, H. Horn, and
              C. Koelmel
              Electronic structure calculations on workstation
              computers: the program system TURBOMOLE
              Chem. Phys. Lett. 162: 165 (1989)
          Density Functional:                              
              O. Treutler and R. Ahlrichs                      
              Efficient Molecular Numerical Integration Schemes
              J. Chem. Phys. 102: 346 (1995)                   
          Parallel Version:                                
              Performance of parallel TURBOMOLE for Density    
              Functional Calculations                          
              M. v. Arnim and R. Ahlrichs                      
              J. Comp. Chem. 19: 1746 (1998)                   
          RI-J Method:                                     
              Auxiliary Basis Sets to approximate Coulomb      
              Potentials                                       
              Chem. Phys. Lett. 240: 283 (1995)                
              K. Eichkorn, O. Treutler, H. Oehm, M. Haeser     
              and R. Ahlrichs                                  
              Chem. Phys. Lett. 242: 652 (1995)                
                                                           
              Auxiliary Basis Sets for Main Row Atoms and their
              Use to approximate Coulomb Potentials            
              K. Eichkorn, F. Weigend, O. Treutler and         
              R. Ahlrichs                                      
              Theo. Chem. Acc. 97: 119 (1997)                  
                                                           
              Accurate Coulomb-fitting basis sets for H to Rn 
              F. Weigend                                       
              Phys. Chem. Chem. Phys. 8: 1057 (2006)           
                                                           
          Multipole accelerated RI-J (MARI-J):             
              Fast evaluation of the Coulomb potential for     
              electron densities using multipole accelerated   
              resolution of identity approximation             
              M. Sierka, A. Hogekamp and R. Ahlrichs           
              J. Chem. Phys. 118: 9136 (2003)                  
          RI-JK Method:                                     
              A fully direct RI-HF algorithm: Implementation,
              optimised auxiliary basis sets, demonstration of
              accuracy and efficiency                         
              F. Weigend                                      
              Phys. Chem. Chem. Phys. 4: 4285 (2002)           
          Two-component HF and DFT with spin-orbit coupling:  
              Self-consistent treatment of spin-orbit         
              interactions with efficient Hartree-Fock and    
              density functional methods                      
              M. K. Armbruster, F. Weigend, C. van Wüllen and 
              W. Klopper                                      
              Phys. Chem. Chem. Phys. 10: 1748 (2008)         
          Two-component difference density and DIIS algorithm 
              Efficient two-component self-consistent field   
              procedures and gradients: implementation in     
              TURBOMOLE and application to Au20-              
              A. Baldes, F. Weigend                           
              Mol. Phys. 111: 2617 (2013)                     
          Relativistic current density functional theory      
              Current density functional framework for        
              spin-orbit coupling                             
              C. Holzer, Y. J. Franzke, A. Pausch             
              J. Chem. Phys. 157: 204102 (2022)               
          Relativistic all-electron 2c calculations           
              An efficient implementation of two-component    
              relativistic exact-decoupling methods for large 
              molecules                                       
              D. Peng, N. Middendorf, F. Weigend, M. Reiher   
              J. Chem. Phys. 138: 184105 (2013)               
          Finite nucleus model and SNSO approximation         
              Efficient implementation of one- and two-       
              component analytical energy gradients in exact  
              two-component theory                            
              Y. J. Franzke, N. Middendorf, F. Weigend        
              J. Chem. Phys. 148: 104110 (2018)               
          Grids for all-electron relativistic methods         
              Error-consistent segmented contracted all-      
              electron relativistic basis sets of double-     
              and triple-zeta quality for NMR shielding       
              constants                                       
              Y. J. Franzke, R. Tress, T. M. Pazdera,         
              F. Weigend                                      
              Phys. Chem. Chem. Phys. 21: 166658 (2019)       
          Seminumerical exchange algorithms                   
              Seminumerical calculation of the Hartree-Fock   
              exchange matirx: Application to two-component   
              procedures and efficient evaluation of local    
              hybrid functionsl                               
              P. Plessow, F. Weigend,                         
              J. Comput. Chem. 33: 810 (2012)                 
          Improved seminumerical algorithms                   
              C. Holzer,                                      
              J. Chem. Phys. 153 (2020), 184115               






          OpenMP Shared-Memory Parallelization: 16 CPUs.

            By: Christof Holzer and Yannick J. Franzke


              +--------------------------------------------------+
              |      general information about current run       |
              +--------------------------------------------------+

 
 Becke-3-Parameter hybrid functional: B3-LYP
 exchange:    0.8*LDA + 0.72*B88 + 0.2*HF
 correlation: 0.19*LDA(VWN) + 0.81*LYP
 A Hybrid-DFT calculation using the RI-J approximation will be carried out.
 Allocatable memory for RI due to $ricore (MB):                  5000


              +--------------------------------------------------+
              | Atomic coordinate, charge and isotop information |
              +--------------------------------------------------+

                    atomic coordinates            atom    charge  isotop
         -4.31274344   -1.13707556   -0.32289696    c      6.000     0
         -1.76565869   -0.27547389   -1.34832912    c      6.000     0
          0.16423377   -1.54668161    0.01502857    o      8.000     0
          2.66877809   -0.98200642   -0.74539522    c      6.000     0
          3.71272354    1.34980474    0.58289283    c      6.000     0
          6.24154767    1.67303103   -0.28132763    o      8.000     0
         -4.81110368   -0.55087016    2.32600008    n      7.000     0
         -4.45303976   -3.18452894   -0.56475925    h      1.000     0
         -5.80270456   -0.29267417   -1.47984499    h      1.000     0
         -1.61774718   -0.73168392   -3.37110606    h      1.000     0
         -1.58056296    1.78449434   -1.14782232    h      1.000     0
          2.78257687   -0.72511132   -2.79912060    h      1.000     0
          3.82991248   -2.61228986   -0.24621476    h      1.000     0
          2.55923482    3.01324352    0.13751307    h      1.000     0
          3.64393766    1.04776398    2.63137994    h      1.000     0
          6.98967581    3.08657201    0.58362528    h      1.000     0
         -4.84122020    1.34458879    2.61045980    h      1.000     0
         -3.40784215   -1.26110445    3.41991734    h      1.000     0
 
       center of nuclear mass  :    0.35028937   -0.15942930    0.05769572
       center of nuclear charge:    0.30154041   -0.13180229    0.05040112

              +--------------------------------------------------+
              |               basis set information              |
              +--------------------------------------------------+

              we will work with the 1s 3p 5d 7f 9g ... basis set
              ...i.e. with spherical basis functions...

   type   atoms  prim   cont   basis
   ---------------------------------------------------------------------------
    c        4     46     31   def2-TZVP   [5s3p2d1f|11s6p2d1f]
    o        2     46     31   def2-TZVP   [5s3p2d1f|11s6p2d1f]
    n        1     46     31   def2-TZVP   [5s3p2d1f|11s6p2d1f]
    h       11      8      6   def2-TZVP   [3s1p|5s1p]
   ---------------------------------------------------------------------------
   total:   18    410    283
   ---------------------------------------------------------------------------

   total number of primitive shells          :   66
   total number of contracted shells         :  121
   total number of cartesian basis functions :  318
   total number of SCF-basis functions       :  283


 integral neglect threshold       :  0.10E-10
 integral storage threshold THIZE :  0.10E-04
 integral storage threshold THIME :         5

 RI-J AUXILIARY BASIS SET information:

              we will work with the 1s 3p 5d 7f 9g ... basis set
              ...i.e. with spherical basis functions...

   type   atoms  prim   cont   basis
   ---------------------------------------------------------------------------
    c        4     70     49   def2-TZVP   [6s4p3d1f1g|12s5p4d2f1g]
    o        2     70     49   def2-TZVP   [6s4p3d1f1g|12s5p4d2f1g]
    n        1     70     49   def2-TZVP   [6s4p3d1f1g|12s5p4d2f1g]
    h       11     16     11   def2-TZVP   [3s1p1d|5s2p1d]
   ---------------------------------------------------------------------------
   total:   18    666    464
   ---------------------------------------------------------------------------

   total number of primitive shells          :   80
   total number of contracted shells         :  160
   total number of cartesian basis functions :  559
   total number of SCF-basis functions       :  464


 symmetry group of the molecule :   c1 

 the group has the following generators :
   c1(z)

    1 symmetry operations found

 there are 1 real representations :   a   

 maximum number of shells which are related by symmetry :  1

 ==============================================================================
                      COSMO switched on
 ==============================================================================
 COSMO stati: segments per atom: H   32 other atoms   92
 COSMO statistics: nps    650 npspher:    279
 COSMO surface:
   number of segments:  650
   area (bohr**2):      532.812481
   volume (bohr**3):    939.035120
 COSMO: check number of disjunct cavities:

       ... OK contiguous cavity found
  
           ------------------
           density functional
           ------------------
 Becke-3-Parameter hybrid functional: B3-LYP
 exchange:    0.8*LDA + 0.72*B88 + 0.2*HF
 correlation: 0.19*LDA(VWN) + 0.81*LYP
 iterations will be done with small grid
  
 spherical integration : Lebedev's spherical grid
 spherical gridsize    :                     3
    i.e. gridpoints    :                   302
  maximum batchsize    :                   100
 value for diffuse not defined
 radial integration    : Chebyshev 2nd kind (scaling 3)
 radial gridsize       :                     3
 integration cells     :                    18
 partition function    : becke
 partition sharpness   :                     3
  

 biggest AO integral is expected to be     7.998976882

          ------------------------
          nuclear repulsion energy  :   323.758202705    
          ------------------------


         -----------------
         -S,T+V- integrals
         -----------------

 1e-integrals will be neglected if expon. factor < 0.105093E-11
 
 Difference densities algorithm switched on.
 The maximal number of linear combinations of
 difference densities is  20.

 DIIS switched on: error vector is FDS-SDF
 Max. Iterations for DIIS is     :   4
 DIIS matrix (see manual) 
    Scaling factor of diagonals  :  1.200
    threshold for scaling factor :  0.000

 scf convergence criterion : increment of total energy < .1000000D-06
                  and increment of one-electron energy < .1000000D-03

 MOs are in ASCII format !


    mo occupation :
   irrep   mo's   occupied
    a      283       29
 
 number of basis functions   :   283
 number of occupied orbitals :    29
 

 reading orbital data $scfmo  from file mos
 orbital characterization : scfconv=7
 mo-orthogonalization by Cholesky decomposition

 automatic virtual orbital shift switched on 
      shift if e(lumo)-e(homo) < 0.10000000    

  
           ------------------------
               RI-J - INFORMATION
           ------------------------
 Contributions to RI integral batches: 
  neglected integral batches:                  1030
  direct contribution:                            0
  memory contribution:                  6351
 Memory core needed for (P|Q) and Cholesky      2 MByte
 Memory core minimum needed except of (P|Q)     1 MByte
 Total minimum memory core needed (sum)         3 MByte
  
 ****************************************
 Memory allocated for RI-J   188 MByte
 ****************************************
                                            

 DSCF restart information will be dumped onto file mos


 Starting SCF iterations

          Overall gridpoints after grid construction =         21557

 ITERATION  ENERGY          1e-ENERGY        2e-ENERGY     NORM[dD(SAO)]  TOL
   1  -364.17221039428    -1137.1389351     449.20852199    0.000D+00 0.105D-10
                            Exc = -40.2516808517     Coul =  499.011168455    
                            exK = -9.55096561010    
                              N = 58.003216381    
                          Ediel =-0.146317571885E-01
                            current damping = 0.300
 
          max. resid. norm for Fia-block=  1.211D-02 for orbital     29a         
          max. resid. fock norm         =  1.931D-02 for orbital     56a         

 ITERATION  ENERGY          1e-ENERGY        2e-ENERGY     NORM[dD(SAO)]  TOL
   2  -364.17417614094    -1137.3921979     449.45981908    0.191D+00 0.667D-11
                            Exc = -40.2687741434      Eck =  489.728593227    
                              N = 58.003177092    
                          Ediel =-0.186107819399E-01
                            current damping = 0.250
 
          Norm of current diis error: 0.46053E-01
          max. resid. norm for Fia-block=  4.974D-03 for orbital     29a         
          max. resid. fock norm         =  5.536D-03 for orbital     56a         

 ITERATION  ENERGY          1e-ENERGY        2e-ENERGY     NORM[dD(SAO)]  TOL
   3  -364.17437858130    -1137.1783350     449.24575373    0.412D-01 0.538D-11
                            Exc = -40.2476268493      Eck =  489.493380584    
                              N = 58.003190523    
                          Ediel =-0.190759744061E-01
                            current damping = 0.200
 
          Norm of current diis error: 0.34232E-01
          max. resid. norm for Fia-block=  1.464D-03 for orbital     15a         
          max. resid. fock norm         =  1.841D-03 for orbital     27a         

 ITERATION  ENERGY          1e-ENERGY        2e-ENERGY     NORM[dD(SAO)]  TOL
   4  -364.17444823203    -1137.2573347     449.32468378    0.806D-02 0.495D-11
                            Exc = -40.2555714996      Eck =  489.580255282    
                              N = 58.003184078    
                          Ediel =-0.194734051423E-01
                            current damping = 0.250
 
          Norm of current diis error: 0.61511E-02
          max. resid. norm for Fia-block=  4.930D-04 for orbital     29a         
          max. resid. fock norm         =  5.232D-04 for orbital     29a         

 ITERATION  ENERGY          1e-ENERGY        2e-ENERGY     NORM[dD(SAO)]  TOL
   5  -364.17445129232    -1137.2659696     449.33331557    0.220D-02 0.463D-11
                            Exc = -40.2558161538      Eck =  489.589131720    
                              N = 58.003182886    
                          Ediel =-0.195977402719E-01
                            current damping = 0.100
 
          Norm of current diis error: 0.26676E-02
          max. resid. norm for Fia-block=  1.831D-04 for orbital     29a         
          max. resid. fock norm         =  2.762D-04 for orbital    280a         
          mo-orthogonalization: Cholesky decomposition

 ITERATION  ENERGY          1e-ENERGY        2e-ENERGY     NORM[dD(SAO)]  TOL
   6  -364.17445169122    -1137.2624742     449.32981985    0.953D-03 0.445D-11
                            Exc = -40.2557534781      Eck =  489.585573328    
                              N = 58.003182978    
                          Ediel =-0.196382224726E-01
                            current damping = 0.150
 
          Norm of current diis error: 0.15026E-02
          max. resid. norm for Fia-block=  5.319D-05 for orbital     28a         
          max. resid. fock norm         =  9.896D-05 for orbital    280a         

 ITERATION  ENERGY          1e-ENERGY        2e-ENERGY     NORM[dD(SAO)]  TOL
   7  -364.17445180640    -1137.2629702     449.33031570    0.223D-03 0.434D-11
                            Exc = -40.2557390525      Eck =  489.586054755    
                              N = 58.003182749    
                          Ediel =-0.196419356841E-01
                            current damping = 0.200
 
          Norm of current diis error: 0.32643E-03
          max. resid. norm for Fia-block=  2.300D-05 for orbital     28a         
          max. resid. fock norm         =  2.935D-05 for orbital     28a         

 ITERATION  ENERGY          1e-ENERGY        2e-ENERGY     NORM[dD(SAO)]  TOL
   8  -364.17445181015    -1137.2645193     449.33186482    0.108D-03 0.428D-11
                            Exc = -40.2558430854      Eck =  489.587707905    
                              N = 58.003182760    
                          Ediel =-0.196452197990E-01
                            current damping = 0.100
 
          Norm of current diis error: 0.21500E-03
          max. resid. norm for Fia-block=  1.041D-05 for orbital     28a         
          max. resid. fock norm         =  1.398D-05 for orbital     28a         

 ITERATION  ENERGY          1e-ENERGY        2e-ENERGY     NORM[dD(SAO)]  TOL
   9  -364.17445181297    -1137.2637843     449.33112983    0.190D-04 0.421D-11
                            Exc = -40.2557875496      Eck =  489.586917381    
                              N = 58.003182757    
                          Ediel =-0.196454946620E-01
                            current damping = 0.150
 
          Norm of current diis error: 0.55733E-04
          max. resid. norm for Fia-block=  2.946D-06 for orbital     29a         
          max. resid. fock norm         =  4.086D-06 for orbital    240a         

 ENERGY CONVERGED !

          Overall gridpoints after grid construction =         81903

 ITERATION  ENERGY          1e-ENERGY        2e-ENERGY     NORM[dD(SAO)]  TOL
  10  -364.17401596529    -1137.2638737     449.33165505    0.771D-05 0.416D-11
                            Exc = -40.2553639925      Eck =  489.587019044    
                              N = 58.000072011    
                          Ediel =-0.196459508632E-01
                            current damping = 0.200
 
          Norm of current diis error: 0.29692E-04
          max. resid. norm for Fia-block=  1.427D-06 for orbital     29a         
          max. resid. fock norm         =  1.699D-06 for orbital     29a         

 End of SCF iterations

   convergence criteria satisfied after    10 iterations


                  ------------------------------------------ 
                 |  total energy      =   -364.17401596529  |
                  ------------------------------------------ 
                 :  kinetic energy    =    362.57994791263  :
                 :  potential energy  =   -726.75396387792  :
                 :  virial theorem    =      1.99562278476  :
                 :  wavefunction norm =      1.00000000000  :
                  .......................................... 


 <geterg> : there is no data group $energy 


 <skperg> : $end is missing 


 orbitals $scfmo  will be written to file mos

    irrep                 25a         26a         27a         28a         29a   
 eigenvalues H         -0.34592    -0.32032    -0.28224    -0.26129    -0.24549
            eV          -9.4129     -8.7165     -7.6803     -7.1102     -6.6803
 occupation              2.0000      2.0000      2.0000      2.0000      2.0000

    irrep                 30a         31a         32a         33a         34a   
 eigenvalues H          0.03973     0.04348     0.06907     0.07139     0.08092
            eV           1.0811      1.1831      1.8795      1.9427      2.2020
 
 ==============================================================================
                                  COSMO RESULTS
 ==============================================================================
  PARAMETER:
    nppa:      1082
    nspa:        92
    nsph:        32
    nps:        650
    npspher:    279
    disex:   10.0000    
    disex2:  3669.40    
    rsolv [A]: 1.3000
    routf:     0.8500
    phsran:    0.0    
    ampran:   0.10E-04
    cavity:  closed
    solvent: not set
    source:  Custom values, not taken from cosmosolvent list!                                                                        
    epsilon: infinity
    refind:      1.300 ( 25.0 C)
    fepsi:       1.0000000
  CAVITY VOLUME/AREA [a.u.]:
    surface: V1.0, A matrix: V1.0
    area:   532.81
    volume:   939.04
  SCREENING CHARGE:
    cosmo      :  -0.030473
    correction :   0.029731
    total      :  -0.000742
  ENERGIES [a.u.]:
    Total energy            =      -364.1740159652944
    Total energy + OC corr. =      -364.1744244685
    Dielectric energy       =        -0.0196459509
    Diel. energy + OC corr. =        -0.0200544541
  ELEMENT RADIUS [A]: ATOM LIST
    c  2.00: 1,2,4,5
    o  1.72: 3,6
    n  1.83: 7
    h  1.30: 8-18
 ==============================================================================
 
 
 
 ==============================================================================
                           electrostatic moments
 ==============================================================================

 reference point for electrostatic moments:    0.00000   0.00000   0.00000

 
              nuc           elec       ->  total
 ------------------------------------------------------------------------------
                          charge      
 ------------------------------------------------------------------------------
          58.000000     -58.000000       0.000000
 
 ------------------------------------------------------------------------------
                       dipole moment  
 ------------------------------------------------------------------------------
   x      17.489344     -17.113235       0.376109
   y      -7.644533       8.867156       1.222624
   z       2.923265      -2.978951      -0.055686
 
   | dipole moment | =     1.2804 a.u. =     3.2544 debye 
 
 ------------------------------------------------------------------------------
                     quadrupole moment
 ------------------------------------------------------------------------------
  xx     914.403672    -953.921775     -39.518103
  yy     112.984262    -143.662868     -30.678606
  zz     104.293163    -136.858244     -32.565081
  xy     179.856061    -179.315016       0.541045
  xz     -69.307921      76.010752       6.702831
  yz      10.116304      -7.405555       2.710749
 
     1/3  trace=     -34.253930
     anisotropy=      14.924025
 
 ==============================================================================
 
HOMO-LUMO Separation
 HOMO         :   -0.24549389 H =     -6.68023 eV
 LUMO         :    0.03972964 H =     +1.08110 eV
 HOMO-LUMO gap:    0.28522353 H =     +7.76133 eV
 
 ==============================================================================


    ------------------------------------------------------------------------
         total  cpu-time :  2 minutes and 34 seconds
         total wall-time :  10.31 seconds
    ------------------------------------------------------------------------

   ****  ridft : all done  ****


    2026-04-16 23:33:03.795 

 ridft ended normally
