
   OpenMP run-time library returned nthreads = 16

 ridft (s02r1b79) : TURBOMOLE rev. V7-8-1 compiled 26 Feb 2024 at 17:12:58
 Copyright (C) 2024 TURBOMOLE GmbH, Karlsruhe


    2026-04-15 19:55:29.329 



                                  r i d f t

                        DFT program with RI approximation 
                                for coulomb part 





                                 References:     
                                                 
          TURBOMOLE:                             
              R. Ahlrichs, M. Baer, M. Haeser, H. Horn, and
              C. Koelmel
              Electronic structure calculations on workstation
              computers: the program system TURBOMOLE
              Chem. Phys. Lett. 162: 165 (1989)
          Density Functional:                              
              O. Treutler and R. Ahlrichs                      
              Efficient Molecular Numerical Integration Schemes
              J. Chem. Phys. 102: 346 (1995)                   
          Parallel Version:                                
              Performance of parallel TURBOMOLE for Density    
              Functional Calculations                          
              M. v. Arnim and R. Ahlrichs                      
              J. Comp. Chem. 19: 1746 (1998)                   
          RI-J Method:                                     
              Auxiliary Basis Sets to approximate Coulomb      
              Potentials                                       
              Chem. Phys. Lett. 240: 283 (1995)                
              K. Eichkorn, O. Treutler, H. Oehm, M. Haeser     
              and R. Ahlrichs                                  
              Chem. Phys. Lett. 242: 652 (1995)                
                                                           
              Auxiliary Basis Sets for Main Row Atoms and their
              Use to approximate Coulomb Potentials            
              K. Eichkorn, F. Weigend, O. Treutler and         
              R. Ahlrichs                                      
              Theo. Chem. Acc. 97: 119 (1997)                  
                                                           
              Accurate Coulomb-fitting basis sets for H to Rn 
              F. Weigend                                       
              Phys. Chem. Chem. Phys. 8: 1057 (2006)           
                                                           
          Multipole accelerated RI-J (MARI-J):             
              Fast evaluation of the Coulomb potential for     
              electron densities using multipole accelerated   
              resolution of identity approximation             
              M. Sierka, A. Hogekamp and R. Ahlrichs           
              J. Chem. Phys. 118: 9136 (2003)                  
          RI-JK Method:                                     
              A fully direct RI-HF algorithm: Implementation,
              optimised auxiliary basis sets, demonstration of
              accuracy and efficiency                         
              F. Weigend                                      
              Phys. Chem. Chem. Phys. 4: 4285 (2002)           
          Two-component HF and DFT with spin-orbit coupling:  
              Self-consistent treatment of spin-orbit         
              interactions with efficient Hartree-Fock and    
              density functional methods                      
              M. K. Armbruster, F. Weigend, C. van Wüllen and 
              W. Klopper                                      
              Phys. Chem. Chem. Phys. 10: 1748 (2008)         
          Two-component difference density and DIIS algorithm 
              Efficient two-component self-consistent field   
              procedures and gradients: implementation in     
              TURBOMOLE and application to Au20-              
              A. Baldes, F. Weigend                           
              Mol. Phys. 111: 2617 (2013)                     
          Relativistic current density functional theory      
              Current density functional framework for        
              spin-orbit coupling                             
              C. Holzer, Y. J. Franzke, A. Pausch             
              J. Chem. Phys. 157: 204102 (2022)               
          Relativistic all-electron 2c calculations           
              An efficient implementation of two-component    
              relativistic exact-decoupling methods for large 
              molecules                                       
              D. Peng, N. Middendorf, F. Weigend, M. Reiher   
              J. Chem. Phys. 138: 184105 (2013)               
          Finite nucleus model and SNSO approximation         
              Efficient implementation of one- and two-       
              component analytical energy gradients in exact  
              two-component theory                            
              Y. J. Franzke, N. Middendorf, F. Weigend        
              J. Chem. Phys. 148: 104110 (2018)               
          Grids for all-electron relativistic methods         
              Error-consistent segmented contracted all-      
              electron relativistic basis sets of double-     
              and triple-zeta quality for NMR shielding       
              constants                                       
              Y. J. Franzke, R. Tress, T. M. Pazdera,         
              F. Weigend                                      
              Phys. Chem. Chem. Phys. 21: 166658 (2019)       
          Seminumerical exchange algorithms                   
              Seminumerical calculation of the Hartree-Fock   
              exchange matirx: Application to two-component   
              procedures and efficient evaluation of local    
              hybrid functionsl                               
              P. Plessow, F. Weigend,                         
              J. Comput. Chem. 33: 810 (2012)                 
          Improved seminumerical algorithms                   
              C. Holzer,                                      
              J. Chem. Phys. 153 (2020), 184115               






          OpenMP Shared-Memory Parallelization: 16 CPUs.

            By: Christof Holzer and Yannick J. Franzke


              +--------------------------------------------------+
              |      general information about current run       |
              +--------------------------------------------------+

 
 Becke-3-Parameter hybrid functional: B3-LYP
 exchange:    0.8*LDA + 0.72*B88 + 0.2*HF
 correlation: 0.19*LDA(VWN) + 0.81*LYP
 A Hybrid-DFT calculation using the RI-J approximation will be carried out.
 Allocatable memory for RI due to $ricore (MB):                  1000


              +--------------------------------------------------+
              | Atomic coordinate, charge and isotop information |
              +--------------------------------------------------+

                    atomic coordinates            atom    charge  isotop
         -2.42695017   -0.86891866    0.83788120    c      6.000     0
         -0.52600936    0.22420646   -1.04493542    c      6.000     0
          2.13914375    0.26033628    0.02314935    c      6.000     0
          3.34994984    2.16779541    0.32660238    o      8.000     0
          3.01824901   -2.05583046    0.58421516    o      8.000     0
         -1.23119674    2.69068608   -1.76520950    o      8.000     0
         -1.97592040   -2.82488613    1.30161215    h      1.000     0
         -4.30504637   -0.79688758   -0.00412873    h      1.000     0
         -2.45077827    0.25363181    2.56768009    h      1.000     0
         -0.47378306   -0.99052545   -2.72662031    h      1.000     0
          4.71815443   -1.85946616    1.24496249    h      1.000     0
          0.16418167    3.79985839   -1.34520697    h      1.000     0
 
       center of nuclear mass  :    0.75551555    0.41947837   -0.16465565
       center of nuclear charge:    0.66437355    0.36868078   -0.14375554

              +--------------------------------------------------+
              |               basis set information              |
              +--------------------------------------------------+

              we will work with the 1s 3p 5d 7f 9g ... basis set
              ...i.e. with spherical basis functions...

   type   atoms  prim   cont   basis
   ---------------------------------------------------------------------------
    c        3     46     31   def2-TZVP   [5s3p2d1f|11s6p2d1f]
    o        3     46     31   def2-TZVP   [5s3p2d1f|11s6p2d1f]
    h        6      8      6   def2-TZVP   [3s1p|5s1p]
   ---------------------------------------------------------------------------
   total:   12    324    222
   ---------------------------------------------------------------------------

   total number of primitive shells          :   46
   total number of contracted shells         :   90
   total number of cartesian basis functions :  252
   total number of SCF-basis functions       :  222


 integral neglect threshold       :  0.13E-10
 integral storage threshold THIZE :  0.10E-04
 integral storage threshold THIME :         5

 RI-J AUXILIARY BASIS SET information:

              we will work with the 1s 3p 5d 7f 9g ... basis set
              ...i.e. with spherical basis functions...

   type   atoms  prim   cont   basis
   ---------------------------------------------------------------------------
    c        3     70     49   def2-TZVP   [6s4p3d1f1g|12s5p4d2f1g]
    o        3     70     49   def2-TZVP   [6s4p3d1f1g|12s5p4d2f1g]
    h        6     16     11   def2-TZVP   [3s1p1d|5s2p1d]
   ---------------------------------------------------------------------------
   total:   12    516    360
   ---------------------------------------------------------------------------

   total number of primitive shells          :   56
   total number of contracted shells         :  120
   total number of cartesian basis functions :  438
   total number of SCF-basis functions       :  360


 symmetry group of the molecule :   c1 

 the group has the following generators :
   c1(z)

    1 symmetry operations found

 there are 1 real representations :   a   

 maximum number of shells which are related by symmetry :  1

 ==============================================================================
                      COSMO switched on
 ==============================================================================
 COSMO stati: segments per atom: H   32 other atoms   92
 COSMO statistics: nps    473 npspher:    231
 COSMO surface:
   number of segments:  473
   area (bohr**2):      423.914090
   volume (bohr**3):    711.292557
 COSMO: check number of disjunct cavities:

       ... OK contiguous cavity found
  
           ------------------
           density functional
           ------------------
 Becke-3-Parameter hybrid functional: B3-LYP
 exchange:    0.8*LDA + 0.72*B88 + 0.2*HF
 correlation: 0.19*LDA(VWN) + 0.81*LYP
 iterations will be done with small grid
  
 spherical integration : Lebedev's spherical grid
 spherical gridsize    :                     4
    i.e. gridpoints    :                   434
  maximum batchsize    :                   100
 value for diffuse not defined
 radial integration    : Chebyshev 2nd kind (scaling 3)
 radial gridsize       :                     6
 integration cells     :                    12
 partition function    : becke
 partition sharpness   :                     3
  

 biggest AO integral is expected to be     7.998976882

          ------------------------
          nuclear repulsion energy  :   249.949712412    
          ------------------------


         -----------------
         -S,T+V- integrals
         -----------------

 1e-integrals will be neglected if expon. factor < 0.132618E-11
 
 Difference densities algorithm switched on.
 The maximal number of linear combinations of
 difference densities is  20.

 DIIS switched on: error vector is FDS-SDF
 Max. Iterations for DIIS is     :   4
 DIIS matrix (see manual) 
    Scaling factor of diagonals  :  1.200
    threshold for scaling factor :  0.000

 scf convergence criterion : increment of total energy < .1000000D-06
                  and increment of one-electron energy < .1000000D-03

 MOs are in ASCII format !


    mo occupation :
   irrep   mo's   occupied
    a      222       24
 
 number of basis functions   :   222
 number of occupied orbitals :    24
 

 reading orbital data $scfmo  from file mos
 orbital characterization : scfconv=7
 mo-orthogonalization by Cholesky decomposition

 automatic virtual orbital shift switched on 
      shift if e(lumo)-e(homo) < 0.10000000    

  
           ------------------------
               RI-J - INFORMATION
           ------------------------
 Contributions to RI integral batches: 
  neglected integral batches:                   274
  direct contribution:                            0
  memory contribution:                  3821
 Memory core needed for (P|Q) and Cholesky      1 MByte
 Memory core minimum needed except of (P|Q)     1 MByte
 Total minimum memory core needed (sum)         2 MByte
  
 ****************************************
 Memory allocated for RI-J   104 MByte
 ****************************************
                                            

 DSCF restart information will be dumped onto file mos


 Starting SCF iterations

          Overall gridpoints after grid construction =         32302

 ITERATION  ENERGY          1e-ENERGY        2e-ENERGY     NORM[dD(SAO)]  TOL
   1  -343.60178098015    -964.60878985     371.05729645    0.000D+00 0.132D-10
                            Exc = -35.7024067137     Coul =  415.237126613    
                            exK = -8.47742344446    
                              N = 48.000086978    
                          Ediel =-0.130884729761E-01
                            current damping = 0.300
 
          max. resid. norm for Fia-block=  8.765D-03 for orbital     21a         
          max. resid. fock norm         =  2.116D-02 for orbital     41a         

 ITERATION  ENERGY          1e-ENERGY        2e-ENERGY     NORM[dD(SAO)]  TOL
   2  -343.60305761403    -964.73570132     371.18293129    0.157D+00 0.843D-11
                            Exc = -35.7152593720      Eck =  406.898190662    
                              N = 48.000088929    
                          Ediel =-0.158991172349E-01
                            current damping = 0.250
 
          Norm of current diis error: 0.58339E-01
          max. resid. norm for Fia-block=  4.780D-03 for orbital     14a         
          max. resid. fock norm         =  8.543D-03 for orbital    221a         

 ITERATION  ENERGY          1e-ENERGY        2e-ENERGY     NORM[dD(SAO)]  TOL
   3  -343.60321798275    -964.64707540     371.09414501    0.308D-01 0.697D-11
                            Exc = -35.7002034105      Eck =  406.794348421    
                              N = 48.000087851    
                          Ediel =-0.159925282861E-01
                            current damping = 0.200
 
          Norm of current diis error: 0.42669E-01
          max. resid. norm for Fia-block=  2.261D-03 for orbital     22a         
          max. resid. fock norm         =  5.504D-03 for orbital    221a         

 ITERATION  ENERGY          1e-ENERGY        2e-ENERGY     NORM[dD(SAO)]  TOL
   4  -343.60331925779    -964.65671129     371.10367962    0.887D-02 0.642D-11
                            Exc = -35.7038952664      Eck =  406.807574890    
                              N = 48.000088561    
                          Ediel =-0.163537332077E-01
                            current damping = 0.250
 
          Norm of current diis error: 0.88836E-02
          max. resid. norm for Fia-block=  5.869D-04 for orbital     24a         
          max. resid. fock norm         =  1.563D-03 for orbital    220a         

 ITERATION  ENERGY          1e-ENERGY        2e-ENERGY     NORM[dD(SAO)]  TOL
   5  -343.60332254754    -964.68279578     371.12976082    0.374D-02 0.613D-11
                            Exc = -35.7061585310      Eck =  406.835919354    
                              N = 48.000088391    
                          Ediel =-0.164206437535E-01
                            current damping = 0.100
 
          Norm of current diis error: 0.54321E-02
          max. resid. norm for Fia-block=  2.635D-04 for orbital     22a         
          max. resid. fock norm         =  7.031D-04 for orbital    220a         
          mo-orthogonalization: Cholesky decomposition

 ITERATION  ENERGY          1e-ENERGY        2e-ENERGY     NORM[dD(SAO)]  TOL
   6  -343.60332416968    -964.67420771     371.12117113    0.889D-03 0.590D-11
                            Exc = -35.7051989059      Eck =  406.826370033    
                              N = 48.000088493    
                          Ediel =-0.164464080770E-01
                            current damping = 0.150
 
          Norm of current diis error: 0.15397E-02
          max. resid. norm for Fia-block=  6.755D-05 for orbital     12a         
          max. resid. fock norm         =  1.880D-04 for orbital    220a         

 ITERATION  ENERGY          1e-ENERGY        2e-ENERGY     NORM[dD(SAO)]  TOL
   7  -343.60332427901    -964.67259510     371.11955841    0.309D-03 0.575D-11
                            Exc = -35.7051818539      Eck =  406.824740266    
                              N = 48.000088472    
                          Ediel =-0.164466549974E-01
                            current damping = 0.100
 
          Norm of current diis error: 0.59414E-03
          max. resid. norm for Fia-block=  2.353D-05 for orbital     18a         
          max. resid. fock norm         =  4.274D-05 for orbital     45a         

 ITERATION  ENERGY          1e-ENERGY        2e-ENERGY     NORM[dD(SAO)]  TOL
   8  -343.60332429646    -964.67396699     371.12093028    0.730D-04 0.562D-11
                            Exc = -35.7052485472      Eck =  406.826178825    
                              N = 48.000088475    
                          Ediel =-0.164497445204E-01
                            current damping = 0.150
 
          Norm of current diis error: 0.13393E-03
          max. resid. norm for Fia-block=  6.137D-06 for orbital     12a         
          max. resid. fock norm         =  9.759D-06 for orbital     12a         

 ENERGY CONVERGED !

          Overall gridpoints after grid construction =        117435

 ITERATION  ENERGY          1e-ENERGY        2e-ENERGY     NORM[dD(SAO)]  TOL
   9  -343.60329009547    -964.67393315     371.12093064    0.199D-04 0.551D-11
                            Exc = -35.7052192595      Eck =  406.826149900    
                              N = 47.999997429    
                          Ediel =-0.164503350673E-01
                            current damping = 0.200
 
          Norm of current diis error: 0.38047E-04
          max. resid. norm for Fia-block=  2.502D-06 for orbital     22a         
          max. resid. fock norm         =  4.366D-06 for orbital    220a         

 End of SCF iterations

   convergence criteria satisfied after     9 iterations


                  ------------------------------------------ 
                 |  total energy      =   -343.60329009547  |
                  ------------------------------------------ 
                 :  kinetic energy    =    342.20128238194  :
                 :  potential energy  =   -685.80457247741  :
                 :  virial theorem    =      1.99591969066  :
                 :  wavefunction norm =      1.00000000000  :
                  .......................................... 


 <geterg> : there is no data group $energy 


 <skperg> : $end is missing 


 orbitals $scfmo  will be written to file mos

    irrep                 20a         21a         22a         23a         24a   
 eigenvalues H         -0.37934    -0.35992    -0.34428    -0.30471    -0.28890
            eV         -10.3223     -9.7939     -9.3683     -8.2916     -7.8613
 occupation              2.0000      2.0000      2.0000      2.0000      2.0000

    irrep                 25a         26a         27a         28a         29a   
 eigenvalues H         -0.01175     0.04024     0.06642     0.08335     0.08842
            eV          -0.3198      1.0950      1.8075      2.2681      2.4061
 
 ==============================================================================
                                  COSMO RESULTS
 ==============================================================================
  PARAMETER:
    nppa:      1082
    nspa:        92
    nsph:        32
    nps:        473
    npspher:    231
    disex:   10.0000    
    disex2:  3947.68    
    rsolv [A]: 1.3000
    routf:     0.8500
    phsran:    0.0    
    ampran:   0.10E-04
    cavity:  closed
    solvent: not set
    source:  Custom values, not taken from cosmosolvent list!                                                                        
    epsilon: infinity
    refind:      1.300 ( 25.0 C)
    fepsi:       1.0000000
  CAVITY VOLUME/AREA [a.u.]:
    surface: V1.0, A matrix: V1.0
    area:   423.91
    volume:   711.29
  SCREENING CHARGE:
    cosmo      :  -0.021987
    correction :   0.021317
    total      :  -0.000670
  ENERGIES [a.u.]:
    Total energy            =      -343.6032900954703
    Total energy + OC corr. =      -343.6036354781
    Dielectric energy       =        -0.0164503351
    Diel. energy + OC corr. =        -0.0167957177
  ELEMENT RADIUS [A]: ATOM LIST
    c  2.00: 1-3
    o  1.72: 4-6
    h  1.30: 7-12
 ==============================================================================
 
 
 
 ==============================================================================
                           electrostatic moments
 ==============================================================================

 reference point for electrostatic moments:    0.00000   0.00000   0.00000

 
              nuc           elec       ->  total
 ------------------------------------------------------------------------------
                          charge      
 ------------------------------------------------------------------------------
          48.000000     -48.000000       0.000000
 
 ------------------------------------------------------------------------------
                       dipole moment  
 ------------------------------------------------------------------------------
   x      31.889930     -31.474665       0.415265
   y      17.696678     -18.764050      -1.067372
   z      -6.900266       7.273740       0.373474
 
   | dipole moment | =     1.2047 a.u. =     3.0619 debye 
 
 ------------------------------------------------------------------------------
                     quadrupole moment
 ------------------------------------------------------------------------------
  xx     290.195352    -315.311519     -25.116167
  yy     162.119938    -190.927942     -28.808004
  zz      58.359517     -84.944373     -26.584856
  xy      -2.048719       0.379094      -1.669625
  xz      29.737818     -29.839532      -0.101714
  yz     -55.427296      55.884807       0.457512
 
     1/3  trace=     -26.836342
     anisotropy=       4.403008
 
 ==============================================================================
 
HOMO-LUMO Separation
 HOMO         :   -0.28889501 H =     -7.86124 eV
 LUMO         :   -0.01175135 H =     -0.31977 eV
 HOMO-LUMO gap:    0.27714366 H =     +7.54147 eV
 
 ==============================================================================


    ------------------------------------------------------------------------
         total  cpu-time :  1 minutes and 43 seconds
         total wall-time :   7.45 seconds
    ------------------------------------------------------------------------

   ****  ridft : all done  ****


    2026-04-15 19:55:36.720 

 ridft ended normally
