
   OpenMP run-time library returned nthreads = 16

 ridft (s02r2b47) : TURBOMOLE rev. V7-8-1 compiled 26 Feb 2024 at 17:12:58
 Copyright (C) 2024 TURBOMOLE GmbH, Karlsruhe


    2026-04-15 19:55:31.132 



                                  r i d f t

                        DFT program with RI approximation 
                                for coulomb part 





                                 References:     
                                                 
          TURBOMOLE:                             
              R. Ahlrichs, M. Baer, M. Haeser, H. Horn, and
              C. Koelmel
              Electronic structure calculations on workstation
              computers: the program system TURBOMOLE
              Chem. Phys. Lett. 162: 165 (1989)
          Density Functional:                              
              O. Treutler and R. Ahlrichs                      
              Efficient Molecular Numerical Integration Schemes
              J. Chem. Phys. 102: 346 (1995)                   
          Parallel Version:                                
              Performance of parallel TURBOMOLE for Density    
              Functional Calculations                          
              M. v. Arnim and R. Ahlrichs                      
              J. Comp. Chem. 19: 1746 (1998)                   
          RI-J Method:                                     
              Auxiliary Basis Sets to approximate Coulomb      
              Potentials                                       
              Chem. Phys. Lett. 240: 283 (1995)                
              K. Eichkorn, O. Treutler, H. Oehm, M. Haeser     
              and R. Ahlrichs                                  
              Chem. Phys. Lett. 242: 652 (1995)                
                                                           
              Auxiliary Basis Sets for Main Row Atoms and their
              Use to approximate Coulomb Potentials            
              K. Eichkorn, F. Weigend, O. Treutler and         
              R. Ahlrichs                                      
              Theo. Chem. Acc. 97: 119 (1997)                  
                                                           
              Accurate Coulomb-fitting basis sets for H to Rn 
              F. Weigend                                       
              Phys. Chem. Chem. Phys. 8: 1057 (2006)           
                                                           
          Multipole accelerated RI-J (MARI-J):             
              Fast evaluation of the Coulomb potential for     
              electron densities using multipole accelerated   
              resolution of identity approximation             
              M. Sierka, A. Hogekamp and R. Ahlrichs           
              J. Chem. Phys. 118: 9136 (2003)                  
          RI-JK Method:                                     
              A fully direct RI-HF algorithm: Implementation,
              optimised auxiliary basis sets, demonstration of
              accuracy and efficiency                         
              F. Weigend                                      
              Phys. Chem. Chem. Phys. 4: 4285 (2002)           
          Two-component HF and DFT with spin-orbit coupling:  
              Self-consistent treatment of spin-orbit         
              interactions with efficient Hartree-Fock and    
              density functional methods                      
              M. K. Armbruster, F. Weigend, C. van Wüllen and 
              W. Klopper                                      
              Phys. Chem. Chem. Phys. 10: 1748 (2008)         
          Two-component difference density and DIIS algorithm 
              Efficient two-component self-consistent field   
              procedures and gradients: implementation in     
              TURBOMOLE and application to Au20-              
              A. Baldes, F. Weigend                           
              Mol. Phys. 111: 2617 (2013)                     
          Relativistic current density functional theory      
              Current density functional framework for        
              spin-orbit coupling                             
              C. Holzer, Y. J. Franzke, A. Pausch             
              J. Chem. Phys. 157: 204102 (2022)               
          Relativistic all-electron 2c calculations           
              An efficient implementation of two-component    
              relativistic exact-decoupling methods for large 
              molecules                                       
              D. Peng, N. Middendorf, F. Weigend, M. Reiher   
              J. Chem. Phys. 138: 184105 (2013)               
          Finite nucleus model and SNSO approximation         
              Efficient implementation of one- and two-       
              component analytical energy gradients in exact  
              two-component theory                            
              Y. J. Franzke, N. Middendorf, F. Weigend        
              J. Chem. Phys. 148: 104110 (2018)               
          Grids for all-electron relativistic methods         
              Error-consistent segmented contracted all-      
              electron relativistic basis sets of double-     
              and triple-zeta quality for NMR shielding       
              constants                                       
              Y. J. Franzke, R. Tress, T. M. Pazdera,         
              F. Weigend                                      
              Phys. Chem. Chem. Phys. 21: 166658 (2019)       
          Seminumerical exchange algorithms                   
              Seminumerical calculation of the Hartree-Fock   
              exchange matirx: Application to two-component   
              procedures and efficient evaluation of local    
              hybrid functionsl                               
              P. Plessow, F. Weigend,                         
              J. Comput. Chem. 33: 810 (2012)                 
          Improved seminumerical algorithms                   
              C. Holzer,                                      
              J. Chem. Phys. 153 (2020), 184115               






          OpenMP Shared-Memory Parallelization: 16 CPUs.

            By: Christof Holzer and Yannick J. Franzke


              +--------------------------------------------------+
              |      general information about current run       |
              +--------------------------------------------------+

 
 Becke-3-Parameter hybrid functional: B3-LYP
 exchange:    0.8*LDA + 0.72*B88 + 0.2*HF
 correlation: 0.19*LDA(VWN) + 0.81*LYP
 A Hybrid-DFT calculation using the RI-J approximation will be carried out.
 Allocatable memory for RI due to $ricore (MB):                  5000


              +--------------------------------------------------+
              | Atomic coordinate, charge and isotop information |
              +--------------------------------------------------+

                    atomic coordinates            atom    charge  isotop
          5.85700637    0.30630823    0.26916375    c      6.000     0
          3.32155475    1.06755873    0.87203223    o      8.000     0
          1.45940268   -0.35694643   -0.13216610    c      6.000     0
          1.84754822   -2.14042998   -1.49436339    o      8.000     0
         -1.10463315    0.56685501    0.71262498    c      6.000     0
         -3.28619708   -0.71971602   -0.65611055    c      6.000     0
         -5.69273065    0.09471356    0.44450893    n      7.000     0
          6.16117114    0.34683619   -1.76689540    h      1.000     0
          7.07909218    1.66298444    1.20925882    h      1.000     0
          6.22299999   -1.59786742    0.96388234    h      1.000     0
         -1.17022726    2.61923445    0.47000384    h      1.000     0
         -1.26671397    0.23657740    2.74739987    h      1.000     0
         -3.12551248   -0.35825165   -2.69376720    h      1.000     0
         -3.12356483   -2.76010851   -0.41099099    h      1.000     0
         -7.14492866   -0.90779019   -0.29735985    h      1.000     0
         -6.03426534    1.94004409    0.05433700    h      1.000     0
 
       center of nuclear mass  :    0.34604360   -0.16574429   -0.01094290
       center of nuclear charge:    0.29741487   -0.14213056   -0.00768117

              +--------------------------------------------------+
              |               basis set information              |
              +--------------------------------------------------+

              we will work with the 1s 3p 5d 7f 9g ... basis set
              ...i.e. with spherical basis functions...

   type   atoms  prim   cont   basis
   ---------------------------------------------------------------------------
    c        4     46     31   def2-TZVP   [5s3p2d1f|11s6p2d1f]
    o        2     46     31   def2-TZVP   [5s3p2d1f|11s6p2d1f]
    n        1     46     31   def2-TZVP   [5s3p2d1f|11s6p2d1f]
    h        9      8      6   def2-TZVP   [3s1p|5s1p]
   ---------------------------------------------------------------------------
   total:   16    394    271
   ---------------------------------------------------------------------------

   total number of primitive shells          :   66
   total number of contracted shells         :  113
   total number of cartesian basis functions :  306
   total number of SCF-basis functions       :  271


 integral neglect threshold       :  0.11E-10
 integral storage threshold THIZE :  0.10E-04
 integral storage threshold THIME :         5

 RI-J AUXILIARY BASIS SET information:

              we will work with the 1s 3p 5d 7f 9g ... basis set
              ...i.e. with spherical basis functions...

   type   atoms  prim   cont   basis
   ---------------------------------------------------------------------------
    c        4     70     49   def2-TZVP   [6s4p3d1f1g|12s5p4d2f1g]
    o        2     70     49   def2-TZVP   [6s4p3d1f1g|12s5p4d2f1g]
    n        1     70     49   def2-TZVP   [6s4p3d1f1g|12s5p4d2f1g]
    h        9     16     11   def2-TZVP   [3s1p1d|5s2p1d]
   ---------------------------------------------------------------------------
   total:   16    634    442
   ---------------------------------------------------------------------------

   total number of primitive shells          :   80
   total number of contracted shells         :  150
   total number of cartesian basis functions :  535
   total number of SCF-basis functions       :  442


 symmetry group of the molecule :   c1 

 the group has the following generators :
   c1(z)

    1 symmetry operations found

 there are 1 real representations :   a   

 maximum number of shells which are related by symmetry :  1

 ==============================================================================
                      COSMO switched on
 ==============================================================================
 COSMO stati: segments per atom: H   32 other atoms   92
 COSMO statistics: nps    610 npspher:    273
 COSMO surface:
   number of segments:  610
   area (bohr**2):      520.514401
   volume (bohr**3):    895.971287
 COSMO: check number of disjunct cavities:

       ... OK contiguous cavity found
  
           ------------------
           density functional
           ------------------
 Becke-3-Parameter hybrid functional: B3-LYP
 exchange:    0.8*LDA + 0.72*B88 + 0.2*HF
 correlation: 0.19*LDA(VWN) + 0.81*LYP
 iterations will be done with small grid
  
 spherical integration : Lebedev's spherical grid
 spherical gridsize    :                     3
    i.e. gridpoints    :                   302
  maximum batchsize    :                   100
 value for diffuse not defined
 radial integration    : Chebyshev 2nd kind (scaling 3)
 radial gridsize       :                     3
 integration cells     :                    16
 partition function    : becke
 partition sharpness   :                     3
  

 biggest AO integral is expected to be     7.998976882

          ------------------------
          nuclear repulsion energy  :   311.373639165    
          ------------------------


         -----------------
         -S,T+V- integrals
         -----------------

 1e-integrals will be neglected if expon. factor < 0.109214E-11
 
 Difference densities algorithm switched on.
 The maximal number of linear combinations of
 difference densities is  20.

 DIIS switched on: error vector is FDS-SDF
 Max. Iterations for DIIS is     :   4
 DIIS matrix (see manual) 
    Scaling factor of diagonals  :  1.200
    threshold for scaling factor :  0.000

 scf convergence criterion : increment of total energy < .1000000D-06
                  and increment of one-electron energy < .1000000D-03

 MOs are in ASCII format !


    mo occupation :
   irrep   mo's   occupied
    a      271       28
 
 number of basis functions   :   271
 number of occupied orbitals :    28
 

 reading orbital data $scfmo  from file mos
 orbital characterization : scfconv=7
 mo-orthogonalization by Cholesky decomposition

 automatic virtual orbital shift switched on 
      shift if e(lumo)-e(homo) < 0.10000000    

  
           ------------------------
               RI-J - INFORMATION
           ------------------------
 Contributions to RI integral batches: 
  neglected integral batches:                   900
  direct contribution:                            0
  memory contribution:                  5541
 Memory core needed for (P|Q) and Cholesky      2 MByte
 Memory core minimum needed except of (P|Q)     1 MByte
 Total minimum memory core needed (sum)         2 MByte
  
 ****************************************
 Memory allocated for RI-J   169 MByte
 ****************************************
                                            

 DSCF restart information will be dumped onto file mos


 Starting SCF iterations

          Overall gridpoints after grid construction =         19946

 ITERATION  ENERGY          1e-ENERGY        2e-ENERGY     NORM[dD(SAO)]  TOL
   1  -363.00745239810    -1110.8488328     436.46774122    0.000D+00 0.109D-10
                            Exc = -39.6334911644     Coul =  485.506429030    
                            exK = -9.40519664457    
                              N = 56.001745021    
                          Ediel =-0.127538111148E-01
                            current damping = 0.300
 
          max. resid. norm for Fia-block=  1.117D-02 for orbital     28a         
          max. resid. fock norm         =  1.801D-02 for orbital     56a         

 ITERATION  ENERGY          1e-ENERGY        2e-ENERGY     NORM[dD(SAO)]  TOL
   2  -363.00897702621    -1111.0505424     436.66792624    0.165D+00 0.692D-11
                            Exc = -39.6463411047      Eck =  476.314267349    
                              N = 56.001751236    
                          Ediel =-0.160860891240E-01
                            current damping = 0.250
 
          Norm of current diis error: 0.61310E-01
          max. resid. norm for Fia-block=  5.647D-03 for orbital     17a         
          max. resid. fock norm         =  6.661D-03 for orbital     17a         

 ITERATION  ENERGY          1e-ENERGY        2e-ENERGY     NORM[dD(SAO)]  TOL
   3  -363.00916146504    -1110.9682684     436.58546779    0.404D-01 0.558D-11
                            Exc = -39.6310361565      Eck =  476.216503949    
                              N = 56.001755092    
                          Ediel =-0.162580695202E-01
                            current damping = 0.200
 
          Norm of current diis error: 0.48657E-01
          max. resid. norm for Fia-block=  2.446D-03 for orbital     27a         
          max. resid. fock norm         =  3.343D-03 for orbital    261a         

 ITERATION  ENERGY          1e-ENERGY        2e-ENERGY     NORM[dD(SAO)]  TOL
   4  -363.00929677558    -1110.9737111     436.59077513    0.128D-01 0.511D-11
                            Exc = -39.6343269761      Eck =  476.225102108    
                              N = 56.001753786    
                          Ediel =-0.166982079274E-01
                            current damping = 0.250
 
          Norm of current diis error: 0.88605E-02
          max. resid. norm for Fia-block=  6.022D-04 for orbital     26a         
          max. resid. fock norm         =  8.932D-04 for orbital    258a         

 ITERATION  ENERGY          1e-ENERGY        2e-ENERGY     NORM[dD(SAO)]  TOL
   5  -363.00930042068    -1111.0082049     436.62526528    0.411D-02 0.488D-11
                            Exc = -39.6371722125      Eck =  476.262437492    
                              N = 56.001753187    
                          Ediel =-0.168011553849E-01
                            current damping = 0.100
 
          Norm of current diis error: 0.59000E-02
          max. resid. norm for Fia-block=  3.284D-04 for orbital     26a         
          max. resid. fock norm         =  4.511D-04 for orbital    258a         
          mo-orthogonalization: Cholesky decomposition

 ITERATION  ENERGY          1e-ENERGY        2e-ENERGY     NORM[dD(SAO)]  TOL
   6  -363.00930224808    -1110.9976386     436.61469721    0.126D-02 0.469D-11
                            Exc = -39.6360299393      Eck =  476.250727154    
                              N = 56.001753209    
                          Ediel =-0.168386688125E-01
                            current damping = 0.150
 
          Norm of current diis error: 0.18992E-02
          max. resid. norm for Fia-block=  7.567D-05 for orbital     26a         
          max. resid. fock norm         =  1.427D-04 for orbital    258a         

 ITERATION  ENERGY          1e-ENERGY        2e-ENERGY     NORM[dD(SAO)]  TOL
   7  -363.00930242681    -1110.9954106     436.61246901    0.405D-03 0.456D-11
                            Exc = -39.6359487686      Eck =  476.248417782    
                              N = 56.001753289    
                          Ediel =-0.168387433380E-01
                            current damping = 0.100
 
          Norm of current diis error: 0.63438E-03
          max. resid. norm for Fia-block=  2.734D-05 for orbital     28a         
          max. resid. fock norm         =  4.810D-05 for orbital    267a         

 ITERATION  ENERGY          1e-ENERGY        2e-ENERGY     NORM[dD(SAO)]  TOL
   8  -363.00930244802    -1110.9974332     436.61449161    0.120D-03 0.449D-11
                            Exc = -39.6360696779      Eck =  476.250561290    
                              N = 56.001753205    
                          Ediel =-0.168431244522E-01
                            current damping = 0.150
 
          Norm of current diis error: 0.22949E-03
          max. resid. norm for Fia-block=  1.253D-05 for orbital     28a         
          max. resid. fock norm         =  1.696D-05 for orbital    229a         

 ENERGY CONVERGED !

          Overall gridpoints after grid construction =         75180

 ITERATION  ENERGY          1e-ENERGY        2e-ENERGY     NORM[dD(SAO)]  TOL
   9  -363.00910669045    -1110.9974055     436.61465965    0.513D-04 0.442D-11
                            Exc = -39.6358811326      Eck =  476.250540780    
                              N = 56.000024720    
                          Ediel =-0.168446362103E-01
                            current damping = 0.200
 
          Norm of current diis error: 0.96137E-04
          max. resid. norm for Fia-block=  5.199D-06 for orbital     27a         
          max. resid. fock norm         =  6.190D-06 for orbital     17a         

 End of SCF iterations

   convergence criteria satisfied after     9 iterations


                  ------------------------------------------ 
                 |  total energy      =   -363.00910669045  |
                  ------------------------------------------ 
                 :  kinetic energy    =    361.44387736164  :
                 :  potential energy  =   -724.45298405210  :
                 :  virial theorem    =      1.99568818165  :
                 :  wavefunction norm =      1.00000000000  :
                  .......................................... 


 <geterg> : there is no data group $energy 


 <skperg> : $end is missing 


 orbitals $scfmo  will be written to file mos

    irrep                 24a         25a         26a         27a         28a   
 eigenvalues H         -0.36090    -0.34826    -0.31302    -0.29033    -0.24630
            eV          -9.8207     -9.4767     -8.5179     -7.9003     -6.7021
 occupation              2.0000      2.0000      2.0000      2.0000      2.0000

    irrep                 29a         30a         31a         32a         33a   
 eigenvalues H          0.00177     0.03744     0.05705     0.07670     0.08844
            eV           0.0483      1.0187      1.5524      2.0872      2.4067
 
 ==============================================================================
                                  COSMO RESULTS
 ==============================================================================
  PARAMETER:
    nppa:      1082
    nspa:        92
    nsph:        32
    nps:        610
    npspher:    273
    disex:   10.0000    
    disex2:  3927.84    
    rsolv [A]: 1.3000
    routf:     0.8500
    phsran:    0.0    
    ampran:   0.10E-04
    cavity:  closed
    solvent: not set
    source:  Custom values, not taken from cosmosolvent list!                                                                        
    epsilon: infinity
    refind:      1.300 ( 25.0 C)
    fepsi:       1.0000000
  CAVITY VOLUME/AREA [a.u.]:
    surface: V1.0, A matrix: V1.0
    area:   520.51
    volume:   895.97
  SCREENING CHARGE:
    cosmo      :  -0.027504
    correction :   0.026768
    total      :  -0.000736
  ENERGIES [a.u.]:
    Total energy            =      -363.0091066904542
    Total energy + OC corr. =      -363.0093325717
    Dielectric energy       =        -0.0168446362
    Diel. energy + OC corr. =        -0.0170705175
  ELEMENT RADIUS [A]: ATOM LIST
    c  2.00: 1,3,5,6
    o  1.72: 2,4
    n  1.83: 7
    h  1.30: 8-16
 ==============================================================================
 
 
 
 ==============================================================================
                           electrostatic moments
 ==============================================================================

 reference point for electrostatic moments:    0.00000   0.00000   0.00000

 
              nuc           elec       ->  total
 ------------------------------------------------------------------------------
                          charge      
 ------------------------------------------------------------------------------
          56.000000     -56.000000       0.000000
 
 ------------------------------------------------------------------------------
                       dipole moment  
 ------------------------------------------------------------------------------
   x      16.655233     -16.648922       0.006311
   y      -7.959312       8.794963       0.835652
   z      -0.430146       0.346846      -0.083300
 
   | dipole moment | =     0.8398 a.u. =     2.1346 debye 
 
 ------------------------------------------------------------------------------
                     quadrupole moment
 ------------------------------------------------------------------------------
  xx     869.902821    -893.471396     -23.568575
  yy      76.884827    -109.924093     -33.039265
  zz      52.300085     -86.530116     -34.230032
  xy      16.150987     -15.628612       0.522375
  xz      11.028905      -6.283855       4.745050
  yz      43.579468     -45.952257      -2.372789
 
     1/3  trace=     -30.279291
     anisotropy=      13.698349
 
 ==============================================================================
 
HOMO-LUMO Separation
 HOMO         :   -0.24629560 H =     -6.70205 eV
 LUMO         :    0.00177413 H =     +0.04828 eV
 HOMO-LUMO gap:    0.24806973 H =     +6.75032 eV
 
 ==============================================================================


    ------------------------------------------------------------------------
         total  cpu-time :  2 minutes and 21 seconds
         total wall-time :  10.14 seconds
    ------------------------------------------------------------------------

   ****  ridft : all done  ****


    2026-04-15 19:55:41.196 

 ridft ended normally
