
   OpenMP run-time library returned nthreads = 16

 force (s02r2b44) : TURBOMOLE rev. V7-8-1 compiled 26 Feb 2024 at 17:12:58
 Copyright (C) 2024 TURBOMOLE GmbH, Karlsruhe


    2026-04-15 19:55:44.280 



                             T U R B O M O L E   

                          a o f o r c e - program

                        using direct algorithms for

                       SCF level calculations of
                         * harmonic force constants
                         * hyperpolarizabilities
                         * IR and RAMAN intensities
                         * VCD intensities

                       DFT level calculations of
                         * harmonic force constants
                         * IR intensities
                                                   
       Stephan Boecker, Peter Deglmann, Filipp Furche and Marco Haeser
                          Quantum Chemistry Group
                          Universitaet  Karlsruhe
                                   Germany

 
 

          OpenMP Shared-Memory Parallelization: 16 CPUs.

            By: Erik P. Almaraz and Filipp Furche
            Copyright 2009-2011 by UCI and TURBOMOLE GmbH.

            Revised By: Christof Holzer and Yannick J. Franzke.

 
 
     References :
 
       RI-J implementation:
         Peter Deglmann, Klaus May, Filipp Furche, Reinhart Ahlrichs
                 Chem. Phys. Lett. 384:103 (2004)
 
       Efficiency, technical details:
         Peter Deglmann, Filipp Furche, Reinhart Ahlrichs
                 Chem. Phys. Lett. 362:511 (2002)
 
       Search of lowest eigenvalues by iterative diagonalization:
         Peter Deglmann, Filipp Furche
                 J. Chem. Phys. 117:9535 (2002)
 
       Vibrational circular dichroism implementation:
        Kevin Reiter, Michael Kuehn, Florian Weigend
                 J. Chem. Phys. 146:054102 (2017)  
 
 


              +--------------------------------------------------+
              | Atomic coordinate, charge and isotop information |
              +--------------------------------------------------+

                    atomic coordinates            atom    charge  isotop
         -3.52188187    0.87727944   -2.12032224    c      6.000     0
         -1.92086193    0.18588076    0.11747461    c      6.000     0
         -2.85301374   -0.28915722    2.40908573    c      6.000     0
          0.85321405    0.06015752   -0.39677681    c      6.000     0
          1.76870230    0.47662409   -2.44798332    o      8.000     0
          2.24852727   -0.56252706    1.64234694    o      8.000     0
          4.92661176   -0.70536752    1.23927532    c      6.000     0
         -2.97760457    2.71889437   -2.87506044    h      1.000     0
         -5.51401155    0.93043133   -1.60190017    h      1.000     0
         -3.26599459   -0.47709912   -3.65584343    h      1.000     0
         -4.86720560   -0.19324979    2.76308540    h      1.000     0
         -1.64297329   -0.78206282    3.97798297    h      1.000     0
          5.66311956    1.11325841    0.61337957    h      1.000     0
          5.73212880   -1.22227860    3.05678215    h      1.000     0
          5.37124341   -2.13078757   -0.17926261    h      1.000     0
 
       center of nuclear mass  :    0.32502313    0.00129167    0.04219965
       center of nuclear charge:    0.28779534    0.00078964    0.05826837

              +--------------------------------------------------+
              |               basis set information              |
              +--------------------------------------------------+

              we will work with the 1s 3p 5d 7f 9g ... basis set
              ...i.e. with spherical basis functions...

   type   atoms  prim   cont   basis
   ---------------------------------------------------------------------------
    c        5     46     31   def2-TZVP   [5s3p2d1f|11s6p2d1f]
    o        2     46     31   def2-TZVP   [5s3p2d1f|11s6p2d1f]
    h        8      8      6   def2-TZVP   [3s1p|5s1p]
   ---------------------------------------------------------------------------
   total:   15    386    265
   ---------------------------------------------------------------------------

   total number of primitive shells          :   46
   total number of contracted shells         :  109
   total number of cartesian basis functions :  300
   total number of SCF-basis functions       :  265

 
             FOUND RI-J FLAG !
 

 NOTE: THIS IS A PRELIMINARY IMPLEMENTATION. THE RI APPROXIMATION IS
       PRESENTLY USED FOR CPKS CONTRIBUTIONS TO THE HESSIAN ONLY! SEE
       MANUAL FOR FURTHER DETAILS.

  
 AUXILIARY BASIS SET information:

              we will work with the 1s 3p 5d 7f 9g ... basis set
              ...i.e. with spherical basis functions...

   type   atoms  prim   cont   basis
   ---------------------------------------------------------------------------
    c        5     70     49   def2-TZVP   [6s4p3d1f1g|12s5p4d2f1g]
    o        2     70     49   def2-TZVP   [6s4p3d1f1g|12s5p4d2f1g]
    h        8     16     11   def2-TZVP   [3s1p1d|5s2p1d]
   ---------------------------------------------------------------------------
   total:   15    618    431
   ---------------------------------------------------------------------------

   total number of primitive shells          :   56
   total number of contracted shells         :  145
   total number of cartesian basis functions :  523
   total number of SCF-basis functions       :  431


 symmetry group of the molecule :   c1 

 the group has the following generators :
   c1(z)

    1 symmetry operations found

 there are 1 real representations :   a   

 maximum number of shells which are related by symmetry :  1


 determining totally symmetric integral contributions 
    - equivalent to irreducible tensor elements - 
 which can be formed within each triple of representations :

             representation triple      contributions

              a     a     a               1
  MOs are in ASCII format !

  MOs are in ASCII format !


    mo occupation :
   irrep   mo's   occupied
    a      265       27
 
 number of basis functions   :   265
 number of occupied orbitals :    27
 

 reading orbital data $scfmo  from file mos
 orbital characterization : scfconv=7
 time elapsed for calculating density matrices :   0.138 sec
 all orbitals will be included in the transformation

 number of non-frozen orbitals          :   265
 number of non-frozen occupied orbitals :    27


 Blocking parameters 
 shells:
    index      start shell   last shell  start bf    last bf    #bf 
       1             1         109             1        300    300
          size of I/O Block in Byte:               32400000
  
           ----------------------
               RI - INFORMATION
           ----------------------

 biggest AO integral is expected to be     7.998976882

 Threshold for integral neglect (rithr2):   0.83E-11
 Threshold for integral neglect (rithr1):   0.83E-11

 Contributions to RI integral batches: 
  neglected integral batches:                   558
  direct contribution:                            0
  memory contribution:                  5437
 Core memory available (ricore)            5000 MiB
 Core memory needed for (P|Q) and Cholesky 2 MiB
 Core memory used for integrals            170 MiB
  
 ****************************************
 Memory allocated for RIDFT 171 MiB
 ****************************************
                                            
  
           ------------------
           density functional
           ------------------
 Becke-3-Parameter hybrid functional: B3-LYP
 exchange:    0.8*LDA + 0.72*B88 + 0.2*HF
 correlation: 0.19*LDA(VWN) + 0.81*LYP
 iterations will be done with small grid
  
 spherical integration : Lebedev's spherical grid
 spherical gridsize    :                     3
    i.e. gridpoints    :                   302
  maximum batchsize    :                   100
 value for diffuse not defined
 radial integration    : Chebyshev 2nd kind (scaling 3)
 radial gridsize       :                     3
 integration cells     :                    15
 partition function    : becke
 partition sharpness   :                     3
  
 
 Derivatives of quadrature weights will be included
 
 preparing DFT   numerical integration ....
          Overall gridpoints after grid construction =         71664
 Ordering of quadrature gridpoints disabled.
 
 
 
 
 OCCUPIED-OCCUPIED TENSOR SPACES :

          IRREP   tensor space dimension   number of roots

           a                 729                     39
 
 OCCUPIED-VIRTUAL TENSOR SPACES :

          IRREP   tensor space dimension   number of roots

           a                6426                     39
 
 
 
 
 CONSTRUCTING integral bounds

 setting up bound for integral derivative estimation

 increment for numerical differentiation : 0.00050000
 
 machine precision:   2.220446049250313E-016

 integral neglect threshold       :  0.10E-09
 integral storage threshold THIZE :  0.10E-04
 integral storage threshold THIME :         5

 
 
 
 PREPARING NUMERICAL INTEGRATION
 
 Remaining core memory for DFT =                  7907 MB
 
 Memory needed per atom    =                  1058 KiB
 
     i. e.                    15 atoms per loop

 Calculating ground state density on molecular grid

 Integral of ground state density: N =   54.00004291605399    


 
 
 CONSTRUCTING first deriv. of <mu|x,y,z|nu> -> Dip. deriv.
  dipole integral derivatives will be neglected if
  expon. factor <0.166667E-11
      ...terminated. cpu:       0.28       wall:       0.02
 
 
 
 
 CONSTRUCTING first deriv. of  <mu|nu>
                               <mu|h|nu>    -> RHS
              second deriv. of <mu|nu>      -> Hessian
                               <mu|h|nu>    -> Hessian
                               nucl. rep.   -> Hessian
     integrals are neglected if expon. factor <  1.666666666666666E-013
      ...terminated. cpu:       1.35       wall:       0.09



 CONSTRUCTING second deriv. of 2e energy    -> Hessian
  treating Coulomb (and exchange) contribution
  integrals will be neglected if total contribution <  0.16666667E-08
      ...terminated. cpu:     232.39       wall:      22.22
  treating exchange-correlation contribution
      ...terminated. cpu:      61.60       wall:       4.00
 
 
 
 
 CONSTRUCTING S(i,j)xi
      ...terminated. cpu:       0.14       wall:       0.01
 
 
 
 
 CONSTRUCTING <i|x,y,z|j>*S(i,j)xi          -> Dip. deriv.
      ...terminated. cpu:       0.03       wall:       0.00
 
 
 
 
 CONSTRUCTING epsilon(i)*S(i,j)xi*S(i,j)chi -> Hessian
      ...terminated. cpu:       0.02       wall:       0.00
 
 
 
 
 CONSTRUCTING G(a,i)[S(k,l)xi]              -> RHS
              G(i,j)[S(k,l)xi]*S(i,j)chi    -> Hessian
 
         Maximum core memory set to                   8000 MB
         This corresponds to                 11612 vectors in CAO basis
      ...terminated. cpu:     184.51       wall:      14.91
 
 
 
 
 CONSTRUCTING G(mu,nu)[D(kap,lam)]xi
 
          Maximum core memory set to                   8000 MB
          Atoms treated simultaneously :                    15
 max of dfo   70.0830340768449     
      ...terminated. cpu:     212.35       wall:      13.28




 CONSTRUCTING F(a,i)xi                      -> RHS
              F(i,j)xi*S(i,j)chi            -> Hessian
 
        Maximum core memory set to                  8000 MB
        This corresponds to                 20330 vectors in CAO basis
      ...terminated. cpu:       0.86       wall:       0.05
 
 
 
 
 CONSTRUCTING epsilon(i)*S(a,i)xi           -> RHS
      ...terminated. cpu:       0.72       wall:       0.05





 SOLVING CPHF equations
 
 Residuum convergence criterium   :  1.000000000000000E-005
 
 Maximum number of Davidson iterations set to                    25

 logfile cphf_a    will be constructed


  Switching to small grid for DFT
        preparing DFT   numerical integration ....
          Overall gridpoints after grid construction =         19134

 Calculating ground state density on molecular grid

 Integral of ground state density: N =   53.99929629314572    




                       Nonorthonormal Krylov Space Iteration


 total number of roots to be determined: 39


 maximum core memory set to         8000 MB,
 corresponding to    11545 vectors in CAO basis


 maximum number of simultaneously treated vectors (including degeneracy):       39


 Iteration IRREP Converged      Max. Euclidean
                 roots          residual norm

    1       a        0        7.866149350314644D-02
 
    2       a        0        7.727826898845729D-03
 
    3       a        0        5.444953448280995D-04
 
    4       a        4        4.009658582613663D-05
 
    5       a       39        9.179631854481546D-06
 

 converged!

  Switching to fine grid
        preparing numerical DFT   integration ....
          Overall gridpoints after grid construction =         71664

 Calculating ground state density on molecular grid

 Integral of ground state density: N =   54.00004291605406    



 Iteration IRREP Converged      Max. Euclidean
                 roots          residual norm

    6       a        0        6.957016202020219D-05
 

 NOTE: Residual norms are larger than 1.00D-05 due to mgrid option!

      ...terminated. cpu:     796.39       wall:      68.93
 
 
 
 
 CONSTRUCTING <a|x,y,z|i>*U(a,i)xi          -> Dip. deriv.
      ...terminated. cpu:       0.10       wall:       0.01
 
 
 
 
 CONSTRUCTING RHS(a,i)xi*U(a,i)chi          -> Hessian
      ...terminated. cpu:       0.14       wall:       0.01
 
 
 
 

            -----------------------
            permanent dipole moment
            -----------------------

                                   x                y                z
    electronic part       :  -15.6601935554    -0.1929615366    -2.4818920257
     nuclear   part       :   15.5409483295     0.0426402952     3.1464920728
     total                :   -0.1192452258    -0.1503212415     0.6646000471

 with reference to the point :   0.0000000        0.0000000        0.0000000
 (given in atomic units)
    | dipole |       :    1.7582499838  debye

   ***  dipole moment & cartesian dipole gradients written onto
        $dipole, $dipgrad,  file=<dipgrad>  ***

             -----------------------------------
             rotational and vibrational analysis
             -----------------------------------


            ==============================================================
            ATOMIC WEIGHTS (average over the natural occurance of isotops)
            ==============================================================
            ('*' denotes special isotop !)
              1     c                12.01115
              2     c                12.01115
              3     c                12.01115
              4     c                12.01115
              5     o                15.99940
              6     o                15.99940
              7     c                12.01115
              8     h                 1.00797
              9     h                 1.00797
             10     h                 1.00797
             11     h                 1.00797
             12     h                 1.00797
             13     h                 1.00797
             14     h                 1.00797
             15     h                 1.00797

          -------------------------------------------------
          CARTESIAN FORCE CONSTANT MATRIX (hartree/bohr**2)
         (translational & rotational space projected out)
          -------------------------------------------------

   ATOM              1 c                           2 c 
                  dx        dy        dz        dx        dy        dz
   1 c     dx  0.5617499
           dy  0.0089271 0.5314634
           dz -0.0457920 0.0099887 0.5109369
   2 c     dx -0.1281281 0.0175569-0.0517273 0.5389142
           dy  0.0188763-0.0812730 0.0255037-0.0117404 0.1944468
           dz -0.0569785 0.0259397-0.1583934-0.0923950-0.1402762 0.7676483
   3 c     dx  0.0113676 0.0039249-0.0174388-0.1694216-0.0236568 0.1396127
           dy -0.0018400 0.0051979 0.0112213-0.0223366-0.0717601 0.0842899
           dz  0.0061579 0.0091015-0.0318424 0.1344684 0.0847891-0.4498716
   4 c     dx -0.0241353 0.0038224-0.0057961-0.1796217 0.0091636-0.0028374
           dy  0.0082300 0.0016860-0.0007384 0.0082564-0.0863395-0.0005599
           dz -0.0239025 0.0009063 0.0073960 0.0009741-0.0009472-0.0821356
   5 o     dx  0.0001791-0.0007750 0.0023069-0.0198595-0.0082156 0.0494761
           dy  0.0006339-0.0020002-0.0002142-0.0031922 0.0210938 0.0076521
           dz -0.0033001 0.0002457-0.0017989 0.0287169 0.0095325-0.0271282
   6 o     dx -0.0063526-0.0004288 0.0045114-0.0367122 0.0116953-0.0307421
           dy  0.0005160 0.0012330-0.0002747 0.0068868 0.0082410 0.0036163
           dz  0.0007134 0.0000710 0.0006236-0.0108693 0.0018503 0.0061031
   7 c     dx  0.0002825-0.0000326 0.0001947 0.0043159 0.0005099-0.0018031
           dy  0.0003264 0.0005049-0.0000559 0.0004788 0.0044007 0.0025505
           dz -0.0011760 0.0000794 0.0007002-0.0016873 0.0025204-0.0047030
   8 h     dx -0.0670679-0.0634576 0.0239326 0.0062310 0.0180558-0.0054694
           dy -0.0631637-0.2544137 0.0843465-0.0003267-0.0047576 0.0037498
           dz  0.0250847 0.0849084-0.0754603 0.0063527 0.0246596-0.0138592
   9 h     dx -0.2943370 0.0062666 0.0651903-0.0180798 0.0002153 0.0052722
           dy  0.0052031-0.0481891-0.0014562 0.0081633-0.0015587-0.0023066
           dz  0.0693938-0.0018249-0.0663875-0.0271542 0.0006184 0.0060570
  10 h     dx -0.0524630 0.0238726 0.0236854 0.0030721-0.0138384-0.0130467
           dy  0.0230422-0.1588603-0.1293923-0.0020499 0.0076966 0.0083758
           dz  0.0245008-0.1300947-0.1858042 0.0020526-0.0150118-0.0231616
  11 h     dx  0.0005547-0.0003711-0.0017624-0.0098487 0.0015894 0.0002824
           dy -0.0011711-0.0076540-0.0020877-0.0058308 0.0081712 0.0024078
           dz  0.0015248-0.0023735 0.0008863 0.0304821-0.0003483-0.0017874
  12 h     dx -0.0009919 0.0007426 0.0022098 0.0107387-0.0030806 0.0100618
           dy  0.0003779 0.0123247 0.0032212 0.0041685 0.0023445 0.0046909
           dz  0.0036802 0.0030861-0.0008801-0.0196589 0.0074070-0.0190640
  13 h     dx -0.0000772 0.0000425 0.0000826-0.0004814 0.0009239 0.0003191
           dy -0.0000384-0.0000153-0.0000078-0.0001722-0.0005627-0.0003613
           dz  0.0000157-0.0000162 0.0000003 0.0001881 0.0002990 0.0000171
  14 h     dx -0.0005017-0.0000385 0.0003379-0.0004920 0.0004624-0.0016490
           dy  0.0000379 0.0000115-0.0000388 0.0000429 0.0001681 0.0001037
           dz  0.0000415-0.0000177 0.0000239 0.0000820-0.0000503 0.0003669
  15 h     dx -0.0000790-0.0000521 0.0000649-0.0006268-0.0009602-0.0001031
           dy  0.0000424-0.0000159-0.0000155 0.0000951-0.0003111 0.0001274
           dz  0.0000364 0.0000002-0.0000005 0.0001749-0.0005460-0.0000886

   ATOM              3 c                           4 c 
                  dx        dy        dz        dx        dy        dz
   3 c     dx  0.6728094
           dy -0.0344417 0.1551206
           dz -0.0661712-0.1549490 0.7731635
   4 c     dx -0.0104727-0.0038999 0.0210864 0.6494439
           dy -0.0071414 0.0036752 0.0005413-0.0016016 0.2451820
           dz  0.0342711-0.0006739-0.0069498-0.1559593-0.1362851 0.8298753
   5 o     dx -0.0091421 0.0018094-0.0034865-0.2234321-0.0399619 0.2183659
           dy  0.0004449 0.0016769-0.0008193-0.0418523-0.0978026 0.0973334
           dz  0.0023453-0.0012791 0.0060028 0.2260264 0.0965824-0.5592432
   6 o     dx -0.0058191 0.0013503-0.0027893-0.1654717 0.0241201-0.0615798
           dy  0.0003123 0.0010179 0.0016359 0.0192607-0.0745827 0.0341589
           dz  0.0013396 0.0012414-0.0041734-0.0416778 0.0323811-0.1818261
   7 c     dx  0.0008479-0.0002063 0.0003862-0.0504178 0.0121533-0.0308608
           dy -0.0002806-0.0004624-0.0000811 0.0138547-0.0004350 0.0011187
           dz  0.0007077-0.0001313-0.0003442-0.0377381 0.0017435 0.0079412
   8 h     dx -0.0014752 0.0002343-0.0013823 0.0004752 0.0005942-0.0013744
           dy  0.0012662-0.0000161-0.0002261-0.0014933-0.0001136 0.0027269
           dz -0.0031616 0.0005846-0.0012661 0.0015136 0.0000538-0.0008120
   9 h     dx  0.0010884-0.0006173 0.0020247-0.0002141 0.0005479-0.0016450
           dy  0.0001242-0.0001839-0.0005740 0.0003386 0.0009310 0.0018203
           dz -0.0010308-0.0003252 0.0013134-0.0007843 0.0017400-0.0054327
  10 h     dx -0.0014868 0.0006693-0.0011503 0.0006209 0.0001801-0.0018728
           dy  0.0005938-0.0003104 0.0010083 0.0005994 0.0007397-0.0015761
           dz -0.0033148 0.0005839-0.0009529 0.0020402 0.0004609-0.0018094
  11 h     dx -0.3276735 0.0151272 0.0457541 0.0017244 0.0010432 0.0002533
           dy  0.0164550-0.0392700 0.0020373 0.0015920 0.0127189 0.0044122
           dz  0.0405167 0.0025611-0.0628701-0.0019941 0.0046190-0.0042250
  12 h     dx -0.1602514 0.0440369-0.1345441 0.0013635-0.0008798 0.0000552
           dy  0.0423404-0.0547198 0.0575093-0.0002598-0.0078026-0.0014941
           dz -0.1275894 0.0568555-0.2222504-0.0024746-0.0012583-0.0021175
  13 h     dx -0.0001670 0.0000034-0.0001242 0.0024584-0.0035836 0.0083520
           dy  0.0000974 0.0000510-0.0000265 0.0007989 0.0003462 0.0028225
           dz  0.0000200-0.0000237-0.0000164-0.0021039-0.0006983 0.0009739
  14 h     dx -0.0000338 0.0000344-0.0001341-0.0049821-0.0011224 0.0065619
           dy  0.0000214-0.0000391-0.0000050-0.0002304 0.0003297-0.0002095
           dz -0.0000933-0.0000028 0.0000313 0.0028537 0.0001285-0.0013316
  15 h     dx -0.0001699 0.0000766-0.0000957 0.0026612-0.0008346 0.0083611
           dy -0.0000600 0.0000223 0.0000584-0.0000930 0.0014674-0.0041133
           dz -0.0000131 0.0000474 0.0000263-0.0021547 0.0012896-0.0003036

   ATOM              5 o                           6 o 
                  dx        dy        dz        dx        dy        dz
   5 o     dx  0.2205645
           dy  0.0436671 0.0612416
           dz -0.2494875-0.1353108 0.6812484
   6 o     dx  0.0293403 0.0039516-0.0163896 0.4627676
           dy  0.0040751 0.0203691 0.0334532-0.0476005 0.0966186
           dz -0.0169217 0.0334939-0.1023971 0.0515459-0.0745451 0.3610703
   7 c     dx -0.0004905-0.0048511 0.0177376-0.1818804 0.0069501 0.0150098
           dy -0.0000483-0.0056021-0.0026540 0.0007661-0.0652860 0.0050877
           dz -0.0018876-0.0008844-0.0019064 0.0403961 0.0027962-0.0905444
   8 h     dx -0.0005680-0.0003611 0.0006276 0.0001865-0.0002487 0.0004619
           dy -0.0001977 0.0009368-0.0017299 0.0001901 0.0000613-0.0006485
           dz -0.0002375-0.0005156 0.0008359-0.0002550-0.0000518-0.0000666
   9 h     dx -0.0000387 0.0002117-0.0007192-0.0015152 0.0001976-0.0002037
           dy -0.0001198 0.0004547-0.0001470 0.0006066 0.0000343-0.0000834
           dz  0.0006808-0.0002731 0.0012845-0.0019169 0.0000725 0.0005014
  10 h     dx -0.0004672 0.0001058 0.0009996 0.0001918-0.0000865 0.0005993
           dy  0.0004283-0.0000704 0.0011204-0.0001037-0.0002451 0.0004504
           dz -0.0000218 0.0000522 0.0017194-0.0003086 0.0000182 0.0002336
  11 h     dx -0.0009725-0.0004688 0.0011530-0.0005873-0.0001729 0.0004060
           dy -0.0007778-0.0027301-0.0005701-0.0000056-0.0012665-0.0006399
           dz  0.0024853-0.0006826-0.0009887-0.0002971-0.0005882 0.0010758
  12 h     dx  0.0001622 0.0002500-0.0005902-0.0036063 0.0000489 0.0014220
           dy  0.0000680 0.0012556 0.0001067 0.0004219 0.0009003-0.0002814
           dz  0.0001532 0.0000237 0.0010709-0.0000655-0.0001326 0.0015178
  13 h     dx  0.0013297 0.0007152-0.0032250-0.0324853-0.0287200 0.0091150
           dy  0.0016010 0.0003920-0.0007646-0.0024220 0.0099044-0.0021008
           dz  0.0007738-0.0000609-0.0000733 0.0058462 0.0024747-0.0009497
  14 h     dx  0.0024250 0.0000541-0.0008629-0.0313768 0.0112463-0.0343198
           dy  0.0003544 0.0006556 0.0000341 0.0017997-0.0001307 0.0010029
           dz -0.0020878 0.0001338 0.0008797 0.0043180-0.0024767 0.0088517
  15 h     dx  0.0009697 0.0006911-0.0030317-0.0266793 0.0273347 0.0233794
           dy -0.0019073 0.0001293 0.0013805 0.0056591 0.0031311 0.0027204
           dz -0.0001115 0.0000718 0.0004942 0.0077262-0.0001568-0.0000202

   ATOM              7 c                           8 h 
                  dx        dy        dz        dx        dy        dz
   7 c     dx  0.4346011
           dy  0.0049341 0.5833899
           dz  0.0336861-0.0102377 0.6103655
   8 h     dx -0.0000437-0.0000224 0.0000104 0.0679025
           dy  0.0000293-0.0000071 0.0000243 0.0698875 0.2763265
           dz  0.0001015-0.0000098 0.0000018-0.0247061-0.0937659 0.0863483
   9 h     dx  0.0002932 0.0000413-0.0002640-0.0068583 0.0001305 0.0017973
           dy -0.0000038-0.0000459 0.0001016-0.0278486 0.0027721 0.0067263
           dz -0.0001105 0.0000871-0.0003039 0.0099500-0.0016762-0.0036268
  10 h     dx -0.0000462-0.0000026-0.0000127 0.0007234-0.0062571-0.0064220
           dy -0.0000671-0.0000034-0.0000288 0.0038940-0.0208651-0.0219060
           dz  0.0000801-0.0000099-0.0000204-0.0013180 0.0071348 0.0088510
  11 h     dx  0.0005018-0.0000481 0.0000366 0.0002080 0.0000097 0.0000366
           dy -0.0000948 0.0001050-0.0000250 0.0003836-0.0000626 0.0012334
           dz  0.0002188-0.0000493 0.0002218-0.0000925-0.0000747 0.0003323
  12 h     dx -0.0003382 0.0000021 0.0000046 0.0002851-0.0001283-0.0000256
           dy -0.0001671-0.0002411-0.0002000-0.0011055 0.0001366-0.0019219
           dz  0.0007027-0.0002662 0.0005166-0.0006426 0.0001279-0.0012969
  13 h     dx -0.0736738-0.0702392 0.0227172-0.0000266 0.0000191-0.0000501
           dy -0.0780407-0.2652512 0.0707178-0.0000098 0.0000187-0.0000038
           dz  0.0256894 0.0716786-0.0741694-0.0000142 0.0000133 0.0000105
  14 h     dx -0.0784121 0.0222822-0.0817949 0.0000234 0.0000120 0.0000014
           dy  0.0252930-0.0700596 0.0607981-0.0000064 0.0000017 0.0000093
           dz -0.0940298 0.0618829-0.2711712 0.0000191-0.0000189 0.0000023
  15 h     dx -0.0555396 0.0279554 0.0270020 0.0000047 0.0000224-0.0000297
           dy  0.0335938-0.1810067-0.1272741 0.0000105-0.0000179-0.0000007
           dz  0.0329971-0.1290416-0.1765844-0.0000020 0.0000167 0.0000058

   ATOM              9 h                          10 h 
                  dx        dy        dz        dx        dy        dz
   9 h     dx  0.3209246
           dy -0.0073501 0.0457231
           dz -0.0716675-0.0000468 0.0718707
  10 h     dx -0.0024025 0.0210718 0.0222676 0.0516092
           dy  0.0002941-0.0000034 0.0016359-0.0265562 0.1724782
           dz  0.0009225-0.0041076-0.0052930-0.0247235 0.1400426 0.2066983
  11 h     dx  0.0009075-0.0001581 0.0004534 0.0001472 0.0000414-0.0001822
           dy  0.0001213 0.0003249 0.0001359-0.0002856 0.0005441-0.0011177
           dz -0.0007619 0.0002281-0.0003049-0.0002432 0.0002026-0.0002070
  12 h     dx  0.0004086-0.0000924 0.0001213 0.0005027-0.0001104 0.0003668
           dy -0.0000649-0.0002452-0.0001543 0.0011273-0.0011113 0.0020445
           dz  0.0000119-0.0001432 0.0002949-0.0000750 0.0000872-0.0002638
  13 h     dx -0.0000284 0.0000012-0.0000368 0.0000012-0.0000062-0.0000375
           dy -0.0000077 0.0000045-0.0000131-0.0000118-0.0000042-0.0000002
           dz  0.0000259-0.0000022-0.0000042-0.0000134-0.0000218-0.0000059
  14 h     dx -0.0001226 0.0000435-0.0001381 0.0000222-0.0000147-0.0000063
           dy  0.0000140-0.0000116 0.0000042-0.0000102-0.0000001-0.0000103
           dz -0.0000121-0.0000076 0.0000264 0.0000187 0.0000105 0.0000049
  15 h     dx -0.0000258 0.0000205-0.0000278-0.0000249 0.0000150-0.0000502
           dy -0.0000001-0.0000068 0.0000196 0.0000214 0.0000153 0.0000153
           dz  0.0000286-0.0000017 0.0000045-0.0000110-0.0000088 0.0000110

   ATOM             11 h                          12 h 
                  dx        dy        dz        dx        dy        dz
  11 h     dx  0.3465036
           dy -0.0167082 0.0258746
           dz -0.0514985-0.0044378 0.0607104
  12 h     dx -0.0113128 0.0062917-0.0202840 0.1629054
           dy  0.0001184 0.0032053 0.0009289-0.0470909 0.0439297
           dz  0.0049907-0.0013552 0.0071497 0.1412844-0.0644585 0.2352863
  13 h     dx -0.0000587 0.0000542-0.0000540 0.0000901-0.0000865-0.0002003
           dy -0.0000124 0.0000457-0.0000128 0.0000178-0.0000195-0.0000328
           dz  0.0000437-0.0000483-0.0000124-0.0000311 0.0000488 0.0000497
  14 h     dx -0.0000308-0.0000142 0.0000607-0.0000642 0.0000071 0.0000209
           dy  0.0000071-0.0000173-0.0000092 0.0000119 0.0000657 0.0000289
           dz -0.0000246 0.0000008-0.0000060 0.0000005 0.0000317-0.0000502
  15 h     dx -0.0000628-0.0000097-0.0000632 0.0001086 0.0001451-0.0001377
           dy  0.0000030 0.0000108 0.0000366-0.0000196-0.0000230 0.0000305
           dz  0.0000581 0.0000542 0.0000253-0.0000514-0.0000717 0.0000369

   ATOM             13 h                          14 h 
                  dx        dy        dz        dx        dy        dz
  13 h     dx  0.0923273
           dy  0.0855602 0.2789769
           dz -0.0319983-0.0784959 0.0730796
  14 h     dx  0.0063057-0.0010393 0.0093075 0.1030300
           dy  0.0110357-0.0047204 0.0252701-0.0290303 0.0660734
           dz -0.0022299 0.0007165-0.0062633 0.0980943-0.0671018 0.2852229
  15 h     dx  0.0044861-0.0063210-0.0077495 0.0042100-0.0093405-0.0069503
           dy  0.0042800-0.0191660-0.0204170-0.0028825 0.0076732 0.0067712
           dz -0.0026296 0.0075627 0.0073635 0.0045205-0.0198766-0.0165879

   ATOM             15 h 
                  dx        dy        dz
  15 h     dx  0.0707679
           dy -0.0387428 0.1880981
           dz -0.0405685 0.1406608 0.1856176
 

   *** projected hessian written onto $hessian (projected), file=<hessian> ***

 dipole moment in principle axis system (a.u.) :     0.0208175382     0.0008787992     0.6914296638
 norm :  0.6917435378    

 rotational constants b for rotations around axis of inertia
 and optical intensities for (1 <-- 0) transition

   b   :     0.1707176237     0.0479733462     0.0651123627   (cm**(-1))

   b   :  5117.9856037596  1438.2047379597  1952.0195271113     (MHz)

   b   :     0.0004333699     0.0000007723     0.4780749799     (a.u.)

   x   :     0.9754843704     0.0874604645    -0.2019428389
   y   :    -0.1312178743     0.9678284320    -0.2146858068
   z   :     0.1766695007     0.2359211592     0.9555778849

   ***  normal modes written onto $vibrational normal modes, file=<vib_normal_modes>  ***

  Keyword $vibrational reduced masses missing in file <control>


   ***  vibrational spectroscopic data written onto$vibrational spectrum   
        file=<vibspectrum>  ***

          ---------------------------------------------------
          NORMAL MODES and VIBRATIONAL FREQUENCIES (cm**(-1))
          ---------------------------------------------------

 imaginary wave numbers indicate a negative curvature of the energy surface.
 zero frequency modes have no physical meaning except being generators of
 translations and rotations. each vibrational normal mode - given in terms of
 cartesian displacement vectors of all atoms - has been normalized to unity.
 to obtain mass-weigthed normal coordinates in a.u. divide the tabulated
 modes by sqrt(reduced mass * 1822.88853).
 band intensities or cross sections refer to independent non-degenerate normal
 modes, that is, the intensities of degenerate modes have yet to be added.
 dDIP/dQ is the normal mode derivative of the dipole moment.


       mode               1        2        3        4        5        6

     frequency           0.00     0.00     0.00     0.00     0.00     0.00

     symmetry                                                             

        IR                -        -        -        -        -        - 
|dDIP/dQ|   (a.u.)     0.0000   0.0000   0.0000   0.0000   0.0000   0.0000
intensity (km/mol)       0.00     0.00     0.00     0.00     0.00     0.00
intensity (  %   )       0.00     0.00     0.00     0.00     0.00     0.00
 
       RAMAN              -        -        -        -        -        - 
 
  1   c           x  -0.08901  0.02378  0.16781  0.08457 -0.13601 -0.10256
                  y   0.10447 -0.15043 -0.09329 -0.02899 -0.03103 -0.31872
                  z   0.09174 -0.06606  0.03043  0.10350  0.30388 -0.03424
  2   c           x   0.00287 -0.01919  0.20173  0.09503 -0.05880 -0.04291
                  y  -0.00620 -0.22876 -0.00609 -0.09651 -0.02395 -0.13720
                  z  -0.00818 -0.05952  0.03310  0.07516  0.25083 -0.02083
  3   c           x   0.09671 -0.06342  0.24149  0.09447  0.02284  0.00749
                  y  -0.12230 -0.31140  0.13863 -0.29009  0.01162 -0.06915
                  z   0.00592 -0.09464  0.07928  0.03480  0.29141  0.01378
  4   c           x  -0.01794 -0.00905  0.18780  0.10640 -0.07968 -0.04358
                  y   0.02262 -0.20780 -0.09384  0.07105 -0.06018 -0.03495
                  z  -0.12748 -0.00992 -0.02058  0.09552  0.14706 -0.04943
  5   o           x  -0.10193  0.03055  0.15203  0.10733 -0.15285 -0.08830
                  y   0.12663 -0.13375 -0.22513  0.24825 -0.09291 -0.09214
                  z  -0.14384  0.02279 -0.06321  0.13191  0.10776 -0.08100
  6   o           x   0.06577 -0.04822  0.21887  0.11558 -0.00924  0.01044
                  y  -0.07830 -0.27923 -0.01301  0.00645 -0.05302  0.12754
                  z  -0.21558 -0.00493 -0.01716  0.06952  0.10105 -0.03677
  7   c           x   0.04951 -0.04022  0.20700  0.12663 -0.02609  0.01194
                  y  -0.05517 -0.26233 -0.09265  0.16216 -0.08696  0.23077
                  z  -0.33182  0.04219 -0.06782  0.08778  0.00111 -0.06334
  8   h           x  -0.12174  0.03676  0.19103  0.00321 -0.14434 -0.19638
                  y   0.14296 -0.12299 -0.14607  0.04624 -0.04536 -0.33026
                  z   0.16207  0.01026 -0.08160  0.22842  0.26291 -0.13005
  9   h           x  -0.06796  0.01363  0.18027  0.07667 -0.11578 -0.09852
                  y   0.07629 -0.17080 -0.02216 -0.15898 -0.00337 -0.38494
                  z   0.17554 -0.10301  0.07101  0.08647  0.37881 -0.01191
 10   h           x  -0.15009  0.05500  0.10512  0.16589 -0.20913 -0.05970
                  y   0.18187 -0.09540 -0.18231  0.08288 -0.05081 -0.38121
                  z   0.01330 -0.10940  0.09851  0.01838  0.30914  0.02803
 11   h           x   0.11102 -0.07042  0.25128  0.08619  0.03731  0.00752
                  y  -0.14225 -0.32593  0.20130 -0.41050  0.03771 -0.14433
                  z   0.09277 -0.13049  0.11801  0.02032  0.36670  0.03432
 12   h           x   0.16113 -0.09355  0.26510  0.10220  0.07688  0.04969
                  y  -0.19980 -0.36624  0.19788 -0.33319  0.01562  0.06212
                  z  -0.06812 -0.08863  0.07968  0.01530  0.25099  0.02248
 13   h           x   0.02206 -0.02974  0.23254  0.04506 -0.02979 -0.07921
                  y  -0.02294 -0.23930 -0.14257  0.23836 -0.10198  0.23426
                  z  -0.27047  0.12143 -0.18280  0.21318 -0.04689 -0.16044
 14   h           x   0.12409 -0.07517  0.23551  0.13297  0.03711  0.05835
                  y  -0.14558 -0.32641 -0.01117  0.08339 -0.07576  0.35552
                  z  -0.39058  0.03945 -0.05728  0.06257 -0.02371 -0.04842
 15   h           x  -0.00672 -0.01122  0.14533  0.21019 -0.09556  0.05953
                  y   0.01656 -0.21129 -0.17938  0.27559 -0.10752  0.18258
                  z  -0.42152  0.00000  0.00000  0.00000  0.00000  0.00000

reduced mass(g/mol)     4.597    5.906    5.804    4.977    5.205    3.843


       mode               7        8        9       10       11       12

     frequency          55.87   132.58   156.40   171.55   212.48   339.88

     symmetry            a        a        a        a        a        a   

        IR               YES      YES      YES      YES      YES      YES
|dDIP/dQ|   (a.u.)     0.0007   0.0014   0.0008   0.0008   0.0013   0.0031
intensity (km/mol)       0.89     3.49     1.17     1.21     3.02    17.60
intensity (  %   )       0.37     1.44     0.48     0.50     1.25     7.28
 
       RAMAN             YES      YES      YES      YES      YES      YES
 
  1   c           x   0.02180 -0.00653 -0.00440 -0.00199  0.16911  0.20671
                  y   0.24033 -0.06400 -0.03191  0.00567  0.00336 -0.01175
                  z   0.05856 -0.01533 -0.00705  0.00267 -0.07940 -0.02764
  2   c           x   0.00023  0.00108  0.00158  0.00016 -0.02879  0.00668
                  y   0.00425  0.01088  0.01434 -0.00481 -0.01272 -0.02636
                  z   0.00098  0.00232  0.00289 -0.00227  0.05974  0.09445
  3   c           x  -0.01905 -0.00308 -0.00058  0.00661 -0.19454 -0.04628
                  y  -0.21364 -0.04063 -0.02300  0.05093  0.01947 -0.01365
                  z  -0.05210 -0.01005 -0.00572  0.01198 -0.00265  0.07691
  4   c           x  -0.00420  0.00758  0.00455 -0.00170 -0.02270 -0.02694
                  y  -0.04545  0.08277  0.04793 -0.02383 -0.02969  0.01187
                  z  -0.01108  0.01986  0.01053 -0.00731  0.13128 -0.04292
  5   o           x  -0.02304  0.00696 -0.00295  0.00010 -0.06876 -0.29528
                  y  -0.25558  0.07102 -0.03664 -0.01298 -0.02124  0.06456
                  z  -0.06211  0.01721 -0.00993 -0.00426  0.11050 -0.15227
  6   o           x   0.01518  0.01036  0.01119 -0.00533  0.07166  0.05745
                  y   0.16922  0.11773  0.12895 -0.05069 -0.02068  0.02305
                  z   0.04128  0.02867  0.03078 -0.01292  0.06533 -0.11247
  7   c           x   0.00776 -0.01390 -0.00743  0.00188  0.04984  0.08932
                  y   0.08710 -0.15232 -0.08071  0.02589  0.05020 -0.05427
                  z   0.02110 -0.03668 -0.01741  0.00894 -0.23079  0.18853
  8   h           x   0.05611 -0.11427 -0.14734 -0.37147  0.27045  0.35546
                  y   0.30252 -0.02041  0.04741  0.26584 -0.00762 -0.03981
                  z   0.23229  0.01231  0.08022  0.36030 -0.03121  0.01365
  9   h           x   0.02084 -0.01819 -0.02081 -0.04817  0.12135  0.15069
                  y   0.23108 -0.19673 -0.22022 -0.51847  0.03025  0.04509
                  z   0.05585 -0.04653 -0.05078 -0.12101 -0.26662 -0.25263
 10   h           x   0.00631  0.10614  0.15000  0.41368  0.30334  0.36001
                  y   0.38009 -0.03138  0.05345  0.33478  0.00136 -0.02203
                  z  -0.06598 -0.02490 -0.05516 -0.21339 -0.05394  0.00828
 11   h           x  -0.01998 -0.01049 -0.00571  0.00841 -0.21754 -0.05395
                  y  -0.22519 -0.12348 -0.08174  0.06872  0.05607  0.00066
                  z  -0.05414 -0.02974 -0.01894  0.01736 -0.14256  0.03263
 12   h           x  -0.03465  0.00079  0.00262  0.01022 -0.30878 -0.08098
                  y  -0.39271 -0.00220  0.00306  0.08246  0.01035 -0.01625
                  z  -0.09636 -0.00098 -0.00003  0.01907  0.08649  0.10515
 13   h           x   0.01822  0.09537  0.19742 -0.05653 -0.07698  0.23263
                  y  -0.00185 -0.36264 -0.00531  0.02969  0.07668 -0.08034
                  z  -0.22437 -0.51126  0.43527 -0.04789 -0.29839  0.27493
 14   h           x   0.02817  0.01929 -0.05755  0.00758  0.26622 -0.15329
                  y   0.31305  0.22150 -0.61384  0.11307  0.04859 -0.05646
                  z   0.07636  0.05498 -0.14690  0.03123 -0.32850  0.29748
 15   h           x  -0.02804 -0.17661 -0.17450  0.06012 -0.08148  0.22975
                  y  -0.10114 -0.53476  0.22612 -0.00725  0.08480 -0.09931
                  z   0.19880  0.29320 -0.37492  0.06009 -0.30464  0.27491

reduced mass(g/mol)     3.839    1.732    1.418    1.099    3.117    4.190


       mode              13       14       15       16       17       18

     frequency         372.79   394.56   496.99   605.61   655.39   840.33

     symmetry            a        a        a        a        a        a   

        IR               YES      YES      YES      YES      YES      YES
|dDIP/dQ|   (a.u.)     0.0007   0.0001   0.0010   0.0011   0.0022   0.0027
intensity (km/mol)       0.87     0.04     1.91     2.29     8.27    12.61
intensity (  %   )       0.36     0.02     0.79     0.95     3.42     5.21
 
       RAMAN             YES      YES      YES      YES      YES      YES
 
  1   c           x   0.16050  0.00269  0.14621  0.06789 -0.00039 -0.01105
                  y   0.00494  0.05393 -0.06317 -0.03332 -0.00433  0.02121
                  z  -0.08007  0.01459  0.20412  0.11254 -0.00063 -0.01052
  2   c           x   0.00259 -0.03395  0.10399  0.25164 -0.00516  0.00948
                  y  -0.00371 -0.37713 -0.03947  0.00180 -0.06114  0.13631
                  z   0.00797 -0.09232  0.12972 -0.10142 -0.01510  0.04319
  3   c           x   0.22630  0.00818 -0.14434  0.09713  0.00094 -0.00609
                  y  -0.04185  0.09972 -0.00079  0.04314  0.00968 -0.00205
                  z   0.09127  0.02382  0.05429 -0.21369  0.00190  0.01973
  4   c           x  -0.06616 -0.01337  0.05233  0.04407  0.01139 -0.00701
                  y   0.00495 -0.15536  0.02643 -0.02042  0.12501 -0.33551
                  z   0.00200 -0.03844 -0.12555  0.06420  0.03050 -0.10050
  5   o           x  -0.01831  0.01163  0.17180 -0.21082 -0.00406  0.00906
                  y  -0.00310  0.09840  0.00785  0.02696 -0.04254  0.09505
                  z   0.02148  0.02414 -0.09784 -0.03126 -0.01038 -0.01667
  6   o           x  -0.14027  0.01143 -0.11892 -0.03318 -0.00341  0.00485
                  y   0.00575  0.12898  0.03514 -0.03196 -0.03730  0.05406
                  z   0.03016  0.03141 -0.10079  0.14508 -0.00896  0.05791
  7   c           x  -0.18529 -0.00197 -0.16967 -0.08984 -0.00024  0.00219
                  y   0.03062 -0.01975  0.02386  0.00837 -0.00109  0.00539
                  z  -0.05806 -0.00513 -0.03517 -0.00071 -0.00028  0.00693
  8   h           x   0.29900  0.25376  0.16671 -0.18325  0.14574 -0.04913
                  y  -0.02058  0.11625 -0.06961  0.01455  0.03824  0.00915
                  z  -0.04293  0.34090  0.19920  0.05449  0.19848 -0.07072
  9   h           x   0.10901  0.02206  0.14052  0.16790  0.01468 -0.01899
                  y   0.05752  0.26335 -0.05516 -0.13703  0.16217  0.01463
                  z  -0.28692  0.06742  0.16924  0.50774  0.04030 -0.03901
 10   h           x   0.30289 -0.22148  0.16968 -0.18729 -0.12819  0.04721
                  y  -0.00686  0.30101 -0.06087 -0.01029  0.14901 -0.02470
                  z  -0.04615 -0.23733  0.20399  0.05283 -0.15213  0.04048
 11   h           x   0.26981  0.04140 -0.21002  0.05353 -0.05259 -0.07262
                  y  -0.10842  0.47062  0.09964  0.12111 -0.58024 -0.71701
                  z   0.35080  0.11199 -0.33283 -0.50488 -0.14254 -0.15951
 12   h           x   0.44635  0.01447 -0.47447 -0.13005  0.05889  0.02647
                  y  -0.02034  0.18787 -0.03130  0.02177  0.65805  0.48718
                  z  -0.07468  0.04668  0.29899 -0.05187  0.16091  0.14907
 13   h           x  -0.23076  0.11161 -0.15271 -0.18438 -0.02503  0.02701
                  y   0.03801 -0.06983  0.01788  0.02635  0.00943 -0.01684
                  z  -0.09065 -0.01525 -0.03493 -0.06215  0.00126 -0.03161
 14   h           x  -0.09192 -0.00721 -0.19078  0.10107  0.00134  0.07144
                  y   0.03128 -0.07992  0.02361  0.01173  0.01421 -0.03594
                  z  -0.09992 -0.01994 -0.02719 -0.08582  0.00337 -0.03581
 15   h           x  -0.23105 -0.12297 -0.15155 -0.18421  0.02588 -0.10350
                  y   0.04756 -0.04876  0.02666  0.03640  0.00465 -0.00235
                  z  -0.08968 -0.01464 -0.03329 -0.05957  0.00205 -0.01704

reduced mass(g/mol)     2.832    3.541    3.846    3.847    1.288    2.833


       mode              19       20       21       22       23       24

     frequency         840.74   939.12   978.44  1003.73  1043.56  1075.72

     symmetry            a        a        a        a        a        a   

        IR               YES      YES      YES      YES      YES      YES
|dDIP/dQ|   (a.u.)     0.0020   0.0025   0.0044   0.0019   0.0030   0.0001
intensity (km/mol)       6.97    11.31    35.14     6.67    16.45     0.03
intensity (  %   )       2.88     4.68    14.53     2.76     6.80     0.01
 
       RAMAN             YES      YES      YES      YES      YES      YES
 
  1   c           x   0.09008 -0.08271  0.00181 -0.06791  0.11867  0.01238
                  y  -0.02914  0.05632  0.01812 -0.00214  0.01651  0.15209
                  z   0.10317 -0.19782  0.00540  0.03090 -0.09950  0.03881
  2   c           x   0.02343  0.13531  0.00304  0.01562  0.02938 -0.01255
                  y   0.04606 -0.03179  0.04067  0.00049 -0.01074 -0.12940
                  z  -0.05819  0.08051  0.00947 -0.00542  0.02114 -0.03204
  3   c           x   0.04250  0.07183 -0.01414  0.12811 -0.03600  0.00324
                  y   0.02991 -0.03851 -0.16015 -0.01090 -0.01396  0.02666
                  z  -0.13567  0.12512 -0.03961  0.00145  0.07325  0.00550
  4   c           x  -0.17225  0.05572 -0.00133 -0.11026 -0.05973  0.00242
                  y  -0.09489 -0.02014 -0.00480  0.01770  0.01188  0.02479
                  z   0.10959  0.06173 -0.00166 -0.03316 -0.02385  0.00602
  5   o           x  -0.00687 -0.02633  0.00020  0.00675  0.01459 -0.00067
                  y  -0.04346 -0.00904  0.00026 -0.00654 -0.00019 -0.00627
                  z   0.26893  0.04675  0.00003  0.02457 -0.00524 -0.00148
  6   o           x   0.00829  0.06429 -0.00092 -0.13056 -0.15100  0.00141
                  y   0.08683  0.01463  0.00034  0.00427  0.00974 -0.00454
                  z  -0.29422 -0.08361  0.00058  0.03095  0.01549 -0.00102
  7   c           x  -0.01095 -0.12465  0.00147  0.17009  0.15446 -0.00146
                  y   0.01162  0.01132  0.00039 -0.00884 -0.00730  0.00100
                  z  -0.03672 -0.00032  0.00002 -0.02666 -0.02684  0.00057
  8   h           x  -0.01243 -0.25184 -0.03995  0.22573 -0.40874 -0.27893
                  y  -0.01227  0.09661 -0.00319 -0.07619  0.15062 -0.02058
                  z   0.07601 -0.21726 -0.07347  0.05441 -0.13806 -0.55637
  9   h           x   0.13795 -0.04785 -0.00360 -0.16127  0.28095 -0.03240
                  y  -0.08059  0.01104 -0.03611  0.10244 -0.17106 -0.31166
                  z   0.28442 -0.02856 -0.01018 -0.35954  0.58218 -0.08626
 10   h           x   0.00827 -0.25418  0.03917  0.23110 -0.41379  0.26031
                  y  -0.03605  0.05552 -0.04375  0.00663 -0.01129 -0.32086
                  z   0.09897 -0.22359  0.06454  0.06923 -0.15681  0.47918
 11   h           x   0.04033 -0.01723  0.05714  0.03001 -0.02315 -0.01771
                  y  -0.14703  0.09813  0.62710  0.13629 -0.04655 -0.19919
                  z  -0.13603 -0.37706  0.15219 -0.58692  0.17974 -0.05278
 12   h           x   0.13906 -0.41387  0.06469 -0.33103  0.00365  0.01139
                  y   0.15180 -0.07640  0.70773 -0.05653 -0.01016  0.13413
                  z  -0.17689  0.49541  0.17217  0.33043  0.04934  0.03287
 13   h           x   0.27434 -0.03577  0.00161  0.14203  0.10523  0.00522
                  y  -0.04192 -0.00740  0.00013  0.00366  0.00963 -0.00261
                  z   0.14290  0.03662 -0.00086 -0.00155 -0.00983 -0.00167
 14   h           x  -0.52672 -0.20757  0.00123  0.07319  0.05493 -0.00002
                  y  -0.00682  0.00977 -0.00076 -0.00997 -0.00814 -0.00139
                  z   0.18860  0.03738 -0.00022  0.01360  0.01313 -0.00068
 15   h           x   0.24058 -0.03556  0.00019  0.13916  0.10224 -0.00766
                  y  -0.08118 -0.00426 -0.00025 -0.02657 -0.02164 -0.00157
                  z   0.13586  0.03745  0.00054 -0.00891 -0.01746  0.00076

reduced mass(g/mol)     4.623    2.545    1.333    2.011    2.034    1.495


       mode              25       26       27       28       29       30

     frequency        1173.61  1185.72  1215.58  1339.86  1418.61  1441.47

     symmetry            a        a        a        a        a        a   

        IR               YES      YES      YES      YES      YES      YES
|dDIP/dQ|   (a.u.)     0.0007   0.0113   0.0078   0.0082   0.0016   0.0019
intensity (km/mol)       0.99   225.71   108.08   118.22     4.67     6.08
intensity (  %   )       0.41    93.34    44.70    48.89     1.93     2.52
 
       RAMAN             YES      YES      YES      YES      YES      YES
 
  1   c           x   0.00025 -0.09580  0.03164  0.07587  0.08327 -0.01782
                  y   0.00153  0.00820 -0.00339 -0.00889 -0.03026  0.02091
                  z   0.00037  0.00355  0.00180  0.00806  0.08877 -0.07788
  2   c           x  -0.00035  0.13194 -0.04803 -0.33702 -0.05195 -0.01353
                  y  -0.00213 -0.02181  0.00927  0.06111 -0.00408 -0.02544
                  z  -0.00056  0.03955 -0.01997 -0.12539  0.03460  0.10963
  3   c           x   0.00016 -0.07499  0.01681  0.11757  0.00914 -0.00878
                  y   0.00049  0.01379 -0.00521 -0.01831 -0.00266  0.00034
                  z   0.00014 -0.02876  0.01509  0.03150  0.00758  0.00195
  4   c           x  -0.00092  0.23598 -0.06205  0.26189  0.02197  0.00327
                  y  -0.00665 -0.05036  0.01807 -0.05671 -0.00309 -0.00147
                  z  -0.00173  0.11935 -0.05132  0.13567  0.00474  0.00480
  5   o           x   0.00041 -0.03892  0.01611 -0.02418 -0.00066  0.00719
                  y   0.00424  0.00750  0.00764  0.01083  0.00095  0.00240
                  z   0.00108 -0.01637 -0.03724 -0.03557 -0.00355 -0.01260
  6   o           x   0.00576 -0.16597  0.07328 -0.04658 -0.00071 -0.00280
                  y   0.06188  0.01714 -0.03820  0.01394  0.00023 -0.00012
                  z   0.01491 -0.00811  0.13014 -0.03998 -0.00073  0.00153
  7   c           x  -0.01187  0.07561 -0.06506  0.03369  0.00660  0.01245
                  y  -0.13283  0.02074  0.03803  0.00008  0.00014 -0.00004
                  z  -0.03195 -0.11533 -0.13351 -0.01244 -0.00289 -0.00414
  8   h           x  -0.00229  0.10704 -0.02754  0.01999 -0.41120  0.02626
                  y  -0.00013 -0.06564  0.02041  0.07616 -0.04376  0.16436
                  z  -0.00511 -0.04337  0.02101  0.19693 -0.33283  0.33889
  9   h           x  -0.00007 -0.17792  0.05660  0.16624 -0.07434  0.01382
                  y  -0.00318  0.09369 -0.02921 -0.10629  0.13534 -0.02524
                  z  -0.00036 -0.32538  0.10067  0.37491 -0.46973  0.08111
 10   h           x   0.00172  0.11929 -0.03160 -0.00168 -0.36739 -0.02138
                  y  -0.00299  0.05777 -0.02250 -0.15964  0.25974 -0.30236
                  z   0.00441 -0.01100  0.01006  0.13884 -0.25682  0.22373
 11   h           x  -0.00086 -0.00586 -0.00096  0.04443 -0.03468 -0.07986
                  y  -0.00949 -0.09050  0.01968  0.07525  0.08106  0.13775
                  z  -0.00294  0.37304 -0.08034 -0.32433 -0.32028 -0.53577
 12   h           x   0.00081  0.16933 -0.05643 -0.32181  0.21169  0.47231
                  y   0.01113  0.03412 -0.01130 -0.05670  0.01829  0.04751
                  z   0.00297 -0.20021  0.06697  0.35026 -0.15277 -0.36863
 13   h           x  -0.61271  0.18094  0.40154 -0.17537 -0.03666 -0.05598
                  y   0.18514  0.04820 -0.00154  0.06611  0.01741  0.02727
                  z   0.19026  0.13483  0.28423 -0.02876  0.00214  0.00236
 14   h           x   0.02751 -0.55954 -0.63723 -0.23693 -0.04927 -0.07445
                  y   0.28684  0.01489  0.02852 -0.00211 -0.00071 -0.00183
                  z   0.07000  0.15294  0.12655  0.09413  0.02021  0.03218
 15   h           x   0.63958  0.16892  0.38638 -0.18287 -0.03904 -0.05949
                  y   0.14668 -0.13291 -0.19537 -0.01504 -0.01004 -0.01572
                  z  -0.11106  0.08894  0.23547 -0.04841 -0.00444 -0.00759

reduced mass(g/mol)     1.277    2.854    1.771    3.799    1.232    1.231


       mode              31       32       33       34       35       36

     frequency        1473.03  1474.67  1485.01  1490.71  1498.17  1693.78

     symmetry            a        a        a        a        a        a   

        IR               YES      YES      YES      YES      YES      YES
|dDIP/dQ|   (a.u.)     0.0021   0.0025   0.0021   0.0038   0.0022   0.0037
intensity (km/mol)       8.14    11.06     8.11    25.39     8.94    24.53
intensity (  %   )       3.37     4.57     3.35    10.50     3.70    10.14
 
       RAMAN             YES      YES      YES      YES      YES      YES
 
  1   c           x   0.00316  0.01458  0.00101  0.04714  0.00706 -0.00614
                  y   0.05092  0.00484 -0.00040 -0.00076 -0.00021  0.01236
                  z   0.01477 -0.00265 -0.00028 -0.00667 -0.00095 -0.04831
  2   c           x   0.00221 -0.02422 -0.00048  0.02190  0.00841 -0.14345
                  y   0.01768  0.00337 -0.00094  0.00313  0.00042 -0.08861
                  z   0.00481  0.00322 -0.00048 -0.01795 -0.00453  0.41568
  3   c           x  -0.00070  0.00616  0.00030  0.00782  0.00139  0.14843
                  y  -0.00066  0.00021  0.00024  0.00694  0.00160  0.07417
                  z   0.00147 -0.00329 -0.00049 -0.03135 -0.00706 -0.35875
  4   c           x  -0.00488  0.06181  0.00176 -0.01416 -0.01081 -0.04056
                  y  -0.00237 -0.00748  0.00065  0.00346  0.00270 -0.01404
                  z  -0.00087  0.00628  0.00027 -0.00942 -0.00714  0.07307
  5   o           x   0.00111 -0.01251 -0.00046 -0.00158  0.00091  0.04672
                  y   0.00020 -0.00264 -0.00052 -0.00083 -0.00180  0.01493
                  z  -0.00155  0.01560  0.00037  0.00398  0.00707 -0.07867
  6   o           x   0.00372 -0.04595 -0.00029  0.00870  0.00866 -0.00295
                  y  -0.00033  0.00808  0.01111 -0.00237  0.00281 -0.00001
                  z   0.00145 -0.01748  0.00237  0.00586 -0.01442  0.00105
  7   c           x   0.00766 -0.09227  0.00224  0.01182  0.02638 -0.00553
                  y   0.00006  0.00852  0.05577 -0.00463  0.00980  0.00075
                  z   0.00076 -0.00931  0.01362  0.01123 -0.04858 -0.00100
  8   h           x   0.48781 -0.02066 -0.01021 -0.24743 -0.03934 -0.03740
                  y  -0.11656  0.05726  0.00632  0.24725  0.03962 -0.04425
                  z  -0.00383  0.11235  0.00835  0.41789  0.06777 -0.19393
  9   h           x  -0.05916 -0.01811 -0.00079 -0.07657 -0.01306  0.04099
                  y  -0.69325 -0.04788  0.00867  0.08384  0.01527 -0.04248
                  z  -0.15236 -0.10139 -0.00660 -0.42351 -0.06975  0.15959
 10   h           x  -0.47440 -0.13346 -0.00213 -0.33927 -0.05236 -0.02072
                  y   0.03368 -0.09634 -0.00809 -0.36388 -0.05878  0.13356
                  z  -0.07151  0.06397  0.00645  0.26379  0.04316 -0.15030
 11   h           x  -0.00237  0.00101  0.00081  0.05173  0.01222  0.31247
                  y  -0.00037  0.00907 -0.00052 -0.06663 -0.01718 -0.12047
                  z  -0.00877 -0.03874  0.00278  0.25396  0.06598  0.37940
 12   h           x   0.00696  0.01117 -0.00274 -0.20224 -0.05236 -0.49976
                  y  -0.00441  0.00042 -0.00065 -0.01376 -0.00368  0.02864
                  z  -0.00584 -0.00805  0.00163  0.12979  0.03425  0.06719
 13   h           x  -0.04120  0.45845 -0.32208 -0.02811 -0.26322  0.02576
                  y   0.01293 -0.14287  0.04045 -0.03085  0.30793 -0.01057
                  z  -0.01658  0.17453 -0.34203 -0.12242  0.54104  0.00863
 14   h           x  -0.04847  0.58600 -0.04962 -0.13225  0.19976  0.02030
                  y  -0.01083  0.04238 -0.70346  0.00510  0.00388  0.00093
                  z   0.02135 -0.28533 -0.17916  0.07187 -0.10596 -0.01140
 15   h           x  -0.03454  0.44781  0.34123 -0.02700 -0.33002  0.02674
                  y  -0.00128 -0.02113 -0.17005  0.09268 -0.47372  0.00096
                  z  -0.01052  0.18113  0.31461 -0.10242  0.35364  0.01143

reduced mass(g/mol)     1.044    1.200    1.046    1.062    1.052    5.177


       mode              37       38       39       40       41       42

     frequency        1762.41  3039.29  3049.56  3088.50  3116.68  3117.96

     symmetry            a        a        a        a        a        a   

        IR               YES      YES      YES      YES      YES      YES
|dDIP/dQ|   (a.u.)     0.0117   0.0029   0.0042   0.0023   0.0029   0.0033
intensity (km/mol)     241.82    14.49    31.26     9.68    14.67    19.54
intensity (  %   )     100.00     5.99    12.93     4.00     6.07     8.08
 
       RAMAN             YES      YES      YES      YES      YES      YES
 
  1   c           x  -0.00017  0.02042 -0.00036  0.00774 -0.07908  0.00000
                  y  -0.00543 -0.01244  0.00028  0.08832 -0.00496  0.00024
                  z   0.02233  0.04395 -0.00103  0.02165  0.04839  0.00007
  2   c           x   0.08747 -0.00002  0.00022  0.00006 -0.00067  0.00002
                  y   0.02693  0.00005 -0.00005  0.00064 -0.00042  0.00023
                  z  -0.14263 -0.00017  0.00012  0.00016  0.00198  0.00006
  3   c           x  -0.02714 -0.00074  0.00028  0.00002  0.00367 -0.00000
                  y  -0.01787 -0.00005 -0.00003  0.00015  0.00026 -0.00003
                  z   0.08308  0.00047  0.00003  0.00003 -0.00244 -0.00001
  4   c           x  -0.33986 -0.00093 -0.00116 -0.00001 -0.00001 -0.00002
                  y  -0.13018 -0.00013  0.00075 -0.00010 -0.00027 -0.00020
                  z   0.66131  0.00087 -0.00266 -0.00003  0.00111 -0.00005
  5   o           x   0.19767  0.00006 -0.00038 -0.00001  0.00005 -0.00001
                  y   0.08544  0.00012 -0.00017 -0.00014  0.00013 -0.00017
                  z  -0.42471 -0.00050  0.00085 -0.00003 -0.00054 -0.00004
  6   o           x   0.01200  0.00027  0.00285  0.00000 -0.00001 -0.00003
                  y   0.01113 -0.00001 -0.00038  0.00004  0.00003 -0.00037
                  z  -0.05011 -0.00006  0.00050  0.00001 -0.00013 -0.00009
  7   c           x  -0.02981  0.00085  0.04047 -0.00002 -0.00001  0.00829
                  y  -0.00038  0.00002  0.00066 -0.00024  0.00007  0.09160
                  z   0.01262 -0.00038 -0.01767 -0.00006 -0.00036  0.02262
  8   h           x  -0.04560  0.16631 -0.00369 -0.19306  0.08033 -0.00047
                  y   0.00916  0.54662 -0.01221 -0.62227  0.32291 -0.00161
                  z   0.05891 -0.21043  0.00476  0.26647 -0.11753  0.00073
  9   h           x  -0.04883 -0.48381  0.01055  0.00469  0.83255  0.00023
                  y   0.04206  0.01035 -0.00028  0.01681 -0.02106  0.00004
                  z  -0.15459  0.13607 -0.00274  0.00323 -0.22129 -0.00005
 10   h           x  -0.04909  0.07995 -0.00177  0.09549  0.02869  0.00024
                  y  -0.02716 -0.41032  0.00915 -0.45426 -0.23906 -0.00129
                  z   0.04991 -0.44537  0.01002 -0.52951 -0.25235 -0.00154
 11   h           x  -0.05535  0.01785 -0.00273 -0.00020 -0.04765 -0.00002
                  y   0.02506 -0.00112  0.00006 -0.00032  0.00281 -0.00022
                  z  -0.08228 -0.00196  0.00077 -0.00007  0.00596 -0.00005
 12   h           x   0.11156 -0.00804 -0.00081  0.00013  0.01158  0.00002
                  y  -0.01086  0.00258  0.00013  0.00086 -0.00380  0.00025
                  z   0.00285 -0.00758 -0.00021  0.00027  0.01127  0.00006
 13   h           x   0.10946 -0.00471 -0.21500  0.00069 -0.00035 -0.23984
                  y  -0.05524 -0.01275 -0.56323  0.00168 -0.00108 -0.62125
                  z   0.07644  0.00423  0.18591 -0.00060  0.00040  0.22532
 14   h           x   0.22405 -0.00350 -0.17146 -0.00000  0.00131  0.00075
                  y   0.00181  0.00247  0.11304 -0.00002 -0.00083  0.01902
                  z  -0.09024 -0.00880 -0.39909 -0.00001  0.00290  0.00244
 15   h           x   0.11379 -0.00266 -0.12443 -0.00043 -0.00025  0.14108
                  y  -0.00528  0.01000  0.44292  0.00133  0.00107 -0.48087
                  z   0.08872  0.00979  0.43175  0.00135  0.00111 -0.49525

reduced mass(g/mol)    11.139    1.036    1.030    1.100    1.103    1.107


       mode              43       44       45

     frequency        3149.06  3149.71  3241.85

     symmetry            a        a        a   

        IR               YES      YES      YES
|dDIP/dQ|   (a.u.)     0.0023   0.0028   0.0013
intensity (km/mol)       9.39    14.18     2.80
intensity (  %   )       3.88     5.86     1.16
 
       RAMAN             YES      YES      YES
 
  1   c           x   0.00433  0.00077 -0.00076
                  y  -0.00013 -0.00005 -0.00018
                  z  -0.00105 -0.00007  0.00100
  2   c           x  -0.00202 -0.00050 -0.00215
                  y  -0.00144 -0.00033 -0.00001
                  z   0.00661  0.00154  0.00086
  3   c           x   0.04248  0.01068 -0.08386
                  y   0.00877  0.00210  0.01917
                  z  -0.05166 -0.01257 -0.04737
  4   c           x  -0.00067 -0.00126  0.00013
                  y   0.00008 -0.00007  0.00020
                  z  -0.00009  0.00074 -0.00087
  5   o           x   0.00020  0.00046  0.00003
                  y   0.00003  0.00007 -0.00005
                  z  -0.00021 -0.00046  0.00017
  6   o           x  -0.00014 -0.00011 -0.00024
                  y  -0.00006  0.00008 -0.00006
                  z   0.00031 -0.00028  0.00035
  7   c           x  -0.00351  0.01445  0.00024
                  y   0.00542 -0.02297 -0.00007
                  z  -0.02063  0.08761  0.00021
  8   h           x  -0.00137 -0.00009  0.00157
                  y  -0.00440  0.00038  0.00317
                  z   0.00003 -0.00052 -0.00193
  9   h           x  -0.05020 -0.00920  0.01195
                  y   0.00156  0.00032 -0.00086
                  z   0.01211  0.00207 -0.00087
 10   h           x  -0.00061 -0.00014  0.00109
                  y   0.00406 -0.00006 -0.00214
                  z   0.00210 -0.00062 -0.00323
 11   h           x  -0.79783 -0.19696  0.52699
                  y   0.03999  0.00988 -0.02403
                  z   0.13239  0.03264 -0.09715
 12   h           x   0.32523  0.07875  0.49330
                  y  -0.12785 -0.03092 -0.20265
                  z   0.40267  0.09735  0.64654
 13   h           x  -0.02458  0.10548 -0.00043
                  y  -0.06373  0.27314 -0.00061
                  z   0.01718 -0.07437  0.00029
 14   h           x   0.07865 -0.33116 -0.00119
                  y  -0.05191  0.21875  0.00073
                  z   0.18328 -0.77245 -0.00256
 15   h           x  -0.01400  0.06021 -0.00033
                  y   0.05134 -0.21983  0.00047
                  z   0.04483 -0.19291  0.00056

reduced mass(g/mol)     1.064    1.104    1.114
 

         **************************************************************
         *                                                            *
         *  zero point VIBRATIONAL energy  :      0.1228410  Hartree  *
         *    SCF-energy                   :   -345.7312622           *
         *    SCF + E(vib0)                :   -345.6084212           *
         *                                                            *
         **************************************************************




 time elapsed for vibrational analysis     0.77 sec


    ------------------------------------------------------------------------
         total  cpu-time : 25 minutes and  7 seconds
         total wall-time :  2 minutes and  5 seconds
    ------------------------------------------------------------------------

   ****  force : all done  ****


    2026-04-15 19:57:49.073 

aoforce ended normally 
