
   OpenMP run-time library returned nthreads = 16

 ridft (s02r2b44) : TURBOMOLE rev. V7-8-1 compiled 26 Feb 2024 at 17:12:58
 Copyright (C) 2024 TURBOMOLE GmbH, Karlsruhe


    2026-04-15 19:55:41.288 



                                  r i d f t

                        DFT program with RI approximation 
                                for coulomb part 





                                 References:     
                                                 
          TURBOMOLE:                             
              R. Ahlrichs, M. Baer, M. Haeser, H. Horn, and
              C. Koelmel
              Electronic structure calculations on workstation
              computers: the program system TURBOMOLE
              Chem. Phys. Lett. 162: 165 (1989)
          Density Functional:                              
              O. Treutler and R. Ahlrichs                      
              Efficient Molecular Numerical Integration Schemes
              J. Chem. Phys. 102: 346 (1995)                   
          Parallel Version:                                
              Performance of parallel TURBOMOLE for Density    
              Functional Calculations                          
              M. v. Arnim and R. Ahlrichs                      
              J. Comp. Chem. 19: 1746 (1998)                   
          RI-J Method:                                     
              Auxiliary Basis Sets to approximate Coulomb      
              Potentials                                       
              Chem. Phys. Lett. 240: 283 (1995)                
              K. Eichkorn, O. Treutler, H. Oehm, M. Haeser     
              and R. Ahlrichs                                  
              Chem. Phys. Lett. 242: 652 (1995)                
                                                           
              Auxiliary Basis Sets for Main Row Atoms and their
              Use to approximate Coulomb Potentials            
              K. Eichkorn, F. Weigend, O. Treutler and         
              R. Ahlrichs                                      
              Theo. Chem. Acc. 97: 119 (1997)                  
                                                           
              Accurate Coulomb-fitting basis sets for H to Rn 
              F. Weigend                                       
              Phys. Chem. Chem. Phys. 8: 1057 (2006)           
                                                           
          Multipole accelerated RI-J (MARI-J):             
              Fast evaluation of the Coulomb potential for     
              electron densities using multipole accelerated   
              resolution of identity approximation             
              M. Sierka, A. Hogekamp and R. Ahlrichs           
              J. Chem. Phys. 118: 9136 (2003)                  
          RI-JK Method:                                     
              A fully direct RI-HF algorithm: Implementation,
              optimised auxiliary basis sets, demonstration of
              accuracy and efficiency                         
              F. Weigend                                      
              Phys. Chem. Chem. Phys. 4: 4285 (2002)           
          Two-component HF and DFT with spin-orbit coupling:  
              Self-consistent treatment of spin-orbit         
              interactions with efficient Hartree-Fock and    
              density functional methods                      
              M. K. Armbruster, F. Weigend, C. van Wüllen and 
              W. Klopper                                      
              Phys. Chem. Chem. Phys. 10: 1748 (2008)         
          Two-component difference density and DIIS algorithm 
              Efficient two-component self-consistent field   
              procedures and gradients: implementation in     
              TURBOMOLE and application to Au20-              
              A. Baldes, F. Weigend                           
              Mol. Phys. 111: 2617 (2013)                     
          Relativistic current density functional theory      
              Current density functional framework for        
              spin-orbit coupling                             
              C. Holzer, Y. J. Franzke, A. Pausch             
              J. Chem. Phys. 157: 204102 (2022)               
          Relativistic all-electron 2c calculations           
              An efficient implementation of two-component    
              relativistic exact-decoupling methods for large 
              molecules                                       
              D. Peng, N. Middendorf, F. Weigend, M. Reiher   
              J. Chem. Phys. 138: 184105 (2013)               
          Finite nucleus model and SNSO approximation         
              Efficient implementation of one- and two-       
              component analytical energy gradients in exact  
              two-component theory                            
              Y. J. Franzke, N. Middendorf, F. Weigend        
              J. Chem. Phys. 148: 104110 (2018)               
          Grids for all-electron relativistic methods         
              Error-consistent segmented contracted all-      
              electron relativistic basis sets of double-     
              and triple-zeta quality for NMR shielding       
              constants                                       
              Y. J. Franzke, R. Tress, T. M. Pazdera,         
              F. Weigend                                      
              Phys. Chem. Chem. Phys. 21: 166658 (2019)       
          Seminumerical exchange algorithms                   
              Seminumerical calculation of the Hartree-Fock   
              exchange matirx: Application to two-component   
              procedures and efficient evaluation of local    
              hybrid functionsl                               
              P. Plessow, F. Weigend,                         
              J. Comput. Chem. 33: 810 (2012)                 
          Improved seminumerical algorithms                   
              C. Holzer,                                      
              J. Chem. Phys. 153 (2020), 184115               






          OpenMP Shared-Memory Parallelization: 16 CPUs.

            By: Christof Holzer and Yannick J. Franzke


              +--------------------------------------------------+
              |      general information about current run       |
              +--------------------------------------------------+

 
 Becke-3-Parameter hybrid functional: B3-LYP
 exchange:    0.8*LDA + 0.72*B88 + 0.2*HF
 correlation: 0.19*LDA(VWN) + 0.81*LYP
 A Hybrid-DFT calculation using the RI-J approximation will be carried out.
 Allocatable memory for RI due to $ricore (MB):                  5000


              +--------------------------------------------------+
              | Atomic coordinate, charge and isotop information |
              +--------------------------------------------------+

                    atomic coordinates            atom    charge  isotop
         -3.52188187    0.87727944   -2.12032224    c      6.000     0
         -1.92086193    0.18588076    0.11747461    c      6.000     0
         -2.85301374   -0.28915722    2.40908573    c      6.000     0
          0.85321405    0.06015752   -0.39677681    c      6.000     0
          1.76870230    0.47662409   -2.44798332    o      8.000     0
          2.24852727   -0.56252706    1.64234694    o      8.000     0
          4.92661176   -0.70536752    1.23927532    c      6.000     0
         -2.97760457    2.71889437   -2.87506044    h      1.000     0
         -5.51401155    0.93043133   -1.60190017    h      1.000     0
         -3.26599459   -0.47709912   -3.65584343    h      1.000     0
         -4.86720560   -0.19324979    2.76308540    h      1.000     0
         -1.64297329   -0.78206282    3.97798297    h      1.000     0
          5.66311956    1.11325841    0.61337957    h      1.000     0
          5.73212880   -1.22227860    3.05678215    h      1.000     0
          5.37124341   -2.13078757   -0.17926261    h      1.000     0
 
       center of nuclear mass  :    0.32502313    0.00129167    0.04219965
       center of nuclear charge:    0.28779534    0.00078964    0.05826837

              +--------------------------------------------------+
              |               basis set information              |
              +--------------------------------------------------+

              we will work with the 1s 3p 5d 7f 9g ... basis set
              ...i.e. with spherical basis functions...

   type   atoms  prim   cont   basis
   ---------------------------------------------------------------------------
    c        5     46     31   def2-TZVP   [5s3p2d1f|11s6p2d1f]
    o        2     46     31   def2-TZVP   [5s3p2d1f|11s6p2d1f]
    h        8      8      6   def2-TZVP   [3s1p|5s1p]
   ---------------------------------------------------------------------------
   total:   15    386    265
   ---------------------------------------------------------------------------

   total number of primitive shells          :   46
   total number of contracted shells         :  109
   total number of cartesian basis functions :  300
   total number of SCF-basis functions       :  265


 integral neglect threshold       :  0.11E-10
 integral storage threshold THIZE :  0.10E-04
 integral storage threshold THIME :         5

 RI-J AUXILIARY BASIS SET information:

              we will work with the 1s 3p 5d 7f 9g ... basis set
              ...i.e. with spherical basis functions...

   type   atoms  prim   cont   basis
   ---------------------------------------------------------------------------
    c        5     70     49   def2-TZVP   [6s4p3d1f1g|12s5p4d2f1g]
    o        2     70     49   def2-TZVP   [6s4p3d1f1g|12s5p4d2f1g]
    h        8     16     11   def2-TZVP   [3s1p1d|5s2p1d]
   ---------------------------------------------------------------------------
   total:   15    618    431
   ---------------------------------------------------------------------------

   total number of primitive shells          :   56
   total number of contracted shells         :  145
   total number of cartesian basis functions :  523
   total number of SCF-basis functions       :  431


 symmetry group of the molecule :   c1 

 the group has the following generators :
   c1(z)

    1 symmetry operations found

 there are 1 real representations :   a   

 maximum number of shells which are related by symmetry :  1

  
           ------------------
           density functional
           ------------------
 Becke-3-Parameter hybrid functional: B3-LYP
 exchange:    0.8*LDA + 0.72*B88 + 0.2*HF
 correlation: 0.19*LDA(VWN) + 0.81*LYP
 iterations will be done with small grid
  
 spherical integration : Lebedev's spherical grid
 spherical gridsize    :                     3
    i.e. gridpoints    :                   302
  maximum batchsize    :                   100
 value for diffuse not defined
 radial integration    : Chebyshev 2nd kind (scaling 3)
 radial gridsize       :                     3
 integration cells     :                    15
 partition function    : becke
 partition sharpness   :                     3
  

 biggest AO integral is expected to be     7.998976882

          ------------------------
          nuclear repulsion energy  :   301.257843172    
          ------------------------


         -----------------
         -S,T+V- integrals
         -----------------

 1e-integrals will be neglected if expon. factor < 0.111399E-11
 
 Difference densities algorithm switched on.
 The maximal number of linear combinations of
 difference densities is  20.

 DIIS switched on: error vector is FDS-SDF
 Max. Iterations for DIIS is     :   4
 DIIS matrix (see manual) 
    Scaling factor of diagonals  :  1.200
    threshold for scaling factor :  0.000

 scf convergence criterion : increment of total energy < .1000000D-06
                  and increment of one-electron energy < .1000000D-03

 MOs are in ASCII format !


    mo occupation :
   irrep   mo's   occupied
    a      265       27
 
 number of basis functions   :   265
 number of occupied orbitals :    27
 

 reading orbital data $scfmo  from file mos
 orbital characterization : scfconv=7
 mo-orthogonalization by Cholesky decomposition

 automatic virtual orbital shift switched on 
      shift if e(lumo)-e(homo) < 0.10000000    

  
           ------------------------
               RI-J - INFORMATION
           ------------------------
 Contributions to RI integral batches: 
  neglected integral batches:                   645
  direct contribution:                            0
  memory contribution:                  5350
 Memory core needed for (P|Q) and Cholesky      2 MByte
 Memory core minimum needed except of (P|Q)     1 MByte
 Total minimum memory core needed (sum)         2 MByte
  
 ****************************************
 Memory allocated for RI-J   169 MByte
 ****************************************
                                            

 DSCF restart information will be dumped onto file mos


 Starting SCF iterations

          Overall gridpoints after grid construction =         19134

 ITERATION  ENERGY          1e-ENERGY        2e-ENERGY     NORM[dD(SAO)]  TOL
   1  -345.73108050141    -1066.5925291     419.60360546    0.000D+00 0.111D-10
                            Exc = -38.1014058345     Coul =  466.746824039    
                            exK = -9.04181273964    
                              N = 53.999296303    
                            current damping = 0.300
 
          max. resid. norm for Fia-block=  5.824D-06 for orbital     24a         
          max. resid. fock norm         =  2.275D-05 for orbital    259a         

 ITERATION  ENERGY          1e-ENERGY        2e-ENERGY     NORM[dD(SAO)]  TOL
   2  -345.73108050144    -1066.5927379     419.60381424    0.357D-04 0.705D-11
                            Exc = -38.1014204120      Eck =  457.705234647    
                              N = 53.999296287    
                            current damping = 0.300
 
          Norm of current diis error: 0.75968E-04
          max. resid. norm for Fia-block=  2.615D-06 for orbital     24a         
          max. resid. fock norm         =  7.024D-06 for orbital    259a         

 ENERGY CONVERGED !

          Overall gridpoints after grid construction =         71664

 ITERATION  ENERGY          1e-ENERGY        2e-ENERGY     NORM[dD(SAO)]  TOL
   3  -345.73126221734    -1066.5926281     419.60352274    0.815D-05 0.662D-11
                            Exc = -38.1015956429      Eck =  457.705118381    
                              N = 54.000042916    
                            current damping = 0.350
 
          Norm of current diis error: 0.14847E-04
          max. resid. norm for Fia-block=  6.814D-07 for orbital     22a         
          max. resid. fock norm         =  2.472D-06 for orbital    259a         

 End of SCF iterations

   convergence criteria satisfied after     3 iterations


                  ------------------------------------------ 
                 |  total energy      =   -345.73126221734  |
                  ------------------------------------------ 
                 :  kinetic energy    =    344.23927212889  :
                 :  potential energy  =   -689.97053434624  :
                 :  virial theorem    =      1.99568453810  :
                 :  wavefunction norm =      1.00000000000  :
                  .......................................... 


 <geterg> : there is no data group $energy 


 <skperg> : $end is missing 


 orbitals $scfmo  will be written to file mos

    irrep                 23a         24a         25a         26a         27a   
 eigenvalues H         -0.37374    -0.35967    -0.30963    -0.28084    -0.27571
            eV         -10.1700     -9.7873     -8.4256     -7.6420     -7.5025
 occupation              2.0000      2.0000      2.0000      2.0000      2.0000

    irrep                 28a         29a         30a         31a         32a   
 eigenvalues H         -0.04904     0.04537     0.05967     0.06883     0.07537
            eV          -1.3345      1.2347      1.6238      1.8729      2.0510
 
 
 
 
 ==============================================================================
                           electrostatic moments
 ==============================================================================

 reference point for electrostatic moments:    0.00000   0.00000   0.00000

 
              nuc           elec       ->  total
 ------------------------------------------------------------------------------
                          charge      
 ------------------------------------------------------------------------------
          54.000000     -54.000000       0.000000
 
 ------------------------------------------------------------------------------
                       dipole moment  
 ------------------------------------------------------------------------------
   x      15.540948     -15.660194      -0.119245
   y       0.042640      -0.192962      -0.150321
   z       3.146492      -2.481892       0.664600
 
   | dipole moment | =     0.6917 a.u. =     1.7582 debye 
 
 ------------------------------------------------------------------------------
                     quadrupole moment
 ------------------------------------------------------------------------------
  xx     530.973331    -557.255812     -26.282481
  yy      29.090773     -60.870405     -31.779632
  zz     198.966906    -232.286392     -33.319486
  xy     -61.237041      60.181708      -1.055333
  xz      61.100603     -58.849898       2.250704
  yz     -51.202103      51.387631       0.185528
 
     1/3  trace=     -30.460533
     anisotropy=       7.726324
 
 ==============================================================================
 
HOMO-LUMO Separation
 HOMO         :   -0.27570950 H =     -7.50244 eV
 LUMO         :   -0.04904200 H =     -1.33450 eV
 HOMO-LUMO gap:    0.22666750 H =     +6.16794 eV
 
 ==============================================================================


    ------------------------------------------------------------------------
         total  cpu-time :  40.83 seconds
         total wall-time :   2.83 seconds
    ------------------------------------------------------------------------

   ****  ridft : all done  ****


    2026-04-15 19:55:44.091 

 ridft ended normally
