
   OpenMP run-time library returned nthreads = 16

 ridft (s02r2b46) : TURBOMOLE rev. V7-8-1 compiled 26 Feb 2024 at 17:12:58
 Copyright (C) 2024 TURBOMOLE GmbH, Karlsruhe


    2026-04-15 19:55:43.732 



                                  r i d f t

                        DFT program with RI approximation 
                                for coulomb part 





                                 References:     
                                                 
          TURBOMOLE:                             
              R. Ahlrichs, M. Baer, M. Haeser, H. Horn, and
              C. Koelmel
              Electronic structure calculations on workstation
              computers: the program system TURBOMOLE
              Chem. Phys. Lett. 162: 165 (1989)
          Density Functional:                              
              O. Treutler and R. Ahlrichs                      
              Efficient Molecular Numerical Integration Schemes
              J. Chem. Phys. 102: 346 (1995)                   
          Parallel Version:                                
              Performance of parallel TURBOMOLE for Density    
              Functional Calculations                          
              M. v. Arnim and R. Ahlrichs                      
              J. Comp. Chem. 19: 1746 (1998)                   
          RI-J Method:                                     
              Auxiliary Basis Sets to approximate Coulomb      
              Potentials                                       
              Chem. Phys. Lett. 240: 283 (1995)                
              K. Eichkorn, O. Treutler, H. Oehm, M. Haeser     
              and R. Ahlrichs                                  
              Chem. Phys. Lett. 242: 652 (1995)                
                                                           
              Auxiliary Basis Sets for Main Row Atoms and their
              Use to approximate Coulomb Potentials            
              K. Eichkorn, F. Weigend, O. Treutler and         
              R. Ahlrichs                                      
              Theo. Chem. Acc. 97: 119 (1997)                  
                                                           
              Accurate Coulomb-fitting basis sets for H to Rn 
              F. Weigend                                       
              Phys. Chem. Chem. Phys. 8: 1057 (2006)           
                                                           
          Multipole accelerated RI-J (MARI-J):             
              Fast evaluation of the Coulomb potential for     
              electron densities using multipole accelerated   
              resolution of identity approximation             
              M. Sierka, A. Hogekamp and R. Ahlrichs           
              J. Chem. Phys. 118: 9136 (2003)                  
          RI-JK Method:                                     
              A fully direct RI-HF algorithm: Implementation,
              optimised auxiliary basis sets, demonstration of
              accuracy and efficiency                         
              F. Weigend                                      
              Phys. Chem. Chem. Phys. 4: 4285 (2002)           
          Two-component HF and DFT with spin-orbit coupling:  
              Self-consistent treatment of spin-orbit         
              interactions with efficient Hartree-Fock and    
              density functional methods                      
              M. K. Armbruster, F. Weigend, C. van Wüllen and 
              W. Klopper                                      
              Phys. Chem. Chem. Phys. 10: 1748 (2008)         
          Two-component difference density and DIIS algorithm 
              Efficient two-component self-consistent field   
              procedures and gradients: implementation in     
              TURBOMOLE and application to Au20-              
              A. Baldes, F. Weigend                           
              Mol. Phys. 111: 2617 (2013)                     
          Relativistic current density functional theory      
              Current density functional framework for        
              spin-orbit coupling                             
              C. Holzer, Y. J. Franzke, A. Pausch             
              J. Chem. Phys. 157: 204102 (2022)               
          Relativistic all-electron 2c calculations           
              An efficient implementation of two-component    
              relativistic exact-decoupling methods for large 
              molecules                                       
              D. Peng, N. Middendorf, F. Weigend, M. Reiher   
              J. Chem. Phys. 138: 184105 (2013)               
          Finite nucleus model and SNSO approximation         
              Efficient implementation of one- and two-       
              component analytical energy gradients in exact  
              two-component theory                            
              Y. J. Franzke, N. Middendorf, F. Weigend        
              J. Chem. Phys. 148: 104110 (2018)               
          Grids for all-electron relativistic methods         
              Error-consistent segmented contracted all-      
              electron relativistic basis sets of double-     
              and triple-zeta quality for NMR shielding       
              constants                                       
              Y. J. Franzke, R. Tress, T. M. Pazdera,         
              F. Weigend                                      
              Phys. Chem. Chem. Phys. 21: 166658 (2019)       
          Seminumerical exchange algorithms                   
              Seminumerical calculation of the Hartree-Fock   
              exchange matirx: Application to two-component   
              procedures and efficient evaluation of local    
              hybrid functionsl                               
              P. Plessow, F. Weigend,                         
              J. Comput. Chem. 33: 810 (2012)                 
          Improved seminumerical algorithms                   
              C. Holzer,                                      
              J. Chem. Phys. 153 (2020), 184115               






          OpenMP Shared-Memory Parallelization: 16 CPUs.

            By: Christof Holzer and Yannick J. Franzke


              +--------------------------------------------------+
              |      general information about current run       |
              +--------------------------------------------------+

 
 Becke-3-Parameter hybrid functional: B3-LYP
 exchange:    0.8*LDA + 0.72*B88 + 0.2*HF
 correlation: 0.19*LDA(VWN) + 0.81*LYP
 A Hybrid-DFT calculation using the RI-J approximation will be carried out.
 Allocatable memory for RI due to $ricore (MB):                  5000


              +--------------------------------------------------+
              | Atomic coordinate, charge and isotop information |
              +--------------------------------------------------+

                    atomic coordinates            atom    charge  isotop
          1.85398942   -1.68021202    1.05637549    c      6.000     0
          3.90865481    0.18508639    0.29503735    c      6.000     0
          3.69061351    1.88454046   -1.19062129    o      8.000     0
          6.07530547   -0.32839989    1.54701287    o      8.000     0
         -0.41654445   -1.36905100   -0.25771174    o      8.000     0
         -1.84628841    0.75747132    0.48100139    c      6.000     0
         -4.42300923    0.81663454   -0.75934549    c      6.000     0
         -5.98696935    2.37363344   -0.20663636    o      8.000     0
         -4.78150132   -0.97621574   -2.51577815    o      8.000     0
          2.54017769   -3.58222364    0.64680002    h      1.000     0
          1.59673891   -1.55073109    3.11386639    h      1.000     0
          7.32712974    0.89946805    1.00856383    h      1.000     0
         -0.89542513    2.52487464   -0.02374876    h      1.000     0
         -2.16999345    0.76960687    2.52987127    h      1.000     0
         -6.47288201   -0.72448233   -3.18242126    h      1.000     0
 
       center of nuclear mass  :   -0.20023267    0.18363167   -0.18617307
       center of nuclear charge:   -0.17809920    0.16409217   -0.14940762

              +--------------------------------------------------+
              |               basis set information              |
              +--------------------------------------------------+

              we will work with the 1s 3p 5d 7f 9g ... basis set
              ...i.e. with spherical basis functions...

   type   atoms  prim   cont   basis
   ---------------------------------------------------------------------------
    c        4     46     31   def2-TZVP   [5s3p2d1f|11s6p2d1f]
    o        5     46     31   def2-TZVP   [5s3p2d1f|11s6p2d1f]
    h        6      8      6   def2-TZVP   [3s1p|5s1p]
   ---------------------------------------------------------------------------
   total:   15    462    315
   ---------------------------------------------------------------------------

   total number of primitive shells          :   46
   total number of contracted shells         :  123
   total number of cartesian basis functions :  360
   total number of SCF-basis functions       :  315


 integral neglect threshold       :  0.93E-11
 integral storage threshold THIZE :  0.10E-04
 integral storage threshold THIME :         5

 RI-J AUXILIARY BASIS SET information:

              we will work with the 1s 3p 5d 7f 9g ... basis set
              ...i.e. with spherical basis functions...

   type   atoms  prim   cont   basis
   ---------------------------------------------------------------------------
    c        4     70     49   def2-TZVP   [6s4p3d1f1g|12s5p4d2f1g]
    o        5     70     49   def2-TZVP   [6s4p3d1f1g|12s5p4d2f1g]
    h        6     16     11   def2-TZVP   [3s1p1d|5s2p1d]
   ---------------------------------------------------------------------------
   total:   15    726    507
   ---------------------------------------------------------------------------

   total number of primitive shells          :   56
   total number of contracted shells         :  165
   total number of cartesian basis functions :  621
   total number of SCF-basis functions       :  507


 symmetry group of the molecule :   c1 

 the group has the following generators :
   c1(z)

    1 symmetry operations found

 there are 1 real representations :   a   

 maximum number of shells which are related by symmetry :  1

  
           ------------------
           density functional
           ------------------
 Becke-3-Parameter hybrid functional: B3-LYP
 exchange:    0.8*LDA + 0.72*B88 + 0.2*HF
 correlation: 0.19*LDA(VWN) + 0.81*LYP
 iterations will be done with small grid
  
 spherical integration : Lebedev's spherical grid
 spherical gridsize    :                     3
    i.e. gridpoints    :                   302
  maximum batchsize    :                   100
 value for diffuse not defined
 radial integration    : Chebyshev 2nd kind (scaling 3)
 radial gridsize       :                     3
 integration cells     :                    15
 partition function    : becke
 partition sharpness   :                     3
  

 biggest AO integral is expected to be     7.998976882

          ------------------------
          nuclear repulsion energy  :   453.997545594    
          ------------------------


         -----------------
         -S,T+V- integrals
         -----------------

 1e-integrals will be neglected if expon. factor < 0.928323E-12
 
 Difference densities algorithm switched on.
 The maximal number of linear combinations of
 difference densities is  20.

 DIIS switched on: error vector is FDS-SDF
 Max. Iterations for DIIS is     :   4
 DIIS matrix (see manual) 
    Scaling factor of diagonals  :  1.200
    threshold for scaling factor :  0.000

 scf convergence criterion : increment of total energy < .1000000D-06
                  and increment of one-electron energy < .1000000D-03

 MOs are in ASCII format !


    mo occupation :
   irrep   mo's   occupied
    a      315       35
 
 number of basis functions   :   315
 number of occupied orbitals :    35
 

 reading orbital data $scfmo  from file mos
 orbital characterization : scfconv=7
 mo-orthogonalization by Cholesky decomposition

 automatic virtual orbital shift switched on 
      shift if e(lumo)-e(homo) < 0.10000000    

  
           ------------------------
               RI-J - INFORMATION
           ------------------------
 Contributions to RI integral batches: 
  neglected integral batches:                  1380
  direct contribution:                            0
  memory contribution:                  6246
 Memory core needed for (P|Q) and Cholesky      2 MByte
 Memory core minimum needed except of (P|Q)     1 MByte
 Total minimum memory core needed (sum)         3 MByte
  
 ****************************************
 Memory allocated for RI-J   253 MByte
 ****************************************
                                            

 DSCF restart information will be dumped onto file mos


 Starting SCF iterations

          Overall gridpoints after grid construction =         21093

 ITERATION  ENERGY          1e-ENERGY        2e-ENERGY     NORM[dD(SAO)]  TOL
   1  -532.13483619501    -1629.2286516     643.09626978    0.000D+00 0.926D-11
                            Exc = -53.9126945938     Coul =  709.813744547    
                            exK = -12.8047801678    
                              N = 70.000269351    
                            current damping = 0.300
 
          max. resid. norm for Fia-block=  4.622D-05 for orbital     34a         
          max. resid. fock norm         =  1.160D-04 for orbital    314a         

 ITERATION  ENERGY          1e-ENERGY        2e-ENERGY     NORM[dD(SAO)]  TOL
   2  -532.13483618367    -1629.2290530     643.09667123    0.268D-03 0.587D-11
                            Exc = -53.9126935429      Eck =  697.009364774    
                              N = 70.000269388    
                            current damping = 0.300
 
          Norm of current diis error: 0.64633E-03
          max. resid. norm for Fia-block=  2.050D-05 for orbital     32a         
          max. resid. fock norm         =  4.066D-05 for orbital    314a         

 ENERGY CONVERGED !

          Overall gridpoints after grid construction =         77022

 ITERATION  ENERGY          1e-ENERGY        2e-ENERGY     NORM[dD(SAO)]  TOL
   3  -532.13481871100    -1629.2288142     643.09644986    0.301D-04 0.554D-11
                            Exc = -53.9126752977      Eck =  697.009125161    
                              N = 69.999979968    
                            current damping = 0.350
 
          Norm of current diis error: 0.18766E-03
          max. resid. norm for Fia-block=  6.170D-06 for orbital     34a         
          max. resid. fock norm         =  1.129D-05 for orbital    314a         

 End of SCF iterations

   convergence criteria satisfied after     3 iterations


                  ------------------------------------------ 
                 |  total energy      =   -532.13481871100  |
                  ------------------------------------------ 
                 :  kinetic energy    =    530.08002162912  :
                 :  potential energy  =  -1062.21484034013  :
                 :  virial theorem    =      1.99613857803  :
                 :  wavefunction norm =      1.00000000000  :
                  .......................................... 


 <geterg> : there is no data group $energy 


 <skperg> : $end is missing 


 orbitals $scfmo  will be written to file mos

    irrep                 31a         32a         33a         34a         35a   
 eigenvalues H         -0.34676    -0.33488    -0.31380    -0.29239    -0.28058
            eV          -9.4360     -9.1127     -8.5391     -7.9565     -7.6351
 occupation              2.0000      2.0000      2.0000      2.0000      2.0000

    irrep                 36a         37a         38a         39a         40a   
 eigenvalues H         -0.01484    -0.00289     0.01829     0.02639     0.04474
            eV          -0.4038     -0.0788      0.4976      0.7180      1.2174
 
 
 
 
 ==============================================================================
                           electrostatic moments
 ==============================================================================

 reference point for electrostatic moments:    0.00000   0.00000   0.00000

 
              nuc           elec       ->  total
 ------------------------------------------------------------------------------
                          charge      
 ------------------------------------------------------------------------------
          70.000000     -70.000000      -0.000000
 
 ------------------------------------------------------------------------------
                       dipole moment  
 ------------------------------------------------------------------------------
   x     -12.466944      13.214911       0.747968
   y      11.486452     -12.083682      -0.597230
   z     -10.458533      10.946229       0.487696
 
   | dipole moment | =     1.0742 a.u. =     2.7304 debye 
 
 ------------------------------------------------------------------------------
                     quadrupole moment
 ------------------------------------------------------------------------------
  xx    1235.497918   -1269.944604     -34.446687
  yy     145.092624    -186.231988     -41.139364
  zz     121.718650    -159.134310     -37.415660
  xy     -80.742101      84.798077       4.055976
  xz     209.654178    -205.409882       4.244296
  yz     -17.370704      18.000780       0.630075
 
     1/3  trace=     -37.667237
     anisotropy=      11.761050
 
 ==============================================================================
 
HOMO-LUMO Separation
 HOMO         :   -0.28058125 H =     -7.63501 eV
 LUMO         :   -0.01483754 H =     -0.40375 eV
 HOMO-LUMO gap:    0.26574371 H =     +7.23126 eV
 
 ==============================================================================


    ------------------------------------------------------------------------
         total  cpu-time :  52.97 seconds
         total wall-time :   3.54 seconds
    ------------------------------------------------------------------------

   ****  ridft : all done  ****


    2026-04-15 19:55:47.241 

 ridft ended normally
