
   OpenMP run-time library returned nthreads = 16

 ridft (s02r2b25) : TURBOMOLE rev. V7-8-1 compiled 26 Feb 2024 at 17:12:58
 Copyright (C) 2024 TURBOMOLE GmbH, Karlsruhe


    2026-04-15 19:56:25.850 



                                  r i d f t

                        DFT program with RI approximation 
                                for coulomb part 





                                 References:     
                                                 
          TURBOMOLE:                             
              R. Ahlrichs, M. Baer, M. Haeser, H. Horn, and
              C. Koelmel
              Electronic structure calculations on workstation
              computers: the program system TURBOMOLE
              Chem. Phys. Lett. 162: 165 (1989)
          Density Functional:                              
              O. Treutler and R. Ahlrichs                      
              Efficient Molecular Numerical Integration Schemes
              J. Chem. Phys. 102: 346 (1995)                   
          Parallel Version:                                
              Performance of parallel TURBOMOLE for Density    
              Functional Calculations                          
              M. v. Arnim and R. Ahlrichs                      
              J. Comp. Chem. 19: 1746 (1998)                   
          RI-J Method:                                     
              Auxiliary Basis Sets to approximate Coulomb      
              Potentials                                       
              Chem. Phys. Lett. 240: 283 (1995)                
              K. Eichkorn, O. Treutler, H. Oehm, M. Haeser     
              and R. Ahlrichs                                  
              Chem. Phys. Lett. 242: 652 (1995)                
                                                           
              Auxiliary Basis Sets for Main Row Atoms and their
              Use to approximate Coulomb Potentials            
              K. Eichkorn, F. Weigend, O. Treutler and         
              R. Ahlrichs                                      
              Theo. Chem. Acc. 97: 119 (1997)                  
                                                           
              Accurate Coulomb-fitting basis sets for H to Rn 
              F. Weigend                                       
              Phys. Chem. Chem. Phys. 8: 1057 (2006)           
                                                           
          Multipole accelerated RI-J (MARI-J):             
              Fast evaluation of the Coulomb potential for     
              electron densities using multipole accelerated   
              resolution of identity approximation             
              M. Sierka, A. Hogekamp and R. Ahlrichs           
              J. Chem. Phys. 118: 9136 (2003)                  
          RI-JK Method:                                     
              A fully direct RI-HF algorithm: Implementation,
              optimised auxiliary basis sets, demonstration of
              accuracy and efficiency                         
              F. Weigend                                      
              Phys. Chem. Chem. Phys. 4: 4285 (2002)           
          Two-component HF and DFT with spin-orbit coupling:  
              Self-consistent treatment of spin-orbit         
              interactions with efficient Hartree-Fock and    
              density functional methods                      
              M. K. Armbruster, F. Weigend, C. van Wüllen and 
              W. Klopper                                      
              Phys. Chem. Chem. Phys. 10: 1748 (2008)         
          Two-component difference density and DIIS algorithm 
              Efficient two-component self-consistent field   
              procedures and gradients: implementation in     
              TURBOMOLE and application to Au20-              
              A. Baldes, F. Weigend                           
              Mol. Phys. 111: 2617 (2013)                     
          Relativistic current density functional theory      
              Current density functional framework for        
              spin-orbit coupling                             
              C. Holzer, Y. J. Franzke, A. Pausch             
              J. Chem. Phys. 157: 204102 (2022)               
          Relativistic all-electron 2c calculations           
              An efficient implementation of two-component    
              relativistic exact-decoupling methods for large 
              molecules                                       
              D. Peng, N. Middendorf, F. Weigend, M. Reiher   
              J. Chem. Phys. 138: 184105 (2013)               
          Finite nucleus model and SNSO approximation         
              Efficient implementation of one- and two-       
              component analytical energy gradients in exact  
              two-component theory                            
              Y. J. Franzke, N. Middendorf, F. Weigend        
              J. Chem. Phys. 148: 104110 (2018)               
          Grids for all-electron relativistic methods         
              Error-consistent segmented contracted all-      
              electron relativistic basis sets of double-     
              and triple-zeta quality for NMR shielding       
              constants                                       
              Y. J. Franzke, R. Tress, T. M. Pazdera,         
              F. Weigend                                      
              Phys. Chem. Chem. Phys. 21: 166658 (2019)       
          Seminumerical exchange algorithms                   
              Seminumerical calculation of the Hartree-Fock   
              exchange matirx: Application to two-component   
              procedures and efficient evaluation of local    
              hybrid functionsl                               
              P. Plessow, F. Weigend,                         
              J. Comput. Chem. 33: 810 (2012)                 
          Improved seminumerical algorithms                   
              C. Holzer,                                      
              J. Chem. Phys. 153 (2020), 184115               






          OpenMP Shared-Memory Parallelization: 16 CPUs.

            By: Christof Holzer and Yannick J. Franzke


              +--------------------------------------------------+
              |      general information about current run       |
              +--------------------------------------------------+

 
 Becke-3-Parameter hybrid functional: B3-LYP
 exchange:    0.8*LDA + 0.72*B88 + 0.2*HF
 correlation: 0.19*LDA(VWN) + 0.81*LYP
 A Hybrid-DFT calculation using the RI-J approximation will be carried out.
 Allocatable memory for RI due to $ricore (MB):                  5000


              +--------------------------------------------------+
              | Atomic coordinate, charge and isotop information |
              +--------------------------------------------------+

                    atomic coordinates            atom    charge  isotop
          3.19300039   -0.68935069    0.33539811    c      6.000     0
          0.68415681   -2.12217575    0.58799037    c      6.000     0
         -1.43447050   -0.54917986    1.81071147    c      6.000     0
         -2.71510240    1.23080569   -0.08459703    c      6.000     0
         -3.42388110   -0.21898300   -2.49357222    c      6.000     0
         -1.06101224   -1.50921409   -3.55618196    c      6.000     0
         -0.02593957   -3.20466450   -1.75615207    o      8.000     0
         -1.60960424   -2.95225994   -5.67997708    o      8.000     0
         -4.58806723    1.28075252   -4.49565201    n      7.000     0
         -4.82192190    2.45452976    1.02644987    o      8.000     0
         -3.41328073   -2.13121163    2.75440305    o      8.000     0
          4.08435834   -0.23795917    2.89986501    o      8.000     0
          6.76760972    1.03542016    3.29650778    s     16.000     0
          8.51026757    0.06506681    1.49786507    o      8.000     0
          7.19229813    0.98584742    5.95211981    o      8.000     0
          6.23855863    3.89303530    2.45522798    o      8.000     0
          3.01120643    1.12633333   -0.62269652    h      1.000     0
          4.55617513   -1.86110179   -0.66435208    h      1.000     0
          1.05696227   -3.73845438    1.81962173    h      1.000     0
         -0.63725338    0.56745571    3.35910906    h      1.000     0
         -1.38994823    2.74029114   -0.58571059    h      1.000     0
         -4.74189777   -1.72847914   -1.99369564    h      1.000     0
          0.37309583   -0.06832554   -4.04007431    h      1.000     0
         -3.05367209   -2.14799040   -6.47325772    h      1.000     0
         -6.31240012    1.90135571   -3.94303316    h      1.000     0
         -3.54153577    2.84151588   -4.89090578    h      1.000     0
         -5.68197447    1.19397308    2.03424623    h      1.000     0
         -2.84510267   -2.99104890    4.25369780    h      1.000     0
          5.62937517    4.83401629    3.90530696    h      1.000     0
 
       center of nuclear mass  :    1.31298344   -0.04070309    0.54149856
       center of nuclear charge:    1.20060552   -0.02917634    0.48698325

              +--------------------------------------------------+
              |               basis set information              |
              +--------------------------------------------------+

              we will work with the 1s 3p 5d 7f 9g ... basis set
              ...i.e. with spherical basis functions...

   type   atoms  prim   cont   basis
   ---------------------------------------------------------------------------
    c        6     46     31   def2-TZVP   [5s3p2d1f|11s6p2d1f]
    o        8     46     31   def2-TZVP   [5s3p2d1f|11s6p2d1f]
    n        1     46     31   def2-TZVP   [5s3p2d1f|11s6p2d1f]
    s        1     63     37   def2-TZVP   [5s5p2d1f|14s9p3d1f]
    h       13      8      6   def2-TZVP   [3s1p|5s1p]
   ---------------------------------------------------------------------------
   total:   29    857    580
   ---------------------------------------------------------------------------

   total number of primitive shells          :   93
   total number of contracted shells         :  230
   total number of cartesian basis functions :  660
   total number of SCF-basis functions       :  580


 integral neglect threshold       :  0.51E-11
 integral storage threshold THIZE :  0.10E-04
 integral storage threshold THIME :         5

 RI-J AUXILIARY BASIS SET information:

              we will work with the 1s 3p 5d 7f 9g ... basis set
              ...i.e. with spherical basis functions...

   type   atoms  prim   cont   basis
   ---------------------------------------------------------------------------
    c        6     70     49   def2-TZVP   [6s4p3d1f1g|12s5p4d2f1g]
    o        8     70     49   def2-TZVP   [6s4p3d1f1g|12s5p4d2f1g]
    n        1     70     49   def2-TZVP   [6s4p3d1f1g|12s5p4d2f1g]
    s        1     77     51   def2-TZVP   [8s4p3d1f1g|14s5p5d2f1g]
    h       13     16     11   def2-TZVP   [3s1p1d|5s2p1d]
   ---------------------------------------------------------------------------
   total:   29   1335    929
   ---------------------------------------------------------------------------

   total number of primitive shells          :  107
   total number of contracted shells         :  307
   total number of cartesian basis functions : 1134
   total number of SCF-basis functions       :  929


 symmetry group of the molecule :   c1 

 the group has the following generators :
   c1(z)

    1 symmetry operations found

 there are 1 real representations :   a   

 maximum number of shells which are related by symmetry :  1

  
           ------------------
           density functional
           ------------------
 Becke-3-Parameter hybrid functional: B3-LYP
 exchange:    0.8*LDA + 0.72*B88 + 0.2*HF
 correlation: 0.19*LDA(VWN) + 0.81*LYP
 iterations will be done with small grid
  
 spherical integration : Lebedev's spherical grid
 spherical gridsize    :                     3
    i.e. gridpoints    :                   302
  maximum batchsize    :                   100
 value for diffuse not defined
 radial integration    : Chebyshev 2nd kind (scaling 3)
 radial gridsize       :                     3
 integration cells     :                    29
 partition function    : becke
 partition sharpness   :                     3
  

 biggest AO integral is expected to be     9.804440325

          ------------------------
          nuclear repulsion energy  :   1445.26066450    
          ------------------------


         -----------------
         -S,T+V- integrals
         -----------------

 1e-integrals will be neglected if expon. factor < 0.506358E-12
 
 Difference densities algorithm switched on.
 The maximal number of linear combinations of
 difference densities is  20.

 DIIS switched on: error vector is FDS-SDF
 Max. Iterations for DIIS is     :   4
 DIIS matrix (see manual) 
    Scaling factor of diagonals  :  1.200
    threshold for scaling factor :  0.000

 scf convergence criterion : increment of total energy < .1000000D-06
                  and increment of one-electron energy < .1000000D-03

 MOs are in ASCII format !


    mo occupation :
   irrep   mo's   occupied
    a      580       68
 
 number of basis functions   :   580
 number of occupied orbitals :    68
 

 reading orbital data $scfmo  from file mos
 orbital characterization : scfconv=7
 mo-orthogonalization by Cholesky decomposition

 automatic virtual orbital shift switched on 
      shift if e(lumo)-e(homo) < 0.10000000    

  
           ------------------------
               RI-J - INFORMATION
           ------------------------
 Contributions to RI integral batches: 
  neglected integral batches:                  7510
  direct contribution:                            0
  memory contribution:                 19055
 Memory core needed for (P|Q) and Cholesky      7 MByte
 Memory core minimum needed except of (P|Q)     2 MByte
 Total minimum memory core needed (sum)         9 MByte
  
 ****************************************
 Memory allocated for RI-J  1324 MByte
 ****************************************
                                            

 DSCF restart information will be dumped onto file mos


 Starting SCF iterations

          Overall gridpoints after grid construction =         38995

 ITERATION  ENERGY          1e-ENERGY        2e-ENERGY     NORM[dD(SAO)]  TOL
   1  -1291.0527108309    -4647.0168889     1910.7035136    0.000D+00 0.505D-11
                            Exc = -111.996058309     Coul =  2049.39761569    
                            exK = -26.6980438124    
                              N = 135.99433042    
                            current damping = 0.300
 
          max. resid. norm for Fia-block=  2.834D-05 for orbital     62a         
          max. resid. fock norm         =  8.772D-05 for orbital    575a         

 ITERATION  ENERGY          1e-ENERGY        2e-ENERGY     NORM[dD(SAO)]  TOL
   2  -1291.0527108300    -4647.0170448     1910.7036695    0.198D-03 0.320D-11
                            Exc = -111.996055183      Eck =  2022.69972469    
                              N = 135.99433045    
                            current damping = 0.300
 
          Norm of current diis error: 0.35682E-03
          max. resid. norm for Fia-block=  1.203D-05 for orbital     62a         
          max. resid. fock norm         =  3.887D-05 for orbital    575a         

 ENERGY CONVERGED !

          Overall gridpoints after grid construction =        142630

 ITERATION  ENERGY          1e-ENERGY        2e-ENERGY     NORM[dD(SAO)]  TOL
   3  -1291.0540730200    -4647.0170020     1910.7022645    0.484D-04 0.298D-11
                            Exc = -111.997419830      Eck =  2022.69968436    
                              N = 136.00010386    
                            current damping = 0.350
 
          Norm of current diis error: 0.91879E-04
          max. resid. norm for Fia-block=  4.050D-06 for orbital     62a         
          max. resid. fock norm         =  1.283D-05 for orbital    575a         

 End of SCF iterations

   convergence criteria satisfied after     3 iterations


                  ------------------------------------------ 
                 |  total energy      =  -1291.05407301995  |
                  ------------------------------------------ 
                 :  kinetic energy    =   1286.85753633031  :
                 :  potential energy  =  -2577.91160935027  :
                 :  virial theorem    =      1.99674952678  :
                 :  wavefunction norm =      1.00000000000  :
                  .......................................... 


 <geterg> : there is no data group $energy 


 <skperg> : $end is missing 


 orbitals $scfmo  will be written to file mos

    irrep                 64a         65a         66a         67a         68a   
 eigenvalues H         -0.31849    -0.30827    -0.29861    -0.28287    -0.25746
            eV          -8.6667     -8.3886     -8.1257     -7.6973     -7.0060
 occupation              2.0000      2.0000      2.0000      2.0000      2.0000

    irrep                 69a         70a         71a         72a         73a   
 eigenvalues H         -0.00970     0.00499     0.01890     0.02856     0.04183
            eV          -0.2638      0.1357      0.5142      0.7771      1.1383
 
 
 
 
 ==============================================================================
                           electrostatic moments
 ==============================================================================

 reference point for electrostatic moments:    0.00000   0.00000   0.00000

 
              nuc           elec       ->  total
 ------------------------------------------------------------------------------
                          charge      
 ------------------------------------------------------------------------------
         136.000000    -136.000000      -0.000000
 
 ------------------------------------------------------------------------------
                       dipole moment  
 ------------------------------------------------------------------------------
   x     163.282351    -164.511816      -1.229465
   y      -3.967983       5.114777       1.146794
   z      66.229722     -65.675280       0.554442
 
   | dipole moment | =     1.7703 a.u. =     4.4998 debye 
 
 ------------------------------------------------------------------------------
                     quadrupole moment
 ------------------------------------------------------------------------------
  xx    3005.486037   -3093.547875     -88.061838
  yy     528.864310    -603.497309     -74.632999
  zz    1374.678750   -1452.409616     -77.730866
  xy     306.107286    -302.719031       3.388255
  xz    1254.216740   -1257.886509      -3.669769
  yz     304.206201    -309.246705      -5.040505
 
     1/3  trace=     -80.141901
     anisotropy=      17.302954
 
 ==============================================================================
 
HOMO-LUMO Separation
 HOMO         :   -0.25746387 H =     -7.00595 eV
 LUMO         :   -0.00969564 H =     -0.26383 eV
 HOMO-LUMO gap:    0.24776824 H =     +6.74212 eV
 
 ==============================================================================


    ------------------------------------------------------------------------
         total  cpu-time :  3 minutes and 41 seconds
         total wall-time :  14.02 seconds
    ------------------------------------------------------------------------

   ****  ridft : all done  ****


    2026-04-15 19:56:39.840 

 ridft ended normally
