
   OpenMP run-time library returned nthreads = 16

 ridft (s02r2b14) : TURBOMOLE rev. V7-8-1 compiled 26 Feb 2024 at 17:12:58
 Copyright (C) 2024 TURBOMOLE GmbH, Karlsruhe


    2026-04-15 19:55:52.946 



                                  r i d f t

                        DFT program with RI approximation 
                                for coulomb part 





                                 References:     
                                                 
          TURBOMOLE:                             
              R. Ahlrichs, M. Baer, M. Haeser, H. Horn, and
              C. Koelmel
              Electronic structure calculations on workstation
              computers: the program system TURBOMOLE
              Chem. Phys. Lett. 162: 165 (1989)
          Density Functional:                              
              O. Treutler and R. Ahlrichs                      
              Efficient Molecular Numerical Integration Schemes
              J. Chem. Phys. 102: 346 (1995)                   
          Parallel Version:                                
              Performance of parallel TURBOMOLE for Density    
              Functional Calculations                          
              M. v. Arnim and R. Ahlrichs                      
              J. Comp. Chem. 19: 1746 (1998)                   
          RI-J Method:                                     
              Auxiliary Basis Sets to approximate Coulomb      
              Potentials                                       
              Chem. Phys. Lett. 240: 283 (1995)                
              K. Eichkorn, O. Treutler, H. Oehm, M. Haeser     
              and R. Ahlrichs                                  
              Chem. Phys. Lett. 242: 652 (1995)                
                                                           
              Auxiliary Basis Sets for Main Row Atoms and their
              Use to approximate Coulomb Potentials            
              K. Eichkorn, F. Weigend, O. Treutler and         
              R. Ahlrichs                                      
              Theo. Chem. Acc. 97: 119 (1997)                  
                                                           
              Accurate Coulomb-fitting basis sets for H to Rn 
              F. Weigend                                       
              Phys. Chem. Chem. Phys. 8: 1057 (2006)           
                                                           
          Multipole accelerated RI-J (MARI-J):             
              Fast evaluation of the Coulomb potential for     
              electron densities using multipole accelerated   
              resolution of identity approximation             
              M. Sierka, A. Hogekamp and R. Ahlrichs           
              J. Chem. Phys. 118: 9136 (2003)                  
          RI-JK Method:                                     
              A fully direct RI-HF algorithm: Implementation,
              optimised auxiliary basis sets, demonstration of
              accuracy and efficiency                         
              F. Weigend                                      
              Phys. Chem. Chem. Phys. 4: 4285 (2002)           
          Two-component HF and DFT with spin-orbit coupling:  
              Self-consistent treatment of spin-orbit         
              interactions with efficient Hartree-Fock and    
              density functional methods                      
              M. K. Armbruster, F. Weigend, C. van Wüllen and 
              W. Klopper                                      
              Phys. Chem. Chem. Phys. 10: 1748 (2008)         
          Two-component difference density and DIIS algorithm 
              Efficient two-component self-consistent field   
              procedures and gradients: implementation in     
              TURBOMOLE and application to Au20-              
              A. Baldes, F. Weigend                           
              Mol. Phys. 111: 2617 (2013)                     
          Relativistic current density functional theory      
              Current density functional framework for        
              spin-orbit coupling                             
              C. Holzer, Y. J. Franzke, A. Pausch             
              J. Chem. Phys. 157: 204102 (2022)               
          Relativistic all-electron 2c calculations           
              An efficient implementation of two-component    
              relativistic exact-decoupling methods for large 
              molecules                                       
              D. Peng, N. Middendorf, F. Weigend, M. Reiher   
              J. Chem. Phys. 138: 184105 (2013)               
          Finite nucleus model and SNSO approximation         
              Efficient implementation of one- and two-       
              component analytical energy gradients in exact  
              two-component theory                            
              Y. J. Franzke, N. Middendorf, F. Weigend        
              J. Chem. Phys. 148: 104110 (2018)               
          Grids for all-electron relativistic methods         
              Error-consistent segmented contracted all-      
              electron relativistic basis sets of double-     
              and triple-zeta quality for NMR shielding       
              constants                                       
              Y. J. Franzke, R. Tress, T. M. Pazdera,         
              F. Weigend                                      
              Phys. Chem. Chem. Phys. 21: 166658 (2019)       
          Seminumerical exchange algorithms                   
              Seminumerical calculation of the Hartree-Fock   
              exchange matirx: Application to two-component   
              procedures and efficient evaluation of local    
              hybrid functionsl                               
              P. Plessow, F. Weigend,                         
              J. Comput. Chem. 33: 810 (2012)                 
          Improved seminumerical algorithms                   
              C. Holzer,                                      
              J. Chem. Phys. 153 (2020), 184115               






          OpenMP Shared-Memory Parallelization: 16 CPUs.

            By: Christof Holzer and Yannick J. Franzke


              +--------------------------------------------------+
              |      general information about current run       |
              +--------------------------------------------------+

 
 Becke-3-Parameter hybrid functional: B3-LYP
 exchange:    0.8*LDA + 0.72*B88 + 0.2*HF
 correlation: 0.19*LDA(VWN) + 0.81*LYP
 A Hybrid-DFT calculation using the RI-J approximation will be carried out.
 Allocatable memory for RI due to $ricore (MB):                  5000


              +--------------------------------------------------+
              | Atomic coordinate, charge and isotop information |
              +--------------------------------------------------+

                    atomic coordinates            atom    charge  isotop
          4.33002453   -4.58230987   -0.89421702    c      6.000     0
          3.69964631   -1.79115884   -0.63412036    c      6.000     0
          0.88352084   -1.30435100   -1.04897478    c      6.000     0
         -0.36404285   -2.26793395   -2.68431295    o      8.000     0
         -0.03675396    0.43157071    0.59261387    o      8.000     0
         -2.60724304    1.19508092    0.23405666    c      6.000     0
         -3.45963691    2.52550044    2.63845089    c      6.000     0
         -2.78303909    2.93562038   -2.05916596    c      6.000     0
         -1.04028996    3.96609520   -3.07627165    o      8.000     0
         -5.21494648    3.22639272   -2.76799151    o      8.000     0
          4.59816054   -0.94419696    1.73797451    o      8.000     0
          3.43421846   -5.66026240    0.61767924    h      1.000     0
          6.36924314   -4.83562918   -0.75733545    h      1.000     0
          3.67595151   -5.29961170   -2.70767774    h      1.000     0
          4.62744460   -0.74296186   -2.17372091    h      1.000     0
         -3.76499633   -0.46723274   -0.14374092    h      1.000     0
         -5.42197597    3.12182382    2.45788875    h      1.000     0
         -3.30258493    1.23503314    4.23557749    h      1.000     0
         -2.28900642    4.18098372    3.00994420    h      1.000     0
         -5.23661833    4.37106426   -4.20106098    h      1.000     0
          3.90292059    0.70647943    2.07274453    h      1.000     0
 
       center of nuclear mass  :   -0.18597255    0.33858910   -0.72726825
       center of nuclear charge:   -0.16382267    0.29971396   -0.67159799

              +--------------------------------------------------+
              |               basis set information              |
              +--------------------------------------------------+

              we will work with the 1s 3p 5d 7f 9g ... basis set
              ...i.e. with spherical basis functions...

   type   atoms  prim   cont   basis
   ---------------------------------------------------------------------------
    c        6     46     31   def2-TZVP   [5s3p2d1f|11s6p2d1f]
    o        5     46     31   def2-TZVP   [5s3p2d1f|11s6p2d1f]
    h       10      8      6   def2-TZVP   [3s1p|5s1p]
   ---------------------------------------------------------------------------
   total:   21    586    401
   ---------------------------------------------------------------------------

   total number of primitive shells          :   46
   total number of contracted shells         :  161
   total number of cartesian basis functions :  456
   total number of SCF-basis functions       :  401


 integral neglect threshold       :  0.73E-11
 integral storage threshold THIZE :  0.10E-04
 integral storage threshold THIME :         5

 RI-J AUXILIARY BASIS SET information:

              we will work with the 1s 3p 5d 7f 9g ... basis set
              ...i.e. with spherical basis functions...

   type   atoms  prim   cont   basis
   ---------------------------------------------------------------------------
    c        6     70     49   def2-TZVP   [6s4p3d1f1g|12s5p4d2f1g]
    o        5     70     49   def2-TZVP   [6s4p3d1f1g|12s5p4d2f1g]
    h       10     16     11   def2-TZVP   [3s1p1d|5s2p1d]
   ---------------------------------------------------------------------------
   total:   21    930    649
   ---------------------------------------------------------------------------

   total number of primitive shells          :   56
   total number of contracted shells         :  215
   total number of cartesian basis functions :  791
   total number of SCF-basis functions       :  649


 symmetry group of the molecule :   c1 

 the group has the following generators :
   c1(z)

    1 symmetry operations found

 there are 1 real representations :   a   

 maximum number of shells which are related by symmetry :  1

  
           ------------------
           density functional
           ------------------
 Becke-3-Parameter hybrid functional: B3-LYP
 exchange:    0.8*LDA + 0.72*B88 + 0.2*HF
 correlation: 0.19*LDA(VWN) + 0.81*LYP
 iterations will be done with small grid
  
 spherical integration : Lebedev's spherical grid
 spherical gridsize    :                     3
    i.e. gridpoints    :                   302
  maximum batchsize    :                   100
 value for diffuse not defined
 radial integration    : Chebyshev 2nd kind (scaling 3)
 radial gridsize       :                     3
 integration cells     :                    21
 partition function    : becke
 partition sharpness   :                     3
  

 biggest AO integral is expected to be     7.998976882

          ------------------------
          nuclear repulsion energy  :   663.852490701    
          ------------------------


         -----------------
         -S,T+V- integrals
         -----------------

 1e-integrals will be neglected if expon. factor < 0.732886E-12
 
 Difference densities algorithm switched on.
 The maximal number of linear combinations of
 difference densities is  20.

 DIIS switched on: error vector is FDS-SDF
 Max. Iterations for DIIS is     :   4
 DIIS matrix (see manual) 
    Scaling factor of diagonals  :  1.200
    threshold for scaling factor :  0.000

 scf convergence criterion : increment of total energy < .1000000D-06
                  and increment of one-electron energy < .1000000D-03

 MOs are in ASCII format !


    mo occupation :
   irrep   mo's   occupied
    a      401       43
 
 number of basis functions   :   401
 number of occupied orbitals :    43
 

 reading orbital data $scfmo  from file mos
 orbital characterization : scfconv=7
 mo-orthogonalization by Cholesky decomposition

 automatic virtual orbital shift switched on 
      shift if e(lumo)-e(homo) < 0.10000000    

  
           ------------------------
               RI-J - INFORMATION
           ------------------------
 Contributions to RI integral batches: 
  neglected integral batches:                  2570
  direct contribution:                            0
  memory contribution:                 10471
 Memory core needed for (P|Q) and Cholesky      4 MByte
 Memory core minimum needed except of (P|Q)     1 MByte
 Total minimum memory core needed (sum)         5 MByte
  
 ****************************************
 Memory allocated for RI-J   518 MByte
 ****************************************
                                            

 DSCF restart information will be dumped onto file mos


 Starting SCF iterations

          Overall gridpoints after grid construction =         27753

 ITERATION  ENERGY          1e-ENERGY        2e-ENERGY     NORM[dD(SAO)]  TOL
   1  -610.74317923524    -2152.5392701     877.94360020    0.000D+00 0.731D-11
                            Exc = -63.8849168115     Coul =  956.997349614    
                            exK = -15.1688326034    
                              N = 85.999985837    
                            current damping = 0.300
 
          max. resid. norm for Fia-block=  3.844D-05 for orbital     27a         
          max. resid. fock norm         =  9.469D-05 for orbital    399a         

 ITERATION  ENERGY          1e-ENERGY        2e-ENERGY     NORM[dD(SAO)]  TOL
   2  -610.74317923245    -2152.5390841     877.94341415    0.238D-03 0.464D-11
                            Exc = -63.8848245062      Eck =  941.828238655    
                              N = 85.999985910    
                            current damping = 0.300
 
          Norm of current diis error: 0.54789E-03
          max. resid. norm for Fia-block=  1.634D-05 for orbital     27a         
          max. resid. fock norm         =  3.974D-05 for orbital    399a         

 ENERGY CONVERGED !

          Overall gridpoints after grid construction =        102606

 ITERATION  ENERGY          1e-ENERGY        2e-ENERGY     NORM[dD(SAO)]  TOL
   3  -610.74316104781    -2152.5390900     877.94343824    0.410D-04 0.435D-11
                            Exc = -63.8848406570      Eck =  941.828278895    
                              N = 86.000034732    
                            current damping = 0.350
 
          Norm of current diis error: 0.15726E-03
          max. resid. norm for Fia-block=  4.679D-06 for orbital     40a         
          max. resid. fock norm         =  9.555D-06 for orbital    400a         

 End of SCF iterations

   convergence criteria satisfied after     3 iterations


                  ------------------------------------------ 
                 |  total energy      =   -610.74316104781  |
                  ------------------------------------------ 
                 :  kinetic energy    =    608.28042281838  :
                 :  potential energy  =  -1219.02358386619  :
                 :  virial theorem    =      1.99596763683  :
                 :  wavefunction norm =      1.00000000000  :
                  .......................................... 


 <geterg> : there is no data group $energy 


 <skperg> : $end is missing 


 orbitals $scfmo  will be written to file mos

    irrep                 39a         40a         41a         42a         43a   
 eigenvalues H         -0.34513    -0.33357    -0.30734    -0.29843    -0.27247
            eV          -9.3916     -9.0770     -8.3631     -8.1208     -7.4145
 occupation              2.0000      2.0000      2.0000      2.0000      2.0000

    irrep                 44a         45a         46a         47a         48a   
 eigenvalues H         -0.01576    -0.00884     0.01991     0.03531     0.05866
            eV          -0.4287     -0.2404      0.5418      0.9608      1.5962
 
 
 
 
 ==============================================================================
                           electrostatic moments
 ==============================================================================

 reference point for electrostatic moments:    0.00000   0.00000   0.00000

 
              nuc           elec       ->  total
 ------------------------------------------------------------------------------
                          charge      
 ------------------------------------------------------------------------------
          86.000000     -86.000000       0.000000
 
 ------------------------------------------------------------------------------
                       dipole moment  
 ------------------------------------------------------------------------------
   x     -14.088750      13.280803      -0.807946
   y      25.775400     -25.231369       0.544032
   z     -57.757427      58.150760       0.393333
 
   | dipole moment | =     1.0505 a.u. =     2.6700 debye 
 
 ------------------------------------------------------------------------------
                     quadrupole moment
 ------------------------------------------------------------------------------
  xx     944.475492    -990.378253     -45.902761
  yy     645.509847    -692.818145     -47.308298
  zz     370.989369    -419.891248     -48.901879
  xy    -603.833277     599.778901      -4.054376
  xz     119.453212    -120.827971      -1.374759
  yz     -61.643831      61.405524      -0.238307
 
     1/3  trace=     -47.370979
     anisotropy=       7.868228
 
 ==============================================================================
 
HOMO-LUMO Separation
 HOMO         :   -0.27247469 H =     -7.41442 eV
 LUMO         :   -0.01575569 H =     -0.42873 eV
 HOMO-LUMO gap:    0.25671900 H =     +6.98568 eV
 
 ==============================================================================


    ------------------------------------------------------------------------
         total  cpu-time :  1 minutes and 34 seconds
         total wall-time :   6.00 seconds
    ------------------------------------------------------------------------

   ****  ridft : all done  ****


    2026-04-15 19:55:58.926 

 ridft ended normally
